   batch        P accept         n0 mean            +/-     n0 std dev          E mean            +/-      E std dev          P mean            +/-      P std dev
    init        0.505776         93.8295     0.00510523        5.10523         5019.07      0.0143918        14.3918      0.00527249    0.000941514       0.941513
    init        0.505814         93.8876     0.00495165        4.95165         5019.12      0.0133008        13.3008      0.00145489     0.00094122       0.941219
  accept        0.500018         94.0727     0.00461742        4.61742         5018.76      0.0128451        12.8451     -0.00516278    0.000930178       0.930177
  accept        0.500104         94.2064     0.00473329        4.73329         5018.75      0.0131134        13.1134     -0.00317217    0.000931871        0.93187
  accept        0.499927         93.8901     0.00490224        4.90224         5018.93      0.0130331        13.0331     0.000298977    0.000934108       0.934107
       1        0.499824         93.8015     0.00505654        5.05654         5019.11      0.0132515        13.2515     -0.00130623    0.000943851       0.943851
       2        0.500061         94.1492     0.00458182        4.58181         5018.75      0.0129463        12.9463      0.00260738    0.000929914       0.929914
       3        0.500126         94.1174     0.00459082        4.59082         5018.73      0.0129494        12.9493     -0.00285145    0.000924162       0.924162
       4        0.499836         94.0401     0.00469594        4.69594         5018.99      0.0131182        13.1182      -0.0056849     0.00093479        0.93479
       5        0.500291         93.8528     0.00478817        4.78817         5019.26      0.0132372        13.2371      -0.0073812    0.000950529       0.950528
       6        0.499629         94.0123     0.00479878        4.79878         5018.86      0.0130263        13.0263     -0.00374022    0.000930846       0.930845
       7         0.50005         93.6511     0.00518274        5.18274         5019.29      0.0131904        13.1904      0.00181207    0.000946248       0.946248
       8        0.500179         93.7816     0.00494961        4.94961         5019.23      0.0132816        13.2816     -0.00340485    0.000946449       0.946448
   total        0.500046         93.9259     0.00342072        4.83763         5019.03     0.00928317        13.1284     -0.00238864    0.000663627       0.938509

    mode      occupation             +/-         std dev
      -2        0.598683     0.000418452         0.59178
      -1         2.44003      0.00174271         2.46456
       0         93.9259      0.00342072         4.83763
       1         2.43574      0.00173902         2.45934
       2        0.599636     0.000419885        0.593807
