-0.016863854313740618 1 [0, 0, 3] 3 0
find opposite
-0.033727708627481236 -1 [3, 0, 0] 3 0
find 0
-0.02529578147061093 -1 [3, 0, 0] 9 0
-0.02107981789217577 0 [0, 3, 0] 3 0
find lower bound
-0.02318779968139335 0 [0, 3, 0] 7 0
-0.02424179057600214 -1 [2, 1, 0] 24 0
-0.023714795128697744 0 [0, 3, 0] 10 0
-0.023978292852349942 0 [0, 3, 0] 19 0
-0.024110041714176043 0 [1, 2, 0] 23 0
-0.024175916145089092 0 [0, 3, 0] 24 0
-0.024208853360545617 0 [0, 3, 0] 24 0
-0.02422532196827388 -1 [2, 1, 0] 24 0
-0.024217087664409748 0 [0, 3, 0] 24 0
-0.024221204816341813 0 [0, 3, 0] 24 0
-0.024223263392307848 0 [0, 3, 0] 20 0
-0.024224292680290863 0 [0, 3, 0] 21 0
find upper bound
-0.018971836102958196 1 [0, 0, 3] 6 0
-0.020025826997566984 0 [0, 3, 0] 24 0
-0.01949883155026259 1 [0, 0, 3] 21 0
-0.01976232927391479 1 [0, 1, 2] 20 0
-0.019894078135740886 0 [0, 3, 0] 24 0
-0.019828203704827838 1 [0, 0, 3] 19 0
-0.019861140920284362 1 [0, 1, 2] 24 0
-0.019877609528012624 1 [0, 1, 2] 20 0
-0.019885843831876755 0 [0, 2, 1] 24 0
-0.01988172667994469 0 [0, 2, 1] 24 0
-0.019879668103978655 1 [0, 1, 2] 24 0
-0.019880697391961674 0 [0, 2, 1] 24 0
(-0.024224807324282373, -0.019880182747970165)
-0.022052495036126267

