-0.0010514282189704306 1 [3.10579, 6.60618, 10.214]
find opposite
-0.0021028564379408613 1 [-7.5244, -3.9585, -0.578278]
-0.0042057128758817225 1 [-33.7367, -30.1993, -26.8468]
-0.008411425751763445 1 [-129.652, -126.364, -122.845]
-0.01682285150352689 0 [-393.448, -396.305, -394.98]
-0.03364570300705378 -1 [-1015.22, -1058.37, -1079.32]
find lower bound
-0.025234277255290337 -1 [-696.18, -715.749, -722.29]
-0.021028564379408615 -1 [-541.951, -551.901, -553.86]
-0.01892570794146775 0 [-466.732, -473.091, -472.979]
-0.019977136160438183 -1 [-504.136, -512.211, -513.024]
-0.019451422050952967 -1 [-485.428, -492.634, -493.021]
-0.01918856499621036 -1 [-476.166, -482.798, -483.042]
-0.019057136468839053 -1 [-471.375, -477.844, -477.909]
-0.018991422205153402 -1 [-469.12, -475.49, -475.621]
-0.018958565073310576 0 [-468.019, -474.329, -474.221]
-0.01897499363923199 -1 [-468.551, -474.751, -474.778]
-0.018966779356271283 -1 [-468.306, -474.407, -474.532]
-0.018962672214790928 0 [-468.114, -474.32, -474.25]
find upper bound
-0.012617138627645168 1 [-253.929, -252.48, -249.538]
-0.01471999506558603 0 [-322.398, -322.709, -320.199]
-0.013668566846615599 1 [-287.681, -287.131, -284.305]
-0.014194280956100813 1 [-304.895, -304.734, -302.331]
-0.014457138010843421 1 [-313.631, -313.523, -311.196]
-0.014588566538214725 0 [-317.969, -318.1, -315.776]
-0.014522852274529072 0 [-315.74, -315.944, -313.403]
-0.014489995142686247 0 [-314.656, -314.809, -312.479]
-0.014473566576764834 0 [-314.225, -314.316, -311.741]
-0.014465352293804128 0 [-313.863, -313.989, -311.519]
-0.014461245152323774 0 [-313.665, -313.815, -311.304]
-0.014459191581583597 0 [-313.693, -313.774, -311.42]
(-0.018962672214790928, -0.014459191581583597)
-0.016710931898187262
