-0.0014398596749499574 1 [-11.0541, -7.55997, -4.12376]
find opposite
-0.002879719349899915 1 [-26.0778, -22.6608, -19.2414]
-0.00575943869979983 0 [-67.2289, -70.9827, -68.9346]
-0.01151887739959966 -1 [-170.897, -209.332, -223.29]
find lower bound
-0.008639158049699745 -1 [-117.893, -137.157, -141.058]
-0.0071992983747497874 -1 [-92.0834, -102.978, -103.268]
-0.006479368537274809 0 [-79.487, -86.6431, -85.584]
-0.006839333456012299 0 [-85.7716, -94.716, -94.3238]
-0.0070193159153810435 0 [-88.9245, -98.8074, -98.7471]
-0.007109307145065415 -1 [-90.5183, -100.891, -100.946]
-0.007064311530223229 -1 [-89.7017, -99.8396, -99.8918]
-0.007041813722802137 0 [-89.3059, -99.3628, -99.2928]
-0.007053062626512683 -1 [-89.5063, -99.6025, -99.6664]
-0.00704743817465741 0 [-89.4173, -99.4493, -99.4148]
-0.007050250400585046 -1 [-89.4717, -99.5538, -99.5831]
-0.0070488442876212275 0 [-89.4418, -99.5134, -99.4481]
find upper bound
-0.004319579024849873 1 [-44.4113, -42.921, -39.7009]
-0.005039508862324851 0 [-55.4611, -56.3224, -53.4751]
-0.004679543943587362 1 [-49.8074, -49.4337, -46.3187]
-0.004859526402956107 0 [-52.5936, -52.8501, -49.7367]
-0.004769535173271735 1 [-51.2198, -51.1207, -48.1293]
-0.0048145307881139205 0 [-51.9146, -51.9487, -49.0377]
-0.004792032980692827 0 [-51.558, -51.6214, -48.5284]
-0.004780784076982281 1 [-51.3866, -51.385, -48.2773]
-0.004786408528837554 1 [-51.4623, -51.4335, -48.5469]
-0.004789220754765191 1 [-51.5226, -51.4709, -48.48]
-0.004790626867729009 1 [-51.5494, -51.4666, -48.5518]
-0.004791329924210918 1 [-51.5447, -51.5087, -48.578]
(-0.0070488442876212275, -0.004792032980692827)
-0.005920438634157027
