-0.00110982846005714 1 [-4.21618, -0.759733, 2.68474]
find opposite
-0.00221965692011428 1 [-15.6106, -12.0802, -8.67732]
-0.00443931384022856 1 [-45.0291, -41.8177, -38.353]
-0.00887862768045712 0 [-142.949, -147.559, -146.166]
-0.01775725536091424 -1 [-374.533, -419.019, -437.889]
find lower bound
-0.013317941520685678 -1 [-256.135, -277.977, -284.109]
-0.011098284600571398 -1 [-198.54, -210.953, -212.443]
-0.00998845614051426 0 [-170.45, -178.662, -178.412]
-0.010543370370542829 -1 [-184.433, -194.571, -195.355]
-0.010265913255528544 -1 [-177.389, -186.645, -186.865]
-0.010127184698021402 -1 [-173.935, -182.559, -182.766]
-0.01005782041926783 0 [-172.148, -180.7, -180.528]
-0.010092502558644616 -1 [-173.05, -181.641, -181.676]
-0.010075161488956224 -1 [-172.579, -181.093, -181.125]
-0.010066490954112026 -1 [-172.388, -180.858, -180.907]
-0.010062155686689929 -1 [-172.27, -180.731, -180.796]
-0.01005998805297888 0 [-172.27, -180.706, -180.646]
find upper bound
-0.006658970760342839 1 [-90.6301, -89.9975, -86.9211]
-0.007768799220399979 0 [-116.272, -117.827, -115.433]
-0.007213884990371409 0 [-103.301, -103.626, -100.881]
-0.006936427875357124 1 [-96.9542, -96.6737, -93.8253]
-0.007075156432864266 0 [-100.093, -100.152, -97.2568]
-0.007005792154110695 1 [-98.4872, -98.4157, -95.6181]
-0.0070404742934874805 1 [-99.3184, -99.3125, -96.4029]
-0.007057815363175873 0 [-99.6976, -99.7152, -96.9037]
-0.007049144828331677 0 [-99.5209, -99.5576, -96.714]
-0.007044809560909578 1 [-99.4567, -99.4007, -96.5165]
-0.007046977194620628 0 [-99.4319, -99.5578, -96.5916]
-0.007045893377765103 0 [-99.4063, -99.4516, -96.5389]
(-0.01005998805297888, -0.007045893377765103)
-0.008552940715371993
