-0.01663662476233777 1 [0, 0, 3] 4 0
find opposite
-0.03327324952467554 -1 [3, 0, 0] 3 0
find 0
-0.024954937143506654 -1 [3, 0, 0] 3 0
-0.020795780952922213 0 [0, 3, 0] 3 0
find lower bound
-0.022875359048214434 0 [0, 3, 0] 24 0
-0.023915148095860546 -1 [3, 0, 0] 6 0
-0.02339525357203749 -1 [3, 0, 0] 15 0
-0.02313530631012596 -1 [2, 1, 0] 24 0
-0.023005332679170196 0 [1, 2, 0] 24 0
-0.02307031949464808 -1 [2, 1, 0] 24 0
-0.023037826086909137 -1 [3, 0, 0] 24 0
-0.023021579383039666 -1 [2, 1, 0] 24 0
-0.023013456031104933 -1 [2, 1, 0] 24 0
-0.023009394355137564 0 [0, 3, 0] 24 0
-0.02301142519312125 0 [1, 2, 0] 24 0
-0.02301244061211309 0 [1, 2, 0] 24 0
find upper bound
-0.01871620285762999 0 [0, 3, 0] 9 0
-0.01767641380998388 1 [0, 0, 3] 16 0
-0.018196308333806935 0 [0, 2, 1] 24 0
-0.017936361071895408 1 [0, 1, 2] 24 0
-0.01806633470285117 0 [0, 2, 1] 24 0
-0.018001347887373287 1 [0, 1, 2] 19 0
-0.018033841295112228 0 [0, 2, 1] 24 0
-0.018017594591242758 1 [0, 1, 2] 24 0
-0.01802571794317749 1 [0, 1, 2] 19 0
-0.01802977961914486 1 [0, 1, 2] 24 0
-0.018031810457128546 0 [0, 3, 0] 24 0
-0.018030795038136704 1 [0, 0, 3] 24 0
(-0.023012948321609012, -0.018031302747632625)
-0.02052212553462082
