   batch        P accept         n0 mean            +/-     n0 std dev          E mean            +/-      E std dev          P mean            +/-      P std dev
    init        0.505092         10.6441     0.00945767        9.45767         5437.61        0.52431         524.31         1.49465       0.078501        78.5009
    init        0.505327         10.6927     0.00952277        9.52277         5443.88       0.534129        534.128       -0.175988      0.0788107        78.8107
  accept        0.499684         10.4262     0.00928979        9.28978         5435.29       0.534231        534.231        -1.21462      0.0789798        78.9797
  accept        0.500158         10.2436     0.00923744        9.23744         5449.47       0.526805        526.805       -0.601062      0.0785271         78.527
  accept        0.500074         10.7639     0.00955565        9.55565         5435.74       0.531946        531.945         1.16219      0.0782646        78.2645
  accept        0.500225         10.6668     0.00944768        9.44768         5434.81       0.533175        533.175        -2.35063       0.078433         78.433
  accept        0.499886         10.5474      0.0095239         9.5239         5441.98       0.530465        530.465        -2.63256       0.078714        78.7139
  accept        0.499841         10.5068     0.00925422        9.25421         5431.12       0.533247        533.246         1.10129      0.0788666        78.8666
  accept        0.500025         10.7275     0.00943755        9.43755         5431.27       0.531671         531.67         1.29535      0.0783561        78.3561
  accept        0.499994          10.612     0.00943008        9.43007         5432.94       0.525913        525.913       -0.606068      0.0782407        78.2406
  accept         0.49988         10.4757     0.00935743        9.35743         5438.35       0.533709        533.709        0.780567      0.0788704        78.8704
  accept        0.500195         10.4576     0.00929362        9.29362         5441.15       0.530703        530.703      -0.0546216      0.0786215        78.6215
       1        0.500298         10.7645     0.00954568        9.54567         5433.15         0.5352          535.2        0.326651      0.0789347        78.9347
       2        0.499353         10.4489       0.009197          9.197         5440.42       0.530964        530.963       -0.627326      0.0790758        79.0757
       3        0.499971         10.7518     0.00953245        9.53245         5426.19       0.530164        530.164         1.01684       0.078462         78.462
       4        0.500453         10.7321     0.00948766        9.48766         5430.26       0.532809        532.808       -0.273649      0.0784354        78.4353
       5        0.499741         10.6484     0.00936216        9.36216         5429.95       0.527159        527.159        -1.42996      0.0784017        78.4017
       6        0.500007         10.4973     0.00930419        9.30419         5436.11       0.531118        531.117        0.392344      0.0785499        78.5498
       7        0.500233         10.7174     0.00940457        9.40456          5436.5       0.534016        534.016       -0.318671      0.0786981        78.6981
       8        0.499633         10.5602     0.00921252        9.21251         5429.61       0.533507        533.507         1.00694      0.0782028        78.2027
   total        0.499984         10.6381     0.00663433        9.38236         5432.88       0.376209         532.04      0.00648011      0.0555766        78.5971

    mode      occupation             +/-         std dev
     -10          1.3705     0.000973725         1.37705
      -9         1.63634      0.00115863         1.63855
      -8         1.99015      0.00140794         1.99113
      -7         2.45384      0.00172663         2.44182
      -6         3.10038      0.00218654         3.09223
      -5         3.94461        0.002756         3.89757
      -4         5.12862      0.00353917         5.00514
      -3         6.63339      0.00449367         6.35501
      -2         8.41902      0.00554656         7.84401
      -1         9.97333      0.00634305         8.97043
       0         10.6381      0.00663433         9.38236
       1         10.0615      0.00641201         9.06796
       2         8.41868      0.00551655         7.80158
       3         6.62223      0.00445909          6.3061
       4         5.10775      0.00353372         4.99743
       5         3.95279       0.0027639         3.90874
       6         3.09334      0.00217807         3.08026
       7         2.46019      0.00173641         2.45565
       8         1.97895      0.00140575         1.98802
       9         1.64776      0.00116285         1.64452
      10         1.36847     0.000968169          1.3692
