   batch        P accept         n0 mean            +/-     n0 std dev          E mean            +/-      E std dev          P mean            +/-      P std dev
    init        0.498952         6.64645     0.00589474        5.89474          2692.9       0.038554        38.5539        -96.7105     0.00361388        3.61388
    init         0.49907         6.35484     0.00573138        5.73137         2691.76      0.0396774        39.6774         96.7558     0.00364037        3.64037
    init        0.498673         83.7407      0.0111671        11.1671          2589.8      0.0372823        37.2822     -0.00476141     0.00346137        3.46137
       1        0.500016          84.614      0.0102792        10.2792         2588.54      0.0368185        36.8185      -0.0365899     0.00341732        3.41731
       2        0.499936         84.8783      0.0102343        10.2343         2587.79      0.0366283        36.6283       0.0238781     0.00337364        3.37364
       3        0.500059         84.2626      0.0107021        10.7021         2588.87      0.0371035        37.1034     -0.00787309     0.00343365        3.43365
       4        0.499913          84.243      0.0105637        10.5637          2588.9      0.0367318        36.7318       0.0147786     0.00342254        3.42253
       5        0.499886         85.0468      0.0100863        10.0863         2587.72      0.0364234        36.4234      -0.0178068      0.0033697         3.3697
       6        0.500355         84.3287      0.0108755        10.8755         2589.24      0.0372404        37.2404      -0.0306242      0.0034519         3.4519
       7        0.499755         84.9473      0.0101441        10.1441          2588.1      0.0366329        36.6329        0.010212     0.00336804        3.36804
       8        0.500117         84.4105       0.010699         10.699         2588.92      0.0370488        37.0487     -0.00456028     0.00343866        3.43866
   total        0.500154         84.5913     0.00739362        10.4562         2588.51      0.0260463         36.835       -0.006221     0.00241113        3.40986

    mode      occupation             +/-         std dev
      -3        0.694328     0.000490697         0.69395
      -2         1.59019      0.00107608         1.52181
      -1         5.41874      0.00361743         5.11582
       0         84.5913      0.00739362         10.4562
       1         5.42495      0.00364435         5.15389
       2         1.59039      0.00107548         1.52096
       3        0.690056      0.00048747        0.689387
