   batch        P accept         n0 mean            +/-     n0 std dev          E mean            +/-      E std dev          P mean            +/-      P std dev
    init        0.499501         43.3783      0.0258613        25.8613         2971.33       0.148164        148.164         1.43973      0.0440853        44.0853
    init        0.499238         48.3717      0.0246349        24.6349         2960.45        0.14868         148.68        0.272083      0.0361792        36.1792
    init        0.499272         47.1164       0.025223         25.223         2961.73        0.15008         150.08        -1.26902      0.0403187        40.3186
    init        0.499335         46.3552      0.0251366        25.1366         2965.66       0.150809        150.809        -1.74621      0.0393881        39.3881
    init        0.499381         48.3536      0.0245391        24.5391         2960.38       0.147826        147.826        -4.93429      0.0364616        36.4616
    init         0.49934          47.565      0.0246239        24.6239         2967.11       0.151418        151.418        0.397224      0.0388177        38.8177
    init        0.499301          48.005      0.0254567        25.4567         2960.73       0.149047        149.047       -0.394569      0.0387098        38.7098
    init        0.499076         47.4509      0.0249958        24.9958         2962.82       0.146674        146.674       -0.898625      0.0395771        39.5771
    init        0.499359         43.9831      0.0251041        25.1041         2973.19       0.150966        150.966         1.77789       0.042787        42.7869
    init        0.499161         45.8862      0.0256664        25.6664         2964.73       0.149446        149.446         1.45991      0.0412293        41.2293
    init        0.499344         45.5399      0.0255327        25.5327         2967.23       0.147437        147.437        -2.69829      0.0412081        41.2081
    init        0.499086         47.9568       0.025342         25.342         2959.81        0.15032         150.32        0.120975      0.0374675        37.4675
    init        0.499248         49.3876      0.0244627        24.4627         2955.28       0.146344        146.344         1.21676      0.0342787        34.2786
    init        0.499199         47.4186      0.0248555        24.8555         2959.26        0.14644         146.44         3.94696      0.0385306        38.5306
    init        0.499187         44.4246      0.0252682        25.2681         2971.39       0.148433        148.433        -3.19782      0.0427499        42.7498
    init        0.499229         45.0495      0.0255406        25.5406         2968.03       0.150455        150.455       -0.478112       0.041475         41.475
    init        0.499375         46.9811      0.0250426        25.0426          2964.7       0.149337        149.336           1.882      0.0391303        39.1303
    init        0.499365         46.5069      0.0246816        24.6816         2967.29       0.150817        150.817        0.855268       0.039902         39.902
    init        0.499409         44.0199      0.0257893        25.7893         2970.21       0.150235        150.235         3.57369      0.0431794        43.1794
    init        0.499444         46.1966      0.0253379        25.3379          2965.4       0.147769        147.769         2.44171      0.0394139        39.4139
    init        0.499401         44.6517      0.0260122        26.0122         2969.26       0.147736        147.736         3.78774      0.0432107        43.2107
    init        0.499372         47.3496      0.0249236        24.9236         2961.94       0.148343        148.342          3.9136      0.0371243        37.1243
    init        0.499353         47.7942      0.0244632        24.4631         2962.98       0.148822        148.822        -1.38571       0.036342         36.342
    init        0.499335         44.4853      0.0250619        25.0619         2971.83        0.15161         151.61        -1.05588        0.04194        41.9399
    init        0.499371         46.1083      0.0250713        25.0713            2966       0.148172        148.172         1.32884      0.0398723        39.8723
    init        0.499434         47.0636      0.0250267        25.0267         2963.06       0.150181        150.181        0.300201      0.0393541        39.3541
    init        0.499284         47.8253       0.024323         24.323          2964.5        0.14844         148.44         1.26534      0.0365795        36.5795
    init        0.499108         46.0882      0.0253891        25.3891         2969.11       0.149826        149.826       -0.391666      0.0422064        42.2063
    init        0.499243         46.2726      0.0251765        25.1765         2964.83       0.147666        147.666        -4.12758      0.0397642        39.7642
    init        0.499278         45.9244       0.024964         24.964         2965.31       0.146253        146.253         0.60751      0.0395535        39.5534
    init        0.499185         48.3684      0.0245222        24.5222         2958.24       0.145328        145.328          0.8324      0.0347846        34.7846
    init        0.499244         46.8872      0.0251404        25.1403         2966.76       0.153588        153.588        -2.80729      0.0392679        39.2679
    init        0.499273         47.3876      0.0244151        24.4151         2964.73       0.146689        146.689        -2.96028      0.0381855        38.1855
    init        0.499291         48.3597      0.0250384        25.0384            2959       0.149578        149.578        -1.14158      0.0384748        38.4748
    init        0.499307         47.2682      0.0252641        25.2641         2959.36       0.148555        148.555        -3.42212      0.0392251         39.225
    init        0.499207         47.2794      0.0246417        24.6417         2967.45       0.151432        151.432        0.615412      0.0386966        38.6966
    init        0.499061         49.1367       0.024991         24.991         2956.29        0.14702         147.02        -1.21779      0.0348349        34.8349
    init        0.499093         47.9153      0.0247412        24.7412         2964.99       0.149895        149.895        -2.56266      0.0374173        37.4173
    init        0.499359         47.2662      0.0252147        25.2147         2960.28       0.146511        146.511        0.342319      0.0381057        38.1056
    init         0.49929         48.1594      0.0246431        24.6431         2963.64       0.148126        148.126         4.11895      0.0354084        35.4084
    init        0.499146         44.5165      0.0250875        25.0875         2973.08       0.151658        151.658         3.98342       0.041124         41.124
    init        0.499168         49.6635      0.0244319        24.4319         2960.76       0.148683        148.683         2.48106      0.0359042        35.9042
    init        0.499322         45.7834      0.0251573        25.1573         2967.49        0.14823         148.23         1.11771      0.0398532        39.8532
    init        0.499265         45.6245      0.0256036        25.6036         2966.84       0.149092        149.092         1.56183      0.0412833        41.2833
    init        0.499201         47.1026      0.0249749        24.9749         2962.15       0.147983        147.982        -2.35468      0.0390077        39.0077
    init        0.498906         48.4254      0.0243258        24.3258         2959.09       0.148038        148.038       -0.616428      0.0373354        37.3354
    init        0.499175         46.5598      0.0249273        24.9273         2967.93       0.150625        150.625         6.36215       0.038707        38.7069
    init        0.499272         46.7877      0.0243161        24.3161         2963.36       0.146136        146.136         1.30858      0.0366545        36.6545
    init        0.499181         44.9832      0.0248802        24.8802         2972.02       0.150742        150.742        -7.03207      0.0400074        40.0074
    init        0.499244         47.9427      0.0245602        24.5602         2964.76       0.149899        149.899         3.47642      0.0362128        36.2128
    init         0.49898         47.1933      0.0247208        24.7208         2962.31       0.147305        147.305         2.75713      0.0365571        36.5571
    init        0.499321         46.3405      0.0250709        25.0709         2965.37        0.14714         147.14        0.566547      0.0409193        40.9193
    init        0.499339          46.516      0.0252593        25.2592         2963.73       0.146919        146.918         3.54325      0.0417647        41.7647
    init        0.498984          47.174      0.0247392        24.7392         2960.98       0.147115        147.115         1.13044      0.0390145        39.0145
    init        0.499348         47.6377      0.0247852        24.7851         2960.74       0.149038        149.038         2.12313      0.0365462        36.5462
    init        0.499581         45.1438      0.0249305        24.9305         2974.85       0.153274        153.274        0.953571      0.0413566        41.3566
    init         0.49927         47.3829      0.0245808        24.5808         2963.59       0.149199        149.199        -1.44994       0.037699         37.699
    init         0.49933         49.5354      0.0245819        24.5818         2955.55       0.148633        148.633         1.46134      0.0366283        36.6283
    init        0.499342         48.3304      0.0248132        24.8132         2962.01       0.149555        149.555         4.19029      0.0371975        37.1975
    init        0.499517         45.7451      0.0251329        25.1329         2965.37       0.150401        150.401      -0.0469278      0.0397607        39.7607
       1        0.499523         47.3542      0.0254266        25.4266         2960.84       0.145534        145.534         -1.3125      0.0406078        40.6078
       2        0.499941         46.4761      0.0247791        24.7791         2967.19       0.147497        147.497         1.40912      0.0386202        38.6201
       3        0.500163         44.6994      0.0255096        25.5096         2968.11       0.148789        148.789        0.245745      0.0409964        40.9964
       4        0.500052         43.2339      0.0249525        24.9525         2975.01        0.14862        148.619         2.54465      0.0417431        41.7431
       5        0.500092         48.0846      0.0244687        24.4687         2963.13       0.148928        148.928        0.435322      0.0383041         38.304
       6        0.500076         47.4079      0.0246249        24.6249         2962.08       0.148474        148.474        0.469581      0.0383446        38.3446
       7        0.499989         47.5835      0.0248524        24.8523         2963.87       0.148402        148.402        0.536305      0.0373746        37.3746
       8        0.499818         43.0535      0.0256051        25.6051          2974.3       0.150567        150.567        -2.35517      0.0429827        42.9827
   total        0.500364         45.9862      0.0177495        25.1016          2966.8       0.104944        148.414        0.250379      0.0282413        39.9392

    mode      occupation             +/-         std dev
      -5         0.98071     0.000707973         1.00123
      -4         1.50962      0.00108927         1.54046
      -3          2.5905        0.001901         2.68841
      -2          5.4772      0.00420518         5.94702
      -1         16.3655       0.0118838         16.8062
       0         45.9862       0.0177495         25.1016
       1         16.4948       0.0121502         17.1829
       2         5.48718      0.00412214         5.82959
       3         2.60266       0.0018898         2.67259
       4         1.52164      0.00109827         1.55319
       5        0.984009     0.000706746         0.99949
