   batch        P accept         n0 mean            +/-     n0 std dev          E mean            +/-      E std dev          P mean            +/-      P std dev
    init        0.500333         31.6323      0.0215404        21.5404         3316.89        0.22255         222.55        0.442838      0.0494537        49.4537
    init        0.500524         29.5979      0.0213142        21.3142         3333.19       0.225517        225.517        0.360191      0.0508477        50.8477
    init        0.500463         30.2724      0.0210153        21.0153         3327.13       0.223821        223.821          3.7765      0.0508069        50.8068
    init        0.500255         30.8876      0.0219508        21.9507         3316.26       0.222087        222.087         1.39642      0.0491345        49.1345
    init        0.500374         31.3327      0.0215992        21.5992         3323.63        0.22658         226.58         2.55265      0.0496819        49.6819
    init        0.500412         31.2306      0.0218072        21.8072         3318.07       0.221941        221.941        -3.18314      0.0497956        49.7956
    init        0.500342         29.4246      0.0213591        21.3591          3323.8       0.222941        222.941        -2.88146      0.0510611        51.0611
    init        0.500314         29.9601      0.0216025        21.6025         3326.83       0.225494        225.494        -1.91618      0.0506291        50.6291
    init        0.500528         30.7828      0.0211104        21.1104          3325.5       0.226129        226.129        -1.76229      0.0502431         50.243
    init        0.500435          30.908      0.0217908        21.7908         3319.62       0.224941        224.941        0.991815       0.049467         49.467
    init        0.500368         29.7457      0.0218488        21.8488         3322.68       0.223601        223.601        0.190465      0.0503118        50.3117
    init        0.500145         29.8744      0.0214316        21.4316         3326.02       0.222811         222.81       -0.753469      0.0503989        50.3989
    init        0.500515         30.0403      0.0218617        21.8617         3325.97       0.222861        222.861         0.62502      0.0515637        51.5637
    init        0.500518         30.6558      0.0215223        21.5223         3322.28       0.222268        222.268       -0.907311      0.0508209        50.8209
    init        0.500384         29.1543      0.0207954        20.7954         3327.02       0.219761        219.761         1.16766      0.0506672        50.6672
    init        0.500349         30.2865      0.0212327        21.2326         3319.34       0.220123        220.123        0.196024      0.0499119        49.9119
    init        0.500376         29.4714       0.021106         21.106         3327.61        0.22334         223.34         1.78985      0.0491103        49.1103
    init        0.500662         30.4994      0.0212832        21.2832         3323.14       0.222901        222.901       -0.821975       0.050098        50.0979
    init        0.500623         30.1341      0.0211054        21.1053         3325.32       0.222009        222.009       -0.755628      0.0499051        49.9051
    init        0.500348         31.0835      0.0214242        21.4242         3325.96       0.226992        226.992        0.592013      0.0493833        49.3833
    init        0.500443         32.0982      0.0218611        21.8611         3314.12       0.224006        224.005         1.16571      0.0493774        49.3774
    init          0.5005         31.3945      0.0215915        21.5915         3316.91       0.221216        221.216         2.74267      0.0488452        48.8452
    init         0.50053         29.3269      0.0212727        21.2727         3322.31       0.220313        220.313        0.697889      0.0509781         50.978
    init        0.500601         32.9586      0.0218165        21.8165         3316.12       0.223019        223.019        -2.24477      0.0489858        48.9858
    init         0.50047         29.4395      0.0212266        21.2266         3324.33       0.222842        222.842        -1.83447      0.0508391        50.8391
    init        0.500467         29.4476      0.0212841        21.2841         3326.62       0.221542        221.542        0.789804      0.0520211        52.0211
    init         0.50031         30.5392       0.020995         20.995         3320.73       0.221846        221.846        -0.83576      0.0506336        50.6336
    init        0.500687         32.3162      0.0218646        21.8646         3316.09       0.221287        221.287         1.63657      0.0501004        50.1004
    init        0.500533         31.9081      0.0217844        21.7844         3312.83       0.220931        220.931        -2.25863      0.0499276        49.9275
    init        0.500351         31.6203      0.0212049        21.2049         3316.94       0.222303        222.303        0.063148      0.0498723        49.8723
       1        0.500003         32.1458      0.0216264        21.6263         3315.43       0.220225        220.225         -2.2188      0.0478762        47.8762
       2        0.500177         32.0454      0.0215088        21.5088         3318.97       0.221644        221.644       -0.632897      0.0497196        49.7196
       3        0.499999         29.3209      0.0211865        21.1865         3325.98       0.222127        222.127         1.97579      0.0517356        51.7355
       4        0.500059         31.4485      0.0217586        21.7586         3318.24       0.222317        222.317         1.14832      0.0499928        49.9928
       5        0.499604         30.9701      0.0221337        22.1337         3311.81        0.22136         221.36       0.0793875      0.0495946        49.5946
       6        0.500002         30.3934      0.0210928        21.0928         3323.04        0.22106         221.06       -0.372605      0.0516752        51.6752
       7        0.500507         29.5586      0.0213786        21.3786         3331.86       0.223554        223.554        -3.89226       0.052532         52.532
       8        0.499955          30.296      0.0214656        21.4656         3323.53       0.222527        222.527        0.436038      0.0503632        50.3631
   total        0.500097          30.772      0.0152338        21.5439         3321.12       0.156944        221.953       -0.438923      0.0357001        50.4876

    mode      occupation             +/-         std dev
      -6         1.13889     0.000817176         1.15566
      -5         1.60257       0.0011497         1.62593
      -4         2.41037      0.00174139         2.46269
      -3         3.97176      0.00288172         4.07536
      -2         7.80315      0.00566389         8.00995
      -1         17.8717       0.0117343         16.5948
       0          30.772       0.0152338         21.5439
       1         17.5428        0.011464         16.2126
       2         7.75764      0.00571479         8.08194
       3         3.99054      0.00289179         4.08961
       4         2.41422       0.0017448         2.46752
       5         1.59139      0.00114426         1.61823
       6         1.13308     0.000811893         1.14819
