   batch        P accept         n0 mean            +/-     n0 std dev          E mean            +/-      E std dev          P mean            +/-      P std dev
    init        0.501699          21.027      0.0167986        16.7985         3765.49       0.294829        294.829       -0.383852      0.0582243        58.2243
    init        0.501695         20.6952      0.0165966        16.5966         3761.09       0.293631        293.631         -1.5066      0.0581643        58.1643
    init        0.501639         21.2425      0.0171119        17.1119         3758.37        0.29651         296.51        0.260318      0.0581459        58.1459
    init        0.501755         21.1363      0.0169924        16.9924         3760.22       0.297911        297.911        -1.54196      0.0577387        57.7387
    init        0.501976          21.337      0.0168612        16.8612         3763.75       0.299236        299.236        0.574855       0.058256        58.2559
    init        0.501686          20.784      0.0166681        16.6681         3764.28        0.29669         296.69       0.0676258      0.0580429        58.0429
       1        0.500054         22.3416      0.0172615        17.2614         3759.22       0.295378        295.378         1.91697      0.0569834        56.9834
       2        0.500294         21.2654      0.0167108        16.7107         3765.26       0.296894        296.894       -0.551786      0.0582784        58.2783
       3        0.499923         20.5028      0.0164613        16.4613          3770.7         0.3018          301.8        -1.98361      0.0581464        58.1464
       4        0.499903         21.5713      0.0171919        17.1919         3767.53       0.297299        297.299       -0.962552      0.0583711         58.371
       5        0.499877         20.9508       0.016772         16.772         3764.43       0.296865        296.865        -1.36392      0.0584458        58.4458
       6        0.499783         21.7161      0.0170837        17.0837         3758.74       0.295752        295.751         -2.5302      0.0581829        58.1829
       7        0.500035         21.3479       0.016883         16.883         3756.41       0.292507        292.507        -1.37997      0.0566153        56.6152
       8         0.50022         21.2308      0.0166741        16.6741         3758.94        0.29409         294.09        -1.02184      0.0582563        58.2563
   total        0.500063         21.3657      0.0119432        16.8902         3762.65       0.209583        296.395       -0.978305      0.0409617        57.9286

    mode      occupation             +/-         std dev
      -7         1.24462      0.00088483         1.25134
      -6         1.65363      0.00117913         1.66754
      -5         2.30257       0.0016531         2.33784
      -4         3.35385      0.00239947         3.39337
      -3         5.35299      0.00383792         5.42764
      -2         9.26282       0.0063855         9.03046
      -1         16.4558       0.0102051         14.4322
       0         21.3657       0.0119432         16.8902
       1         16.0543       0.0100322         14.1876
       2         9.13394      0.00632383         8.94324
       3         5.29365       0.0037731         5.33596
       4         3.35024      0.00240084         3.39531
       5         2.28018      0.00163248         2.30867
       6         1.65027      0.00117964         1.66827
       7          1.2454     0.000888472         1.25649
