   batch        P accept         n0 mean            +/-     n0 std dev          E mean            +/-      E std dev          P mean            +/-      P std dev
    init        0.502883         16.9643      0.0139724        13.9724         4266.45       0.373948        373.948       -0.264232      0.0642357        64.2357
    init        0.503206         16.1205      0.0135494        13.5494         4267.93       0.372016        372.016       -0.510967      0.0649143        64.9143
    init        0.503075         16.6921      0.0137639        13.7639         4266.04       0.369483        369.483       -0.957602       0.064744         64.744
    init        0.503164         16.3197      0.0133724        13.3724         4272.24       0.370352        370.352       -0.778275      0.0655676        65.5676
    init        0.503141         16.1065      0.0134252        13.4252         4274.84        0.37329        373.289         2.66124      0.0646813        64.6813
    init        0.503393         15.3981      0.0132581        13.2581         4274.66       0.377586        377.586       -0.413146      0.0650187        65.0186
    init         0.50315          16.273      0.0136741        13.6741         4266.19       0.371037        371.036        0.143703      0.0650213        65.0213
  accept        0.499922         16.2234      0.0136183        13.6182         4266.24       0.376877        376.877        -1.53637      0.0653631        65.3631
  accept        0.500121         15.8014      0.0132677        13.2677         4266.99       0.369431        369.431      -0.0543979      0.0651713        65.1713
       1        0.499783         16.1143      0.0134123        13.4123         4259.94       0.373033        373.033        -1.32905      0.0647677        64.7677
       2        0.500206         16.3873      0.0134227        13.4227         4270.95       0.371042        371.042       -0.726105      0.0651786        65.1786
       3        0.499906         16.3524       0.013724         13.724         4265.02       0.372457        372.457        0.173167      0.0643062        64.3062
       4        0.500057         16.2853      0.0137032        13.7032         4272.52       0.373044        373.044        -1.65358        0.06483        64.8299
       5        0.500011         15.8139       0.013341         13.341         4265.73       0.369403        369.403       -0.449943      0.0648628        64.8628
       6        0.499859         16.2765      0.0134661        13.4661         4275.06       0.376573        376.573        -1.24537      0.0652437        65.2437
       7        0.499862         16.0513      0.0136039        13.6039         4274.14       0.375085        375.085      -0.0793318      0.0658332        65.8332
       8        0.499998         15.9552      0.0131483        13.1483         4270.29        0.37078         370.78       -0.061705      0.0648288        64.8287
   total        0.500545         16.1546      0.0095325         13.481         4269.23       0.263535        372.695       -0.670032      0.0459557        64.9911

    mode      occupation             +/-         std dev
      -8         1.31346     0.000937563         1.32591
      -7         1.66921      0.00119394         1.68848
      -6         2.19006      0.00156136          2.2081
      -5         2.97263      0.00210986         2.98379
      -4         4.21211      0.00297855          4.2123
      -3         6.30597      0.00439464         6.21496
      -2         9.55637      0.00636798         9.00569
      -1         13.8573      0.00858487         12.1408
       0         16.1546       0.0095325          13.481
       1         13.7183      0.00852838         12.0609
       2          9.5084      0.00639737         9.04724
       3         6.21067      0.00433645         6.13267
       4         4.21079       0.0029795         4.21365
       5         2.95662      0.00209785         2.96681
       6         2.18888      0.00155578          2.2002
       7         1.66163      0.00118275         1.67266
       8         1.31301      0.00093487         1.32211
