   batch        P accept         n0 mean            +/-     n0 std dev          E mean            +/-      E std dev          P mean            +/-      P std dev
    init        0.504407         12.9597      0.0110185        11.0185         4827.66       0.448675        448.675        -1.88881      0.0721488        72.1488
    init        0.504106         12.7797      0.0112035        11.2035         4827.34       0.453599        453.599       -0.905029       0.072305         72.305
    init        0.504301         12.8926      0.0111927        11.1927         4837.24       0.450543        450.542         1.13894      0.0723001           72.3
    init        0.503928         12.7289      0.0108126        10.8126         4826.05       0.448936        448.936        -1.30336      0.0720196        72.0196
    init        0.504231         13.1873      0.0113422        11.3422         4819.47       0.450546        450.546        0.894256      0.0709962        70.9962
    init        0.503976         12.7785      0.0110332        11.0332         4825.53       0.446971        446.971        0.515478      0.0723973        72.3972
    init        0.504251         12.9352      0.0110838        11.0838         4832.09       0.452443        452.443        0.293445      0.0718624        71.8623
    init        0.504558         12.4446      0.0109313        10.9313         4837.07       0.451415        451.415        -1.38163      0.0718439        71.8439
    init        0.504295         12.9695      0.0112145        11.2145         4834.97       0.451015        451.015       -0.807887      0.0726063        72.6062
    init        0.504481         12.7135      0.0108735        10.8735         4830.97       0.450997        450.997        0.390365      0.0721131        72.1131
    init        0.504265          12.989      0.0113804        11.3804          4829.2       0.450668        450.668       -0.085441      0.0725831         72.583
  accept        0.500047         12.8247      0.0112383        11.2382         4824.56       0.453881        453.881        0.285739      0.0717228        71.7228
  accept        0.499583          12.846      0.0111895        11.1895         4828.16       0.449861        449.861        -0.57991       0.071815        71.8149
  accept        0.500149         12.6324      0.0110365        11.0365         4827.31       0.449791         449.79        0.577709      0.0723529        72.3529
  accept        0.500371          12.887      0.0110098        11.0098         4827.56       0.449042        449.042       -0.349748      0.0719595        71.9595
  accept        0.499837         12.8877      0.0112134        11.2134          4826.9       0.449991         449.99       -0.754701      0.0708387        70.8387
  accept        0.500046         12.7251      0.0110633        11.0633         4823.45       0.454895        454.894        0.360239      0.0715106        71.5106
  accept        0.499933         12.6934      0.0109514        10.9514         4836.49       0.452052        452.052        -0.30498      0.0726924        72.6924
  accept        0.500127         13.0109      0.0114066        11.4066            4824       0.448365        448.365          1.1539      0.0723651         72.365
  accept        0.499736         13.1453      0.0112547        11.2547         4822.04        0.45097         450.97         1.66537      0.0721218        72.1218
  accept        0.500288         12.8171      0.0111204        11.1204          4830.2       0.449242        449.241        -1.31843       0.071447        71.4469
  accept        0.500039         13.1934       0.011342         11.342         4826.73       0.451813        451.813        -1.62798       0.071938        71.9379
  accept        0.499673         13.0679      0.0112481        11.2481         4825.95       0.448876        448.876       -0.517233      0.0720781        72.0781
  accept        0.500041         12.8228      0.0111776        11.1776         4831.24       0.453429        453.429       -0.214606      0.0719575        71.9575
       1        0.500181         13.1841      0.0114531        11.4531         4832.04       0.450268        450.268         1.01993       0.072101         72.101
       2        0.499447         12.9599      0.0111299        11.1299         4820.09       0.450223        450.223        0.688598      0.0720146        72.0146
       3        0.500167          12.719      0.0110805        11.0805         4819.25       0.449901          449.9        0.413478       0.072036         72.036
       4        0.500237         13.1386      0.0112838        11.2838         4830.89       0.446978        446.977       -0.266419      0.0718645        71.8644
       5        0.500087         13.2168      0.0113697        11.3697          4826.3        0.45169         451.69       -0.497148      0.0720119        72.0118
       6        0.499941         12.8015      0.0112056        11.2056         4821.52       0.448973        448.972       -0.503622      0.0718289        71.8289
       7        0.500196         12.5969      0.0108763        10.8763         4830.34       0.448868        448.868       -0.208555      0.0719256        71.9255
       8        0.500157         12.6751      0.0107956        10.7956         4824.19       0.450958        450.958        -1.36358      0.0716603        71.6603
   total         0.50036         12.9117     0.00788723        11.1542         4825.49       0.318027        449.758      -0.0922662      0.0508578        71.9238

    mode      occupation             +/-         std dev
      -9         1.35268     0.000959536         1.35699
      -8         1.65852      0.00117902         1.66738
      -7         2.08121      0.00147309         2.08326
      -6         2.67648      0.00189355         2.67789
      -5         3.50947      0.00247156         3.49532
      -4         4.82882      0.00336394         4.75732
      -3         6.66105      0.00455855         6.44676
      -2          9.1181      0.00601271         8.50325
      -1         11.7142      0.00735362         10.3996
       0         12.9117      0.00788723         11.1542
       1         11.6082      0.00736578         10.4168
       2          9.1536      0.00605728         8.56628
       3         6.61446      0.00454561         6.42846
       4         4.79715      0.00335794         4.74884
       5         3.53647       0.0024832         3.51177
       6         2.67115      0.00189322         2.67742
       7          2.0882      0.00148312         2.09744
       8         1.66793      0.00118377          1.6741
       9         1.35067     0.000958554          1.3556
