   batch        P accept         n0 mean            +/-     n0 std dev          E mean            +/-      E std dev          P mean            +/-      P std dev
    init        0.500979         98.9965    0.000849121       0.849121         5001.59     0.00706947        7.06946    -0.000657526    0.000135864       0.135864
    init        0.497888       0.0189447    5.23087e-05      0.0523087         5102.16      0.0210129        21.0129         99.9324    0.000803719       0.803719
    init        0.501006         99.0054     0.00102978        1.02978         5001.62     0.00999013        9.99012     0.000844932    0.000143712       0.143712
    init        0.500904         99.0072    0.000884017       0.884017         5001.91      0.0361843        36.1843     -0.00058599    0.000138721       0.138721
    init        0.497833       0.0190934    5.95848e-05      0.0595848         5102.28      0.0282235        28.2234         99.9288    0.000979539       0.979538
    init         0.50113         98.9837     0.00118021        1.18021         5001.71      0.0129926        12.9926     0.000393102    0.000138655       0.138655
       1        0.499899         98.9872     0.00085948       0.859479         5001.56     0.00229022        2.29021     -0.00044659    0.000136484       0.136484
       2        0.500043         98.9874    0.000861459       0.861458         5001.55     0.00227464        2.27464    -0.000533395    0.000136186       0.136186
       3         0.49982         98.9677    0.000885916       0.885915         5001.59     0.00230744        2.30744    -0.000305839    0.000137529       0.137529
       4        0.500085         99.0099    0.000839599       0.839598         5001.51     0.00221846        2.21846     0.000399397    0.000134165       0.134165
       5        0.500209         99.0185    0.000830563       0.830563         5001.49     0.00221977        2.21977    -0.000684436    0.000133378       0.133378
       6        0.499762         98.9915    0.000857453       0.857453         5001.55     0.00227072        2.27071    -0.000315182    0.000135473       0.135473
       7          0.4997         98.9918    0.000853591       0.853591         5001.54     0.00226062        2.26062    -0.000485746    0.000135361       0.135361
       8        0.500406         98.9848    0.000870308       0.870307         5001.55     0.00228076        2.28075    -0.000154509    0.000135812       0.135812
   total         0.49975         98.9923    0.000606291       0.857425         5001.54     0.00160225        2.26593    -0.000276776    9.58926e-05       0.135613

    mode      occupation             +/-         std dev
      -1        0.503973     0.000307075         0.43427
       0         98.9923     0.000606291        0.857425
       1        0.503697     0.000306752        0.433813
