   batch        P accept         n0 mean            +/-     n0 std dev          E mean            +/-      E std dev          P mean            +/-      P std dev
    init          0.5033         6.27692     0.00556737        5.56736         5190.95      0.0385782        38.5782        -97.9388     0.00259699        2.59699
    init        0.502618          85.089      0.0113353        11.3353         5086.51      0.0452673        45.2672       0.0249313     0.00252768        2.52768
    init        0.503357         6.51285     0.00566874        5.66874         5191.35      0.0421345        42.1345        -97.9217     0.00259731        2.59731
    init        0.502708         84.4321      0.0112753        11.2752          5088.1      0.0427496        42.7496       0.0104372     0.00255191        2.55191
    init        0.503291         6.14939     0.00546737        5.46736         5190.83      0.0392226        39.2226        -97.9488     0.00263781         2.6378
    init        0.502852         85.2976      0.0107451        10.7451         5086.83      0.0480973        48.0973      0.00971164     0.00253026        2.53026
    init        0.502754         85.2364      0.0104279        10.4279         5086.56      0.0388652        38.8652      -0.0120559     0.00251394        2.51394
    init        0.502818         85.5616      0.0102195        10.2195         5085.75      0.0434429        43.4429     -0.00389102     0.00249878        2.49878
  accept        0.499839         85.2782      0.0103543        10.3543         5086.22      0.0369876        36.9876      0.00632912     0.00250566        2.50566
       1        0.499954         85.2612      0.0107921        10.7921         5086.31      0.0367908        36.7908      0.00792149     0.00250636        2.50635
       2        0.500323         85.4926      0.0101848        10.1848         5085.87      0.0367659        36.7659     -0.00355236     0.00249319        2.49319
       3        0.499789         84.7302      0.0110624        11.0624          5086.8      0.0370032        37.0032       0.0188943     0.00252875        2.52874
       4        0.500073         85.6928      0.0100459        10.0459         5085.19      0.0359559        35.9559      0.00959732     0.00246638        2.46638
       5         0.49984         84.9089      0.0109431         10.943         5086.81      0.0371352        37.1352      -0.0441835     0.00253157        2.53157
       6        0.500203         85.7766     0.00982881         9.8288         5085.05      0.0362922        36.2922     -0.00584918     0.00246538        2.46537
       7        0.500048         85.2582     0.00969635        9.69634         5086.18      0.0363379        36.3379      -0.0123383      0.0024957         2.4957
       8        0.499917         85.1382      0.0106662        10.6662         5086.19      0.0365727        36.5727      -0.0254512     0.00250052        2.50052
   total         0.50029         85.2824     0.00736786        10.4197         5086.04       0.025882        36.6027     -0.00702554     0.00176626        2.49787

    mode      occupation             +/-         std dev
      -3        0.621853     0.000440147        0.622462
      -2         1.47726     0.000997042         1.41003
      -1         5.26333      0.00357825         5.06041
       0         85.2824      0.00736786         10.4197
       1           5.255      0.00357148         5.05084
       2         1.47909      0.00100426         1.42023
       3        0.621068     0.000440333        0.622724
