   batch        P accept         n0 mean            +/-     n0 std dev          E mean            +/-      E std dev          P mean            +/-      P std dev
    init        0.504304         71.9809     0.00330391        16.5196         5213.48      0.0154756        77.3778     -0.00610437     0.00115105        5.75527
    init        0.504281         69.8062     0.00406059        20.3029         5216.98      0.0160486         80.243         2.61221     0.00389807        19.4903
    init        0.504268         64.9066     0.00511787        25.5894         5225.22      0.0169808        84.9038        -11.3108     0.00625413        31.2707
    init        0.504266         67.4071     0.00457057        22.8529            5221      0.0164373        82.1863        -6.86538     0.00504262        25.2131
    init        0.504241         71.0227     0.00372554        18.6277         5214.95      0.0157993        78.9965         2.08936      0.0030095        15.0475
    init        0.504283         72.2392     0.00327526        16.3763         5213.15      0.0154394        77.1969     -0.00108507     0.00114831        5.74156
  accept        0.499996         70.5899     0.00380898        19.0449         5215.77       0.015812          79.06        -2.37293     0.00318422        15.9211
  accept        0.499991         64.4852      0.0051854         25.927         5226.19      0.0169893        84.9465         11.8167     0.00636399          31.82
  accept        0.499962         71.9287     0.00332832        16.6416         5213.44      0.0155014        77.5072      0.00482285     0.00115147        5.75736
  accept        0.500058         72.6343     0.00325816        16.2908            5212      0.0154121        77.0604     -0.00813339     0.00114321        5.71604
  accept        0.499974         72.2008     0.00331519        16.5759         5213.08      0.0155061        77.5304      0.00186145     0.00115116        5.75582
       1        0.500016         72.2754     0.00326903        16.3451         5213.06      0.0154717        77.3585       0.0126862     0.00114705        5.73526
       2        0.500144         65.0778     0.00507718        25.3859         5224.77      0.0168291        84.1457         2.14098      0.0065277        32.6385
       3        0.500058          69.271     0.00416167        20.8084         5217.86      0.0160995        80.4973         4.26518     0.00408772        20.4386
       4        0.499785         70.0202     0.00394258        19.7129         5216.73      0.0159201        79.6005         3.06915     0.00355518        17.7759
       5        0.499994         72.0384     0.00330881         16.544         5212.99      0.0154278        77.1392      -0.0031879     0.00115032        5.75161
       6         0.50004         71.3387     0.00355547        17.7773         5214.49      0.0156392        78.1962        -1.12437     0.00235031        11.7515
       7        0.499917         68.8039     0.00424546        21.2273         5219.04      0.0161929        80.9643         4.63493     0.00444497        22.2248
       8        0.500038         71.3152     0.00354591        17.7295         5214.42      0.0156255        78.1275          1.0898      0.0023168         11.584
   total        0.499954         70.0177     0.00279594        19.7703         5216.67      0.0112599        79.6194         1.76095     0.00257996        18.2431

    mode      occupation             +/-         std dev
      -4         0.75221     0.000107376        0.759263
      -3         1.33996     0.000187928         1.32885
      -2          2.8689      0.00040683         2.87673
      -1         9.29388      0.00136522         9.65354
       0         70.0177      0.00279594         19.7703
       1         10.5573      0.00181841         12.8581
       2         3.01506     0.000451052         3.18942
       3         1.38607     0.000198165         1.40124
       4        0.768924     0.000110725        0.782945
