   batch        P accept         n0 mean            +/-     n0 std dev          E mean            +/-      E std dev          P mean            +/-      P std dev
    init        0.506351         51.4536      0.0237709        23.7709         5450.82       0.150842        150.842         1.49151      0.0312281        31.2281
    init        0.506219         50.0308      0.0253208        25.3208          5451.9        0.14743         147.43         8.39412      0.0348915        34.8915
    init        0.506422         47.0534      0.0257105        25.7105         5464.54       0.155884        155.884        -10.0989       0.042129         42.129
    init         0.50599         54.3498      0.0235511        23.5511         5440.54       0.148231         148.23        -3.93228      0.0311926        31.1926
    init        0.506146         50.8078      0.0240974        24.0974         5453.24       0.149528        149.528        -7.00102      0.0339533        33.9533
    init        0.506509         51.6395      0.0244305        24.4305         5453.35       0.150426        150.426         6.88615      0.0337733        33.7732
    init        0.506082         49.8954      0.0253604        25.3604         5453.53       0.148958        148.958        -4.68954      0.0368352        36.8352
    init        0.506132         51.1331       0.024571         24.571         5452.86       0.148501        148.501         2.87027      0.0352822        35.2822
    init        0.506222         52.4618      0.0236373        23.6373         5447.21       0.147638        147.638        -2.63704      0.0286358        28.6358
    init        0.506174         47.7223      0.0250277        25.0277         5458.39       0.149075        149.074         8.06365      0.0386008        38.6008
    init        0.506147         49.0076      0.0251913        25.1913         5450.44       0.148176        148.176         4.77279      0.0360444        36.0444
    init        0.506088         52.2949      0.0236285        23.6285         5448.45       0.148082        148.082         4.35034      0.0328255        32.8254
    init        0.506386         49.0383      0.0252965        25.2964         5453.25       0.145926        145.926        -3.54426      0.0359913        35.9913
    init        0.506105         53.2388      0.0232339        23.2339         5447.55       0.149701        149.701        -2.57724      0.0286123        28.6123
    init        0.505884         56.2945      0.0224384        22.4384         5434.41       0.144614        144.614        0.756726      0.0252077        25.2076
    init        0.505934         51.5884      0.0240406        24.0406         5447.43        0.14739         147.39        -2.24533      0.0348715        34.8715
    init        0.506069         51.1666      0.0241715        24.1715         5451.25       0.150088        150.088        -7.94842      0.0328923        32.8923
    init        0.506123         49.6789       0.024792         24.792         5457.84       0.150425        150.425         1.95509      0.0380123        38.0123
    init        0.506362          53.476      0.0230083        23.0083         5441.41       0.145152        145.152         2.48159      0.0288016        28.8016
    init        0.506179         48.6748      0.0247267        24.7267         5457.94       0.149042        149.042         5.86101      0.0368354        36.8353
    init        0.506167         51.8651      0.0233855        23.3855         5446.53       0.150619        150.619         3.52834      0.0317018        31.7018
    init        0.506253          48.443      0.0260602        26.0602         5461.14       0.154943        154.943         -3.6703      0.0402759        40.2759
    init         0.50611         51.0262      0.0245384        24.5384         5452.18       0.147701        147.701         2.31919      0.0313827        31.3826
    init        0.506049         49.9605      0.0242565        24.2565         5452.43       0.145785        145.785        -3.91859      0.0344129        34.4129
    init        0.505907         50.4293      0.0248693        24.8692         5455.86       0.149812        149.812       -0.396493      0.0377428        37.7428
    init        0.506312         49.1857      0.0249545        24.9545         5455.98       0.149334        149.334         2.71641      0.0397833        39.7833
    init        0.506421         48.1909      0.0259575        25.9575         5462.53       0.153719        153.719         1.08067      0.0390117        39.0116
    init        0.506262         49.5426      0.0246979        24.6979         5456.94       0.149714        149.714        -3.69515      0.0375659        37.5659
    init        0.505841         51.5744      0.0242755        24.2754         5450.37       0.148949        148.949        -1.27385      0.0356869        35.6869
    init        0.506236         50.1224      0.0249461         24.946         5449.85       0.147101        147.101        0.784479      0.0370044        37.0044
    init        0.506351          46.313      0.0258759        25.8758         5460.13       0.150556        150.556         -1.7127      0.0427676        42.7675
    init         0.50612         51.5976      0.0238497        23.8497         5450.59       0.151801        151.801         2.68043      0.0291244        29.1244
    init        0.506112          48.488      0.0247053        24.7053            5457       0.151341        151.341        -1.79738       0.036118         36.118
    init        0.506215          44.568      0.0270497        27.0496          5463.5       0.148667        148.667         8.18588      0.0449596        44.9596
    init        0.506358         45.3192        0.02652          26.52         5462.57         0.1487          148.7         11.7817      0.0432147        43.2146
    init         0.50636         51.0957      0.0246728        24.6728          5452.4       0.147827        147.827         5.38751      0.0359708        35.9708
    init        0.506201         45.0729      0.0269891        26.9891         5463.65       0.149481        149.481        -8.44369      0.0456623        45.6622
    init        0.506207         52.7664       0.023506         23.506         5445.31       0.153877        153.877        -1.19407      0.0295838        29.5838
    init        0.506155         46.1749      0.0253507        25.3507          5466.8       0.152968        152.968        -2.72991       0.041637        41.6369
    init         0.50612          47.398      0.0254096        25.4096         5464.04        0.15172        151.719        -8.67613      0.0409692        40.9692
    init        0.506356         49.0717      0.0256491        25.6491         5452.09       0.149073        149.073        -1.33211      0.0371707        37.1707
    init        0.506247         45.9067      0.0255388        25.5388          5461.4       0.148762        148.762         10.1339      0.0404714        40.4714
    init        0.506524         52.6499      0.0232112        23.2112         5449.49       0.150253        150.253       -0.719996      0.0293212        29.3212
    init        0.505976         49.9127      0.0236694        23.6693         5456.25       0.151368        151.368         5.83087      0.0328029        32.8029
    init        0.506011         50.8175      0.0245754        24.5754         5450.28       0.149235        149.235        -5.01355      0.0319393        31.9392
    init         0.50637         52.9508      0.0224291        22.4291         5446.78       0.147335        147.335        -5.21815      0.0292667        29.2667
    init        0.506537         44.2703      0.0259774        25.9774         5469.39       0.152476        152.476         3.35457       0.042733         42.733
    init        0.506064         49.1298      0.0261906        26.1906         5459.07       0.153744        153.744         2.98518      0.0427299        42.7298
    init        0.506368         46.3665      0.0261519        26.1519         5461.53       0.150152        150.152         2.11629      0.0414369        41.4369
    init        0.505972         50.8065      0.0241556        24.1556         5453.17       0.150923        150.923         6.90888      0.0332008        33.2008
    init        0.506121         46.3265      0.0260846        26.0846         5464.98       0.152077        152.077        -5.96568      0.0434609        43.4609
    init        0.506051         50.8725      0.0250085        25.0085         5450.77       0.151381        151.381        0.367527      0.0343077        34.3077
    init        0.506216         50.1965      0.0251064        25.1064         5452.71       0.149635        149.635        0.517352      0.0357302        35.7302
    init         0.50615         48.9204      0.0256154        25.6153         5456.28       0.153216        153.215        -4.20787      0.0379439        37.9439
    init        0.506305         48.6992      0.0246499        24.6499          5457.1       0.149667        149.667        -2.34037      0.0312322        31.2322
    init        0.506203         51.3666      0.0238131        23.8131          5449.7        0.14905         149.05         1.35655      0.0321148        32.1148
    init        0.506251         51.7033      0.0239776        23.9776         5450.37        0.15001         150.01        -1.39371      0.0326134        32.6134
    init        0.506097         48.0514      0.0263541         26.354         5457.07       0.149625        149.625        -9.74259      0.0415665        41.5665
    init        0.506395         51.2177      0.0246702        24.6702         5450.88       0.150809        150.809         2.26285      0.0356063        35.6063
    init        0.505945         52.0642      0.0239549        23.9549          5445.5         0.1493          149.3        -5.76266      0.0332396        33.2396
    init        0.506136          45.784      0.0264887        26.4887          5464.8       0.151759        151.759        -1.01416      0.0444829        44.4829
    init        0.506282         48.4272      0.0258625        25.8625         5454.51        0.14922         149.22         1.87516      0.0389896        38.9896
    init        0.506276         48.4836      0.0259682        25.9682         5453.51       0.147248        147.248       -0.516189      0.0396938        39.6938
    init        0.506315         44.7062         0.0266           26.6         5464.94       0.148377        148.377        -3.12983      0.0445097        44.5097
    init        0.506091         49.2837       0.024397         24.397         5454.63       0.150086        150.085         5.52915      0.0359093        35.9093
    init        0.506175         48.8644       0.025858         25.858         5456.15       0.149612        149.612         2.21019       0.037969        37.9689
    init        0.506267         46.3801      0.0261418        26.1418         5460.37       0.149581        149.581        -9.54674      0.0417068        41.7067
    init        0.506348         45.9682      0.0266772        26.6772         5460.29       0.152299        152.299         3.65364      0.0434039        43.4039
    init        0.506313         51.0836      0.0254177        25.4177         5450.33       0.151615        151.615        -7.76915      0.0359849        35.9849
    init        0.506472         48.5453      0.0251193        25.1193         5453.89       0.146227        146.227        -6.40864      0.0369548        36.9547
    init        0.506264         48.8636      0.0248093        24.8092         5457.93       0.149987        149.987        -4.67496      0.0359117        35.9117
    init        0.506152         50.2513      0.0256298        25.6298         5459.16       0.154233        154.233        -12.2943      0.0372108        37.2107
    init          0.5062         48.7011      0.0256991        25.6991         5456.42       0.148988        148.988        -7.20126      0.0398197        39.8197
    init        0.506492          46.223      0.0258206        25.8206         5460.94       0.151993        151.993          1.4946      0.0420706        42.0706
    init        0.506435          48.449      0.0257033        25.7033          5453.3       0.149792        149.792       0.0172569      0.0380611        38.0611
  accept         0.49973         47.2455      0.0262339        26.2339         5457.29       0.148504        148.504         3.76414      0.0419659        41.9659
  accept        0.499944         52.4897      0.0236838        23.6838         5446.07       0.144643        144.643         4.61039      0.0317283        31.7283
  accept        0.499834         48.8067       0.025152         25.152         5454.23       0.146327        146.327         1.28549      0.0395801        39.5801
  accept        0.500157         49.9531      0.0252104        25.2104         5456.03       0.149606        149.606       -0.485104      0.0370413        37.0413
  accept        0.500079         50.9608      0.0232756        23.2756         5446.15       0.142965        142.965       -0.151142      0.0293784        29.3784
  accept        0.500036         52.1118      0.0242401        24.2401         5448.65        0.14859         148.59         1.93449      0.0294577        29.4577
  accept        0.499769         49.0191       0.025286        25.2859         5455.12       0.147805        147.805        -4.37623      0.0375988        37.5988
  accept         0.50016         48.8615      0.0258371        25.8371         5453.98       0.147509        147.509       -0.594567      0.0396715        39.6715
  accept        0.499974         48.5534      0.0246258        24.6258         5455.78       0.145658        145.658        -6.56755      0.0368091        36.8091
  accept        0.499975         45.5448      0.0261496        26.1496         5466.76       0.152641        152.641        -7.10493      0.0424052        42.4052
  accept        0.500065         48.5447      0.0252839        25.2839         5457.02       0.147426        147.426         8.83888      0.0365605        36.5605
  accept        0.500066         46.5115      0.0259449        25.9449         5462.47       0.149652        149.652         1.15604      0.0420927        42.0927
  accept         0.50005         45.3656      0.0263418        26.3418         5461.95       0.147026        147.026         11.7157      0.0412224        41.2223
  accept        0.499654         51.2488      0.0240954        24.0954         5451.81       0.146572        146.572        -6.33978      0.0312789        31.2788
  accept        0.500217         52.0246      0.0255046        25.5045         5446.43       0.146696        146.696         4.84304      0.0350759        35.0759
  accept        0.500004          51.325      0.0243951        24.3951         5452.06       0.150042        150.042       -0.325364      0.0340459        34.0458
  accept        0.500133         49.8643      0.0257422        25.7422         5453.59       0.147504        147.504         1.24615       0.040212         40.212
  accept        0.499857         52.9879      0.0241509        24.1509         5447.53       0.149816        149.816        -3.37419      0.0318326        31.8326
  accept        0.500037         48.9219      0.0246783        24.6783         5456.01       0.148123        148.123         1.37285      0.0363103        36.3103
  accept        0.499906         52.7042      0.0233374        23.3374          5445.5       0.144699        144.699         5.46141      0.0307091        30.7091
  accept        0.499982         53.0552      0.0243766        24.3766         5444.67       0.146417        146.417         7.06397      0.0324506        32.4506
  accept        0.500281         48.1105      0.0246473        24.6472         5454.25       0.146402        146.402         7.25643      0.0368869        36.8869
  accept        0.499716         47.2573      0.0249997        24.9997         5462.47       0.148548        148.548       -0.489729      0.0402181        40.2181
  accept        0.500299         49.3131       0.025257         25.257         5459.22        0.15017        150.169         4.34447      0.0382075        38.2075
  accept        0.499765         50.1437      0.0246662        24.6662         5451.35       0.146667        146.667         1.82558      0.0339059        33.9059
  accept        0.500183         50.8237      0.0247808        24.7808            5451       0.147847        147.846       -0.645931      0.0366697        36.6696
  accept        0.499386         53.8774      0.0223843        22.3843         5442.08       0.142933        142.933        -2.03153       0.026778         26.778
  accept        0.500613         47.1268      0.0253513        25.3513         5458.15       0.147454        147.454        -5.53166      0.0385926        38.5925
  accept        0.499882         48.4042      0.0246195        24.6195         5456.18       0.146241        146.241        -9.42508      0.0356931        35.6931
  accept        0.500162         47.7048       0.025395         25.395          5457.1       0.145036        145.036         6.84827      0.0385076        38.5076
  accept        0.499688         53.4267      0.0234569        23.4569         5444.23       0.145503        145.503         4.74939      0.0284997        28.4997
  accept        0.500092         50.9029      0.0236336        23.6335          5450.4       0.145808        145.808        -4.44692      0.0313662        31.3662
  accept        0.499889         49.7995      0.0243375        24.3375         5454.14       0.149728        149.728         1.37099      0.0363509        36.3509
  accept        0.500279         48.7459      0.0245631        24.5631         5456.35       0.148742        148.741         1.48821      0.0336947        33.6947
  accept        0.500085         50.5205      0.0254177        25.4177         5452.78       0.148972        148.972         8.49812       0.035437         35.437
  accept        0.499719         51.5481      0.0238069        23.8069         5446.24       0.144672        144.672       -0.778364      0.0309236        30.9235
  accept        0.500022         50.7009      0.0245619        24.5619         5449.66       0.144889        144.889        -0.35315      0.0358362        35.8362
  accept        0.499993         47.9058       0.026215         26.215         5454.26       0.145706        145.706         11.3364      0.0388362        38.8362
  accept        0.500043         52.9188      0.0239387        23.9387         5445.13       0.146793        146.793         4.19312      0.0308312        30.8311
  accept        0.499921         52.6022      0.0239057        23.9057          5448.2       0.146365        146.365         6.83235      0.0317912        31.7912
  accept        0.499962         50.4592       0.025604         25.604          5451.9       0.146245        146.245        -10.1857      0.0374706        37.4706
  accept        0.500053         50.9969      0.0246496        24.6496         5453.92       0.150883        150.883        0.935696      0.0384551         38.455
  accept        0.500127         50.6815      0.0240195        24.0195         5445.51       0.143428        143.428         2.10176      0.0351342        35.1341
  accept        0.500167         51.9406      0.0238645        23.8645         5448.46       0.145445        145.445        -1.17799      0.0324731         32.473
  accept        0.499546         49.7655      0.0251793        25.1793         5450.24       0.146632        146.632         7.29277      0.0335982        33.5982
  accept        0.499848          52.436      0.0234994        23.4994         5447.25        0.14535         145.35        -2.70024       0.032065         32.065
  accept        0.500613          50.253      0.0243745        24.3745         5449.95       0.148616        148.616        -6.17421      0.0360754        36.0754
  accept        0.499883         47.8236      0.0249585        24.9585         5457.21       0.147143        147.143         3.33129      0.0377717        37.7717
  accept        0.499987         47.9776      0.0258852        25.8852         5456.11       0.148612        148.612        -6.34062      0.0398446        39.8446
  accept        0.500099         52.7132      0.0238529        23.8529          5445.6       0.144983        144.982         2.99457      0.0298349        29.8349
  accept        0.499812         52.6583       0.023574         23.574         5445.04       0.146256        146.256        -1.34035      0.0270218        27.0217
  accept        0.500334         50.9941      0.0244787        24.4787         5448.91       0.145936        145.935        -5.13066      0.0342659        34.2658
  accept        0.499642         45.9758      0.0253127        25.3127          5463.9        0.14975         149.75        -9.13889       0.042532         42.532
  accept        0.499876         50.0599      0.0244873        24.4873         5451.27       0.147694        147.694        -1.55409      0.0344443        34.4443
  accept        0.500398         48.4507      0.0246631        24.6631         5456.17        0.15026         150.26        -3.29763      0.0357262        35.7262
  accept        0.499869         50.3287      0.0252506        25.2506         5452.28       0.148409        148.409        -4.35293      0.0331933        33.1933
  accept        0.499746         48.9271      0.0248496        24.8496         5454.51       0.147246        147.246        0.534866      0.0368523        36.8523
  accept        0.500088         51.7682      0.0240433        24.0433         5447.65       0.144608        144.608         3.82936      0.0346911        34.6911
  accept        0.499916         47.2716      0.0257755        25.7755         5455.73       0.145786        145.786        -1.00227       0.038061         38.061
  accept         0.50006         52.0513      0.0234536        23.4536         5449.06       0.145312        145.312       -0.851161      0.0316297        31.6297
  accept        0.500236         44.4155      0.0273131        27.3131          5468.3       0.152278        152.278         9.08406      0.0482695        48.2694
  accept        0.499846         50.8155      0.0244804        24.4804         5453.86        0.14894         148.94         7.90921      0.0324364        32.4364
  accept        0.499968         49.6696      0.0254509        25.4509         5456.94       0.150809        150.809        0.917285      0.0404666        40.4666
  accept        0.500066         46.8488      0.0254489        25.4489         5465.63       0.152308        152.308        -10.9213      0.0403695        40.3695
  accept        0.500022         50.1666      0.0253688        25.3688         5450.72        0.14751         147.51        -7.34902      0.0356517        35.6517
  accept        0.499696         52.1239      0.0227168        22.7168         5445.84       0.144434        144.434        -2.82834      0.0273269        27.3269
  accept        0.500107         51.2664      0.0238561        23.8561         5449.51       0.146016        146.016       -0.696406      0.0334624        33.4623
  accept         0.50015         53.8727      0.0232588        23.2588         5442.78       0.142938        142.938         1.60403      0.0275636        27.5636
  accept        0.500049         51.5536      0.0237466        23.7465         5450.39       0.146848        146.848        -2.63941      0.0341431        34.1431
  accept        0.499907          45.364      0.0268352        26.8352         5459.67       0.147049        147.049         4.96745      0.0457468        45.7468
  accept        0.499921         47.3644      0.0257808        25.7808         5462.45       0.151507        151.507        0.219724      0.0410282        41.0281
  accept         0.50042         49.0022      0.0251321        25.1321         5455.86       0.146876        146.876        -1.61998      0.0387061        38.7061
  accept        0.499614         48.5661      0.0257887        25.7887         5454.55       0.146419        146.418        0.654893      0.0381749        38.1748
  accept        0.500188         51.4358      0.0244175        24.4175         5450.82       0.147418        147.418         1.25264      0.0320723        32.0723
  accept        0.499852         47.3818      0.0245719        24.5719         5462.31       0.152187        152.187       -0.947576      0.0388802        38.8802
  accept        0.500129         49.1271      0.0246447        24.6447         5457.63       0.148765        148.765        -6.49994      0.0359449        35.9448
  accept        0.499887         49.5206       0.025413        25.4129         5453.18       0.145775        145.775         9.36608      0.0374476        37.4476
  accept        0.499904         50.5044      0.0244648        24.4648          5451.5       0.147608        147.608        -1.67551      0.0374819        37.4819
  accept        0.500483         52.4933      0.0240141        24.0141         5447.75       0.145099        145.099         5.90665       0.032884        32.8839
  accept        0.499672         45.4971      0.0263691        26.3691         5464.05       0.148906        148.906       -0.789868      0.0421969        42.1969
  accept         0.49969          53.124       0.022571        22.5709         5444.19       0.145273        145.273        -2.17238      0.0271178        27.1178
  accept        0.500228         50.5715      0.0240516        24.0516         5451.58       0.147168        147.168        -6.55783      0.0337571        33.7571
  accept        0.500105         49.8054      0.0247083        24.7083          5451.7       0.145747        145.747        -1.69219      0.0366248        36.6248
  accept        0.499958         48.6803      0.0247573        24.7573         5452.04       0.144783        144.783        -8.88205      0.0383869        38.3869
  accept        0.499875         50.9187      0.0245709        24.5709         5450.69       0.147005        147.005         4.24133      0.0318328        31.8328
  accept        0.500121          47.497      0.0260732        26.0731          5455.5       0.148272        148.272       -0.308499      0.0431474        43.1474
  accept        0.500043         48.4349      0.0258846        25.8846         5459.94       0.150272        150.272        -5.73853      0.0363617        36.3617
  accept        0.499985         46.0767      0.0269202        26.9202         5459.08       0.146281        146.281        -2.04301      0.0464264        46.4264
  accept        0.499993         53.7808      0.0225393        22.5393         5449.46       0.147328        147.328       -0.627669      0.0282952        28.2952
  accept        0.500103         50.4286      0.0244777        24.4777          5458.5       0.150893        150.893        -2.23188      0.0359989        35.9989
  accept        0.499973         50.1352       0.024703         24.703         5452.85       0.148929        148.929         4.09917      0.0346369        34.6368
  accept        0.499907         50.9766       0.024446        24.4459         5452.98       0.149033        149.033        -7.31111      0.0332404        33.2404
  accept        0.499924         48.4555      0.0247294        24.7294         5455.62       0.148445        148.445        0.953518      0.0341733        34.1733
  accept         0.50022          47.983      0.0255134        25.5134         5456.39       0.146631        146.631        0.021838      0.0389361        38.9361
       1        0.499964         48.8559      0.0259884        25.9884         5454.64       0.148889        148.889         1.40031      0.0386684        38.6684
       2        0.499891         49.1527      0.0244343        24.4343         5452.01       0.145289        145.289        -5.53876       0.035104         35.104
       3        0.500089         52.2284      0.0239871        23.9871         5448.03       0.148641         148.64        -5.54132      0.0313062        31.3062
       4        0.499879         43.9501      0.0255418        25.5418         5473.04       0.152101        152.101        -6.91853      0.0440098        44.0097
       5        0.499795         51.4013      0.0243187        24.3187         5448.65       0.146645        146.645        -2.98047      0.0332109        33.2109
       6        0.500608         45.7182      0.0255674        25.5674         5462.34       0.147027        147.027        -3.87894      0.0419693        41.9693
       7        0.499691         51.6967      0.0241704        24.1704         5449.91         0.1471          147.1        0.207926      0.0322236        32.2236
       8        0.499939         50.2045      0.0247686        24.7686         5450.91       0.146504        146.504       -0.906219      0.0377262        37.7261
   total        0.500265         49.1511      0.0176846        25.0098         5454.94       0.104664        148.017        -3.02048      0.0262595        37.1365

    mode      occupation             +/-         std dev
      -5         0.95535     0.000692913        0.979926
      -4         1.48208      0.00108356         1.53239
      -3         2.53881      0.00186601         2.63893
      -2         5.30312      0.00402582         5.69336
      -1         16.2237       0.0121496         17.1822
       0         49.1511       0.0176846         25.0098
       1         14.6222       0.0109121         15.4321
       2         4.95917      0.00362635         5.12844
       3         2.40324      0.00176458         2.49549
       4         1.42576      0.00102433         1.44862
       5         0.93553     0.000672233        0.950681
