   batch        P accept         n0 mean            +/-     n0 std dev          E mean            +/-      E std dev          P mean            +/-      P std dev
    init        0.508508         32.0242      0.0221085        22.1085         5827.81       0.236688        236.688          1.5665      0.0484991        48.4991
    init        0.508793         30.4732      0.0223994        22.3994         5824.85       0.232215        232.215       -0.770529      0.0517646        51.7646
    init        0.508793         30.0818      0.0219493        21.9493         5824.83       0.229266        229.266        -0.58445       0.050373         50.373
    init        0.508876         30.9743      0.0220092        22.0092         5825.49       0.230151        230.151        0.529231       0.049652        49.6519
    init        0.508411         32.9371      0.0220636        22.0636         5820.77       0.230117        230.117         4.26902      0.0478641         47.864
    init        0.508648         30.3804      0.0219237        21.9236         5834.37       0.235324        235.324        -2.79266       0.051133         51.133
    init        0.508869         30.8832      0.0221348        22.1348         5828.89       0.231426        231.426       -0.929502      0.0508914        50.8913
    init        0.508543         32.9514      0.0226041        22.6041         5825.14       0.232324        232.324          4.3652      0.0495144        49.5144
    init        0.508592          30.238      0.0224208        22.4208         5843.33        0.23688         236.88        0.725423      0.0517453        51.7453
    init        0.508641         30.9734      0.0215102        21.5102         5828.71       0.231871        231.871         2.43701      0.0496954        49.6954
    init        0.508509         28.4187      0.0210524        21.0524         5840.44       0.232342        232.342         1.24938       0.050647         50.647
    init        0.508935         34.3638      0.0223336        22.3336         5827.58       0.237437        237.437         1.44154      0.0478781        47.8781
    init        0.508603         32.7804      0.0220067        22.0067         5822.86        0.23036         230.36       -0.622227      0.0489355        48.9354
    init        0.508851         30.4025      0.0216778        21.6778         5831.93       0.232793        232.793        0.357803      0.0517302        51.7302
    init        0.508732          30.884      0.0218339        21.8338         5833.98       0.233861        233.861         -1.7296      0.0512006        51.2005
    init        0.508758         29.5556      0.0220534        22.0534         5830.87       0.229538        229.538         1.25056      0.0517825        51.7825
    init        0.508847         32.7041       0.022127        22.1269         5827.73       0.235115        235.115        0.210573      0.0496459        49.6459
    init        0.508866         30.1416      0.0215656        21.5656         5828.17       0.229787        229.787        -1.97826      0.0517591        51.7591
    init        0.508992         28.5134      0.0214569        21.4569         5845.89        0.23703         237.03         2.25678      0.0543987        54.3986
    init        0.508646         30.9412      0.0222253        22.2253         5830.13       0.230817        230.817        0.633307      0.0522991         52.299
    init        0.508724         29.0558      0.0215099        21.5099         5844.55       0.233059        233.059         1.01066      0.0532869        53.2869
    init        0.508518         32.7932      0.0223936        22.3936         5823.52       0.231261         231.26        -1.19464      0.0489834        48.9834
    init        0.508862         32.0373      0.0218862        21.8862         5828.21        0.23566        235.659        -2.54579      0.0494384        49.4384
    init        0.508574         31.5785       0.022145         22.145         5827.87       0.230878        230.878         4.81534       0.050586         50.586
    init        0.508714         31.0103      0.0220935        22.0935         5833.99       0.238464        238.464        0.947422      0.0516875        51.6875
    init        0.508486         31.1738      0.0226696        22.6696         5828.98       0.234517        234.517        -1.42682      0.0501184        50.1184
    init        0.508315         30.9716      0.0221281        22.1281         5832.07       0.232177        232.176        -1.30013       0.051042         51.042
    init        0.508695         33.5338      0.0225033        22.5033         5819.89       0.232734        232.734         1.36241      0.0489404        48.9404
    init        0.508464         29.8438      0.0220072        22.0071         5835.02       0.236509        236.509         2.66708      0.0527446        52.7446
    init        0.508605         29.0702      0.0222145        22.2145         5839.97       0.233753        233.753       -0.867774      0.0522956        52.2955
    init         0.50889         29.4786      0.0219242        21.9242         5840.68       0.235549        235.549        0.291092        0.05203          52.03
    init        0.508754         29.3828      0.0212681        21.2681         5840.05       0.230573        230.572         6.65503      0.0522679        52.2679
    init        0.508808          32.672      0.0226689        22.6689         5830.96       0.237719        237.719        -5.03079       0.051794         51.794
    init        0.508368         32.8119      0.0228772        22.8772         5823.15       0.232372        232.371        0.595529      0.0503251        50.3251
    init        0.508904         29.9968       0.022564        22.5639          5835.4       0.235705        235.705        -2.71452      0.0533474        53.3474
    init        0.508836         30.2653      0.0217998        21.7998         5839.74       0.234242        234.242         1.54879       0.049467         49.467
    init        0.508707         32.9753      0.0226158        22.6158         5827.91       0.231762        231.762         3.74017      0.0489141        48.9141
    init        0.508508         31.3347      0.0222379        22.2379         5829.59       0.230388        230.388        -4.22102      0.0498237        49.8237
    init        0.508779         30.0801      0.0220768        22.0768         5832.62       0.232827        232.827        -2.19495      0.0525627        52.5627
    init        0.508686         31.3188      0.0214994        21.4994         5829.56        0.23006        230.059         2.69181      0.0501146        50.1146
    init        0.508797         32.5438      0.0220341        22.0341         5825.62       0.229053        229.053        0.442362      0.0475805        47.5805
    init        0.508669         30.3496      0.0220441        22.0441         5825.39       0.229165        229.164      -0.0589129      0.0512563        51.2563
  accept        0.500057          31.374       0.021574         21.574         5833.14       0.232961        232.961        -1.28563      0.0487605        48.7605
  accept        0.500034          30.892      0.0217924        21.7924         5830.24       0.233716        233.715       -0.762295      0.0506297        50.6296
  accept        0.499999         32.3738      0.0220241        22.0241         5836.04       0.236159        236.159         0.50589       0.048099        48.0989
  accept        0.499927          31.763      0.0221828        22.1828         5827.39       0.236272        236.272         3.54097      0.0505473        50.5473
  accept        0.500002         31.3075      0.0224406        22.4406         5830.14       0.233286        233.285          2.0011      0.0519999        51.9999
  accept        0.499949         30.1556      0.0222636        22.2636         5828.67       0.227643        227.643        0.581328      0.0513744        51.3744
  accept        0.499886         32.5337      0.0219409        21.9409         5821.76       0.231703        231.703         1.64891      0.0483036        48.3036
  accept        0.500082         31.9882      0.0222223        22.2223         5832.07       0.234293        234.293       -0.593312      0.0515333        51.5332
  accept        0.500092         30.9457      0.0220384        22.0383         5825.46       0.233131        233.131        -2.25172      0.0491874        49.1874
  accept        0.500147         31.4595      0.0221437        22.1437         5830.41       0.231401        231.401         3.72372      0.0504214        50.4214
  accept        0.499855         30.9216      0.0222189        22.2188         5829.75       0.230825        230.824        -6.62105       0.050688        50.6879
  accept        0.499968         28.1974      0.0220542        22.0542         5836.91       0.230632        230.632        -2.36983      0.0530414        53.0414
  accept        0.500351         31.0372      0.0221907        22.1907         5827.95       0.231389        231.389       -0.671807      0.0505814        50.5814
  accept        0.499662         32.8202      0.0224351        22.4351         5830.47       0.234864        234.864        -1.72455      0.0494816        49.4815
  accept        0.500202         32.0357      0.0219458        21.9458         5824.07       0.229701        229.701         2.30056      0.0488376        48.8376
  accept        0.499922         29.4218       0.021714         21.714         5833.76       0.230908        230.908         3.76774      0.0512732        51.2731
  accept        0.499959         30.5822      0.0219847        21.9847         5836.33       0.234422        234.422       -0.120034      0.0496864        49.6864
       1        0.499665         32.7794      0.0221177        22.1177         5820.56        0.23039         230.39         2.60429      0.0478909        47.8909
       2        0.500317         28.5361      0.0207859        20.7859         5847.35        0.23539         235.39        0.666229      0.0534812        53.4812
       3        0.499977          31.614      0.0218695        21.8695         5831.31       0.232941        232.941         2.75791      0.0490772        49.0772
       4        0.500234         30.3381      0.0216657        21.6657         5837.87       0.236828        236.828         1.41966      0.0511393        51.1393
       5        0.499771         31.1144      0.0223056        22.3056         5826.69         0.2305          230.5         5.22497      0.0502761         50.276
       6        0.499936         30.3225      0.0220749        22.0749         5823.09       0.229301        229.301         1.40244      0.0498753        49.8753
       7        0.500233         34.2354      0.0222723        22.2723         5819.96       0.231563        231.563        -2.13772      0.0469486        46.9486
       8        0.499652         30.3887      0.0218623        21.8623         5827.43       0.229023        229.023        0.532126      0.0505996        50.5996
   total        0.499912         31.1658        0.01551        21.9344          5829.3       0.164144        232.134         1.55577      0.0353434        49.9832

    mode      occupation             +/-         std dev
      -6         1.16563     0.000837957         1.18505
      -5         1.61811      0.00116948          1.6539
      -4         2.36996      0.00172912         2.44534
      -3         3.94248      0.00292613         4.13818
      -2         7.36569      0.00533094         7.53909
      -1         17.4708       0.0115353         16.3133
       0         31.1658         0.01551         21.9344
       1         17.9922       0.0118528         16.7624
       2         7.72213      0.00560618         7.92833
       3         3.99788      0.00290862         4.11341
       4         2.39785      0.00173969         2.46029
       5         1.62121      0.00116605         1.64904
       6         1.17033     0.000838084         1.18523
