   batch        P accept         n0 mean            +/-     n0 std dev          E mean            +/-      E std dev          P mean            +/-      P std dev
    init        0.511635         20.9237      0.0169161        16.9161          6311.6       0.315292        315.292        -1.05064      0.0582032        58.2031
    init        0.511627         21.2808      0.0168613        16.8613         6309.62       0.316125        316.125       -0.314032      0.0586129        58.6129
    init        0.511612         20.8354      0.0170005        17.0005         6304.54       0.314856        314.856        -4.17636      0.0583686        58.3686
    init        0.511869         20.5674      0.0171058        17.1057         6313.85       0.314198        314.197         3.71331      0.0590385        59.0384
    init        0.511606         21.6235      0.0170216        17.0216         6310.75       0.314359        314.359        -1.19288      0.0570716        57.0715
    init        0.511705         20.5591      0.0168299        16.8299         6305.89       0.310112        310.112         2.74519      0.0585358        58.5358
    init        0.511681         21.9837      0.0175511        17.5511         6311.81       0.314436        314.436         1.86654      0.0578255        57.8255
    init        0.511601         21.2149      0.0170957        17.0957         6309.18       0.313953        313.953        0.984721      0.0574467        57.4467
    init        0.511328          21.262      0.0168008        16.8008         6307.23       0.316326        316.326         2.24607      0.0585289        58.5288
    init        0.511754         21.3165      0.0173623        17.3623         6312.49       0.313567        313.567        0.938863      0.0565973        56.5973
    init        0.511236         21.1119      0.0167135        16.7135         6298.53       0.312074        312.074        -4.38129      0.0568508        56.8508
    init        0.511794         20.1156      0.0167317        16.7316         6316.76       0.314045        314.045         1.07265      0.0578999        57.8999
    init        0.511568         20.7774      0.0165551        16.5551         6308.28       0.314996        314.996        0.285231      0.0565499        56.5499
    init        0.511508         18.6091      0.0160828        16.0828         6324.85       0.309763        309.763       -0.195392      0.0600821         60.082
    init        0.511538         21.1922      0.0172839        17.2839         6312.59       0.315906        315.906        -1.08666      0.0586663        58.6662
    init        0.511557         22.1572      0.0174364        17.4363         6305.85       0.314863        314.863         3.61091      0.0568665        56.8665
    init        0.511549         20.3483      0.0161428        16.1428         6314.59       0.312758        312.758        0.286864      0.0578338        57.8337
    init        0.511799         21.4788       0.016922         16.922         6309.98       0.313782        313.782        0.512466      0.0587312        58.7312
    init        0.511796         21.0094      0.0169243        16.9243         6307.48        0.31739         317.39        0.836656      0.0585189        58.5189
    init        0.511773         20.6729      0.0169863        16.9862          6307.6        0.31445         314.45         1.14108      0.0580037        58.0036
    init        0.511414         21.2328      0.0173431        17.3431         6304.39       0.319438        319.438        -2.69618      0.0573821        57.3821
    init        0.511606         20.4367      0.0169023        16.9023         6308.01        0.31346         313.46       -0.735831      0.0578942        57.8941
    init        0.511516         21.0963       0.017021         17.021         6311.19        0.31522        315.219        -2.16682      0.0574497        57.4497
    init        0.511657         21.0649      0.0173124        17.3124         6304.83       0.313178        313.178        -2.15156      0.0586876        58.6875
    init        0.511721         20.5829      0.0172307        17.2307         6308.91       0.313669        313.668         1.39251      0.0568518        56.8518
    init        0.511573         20.2104       0.016709         16.709         6309.93       0.311175        311.175       -0.100581       0.057929         57.929
  accept        0.500019         20.6676       0.016771         16.771         6312.25       0.315147        315.147          1.0547       0.058313         58.313
  accept        0.499902         21.8728      0.0170818        17.0818         6294.52       0.310075        310.075        -1.50589       0.055434         55.434
  accept        0.500052         19.8033      0.0168055        16.8055         6322.46       0.314611         314.61         1.81666      0.0579477        57.9476
  accept        0.499888         20.8733      0.0167037        16.7037         6306.61       0.313541        313.541       -0.511725      0.0583956        58.3955
  accept        0.500129         20.2467      0.0162843        16.2843         6309.46       0.313487        313.487        0.848029        0.05816          58.16
  accept        0.499695         21.8579      0.0176511        17.6511         6299.81       0.311962        311.961        -1.93268      0.0575491        57.5491
  accept         0.50045         20.9821      0.0170199        17.0199         6315.25       0.310999        310.999         1.57633      0.0592607        59.2607
  accept        0.499976         21.7682      0.0173528        17.3528         6303.49        0.31373        313.729       0.0150811      0.0570292        57.0292
       1        0.500169         21.8677      0.0168769        16.8769          6309.9        0.31523         315.23      -0.0485173      0.0583549        58.3549
       2        0.499824         21.7956      0.0170357        17.0357         6305.52       0.312746        312.746        0.687927      0.0567247        56.7247
       3        0.499961         20.1723      0.0165649        16.5649         6317.48       0.318482        318.482         0.87473      0.0588449        58.8448
       4        0.499973         21.1119      0.0174566        17.4566         6303.89       0.312621        312.621      -0.0307484       0.058451         58.451
       5        0.499693         21.5783      0.0168517        16.8517         6299.02       0.311411         311.41         1.10642      0.0568045        56.8045
       6        0.500349         20.0713      0.0167418        16.7418         6309.81        0.31429         314.29        0.349068      0.0596265        59.6264
       7        0.499744         20.4613      0.0163076        16.3076         6307.63       0.311878        311.878         1.14884      0.0586108        58.6108
       8        0.500036         20.8292      0.0166741        16.6741         6300.13       0.308829        308.829       -0.490218       0.057156         57.156
   total        0.500128         20.9859      0.0119008        16.8302         6306.65       0.221498        313.246        0.450336       0.041069        58.0803

    mode      occupation             +/-         std dev
      -7         1.33415     0.000955525         1.35132
      -6         1.74465      0.00124535         1.76119
      -5         2.36601       0.0016955         2.39779
      -4         3.46059      0.00246383         3.48438
      -3         5.37854      0.00383642         5.42552
      -2         9.15962      0.00635388         8.98574
      -1         15.9267       0.0100135         14.1612
       0         20.9859       0.0119008         16.8302
       1         16.0667       0.0100693         14.2402
       2          9.2768      0.00645402         9.12736
       3         5.37317      0.00382413         5.40814
       4          3.4669      0.00250303         3.53982
       5         2.38784      0.00171055         2.41909
       6         1.74248      0.00124106         1.75513
       7         1.32996     0.000945677         1.33739
