   batch        P accept         n0 mean            +/-     n0 std dev          E mean            +/-      E std dev          P mean            +/-      P std dev
    init        0.513726         61.9908      0.0071198        7.11979        -70.2451     0.00357649        3.57648       0.0219458     0.00867755        8.67754
  accept          0.4998         62.0319     0.00712136        7.12135        -70.2706     0.00326504        3.26504       0.0446007     0.00862182        8.62182
  accept        0.499651         61.9769     0.00708224        7.08224        -70.3047     0.00323976        3.23976       -0.114623     0.00860285        8.60285
  accept        0.500501         61.9955     0.00708091        7.08091        -70.2755      0.0032552         3.2552        0.156837     0.00862135        8.62135
  accept        0.499663         61.9023     0.00714852        7.14852        -70.2521     0.00326503        3.26503      0.00398785     0.00864803        8.64802
       1        0.500101         61.9098     0.00710535        7.10534        -70.2864     0.00324803        3.24803     -0.00334553     0.00863068        8.63068
       2         0.49986         61.9942     0.00708493        7.08493        -70.2959     0.00324196        3.24196       0.0255452     0.00862547        8.62546
       3        0.499979         61.9596     0.00713944        7.13944        -70.2676     0.00327406        3.27406       0.0811063     0.00865179        8.65178
       4        0.500242           62.02     0.00713094        7.13093        -70.2755     0.00326275        3.26274       0.0671724     0.00866563        8.66562
       5        0.499625         61.9307     0.00707591        7.07591        -70.3027     0.00323978        3.23978      0.00270279     0.00859902        8.59902
       6        0.500254         61.9074     0.00713054        7.13054        -70.2718     0.00327158        3.27158      -0.0717607     0.00863108        8.63108
       7         0.50005          62.042     0.00712166        7.12166        -70.3266     0.00324684        3.24684      -0.0750911     0.00855423        8.55422
       8        0.500007         62.0286     0.00713771        7.13771        -70.2898      0.0032489         3.2489       -0.144999     0.00859488        8.59488
   total        0.499875         61.9736     0.00503196        7.11626        -70.2894     0.00230119        3.25437      -0.0150249      0.0060952        8.61991

    mode      occupation             +/-         std dev
      -2         1.57808      0.00075659         1.06998
      -1         17.4419      0.00356595         5.04301
       0         61.9736      0.00503196         7.11626
       1         17.4299      0.00356674         5.04413
       2         1.57656     0.000757502         1.07127
