   batch        P accept         n0 mean            +/-     n0 std dev          E mean            +/-      E std dev          P mean            +/-      P std dev
    init        0.506691          47.145     0.00528983        5.28983        -128.801     0.00416402        4.16402      -0.0113655     0.00904886        9.04885
  accept        0.499746         47.2082     0.00524415        5.24414        -128.818     0.00405445        4.05445      -0.0511854     0.00912307        9.12306
  accept        0.499906         47.1436     0.00524271        5.24271        -128.832     0.00407112        4.07112       0.0285399     0.00904413        9.04412
  accept        0.500187         47.1727     0.00528815        5.28815        -128.798     0.00409837        4.09836     -0.00422767     0.00908926        9.08925
       1        0.500103         47.2475     0.00526013        5.26012        -128.792     0.00407773        4.07773       -0.112485     0.00906841        9.06841
       2        0.500011         47.2032     0.00524019        5.24019        -128.792     0.00410382        4.10382       0.0718108      0.0091006         9.1006
       3        0.500074           47.24     0.00530205        5.30205        -128.792     0.00407376        4.07376      -0.0420307     0.00914379        9.14379
       4         0.49998         47.1612     0.00524677        5.24676        -128.887     0.00404238        4.04238      -0.0267969     0.00901529        9.01529
       5        0.499848         47.2049     0.00522762        5.22762        -128.837      0.0040683         4.0683       0.0283917     0.00906889        9.06889
       6        0.500267         47.2402     0.00523797        5.23797        -128.801     0.00410768        4.10768       0.0408672      0.0090137         9.0137
       7        0.499753         47.2557     0.00528684        5.28683        -128.819     0.00406581        4.06581      -0.0137006     0.00906687        9.06687
       8         0.49998         47.2307     0.00522691        5.22691         -128.83     0.00406153        4.06153       0.0974451     0.00906858        9.06858
   total        0.500269         47.2227     0.00371518        5.25406        -128.819     0.00288136        4.07485      0.00612611     0.00641185        9.06772

    mode      occupation             +/-         std dev
      -3        0.563561     0.000290765        0.411204
      -2         3.90341       0.0010978         1.55252
      -1         21.9193      0.00288255         4.07654
       0         47.2227      0.00371518         5.25406
       1         21.9225      0.00288686         4.08264
       2         3.90495      0.00109543         1.54918
       3        0.563498     0.000290002        0.410124
