   batch        P accept         n0 mean            +/-     n0 std dev          E mean            +/-      E std dev          P mean            +/-      P std dev
    init        0.500127         26.9138     0.00240327        2.40327        -500.609      0.0243471        24.3471       -0.106665     0.00934943        9.34942
    init        0.500012         26.9136     0.00243302        2.43302        -500.492      0.0265162        26.5162       -0.199779     0.00923419        9.23419
    init        0.500106         26.8443     0.00243695        2.43695        -500.565      0.0237598        23.7598        0.126784     0.00920271        9.20271
    init        0.499954         26.8245     0.00251505        2.51505        -500.395      0.0229023        22.9023       0.0723241     0.00916438        9.16437
    init        0.500085         26.8519     0.00247905        2.47905        -500.903       0.014493         14.493       -0.290584      0.0090831         9.0831
    init        0.500181         26.8759     0.00240495        2.40495        -500.799      0.0172056        17.2056       0.0490202     0.00901597        9.01597
    init        0.500047         26.9505     0.00253036        2.53036        -500.581      0.0189107        18.9107        0.167501      0.0093253         9.3253
    init        0.500058         26.8407       0.002482          2.482        -500.825      0.0166141        16.6141       0.0113318     0.00928036        9.28036
       1        0.499824         26.8141      0.0023967         2.3967        -501.039     0.00584771        5.84771       0.0671021     0.00920155        9.20155
       2        0.500168         26.7911     0.00240597        2.40597        -501.054     0.00585399        5.85398        0.159609     0.00925426        9.25426
       3        0.499853         26.8799     0.00241751        2.41751        -501.043     0.00585496        5.85495      0.00253811     0.00918614        9.18614
       4        0.500215         26.8693     0.00241853        2.41853        -501.104     0.00586646        5.86645      -0.0357777     0.00903395        9.03394
       5        0.500006         26.8829     0.00241626        2.41626        -501.076     0.00582681        5.82681       0.0079476     0.00905143        9.05142
       6        0.500128          26.835     0.00239151        2.39151         -501.05     0.00592507        5.92507      -0.0125676     0.00921122        9.21122
       7        0.499526         26.8811     0.00243422        2.43422        -501.031     0.00584224        5.84224      -0.0772225     0.00931198        9.31197
       8        0.500227         26.8677     0.00239004        2.39004        -501.143     0.00579492        5.79491       0.0897524      0.0091413        9.14129
   total         0.50012         26.8524     0.00170347        2.40907        -501.067     0.00413775        5.85167       0.0254458     0.00648729        9.17441

    mode      occupation             +/-         std dev
      -6        0.108202     5.96426e-05       0.0843474
      -5        0.344515     0.000132384        0.187219
      -4         1.18356     0.000295553        0.417974
      -3         3.81114     0.000610514        0.863397
      -2         10.3401      0.00108387         1.53282
      -1         20.7793       0.0015235         2.15456
       0         26.8524      0.00170347         2.40907
       1         20.7835      0.00152373         2.15487
       2         10.3489      0.00108182         1.52993
       3          3.8116     0.000612551        0.866278
       4         1.18337     0.000294535        0.416535
       5        0.345153     0.000133006        0.188099
       6        0.108179     5.95616e-05       0.0842328
