   batch        P accept         n0 mean            +/-     n0 std dev          E mean            +/-      E std dev          P mean            +/-      P std dev
    init        0.499602         23.4481      0.0023258         2.3258         -703.47      0.0456952        45.6952        0.149263     0.00924131        9.24131
    init        0.499635         23.4366     0.00207288        2.07288        -703.389      0.0453956        45.3955       -0.194233     0.00918427        9.18426
    init        0.499527         23.4274     0.00199152        1.99152        -703.331       0.047958         47.958       -0.462705     0.00926821         9.2682
    init         0.49937         23.4033     0.00203833        2.03832        -703.876      0.0300498        30.0498       -0.230177     0.00927885        9.27884
    init        0.499479         23.4674     0.00206163        2.06163        -703.842      0.0334083        33.4083       -0.151485     0.00914554        9.14554
    init        0.499489         23.4316     0.00205826        2.05826        -703.548      0.0428792        42.8792       -0.244972      0.0092357        9.23569
    init        0.499604         23.4906     0.00198414        1.98414         -704.22      0.0208648        20.8648       -0.161338     0.00928056        9.28055
    init        0.499413         23.4276     0.00196005        1.96005        -704.015       0.030154         30.154     -0.00433528     0.00910524        9.10523
       1        0.500237         23.4455     0.00197019        1.97019        -704.629     0.00634665        6.34665       0.0703579     0.00924992        9.24992
       2        0.499794         23.4677     0.00198332        1.98332        -704.603     0.00635445        6.35445      -0.0120447     0.00920574        9.20574
       3        0.500368         23.3915     0.00193695        1.93695        -704.729     0.00628922        6.28922        -0.20847     0.00931207        9.31206
       4        0.499833          23.459     0.00195369        1.95369        -704.672     0.00636024        6.36024       0.0683254     0.00916556        9.16556
       5        0.499939         23.4458     0.00195727        1.95727        -704.526     0.00638364        6.38363       0.0144224     0.00921511         9.2151
       6        0.499931          23.419     0.00196469        1.96469        -704.514     0.00635767        6.35767       -0.108348     0.00927996        9.27996
       7        0.500026          23.457     0.00196672        1.96672        -704.656     0.00634403        6.34403      -0.0520634     0.00911514        9.11513
       8        0.499866         23.4546      0.0019613         1.9613        -704.679     0.00632346        6.32346        0.030845     0.00919397        9.19396
   total        0.500483         23.4426     0.00138733        1.96198        -704.626     0.00448661        6.34503      -0.0244608     0.00651807        9.21794

    mode      occupation             +/-         std dev
      -7       0.0761922     4.23416e-05       0.0598801
      -6        0.211286     8.52872e-05        0.120614
      -5        0.639078     0.000175071        0.247588
      -4           1.877     0.000346148        0.489528
      -3          4.9918     0.000623861        0.882273
      -2         11.1892     0.000973205         1.37632
      -1         19.3033      0.00126987         1.79587
       0         23.4426      0.00138733         1.96198
       1         19.2908      0.00127362         1.80116
       2         11.1841     0.000972309         1.37505
       3         4.99213     0.000626992          0.8867
       4          1.8755      0.00034379        0.486192
       5        0.638727     0.000175583        0.248311
       6        0.211944     8.53116e-05        0.120649
       7       0.0763221     4.23532e-05       0.0598965
