   batch        P accept         n0 mean            +/-     n0 std dev          E mean            +/-      E std dev          P mean            +/-      P std dev
    init        0.499499         20.8648     0.00163067        1.63067          -949.4      0.0337889        33.7889      -0.0717949     0.00919908        9.19908
    init        0.499516         20.8449     0.00193974        1.93974        -948.219      0.0570665        57.0665       0.0493255     0.00942123        9.42122
    init        0.499567         20.8161     0.00163529        1.63529        -948.819       0.047546        47.5459       0.0379229     0.00935147        9.35146
    init         0.49969         20.8382     0.00166984        1.66983         -949.14      0.0411975        41.1975        0.149177     0.00905727        9.05726
    init        0.499758         20.8463     0.00178941        1.78941         -948.58      0.0488212        48.8211       0.0721402     0.00934873        9.34872
    init         0.49969         20.8816     0.00181506        1.81506        -948.761      0.0462228        46.2228        0.168057     0.00914955        9.14955
    init        0.499632         20.8539     0.00167201        1.67201        -949.058      0.0421617        42.1617         0.14741     0.00913894        9.13893
    init        0.499548         20.7897     0.00167394        1.67394        -948.521      0.0532571         53.257        0.263239     0.00931535        9.31535
    init        0.499558         20.8646     0.00172204        1.72204        -948.598      0.0571368        57.1368       -0.227579     0.00935527        9.35526
    init        0.499612         20.8496     0.00172268        1.72268        -948.952      0.0434785        43.4785        0.248879     0.00925316        9.25315
    init        0.499685         20.8193     0.00167614        1.67614        -948.811      0.0419164        41.9164        0.210921     0.00934607        9.34607
    init        0.499453         20.9131     0.00195816        1.95816        -948.792       0.041293         41.293      -0.0313117       0.009334          9.334
    init        0.499802         20.8586     0.00171016        1.71016        -948.765      0.0444395        44.4395      -0.0248003     0.00900867        9.00867
       1        0.499859         20.8565     0.00162858        1.62857        -950.073     0.00681256        6.81256       -0.248753     0.00918164        9.18164
       2         0.50012         20.8458     0.00163924        1.63924        -950.054     0.00686074        6.86073       0.0303211     0.00943937        9.43936
       3        0.499938         20.8265     0.00162244        1.62244        -950.084     0.00678026        6.78026        0.477985     0.00921574        9.21573
       4        0.499859         20.8408     0.00163892        1.63892        -950.113     0.00684277        6.84276      -0.0429222     0.00920448        9.20447
       5        0.500008         20.8512     0.00163954        1.63954        -950.186     0.00669386        6.69386        0.325486     0.00912494        9.12493
       6        0.499918         20.7881     0.00162198        1.62197        -950.208     0.00677689        6.77689       0.0237616     0.00915762        9.15761
       7        0.499791          20.801     0.00160831        1.60831        -950.105     0.00679522        6.79522       0.0734489     0.00926387        9.26386
       8          0.5005         20.8321     0.00162892        1.62892        -950.053     0.00678547        6.78546       -0.261294     0.00918676        9.18676
   total        0.499858         20.8302     0.00115173        1.62879        -950.109      0.0048042        6.79417       0.0469796     0.00652353        9.22566

    mode      occupation             +/-         std dev
      -8       0.0558099     3.13871e-05       0.0443881
      -7        0.139795     5.89869e-05       0.0834201
      -6        0.378873     0.000112346        0.158881
      -5         1.02406     0.000210297        0.297405
      -4         2.60426     0.000375086        0.530452
      -3         5.95812     0.000606627          0.8579
      -2         11.5473     0.000864835         1.22306
      -1          17.866      0.00107455         1.51964
       0         20.8302      0.00115173         1.62879
       1         17.8745      0.00107818         1.52477
       2         11.5568     0.000865831         1.22447
       3         5.95439     0.000607773        0.859521
       4          2.6097      0.00037345        0.528137
       5         1.02488     0.000210289        0.297394
       6        0.379796     0.000112377        0.158926
       7        0.139645     5.89179e-05       0.0833224
       8       0.0558618     3.13809e-05       0.0443792
