   batch        P accept         n0 mean            +/-     n0 std dev          E mean            +/-      E std dev          P mean            +/-      P std dev
    init        0.500265          30.512      0.0213182        21.3182         3317.09       0.221604        221.604       -0.276887      0.0493965        49.3965
    init        0.500578         31.2793       0.021759         21.759          3316.7       0.223286        223.286        -1.52389      0.0493965        49.3965
    init        0.500726         29.5193      0.0215714        21.5714         3326.23       0.221767        221.767       -0.787099       0.051341         51.341
    init        0.500284         31.0123      0.0216046        21.6046         3318.26       0.221795        221.795         1.77885       0.050719         50.719
    init        0.500429         30.8592       0.021554         21.554         3320.67       0.222462        222.462          2.0834      0.0500638        50.0638
    init        0.500324         30.0179      0.0215331        21.5331         3320.71       0.221786        221.786        0.975546      0.0495635        49.5635
    init        0.500608         32.4318      0.0221344        22.1344         3320.16       0.226124        226.124         4.16887      0.0492404        49.2404
    init        0.500447         31.8578       0.022302         22.302         3317.88       0.225317        225.317       -0.750612      0.0484628        48.4628
    init        0.500515          30.335      0.0215123        21.5123         3325.57       0.223331        223.331        -0.88172      0.0511326        51.1326
    init        0.500292         31.0371      0.0217975        21.7975         3322.85       0.223535        223.535       -0.534362       0.049526         49.526
    init        0.500476         30.0959      0.0215094        21.5094         3325.79       0.220884        220.884       -0.691777      0.0493154        49.3154
    init        0.500535         31.7689      0.0221256        22.1256          3323.7       0.229016        229.016        0.153982      0.0491784        49.1783
    init        0.500492         30.7305      0.0213054        21.3054          3317.8       0.220238        220.238        -1.66452      0.0485424        48.5424
    init        0.500639         29.6367      0.0212543        21.2543         3328.83       0.224123        224.123        0.205664      0.0513088        51.3088
    init        0.500551         30.7992      0.0212382        21.2381          3319.8       0.221416        221.416         1.22376      0.0505625        50.5625
    init        0.500608         31.7085       0.021813         21.813         3317.22       0.220458        220.458         -2.3991      0.0494839        49.4839
    init         0.50036         31.7039      0.0214447        21.4447         3313.19       0.222617        222.617        -1.35056      0.0491824        49.1824
    init        0.500459         31.4491      0.0221896        22.1896         3311.36       0.220792        220.792        -1.33441      0.0506247        50.6247
    init        0.500496         30.0527      0.0213015        21.3015         3322.96       0.220934        220.934         -1.2975      0.0512844        51.2844
    init        0.500399         31.2978      0.0214929        21.4928         3320.82       0.224351        224.351        -2.57018      0.0496763        49.6763
    init        0.500253         28.7179      0.0214102        21.4102          3326.7       0.222292        222.291        -1.64007      0.0523043        52.3043
    init        0.500508          30.456      0.0213058        21.3058         3323.27       0.222056        222.056        -3.78972      0.0498438        49.8438
    init        0.500524         31.8114      0.0215577        21.5577         3318.07       0.223405        223.405         3.06198      0.0477862        47.7861
    init        0.500678         31.3628      0.0220092        22.0092         3322.09       0.224953        224.953      -0.0140448      0.0499934        49.9934
       1        0.499713         31.8124      0.0218987        21.8987         3318.48       0.222596        222.596         1.27606      0.0492003        49.2003
       2        0.499971         30.9108      0.0216209        21.6209         3320.81       0.221644        221.643         2.53445      0.0488489        48.8488
       3        0.500282         30.8226      0.0214588        21.4588         3317.39       0.220838        220.838        -1.66764      0.0505767        50.5767
       4        0.499858         31.5195      0.0217023        21.7023          3314.9       0.219188        219.188          2.5864      0.0483939        48.3939
       5        0.499841         30.1338      0.0212698        21.2698         3325.99       0.223715        223.715       -0.103681      0.0505809        50.5809
       6        0.500105         29.4995      0.0217659        21.7659         3323.91        0.22077         220.77         -2.1266      0.0520214        52.0214
       7        0.499747         30.4246      0.0220771        22.0771         3318.13       0.221807        221.807         1.08389      0.0496506        49.6506
       8        0.500326         31.1861      0.0210887        21.0886         3325.34       0.222943        222.943        0.723463      0.0493245        49.3244
   total        0.499651         30.7887        0.01529        21.6234         3320.64       0.156773        221.711        0.541353      0.0352577         49.862

    mode      occupation             +/-         std dev
      -6         1.13306     0.000816342         1.15448
      -5         1.59864        0.001147          1.6221
      -4         2.40184      0.00174633         2.46968
      -3         3.99531      0.00289789         4.09823
      -2         7.74807      0.00551414         7.79818
      -1          17.521       0.0114862         16.2439
       0         30.7887         0.01529         21.6234
       1         17.8706       0.0116432          16.466
       2         7.75788      0.00563094         7.96336
       3         4.04358      0.00292583         4.13774
       4         2.41173      0.00174031         2.46117
       5         1.59813      0.00115107         1.62786
       6         1.13143     0.000809012         1.14412
