   batch        P accept         n0 mean            +/-     n0 std dev          E mean            +/-      E std dev          P mean            +/-      P std dev
    init        0.503123         16.6143      0.0139091        13.9091         4275.11       0.377627        377.627       -0.537111      0.0647643        64.7643
    init        0.503012         16.3979      0.0137841        13.7841         4262.23       0.370365        370.365         1.70822       0.064468         64.468
    init        0.503048         15.7592      0.0133683        13.3683         4278.15       0.372078        372.077       -0.127408      0.0657565        65.7564
  accept        0.500194         16.5845      0.0137779        13.7779         4265.37         0.3723          372.3        -1.25819       0.065216         65.216
  accept        0.499932         16.1767      0.0134632        13.4632         4273.46       0.374347        374.347        -1.12295      0.0654927        65.4927
  accept        0.499885         16.1682      0.0135223        13.5223         4268.04       0.373491        373.491        -1.54303      0.0653629        65.3629
  accept        0.500067         16.0265      0.0133616        13.3616         4274.33       0.376968        376.968       -0.418039      0.0646078        64.6078
  accept        0.499807         15.4183      0.0132638        13.2638         4278.62       0.373678        373.678         1.39414      0.0659493        65.9493
  accept        0.499934         15.7978      0.0133912        13.3912         4262.67       0.371678        371.678        -0.10518      0.0655737        65.5737
       1        0.500015         16.0614      0.0133531        13.3531         4271.22       0.373511        373.511        0.883601      0.0645506        64.5506
       2        0.500183         15.7122      0.0131916        13.1916         4271.94       0.371627        371.627       -0.888047      0.0652909        65.2909
       3        0.499961         16.3012      0.0139289        13.9289         4266.62       0.374686        374.686       -0.459435      0.0651345        65.1345
       4        0.500051         15.7791      0.0133783        13.3783         4279.89       0.371275        371.275          -1.306      0.0649138        64.9138
       5        0.499919         16.5507      0.0136771        13.6771         4265.15       0.370875        370.875       0.0480858      0.0659706        65.9706
       6        0.500179         16.0382      0.0135833        13.5833         4269.97       0.372435        372.435         1.43219      0.0650155        65.0155
       7        0.499893         16.9289      0.0138838        13.8838            4266        0.37176         371.76        -1.93019      0.0650616        65.0616
       8        0.500085         16.6029      0.0136209        13.6209         4265.64       0.371194        371.193         0.44082      0.0650103        65.0103
   total         0.49985         16.2468     0.00960575        13.5846         4269.59       0.263164         372.17       -0.213627      0.0460573        65.1348

    mode      occupation             +/-         std dev
      -8         1.31648     0.000938136         1.32672
      -7         1.66591      0.00118749         1.67936
      -6         2.19861      0.00156558         2.21406
      -5         2.97865      0.00211185         2.98661
      -4         4.20517      0.00297201         4.20305
      -3         6.27604      0.00437293         6.18426
      -2         9.45363       0.0063375         8.96258
      -1         13.8265      0.00860024         12.1626
       0         16.2468      0.00960575         13.5846
       1         13.7754      0.00855267         12.0953
       2         9.45135      0.00635156         8.98247
       3          6.2634      0.00436819         6.17755
       4         4.20738      0.00298087         4.21558
       5         2.96293       0.0021017         2.97225
       6         2.18521      0.00155785         2.20313
       7         1.66913      0.00118967         1.68245
       8         1.31744     0.000938467         1.32719
