Number of particles: 100
Nmax: 21
Gamma: 0.5
Interaction type: custom
Step size: 6e-05
Batch size: 200000
Batch count: 65
             Batch number               Average n0          Fluctuations n0                   Energy           Particle count                 Momentum
                        1        4.415925592621525        3.750391313859712        17756.03744858747        99.99991794982779     -0.01066670707540052
                        2        4.564530845073843        4.115674890806122        17756.03729848236        99.99991708925718     -0.01066666949876804
                        3        3.270118896539913        2.861973694841781        17756.03714769085        99.99991623915921      -0.0106665180021146
                        4        3.428262296084667        3.071186855638325         17756.0369953988        99.99991539617878     -0.01066656841861402
                        5        3.575359192315795        3.640215345972579        17756.03685050484        99.99991458530243      -0.0106676694387362
                        6        3.863186042018796        3.491755749854301           17756.03670152        99.99991375542035     -0.01066856991622522
                        7        4.135698463617797         3.74850918902936        17756.03655837006        99.99991294595492       -0.010669131376293
                        8        4.035302076391437        3.746262678492607        17756.03640205805        99.99991209422366     -0.01067009570076038
                        9        4.205473648064102        4.266369745447456        17756.03623633885        99.99991119826159     -0.01067139677766349
                       10          3.1803942680473          2.9643458655007        17756.03611380864        99.99991047247349     -0.01067243527052142
                       11        3.447193500183129        3.200268346810047        17756.03598598362        99.99990971284997     -0.01067335312851014
                       12        3.903537325581996        3.613937041692961         17756.0358315459        99.99990883685129     -0.01067394667406063
                       13        3.307409647536751        3.055641969809668        17756.03569689304        99.99990806185397     -0.01067462634235028
                       14        2.380731706602341        2.219276424792926        17756.03557769839         99.9999073954221     -0.01067455818484575
                       15        2.817667985839394        2.781614764581591        17756.03545171535        99.99990670881581     -0.01067420591136248
                       16        3.382351810222627        3.027185776243363        17756.03533153129        99.99990602872587     -0.01067411565480825
                       17        3.383858891442613        3.071068580533356        17756.03517830689        99.99990518388705     -0.01067446454791821
                       18        3.318838145843988         3.11960285153144        17756.03503267192        99.99990437636808     -0.01067615418408963
                       19        3.220280971227242        2.824073417197635        17756.03486901604        99.99990353280607       -0.010676184979026
                       20        3.826623803478902        3.584413931921051        17756.03473186653        99.99990275047952     -0.01067514290698313
                       21        3.880061211872035        3.497643682758005        17756.03459661611        99.99990195319126     -0.01067536852526274
                       22        3.380126322644291        2.878444112628491        17756.03446761344        99.99990122205183     -0.01067669505367519
                       23         2.88152975766786        2.605132959082046        17756.03434726468        99.99990053494294     -0.01067674554225384
                       24        2.770706965388933        2.624125658136207        17756.03422630308        99.99989986814241     -0.01067644339294915
                       25        3.349652709781541        3.040901845738913        17756.03409599317         99.9998991321027     -0.01067618856412977
                       26        2.995126599868619        2.707723227326424        17756.03396953405        99.99989839869468     -0.01067629588762387
                       27        2.856306406207072        2.882404140783033        17756.03385206201        99.99989769741914     -0.01067549575134308
                       28         2.86870898883138        2.527822180410685        17756.03371337727        99.99989693735395     -0.01067540422513957
                       29        3.270704270731963         2.77008716688543        17756.03358312238        99.99989623143385     -0.01067603021186869
                       30         3.41820263689163        2.967842761457167        17756.03346933263        99.99989555238236     -0.01067596842734275
                       31        3.138601070572107        2.959436878750214        17756.03334767777        99.99989484897219     -0.01067592767492442
                       32        2.866425125808321        2.489108667979921         17756.0332249921        99.99989413497998     -0.01067575089857797
                       33        2.848193247454516        2.691986899729162        17756.03309422139        99.99989333592887     -0.01067477067709888
                       34        3.517776492314701        3.393194370604649        17756.03295362664        99.99989253805434     -0.01067437382037895
                       35        4.610754215953852        4.208632018154955        17756.03280051404        99.99989170288359     -0.01067496440963112
                       36        4.152499730919827        3.566346986703615        17756.03266705599        99.99989092945943     -0.01067433545897245
                       37        4.608499096162954        4.310900221504527        17756.03253249729        99.99989014772811     -0.01067559507791671
                       38        4.154914485157057        3.675832340449325        17756.03238410202        99.99988931516734     -0.01067675239141685
                       39        3.834627128125832        3.489058900082269        17756.03222912928         99.9998884956629     -0.01067710926214183
                       40        4.225528881239775        3.909646960936976         17756.0320862107        99.99988768521483     -0.01067838109106134
                       41        4.387968386380349        3.786056284320827        17756.03194669446        99.99988688509265     -0.01067980208424757
                       42        3.512902721175026        3.403220486090742        17756.03181640365        99.99988613534134     -0.01067972149552432
                       43        2.650360163451532        2.407913927256865        17756.03167914195        99.99988535923111     -0.01067985086240242
                       44        3.090170124670902        2.770364821800062        17756.03150033184         99.9998844322544     -0.01067940578634285
                       45         3.71907017688809        3.345592456720555        17756.03136357652         99.9998836220085     -0.01067862014174636
                       46        3.411702782477631        2.986696791988748         17756.0312331796        99.99988287651892     -0.01067845464950778
                       47         2.82461332232707        2.561242901641958        17756.03111053574        99.99988215847922     -0.01067755716599095
                       48        2.851373887078299         2.52484170609968        17756.03097940803         99.9998813957062     -0.01067650921965679
                       49         3.05131474800735        2.778046940134278        17756.03084570631        99.99988061533803     -0.01067548186401979
                       50        3.633153137070527        3.310252727778767        17756.03070931568        99.99987984922225     -0.01067437982143193
                       51        3.704324669810926        3.367538827017226        17756.03057437558         99.9998790753402     -0.01067358250625006
                       52        2.819268842632912        2.739073252470891        17756.03043592005        99.99987829927321     -0.01067378753256065
                       53        2.649256101520868        2.563023301555877        17756.03031153924        99.99987757119497     -0.01067508421608299
                       54        3.414418206400655        3.146023584801994        17756.03017868315        99.99987683998167     -0.01067547459695994
                       55        3.760408732223247        3.348860158807017         17756.0300552557         99.9998761160078     -0.01067531476613759
                       56         4.22789342746821        3.636247496196702        17756.02990437745         99.9998753007485     -0.01067530760484914
                       57        3.251810117075284        2.984304444924058        17756.02977747502        99.99987456937278     -0.01067393031706843
                       58        3.760662996101131        3.384273431227272        17756.02964533999        99.99987380778715     -0.01067272801533647
                       59        4.076521680145598        3.474995079205315        17756.02949887175        99.99987299549645     -0.01067305666975926
                       60        4.636357480054698        4.385898372159452        17756.02934255268        99.99987214609612     -0.01067428896845257
                       61        3.423354024801688        3.267009888601755        17756.02921038176        99.99987137543624      -0.0106747700407297
                       62        3.045486654449521        2.797833244885195        17756.02908398596        99.99987062425849     -0.01067443977994742
                       63        3.621699260513966          3.3327322304801        17756.02892845304        99.99986976431195     -0.01067440407716447
                       64        4.631208878090612        4.113926346653568        17756.02877515254        99.99986889451273     -0.01067511155441281
                       65        4.034011171419585        3.684498609575076        17756.02863370026        99.99986807098085     -0.01067516241237598

Final average n0: 3.530476956070217
Final fluctuations n0: 3.311509660089027

Averages:
4.415925592621525
4.564530845073843
3.270118896539913
3.428262296084667
3.575359192315795
3.863186042018796
4.135698463617797
4.035302076391437
4.205473648064102
3.1803942680473
3.447193500183129
3.903537325581996
3.307409647536751
2.380731706602341
2.817667985839394
3.382351810222627
3.383858891442613
3.318838145843988
3.220280971227242
3.826623803478902
3.880061211872035
3.380126322644291
2.88152975766786
2.770706965388933
3.349652709781541
2.995126599868619
2.856306406207072
2.86870898883138
3.270704270731963
3.41820263689163
3.138601070572107
2.866425125808321
2.848193247454516
3.517776492314701
4.610754215953852
4.152499730919827
4.608499096162954
4.154914485157057
3.834627128125832
4.225528881239775
4.387968386380349
3.512902721175026
2.650360163451532
3.090170124670902
3.71907017688809
3.411702782477631
2.82461332232707
2.851373887078299
3.05131474800735
3.633153137070527
3.704324669810926
2.819268842632912
2.649256101520868
3.414418206400655
3.760408732223247
4.22789342746821
3.251810117075284
3.760662996101131
4.076521680145598
4.636357480054698
3.423354024801688
3.045486654449521
3.621699260513966
4.631208878090612
4.034011171419585

Fluctuations:
3.750391313859712
4.115674890806122
2.861973694841781
3.071186855638325
3.640215345972579
3.491755749854301
3.74850918902936
3.746262678492607
4.266369745447456
2.9643458655007
3.200268346810047
3.613937041692961
3.055641969809668
2.219276424792926
2.781614764581591
3.027185776243363
3.071068580533356
3.11960285153144
2.824073417197635
3.584413931921051
3.497643682758005
2.878444112628491
2.605132959082046
2.624125658136207
3.040901845738913
2.707723227326424
2.882404140783033
2.527822180410685
2.77008716688543
2.967842761457167
2.959436878750214
2.489108667979921
2.691986899729162
3.393194370604649
4.208632018154955
3.566346986703615
4.310900221504527
3.675832340449325
3.489058900082269
3.909646960936976
3.786056284320827
3.403220486090742
2.407913927256865
2.770364821800062
3.345592456720555
2.986696791988748
2.561242901641958
2.52484170609968
2.778046940134278
3.310252727778767
3.367538827017226
2.739073252470891
2.563023301555877
3.146023584801994
3.348860158807017
3.636247496196702
2.984304444924058
3.384273431227272
3.474995079205315
4.385898372159452
3.267009888601755
2.797833244885195
3.3327322304801
4.113926346653568
3.684498609575076

Last point and parameters for further simulation:
100
21
0.5
custom

0.999689

0.952174

0.871412

0.785515

0.703407

0.628329

0.5611699999999999

0.50178

0.449569

0.403788

0.36367

0.328489

0.297591

0.2704

0.246411

0.225194

0.206375

0.189637

0.174707

0.161352

0.149373

0.1386

0.128884

0.120099

0.112136

0.104901

0.098312

0.092297

0.0867943

0.0817495

0.0771153

0.0728497

0.06891609999999999

0.06528200000000001

0.0619187

0.0588008

0.0559056

0.0532131

0.0507052

0.0483658

0.0461806

0.0441367

0.0422223

-0.1905693236058096
-0.3012976537721648
-0.004683478130399196
1.543945342526372
-1.710179215454281
0.5212965018271306
1.421457951861905
1.690610299760106
0.1936207028476699
-0.06475115220861424
0.8486369013138797
0.7708720851774814
-0.07692829028406324
0.8984709445212371
-0.08457181582955911
1.232417606233555
0.5378740121618344
2.303090421390323
0.1749467777534761
-0.5661018945348617
-1.954211102455123
2.157613959990214
3.03767265846279
2.119009456728388
-0.606031277226712
0.2913940692646905
-0.1795211709277118
-0.0559870268130055
-1.332111723661494
1.062763828390973
-1.057024005069729
-0.1989989030962844
1.51841835475037
0.6508625825040428
-1.264813831898665
0.848170144967464
0.04648294895322115
-0.2398498952310047
0.0290863789395925
-0.6257983117611086
0.4248792714078607
0.2153229978889261
-1.077523559808924
0.4770781268727555
-1.146390749973656
0.2746385175929025
-1.049161559647065
0.5653547381828795
0.841091882911792
-1.37906685736133
1.175494097576548
1.056834362569904
-0.3673779439601873
-0.7765945224822585
1.226062900802695
0.5141386191375398
1.545849043791687
0.2943071935528668
0.3849142084964157
1.191643900093281
-0.6071345875877395
0.004768031704089794
1.291400594119968
-1.602835188719818
0.2444239176552731
-0.6053388687515191
-0.3945763551035842
0.6333267079124016
-0.2510712761579711
0.5980979068519731
-0.008593313845623106
-3.862881263131209
0.792208695506405
0.867613665869199
-0.06016328237842558
-0.1368848126369329
-0.8595367855894216
-1.761044505090014
0.09217140021386136
-0.2380556393068011
0.2559975876892654
1.324061485047259
0.1621113006511362
-0.5768686821559313
1.528768343772069
0.8340213567754526

Final quantities:
3.530476956070217
3.311509660089027
