Number of particles: 100
Nmax: 22
Gamma: 0.5
Interaction type: custom
Step size: 6e-05
Batch size: 200000
Batch count: 65
             Batch number               Average n0          Fluctuations n0                   Energy           Particle count                 Momentum
                        1          3.3819379668149         3.45870182699056        18957.73199702111        100.0000289312437      0.04885572704229446
                        2        3.442293725888697        2.989274880584124        18957.73191032258        100.0000281397831      0.04885218361489763
                        3        3.276934045105645        2.958120114061263        18957.73183149097        100.0000273596676      0.04885293860001383
                        4        2.953794885173956        2.799569794448637        18957.73172086923        100.0000264814145      0.04885117447122234
                        5        2.854666926164405        2.617300888406108        18957.73162686576        100.0000256464444      0.04884962846815633
                        6        2.741969169670925        2.710488383895963        18957.73155131432        100.0000249334474      0.04884736557738556
                        7        3.212826347920647        2.966427364535747        18957.73146672277        100.0000241340441      0.04884564651872125
                        8        2.242003941467295        2.177835958915712        18957.73137697463        100.0000233637482      0.04884573349193477
                        9        2.662056940710324        2.619966279608955        18957.73129018068        100.0000225804179      0.04884725976501869
                       10        3.426241283920712        2.999348092439923        18957.73119111884        100.0000217247923      0.04884957235923082
                       11        3.474138696826215        3.275688526977401        18957.73109441957        100.0000208869491      0.04885200836487513
                       12        2.381927156255068        2.240031212338106        18957.73100202935        100.0000201155543      0.04885440151878395
                       13        2.890441288712162        2.718758253261227        18957.73090602898        100.0000193341173      0.04885587661563306
                       14        2.833831924700338         2.62045918351334        18957.73082551792        100.0000185743148      0.04885861577951811
                       15        3.709248532594071        3.405700532682134        18957.73074919263        100.0000177667087      0.04886136035480959
                       16        3.752505674638186        3.284226673157356        18957.73065077205        100.0000169017335      0.04886365668903281
                       17        3.119024586484044        3.216489086109999        18957.73056753148        100.0000160474192       0.0488670309862016
                       18        3.644196228968552        3.549566166497487        18957.73049298447        100.0000152236794       0.0488710510380681
                       19         3.52924917287427        3.334055139007206          18957.730418911         100.000014418672      0.04887312420633094
                       20         3.14239152557268        2.872146303485859        18957.73033839614        100.0000136393808      0.04887431444452872
                       21        3.193656126768078        2.805636564488907        18957.73025102059        100.0000128509154       0.0488777717505684
                       22        3.259861384118824         3.04628003506269        18957.73015664686        100.0000120455783      0.04888334002004058
                       23          2.5935198319372        2.408387518647504        18957.73004460457         100.000011114674      0.04888828320051175
                       24        2.871143307734617         2.54883509869489        18957.72996105048        100.0000103298958      0.04889126421908685
                       25        2.734762062673659        2.521582403655944        18957.72988073171        100.0000095487658      0.04889383886098919
                       26        2.743030593166855        2.489588900294192        18957.72980711396        100.0000087909888      0.04889580700644203
                       27        2.395302465677804        2.246984858959452        18957.72973152633         100.000007993677      0.04889856735913156
                       28        2.086690147671763        1.758962260989133         18957.7296591338        100.0000072377526       0.0489021094503066
                       29         2.46531038012766        2.125209962707029        18957.72957675204        100.0000064766607      0.04890378182737898
                       30        2.608113783246814        2.339284826713057        18957.72948033177        100.0000056656967      0.04890401652282961
                       31        2.587925622332105        2.306235273655745        18957.72938739065        100.0000049161102      0.04890364222260146
                       32        2.669148174481255        2.305597372192432        18957.72929160472        100.0000040951738      0.04890535016676445
                       33        3.311321979464436        2.872417612891352        18957.72920284769         100.000003295664      0.04890671723623896
                       34        2.561311941027905        2.423068843916586        18957.72910824512        100.0000025579758      0.04890501514556433
                       35        2.291927308769416        2.082742930783419        18957.72903291227        100.0000018303464      0.04890323125195462
                       36        2.351691611105261        2.096548624088496        18957.72894728869        100.0000010732335      0.04890532092248634
                       37        2.125765106518026         1.98626752326972        18957.72885848207         100.000000309089       0.0489055504619671
                       38        2.982072482128237        2.748383844683367        18957.72878078043        99.99999949152223      0.04890587094882903
                       39        4.019659947665944         3.66519043868963        18957.72869650486        99.99999867847583      0.04890684874582263
                       40        3.127806013944797         2.83516298685932        18957.72860099385        99.99999783857596      0.04890753631855205
                       41        3.118592664157886         2.96600456558183        18957.72849631142        99.99999695880462      0.04890928625999891
                       42        3.146047033167864         2.84266558562115        18957.72840573743        99.99999609766046      0.04890966858305745
                       43        2.985460997258071        2.738577051369988        18957.72831345304        99.99999524316627      0.04890886729087285
                       44        2.857567459258231        2.488328960155033        18957.72822019521        99.99999441026517      0.04891021706144016
                       45        3.261804149720547        2.882705831391958         18957.7281223961        99.99999355751416      0.04890950479779121
                       46        2.754906830184037        2.627579725252506        18957.72804454954        99.99999278997107      0.04890903064804553
                       47        2.433644989002897        2.247454104494703        18957.72797442297        99.99999200170947      0.04890883352315534
                       48        2.834547533328933        2.523199072930833        18957.72787825632        99.99999125822069      0.04890845586326797
                       49        2.833949606873013        2.719314607658812        18957.72778322946         99.9999905150103      0.04890905815073054
                       50        2.457348390128254        2.196405700200637        18957.72770575852        99.99998972447487       0.0489088261353583
                       51        3.257701495810697        3.112257966637511        18957.72761695374        99.99998893661206      0.04890743185251978
                       52        3.229627826142107        2.979162760501949        18957.72752407514        99.99998806721658      0.04890787175542854
                       53        3.270822989788997        2.871676955632251        18957.72744336379        99.99998720271712      0.04890691466528096
                       54        3.723111423295093        3.084475001500326        18957.72734508135        99.99998628957975      0.04890722633869871
                       55        3.558080340282758        3.121089732815429        18957.72724216577        99.99998536498221      0.04890743054865077
                       56        3.333563109509198        2.904388293970086        18957.72713121209        99.99998448034947      0.04890751523380743
                       57        3.315944257051444        3.105215347450133        18957.72703523402        99.99998361650148      0.04890795176203255
                       58        2.660118985820464        2.560143567755496        18957.72694049331        99.99998284653404      0.04890807043713608
                       59        3.240875329073025         3.10925141299105        18957.72685344279        99.99998201372904      0.04890765412120146
                       60        4.189438442236134        3.843035892906143        18957.72679854898        99.99998118303863      0.04890620111106969
                       61        3.585248123984391         3.13867134798494        18957.72669822727        99.99998034471724      0.04890446413409677
                       62        2.982730434761578         2.67121076229709        18957.72661713908        99.99997950200101      0.04890315224690767
                       63        3.173002606259407        3.045830267362107         18957.7265227836         99.9999785952803      0.04889947639446035
                       64        2.738078088289176        2.412383957932565        18957.72644680915        99.99997780905828      0.04889566412384738
                       65        2.778974344987155        2.577436952719786        18957.72636913712        99.99997707534828      0.04889240028723663

Final average n0: 3.005736734483001
Final fluctuations n0: 2.825910039856734

Averages:
3.3819379668149
3.442293725888697
3.276934045105645
2.953794885173956
2.854666926164405
2.741969169670925
3.212826347920647
2.242003941467295
2.662056940710324
3.426241283920712
3.474138696826215
2.381927156255068
2.890441288712162
2.833831924700338
3.709248532594071
3.752505674638186
3.119024586484044
3.644196228968552
3.52924917287427
3.14239152557268
3.193656126768078
3.259861384118824
2.5935198319372
2.871143307734617
2.734762062673659
2.743030593166855
2.395302465677804
2.086690147671763
2.46531038012766
2.608113783246814
2.587925622332105
2.669148174481255
3.311321979464436
2.561311941027905
2.291927308769416
2.351691611105261
2.125765106518026
2.982072482128237
4.019659947665944
3.127806013944797
3.118592664157886
3.146047033167864
2.985460997258071
2.857567459258231
3.261804149720547
2.754906830184037
2.433644989002897
2.834547533328933
2.833949606873013
2.457348390128254
3.257701495810697
3.229627826142107
3.270822989788997
3.723111423295093
3.558080340282758
3.333563109509198
3.315944257051444
2.660118985820464
3.240875329073025
4.189438442236134
3.585248123984391
2.982730434761578
3.173002606259407
2.738078088289176
2.778974344987155

Fluctuations:
3.45870182699056
2.989274880584124
2.958120114061263
2.799569794448637
2.617300888406108
2.710488383895963
2.966427364535747
2.177835958915712
2.619966279608955
2.999348092439923
3.275688526977401
2.240031212338106
2.718758253261227
2.62045918351334
3.405700532682134
3.284226673157356
3.216489086109999
3.549566166497487
3.334055139007206
2.872146303485859
2.805636564488907
3.04628003506269
2.408387518647504
2.54883509869489
2.521582403655944
2.489588900294192
2.246984858959452
1.758962260989133
2.125209962707029
2.339284826713057
2.306235273655745
2.305597372192432
2.872417612891352
2.423068843916586
2.082742930783419
2.096548624088496
1.98626752326972
2.748383844683367
3.66519043868963
2.83516298685932
2.96600456558183
2.84266558562115
2.738577051369988
2.488328960155033
2.882705831391958
2.627579725252506
2.247454104494703
2.523199072930833
2.719314607658812
2.196405700200637
3.112257966637511
2.979162760501949
2.871676955632251
3.084475001500326
3.121089732815429
2.904388293970086
3.105215347450133
2.560143567755496
3.10925141299105
3.843035892906143
3.13867134798494
2.67121076229709
3.045830267362107
2.412383957932565
2.577436952719786

Last point and parameters for further simulation:
100
22
0.5
custom

0.999689

0.952174

0.871412

0.785515

0.703407

0.628329

0.5611699999999999

0.50178

0.449569

0.403788

0.36367

0.328489

0.297591

0.2704

0.246411

0.225194

0.206375

0.189637

0.174707

0.161352

0.149373

0.1386

0.128884

0.120099

0.112136

0.104901

0.098312

0.092297

0.0867943

0.0817495

0.0771153

0.0728497

0.06891609999999999

0.06528200000000001

0.0619187

0.0588008

0.0559056

0.0532131

0.0507052

0.0483658

0.0461806

0.0441367

0.0422223

0.040427

0.0387414

0.07244006461190312
0.6368841881409052
1.143338403773806
0.7556698192745483
-1.59157785129363
1.017854037860888
-1.100780101175057
-0.3147658086126826
-0.5019879330147166
-1.168132395040719
0.3281203308497225
-0.3028567706004505
1.014090370780549
-2.713435753898215
1.080454666519588
1.218095266933259
-1.146442394997669
0.05859640334641265
-1.276901453835559
1.068819884256303
0.5401332427122828
0.7268797106753324
-0.7789057037311146
1.65087464833081
-0.6515411976908903
-0.5003227563442567
1.797894970870646
1.719021287354522
0.2492010674808663
-1.829453927997289
1.774796120943835
-1.194059179271787
-0.5400660873292383
1.153315279197648
1.895883100159959
-0.03559202130567608
-0.842953227627863
0.7361773403897662
-0.39512856037448
-1.39221897949898
-0.2186650956240201
-0.2784674486278323
0.1457482403917504
-0.5158519597128299
0.1468889835432608
1.548918188831129
0.2302547054462948
0.8014399074500763
0.6133491352486082
-0.4797403118620849
0.4304936879074142
-1.112323803250315
-0.2804327117686611
-0.1203355636108662
0.8348276026833187
-0.780028195426234
-0.7730990166452503
1.049422558056937
0.07136552065257418
-0.09216557635502695
-0.03873269700462911
2.187312590213271
2.100269143855245
-0.2448275474707033
-0.3705915591924219
1.453601503244095
-1.149915045365969
-0.2643947088201681
1.152323076592278
2.058475309582099
-0.2352043996390378
-1.274921891434545
-0.7476204710233836
1.379471604794079
1.189947824722707
-0.9539280400707757
-2.16552719914675
-0.7445480929038464
-0.656832585639105
-0.6404832435909561
2.078556733576517
0.05891490310804378
0.2314567512879548
-0.1550458977679486
-0.4127002219173897
0.504900198727986
1.713986487971433
-0.0692184220329275
-0.02703263635190392
0.9280019153852371

Final quantities:
3.005736734483001
2.825910039856734
