Number of particles: 100
Nmax: 10
Gamma: 0.5
Interaction type: contact
Step size: 9e-05
Batch size: 200000
Batch count: 500
             Batch number               Average n0          Fluctuations n0                   Energy           Particle count                 Momentum
                        1        11.95835227944905        10.27997380529672         8306.90611496273         99.9999665399496      0.01666623151676205
                        2        12.27897543039412        10.31703449157287        8306.905718925052        99.99996456588246      0.01666630809792835
                        3        12.79131019632413        10.49487844040175        8306.905315659886        99.99996255862811      0.01666614586696546
                        4        11.60775939162735        9.766848468160076        8306.904920286384        99.99996058525834      0.01666618191270253
                        5        11.36654328383722        9.384451122008524        8306.904545914254        99.99995868974592      0.01666625661145638
                        6        13.48721358091962        10.63812554710702        8306.904139943821        99.99995667596295      0.01666649922685437
                        7        11.69517477992283         9.79034830999411        8306.903737793007        99.99995467668153      0.01666615934846849
                        8        11.36507732929699        9.698693904354515        8306.903357489846        99.99995275549142      0.01666604605324107
                        9        11.74938949457779        9.976009088331816        8306.902985374691        99.99995087244025      0.01666588188574458
                       10        12.15577335718624        10.21509074734386        8306.902599778281        99.99994893222353      0.01666588864732921
                       11        11.46590566239427        10.09762647099473         8306.90220932904        99.99994697880915      0.01666603043284187
                       12        10.41748556987505        8.982780819264663        8306.901825865756        99.99994505388192       0.0166658602509564
                       13         11.3567360912479        10.05822356280749        8306.901416155077        99.99994303110806      0.01666609924786933
                       14        12.17610488341327        10.65220290045775         8306.90099473752        99.99994095570926      0.01666621804568269
                       15         11.7026568832103         9.80778183904666        8306.900571468235        99.99993887696257      0.01666655278400242
                       16        10.87624858874306        9.265147516732331        8306.900176405665        99.99993690117833      0.01666704003703146
                       17        12.54316329710593        10.16110646772893        8306.899789867817        99.99993495956753      0.01666732845917096
                       18        11.56392738468159        10.22473638152771        8306.899376624609        99.99993291171664      0.01666701698872242
                       19        12.53680984977149        9.989353665597569        8306.898957222724        99.99993084336205      0.01666746131978597
                       20        11.36115548653857        9.562024290546017        8306.898585213143        99.99992896376986       0.0166671004005412
                       21        10.99833213540576        9.571290645613383        8306.898193198671        99.99992700631127      0.01666715834493715
                       22        11.59326085086608         10.0501245173092        8306.897804602502        99.99992506006146      0.01666782470890382
                       23        11.62172858263055        9.796288045969789        8306.897411846312        99.99992309519889      0.01666799114505291
                       24         11.7695185361066        9.963046816975927        8306.897003739774        99.99992107486351      0.01666774790601977
                       25        12.44188736653557        10.52928984780099        8306.896613813014        99.99991912497845      0.01666754619275146
                       26        11.72692141854822        10.30015353732951        8306.896185766404          99.999917031527      0.01666757015937037
                       27        12.10392754104391        10.71967938916849        8306.895775058476        99.99991500413987      0.01666782135442446
                       28        12.15059335329101        9.848025054939802        8306.895382427901        99.99991304421528      0.01666808170505174
                       29        12.01849135377775        10.30671039255413        8306.894976314567        99.99991102491285      0.01666781596858158
                       30        13.55920075068734        10.76767971695428        8306.894584911828         99.9999090657502      0.01666786963427214
                       31        12.38657128883621         10.6158793538586        8306.894183224189        99.99990707366688      0.01666815491252827
                       32         11.2925799427901        10.37467378832599        8306.893787385919        99.99990510214596      0.01666808732426972
                       33        11.28152771952736        9.511114699887814         8306.89340225757        99.99990316480701      0.01666770164538178
                       34         10.4749997187153        9.248443153305853        8306.893034718534        99.99990129741111       0.0166677066734735
                       35        11.47346025244941        9.981601776647747        8306.892668874378        99.99989944096509      0.01666791608901264
                       36         11.8458135142796        10.42281858124607        8306.892293136119        99.99989753820559      0.01666761566973207
                       37        13.27311878616515        10.15407373678617        8306.891882711989        99.99989551215106      0.01666754564404727
                       38        12.24521358889582        10.07620403662318        8306.891461294701        99.99989344274053      0.01666789539293845
                       39        11.95492448549433        10.41847536873282        8306.891069882169        99.99989148804391      0.01666791934622047
                       40        12.06884190268792         10.1855216917639        8306.890677657424        99.99988952569487      0.01666744490328487
                       41         11.7257147878646        10.07171963236875        8306.890275586013        99.99988752673136      0.01666733915229202
                       42        10.73341690723897        9.295820332982393        8306.889901125509        99.99988563530815       0.0166677386105718
                       43        13.59538054920979        11.47991649535135        8306.889493953546        99.99988361213784       0.0166678955133186
                       44        11.53927416916792        9.996146163179498        8306.889086960069        99.99988159429297      0.01666785234039025
                       45        12.06732924329879         10.2677624563137        8306.888689001877        99.99987961013919      0.01666788836828914
                       46        11.46592534999696        9.624816766404548        8306.888305013379         99.9998776811901       0.0166681270030864
                       47        10.71276171636078         9.29306779282676        8306.887928396951        99.99987578284291      0.01666822902770093
                       48        12.63984057446323        10.29310923616703        8306.887549682813        99.99987387713098      0.01666822312616389
                       49        11.26062901088466        9.517391079851809        8306.887152641706         99.9998718894787      0.01666822120312617
                       50        11.17267502778985        9.646275297954842        8306.886772894797        99.99986998025928      0.01666795411823507
                       51        11.97387035314589        10.09693958579795        8306.886364989077        99.99986796032208      0.01666829097477773
                       52        11.18099959233472        9.261815364290522         8306.88598947932        99.99986606377684      0.01666819707291722
                       53        12.89561008748201        10.35315237066342        8306.885571392355        99.99986400451587      0.01666822528842715
                       54        11.16742620464656        8.937702648601984        8306.885164155276        99.99986198835053      0.01666808942966203
                       55        11.74368500285927         10.2429209562684        8306.884769484572        99.99986001653613      0.01666839492026551
                       56         10.6548471084425        9.269791372651618        8306.884391702448        99.99985811382251      0.01666863559298193
                       57        13.51135406337751        11.12252457429923        8306.883983483245          99.999856092027      0.01666885097430626
                       58        12.79699121221974         11.1957330316958        8306.883560244754        99.99985401092844      0.01666880337336707
                       59         11.5650126055767        9.603020900278111        8306.883166909593        99.99985204480772      0.01666912467019088
                       60        12.02555740801398        10.05467245793392        8306.882775680315        99.99985008220398      0.01666896043701538
                       61        11.63530100923798         10.6307850810911        8306.882360623722         99.9998480400875      0.01666867700186003
                       62         10.7996111652072         9.10028149295543        8306.881977152703        99.99984611518819       0.0166688998963922
                       63         11.6355093626437        10.30850733003503        8306.881534955159        99.99984396140576      0.01666893854865847
                       64         11.3705739529319        9.689781129794843        8306.881163362361        99.99984208612102      0.01666897842229276
                       65        11.19974347659702        9.855233075252475         8306.88078447342        99.99984017680491       0.0166689732330223
                       66        11.80431546006726        9.839642167525792        8306.880365503925        99.99983810605718      0.01666916102045413
                       67        11.64363745700088        9.634792288792559        8306.879956258314        99.99983608169416      0.01666949420928932
                       68        12.13627370303267        10.03903253132877        8306.879542236054        99.99983404180364      0.01666947916130113
                       69        12.80895398688698        10.56710017299144         8306.87914857571        99.99983207597789       0.0166694239590921
                       70        12.61157491722592        10.69726821850848         8306.87875052969        99.99983009093391      0.01666966068136766
                       71        12.16799483268407        10.29635672505974        8306.878346007403          99.999828079963      0.01666984106531633
                       72        11.66940366943178        9.698871429551509         8306.87794566941        99.99982608974632      0.01666986944287441
                       73        12.30916917626897        9.925572324612059        8306.877547757744        99.99982410463619      0.01666986031095519
                       74        11.65306026542155        10.14324125856923        8306.877147700598        99.99982211487368      0.01666986482076993
                       75        12.23659644568479        10.11109366776499        8306.876736960852        99.99982008290719      0.01666986548189264
                       76        11.55144634302369        9.632894262751913        8306.876337782429        99.99981809666939      0.01667009585961488
                       77        11.19870981293805        9.783250081726734         8306.87594714137        99.99981613723045      0.01666984112858749
                       78        11.78716985119801        10.06546988626097        8306.875520355083        99.99981404684777      0.01666983988213389
                       79        10.59230476480682        9.144152809291086        8306.875147512326        99.99981215936603      0.01666986954462502
                       80        11.89325731823182        9.956922018955014        8306.874726446813         99.9998100903349      0.01667051410929332
                       81         11.1061937207694        9.412620168682995        8306.874349413516        99.99980818640542      0.01667051175935352
                       82        11.90633555700468        10.00379643005991        8306.873963257349          99.999806249209      0.01667050499026956
                       83        11.82160997059182        10.14747200139609        8306.873578663892        99.99980431683815      0.01667018275802867
                       84        12.63810224281019        10.29426002458374        8306.873176378391        99.99980231359325      0.01667015478737621
                       85        13.73331356814053        10.69817100255618        8306.872755815235         99.9998002402405       0.0166701176999311
                       86        11.55629907119263        9.679046407471384        8306.872338776688        99.99979818225238      0.01667007678230803
                       87        11.25188221003974         9.68231005558272        8306.871944971062        99.99979621786649      0.01667019548641235
                       88        11.09937016148286         9.42751360404448        8306.871554767748        99.99979426358021      0.01667009309783962
                       89        12.03904156620536        10.25545828998751        8306.871151517709        99.99979226159381      0.01667001903135912
                       90        11.77874171740614        10.32890604100349        8306.870728369007        99.99979018345024      0.01667021526183987
                       91        12.19557323769864         9.92042376334232        8306.870326276859        99.99978818411327      0.01667005241887409
                       92        11.38527804764605        9.817582834409665        8306.869950057491        99.99978628265386      0.01666959907712595
                       93        11.20231996004757        9.751544711441086        8306.869553619896         99.9997843053452      0.01666931821037387
                       94        11.67428486541975        9.926461950606798        8306.869165115349        99.99978235489395      0.01666935229711797
                       95        11.48517200234021        10.07899596241119        8306.868773979206        99.99978039908515      0.01666926785437894
                       96        12.25635659052938        10.21073977249994        8306.868372090452        99.99977839639435      0.01666918371585968
                       97        11.37178833782677         9.60331595734092        8306.867997128571        99.99977650257355      0.01666911729858356
                       98        12.02025740666755        10.34018695638522        8306.867585666932        99.99977446853617      0.01666903723329316
                       99         12.1693883973261        10.32558522715855        8306.867214898595        99.99977258943485      0.01666873755869602
                      100        13.09975335835726         10.2349476635615         8306.86680145933        99.99977054890986      0.01666913725952668
                      101        11.61993193200079        10.06845222768148        8306.866401156765        99.99976855481117      0.01666933120116099
                      102        11.09106220406451        10.03540933458983        8306.866031603357        99.99976667944723      0.01666922176793229
                      103        11.26882531242666        9.876398703362604        8306.865636272509        99.99976471014335      0.01666914055669633
                      104        12.78487794898024        10.36924730794216        8306.865215265881        99.99976263761215      0.01666895807359836
                      105        11.68179626847842        10.00861893920941        8306.864799265371        99.99976059005311      0.01666888045751413
                      106        12.10842810775167        10.37055493906213        8306.864351726204        99.99975841741912       0.0166693312117685
                      107        11.57870160624145          9.8488379373582         8306.86396491188        99.99975647988974      0.01666924709538886
                      108        11.97343420769462        10.04147008325576        8306.863569449832        99.99975450289236      0.01666933221498224
                      109         12.2813433426149        10.48733224306712        8306.863181736258        99.99975255306326      0.01666940475262813
                      110        11.29844333123864        9.957642107129118        8306.862793186963        99.99975060593218      0.01666931570696617
                      111        12.63044586876076         10.1762619078228        8306.862400629692        99.99974863988622      0.01666924728406904
                      112        11.36651802377566        9.952665100424928        8306.862025033974        99.99974674164926      0.01666936214502357
                      113        12.27808323476661        10.21833266588765        8306.861618646961        99.99974472577145      0.01666947487074211
                      114        12.34733280237094        10.61443324228532        8306.861219705803        99.99974273878725        0.016669217946089
                      115         10.7041063619086        9.411294376762168        8306.860830776264        99.99974079283385      0.01666921494461704
                      116        11.60990823915996        10.13000211643224         8306.86046397379        99.99973892699647      0.01666933522343239
                      117        12.59118699604212        10.47990401048959        8306.860044364028        99.99973686496642      0.01666916753706005
                      118        12.42355669611873        10.02004527798551        8306.859630835235        99.99973482691273      0.01666933586797015
                      119        11.54847516702867        9.987772677057185        8306.859231255192        99.99973283905736      0.01666933807835491
                      120        12.04092715741518        9.798248930032234        8306.858813984087        99.99973078311776      0.01666923292969713
                      121        10.95767376665574        9.229982977515425        8306.858451325654        99.99972893973391      0.01666923447131552
                      122        11.82518882742815        9.673603094731522         8306.85805733149         99.9997269675511      0.01666921309217528
                      123        12.28709352147297        9.592414346524155        8306.857663596656        99.99972500230713      0.01666933682135507
                      124        11.06298622765445        9.790342758544778        8306.857274479155         99.9997230576099      0.01666929177709786
                      125        12.32656326275801        10.65680342808967        8306.856873560801        99.99972105786114      0.01666933577681995
                      126        13.36263336458225        10.51831203926939        8306.856489492731        99.99971912659606       0.0166690768101212
                      127        11.63623742961736        10.18615831515038        8306.856096620255        99.99971716074556      0.01666944079204313
                      128        11.54301501845331        9.757637817968035        8306.855722057673        99.99971526892158      0.01666974711697389
                      129        11.61407160760886         9.59457371725451        8306.855334593181        99.99971332749423      0.01666959473169527
                      130        12.17652630801561         10.0862936291594        8306.854921462924        99.99971129189557      0.01666967837288524
                      131        11.81879734637402         9.23157274605361        8306.854528177182        99.99970933012023      0.01666992596522299
                      132        12.37320303612663        10.15318893871508         8306.85413325757        99.99970735875279        0.016669657276001
                      133        12.60899572836178        10.49724386341685         8306.85376050368        99.99970546961016      0.01667000077971181
                      134          11.979335626855        10.21658588757835        8306.853348387231        99.99970343265002      0.01666968798077662
                      135        12.43844461987733        10.47781597393334        8306.852950983401        99.99970145333549      0.01667008319162022
                      136        10.95133050482788        9.292034254729426        8306.852585091159        99.99969959408023      0.01667026638306091
                      137        12.55438899761036         9.97334114025754        8306.852196300584        99.99969764651597      0.01667032779392663
                      138        11.75586742391886        9.777750970045947        8306.851789981545        99.99969563124773      0.01667020633095539
                      139        12.16609846904882        10.02404601446757        8306.851401448381        99.99969368158291      0.01666992888615937
                      140        11.75624039866649        9.980021120889933        8306.851016059994        99.99969174480276      0.01666981893264463
                      141        12.60866475344996        10.15884934011034        8306.850610106561        99.99968972644623      0.01667001082428499
                      142        11.64723692199145        9.590738685120275         8306.85021688143        99.99968775996409      0.01666987197566971
                      143        12.65829408595817        10.22456291796127        8306.849806873224        99.99968572369305      0.01666974964235024
                      144        12.47584411040555        10.18690428410975        8306.849400430528        99.99968370394583      0.01666965398058728
                      145        10.57797907266499        9.747804821117843        8306.848995551867        99.99968169797434      0.01666997126752534
                      146        11.66903174155747        9.834838115294321        8306.848608807008         99.9996797575495      0.01666997879769117
                      147        10.91829567207737        9.344782804143028        8306.848203312458        99.99967774394482      0.01666993954498874
                      148        11.23787275317354        9.831869113251187        8306.847813100228        99.99967579111807      0.01667013396902206
                      149        11.74578506687752        10.10872509816398        8306.847413414513        99.99967379872179      0.01667035055389832
                      150        12.50465309729333        10.15398306344403        8306.847000821243         99.9996717577876      0.01667029770286632
                      151        12.36620888591371        10.29316141829859        8306.846611079016        99.99966980430723      0.01667026749729139
                      152        12.44981080853309        9.792968424214443        8306.846190628263        99.99966773300778      0.01667034863544714
                      153        12.29195748382734        10.43451595208448        8306.845784607249        99.99966571986324      0.01667029191204072
                      154         11.6696636865143        10.26837590854094        8306.845401649009        99.99966379649166      0.01667012291997594
                      155        11.75686230559779        9.626891889436635         8306.84500598052        99.99966182430013      0.01666983173390424
                      156        10.86953959163746        9.793750780934445        8306.844594553977         99.9996597873056       0.0166698564368426
                      157        11.92234552181264        10.12180351089582        8306.844199382862        99.99965781683619      0.01666967067067837
                      158        12.89168649044618        10.40006097905101        8306.843770158566        99.99965571120855      0.01666918959309704
                      159        11.62800858927981        9.484166343148276         8306.84339192584        99.99965380715047      0.01666880899928902
                      160         13.4551639365963        10.42824827738903        8306.843000708281        99.99965184861054      0.01666864143789226
                      161        12.27240224994975        10.15758600392967        8306.842596688173        99.99964984168096      0.01666871781891821
                      162        11.02333759354923         9.49659050475654         8306.84220699913        99.99964788962539      0.01666872110560647
                      163         11.7599623650893        10.06897865469817        8306.841813234842        99.99964592418277      0.01666861389173846
                      164         11.7232400822126        9.931161737786805        8306.841401066345        99.99964388822571      0.01666917661554734
                      165        12.36008254765754        10.66703494753197        8306.840966361118        99.99964177110583      0.01666898419517082
                      166        11.88763280572991        9.653766703572341        8306.840572781264        99.99963980507756      0.01666934768829975
                      167        12.59844476067645        10.24064546536959        8306.840162675211        99.99963777209251      0.01666950098594233
                      168        12.89036524875355        10.73830638419982        8306.839745024026        99.99963571292946      0.01666925405539033
                      169        12.36238081962065        10.48437454750402        8306.839355696826        99.99963375895427       0.0166692301785698
                      170        11.28704762615414        9.745950370958463        8306.838952172449        99.99963174887685      0.01666896123225925
                      171        12.17774276883647        10.85526626101645        8306.838541413956        99.99962971742303      0.01666894183862233
                      172        12.06723646112474        10.17378162246327        8306.838161608228        99.99962780232788      0.01666843667616114
                      173        12.35667626742483        10.59762657597858        8306.837763751886        99.99962582109667      0.01666834576347842
                      174         11.1721605184048        9.567452222731516        8306.837352765249        99.99962379045886      0.01666850935419362
                      175        13.07600529642128        10.84684318594251        8306.836947504467        99.99962178387383      0.01666842512893218
                      176        11.45686620060059        9.873104289519379        8306.836535850962        99.99961974526171      0.01666848089206141
                      177        11.89501592305022        10.08996581898139         8306.83614096422        99.99961777553342      0.01666852235932481
                      178        12.86352449621999        10.54771726820916        8306.835742800176        99.99961578857504       0.0166682244295373
                      179        11.14652547430038         9.41494135582815        8306.835325512391         99.9996137273706       0.0166678577693844
                      180        11.05948273819738        9.121057906055107        8306.834935074359        99.99961176963699      0.01666815427556756
                      181        11.30472757705149        9.750548106960753         8306.83454058928        99.99960979681997      0.01666810986182288
                      182        10.98741583413736        10.04286606214736        8306.834158601241        99.99960787277672      0.01666812647858151
                      183        12.11363935352346        9.964319482522191        8306.833747555471        99.99960583908775      0.01666821575872302
                      184        12.77616282253367         10.9738286813874        8306.833340844469        99.99960382304587      0.01666798102653289
                      185        12.11898997041278        9.768909820215034        8306.832957343287        99.99960189566347      0.01666779083158509
                      186        12.09005782855074        10.38036137665907        8306.832525311251         99.9995997815208      0.01666759637317305
                      187        11.11871741900006        9.517652261473678        8306.832121528496         99.9995977737336      0.01666754299679774
                      188        11.71145196847294        9.679721881668415        8306.831715743361        99.99959575784317       0.0166676666413359
                      189        11.64649994345427        9.724122417081809        8306.831340743076        99.99959386280632      0.01666760051389637
                      190        11.63906918092988        10.05869145860237        8306.830946121047        99.99959189364803      0.01666782630936225
                      191        11.97928438792508         10.2363109466324        8306.830523423529        99.99958981930602      0.01666776296687278
                      192        12.46758971208551        10.77958014984297        8306.830100125086         99.9995877367253      0.01666775193840486
                      193         11.7970896468195        9.657970092869737        8306.829711683135        99.99958578791507       0.0166674948902461
                      194        11.64076990985267        9.547565738107687        8306.829308596616        99.99958378455753      0.01666740059220118
                      195           10.79386824117        9.570629800142495         8306.82891085281        99.99958180202114      0.01666723180814955
                      196        11.79783773634025        9.495871638901134        8306.828532406436        99.99957989454538      0.01666668718723852
                      197        11.60992394685942        9.833133859343786        8306.828123071795        99.99957786979836      0.01666682083712701
                      198        12.14038207920475        9.492806266048305        8306.827724127159        99.99957588454519       0.0166666750623321
                      199        11.33609426069294        10.01686267177107        8306.827347142953        99.99957398686085      0.01666654732423289
                      200        12.33365469016712        10.95000697530417          8306.8269532788        99.99957201940643      0.01666638263934317
                      201        11.59258575111924        9.831305260636819        8306.826546655862        99.99957000094753      0.01666612607990015
                      202        12.00196202481238        10.11828664148497        8306.826145859448        99.99956800772959      0.01666640106084039
                      203        13.34972239100686        10.96380286908464        8306.825731887979        99.99956596301433       0.0166661504485397
                      204        11.84605713567679        9.721023916075135         8306.82535258668        99.99956405030343      0.01666598036787259
                      205        11.42314166601401        9.381177912926141        8306.824956022747        99.99956207029159      0.01666601098125575
                      206        13.41062309433114        10.88167321443306        8306.824574136419        99.99956014449664       0.0166659870584418
                      207          13.477703713142        11.24242519703173        8306.824144368797        99.99955803794927      0.01666599038800154
                      208        12.06110826091273        9.859102816135795         8306.82375206818        99.99955608244049      0.01666617934542813
                      209        11.77429699862031        10.22323111094241         8306.82334681734        99.99955407323129      0.01666624183473253
                      210        12.11803704807916        9.962904122257584        8306.822964520088        99.99955214607462      0.01666619359500388
                      211        11.23793167948099        9.975669606393541         8306.82256804353         99.9995501689895      0.01666647424888623
                      212         12.2210053643606        10.42709253687618        8306.822158235818        99.99954814287197      0.01666616136365384
                      213        12.19025790504958        10.11030901189928         8306.82177988174        99.99954623392868      0.01666621996796636
                      214        11.44445758541915        10.07554829319858        8306.821406932471        99.99954435093858      0.01666646713694853
                      215        12.48122645358742        10.55252665651108        8306.821003104951        99.99954234602738      0.01666624282121987
                      216        11.33764015040861        9.586172909375666        8306.820612230558        99.99954039384495      0.01666600472255642
                      217         11.8276217206125        10.51713249400417        8306.820197964922        99.99953834997726      0.01666566058890595
                      218        11.16991813096342        9.809627719239119        8306.819776136221        99.99953628099733      0.01666570354901653
                      219        11.43834183187475        9.799513031335199        8306.819380132951        99.99953430651364      0.01666601866548323
                      220        11.73818338595361        9.837604176493516        8306.818962187244        99.99953225048785      0.01666627585277602
                      221        12.56667972923554        10.20623669459216        8306.818563253661        99.99953026165767      0.01666643246461952
                      222        11.81347895970457        9.669493503226786        8306.818151876485        99.99952823178651      0.01666691438228662
                      223        10.84689626301295        9.898780937362584        8306.817731781093        99.99952616405918      0.01666670244756574
                      224        11.36473153799139        9.318742611073997        8306.817327419549        99.99952416306945      0.01666659951977323
                      225        12.51996835569693        10.50350325289415        8306.816930177811        99.99952218179719      0.01666657113696779
                      226        12.29176459012945        10.37944998878327        8306.816540814754        99.99952023869774      0.01666695694488851
                      227        11.71188045982047        10.23249452188091        8306.816141700563        99.99951825053654      0.01666718357069996
                      228        12.81793951460525        10.61673679192631        8306.815699148172         99.9995161016395      0.01666697672113848
                      229        12.07746622558614        10.09940231359915        8306.815300037491        99.99951411213728      0.01666694611163133
                      230        11.63523682811829        9.767338602727179        8306.814880539243        99.99951204816286      0.01666688497583768
                      231        12.13928135432027        10.33260750652039        8306.814463764011        99.99950999513666      0.01666671252908181
                      232        11.68850416294407        10.06326469378377        8306.814065592251        99.99950801023556      0.01666706464760992
                      233        10.97451620425567        9.429915783260787         8306.81369689754        99.99950614031053      0.01666717553354591
                      234        12.15262840525116        9.713057219845544        8306.813313800005        99.99950421718783      0.01666731170463009
                      235        11.21389535929295        9.962430525853707        8306.812936050777        99.99950231124295      0.01666747297143267
                      236         10.8310323033887        9.283880138948833        8306.812550683317        99.99950037646869      0.01666753729491965
                      237        12.14827247332144        10.15482673665874        8306.812163523195        99.99949843133211      0.01666759964328213
                      238        12.38757239686526        10.07216066619882        8306.811767066731        99.99949645349056      0.01666776818875704
                      239        12.57296279545531        10.26441885744699        8306.811347679963        99.99949439343608      0.01666808520038288
                      240        13.00596957347805        10.63359072238868        8306.810905847307        99.99949224704632      0.01666806464647053
                      241        12.56899689325577        10.53211132003456        8306.810517612797        99.99949030322567      0.01666767117084067
                      242        12.57011921649045        10.17039978917696        8306.810118468016        99.99948831564622      0.01666754149036365
                      243         11.5449294394194        9.297415419710925        8306.809726095471        99.99948634879456      0.01666771593771443
                      244        12.18542238437781         9.71283252485116        8306.809328218791        99.99948436719102      0.01666787312758666
                      245        12.54122686900964        10.18838243804297        8306.808928070583        99.99948237421587      0.01666805264024873
                      246        13.23944889847715        10.84766291921085        8306.808530078191        99.99948038784716       0.0166681783021172
                      247        12.76690780826424        10.20983419037022         8306.80813816943         99.9994784243744      0.01666798438391925
                      248        12.99027987590182        10.23636564339501        8306.807730558648         99.9994764056694      0.01666803585306464
                      249        11.10684720662934        9.326383474627132        8306.807343489449          99.999474461425       0.0166681052094475
                      250        11.69917062102084        10.23775745495361        8306.806945852759        99.99947247962928      0.01666824863660565
                      251        12.90124677419943        10.74325832063799        8306.806533037716        99.99947043656864      0.01666809396115099
                      252        11.88582466578405        9.537879062576316        8306.806136346124        99.99946845638911      0.01666821646820615
                      253        12.96468737956532        11.11647084517926        8306.805724989354        99.99946642487427      0.01666835784734388
                      254        10.63274071432378        9.139120863942379        8306.805334486167        99.99946446649534      0.01666823771244452
                      255        11.81429679762758        10.07833386416017        8306.804941162056        99.99946250190727      0.01666842400549529
                      256        11.93921737293089        9.365218664597734        8306.804542024569        99.99946051645402      0.01666816833887452
                      257        11.15530875818132        9.824156966708717        8306.804145064609        99.99945854077274      0.01666824440813564
                      258         11.6662690587369        10.10854648168505        8306.803765562856        99.99945662648622      0.01666821721308054
                      259        11.50534088165153        9.300006237748748        8306.803350900887        99.99945458005907      0.01666847099635405
                      260        11.75725411659227        9.720416030781898        8306.802942719782        99.99945255707486      0.01666871882567555
                      261        12.41143586056405         10.3842594063303         8306.80255002024        99.99945059003792      0.01666903776100259
                      262        11.16523399221082        9.383628531642158        8306.802173998592        99.99944869154545      0.01666843913772098
                      263         12.1352444480343        10.54258264583107        8306.801726380045        99.99944652740486      0.01666826189156034
                      264        11.23216033876332        9.986424787042838        8306.801342976845        99.99944460337751      0.01666818038962958
                      265        12.69264760686174        10.13401761289411        8306.800925502579        99.99944254437833      0.01666807970366513
                      266        13.13895788871119        10.19754604821528        8306.800528040452        99.99944055977035      0.01666790119134021
                      267        12.27085070732032        10.26417236830937        8306.800121029919        99.99943854533495      0.01666786487169603
                      268        11.80045788774571        10.40860987752244        8306.799726130628        99.99943657557287      0.01666808318612034
                      269        11.74797500991347        9.734687444712449        8306.799315226102        99.99943454404759      0.01666806061003062
                      270        12.43179237919542        10.61831319627476        8306.798901045391        99.99943249936391      0.01666832488128378
                      271        11.79486155663346        9.830239746398695        8306.798511980527        99.99943054865926       0.0166684834830324
                      272        12.03084893386761         10.2511223692121        8306.798107884411        99.99942854115046      0.01666859455535885
                      273        11.75873040722141        10.58221997086668        8306.797681970025        99.99942645504269      0.01666825459364674
                      274        12.37737737496923        10.01200347241884        8306.797283079546        99.99942446544472      0.01666836399832938
                      275        11.63235890721274        10.39313166048206        8306.796875209602        99.99942244402737      0.01666806931619824
                      276        12.70293875101902        10.03244817969793        8306.796482714164        99.99942047552577      0.01666798039226425
                      277        11.63382359914165        10.14425319906739        8306.796071465982        99.99941844008626      0.01666792208135881
                      278        12.03668809132674        9.455392382946696        8306.795662008701         99.9994164160108      0.01666758798917911
                      279        11.67100931233342        9.716114108560662        8306.795293875461        99.99941454959726      0.01666751628666319
                      280        12.09058723114035        10.12414005365742        8306.794910309211        99.99941262345564      0.01666768265625151
                      281        12.13571111980135         10.0042615622294        8306.794522525557        99.99941068385623      0.01666772422948881
                      282        12.39250363447058         10.6583054801488        8306.794101599662        99.99940861543739      0.01666774493070733
                      283        11.95649213445845        9.685551344545015        8306.793706290171        99.99940664097637      0.01666763352010037
                      284        11.75074345690365         9.73073326053048        8306.793301983038        99.99940463714657      0.01666761819365448
                      285        13.06025347848666        10.75375836078631        8306.792872364304        99.99940253375452      0.01666751898766705
                      286         11.7164075811354         9.83948233123021        8306.792477048646        99.99940056198531      0.01666745531463221
                      287        12.29448400397093        9.925253237064462        8306.792068708517        99.99939854385151      0.01666761857953247
                      288        12.80225920529143        11.11920084952678        8306.791669123184        99.99939654944814      0.01666789708130167
                      289        12.15143146459178        10.85626258540869         8306.79124478473        99.99939446608705      0.01666808101201411
                      290        10.55463067972788        9.738579355894013        8306.790856028098        99.99939251883627      0.01666801600540246
                      291        11.04888990100102        9.375675980293449         8306.79045279459        99.99939051174016      0.01666784241037078
                      292        11.90593544818808        9.962796435001573         8306.79006754667        99.99938857733238      0.01666825952100659
                      293        12.15627789249444        10.22830624485124        8306.789651190973         99.9993865239165      0.01666841983139733
                      294        11.62080321774707        10.08770645510069        8306.789261985692        99.99938457338655      0.01666820353590737
                      295        12.71475860519477        10.07598848578123        8306.788876615448        99.99938263684702      0.01666847177521191
                      296        12.16633311795264        9.809341558145283        8306.788491516831        99.99938070443916      0.01666821178810274
                      297        11.14923448720123        9.619845832488002        8306.788114671286        99.99937879943469      0.01666793416745094
                      298        11.48356417113657        9.414369962934449        8306.787727640305        99.99937685446474       0.0166680946634532
                      299        11.20112356608202        9.396522514073261        8306.787328420514        99.99937487322183      0.01666821954931663
                      300        10.91684291384377        9.423048790523952        8306.786920298959        99.99937284677917      0.01666832995987377
                      301          10.937179590191        9.732287835801008        8306.786497649424        99.99937076976678      0.01666871398965064
                      302        11.50456479954534        9.642068431502308        8306.786108054624        99.99936881502668       0.0166687361988993
                      303        11.94455341045643        9.938252554747947        8306.785705849965        99.99936681376568      0.01666838253531822
                      304         12.5079209597288        11.00299799245183        8306.785301565002        99.99936480444251      0.01666804359109531
                      305        12.01013158035088        9.944280019107701        8306.784890826651         99.9993627722006      0.01666786496492634
                      306        11.49149921880618        9.927565209292279        8306.784474479049        99.99936071981405      0.01666796933545056
                      307        12.09986745981995        10.13745684314145        8306.784053361849        99.99935864560413      0.01666795995810766
                      308        12.13529428156409        10.20884310268956        8306.783645909854        99.99935662396516      0.01666782318577731
                      309        10.30072161974835        9.309330286610397        8306.783256642899        99.99935467673232      0.01666802703635373
                      310        11.75753539492682        9.598556197676997        8306.782862178479         99.9993527025805       0.0166679396697873
                      311        12.91950182190719        11.01773567859682         8306.78244117117        99.99935063327334      0.01666805729086107
                      312        11.70291401270582        9.873079627409769        8306.782018820057         99.9993485638546      0.01666847072186073
                      313        11.26649815225487        9.570733073186469        8306.781628803776        99.99934660906288       0.0166685347823865
                      314        12.02936931507135        10.45709444433805        8306.781222054133        99.99934459201334      0.01666891054592412
                      315        12.72843778211523        10.21648551480906        8306.780794179676        99.99934250319755      0.01666867070053968
                      316        12.16127581542329        9.613440125713996        8306.780380153255        99.99934045822745      0.01666875200784546
                      317        12.83973243928204        10.73887443654858        8306.779956800967        99.99933837539609      0.01666844088256347
                      318        11.08037983724042         9.21317126876481        8306.779561546155         99.9993363992611      0.01666852449405454
                      319        12.21973291917264        10.34462979976822        8306.779142180796        99.99933433824812      0.01666810570661159
                      320        12.09795934802931         10.4613088959594        8306.778744411218        99.99933235315996      0.01666809603736752
                      321        13.06774900043019         11.0208698424418        8306.778338860599        99.99933033872853      0.01666821570110955
                      322        11.02442258046275         9.40628767511112        8306.777941712948        99.99932836000781      0.01666849259720049
                      323         12.6152044899779        10.73185543198199        8306.777526832624        99.99932631222657      0.01666851474106501
                      324        11.79245484312485        10.21694259532143        8306.777147729343        99.99932439781325      0.01666885296601794
                      325        11.66735678937278        10.24251806390818        8306.776764215749        99.99932246480931      0.01666887863510169
                      326        12.27492246009318        10.04060170760637         8306.77636200443        99.99932046252998      0.01666866703114067
                      327        12.47405332107725        10.31261465827309         8306.77593762375        99.99931837625067      0.01666855165303538
                      328        11.71934967867598        10.47956091520375        8306.775499047995        99.99931624120491      0.01666876059926103
                      329        12.90656105522281        10.28180448204711        8306.775117484132        99.99931431908755      0.01666865162249387
                      330        12.51433947372514        10.12405805876522        8306.774700526192        99.99931225980255       0.0166684180808776
                      331        11.85597983464948        9.389932362042112        8306.774302483478         99.9993102744112      0.01666857112956599
                      332        12.26508674490758        9.915459397351258        8306.773886847686        99.99930821803733        0.016668646503188
                      333        11.48130076187953        9.919487794325596        8306.773525433187        99.99930637390267      0.01666856334319089
                      334        12.56517836769872         10.5948642302504        8306.773141320944        99.99930444111554      0.01666850130565933
                      335        10.35548638408966        8.864170987100135        8306.772755138913        99.99930250321525      0.01666866898014163
                      336        11.28660518527901        9.747169801139101        8306.772358442755        99.99930052374489      0.01666888446176706
                      337         12.0297940196437         9.50423173664691        8306.771945728406        99.99929848353371      0.01666847983187303
                      338        11.06889095273293        10.15919682898456        8306.771539471327        99.99929646603108      0.01666866999064887
                      339        12.55307410920925        10.41707558807977        8306.771157866126        99.99929454234486      0.01666880585404407
                      340        11.31285079869813        9.936240576305076        8306.770763368877        99.99929257010426      0.01666851123224422
                      341        10.84575406983605        9.830468707218852        8306.770354613473        99.99929054667521       0.0166686810424217
                      342         11.1444268206205        8.900078463924787        8306.769958125287        99.99928857347263      0.01666881221296279
                      343        11.39564769670081        9.688506169135808        8306.769559789711        99.99928658396195      0.01666879834411583
                      344        11.58585821418014        10.08942514449934        8306.769181887297        99.99928467858392      0.01666839162591849
                      345        11.09543884902073        9.643704436271712        8306.768790992057        99.99928272036826       0.0166686475665685
                      346        12.09841164593495        10.03030965359914        8306.768389219891        99.99928072267954      0.01666902725333763
                      347        11.43705230651479        9.549426360680412          8306.7679829634        99.99927870380857      0.01666907486370484
                      348         11.6591902167006        9.944138913424636        8306.767595562387         99.9992767606999      0.01666943923913244
                      349        11.37038525947662        10.40372888275821        8306.767223918152        99.99927487751906      0.01666981779572296
                      350        12.17885104828936        10.00506131741889        8306.766805727679         99.9992728186489      0.01666941586073278
                      351        11.16440696210797        9.794253646128908        8306.766414801312        99.99927086794227      0.01666914549253917
                      352        11.02820599457117        9.753555364977094        8306.766038976933        99.99926897392767      0.01666907740652057
                      353        11.36333443057756        9.699061570849217        8306.765660844267        99.99926706785341      0.01666879962370338
                      354        12.05329090101862        10.05714744946396        8306.765278676772        99.99926514812668      0.01666862373197686
                      355        10.82388501906993        9.748793584554715        8306.764899687259        99.99926324224906      0.01666856366788849
                      356        10.68705176146136        8.978451779669436        8306.764523505835        99.99926134227165      0.01666872762533878
                      357        11.59030940211667         10.0159254986871        8306.764115790404        99.99925932019306      0.01666874464020829
                      358        11.82960868844391        10.22573562201684        8306.763709868634        99.99925730612534      0.01666851888170839
                      359        12.11817270436949        9.793595877461941        8306.763308444233        99.99925530861262      0.01666859251906949
                      360        11.67955447563378        10.34663098739867        8306.762915239826        99.99925333997481      0.01666866523798127
                      361        12.24733603465717        9.710254976510628        8306.762528968593        99.99925140283139      0.01666888735399574
                      362        10.04968276317771        8.454370913047468        8306.762132126718        99.99924942947641      0.01666855686917135
                      363        11.05541682755394        9.401605701018031         8306.76173451567        99.99924744562321      0.01666858792846959
                      364        11.67612148171425        9.690899138285952        8306.761331947702        99.99924544782289      0.01666883013788656
                      365        11.46037419954969        9.953839395934539        8306.760947262781        99.99924351519812      0.01666869160366513
                      366         11.9425250015281        9.744249971833099        8306.760531215954        99.99924146142561      0.01666873458509954
                      367        11.92086330387813        10.20197594717673        8306.760109408804        99.99923938960927      0.01666883258580398
                      368        12.54600039826648        10.47063021391147        8306.759676530068        99.99923727423113      0.01666905133197183
                      369         11.8403925668979        10.79425888776074        8306.759293270663        99.99923534634561      0.01666917321244199
                      370        11.45776595908742        9.843054810474325        8306.758909683394        99.99923341439874      0.01666911508671198
                      371        11.16098375542667        9.588869737020605        8306.758509927553         99.9992314302564      0.01666912266106024
                      372        12.07570375266472        10.22516564902609        8306.758105819346        99.99922942305787      0.01666906302646609
                      373        12.94956171688012        10.75269220493238        8306.757688626672        99.99922736703323       0.0166692479434829
                      374        11.24528683433798        10.24120608486362        8306.757292600514         99.9992253914459      0.01666901633695828
                      375        11.97095246748506         9.48816831125232        8306.756868852823        99.99922330932367      0.01666963382875153
                      376        11.43217548557926        9.750400155917312        8306.756470124032        99.99922132048586      0.01666942427860718
                      377         12.9571363851649        10.38547776961652        8306.756079077857        99.99921935834301      0.01666944989338148
                      378        11.85966318849083         10.0776127104588        8306.755671379768        99.99921733843571      0.01666935454971608
                      379        12.47584698270378         11.0351920580527        8306.755254020594        99.99921527535197      0.01666923712650004
                      380        11.39655602991949        9.286473395822185        8306.754873990534        99.99921335979442      0.01666918663237027
                      381        12.16463184373206        10.22931667952144        8306.754442199946        99.99921124093831      0.01666929206635626
                      382        11.06818464483179        9.557421376662541        8306.754033267527        99.99920921483746      0.01666903439160095
                      383        12.32333828408185        10.35546550120503        8306.753628732306        99.99920720786886      0.01666860319660657
                      384        12.55311320620944        10.78466632208055        8306.753225844837        99.99920520412034      0.01666895399504398
                      385        12.49167739022836         10.1137993254811        8306.752837311284        99.99920325981508      0.01666876761449565
                      386         11.8861531039293        9.808698922961943        8306.752414645116        99.99920117596312      0.01666879279482503
                      387        12.37556441621499        10.28461644172351         8306.75202404945        99.99919922292206       0.0166686551970443
                      388        12.35259406791595        10.42635026730091        8306.751638803973        99.99919728932944       0.0166685793438397
                      389        12.96117341761725        10.69880188210139        8306.751234668869        99.99919528054629      0.01666892051331459
                      390         12.3508190585231        10.16162878686508        8306.750827030408        99.99919326558972      0.01666895647381139
                      391        13.08112739164605        11.10676347955848         8306.75039539048        99.99919115342171      0.01666895901596988
                      392        11.96294171269899        10.05162343384666        8306.749994200132        99.99918915303557      0.01666883491963578
                      393        10.89363415033106        9.519999935128949        8306.749602911339         99.9991871941849      0.01666895848114791
                      394        11.53316471375341        9.786854858352042        8306.749195019591        99.99918517281205      0.01666889980347008
                      395        12.29003859943631        10.39814173707199         8306.74879069204        99.99918316462897       0.0166689810627112
                      396        11.08959889134204        9.356516426021591        8306.748372800062        99.99918110486152      0.01666890847819325
                      397        12.01127709131096        10.20611958812863        8306.747942379841        99.99917899873515      0.01666904682944681
                      398        11.74710945540834        9.945071319865665        8306.747577047368        99.99917714260029      0.01666935482174203
                      399        11.16118957626913        9.153226522781205        8306.747180763548        99.99917517023579      0.01666963524084952
                      400        11.17664253213757        9.623286575881979        8306.746775750818        99.99917316181561      0.01666955232496292
                      401        10.51153947665192        9.141905448200511        8306.746390586281         99.9991712291483       0.0166699782391504
                      402        11.38971823889962        9.966282199445567        8306.745981280634        99.99916920015502       0.0166702615804617
                      403         10.8017360226379          9.5764924205361         8306.74558445211        99.99916722471394      0.01667052047581463
                      404        12.05888739840942         10.0799532169539        8306.745175933011        99.99916520687982      0.01667078805689393
                      405        11.75302925720841        9.701730430465313        8306.744773807497        99.99916320828258      0.01667047951250566
                      406        12.57630759859365        10.47385503137482        8306.744382543551        99.99916124542459      0.01667063618293518
                      407        11.23914627340799        9.615315464036231        8306.743991415755        99.99915928397476      0.01667084929173157
                      408        12.35119603035535        9.895326933358882         8306.74358964167         99.9991572852599      0.01667086873847978
                      409         11.9802129041994         10.2697538375042        8306.743195578063        99.99915531268118      0.01667100852429915
                      410        12.68986457964195        10.54407180299281        8306.742792016152        99.99915331025021      0.01667126352328729
                      411          12.520947566372        10.03377489701503        8306.742362363679        99.99915120595647      0.01667143588435316
                      412         12.4556747019652         10.1798151248028        8306.741954218565        99.99914917770106      0.01667190089168002
                      413        12.36150367787106        10.47262472873743        8306.741535305566        99.99914711535604      0.01667209252738022
                      414        12.57258213270616        10.24824495089003        8306.741145413867        99.99914516042195      0.01667178688649784
                      415        13.26033615493288        10.65151413088308        8306.740751880949        99.99914319545597      0.01667183172420295
                      416        11.87910262694652        9.913007826468776        8306.740362431079        99.99914124711611      0.01667218607655663
                      417        11.29249159706275        10.02675181489658        8306.739958208322        99.99913924102145      0.01667197454090186
                      418        12.46866158125172        9.570434089159699        8306.739560852649        99.99913726346068      0.01667251274400594
                      419        11.25059561754913        9.384441502133972        8306.739155694995        99.99913525260521      0.01667231424506355
                      420         12.3720946407777        10.40892586136575        8306.738751663128        99.99913324460037      0.01667223450428068
                      421        10.75658605126062        9.606216290753572        8306.738381325231        99.99913137469326      0.01667240514894353
                      422        11.14023025884677         9.30850227924951        8306.737981444207         99.9991293805825       0.0166721081586978
                      423        12.00671400801597        10.17507782591426        8306.737580307697        99.99912738363069      0.01667235955246227
                      424        12.07224302590014        10.10336811836894         8306.73719384504        99.99912544591041        0.016672533631926
                      425        12.30388850322781        10.30109186270468        8306.736816740784        99.99912354049246      0.01667215355802298
                      426        12.69036125882728        10.55117564340152        8306.736434348453        99.99912161839384      0.01667242509624955
                      427        11.75324169863888        10.11685173452573        8306.736022379548        99.99911958377987      0.01667267658572236
                      428        12.61388071207623        10.63434048647347        8306.735628683698        99.99911761922048      0.01667285884354897
                      429        11.26054271905176        9.486661810407842        8306.735241275483        99.99911568088592      0.01667300551139306
                      430        11.81433328068726        9.927081743575574        8306.734821521497         99.9991136080198       0.0166729676948929
                      431        12.00616186179943        9.949514538362459        8306.734407419757        99.99911156035191       0.0166727423091686
                      432        12.43127116158966        10.18341679345728        8306.733987377169         99.9991094904903      0.01667266040277848
                      433        10.97223482877612        9.980580807775961        8306.733579256372        99.99910746700436      0.01667278412740103
                      434         10.9339188974347        9.462461291898448         8306.73319405107        99.99910553272161      0.01667290298044577
                      435        12.56139685330325        10.46498841642823         8306.73280548287         99.9991035833248      0.01667287494453085
                      436        12.58652398967785        10.41201267666638        8306.732430822287        99.99910168929188      0.01667275109004152
                      437        12.89593930204045        10.58948959980708        8306.732007439528        99.99909961198929      0.01667260987294661
                      438        11.18083757576913        9.342768858348292           8306.731612698        99.99909764149095      0.01667262150212423
                      439        10.75097424938725        9.015578738944996        8306.731221501941        99.99909568493337      0.01667258534313021
                      440        11.43930708542894        9.465174647500017        8306.730837713765        99.99909375654734      0.01667239825375333
                      441        10.82530007629991         9.37464635833628        8306.730422851559        99.99909170515664        0.016672425460726
                      442        11.82842020372768        9.943784243917658        8306.730042310894        99.99908978312742      0.01667243035617538
                      443        12.54499280302971        10.56672525497055         8306.72963680849        99.99908777107517      0.01667252270783592
                      444        11.17258487283731        9.775048149362226        8306.729230414705        99.99908575637227      0.01667237892038465
                      445        11.98994540689531        9.909731846312269        8306.728840356433        99.99908380546671       0.0166722391711307
                      446        11.31431934455053         9.54062393761963        8306.728441532501        99.99908181741876      0.01667209926630653
                      447        10.35158681486624         8.98296314216558         8306.72805391719        99.99907987392383      0.01667217585097092
                      448        10.76096731439156         9.44872275969162        8306.727672583167        99.99907795513086      0.01667257600245797
                      449        12.70297666096828        10.78573835982715        8306.727258344446        99.99907590702122      0.01667246359776442
                      450        12.35252891333915        10.68977575459418         8306.72684755883        99.99907387662448       0.0166722453423791
                      451        10.91500740344008        9.540826361777658        8306.726448936433        99.99907188927712      0.01667193406817447
                      452        11.40073104526782        9.305708129927163        8306.726062064652        99.99906994428098      0.01667207761093437
                      453        11.79779095450131         10.0965531886175        8306.725643626152        99.99906788559035      0.01667214974923326
                      454        11.98548321786481        9.875004885070881        8306.725202473212         99.9990657345829      0.01667228859694703
                      455        12.81179356299265        10.76213695964494        8306.724779228343        99.99906365495148      0.01667179662758844
                      456        12.00180818799236        10.28210148380676        8306.724378173192        99.99906166208683      0.01667144485730176
                      457        11.78186603300597        9.799989168827029        8306.723978022206        99.99905966934752      0.01667135457294577
                      458        11.93526285220939        10.00663968703019        8306.723595438125        99.99905774196191      0.01667114191453933
                      459        11.45003192681397        9.995524472052884        8306.723213097664        99.99905582187529      0.01667135706642497
                      460        12.08648609270522        10.49925042329731        8306.722819289662        99.99905385176945      0.01667120538990474
                      461        10.29059105451596        9.172063186641482        8306.722425242133        99.99905188323785      0.01667104818476162
                      462        12.39641151301292        10.04634318922716        8306.722037078631        99.99904993407628      0.01667106552088882
                      463        11.90217416373388        9.951195531867763        8306.721622487172        99.99904789466622      0.01667078189726112
                      464        12.28516230200315        10.16375578804671        8306.721229688339        99.99904593075155      0.01667052234631683
                      465        11.35885457495717        9.901828414132082        8306.720843320663         99.9990439929514      0.01667052187612938
                      466          11.592975960358        9.678762693585508           8306.720440682        99.99904199279777      0.01667020222656923
                      467        12.20368638940121        10.28655410960653        8306.720040705082        99.99903999894995       0.0166701364745947
                      468        11.27723584160092        10.15595738132114        8306.719644140414        99.99903801731541      0.01666989990932066
                      469        11.58038796804907        9.891722495635953        8306.719231229621        99.99903597603483      0.01667010542091063
                      470        12.16529003634795        10.16191913332297        8306.718837707191        99.99903401104864      0.01667005984569503
                      471        12.07214613014137        10.32572316019992        8306.718425617517        99.99903197612969      0.01666998004235953
                      472        11.48672501373953        9.794657966233236        8306.718000943418        99.99902988809286      0.01666943841992463
                      473        12.42686565909997        10.57274590935077        8306.717566653997        99.99902776969199      0.01666926960341097
                      474        12.43879878330596        9.869316221244652        8306.717144573382        99.99902569843243      0.01666927435940124
                      475        12.25888248037773        10.36039770550533        8306.716750566671        99.99902372910333      0.01666942349605804
                      476        12.30778868789705        9.867961753958525        8306.716342667598        99.99902171177575      0.01666918762971159
                      477        12.20197778627288        10.18551023536588        8306.715918938417        99.99901962904859      0.01666927901072768
                      478        12.14906998100119         10.4748032561992        8306.715523186302        99.99901765498454      0.01666872418221033
                      479        12.13988455143581        10.48388630872262        8306.715140833943        99.99901573101808       0.0166686914137415
                      480        11.92222580206898        9.779843049554735        8306.714722566416        99.99901366946274      0.01666870037517043
                      481        12.37841695693528        10.29295893421662        8306.714313561302        99.99901164261546      0.01666876299479725
                      482        11.08177257428264        9.090764269591379        8306.713941754135        99.99900975632904      0.01666872328459945
                      483        11.82514919760723        10.00611122151929         8306.71355314754        99.99900780995293      0.01666848257891829
                      484        12.19939772903367        10.10313940602299        8306.713161430842        99.99900584498515      0.01666871336919584
                      485        10.95758866377975        9.859977810685194        8306.712779634689        99.99900392670386      0.01666847206945121
                      486        11.57933790091648        9.616747818923631        8306.712388678476        99.99900196829833      0.01666838067920295
                      487        12.30785264185171        10.33850734398377        8306.711974578753        99.99899992255322      0.01666868722890769
                      488        11.68720083218731        10.08995989979923        8306.711572933022        99.99899792481365      0.01666938274567897
                      489        12.67263098280751        10.43808611550086        8306.711157391317        99.99899586658873      0.01666953851238606
                      490        11.14529004792564        10.26297088125543        8306.710768151866        99.99899391491302      0.01666946948754955
                      491        12.13559457625827        9.984137731538263        8306.710334169404         99.9989917978276      0.01666952032343261
                      492        11.87861533158669        10.29186004515443        8306.709912188973        99.99898972360926       0.0166695478182568
                      493        10.86431406693384        9.428651361729949        8306.709529592499         99.9989877964048      0.01666893195350738
                      494        10.92912769120057        9.552783599206654        8306.709133547158        99.99898582397995      0.01666870381407648
                      495        12.95613918421242         10.9217886344187        8306.708756145927         99.9989839167241      0.01666868081051831
                      496        11.22060725243437        9.266110978226781        8306.708361996491        99.99898194680982       0.0166686061764576
                      497        12.26180476845496        10.46754604731593        8306.707961839778        99.99897995416549      0.01666879575326163
                      498        11.38346125466192        9.863837666340027        8306.707572824056        99.99897800648058      0.01666910087622853
                      499        11.94371246760186        10.49589491026878        8306.707155763104        99.99897594772496      0.01666902968176132
                      500        11.35512289522888        9.247416448970096        8306.706774283284        99.99897402564245      0.01666889347033074

Final average n0: 11.87326987577597
Final fluctuations n0: 10.04511372047241

Averages:
11.95835227944905
12.27897543039412
12.79131019632413
11.60775939162735
11.36654328383722
13.48721358091962
11.69517477992283
11.36507732929699
11.74938949457779
12.15577335718624
11.46590566239427
10.41748556987505
11.3567360912479
12.17610488341327
11.7026568832103
10.87624858874306
12.54316329710593
11.56392738468159
12.53680984977149
11.36115548653857
10.99833213540576
11.59326085086608
11.62172858263055
11.7695185361066
12.44188736653557
11.72692141854822
12.10392754104391
12.15059335329101
12.01849135377775
13.55920075068734
12.38657128883621
11.2925799427901
11.28152771952736
10.4749997187153
11.47346025244941
11.8458135142796
13.27311878616515
12.24521358889582
11.95492448549433
12.06884190268792
11.7257147878646
10.73341690723897
13.59538054920979
11.53927416916792
12.06732924329879
11.46592534999696
10.71276171636078
12.63984057446323
11.26062901088466
11.17267502778985
11.97387035314589
11.18099959233472
12.89561008748201
11.16742620464656
11.74368500285927
10.6548471084425
13.51135406337751
12.79699121221974
11.5650126055767
12.02555740801398
11.63530100923798
10.7996111652072
11.6355093626437
11.3705739529319
11.19974347659702
11.80431546006726
11.64363745700088
12.13627370303267
12.80895398688698
12.61157491722592
12.16799483268407
11.66940366943178
12.30916917626897
11.65306026542155
12.23659644568479
11.55144634302369
11.19870981293805
11.78716985119801
10.59230476480682
11.89325731823182
11.1061937207694
11.90633555700468
11.82160997059182
12.63810224281019
13.73331356814053
11.55629907119263
11.25188221003974
11.09937016148286
12.03904156620536
11.77874171740614
12.19557323769864
11.38527804764605
11.20231996004757
11.67428486541975
11.48517200234021
12.25635659052938
11.37178833782677
12.02025740666755
12.1693883973261
13.09975335835726
11.61993193200079
11.09106220406451
11.26882531242666
12.78487794898024
11.68179626847842
12.10842810775167
11.57870160624145
11.97343420769462
12.2813433426149
11.29844333123864
12.63044586876076
11.36651802377566
12.27808323476661
12.34733280237094
10.7041063619086
11.60990823915996
12.59118699604212
12.42355669611873
11.54847516702867
12.04092715741518
10.95767376665574
11.82518882742815
12.28709352147297
11.06298622765445
12.32656326275801
13.36263336458225
11.63623742961736
11.54301501845331
11.61407160760886
12.17652630801561
11.81879734637402
12.37320303612663
12.60899572836178
11.979335626855
12.43844461987733
10.95133050482788
12.55438899761036
11.75586742391886
12.16609846904882
11.75624039866649
12.60866475344996
11.64723692199145
12.65829408595817
12.47584411040555
10.57797907266499
11.66903174155747
10.91829567207737
11.23787275317354
11.74578506687752
12.50465309729333
12.36620888591371
12.44981080853309
12.29195748382734
11.6696636865143
11.75686230559779
10.86953959163746
11.92234552181264
12.89168649044618
11.62800858927981
13.4551639365963
12.27240224994975
11.02333759354923
11.7599623650893
11.7232400822126
12.36008254765754
11.88763280572991
12.59844476067645
12.89036524875355
12.36238081962065
11.28704762615414
12.17774276883647
12.06723646112474
12.35667626742483
11.1721605184048
13.07600529642128
11.45686620060059
11.89501592305022
12.86352449621999
11.14652547430038
11.05948273819738
11.30472757705149
10.98741583413736
12.11363935352346
12.77616282253367
12.11898997041278
12.09005782855074
11.11871741900006
11.71145196847294
11.64649994345427
11.63906918092988
11.97928438792508
12.46758971208551
11.7970896468195
11.64076990985267
10.79386824117
11.79783773634025
11.60992394685942
12.14038207920475
11.33609426069294
12.33365469016712
11.59258575111924
12.00196202481238
13.34972239100686
11.84605713567679
11.42314166601401
13.41062309433114
13.477703713142
12.06110826091273
11.77429699862031
12.11803704807916
11.23793167948099
12.2210053643606
12.19025790504958
11.44445758541915
12.48122645358742
11.33764015040861
11.8276217206125
11.16991813096342
11.43834183187475
11.73818338595361
12.56667972923554
11.81347895970457
10.84689626301295
11.36473153799139
12.51996835569693
12.29176459012945
11.71188045982047
12.81793951460525
12.07746622558614
11.63523682811829
12.13928135432027
11.68850416294407
10.97451620425567
12.15262840525116
11.21389535929295
10.8310323033887
12.14827247332144
12.38757239686526
12.57296279545531
13.00596957347805
12.56899689325577
12.57011921649045
11.5449294394194
12.18542238437781
12.54122686900964
13.23944889847715
12.76690780826424
12.99027987590182
11.10684720662934
11.69917062102084
12.90124677419943
11.88582466578405
12.96468737956532
10.63274071432378
11.81429679762758
11.93921737293089
11.15530875818132
11.6662690587369
11.50534088165153
11.75725411659227
12.41143586056405
11.16523399221082
12.1352444480343
11.23216033876332
12.69264760686174
13.13895788871119
12.27085070732032
11.80045788774571
11.74797500991347
12.43179237919542
11.79486155663346
12.03084893386761
11.75873040722141
12.37737737496923
11.63235890721274
12.70293875101902
11.63382359914165
12.03668809132674
11.67100931233342
12.09058723114035
12.13571111980135
12.39250363447058
11.95649213445845
11.75074345690365
13.06025347848666
11.7164075811354
12.29448400397093
12.80225920529143
12.15143146459178
10.55463067972788
11.04888990100102
11.90593544818808
12.15627789249444
11.62080321774707
12.71475860519477
12.16633311795264
11.14923448720123
11.48356417113657
11.20112356608202
10.91684291384377
10.937179590191
11.50456479954534
11.94455341045643
12.5079209597288
12.01013158035088
11.49149921880618
12.09986745981995
12.13529428156409
10.30072161974835
11.75753539492682
12.91950182190719
11.70291401270582
11.26649815225487
12.02936931507135
12.72843778211523
12.16127581542329
12.83973243928204
11.08037983724042
12.21973291917264
12.09795934802931
13.06774900043019
11.02442258046275
12.6152044899779
11.79245484312485
11.66735678937278
12.27492246009318
12.47405332107725
11.71934967867598
12.90656105522281
12.51433947372514
11.85597983464948
12.26508674490758
11.48130076187953
12.56517836769872
10.35548638408966
11.28660518527901
12.0297940196437
11.06889095273293
12.55307410920925
11.31285079869813
10.84575406983605
11.1444268206205
11.39564769670081
11.58585821418014
11.09543884902073
12.09841164593495
11.43705230651479
11.6591902167006
11.37038525947662
12.17885104828936
11.16440696210797
11.02820599457117
11.36333443057756
12.05329090101862
10.82388501906993
10.68705176146136
11.59030940211667
11.82960868844391
12.11817270436949
11.67955447563378
12.24733603465717
10.04968276317771
11.05541682755394
11.67612148171425
11.46037419954969
11.9425250015281
11.92086330387813
12.54600039826648
11.8403925668979
11.45776595908742
11.16098375542667
12.07570375266472
12.94956171688012
11.24528683433798
11.97095246748506
11.43217548557926
12.9571363851649
11.85966318849083
12.47584698270378
11.39655602991949
12.16463184373206
11.06818464483179
12.32333828408185
12.55311320620944
12.49167739022836
11.8861531039293
12.37556441621499
12.35259406791595
12.96117341761725
12.3508190585231
13.08112739164605
11.96294171269899
10.89363415033106
11.53316471375341
12.29003859943631
11.08959889134204
12.01127709131096
11.74710945540834
11.16118957626913
11.17664253213757
10.51153947665192
11.38971823889962
10.8017360226379
12.05888739840942
11.75302925720841
12.57630759859365
11.23914627340799
12.35119603035535
11.9802129041994
12.68986457964195
12.520947566372
12.4556747019652
12.36150367787106
12.57258213270616
13.26033615493288
11.87910262694652
11.29249159706275
12.46866158125172
11.25059561754913
12.3720946407777
10.75658605126062
11.14023025884677
12.00671400801597
12.07224302590014
12.30388850322781
12.69036125882728
11.75324169863888
12.61388071207623
11.26054271905176
11.81433328068726
12.00616186179943
12.43127116158966
10.97223482877612
10.9339188974347
12.56139685330325
12.58652398967785
12.89593930204045
11.18083757576913
10.75097424938725
11.43930708542894
10.82530007629991
11.82842020372768
12.54499280302971
11.17258487283731
11.98994540689531
11.31431934455053
10.35158681486624
10.76096731439156
12.70297666096828
12.35252891333915
10.91500740344008
11.40073104526782
11.79779095450131
11.98548321786481
12.81179356299265
12.00180818799236
11.78186603300597
11.93526285220939
11.45003192681397
12.08648609270522
10.29059105451596
12.39641151301292
11.90217416373388
12.28516230200315
11.35885457495717
11.592975960358
12.20368638940121
11.27723584160092
11.58038796804907
12.16529003634795
12.07214613014137
11.48672501373953
12.42686565909997
12.43879878330596
12.25888248037773
12.30778868789705
12.20197778627288
12.14906998100119
12.13988455143581
11.92222580206898
12.37841695693528
11.08177257428264
11.82514919760723
12.19939772903367
10.95758866377975
11.57933790091648
12.30785264185171
11.68720083218731
12.67263098280751
11.14529004792564
12.13559457625827
11.87861533158669
10.86431406693384
10.92912769120057
12.95613918421242
11.22060725243437
12.26180476845496
11.38346125466192
11.94371246760186
11.35512289522888

Fluctuations:
10.27997380529672
10.31703449157287
10.49487844040175
9.766848468160076
9.384451122008524
10.63812554710702
9.79034830999411
9.698693904354515
9.976009088331816
10.21509074734386
10.09762647099473
8.982780819264663
10.05822356280749
10.65220290045775
9.80778183904666
9.265147516732331
10.16110646772893
10.22473638152771
9.989353665597569
9.562024290546017
9.571290645613383
10.0501245173092
9.796288045969789
9.963046816975927
10.52928984780099
10.30015353732951
10.71967938916849
9.848025054939802
10.30671039255413
10.76767971695428
10.6158793538586
10.37467378832599
9.511114699887814
9.248443153305853
9.981601776647747
10.42281858124607
10.15407373678617
10.07620403662318
10.41847536873282
10.1855216917639
10.07171963236875
9.295820332982393
11.47991649535135
9.996146163179498
10.2677624563137
9.624816766404548
9.29306779282676
10.29310923616703
9.517391079851809
9.646275297954842
10.09693958579795
9.261815364290522
10.35315237066342
8.937702648601984
10.2429209562684
9.269791372651618
11.12252457429923
11.1957330316958
9.603020900278111
10.05467245793392
10.6307850810911
9.10028149295543
10.30850733003503
9.689781129794843
9.855233075252475
9.839642167525792
9.634792288792559
10.03903253132877
10.56710017299144
10.69726821850848
10.29635672505974
9.698871429551509
9.925572324612059
10.14324125856923
10.11109366776499
9.632894262751913
9.783250081726734
10.06546988626097
9.144152809291086
9.956922018955014
9.412620168682995
10.00379643005991
10.14747200139609
10.29426002458374
10.69817100255618
9.679046407471384
9.68231005558272
9.42751360404448
10.25545828998751
10.32890604100349
9.92042376334232
9.817582834409665
9.751544711441086
9.926461950606798
10.07899596241119
10.21073977249994
9.60331595734092
10.34018695638522
10.32558522715855
10.2349476635615
10.06845222768148
10.03540933458983
9.876398703362604
10.36924730794216
10.00861893920941
10.37055493906213
9.8488379373582
10.04147008325576
10.48733224306712
9.957642107129118
10.1762619078228
9.952665100424928
10.21833266588765
10.61443324228532
9.411294376762168
10.13000211643224
10.47990401048959
10.02004527798551
9.987772677057185
9.798248930032234
9.229982977515425
9.673603094731522
9.592414346524155
9.790342758544778
10.65680342808967
10.51831203926939
10.18615831515038
9.757637817968035
9.59457371725451
10.0862936291594
9.23157274605361
10.15318893871508
10.49724386341685
10.21658588757835
10.47781597393334
9.292034254729426
9.97334114025754
9.777750970045947
10.02404601446757
9.980021120889933
10.15884934011034
9.590738685120275
10.22456291796127
10.18690428410975
9.747804821117843
9.834838115294321
9.344782804143028
9.831869113251187
10.10872509816398
10.15398306344403
10.29316141829859
9.792968424214443
10.43451595208448
10.26837590854094
9.626891889436635
9.793750780934445
10.12180351089582
10.40006097905101
9.484166343148276
10.42824827738903
10.15758600392967
9.49659050475654
10.06897865469817
9.931161737786805
10.66703494753197
9.653766703572341
10.24064546536959
10.73830638419982
10.48437454750402
9.745950370958463
10.85526626101645
10.17378162246327
10.59762657597858
9.567452222731516
10.84684318594251
9.873104289519379
10.08996581898139
10.54771726820916
9.41494135582815
9.121057906055107
9.750548106960753
10.04286606214736
9.964319482522191
10.9738286813874
9.768909820215034
10.38036137665907
9.517652261473678
9.679721881668415
9.724122417081809
10.05869145860237
10.2363109466324
10.77958014984297
9.657970092869737
9.547565738107687
9.570629800142495
9.495871638901134
9.833133859343786
9.492806266048305
10.01686267177107
10.95000697530417
9.831305260636819
10.11828664148497
10.96380286908464
9.721023916075135
9.381177912926141
10.88167321443306
11.24242519703173
9.859102816135795
10.22323111094241
9.962904122257584
9.975669606393541
10.42709253687618
10.11030901189928
10.07554829319858
10.55252665651108
9.586172909375666
10.51713249400417
9.809627719239119
9.799513031335199
9.837604176493516
10.20623669459216
9.669493503226786
9.898780937362584
9.318742611073997
10.50350325289415
10.37944998878327
10.23249452188091
10.61673679192631
10.09940231359915
9.767338602727179
10.33260750652039
10.06326469378377
9.429915783260787
9.713057219845544
9.962430525853707
9.283880138948833
10.15482673665874
10.07216066619882
10.26441885744699
10.63359072238868
10.53211132003456
10.17039978917696
9.297415419710925
9.71283252485116
10.18838243804297
10.84766291921085
10.20983419037022
10.23636564339501
9.326383474627132
10.23775745495361
10.74325832063799
9.537879062576316
11.11647084517926
9.139120863942379
10.07833386416017
9.365218664597734
9.824156966708717
10.10854648168505
9.300006237748748
9.720416030781898
10.3842594063303
9.383628531642158
10.54258264583107
9.986424787042838
10.13401761289411
10.19754604821528
10.26417236830937
10.40860987752244
9.734687444712449
10.61831319627476
9.830239746398695
10.2511223692121
10.58221997086668
10.01200347241884
10.39313166048206
10.03244817969793
10.14425319906739
9.455392382946696
9.716114108560662
10.12414005365742
10.0042615622294
10.6583054801488
9.685551344545015
9.73073326053048
10.75375836078631
9.83948233123021
9.925253237064462
11.11920084952678
10.85626258540869
9.738579355894013
9.375675980293449
9.962796435001573
10.22830624485124
10.08770645510069
10.07598848578123
9.809341558145283
9.619845832488002
9.414369962934449
9.396522514073261
9.423048790523952
9.732287835801008
9.642068431502308
9.938252554747947
11.00299799245183
9.944280019107701
9.927565209292279
10.13745684314145
10.20884310268956
9.309330286610397
9.598556197676997
11.01773567859682
9.873079627409769
9.570733073186469
10.45709444433805
10.21648551480906
9.613440125713996
10.73887443654858
9.21317126876481
10.34462979976822
10.4613088959594
11.0208698424418
9.40628767511112
10.73185543198199
10.21694259532143
10.24251806390818
10.04060170760637
10.31261465827309
10.47956091520375
10.28180448204711
10.12405805876522
9.389932362042112
9.915459397351258
9.919487794325596
10.5948642302504
8.864170987100135
9.747169801139101
9.50423173664691
10.15919682898456
10.41707558807977
9.936240576305076
9.830468707218852
8.900078463924787
9.688506169135808
10.08942514449934
9.643704436271712
10.03030965359914
9.549426360680412
9.944138913424636
10.40372888275821
10.00506131741889
9.794253646128908
9.753555364977094
9.699061570849217
10.05714744946396
9.748793584554715
8.978451779669436
10.0159254986871
10.22573562201684
9.793595877461941
10.34663098739867
9.710254976510628
8.454370913047468
9.401605701018031
9.690899138285952
9.953839395934539
9.744249971833099
10.20197594717673
10.47063021391147
10.79425888776074
9.843054810474325
9.588869737020605
10.22516564902609
10.75269220493238
10.24120608486362
9.48816831125232
9.750400155917312
10.38547776961652
10.0776127104588
11.0351920580527
9.286473395822185
10.22931667952144
9.557421376662541
10.35546550120503
10.78466632208055
10.1137993254811
9.808698922961943
10.28461644172351
10.42635026730091
10.69880188210139
10.16162878686508
11.10676347955848
10.05162343384666
9.519999935128949
9.786854858352042
10.39814173707199
9.356516426021591
10.20611958812863
9.945071319865665
9.153226522781205
9.623286575881979
9.141905448200511
9.966282199445567
9.5764924205361
10.0799532169539
9.701730430465313
10.47385503137482
9.615315464036231
9.895326933358882
10.2697538375042
10.54407180299281
10.03377489701503
10.1798151248028
10.47262472873743
10.24824495089003
10.65151413088308
9.913007826468776
10.02675181489658
9.570434089159699
9.384441502133972
10.40892586136575
9.606216290753572
9.30850227924951
10.17507782591426
10.10336811836894
10.30109186270468
10.55117564340152
10.11685173452573
10.63434048647347
9.486661810407842
9.927081743575574
9.949514538362459
10.18341679345728
9.980580807775961
9.462461291898448
10.46498841642823
10.41201267666638
10.58948959980708
9.342768858348292
9.015578738944996
9.465174647500017
9.37464635833628
9.943784243917658
10.56672525497055
9.775048149362226
9.909731846312269
9.54062393761963
8.98296314216558
9.44872275969162
10.78573835982715
10.68977575459418
9.540826361777658
9.305708129927163
10.0965531886175
9.875004885070881
10.76213695964494
10.28210148380676
9.799989168827029
10.00663968703019
9.995524472052884
10.49925042329731
9.172063186641482
10.04634318922716
9.951195531867763
10.16375578804671
9.901828414132082
9.678762693585508
10.28655410960653
10.15595738132114
9.891722495635953
10.16191913332297
10.32572316019992
9.794657966233236
10.57274590935077
9.869316221244652
10.36039770550533
9.867961753958525
10.18551023536588
10.4748032561992
10.48388630872262
9.779843049554735
10.29295893421662
9.090764269591379
10.00611122151929
10.10313940602299
9.859977810685194
9.616747818923631
10.33850734398377
10.08995989979923
10.43808611550086
10.26297088125543
9.984137731538263
10.29186004515443
9.428651361729949
9.552783599206654
10.9217886344187
9.266110978226781
10.46754604731593
9.863837666340027
10.49589491026878
9.247416448970096

Last point and parameters for further simulation:
100
10
0.5
contact

-0.7508424138174735
0.09720969968903606
-2.822350805728722
0.08233063114657067
0.3537325922755164
-0.5491029123854705
0.05699341133597768
1.379829929403702
-0.7549652836610041
2.25168134846502
-0.008258224625456639
-5.158037129663148
-1.11677483332691
-3.377337460886388
1.528329416379387
-2.334017779987082
-0.5463691713151719
-0.1676314108446348
0.2527004838170634
-0.1513068472431773
-0.4283244404480856
0.6031026547485533
-1.317713969561631
0.7426221061418428
-1.397277679105111
0.9433232921240139
2.598546443544836
0.4229603599841886
-1.970757737698986
0.9751831673350925
-1.398647737132571
-0.3355584431973119
1.350573100235228
-0.4958807568110196
-0.1829812884932919
-3.179335382732206
-1.321991090462246
0.8284249769705616
-0.1317802084498581
0.8216127498266858
-1.012398632656956
0.3852451791017422

Final quantities:
11.87326987577597
10.04511372047241
