Number of particles: 100
Nmax: 19
Gamma: 0.5
Interaction type: contact
Step size: 7e-05
Batch size: 200000
Batch count: 100
             Batch number               Average n0          Fluctuations n0                   Energy           Particle count                 Momentum
                        1        4.203807609830142        3.960291339370195        17105.13541263515        100.0000745756182    -0.006122437914068968
                        2         3.60993031141053        3.243559779348788         17105.1324585352         100.000065953216    -0.006123244518459359
                        3         3.77100606946007        3.623591457635046        17105.12943133058        100.0000571683342    -0.006125141691290636
                        4        4.536343204811743        4.127898440342861        17105.12638554883        100.0000482209647    -0.006124031459585288
                        5        3.794417109283565        3.788755296318674        17105.12327804063        100.0000392391012    -0.006124353465370547
                        6        3.504480173627397        3.171947982853472        17105.12036638575        100.0000306786281    -0.006124271616631205
                        7        4.214364250675606        3.759442220792479        17105.11720627778        100.0000215019698    -0.006122174252475077
                        8          3.8322489081549        3.540490887418327        17105.11415098973        100.0000126121206    -0.006123011504961084
                        9         3.50957269315305        3.291356953780411        17105.11138958675        100.0000043696873    -0.006123315877827551
                       10        4.001206281757987        3.759237722349892        17105.10824444869        99.99999528438426     -0.00612360374847043
                       11        3.747957819462179        3.484566207208876        17105.10499242632        99.99998598329196    -0.006125053847284789
                       12        3.889165631606196        3.778463428444609        17105.10188860157        99.99997699218856     -0.00612599539618941
                       13        3.822060680998618         3.54840900148052         17105.0988395504        99.99996809600017    -0.006126384440026555
                       14         3.91505536191106        3.555751505763906        17105.09567038164        99.99995895641459    -0.006127541718207397
                       15        3.679821295414455        3.481565269873305        17105.09259696922        99.99995005514835    -0.006123499737878291
                       16         3.95670979883606        3.642700861675055        17105.08936073809        99.99994075392071    -0.006126378229922125
                       17        4.016621464190183        3.552255921508823        17105.08626264114         99.9999318038592    -0.006127069301218313
                       18        4.082155294048043        3.813502619762259        17105.08298000992        99.99992240604587    -0.006126586856211702
                       19        3.868136887377041        3.544440025602351        17105.08003841469        99.99991376006835     -0.00612994724213145
                       20         3.90682331912426        3.383155266185867        17105.07676316609         99.9999043876746    -0.006132566715169929
                       21        3.722336203330731        3.423077046371855        17105.07379694135        99.99989569825961    -0.006134600526827683
                       22        3.671338888198219        3.364789079751298        17105.07098177134        99.99988734955453    -0.006135206798290938
                       23        4.020227151071208        3.541170153928913        17105.06777413198        99.99987814691828    -0.006134115060795864
                       24        4.013035133187758        3.487236785486469         17105.0646101475        99.99986900839383    -0.006136581089698723
                       25        3.796789932841687        3.692548868054089        17105.06185101939        99.99986079047576    -0.006135851082007537
                       26        3.967656407807779        3.432349903740961        17105.05867791672        99.99985166501288    -0.006138035889776461
                       27        3.932946245797926         3.74473235603761        17105.05539892169        99.99984228516566    -0.006138702862260814
                       28        4.386375017362386        4.174383156461841        17105.05201700037        99.99983269015502    -0.006139024202731491
                       29        3.954571937702457        3.953532329614081        17105.04913717075        99.99982419417226     -0.00613961610611824
                       30        3.667628204870732        3.560788542248189         17105.0463829037         99.9998160054332    -0.006140734079197685
                       31        4.382284520563175        4.069464171990118        17105.04321717486        99.99980687906455    -0.006138275927435544
                       32        3.946153087292093        3.626774032890092        17105.04010440288        99.99979785724268    -0.006138208501992537
                       33         3.88565945354281        3.608770974708879        17105.03699029041        99.99978878993458    -0.006138445207362508
                       34        3.969983212310853        3.780364164713046        17105.03360477355        99.99977918289109    -0.006138129100619949
                       35        3.882779550980706        3.523691771244263        17105.03051283622        99.99977022064624    -0.006136573660285194
                       36        3.708669835086902        3.599448435251073        17105.02752628551        99.99976147498633    -0.006137245386440782
                       37        4.061808799165308        3.698481124415161        17105.02436621291         99.9997523584026    -0.006137458314448452
                       38         3.87575470026148        3.691809283702673        17105.02138560641        99.99974363106475    -0.006139636650297042
                       39        3.965771543750483        3.656901222417301        17105.01828979252        99.99973464529222    -0.006141724573119234
                       40        3.909609819573642        3.645060084628641        17105.01535842917         99.9997260295698    -0.006139385861523294
                       41        3.991905208280467        3.858460645431347        17105.01196989246        99.99971644319058     -0.00614109593228207
                       42        3.588171877926852        3.414838299866152        17105.00877683621        99.99970727532012    -0.006139734716910539
                       43        4.485161917770178        4.260102190615573        17105.00537899793        99.99969769728877    -0.006139858105845164
                       44        4.141845609255629        3.768093418219137        17105.00220793766        99.99968854768557    -0.006142414636936877
                       45        4.524169716209033        4.087899574359837        17104.99871438444        99.99967874827826     -0.00614581253268387
                       46        3.993979906792055        3.767285265786021        17104.99531881808        99.99966915363852    -0.006144790959095481
                       47        3.881502637533736         3.56520699552954         17104.9922303516         99.9996601859939    -0.006145267840992119
                       48        4.473880562770492        4.136831076627555        17104.98876025233        99.99965035057959    -0.006140806165202406
                       49        4.080240198971336        3.839561108837653        17104.98579922922        99.99964171131445    -0.006142361621325421
                       50        4.021086328179951        3.660088605319202        17104.98270649476        99.99963272156037    -0.006141639412859945
                       51        3.586713031727277        3.185171042439196        17104.98014875094        99.99962494506647    -0.006140959365813714
                       52        4.261973340176529        3.871686461913125        17104.97708073842        99.99961598624962     -0.00613994023096609
                       53        3.979370003708409        3.947408450740576        17104.97383591642        99.99960670891109    -0.006139720760637957
                       54        3.895915636174253        3.420388595083546        17104.97080251639         99.9995978345446    -0.006137058784087657
                       55        3.619402628582587        3.411488495992728        17104.96802828065        99.99958957152791    -0.006137590102185175
                       56        3.797023586461175        3.606875677664584        17104.96497535686        99.99958072684609    -0.006136914471017163
                       57        3.811596775010635        3.598191722089606        17104.96191299795         99.9995718653559    -0.006137492625809315
                       58         3.53883577589011        3.261913209698144        17104.95880970361        99.99956287076097    -0.006138995769422451
                       59         3.81179221695794        3.508719308917536        17104.95582096903        99.99955410401746    -0.006134310234111595
                       60        3.835027444049608          3.6383161757497        17104.95284247778        99.99954537655331    -0.006132131436473287
                       61        4.478720024635213         3.90114043020473        17104.94948416755         99.9995358003404     -0.00613331428831998
                       62        4.251064412091512        3.836184864654129        17104.94608727932        99.99952617872592    -0.006130615807479423
                       63        4.224911298025956        3.986238199895537        17104.94309956309        99.99951749993178    -0.006127305383424542
                       64        3.826723175622742        3.662574928862317        17104.93999209749        99.99950856194953    -0.006127465404874854
                       65         4.50770326551722         4.04658855528039        17104.93657877674        99.99949890946547    -0.006125345848182917
                       66        4.256721139730576        3.956831223144889        17104.93330435256        99.99948957046125    -0.006127211913166342
                       67        4.165438207477845        3.816171739578623        17104.93040629998        99.99948103928453    -0.006127250694198949
                       68         4.28937182011573        4.003197351753085         17104.9271909492        99.99947180029255    -0.006128420704370363
                       69        4.323699359683663        4.156419914135528        17104.92414735217        99.99946294543606    -0.006130583314984506
                       70         3.79360804465102        3.433182518561677        17104.92109814852        99.99945407182229    -0.006129462559130161
                       71        3.526761487442959        3.159027154234177        17104.91792038818        99.99944493969403    -0.006130634774812904
                       72         3.73929544828887        3.278028481461841        17104.91460573794        99.99943549827428    -0.006131254166595212
                       73        3.900354605960212        3.812913101830998         17104.9116151679        99.99942675541357    -0.006134008800312785
                       74        4.052162431194449        3.771557274741784        17104.90855434699        99.99941784165418    -0.006130019176154633
                       75        4.148470413675138        3.912481263036014        17104.90552123628        99.99940902819876    -0.006127815493023547
                       76        3.836138612634261         3.48556769058758        17104.90230903924        99.99939979948368    -0.006129654505034665
                       77        4.185450741741414        3.777504813466073         17104.8991352279        99.99939064369366    -0.006129732292089685
                       78        3.996249436449236         3.74641712776222        17104.89578164403        99.99938112069901    -0.006129536143436809
                       79        4.181227031831465        3.883737676331888        17104.89256930891          99.999371856309    -0.006128397172179945
                       80        3.974071880644616        3.750254856656936        17104.88925596927        99.99936242710393      -0.0061263593207741
                       81        3.835437981767162         3.70411484226166        17104.88619290607        99.99935348490415    -0.006127761225751982
                       82        4.167306194469403        4.032695566682403         17104.8828347665        99.99934395338997    -0.006125071353970668
                       83        3.319010270932775        3.194726936954853        17104.88015572954        99.99933592030688    -0.006126143271274032
                       84        4.011679963200392        3.524323005479337        17104.87710990443        99.99932708541085    -0.006127435006238358
                       85        3.737495517800734        3.467864947533293        17104.87395471653        99.99931797195597    -0.006127625905598677
                       86        3.987899388878726        3.675527557981289         17104.8707568131         99.9993088165967    -0.006128275057339039
                       87        4.122797163479658        3.790857294080745         17104.8674640564        99.99929940553034    -0.006128185933505392
                       88        4.079024187077268        3.950198821432408        17104.86444378871        99.99929058884716    -0.006128318043501224
                       89        3.811293670385104        3.658899103394632        17104.86140492192        99.99928174057652    -0.006129325595036761
                       90        4.259632081316985        4.115607145045494        17104.85785331658        99.99927181663575    -0.006130399506957929
                       91        3.899691677351912        3.430775666355824        17104.85509528055        99.99926360221575     -0.00613190182349399
                       92        4.062453849498159        3.825045125023526        17104.85189181437        99.99925438137477    -0.006132792374678786
                       93        3.729351800076369         3.33700022515775        17104.84891092964        99.99924567286405    -0.006131772693873216
                       94        4.248852965200708        3.899905655257573        17104.84576381329        99.99923658961976    -0.006133422631439345
                       95        3.909166162089654        3.646433167866803        17104.84261710604        99.99922748979981    -0.006130404893499808
                       96        3.915177756583542        3.759333926337967        17104.83950289605        99.99921842265029    -0.006126867335137121
                       97        3.921346538154328        3.773575745698039        17104.83650995813        99.99920967979955     -0.00612770473276214
                       98        3.669934549101256        3.314050193836515         17104.8333774718        99.99920061221998    -0.006124073472170366
                       99        3.935561492907015        3.644341282074783        17104.83025399289         99.9991915692147    -0.006122937754014401
                      100        4.157984915335873        3.923789186711286        17104.82677843586        99.99918181686456    -0.006121719475974174

Final average n0: 3.963420991752807
Final fluctuations n0: 3.698450051691124

Averages:
4.203807609830142
3.60993031141053
3.77100606946007
4.536343204811743
3.794417109283565
3.504480173627397
4.214364250675606
3.8322489081549
3.50957269315305
4.001206281757987
3.747957819462179
3.889165631606196
3.822060680998618
3.91505536191106
3.679821295414455
3.95670979883606
4.016621464190183
4.082155294048043
3.868136887377041
3.90682331912426
3.722336203330731
3.671338888198219
4.020227151071208
4.013035133187758
3.796789932841687
3.967656407807779
3.932946245797926
4.386375017362386
3.954571937702457
3.667628204870732
4.382284520563175
3.946153087292093
3.88565945354281
3.969983212310853
3.882779550980706
3.708669835086902
4.061808799165308
3.87575470026148
3.965771543750483
3.909609819573642
3.991905208280467
3.588171877926852
4.485161917770178
4.141845609255629
4.524169716209033
3.993979906792055
3.881502637533736
4.473880562770492
4.080240198971336
4.021086328179951
3.586713031727277
4.261973340176529
3.979370003708409
3.895915636174253
3.619402628582587
3.797023586461175
3.811596775010635
3.53883577589011
3.81179221695794
3.835027444049608
4.478720024635213
4.251064412091512
4.224911298025956
3.826723175622742
4.50770326551722
4.256721139730576
4.165438207477845
4.28937182011573
4.323699359683663
3.79360804465102
3.526761487442959
3.73929544828887
3.900354605960212
4.052162431194449
4.148470413675138
3.836138612634261
4.185450741741414
3.996249436449236
4.181227031831465
3.974071880644616
3.835437981767162
4.167306194469403
3.319010270932775
4.011679963200392
3.737495517800734
3.987899388878726
4.122797163479658
4.079024187077268
3.811293670385104
4.259632081316985
3.899691677351912
4.062453849498159
3.729351800076369
4.248852965200708
3.909166162089654
3.915177756583542
3.921346538154328
3.669934549101256
3.935561492907015
4.157984915335873

Fluctuations:
3.960291339370195
3.243559779348788
3.623591457635046
4.127898440342861
3.788755296318674
3.171947982853472
3.759442220792479
3.540490887418327
3.291356953780411
3.759237722349892
3.484566207208876
3.778463428444609
3.54840900148052
3.555751505763906
3.481565269873305
3.642700861675055
3.552255921508823
3.813502619762259
3.544440025602351
3.383155266185867
3.423077046371855
3.364789079751298
3.541170153928913
3.487236785486469
3.692548868054089
3.432349903740961
3.74473235603761
4.174383156461841
3.953532329614081
3.560788542248189
4.069464171990118
3.626774032890092
3.608770974708879
3.780364164713046
3.523691771244263
3.599448435251073
3.698481124415161
3.691809283702673
3.656901222417301
3.645060084628641
3.858460645431347
3.414838299866152
4.260102190615573
3.768093418219137
4.087899574359837
3.767285265786021
3.56520699552954
4.136831076627555
3.839561108837653
3.660088605319202
3.185171042439196
3.871686461913125
3.947408450740576
3.420388595083546
3.411488495992728
3.606875677664584
3.598191722089606
3.261913209698144
3.508719308917536
3.6383161757497
3.90114043020473
3.836184864654129
3.986238199895537
3.662574928862317
4.04658855528039
3.956831223144889
3.816171739578623
4.003197351753085
4.156419914135528
3.433182518561677
3.159027154234177
3.278028481461841
3.812913101830998
3.771557274741784
3.912481263036014
3.48556769058758
3.777504813466073
3.74641712776222
3.883737676331888
3.750254856656936
3.70411484226166
4.032695566682403
3.194726936954853
3.524323005479337
3.467864947533293
3.675527557981289
3.790857294080745
3.950198821432408
3.658899103394632
4.115607145045494
3.430775666355824
3.825045125023526
3.33700022515775
3.899905655257573
3.646433167866803
3.759333926337967
3.773575745698039
3.314050193836515
3.644341282074783
3.923789186711286

Last point and parameters for further simulation:
100
19
0.5
contact

-1.112212080014006
-0.2475341488060619
0.627929435398793
-1.367352502086931
-0.272152869702911
1.522565826025362
-0.3340926647887068
0.3725243139181712
-0.9175671414272215
-1.372465841983589
0.7025350458219948
-0.2319962478423694
-0.606709810050971
1.470911464007782
1.511578467407795
-1.768179548356547
-0.809259242649131
-0.120018986784898
1.07624921289882
2.141099573206998
0.3902664033357239
-1.900906559728842
2.503440176542408
-0.7510079386132847
-0.06941708764105929
-1.725595804141203
2.102943069700129
0.562928150304158
-0.06805509137675617
0.4135433794744278
-1.081084050961125
-0.7788940845503396
-0.6288986094683074
-0.8433560500224354
0.4751904974414398
-1.746321079199729
-0.8431816969656252
0.3041565093114278
0.7908902990212541
-1.164286901915033
-0.6433119911604749
-2.27900874044907
-0.4538661092073354
0.497998493720957
-0.8072516002936694
0.03738678853836232
-0.5417264601482004
-0.8999761213355411
0.4597670572462895
0.1834407512089132
-0.2731999363547296
-2.221829242323108
-1.887041986547885
-1.617288549251371
1.318672505359312
0.6800216244958552
0.3341965495996849
-0.3989708309721206
-2.349771643826171
-0.6532283574113817
-1.660878883254699
0.1200851327637208
-0.6675203573925906
-0.3295236121060185
0.8182274577386838
0.9724470208864836
-1.405852154133539
2.371383384654369
-0.1239729478014163
0.8009379812167314
-0.8746866044966958
1.900417123851295
-0.6913236752270372
-0.5197206493444032
0.07471063796400984
-0.09387672545121697
-1.291639872267649
-1.025725363770957

Final quantities:
3.963420991752807
3.698450051691124
