Number of particles: 100
Nmax: 25
Gamma: 0.5
Interaction type: contact
Step size: 5e-05
Batch size: 200000
Batch count: 50
             Batch number               Average n0          Fluctuations n0                   Energy           Particle count                 Momentum
                        1        2.920098630683932        2.722671000316178        25285.52645902713        99.99991297020635      0.03617799872164795
                        2        2.643680030706504        2.620687803404785        25285.52501228603        99.99990891552241      0.03617952634051136
                        3        2.689702510624195        2.584893299994069        25285.52365055544         99.9999049930249       0.0361794121464154
                        4        2.565798244556611        2.475307267478732        25285.52234408196        99.99990120262389      0.03618005280793035
                        5        3.229351234340747        3.116015548708172        25285.52097958021         99.9998972487175       0.0361806089180341
                        6        3.390993641025095        3.222054942952294        25285.51940052829        99.99989292693823      0.03617952579443795
                        7        2.505953470106961        2.443477229811602        25285.51802884053        99.99988901235325      0.03618022313526126
                        8        2.478633166278474        2.463063778914803        25285.51678156084        99.99988533300662      0.03618244234426982
                        9        2.754913239868618         2.57740308406433        25285.51530515944        99.99988122690182      0.03618472400147787
                       10        2.349234152229345        2.289194961268235        25285.51392942018        99.99987733507601      0.03618602525433268
                       11        2.728668285167249         2.51218826022469        25285.51242953809        99.99987318580574      0.03618754193881557
                       12        2.751922440274458        2.687545950376653        25285.51085569309         99.9998689087967      0.03618812695687446
                       13         2.49982376144187        2.394958250253103        25285.50941207891        99.99986484240155      0.03618520177838747
                       14        2.952031151385592        2.822314980567049        25285.50800439892        99.99986086339472      0.03618532126886009
                       15        2.740105333451649        2.521414642126401        25285.50661504627        99.99985694213241      0.03618610050736493
                       16        3.497381242086367        3.544176573661741        25285.50514171927        99.99985282520551      0.03618582808632231
                       17         2.82731195856723        2.889524657363984         25285.5036985514        99.99984877643033      0.03618643447619974
                       18        2.528841838947181        2.276970098831076        25285.50226341889        99.99984472460882      0.03618717607660926
                       19        2.572290906989743        2.343999636293508        25285.50096880645        99.99984093457488      0.03618434688631922
                       20        2.598330244812542        2.417846443322677        25285.49963634221        99.99983711646865      0.03618340741618731
                       21        2.778357588748267        2.734715040536099        25285.49811907535        99.99983292709723      0.03618290076981978
                       22        2.920487110170246        2.708181201789798        25285.49664397023        99.99982879974833      0.03618300416836639
                       23        3.116038211415031        2.916826179724215         25285.4951829947        99.99982468746681      0.03618457462987124
                       24        2.888860892337694        2.698295694567034         25285.4937498315        99.99982062601451      0.03618396179179939
                       25        2.826468661008987        2.667291834743029        25285.49230402457        99.99981652764181      0.03618360257214448
                       26        2.412873846950796        2.318842584780576         25285.4908535325        99.99981244006649      0.03618297914077928
                       27         2.25556544537945        2.067546248001981        25285.48949358446        99.99980854725379      0.03618383824528504
                       28        2.648177520741563        2.351480373918971        25285.48794400221        99.99980422874843      0.03618624911005242
                       29        2.917702284045992        2.683559244829514        25285.48652329316        99.99980021143126      0.03618781073298649
                       30        3.233058377202313        3.132917915585907        25285.48520633806         99.9997964128184      0.03618928570953273
                       31        2.971303711578336        2.859176378174962        25285.48380763585        99.99979245694507      0.03618991455727638
                       32        2.655385911147664        2.352064659439413          25285.482482264        99.99978856753388      0.03618794847940165
                       33        2.728645016069558        2.731454389237629        25285.48093190599        99.99978428591382      0.03618874911686376
                       34        2.645843683949913        2.415048657385979        25285.47954507134        99.99978034402299       0.0361884326917854
                       35        2.503579577717787        2.310086129316487        25285.47824691782        99.99977654160514      0.03618926358765862
                       36        2.775930530818283        2.811941970618121        25285.47682134782         99.9997724738441      0.03618961908872365
                       37        2.570808869428086        2.372883218101145        25285.47485924115        99.99976746165271      0.03618854906737567
                       38        2.486177729047572        2.282109972802164        25285.47329091553        99.99976316827771      0.03618777768071624
                       39        3.111623624003059        2.691094778965574        25285.47180222243        99.99975900829187       0.0361903230036873
                       40        2.555637627934295        2.403589408164827        25285.47038400564        99.99975501334775      0.03619011968676489
                       41        2.588211887757035        2.358211722908221        25285.46905643353        99.99975121471286      0.03619139534735893
                       42        2.953412807389611         2.75591628974171        25285.46749483742         99.9997469560309      0.03619023131795274
                       43        2.792451664810335        2.637290560742564        25285.46613696041        99.99974302165695      0.03618974862767743
                       44        2.590130796292582        2.445406195518977        25285.46484098949        99.99973929093021       0.0361909749365612
                       45        2.904812420269654         2.69709009019213         25285.4634686497        99.99973533615638      0.03618938487151091
                       46        2.426581905952593        2.201948026933707        25285.46217731767        99.99973160557771      0.03618955830157833
                       47        2.704094860315061        2.441823276186962        25285.46088397044        99.99972786932898      0.03619103006440128
                       48        3.226361606570017        2.962865203613353        25285.45925812597        99.99972350104547      0.03619100968295896
                       49          2.9846645140985        2.919699603396128        25285.45777472284        99.99971932591323      0.03618949492978896
                       50        3.073191213794388        2.871301421572241         25285.4560881099        99.99971477326594      0.03619118026304591

Final average n0: 2.76943010760978
Final fluctuations n0: 2.643737399951089

Averages:
2.920098630683932
2.643680030706504
2.689702510624195
2.565798244556611
3.229351234340747
3.390993641025095
2.505953470106961
2.478633166278474
2.754913239868618
2.349234152229345
2.728668285167249
2.751922440274458
2.49982376144187
2.952031151385592
2.740105333451649
3.497381242086367
2.82731195856723
2.528841838947181
2.572290906989743
2.598330244812542
2.778357588748267
2.920487110170246
3.116038211415031
2.888860892337694
2.826468661008987
2.412873846950796
2.25556544537945
2.648177520741563
2.917702284045992
3.233058377202313
2.971303711578336
2.655385911147664
2.728645016069558
2.645843683949913
2.503579577717787
2.775930530818283
2.570808869428086
2.486177729047572
3.111623624003059
2.555637627934295
2.588211887757035
2.953412807389611
2.792451664810335
2.590130796292582
2.904812420269654
2.426581905952593
2.704094860315061
3.226361606570017
2.9846645140985
3.073191213794388

Fluctuations:
2.722671000316178
2.620687803404785
2.584893299994069
2.475307267478732
3.116015548708172
3.222054942952294
2.443477229811602
2.463063778914803
2.57740308406433
2.289194961268235
2.51218826022469
2.687545950376653
2.394958250253103
2.822314980567049
2.521414642126401
3.544176573661741
2.889524657363984
2.276970098831076
2.343999636293508
2.417846443322677
2.734715040536099
2.708181201789798
2.916826179724215
2.698295694567034
2.667291834743029
2.318842584780576
2.067546248001981
2.351480373918971
2.683559244829514
3.132917915585907
2.859176378174962
2.352064659439413
2.731454389237629
2.415048657385979
2.310086129316487
2.811941970618121
2.372883218101145
2.282109972802164
2.691094778965574
2.403589408164827
2.358211722908221
2.75591628974171
2.637290560742564
2.445406195518977
2.69709009019213
2.201948026933707
2.441823276186962
2.962865203613353
2.919699603396128
2.871301421572241

Last point and parameters for further simulation:
100
25
0.5
contact

0.5806460607753445
1.43575362570814
0.4313705765290372
0.389791668394706
-0.4639735804363488
-0.7984726499624003
-0.9370242226091378
0.2735021250414172
1.161869333556672
0.7028889330861848
-0.452917879300256
0.9289151243492243
-0.2996809564538739
-0.943241363414706
-2.297348740584959
1.194496693826619
1.131952674152109
-0.8842720639129095
-1.094622395676801
0.04049938292272045
-0.2100479124942553
-0.5145198066264643
1.347093270707612
-1.68607860733394
0.1140031207249628
0.2329094649984437
-0.6847724580688483
-1.488580956775192
-1.181937779667187
-0.7043647447399527
-0.3063750395903571
-2.40700972797717
-0.3957693983462703
1.311813688350959
-0.4337679834073758
0.8549732492393479
-0.2895641586162076
1.403202966171032
-0.2688256460790832
-1.601259691609234
-1.705438517329681
-0.1315589373401303
0.3911282189819622
-1.366826018132354
-1.160516915771468
1.206468297960298
-0.499570504141637
-0.3385906387061894
-0.3476483934299339
-0.151728856725276
0.03656140626586295
-2.095542603347215
0.3549272762421201
-1.124729537875855
1.105894963551164
0.6822527071092366
-0.2577344604183647
0.03253048072365446
-0.7617012916836468
-0.5422690539618235
0.07108047818470212
-0.236317824293648
1.026024895044441
1.536252065338294
-0.5872012357840044
0.2221428791115687
0.2531107314473111
-0.05793286961282262
0.9329982196538108
-0.790723176584164
-0.1405817190847893
-1.447393949148063
-0.9561643306957179
0.1597909320589476
1.107041014568364
-1.948528910552986
-0.8185410526102882
-1.247261071792052
-2.514402094403576
-0.6303446462086298
0.03367039375736517
-1.700123572027806
0.5688406333042726
1.276469931840057
-0.6283545196906242
0.5722014161701876
0.3493880557378614
-0.2897325056286815
0.5430672804052559
-1.175629954902951
-1.865411889087204
1.88645621637862
0.9093552653154712
1.164861377645084
-0.683711792198455
-0.2139164790244651
-0.716477697394947
0.8838623811275681
0.5689625157705624
0.265182281451541
-0.5657245792582017
0.5432721412052954

Final quantities:
2.76943010760978
2.643737399951089
