Number of particles: 100
Nmax: 8
Gamma: 0.5
Interaction type: contact
Step size: 9e-05
Batch size: 200000
Batch count: 500
             Batch number               Average n0          Fluctuations n0                   Energy           Particle count                 Momentum
                        1        21.10871672386283        15.48937153747499        6879.952029416739        100.0000472682235     -0.05291854884544733
                        2        22.44033296896964        15.20706896154788        6879.951904722274         100.000046517527     -0.05291853488749343
                        3        21.64555315059599        15.40852816681376        6879.951785886603         100.000045794591     -0.05291853957796278
                        4        20.82668898748056        15.74759222779675        6879.951664321679        100.0000450592529     -0.05291859291129519
                        5        19.59341569954588        15.00468352165291        6879.951543452355        100.0000443276239     -0.05291849120917114
                        6        18.58726645932998        14.15399555873619        6879.951431969151         100.000043641459     -0.05291844629543441
                        7        19.20553365292994        15.29076419703741        6879.951312610125        100.0000429174115     -0.05291828754400729
                        8        20.42888822166983         15.4779735791697        6879.951193933556        100.0000421969745      -0.0529183435930527
                        9        19.39376423718992        15.23152076130248        6879.951071754342        100.0000414588994      -0.0529184693522895
                       10        20.70867471363088        16.34445507885991        6879.950950613323        100.0000407252261     -0.05291841132482222
                       11        20.07951642688139        15.75253469874724        6879.950833880644        100.0000400133838     -0.05291849406524918
                       12        20.66585891238479        15.09339318170388        6879.950705842909        100.0000392485271     -0.05291850437196466
                       13        20.71063449591825        15.53559725378459        6879.950581073501        100.0000384979652     -0.05291849232556167
                       14        19.43002739173818        15.11413831139688        6879.950462892913        100.0000377808639     -0.05291842219579213
                       15        20.62720300385163        15.77350547725627         6879.95034334582        100.0000370549981     -0.05291833962705539
                       16        21.30076252104483        16.23756138848642        6879.950221716816        100.0000363198706     -0.05291828981204638
                       17        18.92997380922597        15.25279198523554        6879.950100133589        100.0000355841509     -0.05291829238030843
                       18        19.92805454948695        15.82482550221969         6879.94998124997        100.0000348623804     -0.05291839860671255
                       19        20.07323110087701        15.36690024602132        6879.949861355598        100.0000341355805     -0.05291833495496956
                       20         20.8734734628399        15.38957066981922        6879.949737250553        100.0000333905342     -0.05291831161255089
                       21         20.4186748776361        15.68756056137653        6879.949613626883        100.0000326471549     -0.05291837868900373
                       22        20.36501426818441        16.40442454167835        6879.949488151249        100.0000318936597     -0.05291841222527349
                       23        20.44557764517661         16.2003616570623        6879.949359323778        100.0000311243138     -0.05291842437484995
                       24         21.7280508676014        15.45341451945157        6879.949239534382        100.0000303984042     -0.05291846085779106
                       25        20.07148946782834         15.4650202463672        6879.949115396643        100.0000296535145     -0.05291855958129688
                       26        21.17699317304152        15.80696626508451        6879.948990913319        100.0000289038886     -0.05291851772322431
                       27        18.36096998639689        14.96737069573571        6879.948871422949         100.000028179697     -0.05291854791289641
                       28        22.06382824793609        16.16708127254925        6879.948744507878        100.0000274197491     -0.05291857716262793
                       29        20.46575354640011        15.72719436546305        6879.948611241089          100.00002663063     -0.05291859460016957
                       30        20.47951352504546        15.92605495036058        6879.948485008064         100.000025873729     -0.05291863178693212
                       31        20.17295601339587        15.21272520460797        6879.948360362898        100.0000251246951     -0.05291854720628564
                       32        19.04674148549061         14.9888518683789        6879.948247420069        100.0000244320355     -0.05291848329758331
                       33        21.82055103937469        16.25196120423537        6879.948117135806        100.0000236576376     -0.05291858256595994
                       34        19.64864002213865        14.88241151715324        6879.947996592672        100.0000229288066     -0.05291869646593517
                       35        21.76784269531935        15.43587714670555        6879.947868855927        100.0000221658673     -0.05291864410707348
                       36        20.12908288746143        15.74926628192826        6879.947743600256        100.0000214138823     -0.05291861836283607
                       37        20.03544913082585        14.93507994689224        6879.947625433495        100.0000206954131     -0.05291862513080936
                       38        22.10406994631501        15.13952155066969        6879.947509062743        100.0000199844236     -0.05291857085330776
                       39        17.85916788584734        15.25976433323838         6879.94739091392        100.0000192667885     -0.05291851984777729
                       40        19.99119299925298        15.41469551457572        6879.947266050592        100.0000185168299     -0.05291852926524721
                       41         23.4795964700255        15.53626617192772        6879.947145785046        100.0000177879929     -0.05291844959413972
                       42        19.40918249241723        15.28319536386888        6879.947017982324        100.0000170266068     -0.05291829877839405
                       43        21.05343156431278        15.87640472176697        6879.946890082176        100.0000162615091     -0.05291828780879104
                       44        19.90525937545549        15.29589059439105        6879.946766271741        100.0000155186034     -0.05291844685547398
                       45        20.66334525098212        15.50156838531962        6879.946642530972        100.0000147735218     -0.05291844289679837
                       46        21.14354717113029        15.51604305764162        6879.946522178096        100.0000140448377     -0.05291840921276236
                       47        19.97690912334191        16.42167528665486        6879.946390661049        100.0000132640836     -0.05291838359308265
                       48        21.29165500072977        15.88573157384518        6879.946263893985        100.0000125055742     -0.05291856673304418
                       49        20.83160363124546        15.84204087516568        6879.946147175748        100.0000117921621     -0.05291861931418129
                       50        20.37781235460598        15.55687929628957        6879.946032759037         100.000011090544     -0.05291853355755993
                       51        20.59066018502185        15.55188539770608        6879.945911538185        100.0000103587278     -0.05291852742262115
                       52        20.19756059833972        14.52843080367307        6879.945795785708         100.000009651491     -0.05291845746255497
                       53        19.76652047496526        14.85008703577326        6879.945670972422        100.0000089040877     -0.05291843603349555
                       54        19.71074331148868         15.3255001477831        6879.945561278353        100.0000082242203     -0.05291845236381487
                       55        20.91852392295807        16.12032528087179        6879.945433308095        100.0000074589669     -0.05291844950970415
                       56        20.07429612552937        15.35083027735658        6879.945312495804        100.0000067259241     -0.05291840310207618
                       57        21.29117278144795        15.28863552878717        6879.945189263185        100.0000059823765     -0.05291834937837336
                       58        19.03588047352623        15.43442823299807        6879.945066952881        100.0000052433087     -0.05291822439771732
                       59        20.04852765522393        15.28744037688756        6879.944938891696        100.0000044792449     -0.05291817218966788
                       60        18.76007563441188        14.93879886472587        6879.944821960307        100.0000037665554     -0.05291808749595805
                       61        20.56531524682211        15.70970462486344        6879.944701913979        100.0000030378081     -0.05291806466583537
                       62        20.51373294982672        15.82096750857108        6879.944575377169        100.0000022790877     -0.05291796634522328
                       63        18.85375344654618        13.48564192184432        6879.944455507055        100.0000015525717      -0.0529180778971643
                       64        20.09818724425476        15.68298408961158        6879.944325397984        100.0000007778776     -0.05291804732766892
                       65        21.50940910672339        15.28839566000522        6879.944204282116        100.0000000448888     -0.05291801493805259
                       66        20.46028798366856        15.31288311971358        6879.944077874842        99.99999928751478     -0.05291800228991228
                       67        19.24426555490952        14.91551292943778        6879.943959830832        99.99999857129529     -0.05291801402239926
                       68        20.43703666481475        15.09872941600382        6879.943840337646         99.9999978461758     -0.05291786720310299
                       69        18.84385585227849        14.87607856273018        6879.943711321153        99.99999707684037     -0.05291782679827417
                       70        20.87424605364882        16.14443572819676        6879.943587662341        99.99999633149656     -0.05291783843408382
                       71        19.35653142551732        15.99643683410442        6879.943465250324        99.99999559238802     -0.05291783522147642
                       72        19.99519562818095         15.6496388660673        6879.943341682598        99.99999484781115     -0.05291789802632962
                       73         19.8211725164999        15.52963871679277        6879.943212052915        99.99999407591308     -0.05291809353338195
                       74        19.85431485966283        15.42075319258922         6879.94309196343        99.99999334873719     -0.05291808630579231
                       75        20.25313011882348        15.24836737707169        6879.942965129741        99.99999259095819     -0.05291795772259711
                       76        17.99676510342199        14.66553861514307        6879.942842523194        99.99999185081496     -0.05291797500598339
                       77        19.92576490686616        15.38219708381895        6879.942718137625        99.99999110414721     -0.05291806533741905
                       78        20.23004763137629        15.22597686370875        6879.942589052198        99.99999033555292     -0.05291819409908882
                       79        21.22281368881914        15.52383507699279        6879.942467907984        99.99998960279079     -0.05291820101043676
                       80        23.26934987800324        16.12150581051449          6879.9423369378        99.99998882388681     -0.05291825521522275
                       81        20.76654838693412        16.71815262632742         6879.94221073709         99.9999880653411     -0.05291822119812362
                       82         21.3742939274253        15.65132358398933        6879.942079888985        99.99998728715782      -0.0529182684467937
                       83        18.03123684896702        13.51885860800723         6879.94196108158        99.99998656652126     -0.05291827124825588
                       84        19.94154682756327        15.28728889051149         6879.94184312688        99.99998584992937     -0.05291840916050106
                       85        20.97763417657009        16.30959846318435        6879.941708354248        99.99998505335091     -0.05291838775725388
                       86        20.96241715623379        15.50602943460977        6879.941582876507         99.9999842999114     -0.05291834808442353
                       87        22.26887041370992        16.17937674078276        6879.941455956722        99.99998353851804     -0.05291837484192996
                       88        21.45658597982979        15.74585486239367         6879.94132968424        99.99998278351859     -0.05291834016003438
                       89        21.34598557212831        15.98833100030332        6879.941197585063         99.9999820009848     -0.05291828720496028
                       90         21.0200769663831        15.75016866610246        6879.941070253472        99.99998123724868     -0.05291823409463037
                       91        21.06511098619767        16.06907387561369        6879.940944214938        99.99998048103657     -0.05291828533355858
                       92        19.50340219831003         15.0170907485671        6879.940824474535        99.99997975453043     -0.05291832508665006
                       93         20.6002548809341        14.87019665465795        6879.940704162937        99.99997902644685     -0.05291828634821272
                       94        20.09117149446406         15.1011366929608        6879.940586162596         99.9999783091192     -0.05291829059907194
                       95        21.44121085554395         15.5717402024698        6879.940460435613        99.99997755439135     -0.05291827447542197
                       96        19.87412622978733        14.87720230632503        6879.940341976423        99.99997683398384     -0.05291831652518209
                       97        20.97800310779706        15.42329358353373        6879.940218885265         99.9999760918717     -0.05291829936876624
                       98        19.32726129077875        15.00526019530623        6879.940092474703        99.99997533495869     -0.05291821118165529
                       99        19.31097155159573        15.49233952248839        6879.939967077761         99.9999745834382     -0.05291825374259052
                      100         19.2020467681279        14.69234249625784         6879.93984963294        99.99997386770664     -0.05291819231525707
                      101        19.03926120952358        14.60290049189888        6879.939727894086        99.99997313152852     -0.05291808429911926
                      102        19.54611039087894        15.09632038505291        6879.939606215259        99.99997239724736      -0.0529180496807049
                      103        18.89594237043051        14.50206704321809        6879.939494122465        99.99997170884002     -0.05291803878871093
                      104        20.35868076356627        15.66552737885337        6879.939364621731        99.99997093830476     -0.05291804156534941
                      105        19.71436376177049        15.35048596265415         6879.93924824212        99.99997022846696     -0.05291803841176801
                      106        19.79098168340663        14.44845811145878        6879.939130866865        99.99996951335294     -0.05291809057799224
                      107        18.60436433205322        14.91036822951495        6879.939013192259        99.99996879754414     -0.05291818101349044
                      108          20.535509389391        15.73845039651976        6879.938895460682        99.99996807932223      -0.0529182179038088
                      109        19.30310214727428        15.79971361309899        6879.938771388564        99.99996733313107     -0.05291815576100856
                      110        20.26894144421241        15.59575464025133        6879.938639545517        99.99996655106027     -0.05291828900736739
                      111        19.67231264489135        15.80542309846081        6879.938511270375        99.99996578557761     -0.05291822371533117
                      112        20.61435125019642        15.40835851856415        6879.938382636816        99.99996502031719      -0.0529182030863673
                      113        20.19949865756121        15.81835824314151        6879.938259171458        99.99996427694042     -0.05291820572252792
                      114        19.91945051765499        15.82799376690224        6879.938130746721        99.99996351101946      -0.0529180744415374
                      115        18.42716660862273        14.81214438311166        6879.938013591588        99.99996279686063     -0.05291795560212442
                      116        18.95462310492111        14.27545958366779        6879.937896641069        99.99996208367719     -0.05291795601698501
                      117        18.85081495688695        15.11429589274345        6879.937771633045        99.99996133417115      -0.0529180104712097
                      118        21.56710183106153        15.62726441160949        6879.937644331492         99.9999605724181     -0.05291815367906771
                      119        20.84407033035578        15.26828530511247        6879.937518956344        99.99995982037069     -0.05291821559728227
                      120        22.17146450310098        15.88968518400854        6879.937396853085        99.99995908220363     -0.05291826539944289
                      121        22.73216563971629        15.27146530755814        6879.937270865604        99.99995832568749     -0.05291829105598822
                      122        21.92815277220881        15.91937289228623        6879.937142666226        99.99995755912963     -0.05291829306748674
                      123        20.11529813105401        15.49421754833519        6879.937021376108        99.99995682462539     -0.05291839037828705
                      124        22.33528723983908        15.14951219393486        6879.936897834026        99.99995607966821     -0.05291842300191618
                      125        21.71948905465901        16.08465727662695        6879.936770773601        99.99995531997234     -0.05291839627960826
                      126        17.40079640671377        13.82562650291071        6879.936648424421        99.99995458335042     -0.05291835084554108
                      127        19.59869398657726        14.56996782015136        6879.936528762726        99.99995385860763     -0.05291841676949027
                      128        19.95395086737184        15.55421258782841         6879.93640747993        99.99995312478941     -0.05291834071669399
                      129        20.78183725835827        15.29333556703176        6879.936279472877        99.99995236008566     -0.05291832682838749
                      130        21.47674549570447        16.12779340697634        6879.936155642519        99.99995161380939     -0.05291829906364676
                      131         22.1336329304867         16.1883616773728        6879.936030353414        99.99995086132562     -0.05291827592265719
                      132        19.94195084132782        15.22858242338767        6879.935903091179        99.99995010026264     -0.05291826916833742
                      133        21.69476021101175        15.47984029159569        6879.935776889918        99.99994934381171     -0.05291829977370099
                      134        24.00603747786539        17.50153730656201        6879.935643248268        99.99994855428928     -0.05291828675713939
                      135        19.01473253844582        15.21306095055442        6879.935517551437        99.99994780180222     -0.05291839267236753
                      136        19.31255466496107        15.34941042683796        6879.935400945262        99.99994708964431     -0.05291845828255592
                      137        19.87168753523389        16.20233407345718        6879.935270442983        99.99994631379681     -0.05291834970819664
                      138        21.62790600112294        15.22303776902034        6879.935144241637        99.99994555529656     -0.05291827617230105
                      139         21.0197143367296         16.4921821590956        6879.935017792348        99.99994479799786     -0.05291833022739567
                      140        19.57705977567227        15.20638090579637        6879.934896819958        99.99994406487758     -0.05291838349148925
                      141        19.09256154473639        15.27907059432356        6879.934776457695        99.99994333570376     -0.05291838829760387
                      142        21.40896412853126        16.26880217677334        6879.934646518303        99.99994256173308     -0.05291848462474302
                      143         20.1782648338757        15.03258890170378        6879.934528254755        99.99994184278798     -0.05291856805460071
                      144        19.13520834558226        14.32566513632429        6879.934399782977        99.99994107712972      -0.0529185328622086
                      145         19.1517179146353        15.40389604251353        6879.934282358685        99.99994036255177     -0.05291845113341154
                      146        19.20369597870348        15.38015521455066        6879.934160817236        99.99993962628936     -0.05291832718027933
                      147        20.50303209917226        15.74481629935989        6879.934034616307        99.99993886959707     -0.05291822040442806
                      148        20.29739772210437        14.93774205710302        6879.933913259001        99.99993813657572     -0.05291818057785314
                      149        21.71507790166928        15.79766158335053          6879.9337849715        99.99993737107324     -0.05291809243796308
                      150        19.56385012130365        15.01189846659735        6879.933660163636        99.99993662280524     -0.05291815256513033
                      151        21.11292181373874        15.37919158186335        6879.933533515916        99.99993586456365     -0.05291817016084721
                      152        22.14242188979568        15.78541905565233        6879.933411716754        99.99993512860969     -0.05291818770354162
                      153        18.62340511883252        14.31605278265072        6879.933292971731        99.99993440837595     -0.05291814766331093
                      154        20.68924986164372        14.87981411715839         6879.93316565487         99.9999336472311     -0.05291814387295979
                      155        22.71850749538808        16.39380288443988        6879.933038931902        99.99993288675545     -0.05291811447768069
                      156        18.17418934855201        14.62004602549896         6879.93291814328        99.99993215764539     -0.05291804595886251
                      157        20.93730187050913        16.27674740222649        6879.932794763814        99.99993141466473     -0.05291804965009916
                      158        19.47343386757922        15.25729890957734        6879.932681098266        99.99993071616723     -0.05291795702311575
                      159        18.89618972507204        14.68766430588547        6879.932556598287        99.99992996821216     -0.05291785749580402
                      160        17.50390249652769        13.87178426623234        6879.932433339004        99.99992922617604     -0.05291788604898251
                      161        19.90502559410935        14.55310910551498        6879.932313682639        99.99992850154905     -0.05291787564242378
                      162        19.19895035609506        14.77941017623171        6879.932199774022        99.99992780325846     -0.05291773856351334
                      163        21.02535483461893         16.1097089974771        6879.932076267328        99.99992705877224     -0.05291774596346599
                      164        18.98623188929639          14.526197356657        6879.931949532626        99.99992630143743     -0.05291777411092013
                      165        20.26249189886765        15.46838283186201        6879.931824186513        99.99992554950711     -0.05291789302259708
                      166        20.19746845275734        15.18392154201845        6879.931699952584        99.99992480339083     -0.05291801023305975
                      167        21.44445998649612        15.66440953534497        6879.931569790037        99.99992402852233      -0.0529181388624913
                      168        22.43033707655703        16.41018782891655        6879.931442249213        99.99992326646023      -0.0529181949543851
                      169        19.74488383071722        15.15885262419727        6879.931318137761        99.99992252045085     -0.05291817711278135
                      170        20.97330900406631        15.54151222761127        6879.931197736736        99.99992179091895     -0.05291814997577404
                      171        18.86596717875362        14.92140019180488        6879.931073725706        99.99992104821749     -0.05291831640896838
                      172        18.29502339840514        15.61007779666828        6879.930957982957        99.99992034269174     -0.05291828601807325
                      173         21.1732568076241        15.80409739060515         6879.93083039398         99.9999195784518     -0.05291834527510986
                      174        22.41107212672808         16.4552283770797        6879.930705136711        99.99991882820802     -0.05291838722192699
                      175        21.59310459862608         16.7174142537323        6879.930577224359          99.999918062001     -0.05291831588636775
                      176        20.25906559922224        15.66822764455149        6879.930454958338        99.99991732431596     -0.05291825018895846
                      177        20.83396130486935        15.59066230310995        6879.930332361124        99.99991658351551     -0.05291825127526373
                      178        21.06976030645808        15.49782672310351        6879.930211125959        99.99991585040988      -0.0529182851807235
                      179        18.59159441571878          15.229115717458        6879.930082848281         99.9999150844546     -0.05291829681031501
                      180           19.23743269414        14.28755170492383        6879.929966156335        99.99991437107695     -0.05291827231052615
                      181        20.45390512266987         15.1989365248645        6879.929845662565        99.99991364225372     -0.05291831228138033
                      182        19.72344046558828        14.93976910834478        6879.929717513771        99.99991287887514     -0.05291844736503926
                      183         19.4159246928897        14.43561076592208        6879.929600363228         99.9999121657119     -0.05291841496036831
                      184        21.66066009916249        15.83906684021597         6879.92948109491        99.99991144056713      -0.0529185109908239
                      185        23.32536107918114        16.07310599347222        6879.929354644414          99.999910681023     -0.05291855841079318
                      186        18.93518933649054        15.00713728257107        6879.929236173354        99.99990996142546     -0.05291855945232271
                      187         21.2886948980587        16.50259485502778        6879.929113164568        99.99990921867283     -0.05291864194291573
                      188        21.00798151659451         15.3351252130847        6879.928988054457        99.99990846681341      -0.0529185722196317
                      189        19.53451160068188        15.76201729572221        6879.928862250412        99.99990771253839     -0.05291861212598192
                      190         18.9932699610968        15.56971046796475        6879.928738175575        99.99990696701531     -0.05291856979315201
                      191        21.00403314705769        15.53954279580935        6879.928612740305        99.99990621404663     -0.05291857703720559
                      192        19.96484496253649        15.19354718652941        6879.928485966534         99.9999054572105     -0.05291862221044941
                      193        20.65997543564397        15.82349444537589        6879.928361871934        99.99990470941177     -0.05291870966055789
                      194        18.56654904070539        14.89193500354635        6879.928246930805        99.99990400637796      -0.0529186735498044
                      195        20.84378874915218        15.29157692379493        6879.928129169722        99.99990328786271     -0.05291858768495761
                      196        20.15695328499378        15.34536934462738        6879.928005362694        99.99990254119122     -0.05291868328471683
                      197         20.8546110404061        15.57600830672288        6879.927878734356        99.99990178241978     -0.05291870027022405
                      198        19.72308333860339        15.31097807261516        6879.927756621099        99.99990104617235      -0.0529187102476083
                      199        20.55938940950803        14.94607007473986        6879.927633459323        99.99990030705975     -0.05291876435362752
                      200         18.8747735941941        14.46555627110165        6879.927518316957        99.99989960428486     -0.05291867620896973
                      201        18.60985533701524        14.87593813232954        6879.927404891117        99.99989890692262     -0.05291864621952946
                      202        18.94306828070258         14.8523974777345        6879.927285809579        99.99989818537605     -0.05291855833468073
                      203        19.64042533612951        14.56076528258264        6879.927163414022        99.99989744743871     -0.05291854544165986
                      204        17.77625070387495        14.11630026544727         6879.92704169606        99.99989671283626      -0.0529184520274999
                      205        20.91317952945604        16.32026894099724        6879.926919082156         99.9998959727412     -0.05291837304478442
                      206        20.42604507580542        15.76267921841139        6879.926790981866        99.99989520690954     -0.05291844557177683
                      207        19.52124234908787        15.53453107308631        6879.926671004402        99.99989448095457     -0.05291841059728597
                      208        20.74178519425327        15.76333225454116        6879.926546332856        99.99989373284336      -0.0529183820330843
                      209        21.70324773059135        15.82714903572387        6879.926412712959        99.99989294260534     -0.05291837534121235
                      210         18.6843877200841        14.57127115328526        6879.926287862014        99.99989219274207      -0.0529183674911895
                      211        19.89960075285319        14.63458853272491        6879.926167625634        99.99989146469353     -0.05291839144133892
                      212        20.65047404564615        15.05287494961945        6879.926047919054        99.99989073974912     -0.05291839183723646
                      213        22.25200027712944          15.732013431009         6879.92592358354        99.99988999171822     -0.05291841776490847
                      214        19.93180328188469        15.16440558232734        6879.925801433703        99.99988925468126     -0.05291848090068996
                      215        20.16669765773441        15.00505996024737        6879.925677571442         99.9998885101719     -0.05291846397959787
                      216        17.44842575822683        13.98978892004514        6879.925558162509        99.99988778723453     -0.05291819038231083
                      217        20.19541026355321        15.60873226682599        6879.925437419529        99.99988705538721     -0.05291817788615738
                      218        20.32630465276435        16.27473260554938        6879.925312233432         99.9998863030022     -0.05291816190733645
                      219        21.92393731487995        15.33807588970376        6879.925181693357        99.99988552591837     -0.05291821441305267
                      220        20.35319858046337        15.27227833912001        6879.925060292117        99.99988479207154     -0.05291826428562718
                      221        21.06710163317613        15.82615046572616        6879.924937730741        99.99988405141592     -0.05291826832889068
                      222        21.81174063284977        15.50279752666451        6879.924813487027        99.99988330301566     -0.05291827926345327
                      223        20.62611864316517        15.59505400681464        6879.924684754435        99.99988253476403     -0.05291831624554799
                      224        20.67386240891935        15.91509570677787        6879.924556586852        99.99988177141853      -0.0529182482998658
                      225         21.5206949154582        16.30737041848485        6879.924432826334        99.99988102686201     -0.05291821219319193
                      226         19.1663175533029        15.35620959962144        6879.924313738987        99.99988030282614     -0.05291818266591974
                      227        22.55468867837084        15.25899890357265         6879.92418507718        99.99987953499398      -0.0529180955310089
                      228        20.03137305725279        15.80890452177081        6879.924058083628        99.99987877425178     -0.05291810766441074
                      229        20.12487540898672        15.34756542503917        6879.923933590671        99.99987802737141     -0.05291815012753354
                      230        19.37338081887385        15.33998268620133        6879.923813796302        99.99987730125585     -0.05291807361753342
                      231        21.82573749958983        15.90340212940502        6879.923687883675        99.99987654525498     -0.05291804981940995
                      232        21.23663092709192        15.45433914172153         6879.92356264015        99.99987579388807     -0.05291810069096936
                      233        19.23545533769331         15.2815861366571        6879.923439083937        99.99987505041778     -0.05291808106289775
                      234        19.10205772463872        15.59109294137754        6879.923322933224         99.9998743412292     -0.05291799387122875
                      235        22.22191447471069        15.95425614952392        6879.923194119439        99.99987357240225     -0.05291795703693492
                      236        19.98609537444212        15.98689806017421        6879.923064601775        99.99987280133249     -0.05291800349826481
                      237        19.22556103478574        14.52545468996386        6879.922940447211        99.99987205628572     -0.05291793483967488
                      238        21.50243993617813        15.19360786690053        6879.922817930275        99.99987131601564     -0.05291786822269273
                      239        20.45355066533367        15.47354926630013        6879.922698177978         99.9998705889146     -0.05291789819957415
                      240        19.69470247989645        15.17797870867836        6879.922578075865        99.99986986054965      -0.0529179052275035
                      241        20.23635239097701        15.13281022667204        6879.922462931765        99.99986915651344     -0.05291791031032567
                      242        22.32443362505561         15.8575565359185        6879.922339210331         99.9998684118889     -0.05291791305879467
                      243        21.20317939395578        15.79793793611198        6879.922218090583        99.99986767818615     -0.05291795647189534
                      244        21.34310246215811        16.63468354489653        6879.922095000876        99.99986693691388     -0.05291783411415496
                      245        20.69433817096223        16.09855456910276        6879.921970163093        99.99986618712347     -0.05291784941452038
                      246        21.73463231355138        15.67052719169207        6879.921847772509        99.99986544757668     -0.05291787752429222
                      247        20.60152370958373        15.92039491062033        6879.921726160614        99.99986471426176      -0.0529178332331437
                      248        19.84716744325617        15.07789711357464        6879.921608958653        99.99986400074749     -0.05291777009416343
                      249        19.31387119824732        15.36770090448894         6879.92148674618        99.99986326398142     -0.05291782950391843
                      250         20.7270263332577        15.85344534597832        6879.921364512112        99.99986252792064     -0.05291793370173625
                      251        20.89579062699242        15.73131309351735        6879.921242141756        99.99986179068472     -0.05291795140878497
                      252        20.17880703180628        15.96858567878527        6879.921122795056         99.9998610658547     -0.05291797348003868
                      253        22.92457623083127        17.06697733168787        6879.920994269997        99.99986029812537     -0.05291789613936615
                      254        21.67953988531596        15.35424451999195        6879.920873784758        99.99985956866033     -0.05291789746272002
                      255        19.41603922363928        15.15669952810259        6879.920753703853        99.99985884036282     -0.05291788121506347
                      256        19.23399064624638        15.27506968283168         6879.92063569938         99.9998581225187     -0.05291773686373435
                      257        19.85592012918572         15.9141249929089         6879.92050173365        99.99985733110152     -0.05291778493965538
                      258        21.62637640361458        16.12466839809871        6879.920380508618        99.99985659662158     -0.05291785231339619
                      259        20.94464659456736        16.09502542961269        6879.920260312183        99.99985586914839     -0.05291784279830658
                      260        21.87782427863532        16.02688720409845        6879.920133060695        99.99985510807618     -0.05291771173108994
                      261        20.49652837499847        15.38517394129071        6879.920007393388        99.99985435396879     -0.05291766631871608
                      262        20.72179438605025        15.58554636224978        6879.919890168862        99.99985364047117     -0.05291753287252554
                      263        18.31085277177031        14.04597535928202        6879.919773305825        99.99985292845112      -0.0529175985952417
                      264        20.64583243904777        15.35233290085415        6879.919651837569        99.99985219418946      -0.0529176527034636
                      265        20.91123862739513        15.38653447806736        6879.919535929144        99.99985148641579     -0.05291767591852725
                      266        20.52173387163555        14.76962640838291        6879.919421609023        99.99985078516302     -0.05291759135386975
                      267        19.44134064566855        14.35917415889407        6879.919299490496        99.99985005006324     -0.05291755682521337
                      268         18.8889745060339        13.95134856367288        6879.919185015483        99.99984934849793      -0.0529175684027674
                      269        21.05581043972909        14.98856816874882        6879.919058856679        99.99984859248015     -0.05291739529216599
                      270        18.67142633066862        14.90008544118063        6879.918942609665        99.99984788334424     -0.05291752287881124
                      271        19.45575459441475        15.66428379777915        6879.918817324281        99.99984712955887      -0.0529176681213589
                      272        18.82807762922668        14.04085451600621        6879.918698380006         99.9998464071161     -0.05291767181455276
                      273        22.00064664929072        16.42486530494794        6879.918576445277        99.99984566786253     -0.05291774991099629
                      274        21.42566193253131        16.66406152224318         6879.91845386612        99.99984492889587     -0.05291783384030424
                      275        21.92653644074868        16.09434139485435        6879.918325185243        99.99984415973555     -0.05291772023961006
                      276          22.182628525706        15.40343387177209        6879.918197320958         99.9998433970032     -0.05291783930797056
                      277           18.05051574263        14.28158914590824         6879.91807812102        99.99984267580523     -0.05291783623684232
                      278        20.72991443021168        15.31246355132026        6879.917957903778        99.99984194730899     -0.05291770184136979
                      279        21.85064881750365         15.7265900694631        6879.917834976843        99.99984120672372     -0.05291769456247408
                      280        19.68131969803429        14.81325890696955        6879.917718560024        99.99984049657412     -0.05291779283993137
                      281        20.73275740280684        15.84552008830608        6879.917597013827          99.999839762132     -0.05291772303383313
                      282        20.71059689077552        15.91943022417091        6879.917464983964        99.99983897912176     -0.05291776213703514
                      283        20.96080728970085        15.57901783403879        6879.917343064526        99.99983824243732      -0.0529177305871702
                      284        19.75662535998984        14.70391487910107        6879.917218483845         99.9998374960208     -0.05291793631454755
                      285        19.27255523417848         14.8388797084183        6879.917101121986        99.99983678034123     -0.05291779380200889
                      286         19.7523384807605        14.89993946774508        6879.916983111685        99.99983606312605     -0.05291774194402343
                      287        21.86070798663032        15.40780024432076         6879.91685913402        99.99983531608402     -0.05291780012099423
                      288        20.75600107152644        15.49702297170847        6879.916733033774        99.99983456021546     -0.05291781989476796
                      289        18.51303277781047         15.4059847567421        6879.916608500732        99.99983381326146     -0.05291774805748517
                      290        19.84072145981555        15.87360246566721        6879.916480000553        99.99983304674451     -0.05291770923503947
                      291        19.62668157168179        15.48503402121529        6879.916355673274        99.99983229907895     -0.05291778117509072
                      292        20.67046872645023         15.7491096539157        6879.916236845186        99.99983157723391     -0.05291777595137415
                      293        21.03377679375145        16.38605187893314        6879.916103951905        99.99983079003717       -0.052917793607131
                      294        17.78396901231789        15.11317363228579        6879.915985090579        99.99983006963403      -0.0529177267151324
                      295        19.14714037460496        14.36841399110878        6879.915864765921         99.9998293402308     -0.05291764159891299
                      296        20.13577300469542        14.78730774154371         6879.91573766399        99.99982858035608     -0.05291759409336727
                      297        19.82481245153284         14.9343040045374        6879.915619434047        99.99982786246423     -0.05291760995390904
                      298        18.91839206863794        14.42712222756561        6879.915499941636        99.99982713856504     -0.05291754798220438
                      299        20.46410136578239        13.82069865901671        6879.915379166592        99.99982640850386      -0.0529175447762622
                      300        18.68160757148579        15.02275325478346        6879.915264334863        99.99982570393253     -0.05291753843036417
                      301        20.48276959702129        15.19693004276106        6879.915143784744        99.99982497382797     -0.05291757349805604
                      302        20.07440228330512        16.06321689619541        6879.915019659436        99.99982422735661     -0.05291756673169967
                      303        21.31135804763631        16.00576683539585         6879.91489791779        99.99982349109065     -0.05291752228723112
                      304        20.78579078048211        14.56649084900343        6879.914774365488         99.9998227468612     -0.05291752535380567
                      305        20.40306313074762        15.36816165252623         6879.91465235849        99.99982201160346     -0.05291757256503704
                      306        20.69905291011087        14.96988253338077        6879.914528699417        99.99982126693837      -0.0529175321841775
                      307        19.19387349798452          14.966869635652          6879.9144128374        99.99982055860755     -0.05291755106762119
                      308        22.02787874875819        15.96032819684124        6879.914285001867        99.99981979474319     -0.05291757140486419
                      309        20.12856164001511        15.10121813176061        6879.914163175154        99.99981905929565     -0.05291754190407971
                      310        20.48359978976224        15.47786988258615        6879.914035147104        99.99981829453911      -0.0529175886237192
                      311        20.75469867765269        14.68286302158439        6879.913917693345        99.99981757731111     -0.05291760412320379
                      312        20.20465982611195          15.862418418883        6879.913797808194        99.99981685016161      -0.0529176672871543
                      313        17.41527390600011        14.29775104024397        6879.913673285364        99.99981610123612     -0.05291761682503271
                      314        19.99573357313542        15.09543792312383        6879.913552093133        99.99981536862806     -0.05291765862645015
                      315        18.92189468672175        15.90497257257739        6879.913434578539        99.99981465301336     -0.05291764542280175
                      316        19.82542499701253        14.63194445408049        6879.913311736062        99.99981391369383     -0.05291757839862576
                      317        20.62879530748387        16.17142058751865        6879.913192157233        99.99981318729138     -0.05291756869794462
                      318        18.93214016611048        15.59912922733547        6879.913073144474        99.99981246378809     -0.05291761010479057
                      319        20.50553229059814        14.82537075498666        6879.912954939247         99.9998117449904     -0.05291759721377787
                      320        21.10701077498628        15.58342404956527         6879.91283344622        99.99981101026684     -0.05291758953932835
                      321        22.25731013421625        15.52484705687391        6879.912707239986        99.99981025382198     -0.05291755226887407
                      322        21.64138106794764         15.8732877411212        6879.912578735822        99.99980948686648     -0.05291777016025101
                      323        20.93226680285512        16.49567144547598        6879.912454048042        99.99980873878498     -0.05291770510250871
                      324         21.3967600653869        14.84987929361754        6879.912335157235        99.99980801743015     -0.05291777484567106
                      325        21.29553741244373        15.25552349892084        6879.912210600212        99.99980726890614     -0.05291778452318008
                      326        19.66890727776472        15.66628640527343        6879.912082070378         99.9998065042539     -0.05291794648914561
                      327        21.30819181392346        15.76312637246773        6879.911948526489         99.9998057158071     -0.05291787507592183
                      328        20.34030466498123        16.41028476374276           6879.911827286        99.99980498465948     -0.05291783638525982
                      329          20.877444442559        15.12900900837704        6879.911705967783        99.99980425277992     -0.05291779382413608
                      330         19.1169032878208        13.57819901128045        6879.911587956922        99.99980353366021      -0.0529177782183794
                      331         19.8737055702711        15.38255975975609        6879.911469965586        99.99980281632934     -0.05291772557381336
                      332        22.05841712972965        15.46805500701025        6879.911351424335        99.99980209513595     -0.05291780295788895
                      333        21.51022080676172        16.06985484658491        6879.911225307161        99.99980133975725     -0.05291767671961267
                      334        22.22360737085279        16.15007953947175        6879.911100486446        99.99980058992698     -0.05291770791589911
                      335        20.56876311856261        15.70118904786999        6879.910982248875        99.99979987037266     -0.05291759284429176
                      336        21.47492649780124        15.00763078972249        6879.910862911476        99.99979914630208     -0.05291764355691431
                      337         18.2849782175672        14.73486968026316         6879.91074561384        99.99979843228095     -0.05291757976152667
                      338        19.26406163124695        14.97062100418518        6879.910629932841        99.99979772533402     -0.05291750131812023
                      339         19.2218345220733        15.39319597979682        6879.910506862504          99.999796983401     -0.05291761413855545
                      340        23.27801992521016        16.16679580107619         6879.91037042693        99.99979618215133     -0.05291780557053549
                      341        19.84226836810669        15.40850586873864         6879.91025062198         99.9997954550556     -0.05291782551834068
                      342        21.97191753685199        15.58114345743685        6879.910132614518        99.99979473606368     -0.05291772849402099
                      343        21.36830952624497        16.18755715454181        6879.910004380326        99.99979396943239     -0.05291753180881908
                      344        20.35806355669513        14.43783567273138        6879.909889643839        99.99979326754318     -0.05291759059646317
                      345        20.57766739352535        15.52960217464867        6879.909764564526        99.99979251780709     -0.05291776860676123
                      346        23.06381716448482        15.19972976144784        6879.909642446191        99.99979177912616     -0.05291772978729536
                      347        18.42561012682564        14.15872582690961        6879.909523692173        99.99979105812331     -0.05291782558547276
                      348        20.35072704687969        15.20644762462583        6879.909400662087         99.9997903159456     -0.05291780106945865
                      349         22.4061000166535        16.66180153426902        6879.909276161129        99.99978956526894     -0.05291776095883449
                      350        21.32416903349695         15.3209198386687        6879.909152109791        99.99978881845041     -0.05291782661640099
                      351        21.95602962415204        16.34303317629314        6879.909034204317        99.99978809981671     -0.05291784679691114
                      352        19.84386549896522        15.46558056117278        6879.908917151706        99.99978738589331     -0.05291776317711649
                      353        22.07516889402598        15.34130320043096        6879.908793912773        99.99978664301828     -0.05291778804828162
                      354        19.62149488209653         14.7688256894642        6879.908670989506        99.99978590185731     -0.05291792006245721
                      355        21.30608286103803        15.96208047372853        6879.908542127291        99.99978513277551     -0.05291791225028675
                      356        23.80030322450995        16.26875117161298        6879.908418065065        99.99978438409303     -0.05291788869892677
                      357        20.10417038439195        15.34158032804926        6879.908295737888        99.99978364599326     -0.05291783796003013
                      358        20.61868462833423        15.22246792064662        6879.908169261862        99.99978288927826      -0.0529178739877687
                      359        21.33286148238526        16.18356532980815        6879.908037195102        99.99978210626931      -0.0529178229429359
                      360        22.13155631549505        15.66794708633632        6879.907917358645        99.99978137882098     -0.05291781613304991
                      361        19.65138574007083        15.58654675559685         6879.90778809023        99.99978060858416     -0.05291778773693068
                      362        24.30889865691632        16.40642073082952        6879.907666229928         99.9997798725181     -0.05291777249052654
                      363        21.19650075507402        16.25870346244686        6879.907537014066        99.99977910173644     -0.05291768913709527
                      364        20.46373252624124        15.46324194523399        6879.907414349398        99.99977836134848     -0.05291756424112748
                      365        21.73049616877748        15.44331014250102        6879.907298705086        99.99977765378335       -0.052917615557039
                      366        19.56663717559125        14.59841434371466        6879.907178108875        99.99977692439303     -0.05291774060517795
                      367        21.72270830055284        15.66589617625043        6879.907054348607        99.99977617922308     -0.05291782690546043
                      368        20.14346744386521        15.08169828085845        6879.906931955646        99.99977544267686     -0.05291798102513567
                      369         23.5229441439439         16.7117392351737        6879.906800849141        99.99977466168244     -0.05291794846165487
                      370        21.15403716129437        15.66709010138406         6879.90667148066        99.99977389170418     -0.05291809101825251
                      371         20.3748332497212        15.26481712109138        6879.906548931587        99.99977315337588     -0.05291807766524137
                      372         21.2201511769894        15.41942721966785        6879.906419293306        99.99977238155854     -0.05291807455800424
                      373        20.34672595155337         15.7470576301589        6879.906294293771        99.99977163028157     -0.05291818377508939
                      374        19.80829275881399           15.61616200494         6879.90617183201         99.9997708908876     -0.05291827044912711
                      375        19.92819091574713        15.63729481867869        6879.906044191258        99.99977013074795     -0.05291812699364584
                      376        19.89981251901119        14.93987820912998        6879.905918127374         99.9997693751198     -0.05291807156395889
                      377        20.11161666810143        14.65348848212748        6879.905800432758        99.99976865811037     -0.05291811585273454
                      378        19.62617981702697        14.66533198889332         6879.90568276177        99.99976794229103     -0.05291818955483762
                      379        18.56589105923678        14.49268244117378        6879.905562539383        99.99976721384776     -0.05291830695544064
                      380        21.81629916890275        16.27721338618121        6879.905428443605        99.99976642022067     -0.05291828743486349
                      381        18.94962190397346        15.66681547906316        6879.905313559657        99.99976571726323     -0.05291829182186802
                      382        20.91717289754386        16.59583563672855        6879.905185265064        99.99976495059195     -0.05291813515935928
                      383        20.80752861027525        15.11734974789364        6879.905058078322        99.99976419030811     -0.05291808270206211
                      384        21.73309522546118        15.73857201939733        6879.904918163182         99.9997633717507     -0.05291811894666054
                      385         17.9874965108239        13.91362003304838        6879.904799511525        99.99976265120314     -0.05291810312216683
                      386        18.53558654589823        14.50590750541156        6879.904678503191        99.99976192149676     -0.05291807483778754
                      387        18.50317789235817        15.46698273764645         6879.90455276254        99.99976116896931     -0.05291812373175908
                      388        21.95276469798415        15.65735706827219         6879.90443188353        99.99976043667245     -0.05291800100088828
                      389        18.90686474739853        15.68642598064632        6879.904313206892        99.99975971611643     -0.05291795899965646
                      390        21.10940442741724        15.92478668438654        6879.904185862215        99.99975895416341     -0.05291793954166657
                      391        20.52952237113213        15.28058411209466        6879.904063643365         99.9997582150644     -0.05291804744063633
                      392        18.78026394021544        15.01609758006579        6879.903943235204        99.99975748665825      -0.0529180991103626
                      393        20.91141255838609        15.42836724154049        6879.903816013237        99.99975672618375     -0.05291815843633696
                      394        19.67392434950008        15.28192905206719        6879.903691855541        99.99975598046407     -0.05291818467018139
                      395        20.40125192220166        14.75548886298792        6879.903575305078         99.9997552687923     -0.05291816601776489
                      396        21.06248809068794         16.9887641822931        6879.903441395592        99.99975447753997     -0.05291818040846152
                      397        21.29058285578146        15.22203144914215        6879.903320596343        99.99975374602937     -0.05291818683369165
                      398        20.95928396538985        15.55683900916397        6879.903195797807        99.99975299690718     -0.05291814429140551
                      399        20.52120381135796        15.40270068510432        6879.903072966488        99.99975225494123      -0.0529181743682976
                      400        20.96630122448386        15.15581577824524        6879.902954005724        99.99975153245749     -0.05291809566899364
                      401        20.82576717462803        15.95098951809184         6879.90283385958        99.99975080332624     -0.05291807380336522
                      402        17.68078638301651        13.69243396366001        6879.902713182697         99.9997500730953     -0.05291815420427781
                      403        22.34035465689274        16.15970455099556        6879.902579850267        99.99974928338544      -0.0529182379313653
                      404        19.83520301628138        15.21223796395013        6879.902453907887        99.99974852816632     -0.05291828770159679
                      405        20.94307861617322        16.06453245062088        6879.902327407345        99.99974776963512     -0.05291832200832625
                      406        19.54532698819787        15.85656246011532        6879.902203005915        99.99974702055773     -0.05291821669613395
                      407        21.79950156413095        16.19105525549138         6879.90207630864        99.99974626087925     -0.05291822287071868
                      408         20.9714122821346        16.60905585371458        6879.901953523941         99.9997455200951     -0.05291813956987834
                      409        21.32259777755263        14.76533363769945         6879.90183587556        99.99974480636384     -0.05291815319666826
                      410        18.65553625737531          14.954843092422        6879.901718356246        99.99974408993415     -0.05291799632517069
                      411         19.9306608522956        15.01440908813263        6879.901592232193        99.99974333351003     -0.05291801245010674
                      412        19.87140643119798        14.10968310036077        6879.901474547192        99.99974261663732     -0.05291806231038976
                      413        21.57021003419416        17.15416347069047        6879.901348720807        99.99974186219562     -0.05291798627093236
                      414        19.79059214498142        14.87385734963908        6879.901227495049        99.99974112930819      -0.0529180717959532
                      415        18.78905528430877        14.31540486125673        6879.901101306021        99.99974037420171     -0.05291808783099361
                      416        17.77645433026551        14.83289645354252        6879.900977033863         99.9997396280463     -0.05291811885400133
                      417        21.52504178492152        15.72965943173346        6879.900854747534        99.99973888992605     -0.05291793347383655
                      418        20.98946108498571        15.20369685000425        6879.900737097718        99.99973817330778     -0.05291800006404435
                      419        21.87615662371277        15.00781666959761        6879.900610007329        99.99973741188556     -0.05291796848000097
                      420        21.40198437373413        16.01229933520653        6879.900490940478        99.99973668786527     -0.05291790827186738
                      421        19.25098237972939        15.01847008268172        6879.900370569984        99.99973595922889     -0.05291784227844953
                      422        21.50557011986391         16.4869469388715        6879.900239447834        99.99973518050129     -0.05291783654205418
                      423        19.01407075644921        14.69854374530779         6879.90011504244        99.99973443324785     -0.05291779313328915
                      424        19.15285481151981        14.82475481823776        6879.899994219638         99.9997337025187     -0.05291774767714408
                      425        20.59771144035311        14.89715420075853          6879.8998772598        99.99973298920536     -0.05291770490242342
                      426        22.62126150099541        15.31830910689036        6879.899756557271        99.99973225656386     -0.05291757018231635
                      427        19.63838993964452        15.13794976119597        6879.899636109943        99.99973153016006     -0.05291759696595122
                      428        21.97361273257819        15.97180688865712        6879.899510600393        99.99973077586088     -0.05291757319301116
                      429        19.06789792007251        15.36447915867157        6879.899394290995        99.99973006534245     -0.05291763635490909
                      430        17.75809220177973        14.52850038205525         6879.89927421244         99.9997293371796     -0.05291750818975105
                      431        21.66144702503441        15.49394422161613        6879.899149182308        99.99972858538226     -0.05291746257479701
                      432        21.49002584029806        15.15985822492459        6879.899030680515        99.99972786329447     -0.05291745218427035
                      433          20.806573730343        15.48621114228832        6879.898913729961        99.99972715062516     -0.05291748091617166
                      434        21.42525995065125        15.49005765413087        6879.898791759197        99.99972641486663     -0.05291754200396603
                      435        19.06333656400309        15.19242420561533        6879.898674517899        99.99972569959354     -0.05291758771137989
                      436        21.46001970366914        16.30959026796923        6879.898555509802        99.99972497687891     -0.05291756288452909
                      437        20.07578811666196        15.21229900138976        6879.898433162894        99.99972423906186      -0.0529174612562473
                      438        18.94073547940453        15.12124186571477        6879.898317501416        99.99972353068821     -0.05291747613049935
                      439         18.1288453879188        14.14244041300249        6879.898199137578        99.99972281235058     -0.05291757122929219
                      440        20.77685664336857        14.85001207662623        6879.898073121211        99.99972205642688     -0.05291766063358239
                      441        21.31217598730532        16.35019305758303        6879.897941516621        99.99972127529462     -0.05291764731947257
                      442        20.72137017405263        15.45867006328965        6879.897817763504        99.99972052922899     -0.05291764784505304
                      443        17.99449045433785        14.67338057462295        6879.897702553546        99.99971982443856     -0.05291764754423767
                      444          21.504143814476        16.58562087758668        6879.897574807132        99.99971906280111     -0.05291767185809082
                      445        19.62957814235756        13.96410674602715        6879.897444764073         99.9997182897514     -0.05291761730304323
                      446        19.29357969161092          14.625016550101        6879.897321657743        99.99971754708602     -0.05291767912703449
                      447        19.60176917259861        14.40932430937355         6879.89720070877         99.9997168141218     -0.05291769163028892
                      448         20.2035588892453        15.88375317796648        6879.897076346049        99.99971606793034     -0.05291767106915302
                      449        19.98641888370471        14.88558408043692        6879.896954527369        99.99971533101996     -0.05291768262308416
                      450        19.34243494109588        15.23712228687277        6879.896831389696        99.99971458997513     -0.05291766221124661
                      451        21.09232630920186        15.51492966034581        6879.896697569924         99.9997137972691     -0.05291770887754055
                      452        21.01887080755839        15.49160783983238        6879.896573179247        99.99971304895836     -0.05291768614227177
                      453        19.49307130607752        15.35773858900803        6879.896450066795        99.99971230716181     -0.05291781964815723
                      454         20.6035798125254        16.17421179167447         6879.89632175247        99.99971154323994      -0.0529178907278709
                      455        18.46865800448111         15.0196278112186         6879.89620488934        99.99971083131094     -0.05291786197731341
                      456          21.307214526738        15.87537824110919        6879.896079098595        99.99971007771109     -0.05291788107618167
                      457        22.44006808347538        16.24568682186434        6879.895947558116        99.99970929679991     -0.05291780534270174
                      458         21.0293906988988        16.52452781607747        6879.895820448526        99.99970853767064     -0.05291777843534717
                      459        23.42332677257061        15.99484601266213        6879.895697619633        99.99970779708495     -0.05291771735187645
                      460        20.25788584768375        15.60275823400717        6879.895570058258        99.99970703501023     -0.05291772410919027
                      461        20.39806504885659        15.21839737811877        6879.895444836003        99.99970628398559     -0.05291783514774595
                      462        19.74916846186682        14.67022582541877        6879.895323314077        99.99970555054792     -0.05291781606442214
                      463        17.43236876526534        13.22687204054975        6879.895211859725        99.99970486393948     -0.05291764192873494
                      464        20.85714004115065        15.48207853853203        6879.895098313105        99.99970416782369     -0.05291766150690336
                      465        17.19378506454425        14.37818568264046        6879.894981547213        99.99970345434848     -0.05291770966529352
                      466        22.10441404672191        15.90596183986717         6879.89485819995        99.99970271105488     -0.05291763790323856
                      467        19.91922683246666        16.08139960657321        6879.894737327626        99.99970197881737     -0.05291770991055955
                      468        19.98840901903679        15.95142189518494        6879.894610256109        99.99970121847298     -0.05291772622330804
                      469        19.53893092651347        15.23839859140528        6879.894498958416           99.99970053259     -0.05291768207215064
                      470        20.42659770472302        15.80591074620974         6879.89436738213        99.99969975151508     -0.05291775122779896
                      471        20.60654365486704        15.47355722555253        6879.894246661015        99.99969902101381     -0.05291770212162206
                      472        19.32419016838493        15.76190448721241        6879.894122303834        99.99969827754069     -0.05291766059927827
                      473        19.68988007342012        14.66724754467457        6879.894002372546        99.99969754986587     -0.05291771922310673
                      474        19.70161046837007        15.60602565653428        6879.893883348417        99.99969682635489     -0.05291775251390796
                      475         18.7508162598896         15.1451700913898        6879.893755103481         99.9996960589087     -0.05291774607450606
                      476        21.90665844820265        17.03220081897117        6879.893633428446         99.9996953232172     -0.05291776144660254
                      477        23.05412255623231        16.21172702863331        6879.893503719459        99.99969454990553     -0.05291783495995617
                      478        20.24974278081023        15.35578875762916        6879.893381478462        99.99969381016999     -0.05291787819417237
                      479        20.63340375042441        15.50549115471119        6879.893254605111        99.99969305261021     -0.05291802917924215
                      480        19.39798791777187        14.43536854472892        6879.893134973269        99.99969232881159     -0.05291814954405538
                      481        21.25232973542192        15.84969168179562        6879.893007692615        99.99969156802796     -0.05291825999223931
                      482        19.94503390710175        15.44404449104781        6879.892892435591        99.99969086234599     -0.05291811587733353
                      483        20.09270401564444        15.96836655644063        6879.892763656038        99.99969009438502     -0.05291810176236211
                      484        18.66143775018514        14.88706797207556        6879.892638841889        99.99968934524848     -0.05291796071644939
                      485        18.53566974147356        14.95852217941671        6879.892516876491        99.99968860841507     -0.05291798637539791
                      486         19.3715907705508        15.80318657875278        6879.892385336781        99.99968782688684     -0.05291794524001503
                      487        21.42256374877851         15.2175063974174        6879.892268756035        99.99968711607691     -0.05291794764283964
                      488        22.44878789299018        15.36276320432465        6879.892145995779        99.99968637417821     -0.05291792755376434
                      489         19.9545912699707        14.81880563134197        6879.892024172621        99.99968563869598      -0.0529180800137472
                      490        19.36903887013569        15.71750658227224        6879.891904676741         99.9996849132055     -0.05291803328405464
                      491        20.39522282688806         16.1129266140955        6879.891781433418         99.9996841696757     -0.05291799862648894
                      492        17.97764567716588         13.9808046606902        6879.891663894999        99.99968345494823     -0.05291797940080922
                      493        19.41638505662075        14.97328301499209        6879.891546934614        99.99968274150052     -0.05291791224890696
                      494        22.77594225455342        17.06896447755296        6879.891418614191        99.99968197524147      -0.0529178990517849
                      495        22.31691056452805        16.63040662603861        6879.891292897205        99.99968121937111      -0.0529180158086362
                      496         18.8242001019771        15.04354661499767        6879.891170032931        99.99968048022608     -0.05291793004219958
                      497        19.48309917619065        14.91192572622139        6879.891046066099        99.99967973498129     -0.05291767499402056
                      498        20.10677972780174         15.9380571273306        6879.890914429408        99.99967895443832     -0.05291771342822038
                      499        22.68963544965647        16.52153676828119        6879.890781587098        99.99967816749161     -0.05291775782524422
                      500        22.81345459268854        16.25063717538272        6879.890650615467        99.99967738822259     -0.05291778113867984

Final average n0: 20.37317877728379
Final fluctuations n0: 15.47499185272483

Averages:
21.10871672386283
22.44033296896964
21.64555315059599
20.82668898748056
19.59341569954588
18.58726645932998
19.20553365292994
20.42888822166983
19.39376423718992
20.70867471363088
20.07951642688139
20.66585891238479
20.71063449591825
19.43002739173818
20.62720300385163
21.30076252104483
18.92997380922597
19.92805454948695
20.07323110087701
20.8734734628399
20.4186748776361
20.36501426818441
20.44557764517661
21.7280508676014
20.07148946782834
21.17699317304152
18.36096998639689
22.06382824793609
20.46575354640011
20.47951352504546
20.17295601339587
19.04674148549061
21.82055103937469
19.64864002213865
21.76784269531935
20.12908288746143
20.03544913082585
22.10406994631501
17.85916788584734
19.99119299925298
23.4795964700255
19.40918249241723
21.05343156431278
19.90525937545549
20.66334525098212
21.14354717113029
19.97690912334191
21.29165500072977
20.83160363124546
20.37781235460598
20.59066018502185
20.19756059833972
19.76652047496526
19.71074331148868
20.91852392295807
20.07429612552937
21.29117278144795
19.03588047352623
20.04852765522393
18.76007563441188
20.56531524682211
20.51373294982672
18.85375344654618
20.09818724425476
21.50940910672339
20.46028798366856
19.24426555490952
20.43703666481475
18.84385585227849
20.87424605364882
19.35653142551732
19.99519562818095
19.8211725164999
19.85431485966283
20.25313011882348
17.99676510342199
19.92576490686616
20.23004763137629
21.22281368881914
23.26934987800324
20.76654838693412
21.3742939274253
18.03123684896702
19.94154682756327
20.97763417657009
20.96241715623379
22.26887041370992
21.45658597982979
21.34598557212831
21.0200769663831
21.06511098619767
19.50340219831003
20.6002548809341
20.09117149446406
21.44121085554395
19.87412622978733
20.97800310779706
19.32726129077875
19.31097155159573
19.2020467681279
19.03926120952358
19.54611039087894
18.89594237043051
20.35868076356627
19.71436376177049
19.79098168340663
18.60436433205322
20.535509389391
19.30310214727428
20.26894144421241
19.67231264489135
20.61435125019642
20.19949865756121
19.91945051765499
18.42716660862273
18.95462310492111
18.85081495688695
21.56710183106153
20.84407033035578
22.17146450310098
22.73216563971629
21.92815277220881
20.11529813105401
22.33528723983908
21.71948905465901
17.40079640671377
19.59869398657726
19.95395086737184
20.78183725835827
21.47674549570447
22.1336329304867
19.94195084132782
21.69476021101175
24.00603747786539
19.01473253844582
19.31255466496107
19.87168753523389
21.62790600112294
21.0197143367296
19.57705977567227
19.09256154473639
21.40896412853126
20.1782648338757
19.13520834558226
19.1517179146353
19.20369597870348
20.50303209917226
20.29739772210437
21.71507790166928
19.56385012130365
21.11292181373874
22.14242188979568
18.62340511883252
20.68924986164372
22.71850749538808
18.17418934855201
20.93730187050913
19.47343386757922
18.89618972507204
17.50390249652769
19.90502559410935
19.19895035609506
21.02535483461893
18.98623188929639
20.26249189886765
20.19746845275734
21.44445998649612
22.43033707655703
19.74488383071722
20.97330900406631
18.86596717875362
18.29502339840514
21.1732568076241
22.41107212672808
21.59310459862608
20.25906559922224
20.83396130486935
21.06976030645808
18.59159441571878
19.23743269414
20.45390512266987
19.72344046558828
19.4159246928897
21.66066009916249
23.32536107918114
18.93518933649054
21.2886948980587
21.00798151659451
19.53451160068188
18.9932699610968
21.00403314705769
19.96484496253649
20.65997543564397
18.56654904070539
20.84378874915218
20.15695328499378
20.8546110404061
19.72308333860339
20.55938940950803
18.8747735941941
18.60985533701524
18.94306828070258
19.64042533612951
17.77625070387495
20.91317952945604
20.42604507580542
19.52124234908787
20.74178519425327
21.70324773059135
18.6843877200841
19.89960075285319
20.65047404564615
22.25200027712944
19.93180328188469
20.16669765773441
17.44842575822683
20.19541026355321
20.32630465276435
21.92393731487995
20.35319858046337
21.06710163317613
21.81174063284977
20.62611864316517
20.67386240891935
21.5206949154582
19.1663175533029
22.55468867837084
20.03137305725279
20.12487540898672
19.37338081887385
21.82573749958983
21.23663092709192
19.23545533769331
19.10205772463872
22.22191447471069
19.98609537444212
19.22556103478574
21.50243993617813
20.45355066533367
19.69470247989645
20.23635239097701
22.32443362505561
21.20317939395578
21.34310246215811
20.69433817096223
21.73463231355138
20.60152370958373
19.84716744325617
19.31387119824732
20.7270263332577
20.89579062699242
20.17880703180628
22.92457623083127
21.67953988531596
19.41603922363928
19.23399064624638
19.85592012918572
21.62637640361458
20.94464659456736
21.87782427863532
20.49652837499847
20.72179438605025
18.31085277177031
20.64583243904777
20.91123862739513
20.52173387163555
19.44134064566855
18.8889745060339
21.05581043972909
18.67142633066862
19.45575459441475
18.82807762922668
22.00064664929072
21.42566193253131
21.92653644074868
22.182628525706
18.05051574263
20.72991443021168
21.85064881750365
19.68131969803429
20.73275740280684
20.71059689077552
20.96080728970085
19.75662535998984
19.27255523417848
19.7523384807605
21.86070798663032
20.75600107152644
18.51303277781047
19.84072145981555
19.62668157168179
20.67046872645023
21.03377679375145
17.78396901231789
19.14714037460496
20.13577300469542
19.82481245153284
18.91839206863794
20.46410136578239
18.68160757148579
20.48276959702129
20.07440228330512
21.31135804763631
20.78579078048211
20.40306313074762
20.69905291011087
19.19387349798452
22.02787874875819
20.12856164001511
20.48359978976224
20.75469867765269
20.20465982611195
17.41527390600011
19.99573357313542
18.92189468672175
19.82542499701253
20.62879530748387
18.93214016611048
20.50553229059814
21.10701077498628
22.25731013421625
21.64138106794764
20.93226680285512
21.3967600653869
21.29553741244373
19.66890727776472
21.30819181392346
20.34030466498123
20.877444442559
19.1169032878208
19.8737055702711
22.05841712972965
21.51022080676172
22.22360737085279
20.56876311856261
21.47492649780124
18.2849782175672
19.26406163124695
19.2218345220733
23.27801992521016
19.84226836810669
21.97191753685199
21.36830952624497
20.35806355669513
20.57766739352535
23.06381716448482
18.42561012682564
20.35072704687969
22.4061000166535
21.32416903349695
21.95602962415204
19.84386549896522
22.07516889402598
19.62149488209653
21.30608286103803
23.80030322450995
20.10417038439195
20.61868462833423
21.33286148238526
22.13155631549505
19.65138574007083
24.30889865691632
21.19650075507402
20.46373252624124
21.73049616877748
19.56663717559125
21.72270830055284
20.14346744386521
23.5229441439439
21.15403716129437
20.3748332497212
21.2201511769894
20.34672595155337
19.80829275881399
19.92819091574713
19.89981251901119
20.11161666810143
19.62617981702697
18.56589105923678
21.81629916890275
18.94962190397346
20.91717289754386
20.80752861027525
21.73309522546118
17.9874965108239
18.53558654589823
18.50317789235817
21.95276469798415
18.90686474739853
21.10940442741724
20.52952237113213
18.78026394021544
20.91141255838609
19.67392434950008
20.40125192220166
21.06248809068794
21.29058285578146
20.95928396538985
20.52120381135796
20.96630122448386
20.82576717462803
17.68078638301651
22.34035465689274
19.83520301628138
20.94307861617322
19.54532698819787
21.79950156413095
20.9714122821346
21.32259777755263
18.65553625737531
19.9306608522956
19.87140643119798
21.57021003419416
19.79059214498142
18.78905528430877
17.77645433026551
21.52504178492152
20.98946108498571
21.87615662371277
21.40198437373413
19.25098237972939
21.50557011986391
19.01407075644921
19.15285481151981
20.59771144035311
22.62126150099541
19.63838993964452
21.97361273257819
19.06789792007251
17.75809220177973
21.66144702503441
21.49002584029806
20.806573730343
21.42525995065125
19.06333656400309
21.46001970366914
20.07578811666196
18.94073547940453
18.1288453879188
20.77685664336857
21.31217598730532
20.72137017405263
17.99449045433785
21.504143814476
19.62957814235756
19.29357969161092
19.60176917259861
20.2035588892453
19.98641888370471
19.34243494109588
21.09232630920186
21.01887080755839
19.49307130607752
20.6035798125254
18.46865800448111
21.307214526738
22.44006808347538
21.0293906988988
23.42332677257061
20.25788584768375
20.39806504885659
19.74916846186682
17.43236876526534
20.85714004115065
17.19378506454425
22.10441404672191
19.91922683246666
19.98840901903679
19.53893092651347
20.42659770472302
20.60654365486704
19.32419016838493
19.68988007342012
19.70161046837007
18.7508162598896
21.90665844820265
23.05412255623231
20.24974278081023
20.63340375042441
19.39798791777187
21.25232973542192
19.94503390710175
20.09270401564444
18.66143775018514
18.53566974147356
19.3715907705508
21.42256374877851
22.44878789299018
19.9545912699707
19.36903887013569
20.39522282688806
17.97764567716588
19.41638505662075
22.77594225455342
22.31691056452805
18.8242001019771
19.48309917619065
20.10677972780174
22.68963544965647
22.81345459268854

Fluctuations:
15.48937153747499
15.20706896154788
15.40852816681376
15.74759222779675
15.00468352165291
14.15399555873619
15.29076419703741
15.4779735791697
15.23152076130248
16.34445507885991
15.75253469874724
15.09339318170388
15.53559725378459
15.11413831139688
15.77350547725627
16.23756138848642
15.25279198523554
15.82482550221969
15.36690024602132
15.38957066981922
15.68756056137653
16.40442454167835
16.2003616570623
15.45341451945157
15.4650202463672
15.80696626508451
14.96737069573571
16.16708127254925
15.72719436546305
15.92605495036058
15.21272520460797
14.9888518683789
16.25196120423537
14.88241151715324
15.43587714670555
15.74926628192826
14.93507994689224
15.13952155066969
15.25976433323838
15.41469551457572
15.53626617192772
15.28319536386888
15.87640472176697
15.29589059439105
15.50156838531962
15.51604305764162
16.42167528665486
15.88573157384518
15.84204087516568
15.55687929628957
15.55188539770608
14.52843080367307
14.85008703577326
15.3255001477831
16.12032528087179
15.35083027735658
15.28863552878717
15.43442823299807
15.28744037688756
14.93879886472587
15.70970462486344
15.82096750857108
13.48564192184432
15.68298408961158
15.28839566000522
15.31288311971358
14.91551292943778
15.09872941600382
14.87607856273018
16.14443572819676
15.99643683410442
15.6496388660673
15.52963871679277
15.42075319258922
15.24836737707169
14.66553861514307
15.38219708381895
15.22597686370875
15.52383507699279
16.12150581051449
16.71815262632742
15.65132358398933
13.51885860800723
15.28728889051149
16.30959846318435
15.50602943460977
16.17937674078276
15.74585486239367
15.98833100030332
15.75016866610246
16.06907387561369
15.0170907485671
14.87019665465795
15.1011366929608
15.5717402024698
14.87720230632503
15.42329358353373
15.00526019530623
15.49233952248839
14.69234249625784
14.60290049189888
15.09632038505291
14.50206704321809
15.66552737885337
15.35048596265415
14.44845811145878
14.91036822951495
15.73845039651976
15.79971361309899
15.59575464025133
15.80542309846081
15.40835851856415
15.81835824314151
15.82799376690224
14.81214438311166
14.27545958366779
15.11429589274345
15.62726441160949
15.26828530511247
15.88968518400854
15.27146530755814
15.91937289228623
15.49421754833519
15.14951219393486
16.08465727662695
13.82562650291071
14.56996782015136
15.55421258782841
15.29333556703176
16.12779340697634
16.1883616773728
15.22858242338767
15.47984029159569
17.50153730656201
15.21306095055442
15.34941042683796
16.20233407345718
15.22303776902034
16.4921821590956
15.20638090579637
15.27907059432356
16.26880217677334
15.03258890170378
14.32566513632429
15.40389604251353
15.38015521455066
15.74481629935989
14.93774205710302
15.79766158335053
15.01189846659735
15.37919158186335
15.78541905565233
14.31605278265072
14.87981411715839
16.39380288443988
14.62004602549896
16.27674740222649
15.25729890957734
14.68766430588547
13.87178426623234
14.55310910551498
14.77941017623171
16.1097089974771
14.526197356657
15.46838283186201
15.18392154201845
15.66440953534497
16.41018782891655
15.15885262419727
15.54151222761127
14.92140019180488
15.61007779666828
15.80409739060515
16.4552283770797
16.7174142537323
15.66822764455149
15.59066230310995
15.49782672310351
15.229115717458
14.28755170492383
15.1989365248645
14.93976910834478
14.43561076592208
15.83906684021597
16.07310599347222
15.00713728257107
16.50259485502778
15.3351252130847
15.76201729572221
15.56971046796475
15.53954279580935
15.19354718652941
15.82349444537589
14.89193500354635
15.29157692379493
15.34536934462738
15.57600830672288
15.31097807261516
14.94607007473986
14.46555627110165
14.87593813232954
14.8523974777345
14.56076528258264
14.11630026544727
16.32026894099724
15.76267921841139
15.53453107308631
15.76333225454116
15.82714903572387
14.57127115328526
14.63458853272491
15.05287494961945
15.732013431009
15.16440558232734
15.00505996024737
13.98978892004514
15.60873226682599
16.27473260554938
15.33807588970376
15.27227833912001
15.82615046572616
15.50279752666451
15.59505400681464
15.91509570677787
16.30737041848485
15.35620959962144
15.25899890357265
15.80890452177081
15.34756542503917
15.33998268620133
15.90340212940502
15.45433914172153
15.2815861366571
15.59109294137754
15.95425614952392
15.98689806017421
14.52545468996386
15.19360786690053
15.47354926630013
15.17797870867836
15.13281022667204
15.8575565359185
15.79793793611198
16.63468354489653
16.09855456910276
15.67052719169207
15.92039491062033
15.07789711357464
15.36770090448894
15.85344534597832
15.73131309351735
15.96858567878527
17.06697733168787
15.35424451999195
15.15669952810259
15.27506968283168
15.9141249929089
16.12466839809871
16.09502542961269
16.02688720409845
15.38517394129071
15.58554636224978
14.04597535928202
15.35233290085415
15.38653447806736
14.76962640838291
14.35917415889407
13.95134856367288
14.98856816874882
14.90008544118063
15.66428379777915
14.04085451600621
16.42486530494794
16.66406152224318
16.09434139485435
15.40343387177209
14.28158914590824
15.31246355132026
15.7265900694631
14.81325890696955
15.84552008830608
15.91943022417091
15.57901783403879
14.70391487910107
14.8388797084183
14.89993946774508
15.40780024432076
15.49702297170847
15.4059847567421
15.87360246566721
15.48503402121529
15.7491096539157
16.38605187893314
15.11317363228579
14.36841399110878
14.78730774154371
14.9343040045374
14.42712222756561
13.82069865901671
15.02275325478346
15.19693004276106
16.06321689619541
16.00576683539585
14.56649084900343
15.36816165252623
14.96988253338077
14.966869635652
15.96032819684124
15.10121813176061
15.47786988258615
14.68286302158439
15.862418418883
14.29775104024397
15.09543792312383
15.90497257257739
14.63194445408049
16.17142058751865
15.59912922733547
14.82537075498666
15.58342404956527
15.52484705687391
15.8732877411212
16.49567144547598
14.84987929361754
15.25552349892084
15.66628640527343
15.76312637246773
16.41028476374276
15.12900900837704
13.57819901128045
15.38255975975609
15.46805500701025
16.06985484658491
16.15007953947175
15.70118904786999
15.00763078972249
14.73486968026316
14.97062100418518
15.39319597979682
16.16679580107619
15.40850586873864
15.58114345743685
16.18755715454181
14.43783567273138
15.52960217464867
15.19972976144784
14.15872582690961
15.20644762462583
16.66180153426902
15.3209198386687
16.34303317629314
15.46558056117278
15.34130320043096
14.7688256894642
15.96208047372853
16.26875117161298
15.34158032804926
15.22246792064662
16.18356532980815
15.66794708633632
15.58654675559685
16.40642073082952
16.25870346244686
15.46324194523399
15.44331014250102
14.59841434371466
15.66589617625043
15.08169828085845
16.7117392351737
15.66709010138406
15.26481712109138
15.41942721966785
15.7470576301589
15.61616200494
15.63729481867869
14.93987820912998
14.65348848212748
14.66533198889332
14.49268244117378
16.27721338618121
15.66681547906316
16.59583563672855
15.11734974789364
15.73857201939733
13.91362003304838
14.50590750541156
15.46698273764645
15.65735706827219
15.68642598064632
15.92478668438654
15.28058411209466
15.01609758006579
15.42836724154049
15.28192905206719
14.75548886298792
16.9887641822931
15.22203144914215
15.55683900916397
15.40270068510432
15.15581577824524
15.95098951809184
13.69243396366001
16.15970455099556
15.21223796395013
16.06453245062088
15.85656246011532
16.19105525549138
16.60905585371458
14.76533363769945
14.954843092422
15.01440908813263
14.10968310036077
17.15416347069047
14.87385734963908
14.31540486125673
14.83289645354252
15.72965943173346
15.20369685000425
15.00781666959761
16.01229933520653
15.01847008268172
16.4869469388715
14.69854374530779
14.82475481823776
14.89715420075853
15.31830910689036
15.13794976119597
15.97180688865712
15.36447915867157
14.52850038205525
15.49394422161613
15.15985822492459
15.48621114228832
15.49005765413087
15.19242420561533
16.30959026796923
15.21229900138976
15.12124186571477
14.14244041300249
14.85001207662623
16.35019305758303
15.45867006328965
14.67338057462295
16.58562087758668
13.96410674602715
14.625016550101
14.40932430937355
15.88375317796648
14.88558408043692
15.23712228687277
15.51492966034581
15.49160783983238
15.35773858900803
16.17421179167447
15.0196278112186
15.87537824110919
16.24568682186434
16.52452781607747
15.99484601266213
15.60275823400717
15.21839737811877
14.67022582541877
13.22687204054975
15.48207853853203
14.37818568264046
15.90596183986717
16.08139960657321
15.95142189518494
15.23839859140528
15.80591074620974
15.47355722555253
15.76190448721241
14.66724754467457
15.60602565653428
15.1451700913898
17.03220081897117
16.21172702863331
15.35578875762916
15.50549115471119
14.43536854472892
15.84969168179562
15.44404449104781
15.96836655644063
14.88706797207556
14.95852217941671
15.80318657875278
15.2175063974174
15.36276320432465
14.81880563134197
15.71750658227224
16.1129266140955
13.9808046606902
14.97328301499209
17.06896447755296
16.63040662603861
15.04354661499767
14.91192572622139
15.9380571273306
16.52153676828119
16.25063717538272

Last point and parameters for further simulation:
100
8
0.5
contact

-1.231730781588995
0.9983856406660258
1.209324901678113
0.3625313373497406
-1.437611096194895
0.143112233479755
1.398498208104768
4.430190382317018
-0.6511227034424446
-4.047955171281034
4.082860050409885
-2.481910807325711
-0.2156484388011686
-1.273653179415247
0.383136741522335
-0.1592174252751689
0.6373307523649838
-0.4198010504305011
1.218260984696528
0.4244886460449797
2.152961648701991
0.7309682384483214
0.3149845316173326
2.854026826573559
2.077120003991785
1.586746760575527
0.5391531330662216
-0.5829616670491115
0.4069075600236621
-1.95976685587548
-0.3073506857836906
1.823080713761704
0.3836860193212241
0.2158330460598921

Final quantities:
20.37317877728379
15.47499185272483
