Number of particles: 100
Nmax: 1
Gamma: 0.25
Interaction type: contact
Step size: 0.0003
Batch size: 200000
Batch count: 350
             Batch number               Average n0          Fluctuations n0                   Energy           Particle count                 Momentum
                        1        98.79344739585429       0.8503243727885942          2503.1761731832         99.9999612448694   -6.749057300026173e-05
                        2        98.79370209947328       0.8500673592668071         2503.17609522382        99.99995969361366   -6.749056606514259e-05
                        3        98.79410078099271       0.8499646569783277        2503.176017263367        99.99995814233861   -6.749055901061896e-05
                        4        98.79444139097821       0.8501677730319188        2503.175939302926         99.9999565910654   -6.749055207874721e-05
                        5        98.79457481816226       0.8503219560361817        2503.175861342531        99.99995503979368   -6.749054502284968e-05
                        6         98.7944485907576       0.8501776949627775        2503.175783382445        99.99995348852762   -6.749053790039428e-05
                        7          98.794111238071       0.8499678952407127         2503.17570542265        99.99995193726571   -6.749053093768609e-05
                        8         98.7937083768638        0.850056574560807        2503.175627462508        99.99995038599468   -6.749052400389921e-05
                        9        98.79344149347719       0.8503167520051985        2503.175549503581        99.99994883474625   -6.749051705190467e-05
                       10        98.79345935169401       0.8502924005124169        2503.175471544674        99.99994728349837   -6.749051002996609e-05
                       11        98.79375067821024       0.8500271824348535        2503.175393584842        99.99994573223375    -6.74905029164341e-05
                       12        98.79415300272213       0.8499819082810804        2503.175315624997        99.99994418097094   -6.749049584559019e-05
                       13        98.79446722748911       0.8502071633038862        2503.175237663982         99.9999426296862   -6.749048876463631e-05
                       14        98.79455901728856        0.850317628741222         2503.17515970371         99.9999410784167   -6.749048163740001e-05
                       15        98.79439248590893       0.8501355131733075        2503.175081744324        99.99993952716416   -6.749047443488365e-05
                       16        98.79403251171328       0.8499564797365781        2503.175003785459         99.9999379759203   -6.749046741927334e-05
                       17        98.79363810411236       0.8500986500417527        2503.174925826075         99.9999364246638   -6.749046037324291e-05
                       18        98.79341069752266       0.8503395348421378        2503.174847867052        99.99993487341312   -6.749045314768942e-05
                       19        98.79347828542298       0.8502536037545718        2503.174769907921        99.99993332216074   -6.749044608556076e-05
                       20        98.79380078891198       0.8499949151742366        2503.174691948477        99.99993177090398   -6.749043915865727e-05
                       21        98.79420123099335       0.8500069371039245        2503.174613987585        99.99993021962031   -6.749043223180928e-05
                       22        98.79448616468089       0.8502420529209331        2503.174536026918        99.99992866834248   -6.749042502578531e-05
                       23        98.79453641123492       0.8503046106280671        2503.174458066894        99.99992711707765   -6.749041808176703e-05
                       24        98.79433223537981       0.8500942589303809        2503.174380107027        99.99992556581508     -6.7490411145954e-05
                       25        98.79395436342159       0.8499549613769861        2503.174302147738        99.99992401456211   -6.749040404796514e-05
                       26        98.79357359915858       0.8501428665328108        2503.174224188973        99.99992246331747   -6.749039690445713e-05
                       27        98.79338817381529       0.8503518652108546        2503.174146230456         99.9999209120766   -6.749038977016397e-05
                       28        98.79350317437803       0.8502105873958827        2503.174068271543        99.99991936082856   -6.749038272857444e-05
                       29        98.79385135372273       0.8499715476736326        2503.173990312135        99.99991780957261   -6.749037559761195e-05
                       30        98.79424493808983       0.8500377502954414        2503.173912351821         99.9999162583006   -6.749036846392942e-05
                       31        98.79449831713828       0.8502710524941104        2503.173834391719        99.99991470703387   -6.749036138473108e-05
                       32        98.79450757516935           0.850284060153        2503.173756431444        99.99991315576371    -6.74903541532379e-05
                       33        98.79426868840004       0.8500558715411537        2503.173678471378        99.99991160449667   -6.749034709968571e-05
                       34        98.79387766012884       0.8499628992203819        2503.173600511513        99.99991005323167   -6.749034019470912e-05
                       35        98.79351528411945       0.8501867534658714        2503.173522551961        99.99990850197076   -6.749033327846377e-05
                       36        98.79337351088331        0.850353741637644        2503.173444592625        99.99990695071332   -6.749032613462269e-05
                       37        98.79353298520417       0.8501658950992127        2503.173366633375        99.99990539945858   -6.749031904584868e-05
                       38        98.79390141833512       0.8499574360223817        2503.173288673722        99.99990384819782   -6.749031200031785e-05
                       39        98.79428374351104       0.8500723143389458        2503.173210713955         99.9999022969367   -6.749030481803531e-05
                       40        98.79450389263073       0.8502932341847862        2503.173132753685        99.99990074566649   -6.749029761374606e-05
                       41        98.79447311738851       0.8502573785102677        2503.173054793448         99.9998991943968   -6.749029047475874e-05
                       42        98.79420267269538       0.8500219720432827        2503.172976833173        99.99989764312507   -6.749028344965602e-05
                       43        98.79380317576671       0.8499793885488931        2503.172898873583        99.99989609186505   -6.749027640740035e-05
                       44         98.7934634271688       0.8502280876410238        2503.172820914784        99.99989454061874   -6.749026945707115e-05
                       45        98.79336617899476        0.850345762750122        2503.172742956308        99.99989298937827   -6.749026229324606e-05
                       46        98.79356670305199       0.8501218514361487        2503.172664998437        99.99989143815117   -6.749025512742257e-05
                       47        98.79395015734822       0.8499523878706899        2503.172587038986        99.99988988689452   -6.749024805113857e-05
                       48         98.7943173991159       0.8501086747570751        2503.172509078857        99.99988833562617   -6.749024088401057e-05
                       49        98.79450317502085       0.8503081100215391        2503.172431119154        99.99988678436712   -6.749023380462835e-05
                       50        98.79443366684147       0.8502261071409011        2503.172353159417        99.99988523310705   -6.749022677188243e-05
                       51        98.79413498360213       0.8499938157868734        2503.172275199856        99.99988368184916   -6.749021963703417e-05
                       52        98.79373158390949       0.8500031650216741        2503.172197240211        99.99988213058737   -6.749021261076571e-05
                       53         98.7934181510807       0.8502650008858514        2503.172119281061        99.99988057933363   -6.749020544694062e-05
                       54        98.79336555758348       0.8503290043436633        2503.172041321975        99.99987902808085   -6.749019843788062e-05
                       55        98.79360335512592       0.8500804502149443        2503.171963362829        99.99987747682826   -6.749019138097001e-05
                       56         98.7939968741031       0.8499557686376544          2503.1718854029        99.99987592556221   -6.749018444807131e-05
                       57         98.7943457731685       0.8501450528445891        2503.171807443028         99.9998743742989   -6.749017732521345e-05
                       58        98.79449650836318        0.850315583056655        2503.171729483121        99.99987282303557   -6.749017039579808e-05
                       59        98.79438986135403        0.850191832932588         2503.17165152354        99.99987127177825   -6.749016311841105e-05
                       60        98.79406637366949       0.8499722701701412         2503.17157356462        99.99986972053267   -6.749015603868536e-05
                       61        98.79366345238894        0.850032716071092        2503.171495605844        99.99986816928772   -6.749014890705674e-05
                       62        98.79337944456091       0.8502960480270279        2503.171417646692        99.99986661803358   -6.749014185580826e-05
                       63        98.79337096185289       0.8503048821058534        2503.171339689221        99.99986506681293   -6.749013486251343e-05
                       64        98.79364202938788       0.8500432856454038        2503.171261729973        99.99986351555836   -6.749012763695994e-05
                       65        98.79404099719652        0.849966615834119        2503.171183770337        99.99986196429822   -6.749012049273029e-05
                       66         98.7943688351381       0.8501799076488964        2503.171105811506        99.99986041305569   -6.749011338063465e-05
                       67         98.7944842834102       0.8503158940118763        2503.171027851499        99.99985886179013   -6.749010621698304e-05
                       68        98.79434233799414       0.8501561066847066        2503.170949891322        99.99985731052053   -6.749009913969983e-05
                       69         98.7939975445349       0.8499578184657789        2503.170871931744        99.99985575926121   -6.749009233264491e-05
                       70        98.79359924164842       0.8500663948224874        2503.170793973226        99.99985420802091   -6.749008531414802e-05
                       71        98.79334717688748       0.8503202338608947        2503.170716015446        99.99985265679379   -6.749007840811672e-05
                       72        98.79338166793329       0.8502750158143603        2503.170638056458        99.99985110554276    -6.74900712331894e-05
                       73         98.7936818879074       0.8500115276622312        2503.170560097493        99.99984955429393   -6.749006412631875e-05
                       74        98.79408207345696       0.8499837492318462        2503.170482138384        99.99984800304435   -6.749005694905996e-05
                       75        98.79438664041272       0.8502119729181172        2503.170404178649        99.99984645178365   -6.749004984768839e-05
                       76        98.79446692505117       0.8503095549907044        2503.170326219172        99.99984490052842   -6.749004277389892e-05
                       77        98.79429172370597       0.8501203760714646        2503.170248259703        99.99984334927254   -6.749003568701228e-05
                       78        98.79392913948374        0.849950580689308        2503.170170300096         99.9998417980122   -6.749002860662046e-05
                       79        98.79353930506328       0.8501025266412132        2503.170092342002         99.9998402467799   -6.749002153361161e-05
                       80        98.79332111361558       0.8503370099811449        2503.170014383546        99.99983869553897    -6.74900144672641e-05
                       81        98.79339693529271       0.8502411032471633        2503.169936424948        99.99983714429567   -6.749000736783195e-05
                       82        98.79372217580203       0.8499859267240529        2503.169858465276        99.99983559303277   -6.749000036943009e-05
                       83        98.79411975932929       0.8500058725376978        2503.169780505806        99.99983404177597   -6.748999336400607e-05
                       84         98.7943993164736       0.8502402721914893        2503.169702545705        99.99983249050781   -6.748998634971415e-05
                       85        98.79444488183846       0.8502972866774553        2503.169624585717        99.99983093924212   -6.748997924518885e-05
                       86        98.79423862772423       0.8500859324109806        2503.169546626268        99.99982938798624   -6.748997227951081e-05
                       87        98.79386173795464       0.8499503545917996        2503.169468667118         99.9998278367345   -6.748996528904705e-05
                       88        98.79348389205499       0.8501394994086804        2503.169390708551        99.99982628549219   -6.748995818939285e-05
                       89        98.79330093366809       0.8503462414930142        2503.169312749905        99.99982473424718   -6.748995102290323e-05
                       90        98.79341602638746       0.8502048115246156        2503.169234790546        99.99982318298865   -6.748994391103658e-05
                       91        98.79376222602454       0.8499668461796229        2503.169156831712        99.99982163174258   -6.748993689942306e-05
                       92         98.7941538107777        0.850031659812174        2503.169078872939         99.9998200804997   -6.748992976948753e-05
                       93        98.79440705000864       0.8502641135700936        2503.169000914194        99.99981852925855   -6.748992256801895e-05
                       94         98.7944186165912       0.8502799527995614        2503.168922954507        99.99981697799853   -6.748991549776484e-05
                       95        98.79418363468172       0.8500538753591107         2503.16884499498        99.99981542674072   -6.748990840216296e-05
                       96        98.79379585168687       0.8499566654766557        2503.168767036097        99.99981387549373   -6.748990123817133e-05
                       97        98.79343315356172       0.8501758401547941         2503.16868907766        99.99981232425363    -6.74898942543134e-05
                       98         98.7932862467831        0.850348152333403        2503.168611119499        99.99981077301804    -6.74898873318508e-05
                       99        98.79343822335052       0.8501676928998484        2503.168533161007        99.99980922177683   -6.748988028359992e-05
                      100        98.79380146102996       0.8499543123665201        2503.168455201892        99.99980767052519   -6.748987320542854e-05
                      101        98.79418407272921       0.8500598269918299        2503.168377242511        99.99980611927013   -6.748986623142383e-05
                      102        98.79441007517919         0.85028307295406         2503.16829928276        99.99980456800867   -6.748985927213999e-05
                      103        98.79438859807543       0.8502585022608368        2503.168221323221        99.99980301675133   -6.748985209925618e-05
                      104        98.79412729854286        0.850025090581112        2503.168143364038        99.99980146549996    -6.74898449782857e-05
                      105        98.79373192206876       0.8499688241625596        2503.168065405018        99.99979991424976   -6.748983789239826e-05
                      106        98.79338714890005       0.8502102699933993        2503.167987447478        99.99979836302711   -6.748983086279914e-05
                      107        98.79327661008409       0.8503432592368235        2503.167909489464        99.99979681179427    -6.74898238883781e-05
                      108        98.79346284094628        0.850131119652658        2503.167831530675         99.9997952605471   -6.748981679549626e-05
                      109        98.79383939107213       0.8499480728596107        2503.167753571395        99.99979370929221   -6.748980978577013e-05
                      110        98.79421046801829       0.8500891827429108        2503.167675612657        99.99979215804996   -6.748980271040206e-05
                      111        98.79440866316273       0.8502969667798232        2503.167597653097        99.99979060679215   -6.748979559507984e-05
                      112        98.79435529407569        0.850233916650874        2503.167519694171        99.99978905554677   -6.748978847598286e-05
                      113        98.79407013790086       0.8500002398849931        2503.167441735605        99.99978750430725   -6.748978136039696e-05
                      114         98.7936703195073       0.8499859871433191        2503.167363775983        99.99978595304454    -6.74897743395686e-05
                      115        98.79334585447374       0.8502417393992633         2503.16728581711         99.9997844017948   -6.748976734183287e-05
                      116        98.79327154421634       0.8503322999596244        2503.167207859176        99.99978285056339   -6.748976022197262e-05
                      117        98.79348923698301       0.8500962478483796         2503.16712990067         99.9997812993219   -6.748975319870176e-05
                      118        98.79387561113306       0.8499476595480983        2503.167051941506         99.9997797480693     -6.7489746208238e-05
                      119        98.79423298703995       0.8501186664179554        2503.166973982625        99.99977819682417   -6.748973919339096e-05
                      120         98.7944031129134       0.8503058187286868        2503.166896022876        99.99977664556233   -6.748973201571237e-05
                      121        98.79431916513879       0.8502071653588434        2503.166818063647        99.99977509431059   -6.748972509443285e-05
                      122        98.79401263181033        0.849979766714106        2503.166740104864         99.9997735430663   -6.748971794212633e-05
                      123        98.79361134382563       0.8500072163603427        2503.166662145749        99.99977199181322   -6.748971085879241e-05
                      124         98.7933091732239       0.8502694467599557        2503.166584187611        99.99977044057779   -6.748970381265096e-05
                      125        98.79327054803335       0.8503161611306657        2503.166506228738        99.99976888932746   -6.748969667791371e-05
                      126        98.79351681960432       0.8500639961639002        2503.166428270828        99.99976733809787   -6.748968962289048e-05
                      127        98.79390979580907       0.8499524503554037         2503.16635031237        99.99976578685946   -6.748968251713006e-05
                      128        98.79425167760766       0.8501473718337278        2503.166272352537        99.99976423559514   -6.748967540345929e-05
                      129         98.7943937431167       0.8503098241576373        2503.166194393984        99.99976268435704   -6.748966842097526e-05
                      130        98.79428065952854       0.8501791688651081        2503.166116435353        99.99976113311686   -6.748966133829359e-05
                      131        98.79395521714991       0.8499639054708654        2503.166038476855        99.99975958187781     -6.7489654371089e-05
                      132        98.79355522655629       0.8500315338411405        2503.165960518759        99.99975803064461   -6.748964732072871e-05
                      133        98.79327694497056       0.8502928373335824        2503.165882560535        99.99975647940718   -6.748964031788596e-05
                      134        98.79327311166855       0.8502958104202658        2503.165804602545         99.9997549281743   -6.748963319758161e-05
                      135        98.79354505203054       0.8500350452380533         2503.16572664445        99.99975337694103   -6.748962618263743e-05
                      136        98.79394169329321       0.8499617248876041        2503.165648685475        99.99975182569226   -6.748961908703555e-05
                      137        98.79426663556526       0.8501745557924943        2503.165570726735         99.9997502744497   -6.748961206073933e-05
                      138        98.79438088512558       0.8503093129467186        2503.165492768008        99.99974872320787   -6.748960505341406e-05
                      139        98.79424020873293       0.8501507703425436        2503.165414809982        99.99974717197945   -6.748959799945942e-05
                      140        98.79389828628973       0.8499527038478598        2503.165336850894        99.99974562072818   -6.748959085378647e-05
                      141        98.79350213378362       0.8500579700649991        2503.165258892983        99.99974406949822   -6.748958392255311e-05
                      142        98.79324895656492       0.8503115923800384        2503.165180935219        99.99974251826964    -6.74895768357775e-05
                      143        98.79327872770868       0.8502722387498604        2503.165102977152        99.99974096703519   -6.748956981272869e-05
                      144         98.7935734548295       0.8500098487090437        2503.165025018472        99.99973941579016   -6.748956273905371e-05
                      145        98.79397111856116       0.8499747147295253        2503.164947060489        99.99973786456117   -6.748955570862192e-05
                      146        98.79427799604953       0.8501996388036184        2503.164869101791        99.99973631331935   -6.748954862996481e-05
                      147        98.79436487670553       0.8503047157985782        2503.164791142704        99.99973476207008   -6.748954159711829e-05
                      148        98.79419822378227       0.8501227164583738        2503.164713183906        99.99973321082584   -6.748953449037254e-05
                      149        98.79384218603295       0.8499460472234789        2503.164635224901        99.99973165957573   -6.748952757829052e-05
                      150        98.79345217040066       0.8500856038297899        2503.164557266938        99.99973010834428   -6.748952041357725e-05
                      151        98.79322495224756       0.8503256050882854        2503.164479308408         99.9997285571001   -6.748951354529353e-05
                      152         98.7932869007828        0.850246409906657        2503.164401350723        99.99972700587317   -6.748950658841402e-05
                      153        98.79360160667474       0.8499886542827373        2503.164323393212        99.99972545465154    -6.74894994577846e-05
                      154        98.79399794638628       0.8499906442610474        2503.164245435093        99.99972390341982   -6.748949230955814e-05
                      155        98.79428592571249       0.8502221998692554        2503.164167476609        99.99972235218212   -6.748948501053564e-05
                      156         98.7943460569678       0.8502965296473803        2503.164089517924        99.99972080094062   -6.748947797083349e-05
                      157        98.79415509244086       0.8500956427239296        2503.164011559832        99.99971924971018   -6.748947084123103e-05
                      158        98.79378721756137       0.8499436860145886        2503.163933601906        99.99971769848115   -6.748946382650889e-05
                      159        98.79340538517135       0.8501135935825698         2503.16385564512        99.99971614727284    -6.74894568120088e-05
                      160        98.79320464374072       0.8503349515864155        2503.163777686589        99.99971459602833   -6.748944980761173e-05
                      161        98.79329715537644       0.8502192240295154        2503.163699729024        99.99971304480367   -6.748944275769553e-05
                      162        98.79362914342963       0.8499715313171602        2503.163621770845        99.99971149356871   -6.748943585443978e-05
                      163        98.79402210436319        0.850008764231945        2503.163543812047        99.99970994232339   -6.748942884102216e-05
                      164        98.79429061580591       0.8502419617374157        2503.163465853106         99.9997083910764   -6.748942194921212e-05
                      165        98.79432476193418       0.8502852899033458        2503.163387894642        99.99970683983906   -6.748941475986925e-05
                      166        98.79411117688718       0.8500700695238189        2503.163309936368        99.99970528860459   -6.748940779172097e-05
                      167        98.79373363671459       0.8499452664108774        2503.163231978583          99.999703737378   -6.748940074174925e-05
                      168        98.79336177593589       0.8501411996465656        2503.163154020109        99.99970218613547   -6.748939360146089e-05
                      169        98.79318771902305       0.8503398586479939        2503.163076062744        99.99970063491401   -6.748938652489933e-05
                      170        98.79330904133573       0.8501914906706071        2503.162998104741        99.99969908368053   -6.748937940470601e-05
                      171        98.79365575564786       0.8499584003763274        2503.162920146828        99.99969753245085   -6.748937237810448e-05
                      172        98.79404356578122       0.8500283746567755        2503.162842188975        99.99969598122436   -6.748936551662088e-05
                      173        98.79429227581973       0.8502587772008854        2503.162764229277        99.99969442996202   -6.748935837258205e-05
                      174        98.79430132071427       0.8502715457953161        2503.162686270412        99.99969287871639    -6.74893513201158e-05
                      175        98.79406681207546         0.85004639964555        2503.162608312301        99.99969132748478   -6.748934429501308e-05
                      176        98.79368165539803       0.8499503583541174        2503.162530353935        99.99968977624614   -6.748933719324945e-05
                      177        98.79332129581061       0.8501677972271918        2503.162452395163        99.99968822499726   -6.748933017752812e-05
                      178        98.79317385124067       0.8503406674695513        2503.162374436998        99.99968667375957   -6.748932307498734e-05
                      179        98.79332213864413       0.8501639100028238        2503.162296479524        99.99968512253663   -6.748931599320773e-05
                      180        98.79368118587857       0.8499490641436266         2503.16221852133         99.9996835713013   -6.748930910488449e-05
                      181        98.79406234315461        0.850048843778837        2503.162140562735        99.99968202005986   -6.748930206690318e-05
                      182        98.79429112809933       0.8502726096181663        2503.162062603654         99.9996804688097   -6.748929499158021e-05
                      183        98.79427605250223       0.8502558374836209        2503.161984644988        99.99967891756778   -6.748928792876807e-05
                      184        98.79402230472863       0.8500249234797516         2503.16190668754        99.99967736634905   -6.748928089661543e-05
                      185        98.79363144351426       0.8499584836836952        2503.161828729342        99.99967581511333   -6.748927376531988e-05
                      186        98.79328385912538        0.850192883071439        2503.161750771725        99.99967426388714    -6.74892666692184e-05
                      187        98.79316270610067       0.8503378023682802        2503.161672813933         99.9996727126567   -6.748925944499717e-05
                      188        98.79333606018525       0.8501370669328329        2503.161594856849         99.9996711614414   -6.748925243993398e-05
                      189         98.7937052248335       0.8499432375278997        2503.161516897897        99.99966961019094   -6.748924524047073e-05
                      190        98.79407848211439       0.8500696163256077        2503.161438939891        99.99966805896121   -6.748923822072483e-05
                      191        98.79428740330312       0.8502835155678231        2503.161360981735        99.99966650772937   -6.748923100421966e-05
                      192        98.79424926419223       0.8502386816861925        2503.161283023455        99.99966495649484   -6.748922399177348e-05
                      193        98.79397793289188       0.8500058266192313        2503.161205065909        99.99966340527379   -6.748921695920451e-05
                      194        98.79358313137254       0.8499691393824563        2503.161127107537        99.99966185403417   -6.748920989663176e-05
                      195        98.79324934751725        0.850216074109961        2503.161049150959        99.99966030282843   -6.748920275279069e-05
                      196        98.79315394832967       0.8503317395895171        2503.160971193494        99.99965875160429   -6.748919577503898e-05
                      197        98.79335045326583       0.8501114268227669        2503.160893235588        99.99965720037254   -6.748918870369547e-05
                      198        98.79372770713975       0.8499405747167089        2503.160815277192        99.99965564913309   -6.748918158749895e-05
                      199        98.79409205541373       0.8500902206450326        2503.160737319241        99.99965409790433   -6.748917451120107e-05
                      200        98.79428133596301       0.8502916254087866        2503.160659360863        99.99965254666778   -6.748916739963973e-05
                      201        98.79422124809911       0.8502205587069029        2503.160581401416        99.99965099540967   -6.748916020571372e-05
                      202        98.79393394567005        0.849989200256309        2503.160503443523         99.9996494441813   -6.748915312504433e-05
                      203        98.79353681235177       0.8499818207034321         2503.16042548543        99.99964789294681   -6.748914605347878e-05
                      204        98.79321761571966       0.8502371025209703        2503.160347528358        99.99964634173078   -6.748913897203224e-05
                      205        98.79314724720153       0.8503229796832311        2503.160269571266        99.99964479051391   -6.748913190035566e-05
                      206        98.79336500015572       0.8500873431288717        2503.160191613643        99.99964323928778   -6.748912493448334e-05
                      207        98.79374850703539       0.8499406921588674        2503.160113655436        99.99964168805208   -6.748911772391786e-05
                      208        98.79410315774037       0.8501102672933348        2503.160035697121        99.99964013681591   -6.748911068572838e-05
                      209        98.79427316118812       0.8502971269522049        2503.159957738431        99.99963858557294   -6.748910368932839e-05
                      210        98.79419228068987       0.8502019022377751         2503.15987978021        99.99963703433905   -6.748909666526304e-05
                      211        98.79389056391715       0.8499750519266249        2503.159801821595        99.99963548309589   -6.748908963905009e-05
                      212        98.79349254634197       0.8499960365176228        2503.159723864296        99.99963393187682   -6.748908256204444e-05
                      213        98.79318849748701       0.8502558056116789        2503.159645907052        99.99963238065708   -6.748907538778326e-05
                      214        98.79314228138689        0.850312026747306         2503.15956795009        99.99963082944259   -6.748906833342616e-05
                      215        98.79337941798329        0.850065063154511        2503.159489992279        99.99962927821267   -6.748906133657862e-05
                      216        98.79376753410283       0.8499431894637786        2503.159412034371        99.99962772698285   -6.748905433567876e-05
                      217        98.79411190113649       0.8501294467747941        2503.159334076331        99.99962617575207   -6.748904735440209e-05
                      218         98.7942631118498       0.8503002492888073        2503.159256117999        99.99962462451604   -6.748904028486269e-05
                      219        98.79416262146829        0.850183095318536        2503.159178159091        99.99962307326807   -6.748903317693733e-05
                      220        98.79384798090241       0.8499633207102893        2503.159100200836         99.9996215220317   -6.748902605413498e-05
                      221        98.79345036296833        0.850011325579505        2503.159022243235        99.99961997080621   -6.748901902087212e-05
                      222        98.79316181071393       0.8502721139900165        2503.158944286162        99.99961841958955   -6.748901201736324e-05
                      223        98.79313874238849       0.8502993684371611        2503.158866329624        99.99961686838338   -6.748900515041178e-05
                      224        98.79339345755591       0.8500447408760636        2503.158788372505        99.99961531716718   -6.748899803332709e-05
                      225        98.79378472879318       0.8499476662948244        2503.158710415007        99.99961376594551   -6.748899095326832e-05
                      226        98.79411841063705       0.8501475250420283        2503.158632457833         99.9996122147319   -6.748898383036189e-05
                      227        98.79425141595539       0.8503012479126828        2503.158554500473        99.99961066351509    -6.74889767725631e-05
                      228        98.79413251227639       0.8501644672442384        2503.158476542323        99.99960911228199   -6.748896984604125e-05
                      229        98.79380636360609       0.8499538886635585        2503.158398584616        99.99960756105618   -6.748896277763983e-05
                      230        98.79341026531065       0.8500272634372074        2503.158320627676        99.99960600984353   -6.748895566000002e-05
                      231        98.79313736251736       0.8502860373284895        2503.158242671548        99.99960445864545   -6.748894852437459e-05
                      232        98.79313633752722       0.8502854641703623        2503.158164714642        99.99960290743175   -6.748894149932738e-05
                      233        98.79340690185425       0.8500264481309266        2503.158086757455        99.99960135621413   -6.748893450403415e-05
                      234        98.79380005829495        0.849953733731812        2503.158008800183         99.9995998049969   -6.748892749780522e-05
                      235        98.79412282055607       0.8501643354176136        2503.157930842208        99.99959825376712   -6.748892032459181e-05
                      236        98.79423829465435        0.850300394494507         2503.15785288434        99.99959670253993   -6.748891310514454e-05
                      237        98.79410217680744       0.8501462926190034        2503.157774926332        99.99959515130935   -6.748890593760715e-05
                      238        98.79376585388297       0.8499465933977698         2503.15769696857        99.99959360008211   -6.748889892094212e-05
                      239        98.79337223309325       0.8500434723401583         2503.15761901128        99.99959204886208   -6.748889190411056e-05
                      240        98.79311495326459       0.8502976516829496        2503.157541054868        99.99959049765803   -6.748888483842919e-05
                      241        98.79313479160678       0.8502707340616598         2503.15746309794        99.99958894644374   -6.748887783203372e-05
                      242         98.7934195638301       0.8500101892251963        2503.157385141401          99.999587395239   -6.748887088314781e-05
                      243        98.79381351228852       0.8499610253227803        2503.157307183646        99.99958584401197   -6.748886384333463e-05
                      244        98.79412527102417        0.850179771258898        2503.157229225794        99.99958429278446   -6.748885669456001e-05
                      245        98.79422396060797       0.8502979648898583        2503.157151267961        99.99958274155773   -6.748884959424661e-05
                      246        98.79407182065799       0.8501287945489616        2503.157073310688        99.99958119034157   -6.748884248430898e-05
                      247        98.79372657039443       0.8499412411690687         2503.15699535314        99.99957963911815   -6.748883538365558e-05
                      248        98.79333622664524       0.8500596227454411        2503.156917395784        99.99957808789645   -6.748882824680891e-05
                      249        98.79309438090023       0.8503070836579694         2503.15683943877        99.99957653668007   -6.748882101681453e-05
                      250        98.79313384868544       0.8502555542098755         2503.15676148184        99.99957498546561   -6.748881392204531e-05
                      251        98.79343128445014       0.8499959130023074        2503.156683523832        99.99957343423139    -6.74888069049917e-05
                      252        98.79382509949431       0.8499692026245916        2503.156605566093        99.99957188300458   -6.748879990756129e-05
                      253        98.79412590535453       0.8501937769624076        2503.156527608282        99.99957033177775    -6.74887926751036e-05
                      254        98.79420861674869       0.8502942316766818        2503.156449650392        99.99956878054962    -6.74887856318418e-05
                      255        98.79404163143563       0.8501121458014727         2503.15637169196        99.99956722930995   -6.748877853229862e-05
                      256        98.79368861029231       0.8499376166385972        2503.156293735122        99.99956567810047   -6.748877172269019e-05
                      257        98.79330219010875        0.850075434851148        2503.156215777856        99.99956412688017   -6.748876467321807e-05
                      258        98.79307544408459       0.8503144992315363        2503.156137820722        99.99956257566113   -6.748875763085138e-05
                      259        98.79313327258292       0.8502402532472546        2503.156059863932        99.99956102444932   -6.748875052342562e-05
                      260        98.79344193011804       0.8499835257111955        2503.155981906602        99.99955947322852   -6.748874339224109e-05
                      261        98.79383484411782       0.8499779594218722        2503.155903950067        99.99955792202567   -6.748873624390361e-05
                      262        98.79412486753114       0.8502063400797218         2503.15582599206        99.99955637079476   -6.748872921192792e-05
                      263        98.79419245533558       0.8502894577228333        2503.155748034113        99.99955481956525   -6.748872215976698e-05
                      264        98.79401177936803       0.8500964744997944        2503.155670076118          99.999553268334    -6.74887150399206e-05
                      265        98.79365205139497       0.8499354928506057        2503.155592118556        99.99955171710964   -6.748870805495244e-05
                      266        98.79327005492713       0.8500906776314019        2503.155514161964        99.99955016590249   -6.748870104744675e-05
                      267        98.79305794536496       0.8503200898693598        2503.155436204978        99.99954861468618    -6.74886939335817e-05
                      268        98.79313284727179       0.8502251116453891        2503.155358247268        99.99954706345578   -6.748868695294341e-05
                      269        98.79345139020633       0.8499729014354634        2503.155280289775        99.99954551223161   -6.748867989236906e-05
                      270        98.79384278257251       0.8499870236210064          2503.1552023329        99.99954396102186   -6.748867284206428e-05
                      271         98.7941222998828        0.850217483115377        2503.155124376471        99.99954240982225   -6.748866576376106e-05
                      272         98.7941756570783        0.850283891011394        2503.155046418152        99.99954085858509   -6.748865871654408e-05
                      273        98.79398241761589       0.8500818687253882        2503.154968460488        99.99953930736018   -6.748865170391749e-05
                      274        98.79361695393912       0.8499346390705261        2503.154890503266        99.99953775614225   -6.748864470140781e-05
                      275        98.79323974275746       0.8501051670033297        2503.154812545451        99.99953620491031   -6.748863768102353e-05
                      276        98.79304169327752       0.8503240637499627        2503.154734588557        99.99953465369559   -6.748863055361376e-05
                      277        98.79313237655028       0.8502103639894241        2503.154656631809        99.99953310248429   -6.748862335648198e-05
                      278        98.79345957452425       0.8499638932702783        2503.154578674983        99.99953155127338   -6.748861630434533e-05
                      279         98.7938489607004       0.8499961577966231        2503.154500717716         99.9995300000556   -6.748860915065102e-05
                      280        98.79411834145857       0.8502272563704529        2503.154422760147          99.999528448833   -6.748860196701886e-05
                      281         98.7941583907038        0.850277762361398        2503.154344802367        99.99952689760636   -6.748859488124592e-05
                      282        98.79395368314931       0.8500683813759197        2503.154266844408        99.99952534637522   -6.748858787397616e-05
                      283        98.79358336279873       0.8499348270133125        2503.154188888228        99.99952379517781   -6.748858085658949e-05
                      284        98.79321116849638        0.850118760455134        2503.154110931597        99.99952224396924   -6.748857379301754e-05
                      285        98.79302650467547       0.8503266362821963        2503.154032975232         99.9995206927648   -6.748856666960457e-05
                      286        98.79313168373794        0.850196201295692        2503.153955018591        99.99951914155552   -6.748855948590649e-05
                      287        98.79346641077592        0.849956340572472        2503.153877061827        99.99951759034569   -6.748855236127227e-05
                      288        98.79385343106813       0.8500051579758868        2503.153799104538        99.99951603912737   -6.748854528693116e-05
                      289        98.79411312643973       0.8502357299926487        2503.153721147171         99.9995144879086   -6.748853821741257e-05
                      290        98.79414081270473       0.8502712816799999        2503.153643189237        99.99951293667861   -6.748853124864673e-05
                      291        98.79392569765128       0.8500560363692631        2503.153565232208        99.99951138546579   -6.748852418103635e-05
                      292        98.79355130957555       0.8499358371953127        2503.153487274929        99.99950983424606   -6.748851713633819e-05
                      293        98.79318424287423       0.8501313535942153        2503.153409318657        99.99950828304438   -6.748851014304336e-05
                      294        98.79301220605838       0.8503280225587114        2503.153331362108        99.99950673183602   -6.748850308624377e-05
                      295        98.79313061073901       0.8501827758004938        2503.153253405483        99.99950518062684   -6.748849603244178e-05
                      296         98.7934718422005       0.8499500771764574        2503.153175448275        99.99950362940803   -6.748848906024119e-05
                      297        98.79385625062753       0.8500138517823949        2503.153097490604        99.99950207818189   -6.748848218451897e-05
                      298           98.79410678271       0.8502429883614439        2503.153019533233        99.99950052696289   -6.748847513271539e-05
                      299        98.79412306696329       0.8502646385180297        2503.152941576188         99.9994989757504   -6.748846811424625e-05
                      300        98.79389856825824       0.8500448329570154        2503.152863619522         99.9994974245445   -6.748846107090811e-05
                      301        98.79352081445634       0.8499374614545577        2503.152785663153        99.99949587334268   -6.748845400694758e-05
                      302        98.79315887487614       0.8501428744258981        2503.152707706081        99.99949432212472    -6.74884469242798e-05
                      303        98.79299863500302       0.8503284317835146        2503.152629750063        99.99949277092672   -6.748843997050891e-05
                      304        98.79312901733799       0.8501702047427406        2503.152551793388        99.99949121971642   -6.748843296267015e-05
                      305        98.79347582538381       0.8499449369652688        2503.152473836763         99.9994896685091   -6.748842596482341e-05
                      306        98.79385747883866       0.8500220956874872        2503.152395879797        99.99948811729691   -6.748841887571633e-05
                      307        98.79409943106154       0.8502491251210339        2503.152317922147        99.99948656607212   -6.748841181271684e-05
                      308        98.79410528498758       0.8502580006749642        2503.152239964648        99.99948501485031   -6.748840485434893e-05
                      309        98.79387238872872       0.8500347527779648        2503.152162007761        99.99948346363971   -6.748839778086824e-05
                      310        98.79349188827435       0.8499395076104814        2503.152084051143        99.99948191243253    -6.74883908159396e-05
                      311        98.79313497391392       0.8501532786184381        2503.152006093885        99.99948036121054   -6.748838371906096e-05
                      312        98.79298564107836       0.8503280624957957        2503.151928137976        99.99947881001448    -6.74883766160761e-05
                      313        98.79312678006902         0.85015857527475        2503.151850181165        99.99947725880132   -6.748836954995063e-05
                      314        98.79347832803413       0.8499407582430808        2503.151772223905        99.99947570758117   -6.748836247316703e-05
                      315        98.79385717559798       0.8500297721898926        2503.151694266127        99.99947415635258   -6.748835549588716e-05
                      316        98.79409118399398       0.8502542377911312        2503.151616308613        99.99947260513026   -6.748834841339632e-05
                      317        98.79408758571699       0.8502515152401198        2503.151538351356        99.99947105391303   -6.748834117970004e-05
                      318        98.79384724029643        0.850025761645079        2503.151460393978        99.99946950269235   -6.748833413944277e-05
                      319        98.79346453427651       0.8499417995462821        2503.151382437574        99.99946795148912   -6.748832704261964e-05
                      320        98.79311245174266        0.850162544257548        2503.151304481802        99.99946640029657   -6.748831988967474e-05
                      321         98.7929730864968       0.8503270991076394         2503.15122652621        99.99946484910663   -6.748831274938638e-05
                      322        98.79312379118996       0.8501479489159358        2503.151148569869        99.99946329790265   -6.748830564151653e-05
                      323        98.79347932717027       0.8499373882829973        2503.151070613331        99.99946174669678   -6.748829848718385e-05
                      324        98.79385539995801       0.8500367872876353        2503.150992656438        99.99946019548572   -6.748829159117231e-05
                      325         98.7940821454125       0.8502584244649158        2503.150914698869        99.99945864426209   -6.748828459262127e-05
                      326        98.79407007600653       0.8502453089147706        2503.150836741925        99.99945709305092    -6.74882775836827e-05
                      327        98.79382319293542       0.8500178171525044        2503.150758785503        99.99945554184902   -6.748827072777797e-05
                      328        98.79343875004059       0.8499441796620247        2503.150680828489        99.99945399063333    -6.74882636999552e-05
                      329         98.7930912242245       0.8501706662166306        2503.150602871739        99.99945243942086   -6.748825659053104e-05
                      330        98.79296084664018       0.8503257104497945        2503.150524915381        99.99945088821541   -6.748824951818833e-05
                      331         98.7931199575459       0.8501383674482758         2503.15044695889        99.99944933700827   -6.748824247693186e-05
                      332        98.79347880720259       0.8499346847766833        2503.150369001935        99.99944778579393   -6.748823547747529e-05
                      333        98.79385220842333        0.850043066252186        2503.150291044266        99.99944623456712   -6.748822851782021e-05
                      334        98.79407240959038        0.850261780075946        2503.150213087144        99.99944468335219   -6.748822149786268e-05
                      335        98.79405285040822        0.850239490274533        2503.150135130528        99.99944313214731   -6.748821439686581e-05
                      336        98.79380030585347       0.8500108710948868        2503.150057173199        99.99944158092703   -6.748820743562867e-05
                      337        98.79341452861161       0.8499465084103107        2503.149979216485        99.99944002971702   -6.748820034419012e-05
                      338        98.79307121249185       0.8501776528213217        2503.149901260677        99.99943847852315   -6.748819318636023e-05
                      339        98.79294881023472       0.8503240475617787        2503.149823304324        99.99943692731753   -6.748818620505581e-05
                      340        98.79311519949349       0.8501298562931038        2503.149745348411        99.99943537612177   -6.748817910418037e-05
                      341        98.79347675848024       0.8499325188780494         2503.14966739153        99.99943382490868   -6.748817219437431e-05
                      342        98.79384765412252       0.8500485511779851        2503.149589434352         99.9994322736915   -6.748816519255851e-05
                      343        98.79406206113428       0.8502643939999674        2503.149511476848        99.99943072246873   -6.748815809350453e-05
                      344        98.79403599182783       0.8502341501972399        2503.149433520658        99.99942917127211   -6.748815097604166e-05
                      345         98.7937786289865       0.8500048725588736        2503.149355563819        99.99942762006133   -6.748814385804103e-05
                      346        98.79339186046593       0.8499486653522187        2503.149277607396        99.99942606885682   -6.748813680346188e-05
                      347         98.7930523445835       0.8501835205183315        2503.149199651409        99.99942451765909   -6.748812982082519e-05
                      348        98.79293687970313       0.8503222424527177        2503.149121695753        99.99942296646721    -6.74881225788404e-05
                      349        98.79310944992574       0.8501224285656361        2503.149043740178        99.99942141527799   -6.748811555756795e-05
                      350        98.79347317582446       0.8499307767592159        2503.148965783163        99.99941986406206   -6.748810839013464e-05

Final average n0: 98.79376201407702
Final fluctuations n0: 0.8501328458324101

Averages:
98.79344739585429
98.79370209947328
98.79410078099271
98.79444139097821
98.79457481816226
98.7944485907576
98.794111238071
98.7937083768638
98.79344149347719
98.79345935169401
98.79375067821024
98.79415300272213
98.79446722748911
98.79455901728856
98.79439248590893
98.79403251171328
98.79363810411236
98.79341069752266
98.79347828542298
98.79380078891198
98.79420123099335
98.79448616468089
98.79453641123492
98.79433223537981
98.79395436342159
98.79357359915858
98.79338817381529
98.79350317437803
98.79385135372273
98.79424493808983
98.79449831713828
98.79450757516935
98.79426868840004
98.79387766012884
98.79351528411945
98.79337351088331
98.79353298520417
98.79390141833512
98.79428374351104
98.79450389263073
98.79447311738851
98.79420267269538
98.79380317576671
98.7934634271688
98.79336617899476
98.79356670305199
98.79395015734822
98.7943173991159
98.79450317502085
98.79443366684147
98.79413498360213
98.79373158390949
98.7934181510807
98.79336555758348
98.79360335512592
98.7939968741031
98.7943457731685
98.79449650836318
98.79438986135403
98.79406637366949
98.79366345238894
98.79337944456091
98.79337096185289
98.79364202938788
98.79404099719652
98.7943688351381
98.7944842834102
98.79434233799414
98.7939975445349
98.79359924164842
98.79334717688748
98.79338166793329
98.7936818879074
98.79408207345696
98.79438664041272
98.79446692505117
98.79429172370597
98.79392913948374
98.79353930506328
98.79332111361558
98.79339693529271
98.79372217580203
98.79411975932929
98.7943993164736
98.79444488183846
98.79423862772423
98.79386173795464
98.79348389205499
98.79330093366809
98.79341602638746
98.79376222602454
98.7941538107777
98.79440705000864
98.7944186165912
98.79418363468172
98.79379585168687
98.79343315356172
98.7932862467831
98.79343822335052
98.79380146102996
98.79418407272921
98.79441007517919
98.79438859807543
98.79412729854286
98.79373192206876
98.79338714890005
98.79327661008409
98.79346284094628
98.79383939107213
98.79421046801829
98.79440866316273
98.79435529407569
98.79407013790086
98.7936703195073
98.79334585447374
98.79327154421634
98.79348923698301
98.79387561113306
98.79423298703995
98.7944031129134
98.79431916513879
98.79401263181033
98.79361134382563
98.7933091732239
98.79327054803335
98.79351681960432
98.79390979580907
98.79425167760766
98.7943937431167
98.79428065952854
98.79395521714991
98.79355522655629
98.79327694497056
98.79327311166855
98.79354505203054
98.79394169329321
98.79426663556526
98.79438088512558
98.79424020873293
98.79389828628973
98.79350213378362
98.79324895656492
98.79327872770868
98.7935734548295
98.79397111856116
98.79427799604953
98.79436487670553
98.79419822378227
98.79384218603295
98.79345217040066
98.79322495224756
98.7932869007828
98.79360160667474
98.79399794638628
98.79428592571249
98.7943460569678
98.79415509244086
98.79378721756137
98.79340538517135
98.79320464374072
98.79329715537644
98.79362914342963
98.79402210436319
98.79429061580591
98.79432476193418
98.79411117688718
98.79373363671459
98.79336177593589
98.79318771902305
98.79330904133573
98.79365575564786
98.79404356578122
98.79429227581973
98.79430132071427
98.79406681207546
98.79368165539803
98.79332129581061
98.79317385124067
98.79332213864413
98.79368118587857
98.79406234315461
98.79429112809933
98.79427605250223
98.79402230472863
98.79363144351426
98.79328385912538
98.79316270610067
98.79333606018525
98.7937052248335
98.79407848211439
98.79428740330312
98.79424926419223
98.79397793289188
98.79358313137254
98.79324934751725
98.79315394832967
98.79335045326583
98.79372770713975
98.79409205541373
98.79428133596301
98.79422124809911
98.79393394567005
98.79353681235177
98.79321761571966
98.79314724720153
98.79336500015572
98.79374850703539
98.79410315774037
98.79427316118812
98.79419228068987
98.79389056391715
98.79349254634197
98.79318849748701
98.79314228138689
98.79337941798329
98.79376753410283
98.79411190113649
98.7942631118498
98.79416262146829
98.79384798090241
98.79345036296833
98.79316181071393
98.79313874238849
98.79339345755591
98.79378472879318
98.79411841063705
98.79425141595539
98.79413251227639
98.79380636360609
98.79341026531065
98.79313736251736
98.79313633752722
98.79340690185425
98.79380005829495
98.79412282055607
98.79423829465435
98.79410217680744
98.79376585388297
98.79337223309325
98.79311495326459
98.79313479160678
98.7934195638301
98.79381351228852
98.79412527102417
98.79422396060797
98.79407182065799
98.79372657039443
98.79333622664524
98.79309438090023
98.79313384868544
98.79343128445014
98.79382509949431
98.79412590535453
98.79420861674869
98.79404163143563
98.79368861029231
98.79330219010875
98.79307544408459
98.79313327258292
98.79344193011804
98.79383484411782
98.79412486753114
98.79419245533558
98.79401177936803
98.79365205139497
98.79327005492713
98.79305794536496
98.79313284727179
98.79345139020633
98.79384278257251
98.7941222998828
98.7941756570783
98.79398241761589
98.79361695393912
98.79323974275746
98.79304169327752
98.79313237655028
98.79345957452425
98.7938489607004
98.79411834145857
98.7941583907038
98.79395368314931
98.79358336279873
98.79321116849638
98.79302650467547
98.79313168373794
98.79346641077592
98.79385343106813
98.79411312643973
98.79414081270473
98.79392569765128
98.79355130957555
98.79318424287423
98.79301220605838
98.79313061073901
98.7934718422005
98.79385625062753
98.79410678271
98.79412306696329
98.79389856825824
98.79352081445634
98.79315887487614
98.79299863500302
98.79312901733799
98.79347582538381
98.79385747883866
98.79409943106154
98.79410528498758
98.79387238872872
98.79349188827435
98.79313497391392
98.79298564107836
98.79312678006902
98.79347832803413
98.79385717559798
98.79409118399398
98.79408758571699
98.79384724029643
98.79346453427651
98.79311245174266
98.7929730864968
98.79312379118996
98.79347932717027
98.79385539995801
98.7940821454125
98.79407007600653
98.79382319293542
98.79343875004059
98.7930912242245
98.79296084664018
98.7931199575459
98.79347880720259
98.79385220842333
98.79407240959038
98.79405285040822
98.79380030585347
98.79341452861161
98.79307121249185
98.79294881023472
98.79311519949349
98.79347675848024
98.79384765412252
98.79406206113428
98.79403599182783
98.7937786289865
98.79339186046593
98.7930523445835
98.79293687970313
98.79310944992574
98.79347317582446

Fluctuations:
0.8503243727885942
0.8500673592668071
0.8499646569783277
0.8501677730319188
0.8503219560361817
0.8501776949627775
0.8499678952407127
0.850056574560807
0.8503167520051985
0.8502924005124169
0.8500271824348535
0.8499819082810804
0.8502071633038862
0.850317628741222
0.8501355131733075
0.8499564797365781
0.8500986500417527
0.8503395348421378
0.8502536037545718
0.8499949151742366
0.8500069371039245
0.8502420529209331
0.8503046106280671
0.8500942589303809
0.8499549613769861
0.8501428665328108
0.8503518652108546
0.8502105873958827
0.8499715476736326
0.8500377502954414
0.8502710524941104
0.850284060153
0.8500558715411537
0.8499628992203819
0.8501867534658714
0.850353741637644
0.8501658950992127
0.8499574360223817
0.8500723143389458
0.8502932341847862
0.8502573785102677
0.8500219720432827
0.8499793885488931
0.8502280876410238
0.850345762750122
0.8501218514361487
0.8499523878706899
0.8501086747570751
0.8503081100215391
0.8502261071409011
0.8499938157868734
0.8500031650216741
0.8502650008858514
0.8503290043436633
0.8500804502149443
0.8499557686376544
0.8501450528445891
0.850315583056655
0.850191832932588
0.8499722701701412
0.850032716071092
0.8502960480270279
0.8503048821058534
0.8500432856454038
0.849966615834119
0.8501799076488964
0.8503158940118763
0.8501561066847066
0.8499578184657789
0.8500663948224874
0.8503202338608947
0.8502750158143603
0.8500115276622312
0.8499837492318462
0.8502119729181172
0.8503095549907044
0.8501203760714646
0.849950580689308
0.8501025266412132
0.8503370099811449
0.8502411032471633
0.8499859267240529
0.8500058725376978
0.8502402721914893
0.8502972866774553
0.8500859324109806
0.8499503545917996
0.8501394994086804
0.8503462414930142
0.8502048115246156
0.8499668461796229
0.850031659812174
0.8502641135700936
0.8502799527995614
0.8500538753591107
0.8499566654766557
0.8501758401547941
0.850348152333403
0.8501676928998484
0.8499543123665201
0.8500598269918299
0.85028307295406
0.8502585022608368
0.850025090581112
0.8499688241625596
0.8502102699933993
0.8503432592368235
0.850131119652658
0.8499480728596107
0.8500891827429108
0.8502969667798232
0.850233916650874
0.8500002398849931
0.8499859871433191
0.8502417393992633
0.8503322999596244
0.8500962478483796
0.8499476595480983
0.8501186664179554
0.8503058187286868
0.8502071653588434
0.849979766714106
0.8500072163603427
0.8502694467599557
0.8503161611306657
0.8500639961639002
0.8499524503554037
0.8501473718337278
0.8503098241576373
0.8501791688651081
0.8499639054708654
0.8500315338411405
0.8502928373335824
0.8502958104202658
0.8500350452380533
0.8499617248876041
0.8501745557924943
0.8503093129467186
0.8501507703425436
0.8499527038478598
0.8500579700649991
0.8503115923800384
0.8502722387498604
0.8500098487090437
0.8499747147295253
0.8501996388036184
0.8503047157985782
0.8501227164583738
0.8499460472234789
0.8500856038297899
0.8503256050882854
0.850246409906657
0.8499886542827373
0.8499906442610474
0.8502221998692554
0.8502965296473803
0.8500956427239296
0.8499436860145886
0.8501135935825698
0.8503349515864155
0.8502192240295154
0.8499715313171602
0.850008764231945
0.8502419617374157
0.8502852899033458
0.8500700695238189
0.8499452664108774
0.8501411996465656
0.8503398586479939
0.8501914906706071
0.8499584003763274
0.8500283746567755
0.8502587772008854
0.8502715457953161
0.85004639964555
0.8499503583541174
0.8501677972271918
0.8503406674695513
0.8501639100028238
0.8499490641436266
0.850048843778837
0.8502726096181663
0.8502558374836209
0.8500249234797516
0.8499584836836952
0.850192883071439
0.8503378023682802
0.8501370669328329
0.8499432375278997
0.8500696163256077
0.8502835155678231
0.8502386816861925
0.8500058266192313
0.8499691393824563
0.850216074109961
0.8503317395895171
0.8501114268227669
0.8499405747167089
0.8500902206450326
0.8502916254087866
0.8502205587069029
0.849989200256309
0.8499818207034321
0.8502371025209703
0.8503229796832311
0.8500873431288717
0.8499406921588674
0.8501102672933348
0.8502971269522049
0.8502019022377751
0.8499750519266249
0.8499960365176228
0.8502558056116789
0.850312026747306
0.850065063154511
0.8499431894637786
0.8501294467747941
0.8503002492888073
0.850183095318536
0.8499633207102893
0.850011325579505
0.8502721139900165
0.8502993684371611
0.8500447408760636
0.8499476662948244
0.8501475250420283
0.8503012479126828
0.8501644672442384
0.8499538886635585
0.8500272634372074
0.8502860373284895
0.8502854641703623
0.8500264481309266
0.849953733731812
0.8501643354176136
0.850300394494507
0.8501462926190034
0.8499465933977698
0.8500434723401583
0.8502976516829496
0.8502707340616598
0.8500101892251963
0.8499610253227803
0.850179771258898
0.8502979648898583
0.8501287945489616
0.8499412411690687
0.8500596227454411
0.8503070836579694
0.8502555542098755
0.8499959130023074
0.8499692026245916
0.8501937769624076
0.8502942316766818
0.8501121458014727
0.8499376166385972
0.850075434851148
0.8503144992315363
0.8502402532472546
0.8499835257111955
0.8499779594218722
0.8502063400797218
0.8502894577228333
0.8500964744997944
0.8499354928506057
0.8500906776314019
0.8503200898693598
0.8502251116453891
0.8499729014354634
0.8499870236210064
0.850217483115377
0.850283891011394
0.8500818687253882
0.8499346390705261
0.8501051670033297
0.8503240637499627
0.8502103639894241
0.8499638932702783
0.8499961577966231
0.8502272563704529
0.850277762361398
0.8500683813759197
0.8499348270133125
0.850118760455134
0.8503266362821963
0.850196201295692
0.849956340572472
0.8500051579758868
0.8502357299926487
0.8502712816799999
0.8500560363692631
0.8499358371953127
0.8501313535942153
0.8503280225587114
0.8501827758004938
0.8499500771764574
0.8500138517823949
0.8502429883614439
0.8502646385180297
0.8500448329570154
0.8499374614545577
0.8501428744258981
0.8503284317835146
0.8501702047427406
0.8499449369652688
0.8500220956874872
0.8502491251210339
0.8502580006749642
0.8500347527779648
0.8499395076104814
0.8501532786184381
0.8503280624957957
0.85015857527475
0.8499407582430808
0.8500297721898926
0.8502542377911312
0.8502515152401198
0.850025761645079
0.8499417995462821
0.850162544257548
0.8503270991076394
0.8501479489159358
0.8499373882829973
0.8500367872876353
0.8502584244649158
0.8502453089147706
0.8500178171525044
0.8499441796620247
0.8501706662166306
0.8503257104497945
0.8501383674482758
0.8499346847766833
0.850043066252186
0.850261780075946
0.850239490274533
0.8500108710948868
0.8499465084103107
0.8501776528213217
0.8503240475617787
0.8501298562931038
0.8499325188780494
0.8500485511779851
0.8502643939999674
0.8502341501972399
0.8500048725588736
0.8499486653522187
0.8501835205183315
0.8503222424527177
0.8501224285656361
0.8499307767592159

Last point and parameters for further simulation:
100
1
0.25
contact

0.5969459671968342
-4.907399700311833
0.4113880413362718
-0.2878676551267974
-8.662476030807142
-0.5195234989467564

Final quantities:
98.79376201407702
0.8501328458324101
