Number of particles: 100
Nmax: 16
Gamma: 0.25
Interaction type: contact
Step size: 8e-05
Batch size: 200000
Batch count: 75
             Batch number               Average n0          Fluctuations n0                   Energy           Particle count                 Momentum
                        1        6.196556776558495         5.89475675781466        10123.92512170104        99.99998363995097     -0.06106281054196128
                        2        4.265382867642925        4.107414806391247         10123.9250610386         99.9999832242532     -0.06106281147618553
                        3        5.195187642076529         4.52910053402683          10123.924983058        99.99998271281191     -0.06106282625249548
                        4         5.35212955366007        4.795433381591852        10123.92491484429        99.99998225725966     -0.06106277097027402
                        5        4.322090009748984        4.024480933497171        10123.92483441724        99.99998174146798     -0.06106274579385129
                        6        5.038561963545135        4.204200225475157        10123.92475341953        99.99998122241921     -0.06106297021362472
                        7          4.7111291879805        4.650189885939651        10123.92468182274        99.99998075758087     -0.06106290287512905
                        8        4.977738422273421        4.411243547263816        10123.92461078411        99.99998029023122     -0.06106295108061488
                        9        5.547592615275165        5.187601909991009        10123.92453468298        99.99997980341286       -0.061063112026563
                       10           5.077861111789        4.487623414694901        10123.92445938312        99.99997931321006     -0.06106322641311479
                       11        5.055127579862567         4.53847512413271        10123.92438076743        99.99997880636526     -0.06106315202754331
                       12        4.301693393201337          3.8998681948429        10123.92430603071        99.99997831826843     -0.06106322250571594
                       13        4.902300579743359        4.329892802563645         10123.9242339493        99.99997784387286     -0.06106331621573613
                       14        5.251837950935565        4.812985574629166        10123.92415529862        99.99997734360463     -0.06106347004027235
                       15         4.70506831105014        4.060246924026154        10123.92408387077        99.99997688333366     -0.06106348140494688
                       16        4.731451539172723        4.944048546842841        10123.92401451469        99.99997643091243     -0.06106363372455803
                       17        4.924054688867952        4.163108917914053        10123.92394209927        99.99997595779679     -0.06106364379690099
                       18          4.0441966858413        3.631361828213444        10123.92387384643        99.99997550758954     -0.06106369248268528
                       19        4.933589339441169        4.602423926928173        10123.92380275304        99.99997504224858     -0.06106359358032876
                       20        6.284475554497293         5.47041260249019        10123.92370270034        99.99997444874312     -0.06106369204620421
                       21        5.087523066699449        5.002854385418669        10123.92362507042        99.99997394887943     -0.06106367136183266
                       22        5.497268316126812         5.05675118684844        10123.92354081971        99.99997341812229     -0.06106355275380793
                       23        4.887260598732023        4.190226345655063         10123.9234643553        99.99997291981397     -0.06106353204911841
                       24        5.046702109407261        4.266248799583161        10123.92339186189        99.99997244779489     -0.06106361724317466
                       25        4.001209319493234        3.683090936232214        10123.92332636086        99.99997199548402     -0.06106376639501221
                       26        5.741503582429448        5.069945628805251        10123.92325335977        99.99997151116146     -0.06106378449742955
                       27        6.104388259272421          5.2888868033747         10123.9231754622        99.99997100789273     -0.06106403861458176
                       28        5.416512222873546         4.71266997394904        10123.92309363227        99.99997048709268     -0.06106393863680282
                       29        4.512640473327897        4.045214468908609        10123.92301693779        99.99996999325778     -0.06106403596179888
                       30        5.724269356721901        5.042506366732159        10123.92294705237        99.99996952545717      -0.0610640818976087
                       31        5.224034438491104        4.917929058885511        10123.92287308676        99.99996903913461     -0.06106407233969668
                       32        5.122978050853459        4.569212432040185        10123.92279481092        99.99996853097865     -0.06106407320869778
                       33        4.227140351872571        3.569647038361419        10123.92272949093        99.99996809244988     -0.06106405387224889
                       34        5.364452739550657        5.079580166201636         10123.9226547122        99.99996761044632     -0.06106401301745379
                       35        5.226630025082752        4.592947099718443        10123.92258560515        99.99996715298795     -0.06106414190587728
                       36        4.748094841969349        4.112406721740361         10123.9225080936        99.99996666111423     -0.06106408038320765
                       37        4.869010927216968        4.016132259318845        10123.92243883638        99.99996620678046     -0.06106415684702071
                       38        4.517826696430428        4.216348591560483        10123.92236966951        99.99996574140445     -0.06106429834201776
                       39        4.012306177077869        3.945301443607246        10123.92229488942        99.99996525272951     -0.06106425951604422
                       40        4.797266859970632        4.044386097751474        10123.92221798895        99.99996475003124     -0.06106436765670864
                       41        5.512378815244641         4.75393432122139         10123.9221346428        99.99996422761114     -0.06106432969884423
                       42        5.775616785805173        5.181734014935303         10123.9220548605        99.99996371462049     -0.06106436849582142
                       43        4.558278459845043        4.052366969378894        10123.92199158934        99.99996328136945     -0.06106442447628968
                       44        5.051922164329178        4.724459618070832        10123.92192450366        99.99996284576268     -0.06106439263702867
                       45         4.51682772706466        3.876138514049017        10123.92185267724        99.99996237611879     -0.06106436771757018
                       46        4.979452439762502        4.367506585594699        10123.92177828954        99.99996189274478     -0.06106427169835982
                       47        4.209360755733613        3.700700357893464        10123.92170443159        99.99996141121407     -0.06106434074420974
                       48        4.998421600523178        4.779269101386785        10123.92163604333          99.999960954036      -0.0610646773261756
                       49        5.041204284615102        4.559134630539729        10123.92156197833        99.99996047460012     -0.06106480549200199
                       50        4.918545374875309        4.428341203796639         10123.9214892184         99.9999600004177     -0.06106468993118597
                       51        4.725934563106263        4.270980213320178        10123.92141809505        99.99995952314976     -0.06106466188343873
                       52        5.575945971126259        4.834732100772229        10123.92134766101        99.99995906693371     -0.06106463537671747
                       53        5.471421436870559        5.420769974574163        10123.92127011277        99.99995856681149     -0.06106457795757869
                       54        4.890028246468506        4.274790026973317        10123.92120046572        99.99995810817684     -0.06106470617943849
                       55        4.000124703029934        3.877793133622536        10123.92113560298        99.99995767036593     -0.06106461267689767
                       56        3.871951302863804        3.623002012090477          10123.921072532        99.99995724126954     -0.06106439714343992
                       57        5.719472317458333        5.133408107371249        10123.92099145241        99.99995672790136     -0.06106430268729923
                       58        6.514126346790971        6.011500168285128        10123.92090527842        99.99995619321774     -0.06106440658208534
                       59        4.721669843144983        3.850053947029898        10123.92084268501        99.99995576583778     -0.06106437343785132
                       60         4.22364420370595        3.675498398082091        10123.92077645544        99.99995532236372     -0.06106444661953248
                       61        4.858166569159669         4.03064501612331        10123.92070369527        99.99995485233219     -0.06106459231611616
                       62        4.789859511709031        4.270370481573188        10123.92064042078        99.99995442825949     -0.06106447432099804
                       63        4.778627779707911        4.257876055055566        10123.92057163047        99.99995397058777     -0.06106454142137707
                       64        4.239174550826104        3.611362277045916        10123.92050605973        99.99995352658114     -0.06106467874794763
                       65        5.010582601982742        4.556944834602635        10123.92043089784        99.99995304170885     -0.06106479179501179
                       66        5.924065499565815        5.235170174002421        10123.92036677861        99.99995260327921     -0.06106479922141972
                       67          4.7680954555785         4.88850435286624        10123.92029139668        99.99995211180311     -0.06106465055883703
                       68        5.051996176577545        4.235377610018353        10123.92021395305        99.99995162153222      -0.0610645334385751
                       69        5.492462927126819        4.716397385938927        10123.92013426147        99.99995110549037     -0.06106457723446823
                       70        5.173906798239654         5.20994163526896        10123.92006381957         99.9999506374625     -0.06106451913093203
                       71        4.973524970619414        4.486815766192052        10123.92000048617        99.99995020471465     -0.06106465797180505
                       72        5.278315699180326        5.123128966636201        10123.91993164037         99.9999497555071     -0.06106473083098862
                       73        5.397958667333262        4.994283805042116        10123.91985448125        99.99994926712633     -0.06106463181459887
                       74        4.872975603095092        4.278071164057548        10123.91977484159         99.9999487591738     -0.06106461001022723
                       75        5.237186385129228        4.452043674258428        10123.91970442386        99.99994828858372      -0.0610644964323015

Final average n0: 5.000936942999445
Final fluctuations n0: 4.571473365550982

Averages:
6.196556776558495
4.265382867642925
5.195187642076529
5.35212955366007
4.322090009748984
5.038561963545135
4.7111291879805
4.977738422273421
5.547592615275165
5.077861111789
5.055127579862567
4.301693393201337
4.902300579743359
5.251837950935565
4.70506831105014
4.731451539172723
4.924054688867952
4.0441966858413
4.933589339441169
6.284475554497293
5.087523066699449
5.497268316126812
4.887260598732023
5.046702109407261
4.001209319493234
5.741503582429448
6.104388259272421
5.416512222873546
4.512640473327897
5.724269356721901
5.224034438491104
5.122978050853459
4.227140351872571
5.364452739550657
5.226630025082752
4.748094841969349
4.869010927216968
4.517826696430428
4.012306177077869
4.797266859970632
5.512378815244641
5.775616785805173
4.558278459845043
5.051922164329178
4.51682772706466
4.979452439762502
4.209360755733613
4.998421600523178
5.041204284615102
4.918545374875309
4.725934563106263
5.575945971126259
5.471421436870559
4.890028246468506
4.000124703029934
3.871951302863804
5.719472317458333
6.514126346790971
4.721669843144983
4.22364420370595
4.858166569159669
4.789859511709031
4.778627779707911
4.239174550826104
5.010582601982742
5.924065499565815
4.7680954555785
5.051996176577545
5.492462927126819
5.173906798239654
4.973524970619414
5.278315699180326
5.397958667333262
4.872975603095092
5.237186385129228

Fluctuations:
5.89475675781466
4.107414806391247
4.52910053402683
4.795433381591852
4.024480933497171
4.204200225475157
4.650189885939651
4.411243547263816
5.187601909991009
4.487623414694901
4.53847512413271
3.8998681948429
4.329892802563645
4.812985574629166
4.060246924026154
4.944048546842841
4.163108917914053
3.631361828213444
4.602423926928173
5.47041260249019
5.002854385418669
5.05675118684844
4.190226345655063
4.266248799583161
3.683090936232214
5.069945628805251
5.2888868033747
4.71266997394904
4.045214468908609
5.042506366732159
4.917929058885511
4.569212432040185
3.569647038361419
5.079580166201636
4.592947099718443
4.112406721740361
4.016132259318845
4.216348591560483
3.945301443607246
4.044386097751474
4.75393432122139
5.181734014935303
4.052366969378894
4.724459618070832
3.876138514049017
4.367506585594699
3.700700357893464
4.779269101386785
4.559134630539729
4.428341203796639
4.270980213320178
4.834732100772229
5.420769974574163
4.274790026973317
3.877793133622536
3.623002012090477
5.133408107371249
6.011500168285128
3.850053947029898
3.675498398082091
4.03064501612331
4.270370481573188
4.257876055055566
3.611362277045916
4.556944834602635
5.235170174002421
4.88850435286624
4.235377610018353
4.716397385938927
5.20994163526896
4.486815766192052
5.123128966636201
4.994283805042116
4.278071164057548
4.452043674258428

Last point and parameters for further simulation:
100
16
0.25
contact

0.85297382663327
-1.455769917676567
0.7162160178896796
-1.042419881014231
1.73455458201986
-0.333988951732725
1.101417998087256
1.30109882046016
0.3285733147859355
2.759302275159284
-1.342967711332875
1.480507769407341
1.926066552119936
0.01255526375013278
-0.5027129468408097
1.267711039408896
1.150364896204699
-1.643342034194332
-0.5401991857691989
1.480640682898116
0.4711734517620614
2.824680768506986
1.426901601525042
-0.461757178877215
1.078546537410985
-0.5459791059505773
1.278090302493904
-0.4182494696083904
-0.6255191693169486
-0.4675396108243505
-0.7955829660362368
-0.05141930452809656
0.3521401113361134
-0.2605833323922064
-0.4229732338888558
-1.233010559400483
0.04861481228552571
0.4925166553741173
-1.4040876225194
-0.5260358745691627
-0.5036168236510827
-0.05633925614523429
0.4366217293267555
2.056782093260825
0.2166901077834825
0.9189557816461064
-1.133977414446351
-2.713490001026108
-1.141567729711769
1.325413457243062
0.1437997104251504
0.4919192688602363
2.347964232567014
-2.186274353931751
2.183972912829049
-0.5390424992547534
-0.167408099489302
-0.7463694621804325
2.469824565495589
-0.04919319089952123
0.08381728898723355
-1.653667099861258
0.2511977617404482
-0.933902843574784
-1.740658320402196
-0.3077213619878986

Final quantities:
5.000936942999445
4.571473365550982
