Number of particles: 100
Nmax: 17
Gamma: 0.25
Interaction type: contact
Step size: 8e-05
Batch size: 200000
Batch count: 75
             Batch number               Average n0          Fluctuations n0                   Energy           Particle count                 Momentum
                        1        4.730391819452057        4.199217781470463        11092.47585146299        100.0000391136313      0.03926853549490161
                        2        4.829266250162306        4.080562992307416        11092.47576562526        100.0000385083532      0.03926852554297611
                        3        3.993081233156714         3.36970130440136        11092.47569165396        100.0000379561001       0.0392684076526173
                        4        3.676330627449434         3.30487440500762        11092.47560544952        100.0000373544124      0.03926837196682698
                        5        4.094650231306588        3.501144699997434        11092.47551376588        100.0000367205366      0.03926834826066639
                        6        5.347603845790181        4.560793549920996        11092.47542263521        100.0000360972676      0.03926857261555483
                        7        5.823509375245088        5.196383098068526        11092.47532449251        100.0000354330426      0.03926873324563473
                        8        4.513498398134608        3.980357867977115        11092.47522457087        100.0000347683455      0.03926887930727929
                        9        4.581054350454364        4.299996979683382        11092.47512371317        100.0000340942344      0.03926862437399947
                       10        5.712995014256628        4.773884569005727        11092.47501657616        100.0000333819123      0.03926839226767243
                       11        4.290583324554798        4.013433788110574         11092.4749318942        100.0000327852569       0.0392685017361103
                       12        4.148058555297077        3.611744473370354        11092.47485823247        100.0000322434186       0.0392686460368239
                       13        4.519525908947016         4.27973338593243         11092.4747756009        100.0000316654822      0.03926868076997536
                       14        5.013848398022421        4.421262466396553        11092.47468836412        100.0000310560629      0.03926876411119462
                       15        4.447509984177424         3.85856940067689        11092.47459339493        100.0000304068216      0.03926856853297078
                       16        6.557902077036847        5.611384783031733        11092.47448414009        100.0000296823111      0.03926763994251559
                       17        4.952326641903626        4.116873440657915        11092.47439576993         100.000029050998      0.03926750117756228
                       18        4.462392047853212        3.983608221905139        11092.47427444771        100.0000283128339       0.0392678832566169
                       19        4.414514219795796        4.006163568447668        11092.47418005515        100.0000276866091      0.03926812266564284
                       20        5.480666794631674        5.459816887409606          11092.474092302        100.0000270866552      0.03926827681044642
                       21        4.053467949379431        3.799705482097614        11092.47400299823        100.0000264594303      0.03926786168435292
                       22        4.947249556809279        4.468626442879817        11092.47390877158        100.0000258195216       0.0392677784997808
                       23        4.641833365743298        4.209904458919224        11092.47381557744        100.0000251743867      0.03926754651162412
                       24        4.962545442284755        4.536818259229082        11092.47371266916        100.0000244967939      0.03926777315506058
                       25        4.838833308485884        4.590689708919926        11092.47361305254         100.000023829111      0.03926781760273457
                       26        4.362394528717764        3.720540039945511        11092.47353106223        100.0000232365183      0.03926846466741729
                       27        3.912144404762576        3.300281070046032        11092.47345267096        100.0000226643018      0.03926866241443605
                       28        4.399372730889312        3.881493317608942        11092.47337998279        100.0000221149968      0.03926817763190371
                       29        4.035504691054579        3.582446749522424        11092.47330216031        100.0000215668414      0.03926847108436249
                       30        3.830818196758928        3.500552133237521        11092.47320694311        100.0000209233545      0.03926832014909287
                       31          3.8859177124123        3.353939357713385         11092.4731213169        100.0000203333658      0.03926873796583896
                       32        4.732544912385214        4.094877983058903        11092.47302839183         100.000019692441      0.03926868734942168
                       33        4.915217845068281        4.314163353482534        11092.47292623766        100.0000190023002      0.03926889651815557
                       34         5.35819091700456        4.408680160439959        11092.47283642379         100.000018380713      0.03926877461010747
                       35        4.010574215214509        3.604454884741966        11092.47276443226        100.0000178565082       0.0392687210613758
                       36        5.702136815168297         5.10141814885934        11092.47266132432        100.0000171645202      0.03926849231463336
                       37        3.602708512998985        3.561004558240141        11092.47257764944        100.0000165700863      0.03926833031322019
                       38        5.508224993171947        4.684342160458409        11092.47248100022        100.0000159104937      0.03926787620113714
                       39        3.742510517546177        3.291414409385566        11092.47240145978          100.00001532321      0.03926741831097758
                       40        3.935619794330446        3.450863897373982        11092.47231304518        100.0000147081788      0.03926753379333547
                       41        4.341206105003145        3.777283622568408        11092.47222646323        100.0000140961815      0.03926755064702903
                       42        4.378753273157682        4.075926274754788        11092.47213987701         100.000013484796      0.03926729393087669
                       43         5.12525100191148        4.620337313933253        11092.47204122816        100.0000128168919       0.0392672647356207
                       44        5.290354301337903        5.017915581719962        11092.47195548669        100.0000122167447      0.03926740461805878
                       45        4.668817937978522        4.233206165406497        11092.47186320934        100.0000115874387      0.03926735131651071
                       46        5.422636621498273        4.788705516690458        11092.47178021568        100.0000110154067      0.03926736473543002
                       47        5.238791703797688        4.997991499344885        11092.47168478783        100.0000103633487      0.03926779885279075
                       48        3.738023983376479        3.310890542708316        11092.47160515066        100.0000097892842      0.03926785740562977
                       49         3.44939635037848        3.081842391721689        11092.47152754659         100.000009228092      0.03926772838812553
                       50        4.384177522268785        3.753469700484155        11092.47144230729         100.000008621381      0.03926761532495426
                       51        4.115311353735303        3.885758064755407        11092.47135237941        100.0000079823921       0.0392667934485047
                       52        4.649803910281316        4.144738838180823        11092.47126944124        100.0000073947039      0.03926649576429142
                       53        3.907850428315576        3.417079866765277        11092.47117905233        100.0000067537191      0.03926591160404591
                       54        3.751702819453289        3.332959350328437         11092.4711015817        100.0000061929317      0.03926596260629722
                       55        4.606289144275596        4.312739201172166        11092.47101177376        100.0000055615878      0.03926656371082071
                       56        5.483985222953486        4.919104343609091         11092.4709176449        100.0000049203607      0.03926688923443677
                       57        4.811034113628704        3.988326352102922        11092.47081645595        100.0000042460944      0.03926713699810591
                       58        3.500860791675369         3.15232016302055        11092.47073348486        100.0000036488263       0.0392673478462342
                       59         4.64445187492675        4.152761861561734        11092.47064938318        100.0000030750097      0.03926742300036423
                       60        5.145465968215063        4.877601792167251        11092.47055970155        100.0000024667477      0.03926723603088078
                       61        5.101876578222504        4.922739062499422         11092.4704730611        100.0000018664945      0.03926727091580773
                       62        3.821142945813555        3.594828370791519        11092.47039178096        100.0000012872044       0.0392668946437027
                       63        3.691782907674001        3.350927230976994        11092.47030534289        100.0000006929426      0.03926689808805151
                       64         4.23407928200001        3.949542953408313        11092.47020823537        100.0000000323553      0.03926668691125101
                       65         3.44107649699133        3.222096519300063         11092.4701320975        99.99999946589972      0.03926636366505409
                       66        4.121286332899006        3.689700688214168        11092.47005054653        99.99999888646283      0.03926645163741682
                       67        4.423108013752763         4.14947980653333        11092.46995861546        99.99999826804957      0.03926632949202258
                       68        4.130911104123888        3.966038945886373        11092.46987141899         99.9999976632586      0.03926649899874857
                       69        3.630745985457434        3.558971265528933        11092.46978662096         99.9999970603983      0.03926637146304834
                       70        4.798239410340685        3.905701759313831        11092.46969344651        99.99999641090369      0.03926634310690957
                       71        4.967681756352092        4.284467495365872        11092.46958223288        99.99999568691082      0.03926654870168278
                       72        4.691048361138378         4.56176337863657        11092.46949801457        99.99999509593876      0.03926662525015701
                       73        5.274918037895807        4.794807500785309        11092.46939659631        99.99999441353282      0.03926675735089447
                       74        4.275852739491634         4.23551293836745         11092.4693148403        99.99999383585775      0.03926715868967889
                       75        5.104557711782133         4.57179367338193        11092.46922841571        99.99999324525409      0.03926715229990663

Final average n0: 4.551066554665581
Final fluctuations n0: 4.180170963502839

Averages:
4.730391819452057
4.829266250162306
3.993081233156714
3.676330627449434
4.094650231306588
5.347603845790181
5.823509375245088
4.513498398134608
4.581054350454364
5.712995014256628
4.290583324554798
4.148058555297077
4.519525908947016
5.013848398022421
4.447509984177424
6.557902077036847
4.952326641903626
4.462392047853212
4.414514219795796
5.480666794631674
4.053467949379431
4.947249556809279
4.641833365743298
4.962545442284755
4.838833308485884
4.362394528717764
3.912144404762576
4.399372730889312
4.035504691054579
3.830818196758928
3.8859177124123
4.732544912385214
4.915217845068281
5.35819091700456
4.010574215214509
5.702136815168297
3.602708512998985
5.508224993171947
3.742510517546177
3.935619794330446
4.341206105003145
4.378753273157682
5.12525100191148
5.290354301337903
4.668817937978522
5.422636621498273
5.238791703797688
3.738023983376479
3.44939635037848
4.384177522268785
4.115311353735303
4.649803910281316
3.907850428315576
3.751702819453289
4.606289144275596
5.483985222953486
4.811034113628704
3.500860791675369
4.64445187492675
5.145465968215063
5.101876578222504
3.821142945813555
3.691782907674001
4.23407928200001
3.44107649699133
4.121286332899006
4.423108013752763
4.130911104123888
3.630745985457434
4.798239410340685
4.967681756352092
4.691048361138378
5.274918037895807
4.275852739491634
5.104557711782133

Fluctuations:
4.199217781470463
4.080562992307416
3.36970130440136
3.30487440500762
3.501144699997434
4.560793549920996
5.196383098068526
3.980357867977115
4.299996979683382
4.773884569005727
4.013433788110574
3.611744473370354
4.27973338593243
4.421262466396553
3.85856940067689
5.611384783031733
4.116873440657915
3.983608221905139
4.006163568447668
5.459816887409606
3.799705482097614
4.468626442879817
4.209904458919224
4.536818259229082
4.590689708919926
3.720540039945511
3.300281070046032
3.881493317608942
3.582446749522424
3.500552133237521
3.353939357713385
4.094877983058903
4.314163353482534
4.408680160439959
3.604454884741966
5.10141814885934
3.561004558240141
4.684342160458409
3.291414409385566
3.450863897373982
3.777283622568408
4.075926274754788
4.620337313933253
5.017915581719962
4.233206165406497
4.788705516690458
4.997991499344885
3.310890542708316
3.081842391721689
3.753469700484155
3.885758064755407
4.144738838180823
3.417079866765277
3.332959350328437
4.312739201172166
4.919104343609091
3.988326352102922
3.15232016302055
4.152761861561734
4.877601792167251
4.922739062499422
3.594828370791519
3.350927230976994
3.949542953408313
3.222096519300063
3.689700688214168
4.14947980653333
3.966038945886373
3.558971265528933
3.905701759313831
4.284467495365872
4.56176337863657
4.794807500785309
4.23551293836745
4.57179367338193

Last point and parameters for further simulation:
100
17
0.25
contact

1.060206175777417
-0.01954923114015023
1.073670070092091
-0.2991491393934342
0.7033297244764349
-0.2318317638211489
0.9287283470630464
0.4636548441637383
0.8133145876907852
-0.1895998973232175
-0.3786973099147735
1.28894402250549
-0.4675247613459195
-4.690408917913858
0.2222344167343279
-1.509896330715734
-0.8991073818973875
0.07460297743871061
-2.764362267408049
-0.09223014472440336
-0.4246361016003239
-0.6691575772669482
-0.4933926280426357
0.6235418085108188
0.8928580476203696
-1.248348275038665
0.2000018623407176
-0.6102018139501686
-0.3656712892216782
-0.7889663364012681
-1.052658448208391
-0.3758912732761698
-2.43678862678697
-0.2045522738322643
-0.2176285895922246
-1.344283737838533
-0.7731669155752849
0.2109787109278215
-1.963834088440441
-0.3045984038514923
-0.3744722104507213
0.4561741282596011
-0.4459851833254582
-2.061242642126
-0.6465520233950968
1.019330854582277
1.232789707120419
0.9230225261341547
0.05286912679234317
1.287507241912867
-0.3823354051159747
0.2680195828172005
1.243018679872979
-2.501668314580936
0.003456339873978098
-0.06972024108218097
2.615608629227273
-0.4849016033003414
1.452129439502646
1.905784660115523
-2.235067097323595
1.083442955795996
0.584589792180783
-0.6363915702851161
1.015998311676987
0.8913706444378822
0.7666778031222724
1.047314960834498
0.6415983769678545
0.2559930579066633

Final quantities:
4.551066554665581
4.180170963502839
