Number of particles: 100
Nmax: 18
Gamma: 0.25
Interaction type: contact
Step size: 8e-05
Batch size: 200000
Batch count: 75
             Batch number               Average n0          Fluctuations n0                   Energy           Particle count                 Momentum
                        1        3.775962978477872        3.264229501536037        12120.33460931355        99.99989978502076       0.1384389344097876
                        2        4.459206582502012        4.267911391677592         12120.3345006743        99.99989894237937       0.1384384430360974
                        3        4.719319568890925         4.70537405263632        12120.33441139294        99.99989823090067       0.1384381491331794
                        4        3.755337754787572        3.505949287608164        12120.33432410189        99.99989749327797       0.1384382916223803
                        5         3.81386066194894        3.417674203848628        12120.33422942425        99.99989670792461       0.1384386089233871
                        6        4.236437927931945          3.5978857785687        12120.33414066438        99.99989594714624       0.1384395407442232
                        7        4.471732538879861        4.075708425287071        12120.33403659051        99.99989511022497       0.1384392985498781
                        8        5.185662373783684        4.579005606631239        12120.33392275992        99.99989425192913       0.1384391135822511
                        9        3.862612170444618        3.522725589918282        12120.33382941487         99.9998934828559       0.1384394151736181
                       10        5.213789939428668         4.55139854634209        12120.33373254214        99.99989268564244       0.1384396252091804
                       11        4.638041711051883         4.21056654274122        12120.33362484261        99.99989182442239       0.1384393318453192
                       12        4.674081534095666        3.915775382540457        12120.33351565887        99.99989097913458       0.1384394442770223
                       13         2.71016806317709        2.412390880790907        12120.33343474934         99.9998903067146       0.1384399650585166
                       14        4.354954363055354        3.980183435606809        12120.33333028222        99.99988947246278       0.1384398073592816
                       15        3.806310484029011        3.239285770139626        12120.33324609239        99.99988875437822       0.1384405451447321
                       16        4.953289777570346         4.57552270977465        12120.33313598562        99.99988786505376       0.1384407710363256
                       17         4.29562146037556         3.86503452059301        12120.33302970805         99.9998870098465       0.1384408869311713
                       18        5.818822670835585        5.009904903801965        12120.33291816595        99.99988614229581       0.1384410403936664
                       19        4.495572039600795        4.134437343586582        12120.33282354589        99.99988535641438        0.138441516489733
                       20        3.812557622192897        3.554024988556114        12120.33271473742        99.99988452141673       0.1384417664785786
                       21        4.596832361580474        4.159289278846507        12120.33261428215        99.99988371973151       0.1384423940872423
                       22        4.069785067728512        3.483185492888977        12120.33252529595        99.99988299424754         0.13844329430807
                       23        4.948664455807029         4.60968236953975        12120.33241632221        99.99988215513905       0.1384435364158598
                       24        4.883585478157226        4.281335860573455        12120.33232428796        99.99988135555186        0.138442469490542
                       25        3.753602307332914        3.374067857229336        12120.33223796593        99.99988063595178       0.1384420051998063
                       26         3.24948267824578        2.823197636565408        12120.33215248152        99.99987990872781        0.138442052126976
                       27         4.43063187135821        4.109308901575503         12120.3320512031        99.99987906992467       0.1384422100460956
                       28        4.309815264904134        3.869626552737813        12120.33195600332        99.99987829940049       0.1384419803967063
                       29        4.112244692011873        3.537567040032006        12120.33186733219        99.99987753933367       0.1384412277991238
                       30        3.685124590977178        3.193653458283596        12120.33179253508        99.99987687795287       0.1384406829529325
                       31        5.495064390314687        5.518007559716497        12120.33171268001        99.99987620786301       0.1384405005993301
                       32        4.956875267855569        4.205930961175468        12120.33162742985         99.9998754833988       0.1384403475553029
                       33         4.47972539045755        3.971203315331566        12120.33153992701        99.99987474114408       0.1384414163129479
                       34        3.908146431248143         3.37836889725109        12120.33144656342        99.99987398038758       0.1384413100914834
                       35        4.043408252733856        3.301089570540395        12120.33134300876        99.99987316699429       0.1384411945933053
                       36        3.725752753216382        3.433884635742339        12120.33125093087        99.99987241008265       0.1384413515561365
                       37         4.59237648866036        3.956083204827595          12120.331148996        99.99987159579476       0.1384422813396986
                       38        4.244621433679582        3.880966995719763         12120.3310496892        99.99987080198568       0.1384419886651571
                       39        3.383154736553231        3.093748652006861        12120.33095930847        99.99987005217933       0.1384428028702018
                       40        5.349600283660057        4.808550097157555        12120.33083887311        99.99986914068627       0.1384433427421357
                       41        4.861980394851826        4.157381246175243        12120.33073128036        99.99986830898973       0.1384433847042357
                       42        4.694066187097439        3.932734191828971        12120.33064384067        99.99986758266361        0.138444074196066
                       43        5.395639808869086        4.835879441575585        12120.33054011114        99.99986668560875       0.1384430402753623
                       44         4.16891456977414         3.73720671902529        12120.33044977959        99.99986594727181       0.1384428623508676
                       45        3.885426966015905        3.386550461376461        12120.33036405432        99.99986523253926       0.1384428110707603
                       46        5.079813385621416        4.382762762214592        12120.33025703586          99.999864382609       0.1384438733495763
                       47        3.412920867277887        3.393740729382481        12120.33016962091        99.99986366442786       0.1384435763219649
                       48        3.595514634077191        3.282692597989459        12120.33008408115        99.99986291450102       0.1384432457020139
                       49        4.791225490674506        4.886590861083842        12120.32994536415        99.99986195913085       0.1384439423185881
                       50        4.198253178978463        3.859413808371278        12120.32985026916        99.99986115930965       0.1384429414739063
                       51        5.899665574752444        5.237237972034515        12120.32973428963        99.99986026169566       0.1384436536861742
                       52        5.006329991440131        4.330975175006164        12120.32963191883        99.99985943640387       0.1384440713712571
                       53        4.833480859927848        4.369473493142706        12120.32951910554        99.99985858381065       0.1384439796159365
                       54        3.166299368502806        2.930810972414701        12120.32941685405        99.99985777504729       0.1384434766881313
                       55        4.822499524178587        4.397953351025726        12120.32931093951        99.99985694474195       0.1384427782478994
                       56         4.83871516479268        4.571303656608779        12120.32920412906        99.99985607765512       0.1384418888078578
                       57        3.658616127541581        3.293671865781536        12120.32911441254        99.99985530964589       0.1384413765585979
                       58        4.657190971729304         4.10294358935478        12120.32902834758        99.99985456376506       0.1384410175411581
                       59        4.801994235610039        4.079944313599195          12120.328933059        99.99985381022256       0.1384410184279297
                       60         3.71868867697245        3.330012853658509        12120.32884515465        99.99985310198666       0.1384406632443085
                       61        4.481938748386817        4.076698807511019        12120.32875579724        99.99985234212093        0.138440749432327
                       62        4.672125325188349        4.002276150821626        12120.32865169086        99.99985153720318        0.138440763124315
                       63        3.472908291549209         3.25813941854322        12120.32856381721        99.99985081175204       0.1384408051999628
                       64        4.587302933273249        4.220986638860676        12120.32846603602        99.99984999514686       0.1384410354978698
                       65         3.91891618910386        3.450655872858875         12120.3283655331         99.9998491515792       0.1384404155648067
                       66        5.195536072396225         4.54293599531035        12120.32825688953        99.99984828743654       0.1384405546073637
                       67        3.914019703583392        3.364077963867708        12120.32816632011        99.99984753463109       0.1384413844781278
                       68        5.020859990383531        4.318060118300433        12120.32805014995        99.99984663856176       0.1384410929685957
                       69        5.008503104838424        4.421739533280422        12120.32795459039        99.99984586289894       0.1384409712739121
                       70        4.888067850303702        4.159054052842644        12120.32785932511         99.9998451038518       0.1384414265641141
                       71        4.331994248009456        4.037307412711307         12120.3277565833        99.99984424556233       0.1384410113297179
                       72        3.672465830778856        3.424626983358687        12120.32765638622        99.99984342839134       0.1384411887163779
                       73         5.33743583509919         5.34159360464807        12120.32754698306        99.99984258362146       0.1384411865172321
                       74        4.061348598469725        3.675187694035798        12120.32746105207        99.99984185460308       0.1384416916846192
                       75         4.36827725850562        3.921469938149303        12120.32736941828        99.99984108954234       0.1384413614530091

Final average n0: 4.395876965041313
Final fluctuations n0: 4.0444423678751

Averages:
3.775962978477872
4.459206582502012
4.719319568890925
3.755337754787572
3.81386066194894
4.236437927931945
4.471732538879861
5.185662373783684
3.862612170444618
5.213789939428668
4.638041711051883
4.674081534095666
2.71016806317709
4.354954363055354
3.806310484029011
4.953289777570346
4.29562146037556
5.818822670835585
4.495572039600795
3.812557622192897
4.596832361580474
4.069785067728512
4.948664455807029
4.883585478157226
3.753602307332914
3.24948267824578
4.43063187135821
4.309815264904134
4.112244692011873
3.685124590977178
5.495064390314687
4.956875267855569
4.47972539045755
3.908146431248143
4.043408252733856
3.725752753216382
4.59237648866036
4.244621433679582
3.383154736553231
5.349600283660057
4.861980394851826
4.694066187097439
5.395639808869086
4.16891456977414
3.885426966015905
5.079813385621416
3.412920867277887
3.595514634077191
4.791225490674506
4.198253178978463
5.899665574752444
5.006329991440131
4.833480859927848
3.166299368502806
4.822499524178587
4.83871516479268
3.658616127541581
4.657190971729304
4.801994235610039
3.71868867697245
4.481938748386817
4.672125325188349
3.472908291549209
4.587302933273249
3.91891618910386
5.195536072396225
3.914019703583392
5.020859990383531
5.008503104838424
4.888067850303702
4.331994248009456
3.672465830778856
5.33743583509919
4.061348598469725
4.36827725850562

Fluctuations:
3.264229501536037
4.267911391677592
4.70537405263632
3.505949287608164
3.417674203848628
3.5978857785687
4.075708425287071
4.579005606631239
3.522725589918282
4.55139854634209
4.21056654274122
3.915775382540457
2.412390880790907
3.980183435606809
3.239285770139626
4.57552270977465
3.86503452059301
5.009904903801965
4.134437343586582
3.554024988556114
4.159289278846507
3.483185492888977
4.60968236953975
4.281335860573455
3.374067857229336
2.823197636565408
4.109308901575503
3.869626552737813
3.537567040032006
3.193653458283596
5.518007559716497
4.205930961175468
3.971203315331566
3.37836889725109
3.301089570540395
3.433884635742339
3.956083204827595
3.880966995719763
3.093748652006861
4.808550097157555
4.157381246175243
3.932734191828971
4.835879441575585
3.73720671902529
3.386550461376461
4.382762762214592
3.393740729382481
3.282692597989459
4.886590861083842
3.859413808371278
5.237237972034515
4.330975175006164
4.369473493142706
2.930810972414701
4.397953351025726
4.571303656608779
3.293671865781536
4.10294358935478
4.079944313599195
3.330012853658509
4.076698807511019
4.002276150821626
3.25813941854322
4.220986638860676
3.450655872858875
4.54293599531035
3.364077963867708
4.318060118300433
4.421739533280422
4.159054052842644
4.037307412711307
3.424626983358687
5.34159360464807
3.675187694035798
3.921469938149303

Last point and parameters for further simulation:
100
18
0.25
contact

0.6690684634553624
0.3091837618578632
-0.3664404013080738
2.195166803138382
-0.9251199039186684
-0.9738042649852608
-0.4301689155273162
1.641087641471265
0.8449527003202861
-0.9252246792327103
-1.014800231334849
0.6218662547623434
-1.684911324713996
-0.1712942051232793
0.7730887649318293
-0.3360777090722951
-0.04231105638438439
-0.2645836389009709
-3.510778683405969
-0.2289489877838984
-1.205106644223502
0.2825799611515282
1.397040426687943
2.602269322557133
-0.9222972143324756
0.01312683834864122
1.127062621846481
1.637115085834542
2.001282686381483
-0.8119593705835334
-0.08989985037282014
0.01902315760840473
-1.434984273435383
-1.259541271904167
0.4353349066263006
-1.030899995487482
-0.4651058437312333
-0.5136294721968087
0.4966288201608175
-1.611026471494025
0.01342081097175462
1.030808771545534
-1.490634086754662
-0.7392415308468911
0.3890264117813664
0.9256024645757258
-1.253640655969656
0.9730828901402878
1.665151558499116
0.3871640254832489
-1.270187095558946
-1.69822332634876
1.27626563618491
-0.3095850192585395
-0.2194892017816929
1.686759780398993
-0.4837121354782888
-0.8234059314206253
2.595387760056292
-2.270347480891284
0.5461366299639734
-0.3044381901772656
-0.7150490188231808
0.2068322168839239
-1.344320253179907
0.2914009419287465
-2.418317277060376
1.238285120300603
-0.4145470331561705
-0.2616076837539104
0.2744980169390923
-0.1508049841177083
-0.2136786156230022
0.2348096607707809

Final quantities:
4.395876965041313
4.0444423678751
