Number of particles: 100
Nmax: 2
Gamma: 0.25
Interaction type: contact
Step size: 0.0003
Batch size: 200000
Batch count: 350
             Batch number               Average n0          Fluctuations n0                   Energy           Particle count                 Momentum
                        1        91.68759894793348        4.908447786888417        2525.817756911904        100.0000342176454   -0.0005417220550845148
                        2        91.70518085028357         4.89239993267458        2525.817667351162        100.0000324909262   -0.0005417277159254219
                        3        91.73965235015183         4.87290500438526        2525.817577771774        100.0000307639407   -0.0005417333020447668
                        4        91.73678302264616        4.865933583275173        2525.817488201368        100.0000290370765    -0.000541739039473188
                        5        91.71796732559396        4.882655473397947        2525.817398639131         100.000027310337   -0.0005417446716855512
                        6        91.67374037280098        4.925257034721125        2525.817309081474        100.0000255836843   -0.0005417504589253497
                        7        91.72819647018127        4.883490477241578        2525.817219508343        100.0000238567943   -0.0005417559438010144
                        8        91.70031708596215        4.912825892100446        2525.817129943486        100.0000221300281   -0.0005417616275399384
                        9        91.74319106365742        4.869404780670796         2525.81704038081        100.0000204032715    -0.000541767100980195
                       10        91.91423953036725        4.719411020133155        2525.816950787455        100.0000186759922   -0.0005417722119287482
                       11        91.63407203937905        4.967735439478034        2525.816861237518        100.0000169494752   -0.0005417778673450224
                       12        91.65407590219763        4.952321341143669        2525.816771685227        100.0000152229105    -0.000541783639644966
                       13        91.70550963313831        4.904339857375974        2525.816682130871        100.0000134962925   -0.0005417891052864054
                       14        91.75352573452628        4.876963535558792        2525.816592552604        100.0000117693194   -0.0005417945718202422
                       15        91.78870493173159        4.837468215883137         2525.81650298874        100.0000100425199   -0.0005417997905486915
                       16        91.78642350736868        4.856022946385098        2525.816413409307        100.0000083155211   -0.0005418049750806064
                       17        91.76285692703755        4.870664307934023        2525.816323840754        100.0000065886807   -0.0005418101494721883
                       18        91.97888255090045        4.682790807440797        2525.816234246182        100.0000048613537   -0.0005418147601202739
                       19        92.04720477529482        4.631048783968889        2525.816144627946        100.0000031336779   -0.0005418191906611247
                       20        92.07764309056067        4.610832312654099        2525.816055003213        100.0000014058873   -0.0005418233845671527
                       21        92.10906114060406        4.572193586844196        2525.815965386078         99.9999996781869   -0.0005418277847379915
                       22        92.11002682925668        4.582923081701129         2525.81587575357        99.99999795027543   -0.0005418319857272147
                       23          92.080894455026        4.594173374941048         2525.81578613613        99.99999622258781   -0.0005418363127941417
                       24        92.35747146269802        4.389835184899253        2525.815696470734        99.99999449411655   -0.0005418396213003884
                       25        92.44156739347875        4.335960716356642        2525.815606785407        99.99999276533546    -0.000541842463817277
                       26        92.45261597009605        4.306637647051534         2525.81551712209        99.99999103684104   -0.0005418453233624332
                       27        92.30590403719036        4.437718111154259        2525.815427466122        99.99998930852371   -0.0005418487926456272
                       28        92.33178750121205        4.425588857566637        2525.815337803594        99.99998758011532    -0.000541851892955747
                       29        92.37965338030747         4.38331846894141        2525.815248142515        99.99998585169857   -0.0005418549627933533
                       30        92.39224567871356        4.383590515463984        2525.815158472017        99.99998412314336   -0.0005418578024061205
                       31        92.34691517640606         4.41145462053422        2525.815068810815        99.99998239473351   -0.0005418611241838622
                       32        92.37324350590514        4.392167967332335        2525.814979143715        99.99998066624218   -0.0005418641604981733
                       33          92.367833739273        4.392091234248655        2525.814889480586         99.9999789378052   -0.0005418671394912256
                       34         92.4453837545849        4.333410351242255        2525.814799802036        99.99997720912455   -0.0005418698769942831
                       35        92.40314604551352        4.360696416992635        2525.814710133898        99.99997548058947    -0.000541872990599046
                       36        92.63795109887843        4.180925051241884        2525.814620419389        99.99997375133211   -0.0005418750824903729
                       37        93.14993656284878        3.785059567018061        2525.814530621086        99.99997202075578   -0.0005418751960132862
                       38        93.26920312492112        3.664363446286102        2525.814440805703        99.99997028986886   -0.0005418747581398264
                       39        92.82487101240496        3.972943532745803        2525.814351061432        99.99996856009363   -0.0005418766728441105
                       40        92.81644377218001        3.985735613458551        2525.814261326543        99.99996683044009   -0.0005418784756607842
                       41          92.800311716054        3.998777345092382        2525.814171585959        99.99996510072009   -0.0005418804336790872
                       42        92.79689333201324        4.005237241468807        2525.814081844048        99.99996337098598    -0.000541882307627084
                       43        92.72100757111231        4.059574235098624        2525.813992116231        99.99996164147811   -0.0005418846136222011
                       44        92.69716076481153        4.078506599009294        2525.813902388507        99.99995991197217   -0.0005418870131960185
                       45        92.83983034649989        3.974586089788083        2525.813812636393        99.99995818209605   -0.0005418888029953273
                       46        93.66716795432033        3.510404595287404        2525.813722857376        99.99995645157698   -0.0005418883729357837
                       47        94.51839450503144        2.755739654779488         2525.81363326869         99.9999547229425   -0.0005418884637700128
                       48        94.37899612501256        2.941860498351382        2525.813543330155        99.99995299016926   -0.0005418899492479756
                       49        94.01600947190371        3.264363125704137        2525.813453263663        99.99995125597624   -0.0005418894121282936
                       50        94.23023367418192        3.001088674330859         2525.81336319725        99.99994952156551   -0.0005418888275670053
                       51        94.48474235637057        2.693533335542968        2525.813273255728        99.99994778849504   -0.0005418874345715363
                       52         94.4500294777574        2.842378631436864        2525.813183264898        99.99994605495007   -0.0005418877111398324
                       53        94.53387187634011        2.874439365594847        2525.813093229183        99.99994432092703   -0.0005418878828968854
                       54        94.46329935463139        2.785255653627202        2525.813003505715        99.99994259064424   -0.0005418880988390384
                       55        94.69929478533552        2.816049299554728         2525.81291349919        99.99994085701539   -0.0005418884528832768
                       56         94.4334556447031        2.763058883513013         2525.81282363516        99.99993912494067   -0.0005418883144063802
                       57        94.47805126882743        2.691412307770056        2525.812733829931        99.99993739362348   -0.0005418892360709027
                       58        94.71095298118489         2.67136688956761        2525.812643973967        99.99993566173232   -0.0005418905080276648
                       59        94.27875966651932        3.132609837989702        2525.812553829723        99.99993392650779   -0.0005418905324898748
                       60        94.74319084967426        2.807268793379316        2525.812463840866         99.9999321931151   -0.0005418893649218326
                       61        93.94371323883765        3.394544637964421         2525.81237398342        99.99993046159157   -0.0005418900397922213
                       62        94.59241735778758        2.890322259868925        2525.812283950724        99.99992872765685    -0.000541890939327383
                       63        94.81575910075919        2.615291453511903        2525.812193976091        99.99992699426255   -0.0005418906121199552
                       64        94.61940435783347        2.731573370685435        2525.812104034138        99.99992526130374   -0.0005418894834962051
                       65        94.45558751699809        2.876078464089677        2525.812014159537        99.99992352928136   -0.0005418883933766966
                       66        94.58826090145079        2.790195477227328         2525.81192439856        99.99992179860679   -0.0005418883354337822
                       67        94.18180792073586        3.143544369564234        2525.811834585641        99.99992006747981   -0.0005418877872576111
                       68        93.84197338372135        3.263733477050735        2525.811744795288        99.99991833667691   -0.0005418856308244679
                       69        93.48704224958871        3.320958588128937        2525.811655001343        99.99991660584107   -0.0005418840559598403
                       70        93.34501508960186        3.386997831414014        2525.811565212169        99.99991487508599   -0.0005418835904147379
                       71        93.50896121121288        3.289174133684124        2525.811475429264           99.99991314437   -0.0005418817924077723
                       72        94.57395752204539        2.772412122098317         2525.81138578015        99.99991141507304   -0.0005418794763807355
                       73        94.23603408680883        3.108790927300938        2525.811295769112        99.99990968149635   -0.0005418784028383694
                       74         94.5718146258522        2.696116200356327        2525.811205956412        99.99990795006856   -0.0005418789536187907
                       75        94.72097971138031        2.670550336861353         2525.81111599585        99.99990621690279   -0.0005418787743143305
                       76        94.76268368292449          2.5492813766109        2525.811025996065        99.99990448312016   -0.0005418789555037273
                       77          94.773808666774        2.458351798461183        2525.810935856722        99.99990274751887   -0.0005418800181443695
                       78         94.5721740856758        2.620119757578321        2525.810845738657        99.99990101227897   -0.0005418799856981016
                       79        94.59542478995718        2.631837793595172        2525.810755472308        99.99989927516124   -0.0005418810623807335
                       80        94.60460833848282        2.437994023312665        2525.810665231938         99.9998975382136   -0.0005418814131039618
                       81        94.58483469097652        2.681741588090703        2525.810574969486        99.99989580116886    -0.000541880767683578
                       82        94.66920401741639         2.70584900762573        2525.810484915304         99.9998940667633   -0.0005418808037284117
                       83        94.77771165974544        2.603344274731132        2525.810394744497        99.99989233090066   -0.0005418816290740924
                       84         94.5821402769494        2.757308098516464        2525.810304659843        99.99989059616962   -0.0005418801026728648
                       85        94.77127718776499        2.630328113923198        2525.810214781664        99.99988886394463   -0.0005418800970604654
                       86        94.70978464029746        2.612916208336622        2525.810124786755        99.99988713030228   -0.0005418798932692592
                       87        94.56290040856352        2.873318284032788        2525.810034821426         99.9998853972111   -0.0005418794207225908
                       88        94.56804436092531        2.977272004615284         2525.80994489374        99.99988366466235   -0.0005418804871608618
                       89        94.29595435715792        3.127844700422069        2525.809855033451        99.99988193297777   -0.0005418806211876515
                       90        92.91833409738818        4.059557379794713          2525.8097652509        99.99988020279116   -0.0005418810007022934
                       91        92.87330949561519        4.110661352403787        2525.809675529693          99.999878473389   -0.0005418807616190957
                       92        93.16674567495886        3.870448378841242        2525.809585813476        99.99987674387938   -0.0005418807013471971
                       93        93.47873499715634        3.648346694729751        2525.809496120522        99.99987501449684   -0.0005418806921261288
                       94        93.22399377723684        3.762219983332728        2525.809406262426        99.99987328315576   -0.0005418803067324118
                       95        92.77716135435539        4.091097978881841        2525.809316521911        99.99987155351779   -0.0005418787059332519
                       96        92.81482278162449        4.094151275183856        2525.809226783487        99.99986982390395   -0.0005418773930485621
                       97        92.81307452412007        4.056312942001767        2525.809137037591        99.99986809416389    -0.000541876087350901
                       98        92.65658975125902        4.170136051887778        2525.809047329399        99.99986636499153   -0.0005418739888138902
                       99        92.50396630916656        4.284270743412286        2525.808957647006        99.99986463622317   -0.0005418713463138936
                      100        92.71601931788248          4.1335918521141        2525.808867927885        99.99986290687941   -0.0005418694529967238
                      101        92.95270918029321        3.975300891611916        2525.808778138789        99.99986117653593   -0.0005418684364086879
                      102        93.64055615769881        3.484234497552314        2525.808688337187        99.99985944572877   -0.0005418688051385123
                      103        94.25097221353403        2.979792306490489        2525.808598486006        99.99985771401299   -0.0005418695321868228
                      104        94.52975759094217        2.666040858942245        2525.808508656531        99.99985598235894   -0.0005418708379583137
                      105         94.6107052075983        2.711734803661543          2525.8084188775        99.99985425139489   -0.0005418701845103513
                      106        94.38091315686464        2.928510596561956        2525.808329153303        99.99985252120575   -0.0005418693942724762
                      107        94.75632203830375        2.627852767203827        2525.808239649528        99.99985079351896   -0.0005418689692717749
                      108        94.50502607860089        2.862033190139935        2525.808149897579        99.99984906298009   -0.0005418665947807266
                      109        94.48233045595022        2.797300110436052        2525.808060152005        99.99984733239162   -0.0005418664645442384
                      110         94.4922136430711        2.708901817425239        2525.807970332938        99.99984560087114   -0.0005418664152283537
                      111        94.43107881277096        2.981969247741597        2525.807880342824        99.99984386749497   -0.0005418655596387545
                      112        94.87900139283357        2.633047922547699        2525.807790763501         99.9998421389635   -0.0005418659550386895
                      113        94.53989138413748        2.863706717636957        2525.807701080668        99.99984040924984   -0.0005418655343644441
                      114        94.53042682775147        2.736439082985121        2525.807611393547        99.99983867937006   -0.0005418651075455028
                      115        94.46633052980037        2.772018851002607        2525.807521611446        99.99983694835288   -0.0005418637339960064
                      116        94.46728406485812        2.951239462486294        2525.807431664875        99.99983521546888   -0.0005418637356475742
                      117        94.22773328028869        3.170482509985367        2525.807341757054         99.9998334832179   -0.0005418646334617305
                      118        94.35267449941973         3.02776973994095        2525.807251981215        99.99983175252002   -0.0005418663471093987
                      119        93.37395231418752        3.560902206490174         2525.80716215516        99.99983002143961    -0.000541867134126961
                      120        93.50287743306116        3.395131849093167        2525.807072358391        99.99982829062793   -0.0005418689957801259
                      121         93.2993507193783        3.593239779684061         2525.80698255652        99.99982655987306   -0.0005418692870269928
                      122        93.13768786899584        3.849268852425876        2525.806892730544         99.9998248290015   -0.0005418692877536824
                      123        92.79873121182506        4.085610388061608        2525.806802993311        99.99982309939827   -0.0005418678405857413
                      124        92.99160251918646        3.951955027146246         2525.80671320672        99.99982136907445   -0.0005418673790639761
                      125        93.18947616914926         3.82067645263655        2525.806623405247        99.99981963847956   -0.0005418672828139681
                      126        92.97551624652382        3.992962503304806        2525.806533613829          99.999817908124   -0.0005418667923282605
                      127        93.02721889191899        3.960520990464125         2525.80644382832        99.99981617783726   -0.0005418664040698351
                      128        92.78072855808705        4.152591213187507        2525.806354078805        99.99981444813282   -0.0005418662926177653
                      129         92.5782330694864        4.316378616002255         2525.80626437491        99.99981271912358   -0.0005418649616135696
                      130        91.78958257179269        4.962404745743695        2525.806174838196        99.99981099274011   -0.0005418617526261604
                      131          92.327974286574        4.511720512460097        2525.806085196666          99.999809264669   -0.0005418594891835049
                      132        92.31293296049137        4.520688397078935        2525.805995550798        99.99980753654752    -0.000541857253780309
                      133        91.87630175455389        4.876773504074823        2525.805905991005        99.99980580982006   -0.0005418541019857059
                      134        92.21938230914948        4.588004513384259        2525.805816375792        99.99980408214677   -0.0005418515790764911
                      135        91.76087390698022           4.974244801425        2525.805726841751        99.99980235581243   -0.0005418481144310316
                      136        91.63463468047883         5.07121851318758        2525.805637331633        99.99980062988109    -0.000541844326969243
                      137        91.63407756024748        5.072561692284322        2525.805547822191        99.99979890395929   -0.0005418407077343868
                      138        91.88202390569245        4.854059377776879        2525.805458260382        99.99979717718109   -0.0005418370817331652
                      139        92.22734030206078        4.578984433839667         2525.80536864346        99.99979544948859   -0.0005418344861140012
                      140        91.73965824638525        4.983173783983212        2525.805279113814        99.99979372322271   -0.0005418308282773565
                      141        91.69865075536723        5.013296251185087         2525.80518958018        99.99979199693425   -0.0005418270030974615
                      142        91.67181075279697        5.034854315847719        2525.805100069467        99.99979027097531   -0.0005418232469071027
                      143        91.82183841262757        4.919694574538072        2525.805010529722        99.99978854453144   -0.0005418199539430901
                      144        92.05448069186907        4.717356026552994        2525.804920945706        99.99978681736732   -0.0005418170357107677
                      145         92.1716562649676            4.63071342857        2525.804831337788        99.99978508982007   -0.0005418142630065903
                      146         92.3521931082097        4.478253235486934         2525.80474169481        99.99978336171401   -0.0005418122607130371
                      147          92.543052681392        4.324104538641238         2525.80465200287        99.99978163286411   -0.0005418104880871855
                      148        93.14865552937701        3.875627611823639        2525.804562207322        99.99977990238607   -0.0005418105677740259
                      149        92.89307239630975        4.074421378439428        2525.804472431169        99.99977817228272   -0.0005418108789640441
                      150        92.47752490199163        4.391872018641375        2525.804382758241        99.99977644371681   -0.0005418126354098662
                      151        91.72969942677371        4.984941327936968        2525.804293245646        99.99977471769481    -0.000541815968248649
                      152        91.66126537491309        5.046262619047015        2525.804203725664        99.99977299162066   -0.0005418195308591889
                      153        91.67274328482233        5.040210342074213        2525.804114215921        99.99977126566679   -0.0005418231652279948
                      154        91.72921542146912         5.00438897719929        2525.804024683687        99.99976953937787   -0.0005418267191117376
                      155        92.21420894817062        4.595895135479859        2525.803935066447        99.99976781168576    -0.000541829026464824
                      156        92.57938774855255        4.323064765641843        2525.803845378036        99.99976608288047   -0.0005418298547711919
                      157         93.0647682623874        3.943773466982579        2525.803755635877         99.9997643531124   -0.0005418299480602906
                      158         92.5277088619746        4.426022953382588        2525.803665978966        99.99976262474904   -0.0005418305445771265
                      159        91.92581907574878        4.878539026498384        2525.803576429387        99.99976089815405   -0.0005418322816327648
                      160        91.77675373416893        5.008977071110398        2525.803486904228        99.99975917199288   -0.0005418339196909816
                      161        91.88255148564861         4.96109442218293         2525.80339739485        99.99975744594731   -0.0005418339584749021
                      162         91.9337782612568        4.915456602866998        2525.803307885827        99.99975571986673   -0.0005418337352307567
                      163        91.88037116989591        4.927995663411482        2525.803218331491        99.99975399325174   -0.0005418348174232035
                      164        92.33339474240167        4.550281281700021        2525.803128714696         99.9997522655234   -0.0005418347165220272
                      165        92.84162555581064         4.13535497171982        2525.803038989094        99.99975053608874   -0.0005418349994853466
                      166        93.01014484044106        3.981992160980746        2525.802949240071        99.99974880626874    -0.000541834451590617
                      167        92.90959980659262        4.046919360633976        2525.802859447738        99.99974707595928   -0.0005418341330360454
                      168        92.90381976877165        4.059513244423844        2525.802769691149        99.99974534609638   -0.0005418338495353225
                      169        93.65345445782839        3.499848089005825        2525.802679920142        99.99974361566284   -0.0005418320866553694
                      170        94.27997357635121        3.003657224933475        2525.802590094871         99.9997418843008   -0.0005418333551858723
                      171        94.60418303888869        2.810453394244697        2525.802500052715        99.99974015019986   -0.0005418344431344924
                      172         94.4555453241264        2.931727811714316        2525.802410240692        99.99973841893303   -0.0005418338735114214
                      173        93.52436997763922        3.662128202897588        2525.802320451325        99.99973668836482   -0.0005418335051886602
                      174        92.83962348447332        4.033519346333881        2525.802230714508        99.99973495874382   -0.0005418321507630885
                      175        92.94379093428144        3.961752411929231        2525.802140946795        99.99973322867667   -0.0005418312718654672
                      176        93.74590708109088        3.509823474982301        2525.802051101549         99.9997314973255   -0.0005418312380900403
                      177        94.43387698499679        2.931988238481158        2525.801961348901        99.99972976686709   -0.0005418325725708439
                      178         93.9716439854527        3.258594971434821        2525.801871476347        99.99972803506874   -0.0005418343830236871
                      179        94.16466755179728        3.164389052063566        2525.801781651354        99.99972630379263   -0.0005418345735384023
                      180        94.36374382273071        2.833335144528359        2525.801692176883           99.99972457662   -0.0005418311394962405
                      181        94.08079078427654        3.024734767064797        2525.801602386453        99.99972284568523   -0.0005418294248120681
                      182        93.88097594332123        3.334977706243965        2525.801512584642        99.99972111475213   -0.0005418279715325713
                      183        93.39838356042954        3.555246866654923        2525.801422761172        99.99971938372937   -0.0005418291922079099
                      184         93.8283160561341        3.268763101374118        2525.801332929046        99.99971765240298   -0.0005418305649402821
                      185          95.016893212076        2.518257628653019        2525.801243086494        99.99971592069589   -0.0005418291189313029
                      186        94.19719168264812        3.112586025593167        2525.801153335005        99.99971419028915   -0.0005418309040455815
                      187        94.61207813464458        2.853352474966873        2525.801063492509        99.99971245872484   -0.0005418318073716621
                      188         94.4502220510409        3.011330354589079        2525.800973382738        99.99971072388371   -0.0005418307802167177
                      189        94.68096010091226        2.643011592311075        2525.800883843524        99.99970899580173   -0.0005418318738710237
                      190        94.48013974002673        2.681592696190031        2525.800794064893        99.99970726480881    -0.000541833046033835
                      191        94.50170476055375        2.755720078075135        2525.800704126585        99.99970553191548   -0.0005418330443069941
                      192        94.65958588168607        2.654350343737457        2525.800614066387        99.99970379745182    -0.000541834724869128
                      193        94.54829733641522        2.699143597800925        2525.800523870667        99.99970206129004   -0.0005418339804269534
                      194        94.64949609675845        2.574461641532917        2525.800433647957        99.99970032467502   -0.0005418334728362062
                      195        94.63697475403254        2.562367668126865        2525.800343285343        99.99969858632448   -0.0005418324041912559
                      196        94.57276144249106         2.63674219683874        2525.800252977815        99.99969684868294   -0.0005418325403440116
                      197        94.73326977328939        2.467383364175578         2525.80016283132        99.99969511298796   -0.0005418337571606036
                      198        94.81959175077513        2.501102764508939        2525.800072600319        99.99969337630017   -0.0005418321853536412
                      199        94.45329355245957        2.800578254780361        2525.799982568351        99.99969164223234    -0.000541830640341523
                      200        94.69016044861628        2.661213213151417        2525.799893034849         99.9996899142462   -0.0005418299150198314
                      201        93.64981008988606        3.389284381161581        2525.799803202318        99.99968818299922   -0.0005418293067166458
                      202         93.3746332879636        3.509156267916868        2525.799713402912        99.99968645222137   -0.0005418282890468085
                      203        92.98289654411704         3.80056914892067        2525.799623631085        99.99968472196585   -0.0005418298659961018
                      204         92.7471446851372        3.960694620434132        2525.799533894301         99.9996829922877   -0.0005418324591398571
                      205        92.80772482414338        3.923769269907806        2525.799444145244        99.99968126242172   -0.0005418348299698339
                      206          92.796402680125        3.940135545020025        2525.799354399936        99.99967953260679   -0.0005418372092715895
                      207        92.68676055136052         4.02052157280889        2525.799264676537        99.99967780314246   -0.0005418400821993741
                      208         92.7072143137239        4.007376730728251        2525.799174942998        99.99967607353628   -0.0005418428502081962
                      209        92.80172356943315        3.947980436728939        2525.799085208761        99.99967434386538    -0.000541845116275752
                      210        92.89315936474354        3.900468485608553        2525.798995444239        99.99967261377581   -0.0005418468936531085
                      211        92.81005308465966        3.972522097012226        2525.798905710692        99.99967088413445   -0.0005418488686841361
                      212        92.90383937228901        3.901231833931107          2525.7988159595        99.99966915422672   -0.0005418503865851632
                      213        92.77328541988058        4.015572960818996        2525.798726230372        99.99966742468345   -0.0005418525246437822
                      214        92.75300056415982          4.0476563363108        2525.798636501911        99.99966569515333   -0.0005418545008615272
                      215        92.77804885425211        4.039961882904351        2525.798546759265        99.99966396544005   -0.0005418565087997873
                      216        92.93939055043798        3.919422625311191        2525.798456999803        99.99966223543672   -0.0005418575259261704
                      217        93.39236863999227        3.632656169585455        2525.798367165513        99.99966050431941   -0.0005418567582279321
                      218        94.67710557909338        2.774940311830219        2525.798277523112        99.99965877512057   -0.0005418570071480389
                      219         94.9325328795364        2.694726268779096        2525.798187785329        99.99965704480221   -0.0005418571831711239
                      220        93.93567141532057        3.248841322443921        2525.798097931259        99.99965531322383   -0.0005418551000886257
                      221        93.71832843044575        3.409706403721226        2525.798008083249        99.99965358179767   -0.0005418573808113614
                      222        93.07715674597796        3.913583754193382        2525.797918296581        99.99965185146027   -0.0005418571834228114
                      223        93.27532542959172        3.696141710909512        2525.797828435396        99.99965012004046   -0.0005418566690924553
                      224        93.00949866654101        3.839842978674398        2525.797738681213        99.99964839005762   -0.0005418577112590306
                      225        92.73722368738115        4.049864197002574        2525.797648948691        99.99964666048142   -0.0005418598522822782
                      226        92.90926963951293        3.925087990117232        2525.797559198965        99.99964493060901   -0.0005418611945959273
                      227        93.08099638870799        3.818999379168968        2525.797469415112        99.99964320023567    -0.000541861783657227
                      228        93.34586641544897        3.635582893632609        2525.797379582498        99.99964146913338   -0.0005418606628846689
                      229        93.79627383935988        3.425677754849993         2525.79728986383        99.99963973927028   -0.0005418592259534005
                      230        92.92442893984843        3.929462383813415        2525.797200100791        99.99963800923884   -0.0005418605398052057
                      231        92.65929524696634        4.121682389785719        2525.797110393223         99.9996362800395   -0.0005418629964158983
                      232        92.71050706063016        4.089447755706576        2525.797020675621        99.99963455069958   -0.0005418651270958641
                      233        92.71914968743044        4.094465567062114        2525.796930957702        99.99963282134439   -0.0005418670869793141
                      234        92.62749450133506        4.171431277047008        2525.796841252614        99.99963109221878   -0.0005418693079286552
                      235        92.55197149639727         4.24830259198319        2525.796751563413        99.99962936333863    -0.000541871696609908
                      236        93.45976448935448        3.695665839257346        2525.796661819566        99.99962763335193   -0.0005418723377932366
                      237        94.04361779378171        3.226566360285508        2525.796572152076        99.99962590404057   -0.0005418708281512696
                      238        94.05551084963086        3.083310151459842        2525.796482378536        99.99962417337179   -0.0005418709352897899
                      239        94.52264479160671        2.890884399415321         2525.79639249618        99.99962244125291   -0.0005418710980681363
                      240        94.52792393569536        2.923979218030039        2525.796302510157         99.9996207079628    -0.000541872581036773
                      241        94.16947615029081        3.152883982872091        2525.796212749467        99.99961897750367   -0.0005418717720131194
                      242        93.27876846037665        3.759356095944042        2525.796122935005        99.99961724670041   -0.0005418715902230642
                      243        93.06236284919238        3.914070521653431        2525.796033119409        99.99961551600676   -0.0005418719882606116
                      244        92.97280537026965        3.962687688334427         2525.79594334479        99.99961378586582   -0.0005418722662472453
                      245        92.63203513313442        4.198277614192723        2525.795853633674        99.99961205667039   -0.0005418744122202002
                      246        92.36331050273161        4.391484207570962        2525.795763975921        99.99961032831594   -0.0005418775236061268
                      247        92.14207160892475        4.569496342036525        2525.795674348049        99.99960860046512   -0.0005418816885661704
                      248        92.00004149023981        4.680985818083983        2525.795584745209        99.99960687303037   -0.0005418859503949491
                      249        92.09026088869906        4.598450396122039        2525.795495140318        99.99960514552288   -0.0005418900581047881
                      250        91.99163910350984        4.691092042033831        2525.795405536388        99.99960341808594   -0.0005418945207364967
                      251        91.95557917491041        4.721224972118402        2525.795315943289         99.9996016908101   -0.0005418989373954242
                      252        91.73347885465664        4.904723024701089        2525.795226390163        99.99959996421163   -0.0005419040536476238
                      253        91.66860306822164         4.96178562738009         2525.79513684934        99.99959823780827   -0.0005419092507394918
                      254        91.68177779470199        4.950078289647273        2525.795047302665        99.99959651132703   -0.0005419143402006499
                      255        91.68674822537665        4.947231754241512        2525.794957761187        99.99959478490726   -0.0005419194037594721
                      256        91.60158102100137         5.02435712450866        2525.794868220246        99.99959305855128   -0.0005419248104671093
                      257        91.68741048090968        4.946518819157557         2525.79477867797        99.99959133211982   -0.0005419297754747365
                      258        91.66884965780505        4.963676938553452        2525.794689135503        99.99958960570501   -0.0005419347582110712
                      259        91.68539379744992        4.950985288480482         2525.79459959316         99.9995878792765   -0.0005419398822803512
                      260         91.6788231630514        4.953230294960629        2525.794510048324        99.99958615282469   -0.0005419449308746993
                      261        91.66723668473293        4.970673001133668        2525.794420510213        99.99958442647048   -0.0005419500658603305
                      262        91.69333174126288        4.945528362551819        2525.794330968998        99.99958270004815    -0.000541954900903141
                      263         91.6827425540187        4.954836516868916        2525.794241421802        99.99958097356149   -0.0005419597795925934
                      264        91.69006243951961        4.951410795041459        2525.794151876226        99.99957924707526   -0.0005419649785237679
                      265        91.68971359526114         4.94872231961379        2525.794062328648        99.99957752056599   -0.0005419698224458647
                      266        91.68375127975838        4.949356420298133        2525.793972788786        99.99957579416376     -0.00054197492210728
                      267        91.68322594059707        4.949437758597932        2525.793883242136        99.99957406768043   -0.0005419799634035494
                      268         91.7381805423809        4.900638076586477        2525.793793699892        99.99957234121459   -0.0005419848657353121
                      269         91.7375638858795        4.918132581045178         2525.79370414011         99.9995706145192   -0.0005419898530651945
                      270        91.66638537362107        4.966117332001406        2525.793614593559        99.99956888805644    -0.000541994947313551
                      271        91.59235019084335        5.016707590298305        2525.793525074173        99.99956716199672   -0.0005420004589498095
                      272        91.69484482508273        4.947836236153009        2525.793435527983        99.99956543551073   -0.0005420052798708053
                      273        91.69181902527154        4.953912360487412        2525.793345977278        99.99956370896989    -0.000542010096853951
                      274        91.69106872041327         4.95080618952249        2525.793256430179        99.99956198246956   -0.0005420152254245747
                      275         91.6799972403211        4.955834199676022        2525.793166884781         99.9995602560051   -0.0005420201403054659
                      276         91.6788389416088        4.953378798302064        2525.793077348081        99.99955852965228   -0.0005420250734288201
                      277        91.68314584919385         4.94794874032984        2525.792987807088        99.99955680323355   -0.0005420302259777632
                      278        91.68343787985839        4.947590480505935        2525.792898267984         99.9995550768479   -0.0005420351543903301
                      279        91.68639409488617        4.945380914824434        2525.792808726434        99.99955335041898   -0.0005420402205783548
                      280        91.68469692231581        4.952583702341494        2525.792719176821        99.99955162389932    -0.000542045231694821
                      281        91.71426558934256          4.9333269287895        2525.792629622552         99.9995498972978   -0.0005420501305795633
                      282        91.60545104845528        5.001054056474644        2525.792540097765         99.9995481711539   -0.0005420558688471466
                      283        91.51557406099967        5.078970912724867        2525.792450573539        99.99954644507467   -0.0005420615649709415
                      284        91.68624500198953        4.945509366175888        2525.792361029921        99.99954471861578   -0.0005420667886613662
                      285        91.68819253360026        4.945023004636945        2525.792271475245        99.99954299201796   -0.0005420719378298466
                      286        91.68852660110811        4.943429185811961         2525.79218192877        99.99954126552642   -0.0005420770168138855
                      287        91.70043153815041        4.928259109737623         2525.79209237737        99.99953953897537   -0.0005420821758224115
                      288        91.68845844920502        4.939157440625628        2525.792002833858        99.99953781252449   -0.0005420875693085137
                      289        91.85370787077315        4.801268206495216        2525.791913256978        99.99953608553277   -0.0005420923227987262
                      290        91.68635992009247        4.943866332962048        2525.791823715448        99.99953435911594   -0.0005420976401468991
                      291        91.93650866057766        4.738799480762788        2525.791734126384        99.99953263190623   -0.0005421022497148487
                      292        91.69709048202061        4.941970088440941        2525.791644576021        99.99953090537191   -0.0005421072893801449
                      293        91.70111515605947        4.937370726193199        2525.791555030175        99.99952917889138    -0.000542112238594683
                      294        91.71156009820642        4.930139016305609        2525.791465488915        99.99952745246787     -0.00054211717637076
                      295        91.65483585948481         4.98396293526068        2525.791375951804        99.99952572613135    -0.000542122367021447
                      296        91.84527392540461        4.810623368852816        2525.791286376766        99.99952399916847   -0.0005421271099539382
                      297        91.68296500051957        4.945708157424886          2525.7911968318        99.99952227271336    -0.000542132364765302
                      298        91.57324890385617         5.04602999095942        2525.791107296534        99.99952054645145   -0.0005421379605556886
                      299        91.57181670011917        5.034702493749226        2525.791017781351         99.9995188204586   -0.0005421435102621608
                      300        91.68035771030766        4.953109706428907        2525.790928234173        99.99951709397608   -0.0005421484824660039
                      301        91.68832906448243        4.950397272828633        2525.790838692008        99.99951536754646   -0.0005421534292409103
                      302        91.68539037113905        4.958029767337866        2525.790749148915        99.99951364111089   -0.0005421583884875902
                      303        91.69207000756877        4.956362881485621        2525.790659596053        99.99951191455303   -0.0005421631810971217
                      304        91.61223786804011        5.009945193125753        2525.790570073633        99.99951018844428   -0.0005421682748283363
                      305        91.62035837345108        5.014747408997827        2525.790480540083        99.99950846217784   -0.0005421734478323614
                      306        91.71720997709707        4.922094429705571        2525.790390992633        99.99950673566741   -0.0005421784170137611
                      307        91.63075619297533        4.994689608723927         2525.79030145433        99.99950500932989   -0.0005421839524986094
                      308        92.00498552176148        4.682110495819826        2525.790211853702        99.99950328193131   -0.0005421881196383538
                      309        91.86706987564864        4.794684793571656        2525.790122283523        99.99950155502029    -0.000542192918345008
                      310        91.59177107274573         5.03304903903535         2525.79003274636        99.99949982872428   -0.0005421982504597578
                      311        91.55993868498989        5.044078299406848        2525.789943229987        99.99949810273003   -0.0005422037315954142
                      312        91.63807654144644         4.99294647934171        2525.789853687691        99.99949637633813   -0.0005422090047462191
                      313        91.68741316115666        4.951681724330316        2525.789764150202        99.99949464997577   -0.0005422139734168052
                      314        91.66996367838499        4.966847831766883        2525.789674608628        99.99949292357873   -0.0005422191277886235
                      315        91.72968373211329        4.915845130084668         2525.78958506548        99.99949119711532    -0.000542224090627097
                      316        91.65506506427852        4.985546244868529         2525.78949552732        99.99948947077115   -0.0005422290388134021
                      317        91.61019163320212         5.02309959802944        2525.789405992047        99.99948774448487   -0.0005422343759140524
                      318        91.89543113681756        4.779418014629032        2525.789316420252        99.99948601754004   -0.0005422387774406401
                      319        92.11624812598268        4.600168495495087        2525.789226795967        99.99948428975974   -0.0005422426741803488
                      320        92.04956685122301        4.637997549056129        2525.789137190317          99.999482562273    -0.000542246865403051
                      321        91.99871127734637        4.682634193354654        2525.789047590845        99.99948083488631   -0.0005422512503001631
                      322        92.02872589021166        4.654663452234804        2525.788957988771        99.99947910745529   -0.0005422555316449973
                      323         91.9978854449983        4.682260156011053        2525.788868388222        99.99947738005849   -0.0005422599547579843
                      324        92.12085933802732        4.569834907228853        2525.788778775807         99.9994756524342   -0.0005422640053941441
                      325        92.19267576305116        4.522973483140873        2525.788689144797        99.99947392452151   -0.0005422677757009886
                      326        92.43044385952369        4.350492284739664        2525.788599467953        99.99947219588398   -0.0005422706601154736
                      327        92.32897006525107        4.426711756210873         2525.78850981226        99.99947046757441   -0.0005422741266943865
                      328        92.42142191303677        4.341288155943321         2525.78842014885        99.99946873911412   -0.0005422770125673715
                      329        92.39223471272662        4.371665055119178        2525.788330478366        99.99946701057173   -0.0005422801532102284
                      330        92.35628931995181        4.396624013834777        2525.788240812163        99.99946528211264   -0.0005422833647479308
                      331        92.46832124648004        4.297114464397255        2525.788151146092        99.99946355357525   -0.0005422862015076468
                      332        92.64095899090265        4.165798590803081        2525.788061439377        99.99946182443774   -0.0005422883592647032
                      333         93.2486593912457        3.743867982940362        2525.787971640621        99.99946009381476   -0.0005422881687677794
                      334        92.47648597427538        4.485047228408681        2525.787882028856        99.99945836607064    -0.000542287786538892
                      335        91.63308843075748        5.138754873201997        2525.787792542364        99.99945664051158   -0.0005422863748828499
                      336        93.21670713966179        3.889839283192246        2525.787702944055        99.99945491247691   -0.0005422862158793729
                      337        93.91849109356392        3.505671840109319        2525.787613285766        99.99945318348044   -0.0005422859063398122
                      338        93.87516056955002        3.393833044530588        2525.787523528876        99.99945145319931   -0.0005422865055746962
                      339        93.61622031074251        3.555749883031653        2525.787433885865        99.99944972440248   -0.0005422863419015655
                      340        93.69709338219904        3.526939612328266        2525.787344208162        99.99944799517499   -0.0005422861709043492
                      341        93.08661282936112        3.900001767024095        2525.787254399367        99.99944626456524   -0.0005422866220456957
                      342        92.76839995842936        4.146998213337388        2525.787164644275        99.99944453479158   -0.0005422879932779345
                      343        92.47449065986771        4.363266614679342        2525.787074964036         99.9994428061227   -0.0005422901085039289
                      344        92.74810217020071         4.14343194468908        2525.786985242241        99.99944107675945   -0.0005422915810873175
                      345        93.23099929515736        3.774856396791741        2525.786895464054        99.99943934642796    -0.000542291812975132
                      346        92.55123393572711        4.386145922672566        2525.786805826944        99.99943761831221   -0.0005422917055639687
                      347        92.16940618751904        4.667996507097572        2525.786716223973        99.99943589087391   -0.0005422900956776333
                      348        92.29144225623682        4.580746692938219        2525.786626577686        99.99943416281708   -0.0005422893245186078
                      349        92.52490922645273        4.391396283885665        2525.786536898077        99.99943243417771   -0.0005422888434872819
                      350        92.40061967122888        4.483603793118744        2525.786447209825        99.99943070551925   -0.0005422900416997001

Final average n0: 92.89320437348285
Final fluctuations n0: 4.254128389833754

Averages:
91.68759894793348
91.70518085028357
91.73965235015183
91.73678302264616
91.71796732559396
91.67374037280098
91.72819647018127
91.70031708596215
91.74319106365742
91.91423953036725
91.63407203937905
91.65407590219763
91.70550963313831
91.75352573452628
91.78870493173159
91.78642350736868
91.76285692703755
91.97888255090045
92.04720477529482
92.07764309056067
92.10906114060406
92.11002682925668
92.080894455026
92.35747146269802
92.44156739347875
92.45261597009605
92.30590403719036
92.33178750121205
92.37965338030747
92.39224567871356
92.34691517640606
92.37324350590514
92.367833739273
92.4453837545849
92.40314604551352
92.63795109887843
93.14993656284878
93.26920312492112
92.82487101240496
92.81644377218001
92.800311716054
92.79689333201324
92.72100757111231
92.69716076481153
92.83983034649989
93.66716795432033
94.51839450503144
94.37899612501256
94.01600947190371
94.23023367418192
94.48474235637057
94.4500294777574
94.53387187634011
94.46329935463139
94.69929478533552
94.4334556447031
94.47805126882743
94.71095298118489
94.27875966651932
94.74319084967426
93.94371323883765
94.59241735778758
94.81575910075919
94.61940435783347
94.45558751699809
94.58826090145079
94.18180792073586
93.84197338372135
93.48704224958871
93.34501508960186
93.50896121121288
94.57395752204539
94.23603408680883
94.5718146258522
94.72097971138031
94.76268368292449
94.773808666774
94.5721740856758
94.59542478995718
94.60460833848282
94.58483469097652
94.66920401741639
94.77771165974544
94.5821402769494
94.77127718776499
94.70978464029746
94.56290040856352
94.56804436092531
94.29595435715792
92.91833409738818
92.87330949561519
93.16674567495886
93.47873499715634
93.22399377723684
92.77716135435539
92.81482278162449
92.81307452412007
92.65658975125902
92.50396630916656
92.71601931788248
92.95270918029321
93.64055615769881
94.25097221353403
94.52975759094217
94.6107052075983
94.38091315686464
94.75632203830375
94.50502607860089
94.48233045595022
94.4922136430711
94.43107881277096
94.87900139283357
94.53989138413748
94.53042682775147
94.46633052980037
94.46728406485812
94.22773328028869
94.35267449941973
93.37395231418752
93.50287743306116
93.2993507193783
93.13768786899584
92.79873121182506
92.99160251918646
93.18947616914926
92.97551624652382
93.02721889191899
92.78072855808705
92.5782330694864
91.78958257179269
92.327974286574
92.31293296049137
91.87630175455389
92.21938230914948
91.76087390698022
91.63463468047883
91.63407756024748
91.88202390569245
92.22734030206078
91.73965824638525
91.69865075536723
91.67181075279697
91.82183841262757
92.05448069186907
92.1716562649676
92.3521931082097
92.543052681392
93.14865552937701
92.89307239630975
92.47752490199163
91.72969942677371
91.66126537491309
91.67274328482233
91.72921542146912
92.21420894817062
92.57938774855255
93.0647682623874
92.5277088619746
91.92581907574878
91.77675373416893
91.88255148564861
91.9337782612568
91.88037116989591
92.33339474240167
92.84162555581064
93.01014484044106
92.90959980659262
92.90381976877165
93.65345445782839
94.27997357635121
94.60418303888869
94.4555453241264
93.52436997763922
92.83962348447332
92.94379093428144
93.74590708109088
94.43387698499679
93.9716439854527
94.16466755179728
94.36374382273071
94.08079078427654
93.88097594332123
93.39838356042954
93.8283160561341
95.016893212076
94.19719168264812
94.61207813464458
94.4502220510409
94.68096010091226
94.48013974002673
94.50170476055375
94.65958588168607
94.54829733641522
94.64949609675845
94.63697475403254
94.57276144249106
94.73326977328939
94.81959175077513
94.45329355245957
94.69016044861628
93.64981008988606
93.3746332879636
92.98289654411704
92.7471446851372
92.80772482414338
92.796402680125
92.68676055136052
92.7072143137239
92.80172356943315
92.89315936474354
92.81005308465966
92.90383937228901
92.77328541988058
92.75300056415982
92.77804885425211
92.93939055043798
93.39236863999227
94.67710557909338
94.9325328795364
93.93567141532057
93.71832843044575
93.07715674597796
93.27532542959172
93.00949866654101
92.73722368738115
92.90926963951293
93.08099638870799
93.34586641544897
93.79627383935988
92.92442893984843
92.65929524696634
92.71050706063016
92.71914968743044
92.62749450133506
92.55197149639727
93.45976448935448
94.04361779378171
94.05551084963086
94.52264479160671
94.52792393569536
94.16947615029081
93.27876846037665
93.06236284919238
92.97280537026965
92.63203513313442
92.36331050273161
92.14207160892475
92.00004149023981
92.09026088869906
91.99163910350984
91.95557917491041
91.73347885465664
91.66860306822164
91.68177779470199
91.68674822537665
91.60158102100137
91.68741048090968
91.66884965780505
91.68539379744992
91.6788231630514
91.66723668473293
91.69333174126288
91.6827425540187
91.69006243951961
91.68971359526114
91.68375127975838
91.68322594059707
91.7381805423809
91.7375638858795
91.66638537362107
91.59235019084335
91.69484482508273
91.69181902527154
91.69106872041327
91.6799972403211
91.6788389416088
91.68314584919385
91.68343787985839
91.68639409488617
91.68469692231581
91.71426558934256
91.60545104845528
91.51557406099967
91.68624500198953
91.68819253360026
91.68852660110811
91.70043153815041
91.68845844920502
91.85370787077315
91.68635992009247
91.93650866057766
91.69709048202061
91.70111515605947
91.71156009820642
91.65483585948481
91.84527392540461
91.68296500051957
91.57324890385617
91.57181670011917
91.68035771030766
91.68832906448243
91.68539037113905
91.69207000756877
91.61223786804011
91.62035837345108
91.71720997709707
91.63075619297533
92.00498552176148
91.86706987564864
91.59177107274573
91.55993868498989
91.63807654144644
91.68741316115666
91.66996367838499
91.72968373211329
91.65506506427852
91.61019163320212
91.89543113681756
92.11624812598268
92.04956685122301
91.99871127734637
92.02872589021166
91.9978854449983
92.12085933802732
92.19267576305116
92.43044385952369
92.32897006525107
92.42142191303677
92.39223471272662
92.35628931995181
92.46832124648004
92.64095899090265
93.2486593912457
92.47648597427538
91.63308843075748
93.21670713966179
93.91849109356392
93.87516056955002
93.61622031074251
93.69709338219904
93.08661282936112
92.76839995842936
92.47449065986771
92.74810217020071
93.23099929515736
92.55123393572711
92.16940618751904
92.29144225623682
92.52490922645273
92.40061967122888

Fluctuations:
4.908447786888417
4.89239993267458
4.87290500438526
4.865933583275173
4.882655473397947
4.925257034721125
4.883490477241578
4.912825892100446
4.869404780670796
4.719411020133155
4.967735439478034
4.952321341143669
4.904339857375974
4.876963535558792
4.837468215883137
4.856022946385098
4.870664307934023
4.682790807440797
4.631048783968889
4.610832312654099
4.572193586844196
4.582923081701129
4.594173374941048
4.389835184899253
4.335960716356642
4.306637647051534
4.437718111154259
4.425588857566637
4.38331846894141
4.383590515463984
4.41145462053422
4.392167967332335
4.392091234248655
4.333410351242255
4.360696416992635
4.180925051241884
3.785059567018061
3.664363446286102
3.972943532745803
3.985735613458551
3.998777345092382
4.005237241468807
4.059574235098624
4.078506599009294
3.974586089788083
3.510404595287404
2.755739654779488
2.941860498351382
3.264363125704137
3.001088674330859
2.693533335542968
2.842378631436864
2.874439365594847
2.785255653627202
2.816049299554728
2.763058883513013
2.691412307770056
2.67136688956761
3.132609837989702
2.807268793379316
3.394544637964421
2.890322259868925
2.615291453511903
2.731573370685435
2.876078464089677
2.790195477227328
3.143544369564234
3.263733477050735
3.320958588128937
3.386997831414014
3.289174133684124
2.772412122098317
3.108790927300938
2.696116200356327
2.670550336861353
2.5492813766109
2.458351798461183
2.620119757578321
2.631837793595172
2.437994023312665
2.681741588090703
2.70584900762573
2.603344274731132
2.757308098516464
2.630328113923198
2.612916208336622
2.873318284032788
2.977272004615284
3.127844700422069
4.059557379794713
4.110661352403787
3.870448378841242
3.648346694729751
3.762219983332728
4.091097978881841
4.094151275183856
4.056312942001767
4.170136051887778
4.284270743412286
4.1335918521141
3.975300891611916
3.484234497552314
2.979792306490489
2.666040858942245
2.711734803661543
2.928510596561956
2.627852767203827
2.862033190139935
2.797300110436052
2.708901817425239
2.981969247741597
2.633047922547699
2.863706717636957
2.736439082985121
2.772018851002607
2.951239462486294
3.170482509985367
3.02776973994095
3.560902206490174
3.395131849093167
3.593239779684061
3.849268852425876
4.085610388061608
3.951955027146246
3.82067645263655
3.992962503304806
3.960520990464125
4.152591213187507
4.316378616002255
4.962404745743695
4.511720512460097
4.520688397078935
4.876773504074823
4.588004513384259
4.974244801425
5.07121851318758
5.072561692284322
4.854059377776879
4.578984433839667
4.983173783983212
5.013296251185087
5.034854315847719
4.919694574538072
4.717356026552994
4.63071342857
4.478253235486934
4.324104538641238
3.875627611823639
4.074421378439428
4.391872018641375
4.984941327936968
5.046262619047015
5.040210342074213
5.00438897719929
4.595895135479859
4.323064765641843
3.943773466982579
4.426022953382588
4.878539026498384
5.008977071110398
4.96109442218293
4.915456602866998
4.927995663411482
4.550281281700021
4.13535497171982
3.981992160980746
4.046919360633976
4.059513244423844
3.499848089005825
3.003657224933475
2.810453394244697
2.931727811714316
3.662128202897588
4.033519346333881
3.961752411929231
3.509823474982301
2.931988238481158
3.258594971434821
3.164389052063566
2.833335144528359
3.024734767064797
3.334977706243965
3.555246866654923
3.268763101374118
2.518257628653019
3.112586025593167
2.853352474966873
3.011330354589079
2.643011592311075
2.681592696190031
2.755720078075135
2.654350343737457
2.699143597800925
2.574461641532917
2.562367668126865
2.63674219683874
2.467383364175578
2.501102764508939
2.800578254780361
2.661213213151417
3.389284381161581
3.509156267916868
3.80056914892067
3.960694620434132
3.923769269907806
3.940135545020025
4.02052157280889
4.007376730728251
3.947980436728939
3.900468485608553
3.972522097012226
3.901231833931107
4.015572960818996
4.0476563363108
4.039961882904351
3.919422625311191
3.632656169585455
2.774940311830219
2.694726268779096
3.248841322443921
3.409706403721226
3.913583754193382
3.696141710909512
3.839842978674398
4.049864197002574
3.925087990117232
3.818999379168968
3.635582893632609
3.425677754849993
3.929462383813415
4.121682389785719
4.089447755706576
4.094465567062114
4.171431277047008
4.24830259198319
3.695665839257346
3.226566360285508
3.083310151459842
2.890884399415321
2.923979218030039
3.152883982872091
3.759356095944042
3.914070521653431
3.962687688334427
4.198277614192723
4.391484207570962
4.569496342036525
4.680985818083983
4.598450396122039
4.691092042033831
4.721224972118402
4.904723024701089
4.96178562738009
4.950078289647273
4.947231754241512
5.02435712450866
4.946518819157557
4.963676938553452
4.950985288480482
4.953230294960629
4.970673001133668
4.945528362551819
4.954836516868916
4.951410795041459
4.94872231961379
4.949356420298133
4.949437758597932
4.900638076586477
4.918132581045178
4.966117332001406
5.016707590298305
4.947836236153009
4.953912360487412
4.95080618952249
4.955834199676022
4.953378798302064
4.94794874032984
4.947590480505935
4.945380914824434
4.952583702341494
4.9333269287895
5.001054056474644
5.078970912724867
4.945509366175888
4.945023004636945
4.943429185811961
4.928259109737623
4.939157440625628
4.801268206495216
4.943866332962048
4.738799480762788
4.941970088440941
4.937370726193199
4.930139016305609
4.98396293526068
4.810623368852816
4.945708157424886
5.04602999095942
5.034702493749226
4.953109706428907
4.950397272828633
4.958029767337866
4.956362881485621
5.009945193125753
5.014747408997827
4.922094429705571
4.994689608723927
4.682110495819826
4.794684793571656
5.03304903903535
5.044078299406848
4.99294647934171
4.951681724330316
4.966847831766883
4.915845130084668
4.985546244868529
5.02309959802944
4.779418014629032
4.600168495495087
4.637997549056129
4.682634193354654
4.654663452234804
4.682260156011053
4.569834907228853
4.522973483140873
4.350492284739664
4.426711756210873
4.341288155943321
4.371665055119178
4.396624013834777
4.297114464397255
4.165798590803081
3.743867982940362
4.485047228408681
5.138754873201997
3.889839283192246
3.505671840109319
3.393833044530588
3.555749883031653
3.526939612328266
3.900001767024095
4.146998213337388
4.363266614679342
4.14343194468908
3.774856396791741
4.386145922672566
4.667996507097572
4.580746692938219
4.391396283885665
4.483603793118744

Last point and parameters for further simulation:
100
2
0.25
contact

0.05314453319278001
-1.573816835425525
9.163293806590397
2.094155046364378
0.3113502127929733
0.5085909286445889
-1.292906623415447
2.663567584032557
0.03673989929842587
-0.2124026107278647

Final quantities:
92.89320437348285
4.254128389833754
