Number of particles: 100
Nmax: 20
Gamma: 0.25
Interaction type: contact
Step size: 8e-05
Batch size: 200000
Batch count: 75
             Batch number               Average n0          Fluctuations n0                   Energy           Particle count                 Momentum
                        1        4.573551933733116        4.052392416488115        14352.91894310643        100.0000210203954     -0.01995050387589004
                        2        3.758109034725273        3.335600853579172        14352.91894362906        100.0000198200094     -0.01995200862056201
                        3        4.504510676393696        4.273480856863637         14352.9189577189         100.000018759186     -0.01995111569105745
                        4        3.105194584052459        2.843416718611458        14352.91897902302        100.0000177388299     -0.01994585343431154
                        5        3.244601553161539        3.127964096881257        14352.91897478344        100.0000167152952     -0.01994527023441606
                        6        4.150250195839758        3.592064667344466         14352.9189943629        100.0000155870877     -0.01994275028381765
                        7        3.205918803932724        3.121221031169259        14352.91898406392        100.0000145174675      -0.0199427090486779
                        8        3.636429370269421        3.307882427087917        14352.91899536917        100.0000135321358     -0.01994680105265623
                        9         3.10610415900535        2.781685935546957        14352.91899917031        100.0000124951611     -0.01994693351944932
                       10        5.415696296811059        4.553444181913719        14352.91901639196        100.0000114151626     -0.01994191259654343
                       11        3.861773497261588        3.196875845669962         14352.9190068217        100.0000103842542     -0.01994203147832252
                       12        3.326138688103474         3.05985611747678        14352.91900329267        100.0000092738809     -0.01994559310496413
                       13        3.491323087659238        3.148139433906097        14352.91899073063        100.0000082849699      -0.0199440425562365
                       14        2.989689289996343        2.815210152057049        14352.91899469542          100.00000723786      -0.0199416200101723
                       15        4.177052368807813        3.788852488226176        14352.91899387581        100.0000061702547     -0.01994167184981421
                       16         3.26470551825694        2.805031833699762        14352.91897727082        100.0000051106291     -0.01994250461373781
                       17        3.012872264545605        2.859719378456273        14352.91898016913         100.000004081881     -0.01994073011191233
                       18        3.583734242258671        3.242726989294648        14352.91900592791         100.000003011631     -0.01994525320781548
                       19        2.755150673141499        2.680890522902569        14352.91904113709        100.0000019632033      -0.0199496305784379
                       20        2.385199256185744        2.552078564619011        14352.91906136086        100.0000010586856      -0.0199542958167882
                       21        5.014747041341241        4.374004771085533         14352.9190711211        99.99999993730962     -0.01995148156267135
                       22         4.79580111732163        4.079435191502568        14352.91907000447        99.99999879007123     -0.01995104866458774
                       23        3.075733466064106        2.655853822757452         14352.9190637578        99.99999779361244     -0.01995339983315425
                       24        4.598689437653317        4.137123985248713        14352.91907171625        99.99999675436717     -0.01995249347963135
                       25        4.187665264229605        3.815781129898165         14352.9190778198        99.99999568213373      -0.0199522710459803
                       26        3.145209562617442        2.925321474904532         14352.9190731569        99.99999466941054     -0.01995290556616069
                       27        4.044619648833362        3.634641564620276        14352.91906193703        99.99999362533995      -0.0199505513520517
                       28        4.017983826330008        3.420484850492644         14352.9190532784         99.9999924990269     -0.01994890712281716
                       29        3.711118775496942        3.216773253789469          14352.919073209        99.99999140524325       -0.019953633718238
                       30         3.56068758797684        3.058210754466249         14352.9190893889        99.99999034274555     -0.01995822371867284
                       31        2.716052378204453        2.546492318346086        14352.91910266334        99.99998933608862       -0.019956371791368
                       32        2.888321692218258        2.682084965639367        14352.91911081167        99.99998833378014     -0.01995641262282621
                       33        2.602216267267736        2.415393905666391        14352.91912117253         99.9999873515636     -0.01995232948017645
                       34        4.162992636177385        3.471454195039936        14352.91914495657        99.99998628072271     -0.01994909704847458
                       35        3.438961966534118        3.086772011383445        14352.91915663557        99.99998528668785     -0.01994878770545583
                       36        3.622732714710678        3.128764306186311        14352.91914163897        99.99998412805967     -0.01994594004908645
                       37        3.498675200183315        3.146997695917201        14352.91913259304         99.9999830307051     -0.01994478806909683
                       38        3.180568160456561        2.729069092840702        14352.91910342946        99.99998205376505     -0.01994476858539684
                       39        3.507496736945953        3.173365099429289        14352.91909550717        99.99998111338195     -0.01994668704312552
                       40        3.191938026823107        2.957007436976163        14352.91910453307        99.99998006283219      -0.0199468164834613
                       41        4.452718787842563        3.970723781698176        14352.91909799033        99.99997899919714     -0.01994799031157157
                       42        3.039810206846433        2.741705701563359        14352.91908905876        99.99997795565447      -0.0199470906501773
                       43         3.14946709926021        2.871505437442237        14352.91906004601         99.9999769841359     -0.01994667413928397
                       44        4.110899033453147        3.878017364113028         14352.9190905266        99.99997584559527     -0.01994893500166484
                       45         3.85267326958402        3.376740574166007        14352.91911582219        99.99997478962982     -0.01994783250128052
                       46        2.941077241391028        2.707803761800697        14352.91911037985        99.99997379412618     -0.01994999127768882
                       47        4.332829322167886        4.166016340395718        14352.91911750789        99.99997271741957     -0.01995582816863184
                       48        4.376200893873203        3.746242546759676        14352.91910917797        99.99997163817731     -0.01995727074928766
                       49         4.29738168463629        3.919248121678832         14352.9190945926        99.99997056611204     -0.01995593348705427
                       50        3.465028699427896        3.060328092922844        14352.91912003209        99.99996955918817     -0.01995333589165327
                       51         2.91369665572779        2.752052404687483        14352.91912609903         99.9999684858644     -0.01995211700424093
                       52        3.235282591653941        2.714563749127233        14352.91911667099        99.99996752908562     -0.01995561451316519
                       53        3.288636910086431        2.832717820136018        14352.91911521517         99.9999665495144       -0.019960283802126
                       54        4.528778080547863        4.261144415163264        14352.91910473509        99.99996541186792     -0.01996103594960452
                       55        4.871125669029485          4.4787529806715        14352.91910037339        99.99996441575448     -0.01996116429268824
                       56        3.381010550200693         2.99998255892883        14352.91910761105        99.99996333119481     -0.01996112059063115
                       57         3.54796037284597         3.24928134390015        14352.91910700022        99.99996221531016     -0.01996319950301739
                       58        4.568115717929198        4.171917396384837        14352.91912882266        99.99996108765158     -0.01996799851356457
                       59         4.14808719735005        4.072759859398299        14352.91916618522        99.99995992748588     -0.01997460454231259
                       60        3.382274670253105        3.062310201951651        14352.91920334505         99.9999589047295     -0.01996698841443623
                       61        2.710039387206033        2.442065788229449        14352.91919605878        99.99995789546118     -0.01996734129577504
                       62        2.905056927674379        2.598033206454732        14352.91918577646        99.99995684168515     -0.01996987429006047
                       63        2.505447490426286         2.28569021773323        14352.91917355189        99.99995586182773     -0.01996962299719751
                       64         3.55761512740669        3.097837234045176        14352.91916645427         99.9999547175929     -0.01996861608098932
                       65        4.148353302410494        3.820005318482343        14352.91915380971        99.99995372139294     -0.01996853972384649
                       66        3.825205015357239        3.417662108948511         14352.9191850378         99.9999526774815     -0.01996664468520493
                       67        3.494232401357771        3.204856965996016        14352.91918197348        99.99995161227235     -0.01996489288098857
                       68        3.300584954582672        2.813147789504876        14352.91921882092        99.99995055226647     -0.01996913312487436
                       69        2.901083788397278        2.633332611521116        14352.91921569905        99.99994953472284     -0.01997016764799397
                       70        3.494194523185083        3.068891961839488        14352.91923132627        99.99994841316078     -0.01996960007324411
                       71        3.069254826368518        2.673552772603114        14352.91923867794        99.99994725477266     -0.01997048214817099
                       72        3.072683894470354        2.700857101652699        14352.91925784314        99.99994612161895     -0.01997036985305023
                       73        3.909639140249426        3.313873360338767        14352.91925328026        99.99994497493834     -0.01997222405874766
                       74        4.474986599802991         3.96595607809812        14352.91927094746         99.9999437458919     -0.01996879492501336
                       75        4.012023784623699        3.819301770882342         14352.9192633977        99.99994263649447     -0.01996655698972916

Final average n0: 3.623648970922047
Final fluctuations n0: 3.373515168081248

Averages:
4.573551933733116
3.758109034725273
4.504510676393696
3.105194584052459
3.244601553161539
4.150250195839758
3.205918803932724
3.636429370269421
3.10610415900535
5.415696296811059
3.861773497261588
3.326138688103474
3.491323087659238
2.989689289996343
4.177052368807813
3.26470551825694
3.012872264545605
3.583734242258671
2.755150673141499
2.385199256185744
5.014747041341241
4.79580111732163
3.075733466064106
4.598689437653317
4.187665264229605
3.145209562617442
4.044619648833362
4.017983826330008
3.711118775496942
3.56068758797684
2.716052378204453
2.888321692218258
2.602216267267736
4.162992636177385
3.438961966534118
3.622732714710678
3.498675200183315
3.180568160456561
3.507496736945953
3.191938026823107
4.452718787842563
3.039810206846433
3.14946709926021
4.110899033453147
3.85267326958402
2.941077241391028
4.332829322167886
4.376200893873203
4.29738168463629
3.465028699427896
2.91369665572779
3.235282591653941
3.288636910086431
4.528778080547863
4.871125669029485
3.381010550200693
3.54796037284597
4.568115717929198
4.14808719735005
3.382274670253105
2.710039387206033
2.905056927674379
2.505447490426286
3.55761512740669
4.148353302410494
3.825205015357239
3.494232401357771
3.300584954582672
2.901083788397278
3.494194523185083
3.069254826368518
3.072683894470354
3.909639140249426
4.474986599802991
4.012023784623699

Fluctuations:
4.052392416488115
3.335600853579172
4.273480856863637
2.843416718611458
3.127964096881257
3.592064667344466
3.121221031169259
3.307882427087917
2.781685935546957
4.553444181913719
3.196875845669962
3.05985611747678
3.148139433906097
2.815210152057049
3.788852488226176
2.805031833699762
2.859719378456273
3.242726989294648
2.680890522902569
2.552078564619011
4.374004771085533
4.079435191502568
2.655853822757452
4.137123985248713
3.815781129898165
2.925321474904532
3.634641564620276
3.420484850492644
3.216773253789469
3.058210754466249
2.546492318346086
2.682084965639367
2.415393905666391
3.471454195039936
3.086772011383445
3.128764306186311
3.146997695917201
2.729069092840702
3.173365099429289
2.957007436976163
3.970723781698176
2.741705701563359
2.871505437442237
3.878017364113028
3.376740574166007
2.707803761800697
4.166016340395718
3.746242546759676
3.919248121678832
3.060328092922844
2.752052404687483
2.714563749127233
2.832717820136018
4.261144415163264
4.4787529806715
2.99998255892883
3.24928134390015
4.171917396384837
4.072759859398299
3.062310201951651
2.442065788229449
2.598033206454732
2.28569021773323
3.097837234045176
3.820005318482343
3.417662108948511
3.204856965996016
2.813147789504876
2.633332611521116
3.068891961839488
2.673552772603114
2.700857101652699
3.313873360338767
3.96595607809812
3.819301770882342

Last point and parameters for further simulation:
100
20
0.25
contact

-0.4972556776761671
0.373610636147032
-0.2104774419540121
-0.6274124865706845
0.03171469010168258
-1.561149226006944
0.2715960900254986
1.236965525037623
-0.7600337979028757
0.6438449258195404
-0.1771987554523032
-0.2072956209575745
0.652627404907907
2.750801650934824
-1.581400969278705
0.6982154572189827
-1.242306634925205
1.267320412239755
0.3928789169452553
0.6991617084702689
1.703543855134114
2.430979096483414
-0.07142322006920139
-0.172946596920134
-0.3169768634584661
-0.4775061750910134
1.543197037186929
1.004756603632176
-0.8537680496963008
-1.145577235769228
-0.5568846673324342
-1.520241773081973
-0.6078378115232203
-0.6644326567747338
-0.4733154107923671
-0.3870092472227032
0.9110148411736969
-0.7539787268582635
-0.3937739122297791
0.0635480033459835
2.246270754738716
-0.7243644292413893
0.8286662691047458
0.7292429558443412
-0.01898184825821695
1.181078217708403
-0.2722281565734987
-0.2257028954782506
2.782353860458481
-0.6501239573222373
-0.3619643412919435
0.09073409699302015
-2.696436960531226
-0.3053229123538225
0.7053479427181822
0.03936787986510259
-0.5335687221409704
-0.3519735476850723
2.65201194932678
0.9645363561363548
1.361553605550128
0.5687421305331971
-1.173806835172152
-0.5917644275246634
-0.9782108130895091
-1.762347109632759
0.515190846215352
-1.442887800932334
-0.7981424208646934
-1.558279300447073
2.09008775280639
1.529305685750832
-0.2982732606400537
-0.3337132702308578
-1.579510477811028
-0.3111233275384868
-1.198173237277875
0.1368077331942678
1.197106515863823
0.3215047291623421
-0.2996169086641279
-0.7165967252904747

Final quantities:
3.623648970922047
3.373515168081248
