Number of particles: 100
Nmax: 22
Gamma: 0.25
Interaction type: contact
Step size: 6e-05
Batch size: 200000
Batch count: 45
             Batch number               Average n0          Fluctuations n0                   Energy           Particle count                 Momentum
                        1        3.447475345373885        2.983049687107112        16824.70249724037        100.0000250997509      -0.2267652435463106
                        2         3.36675953082056        3.210716432639979        16824.70260774283        100.0000249343026      -0.2267631867725184
                        3        2.828395637702026        2.732413522484783         16824.7027208354        100.0000247648445      -0.2267630674392436
                        4        4.018773888950047         3.49111425340384         16824.7028314818        100.0000246025818      -0.2267629379046809
                        5        3.148747364501011        2.755084696880999        16824.70292069436         100.000024429005      -0.2267628004213709
                        6         1.74238992990503        1.649433379229532        16824.70301511537        100.0000242613165      -0.2267645030280399
                        7        2.740762166596455        2.462839726373605        16824.70309561059        100.0000240781921      -0.2267631869329385
                        8        3.445994270306195         3.04951054703657        16824.70319004582        100.0000239164941       -0.226761847964843
                        9        2.633354415621161        2.322777062330931        16824.70327794128        100.0000237333933      -0.2267603150334292
                       10        3.275147110585907        2.864453130480642        16824.70338703624        100.0000235588383      -0.2267602594446032
                       11        3.046131216257061        2.723500215677583        16824.70348635537        100.0000233721743      -0.2267618341363509
                       12        3.072475716527568        2.819412592247807        16824.70359144768        100.0000231987557      -0.2267607997480816
                       13        2.872945713836386        2.787971344458979        16824.70370253686        100.0000230342176      -0.2267587453319138
                       14        1.974812170109145        1.904426736742383         16824.7038098521        100.0000228843291      -0.2267568648576344
                       15        1.990699107186917        1.907222961547103        16824.70392648091        100.0000227351746      -0.2267548208677752
                       16        2.550056654731514        2.220197529506031        16824.70402455563        100.0000225588102      -0.2267542813237142
                       17        2.615493311843013        2.327398972217597        16824.70411345098        100.0000223894705      -0.2267555463961877
                       18        2.742683889491043        2.832655801996124        16824.70422664578        100.0000222229621      -0.2267526130931117
                       19        2.721715300200215        2.485320762513546        16824.70435205735        100.0000220789386      -0.2267514046787902
                       20        3.791217296027689        3.483684576056361        16824.70451197402        100.0000219258288      -0.2267465520647356
                       21        4.428393294348744        3.873428372525661        16824.70462063007        100.0000217588886      -0.2267453276601419
                       22         3.05139220455247        2.649158507131904        16824.70472045611        100.0000215920842      -0.2267439341870787
                       23        3.469245536914696        2.861101885384748         16824.7048074482         100.000021409574      -0.2267457545525851
                       24        2.897158039188852         2.58764119571272         16824.7049051611        100.0000212442669      -0.2267464100832193
                       25        2.662141863655194         2.56056182593742        16824.70499186844        100.0000210627018      -0.2267461494734535
                       26        3.129230189436314        2.779348217409424        16824.70508419451        100.0000208879512       -0.226745844660357
                       27        2.837411500229209        2.664193437025803        16824.70518703767        100.0000207066939      -0.2267467419762745
                       28        2.340281702247133        2.168239063587039        16824.70529521152        100.0000205530496      -0.2267465954086614
                       29        4.227760784107369        3.639393989330383        16824.70540321391        100.0000203953995       -0.226744325415396
                       30        3.445352263527544        3.186424040041466        16824.70553239026        100.0000202413436      -0.2267423598224241
                       31         3.11973069726974         2.81770294684068        16824.70564061767        100.0000200640347      -0.2267435048014335
                       32        2.691770734062173        2.639282545885823        16824.70572761964        100.0000198814174      -0.2267436819147903
                       33        2.443470365486913        2.286266647674958        16824.70583472477        100.0000197229286      -0.2267446000927968
                       34        2.931636467249412        2.617640405367588        16824.70595770532         100.000019550026      -0.2267410688580469
                       35        4.267242470953101        3.797194757238687        16824.70610289679        100.0000193719425      -0.2267407452332897
                       36        5.037295256260453        4.097341650748403        16824.70620571001         100.000019210029      -0.2267401882451949
                       37        4.060563995242479        3.269404136288642        16824.70629291755        100.0000190314572      -0.2267401834103708
                       38        3.032756719916629        2.609366202122787        16824.70641045739        100.0000188645054      -0.2267395820370055
                       39        5.039246215659273        5.407733155333641        16824.70656316745        100.0000187097629      -0.2267398605075606
                       40         3.82363393444598        3.385012824463302        16824.70666192366        100.0000185545035       -0.226742102360582
                       41         3.55247386143412        3.060349849569578        16824.70677611561        100.0000183914946      -0.2267446896025742
                       42        3.492607029512923        2.954998867670783        16824.70686048218        100.0000182159139      -0.2267455444507434
                       43        2.837902239295656        2.468021106413247        16824.70695004825        100.0000180510017      -0.2267464606044918
                       44        2.908804668272563        2.637863074506217        16824.70703411212        100.0000178700528      -0.2267480548152037
                       45        3.129660752237768        2.785453950552104        16824.70714801669         100.000017707309      -0.2267491578591105

Final average n0: 3.175182062712878
Final fluctuations n0: 3.016738334045973

Averages:
3.447475345373885
3.36675953082056
2.828395637702026
4.018773888950047
3.148747364501011
1.74238992990503
2.740762166596455
3.445994270306195
2.633354415621161
3.275147110585907
3.046131216257061
3.072475716527568
2.872945713836386
1.974812170109145
1.990699107186917
2.550056654731514
2.615493311843013
2.742683889491043
2.721715300200215
3.791217296027689
4.428393294348744
3.05139220455247
3.469245536914696
2.897158039188852
2.662141863655194
3.129230189436314
2.837411500229209
2.340281702247133
4.227760784107369
3.445352263527544
3.11973069726974
2.691770734062173
2.443470365486913
2.931636467249412
4.267242470953101
5.037295256260453
4.060563995242479
3.032756719916629
5.039246215659273
3.82363393444598
3.55247386143412
3.492607029512923
2.837902239295656
2.908804668272563
3.129660752237768

Fluctuations:
2.983049687107112
3.210716432639979
2.732413522484783
3.49111425340384
2.755084696880999
1.649433379229532
2.462839726373605
3.04951054703657
2.322777062330931
2.864453130480642
2.723500215677583
2.819412592247807
2.787971344458979
1.904426736742383
1.907222961547103
2.220197529506031
2.327398972217597
2.832655801996124
2.485320762513546
3.483684576056361
3.873428372525661
2.649158507131904
2.861101885384748
2.58764119571272
2.56056182593742
2.779348217409424
2.664193437025803
2.168239063587039
3.639393989330383
3.186424040041466
2.81770294684068
2.639282545885823
2.286266647674958
2.617640405367588
3.797194757238687
4.097341650748403
3.269404136288642
2.609366202122787
5.407733155333641
3.385012824463302
3.060349849569578
2.954998867670783
2.468021106413247
2.637863074506217
2.785453950552104

Last point and parameters for further simulation:
100
22
0.25
contact

-0.743425959412136
1.406645508442005
0.2242890944840773
0.4317893492032223
0.7586215529983272
0.6082350251652315
0.5805400633082809
-0.3883222973987566
-1.975923990947181
0.861364956505695
-0.5806828611466979
0.4652248627535811
1.504989453427916
0.2135210446608108
-1.475792217543248
-0.2546951679589126
-0.9933354650243251
1.336119519302743
-0.8943924693127349
1.962348480718946
-0.1071609918540922
-0.9158664881745705
-0.3535528560285446
-0.7912569566694736
-1.438068375771014
0.4230739765472821
1.256151335313984
-2.205029879118897
-2.204201745987007
1.222995103524038
1.209327093056785
-0.6048130617113237
1.426320072626213
-0.4000268224171488
0.5602224893407299
-0.9698027289185863
-1.519088178509314
-0.2396410475249519
-0.472777573832157
0.2268270745755397
0.8000347733813157
0.7548297888053432
-0.8939158484345129
-0.05034256136921131
-1.22222047655624
-0.8365799781035087
0.006236224285255686
1.986821297474168
-0.3412984995372066
-0.307228307337492
-1.663583774426364
0.7169071837868625
-0.7996576574360467
0.4421537710729964
-0.2975808085112964
-0.8830317522510542
0.4058434152876659
-0.265727223003855
0.8547481568404645
-1.011334978197096
-1.227252646953115
1.469205553697149
-1.570095144501832
-1.306847205556213
-0.3886177407933443
1.914430531312837
0.639545281972157
1.755804014920912
-1.301258450543076
-0.8882986850898675
-0.2929175699125954
-0.7930533061382906
-2.175491699850375
-0.4500440048917335
-1.427641364688497
1.790193788311596
-0.2988530627724908
-0.2443334181484139
-0.1302222971334376
0.7930159668904542
1.734392581332028
0.01008253740328058
1.332330503081655
1.425784098772756
-0.1852079580115635
0.7710248473765509
-0.2636520561775237
0.08879062437104801
-1.028966466407026
-0.9104818683694073

Final quantities:
3.175182062712878
3.016738334045973
