Number of particles: 100
Nmax: 23
Gamma: 0.25
Interaction type: contact
Step size: 6e-05
Batch size: 200000
Batch count: 45
             Batch number               Average n0          Fluctuations n0                   Energy           Particle count                 Momentum
                        1        2.853002171567658        2.848752204890328        18139.86630724285        99.99994730579664     -0.08829767442735914
                        2        3.273005138975116        2.856928465270515        18139.86656763164        99.99994723160529     -0.08829707565225675
                        3        3.236468323287144        3.018067482187756        18139.86679383156        99.99994715911456     -0.08829220391629633
                        4        4.390323489640275        4.027857209867444        18139.86707412996        99.99994710520185     -0.08829143653814242
                        5        2.796941381114577        2.409371487011261        18139.86732078143        99.99994702300378     -0.08829132037357112
                        6        3.588927921090032        3.030809623902762        18139.86753156905         99.9999469209741     -0.08828841096834061
                        7        2.285094834069062        2.342720636796012        18139.86774383056        99.99994680973691     -0.08828749343755504
                        8        2.554941332521051        2.402603536253348        18139.86790668969        99.99994667960378     -0.08829039088648472
                        9        3.325426280028092        3.109216468873323        18139.86812044496        99.99994657311171     -0.08829081474739908
                       10        2.514042323619313        2.194986752411386        18139.86834528197        99.99994650219044     -0.08829488304616095
                       11        2.181964812725903        1.909477639101988        18139.86854674716        99.99994640438588     -0.08829590234309492
                       12        2.452589582323969        2.376892575526277        18139.86875755054        99.99994627838939     -0.08829935413487533
                       13        2.150290684179073        2.133377853144358         18139.8689850619         99.9999461915851     -0.08829639672580303
                       14        2.639905995640044        2.272425124516949        18139.86921209561        99.99994608006796     -0.08829723187679051
                       15        2.111191603110155        2.002181610903234        18139.86935984749        99.99994593868676     -0.08829832311893604
                       16        1.831853697223733        1.597711779156809        18139.86947921531        99.99994579368111     -0.08829782789763208
                       17        1.957154677710745        1.742901440456787        18139.86966307469        99.99994568186658     -0.08829621684182598
                       18        3.446935407274214        3.215550943927517        18139.86989592509        99.99994559069214     -0.08829383591105522
                       19        2.891885649578829        2.557885943987301         18139.8701098353        99.99994549951614     -0.08829074802518022
                       20        2.800739284570788         2.35000323418697        18139.87028707928         99.9999453939128      -0.0882848061629673
                       21        3.069619696651788        2.706115069647323        18139.87049917259        99.99994528661945     -0.08828221134753989
                       22        2.709543644588627         2.53680122164757        18139.87065892716        99.99994516601842     -0.08828334921401471
                       23        3.612302981920634        3.246749728382972         18139.8709316766        99.99994512142744     -0.08829088907298432
                       24        4.545832791335443        3.638386625120997        18139.87115686305        99.99994505657759     -0.08828803450492018
                       25        2.376054505274773        2.026585030630015        18139.87140391454        99.99994499184696     -0.08828886078351061
                       26        2.925394848891026        2.783961251448205        18139.87161444283        99.99994489243264     -0.08829252351602435
                       27        3.958626533708667        3.297512408459388        18139.87188220351        99.99994481483729     -0.08829350970421324
                       28        3.776972803592435        3.434203764450002        18139.87205432803        99.99994468434323     -0.08829740822004339
                       29          3.4734382210767        3.123929200655093        18139.87225798773         99.9999445534942     -0.08829990662123066
                       30        3.842578229070808        3.200992915783083        18139.87252896339        99.99994448334094       -0.088297179584643
                       31        3.166684583035415         2.65125848691632         18139.8727710621        99.99994443021852     -0.08828833291849136
                       32        2.981619225208489        2.552500425707832        18139.87303032265        99.99994434739216     -0.08828549489913939
                       33        3.091353810556919        2.798455644394824        18139.87326234119        99.99994425955877     -0.08828802657064116
                       34        2.382548383787945        2.158455744401289        18139.87343652551        99.99994413737578     -0.08829037320417044
                       35        2.248034021782034        2.102752199680013        18139.87363827091         99.9999440200467     -0.08829351467457514
                       36        3.157188708844488        2.771772266169103        18139.87387022194        99.99994392334679     -0.08829343472579154
                       37        3.416062741476363        2.993048548441791        18139.87415155104        99.99994389580385     -0.08828637684889351
                       38        2.675424114470529        2.580235278033189        18139.87436656465         99.9999438051457     -0.08828209677386667
                       39        5.126244387920432        4.177663929324491        18139.87462646412        99.99994374435639      -0.0882781330547644
                       40        4.149279602209451        3.536313368564736         18139.8749258413        99.99994373552593     -0.08827330952929202
                       41        3.339475366464975        2.817892927302869        18139.87510577341        99.99994361105684     -0.08826922961656791
                       42        3.158505027124387        2.799544087013144         18139.8753228954        99.99994351525204     -0.08826529819597084
                       43        3.517144534943935         2.94570813383092        18139.87561261222        99.99994346619476     -0.08826029020669779
                       44        2.736880767614466        2.372462340907222        18139.87590613995        99.99994343850696     -0.08825818760556814
                       45        3.341039124137202         2.82695117332472        18139.87620221399         99.9999434096577     -0.08825473245322613

Final average n0: 3.068011849909728
Final fluctuations n0: 2.864631256574135

Averages:
2.853002171567658
3.273005138975116
3.236468323287144
4.390323489640275
2.796941381114577
3.588927921090032
2.285094834069062
2.554941332521051
3.325426280028092
2.514042323619313
2.181964812725903
2.452589582323969
2.150290684179073
2.639905995640044
2.111191603110155
1.831853697223733
1.957154677710745
3.446935407274214
2.891885649578829
2.800739284570788
3.069619696651788
2.709543644588627
3.612302981920634
4.545832791335443
2.376054505274773
2.925394848891026
3.958626533708667
3.776972803592435
3.4734382210767
3.842578229070808
3.166684583035415
2.981619225208489
3.091353810556919
2.382548383787945
2.248034021782034
3.157188708844488
3.416062741476363
2.675424114470529
5.126244387920432
4.149279602209451
3.339475366464975
3.158505027124387
3.517144534943935
2.736880767614466
3.341039124137202

Fluctuations:
2.848752204890328
2.856928465270515
3.018067482187756
4.027857209867444
2.409371487011261
3.030809623902762
2.342720636796012
2.402603536253348
3.109216468873323
2.194986752411386
1.909477639101988
2.376892575526277
2.133377853144358
2.272425124516949
2.002181610903234
1.597711779156809
1.742901440456787
3.215550943927517
2.557885943987301
2.35000323418697
2.706115069647323
2.53680122164757
3.246749728382972
3.638386625120997
2.026585030630015
2.783961251448205
3.297512408459388
3.434203764450002
3.123929200655093
3.200992915783083
2.65125848691632
2.552500425707832
2.798455644394824
2.158455744401289
2.102752199680013
2.771772266169103
2.993048548441791
2.580235278033189
4.177663929324491
3.536313368564736
2.817892927302869
2.799544087013144
2.94570813383092
2.372462340907222
2.82695117332472

Last point and parameters for further simulation:
100
23
0.25
contact

0.8020303291797731
-0.129131092508275
0.6915269660499502
-0.8051918797559933
-0.1330679742162804
-0.1015954117929257
0.6538890412346768
0.1174067747655971
0.1178738951598535
-0.371189880450259
-0.5435162201976717
2.163606736436003
1.696593034447558
-0.7263574537979313
0.1214672356755561
1.680898549220507
0.1990332510016057
-0.6783617999634606
0.423257969753513
-0.6461509077627693
1.308058889723845
-0.9538770511479348
0.01257643616021836
1.979095231682396
-1.991076876367116
-0.6762168318680405
-0.9105249268835195
-0.7187498590541458
0.1733854560053742
1.17477968646976
0.5030247952930417
-0.5383819181070789
1.752333842062327
-1.225638862631281
0.7914744060013732
0.8547330046477589
-1.010035438046665
-0.2010083794426895
2.254723948000533
0.5765418021222732
0.2950742433619575
1.547916105030267
0.2454876518658518
0.4761744786876037
0.5699093415304234
1.77062064892361
-0.4452447181518912
0.7678151587781871
-0.3574587986280699
-0.3798342791981255
-0.3048810729475113
0.3195656172154254
1.605480745822737
-0.6345201300133307
0.462145093912214
-0.9486548825212592
-0.8120520325340598
1.04658653815792
-2.22439254691296
-0.3420602208214428
0.4649565432320736
0.6652152392502357
2.226961758484459
1.495691804353171
-0.5475095928926047
1.821645005435826
0.4668597871248086
-3.38027963985135
1.346049206083163
-0.1976152630502138
-1.297021509285222
0.9303019544519442
0.3175398128462744
0.3017546427778507
0.4310511234478286
0.9408117671168085
-0.4662457963890696
0.8541060794013181
1.503199045054606
0.9893123304246484
-0.647998260589184
0.1640638235787048
0.4916985213425749
0.5959021785002618
-0.465406168483046
-0.9290629756972868
0.7112057399071748
0.850038859054961
-0.8302633245744305
0.1177119210556192
0.8871259814240769
0.6020274409424426
0.8992205455745785
1.110265506161347

Final quantities:
3.068011849909728
2.864631256574135
