Number of particles: 100
Nmax: 25
Gamma: 0.25
Interaction type: contact
Step size: 6e-05
Batch size: 200000
Batch count: 45
             Batch number               Average n0          Fluctuations n0                   Energy           Particle count                 Momentum
                        1        2.338955920994253         2.05497893219942        20991.98743619918        100.0000726086096      0.07083279621308236
                        2        2.204676203821187        2.096751626224931        20991.98838434034         100.000073081976      0.07083946394055118
                        3         2.68896051675713        2.417849483393796        20991.98948586341        100.0000737043195      0.07084264156903686
                        4        3.682332968130328        3.359713553970273         20991.9903900869        100.0000741458686      0.07083235856813275
                        5        3.292288707385806        2.697217853722356        20991.99165575222        100.0000749462349      0.07082804339855286
                        6        3.078107102099157         2.62087032584204        20991.99258695012        100.0000754078149      0.07083400723083599
                        7        3.301904531625177        2.847783433252628        20991.99348016365         100.000075857946      0.07083939674828343
                        8        2.034352708062993        2.014755642546305         20991.9942965737         100.000076239559      0.07084020623361909
                        9        2.463727216407579         2.17157072222084        20991.99515558926        100.0000766498291      0.07084776056480102
                       10          2.2233893197288        1.866689987007343         20991.9957857077        100.0000768662413      0.07085109072485096
                       11        2.623572189766919        2.299464412952973        20991.99643981668        100.0000771021318      0.07085821654359847
                       12        3.097315879096048          2.8884444614667        20991.99743753804        100.0000776414941      0.07087059751933111
                       13         2.06202615146744        2.031008949024493        20991.99809430047        100.0000779176914      0.07087021419465955
                       14        2.562694190208553        2.231555013351616        20991.99877104903        100.0000781764996      0.07087568835837033
                       15        2.648065312318165        2.459647023816117        20991.99965271922        100.0000786263146      0.07086735382738851
                       16        5.175009992222316        3.963085545999669        20992.00061986689        100.0000791715693      0.07086255908693317
                       17        3.375214371482641        3.197590255953837        20992.00180546322         100.000079865977      0.07086147487731509
                       18        2.916883754833746          2.8558557081033        20992.00286202315        100.0000805028901      0.07085737059353647
                       19        2.934272914262377        2.494888442419271        20992.00376884441         100.000080945799      0.07086474164680112
                       20         2.91263499083876        2.435207577544597        20992.00452813453        100.0000812933212      0.07087177676648793
                       21        1.874803018963186        1.727364694899968        20992.00547147666        100.0000817834803      0.07087760312709079
                       22        2.823653193190121        2.651910483170824         20992.0064085085        100.0000823144085      0.07089299693861761
                       23        2.326206477319239        2.052332686787524         20992.0073394319        100.0000827992081      0.07090101213212385
                       24        3.015800687841729        2.768729828611743        20992.00823159156        100.0000832390524      0.07090472239207202
                       25        2.327556193447736        1.949252668091009        20992.00892294395        100.0000834943473      0.07091155353426259
                       26         2.18716963373508        1.977236428672854        20992.00959164462        100.0000837294796      0.07090671704334817
                       27        2.449540775777752         2.19292539243281        20992.01024828064        100.0000839791094       0.0709088303508878
                       28        2.666588541951448        2.341157323478726        20992.01120180582        100.0000844930641      0.07092520598258645
                       29        2.787149828710507        2.704769602112526        20992.01220590084        100.0000850536227      0.07092325481357165
                       30        3.724983878960828        3.360139098851295        20992.01303021894        100.0000854668242      0.07092081455040677
                       31        2.470080508478925        2.202082940670698        20992.01389932007        100.0000859265531      0.07090360985339039
                       32        2.655122539422261        2.409152293880405         20992.0147430476        100.0000863826047      0.07089139331960581
                       33        2.938562250522845        2.666160447950694        20992.01548275351        100.0000866927678      0.07089385142880289
                       34        4.941656437385046        3.873163893709093        20992.01640285544        100.0000871860355      0.07090060984765501
                       35        4.798908866974798        4.082730449308682        20992.01728246215        100.0000876558219      0.07091155761528967
                       36        2.194648540977802        1.946163383744431        20992.01800567353        100.0000879467015      0.07091492288854795
                       37        2.729439073617434        2.265706293896785        20992.01863106441         100.000088219011        0.070923614191436
                       38        3.173615760992142        2.724811852815152        20992.01930245388        100.0000885162388      0.07093250291740771
                       39        4.050124459057356        3.590892880337668        20992.02004163578        100.0000888490823      0.07094665016698976
                       40        4.625269277283103        4.016814795533108        20992.02099010978         100.000089331308      0.07095413557233954
                       41        3.362511986252099         3.18246691500555        20992.02175851987        100.0000896531293      0.07095924483802918
                       42         2.30501116662109        2.045282932001746        20992.02254988298        100.0000899768487      0.07096269147678846
                       43        1.786290854040907         1.61438139833464         20992.0233148138        100.0000903048428      0.07095703682564292
                       44        2.535026375729572        2.085807754426821        20992.02417048322        100.0000907067122      0.07097616907306303
                       45        2.553796772001741        2.125931716426497        20992.02514849729        100.0000912347193      0.07098783422434352

Final average n0: 2.909331156461425
Final fluctuations n0: 2.757409975806166

Averages:
2.338955920994253
2.204676203821187
2.68896051675713
3.682332968130328
3.292288707385806
3.078107102099157
3.301904531625177
2.034352708062993
2.463727216407579
2.2233893197288
2.623572189766919
3.097315879096048
2.06202615146744
2.562694190208553
2.648065312318165
5.175009992222316
3.375214371482641
2.916883754833746
2.934272914262377
2.91263499083876
1.874803018963186
2.823653193190121
2.326206477319239
3.015800687841729
2.327556193447736
2.18716963373508
2.449540775777752
2.666588541951448
2.787149828710507
3.724983878960828
2.470080508478925
2.655122539422261
2.938562250522845
4.941656437385046
4.798908866974798
2.194648540977802
2.729439073617434
3.173615760992142
4.050124459057356
4.625269277283103
3.362511986252099
2.30501116662109
1.786290854040907
2.535026375729572
2.553796772001741

Fluctuations:
2.05497893219942
2.096751626224931
2.417849483393796
3.359713553970273
2.697217853722356
2.62087032584204
2.847783433252628
2.014755642546305
2.17157072222084
1.866689987007343
2.299464412952973
2.8884444614667
2.031008949024493
2.231555013351616
2.459647023816117
3.963085545999669
3.197590255953837
2.8558557081033
2.494888442419271
2.435207577544597
1.727364694899968
2.651910483170824
2.052332686787524
2.768729828611743
1.949252668091009
1.977236428672854
2.19292539243281
2.341157323478726
2.704769602112526
3.360139098851295
2.202082940670698
2.409152293880405
2.666160447950694
3.873163893709093
4.082730449308682
1.946163383744431
2.265706293896785
2.724811852815152
3.590892880337668
4.016814795533108
3.18246691500555
2.045282932001746
1.61438139833464
2.085807754426821
2.125931716426497

Last point and parameters for further simulation:
100
25
0.25
contact

-0.1148810231700169
-0.5479927867712995
-0.54427167218332
0.8036052909838343
-0.7080521045478363
-1.987760917182708
-0.6457681349193789
-1.71069302384373
-0.7645293123574918
-0.8398324190346631
-0.4180867808242595
-0.4337759090623227
1.264812850328945
0.8872914993611243
0.3065100897300941
1.192668056994109
-0.1560777015317405
0.5751989692681648
0.5398206793410929
1.387272221409189
-1.340825554015896
1.080686907364631
-1.4245029786392
-0.2238506012892621
-0.5733487063433271
1.003819255271491
1.23694452518541
-2.058825854557003
0.1126304544900359
1.203144228272743
0.09874622258123779
2.113500074054001
0.5927220086892385
-0.4189973997380024
0.7109785426348633
1.253918860101438
1.149015653778194
-1.83068034564448
-0.6367118849648041
1.070115870734202
-0.4210388258235608
-0.1638801835957952
-0.6646568874667145
1.033442370614257
1.854195080315487
1.182829147458984
1.425492813166453
-0.4463226833202885
-0.4664783804115691
-0.2294986147128202
-0.4989776817041818
-0.4034780167747719
-0.8815429763268727
0.3490501651780827
0.6010416943470919
1.221644326774608
0.867929753883246
-0.07141276522130884
-0.8009266301114134
0.5244375728612237
0.117246542486991
1.340736257622669
-0.4002238526934734
-0.8020026716722927
-1.05097875961437
0.4953192359757287
-0.4284720854447592
1.312387412128682
-0.4662508530416871
-1.42978624174044
0.2670762720455058
-0.8088286776420099
3.968084533239662
-0.8623988191015858
0.7221273614389174
-0.7896855643413249
-0.2686898247428597
-0.3376119905543443
0.03438103723132558
0.4436069832259575
1.729390651811294
-0.04775764022665575
-0.4115220208691326
-0.8795341223159391
-1.457847744341948
0.2383334445609002
-0.4871621957146953
0.02602984289013643
0.4554039976806059
0.8969158223091214
0.7017650746570296
-0.2948218878796973
0.5245911314155959
0.3472822360411271
0.2101262152094907
-0.3285749006884964
1.429633349475435
0.6712787741305856
-1.504494538918671
-0.05691237011997023
0.9856401161968575
0.9544778591471534

Final quantities:
2.909331156461425
2.757409975806166
