Number of particles: 100
Nmax: 7
Gamma: 0.25
Interaction type: contact
Step size: 0.0002
Batch size: 200000
Batch count: 300
             Batch number               Average n0          Fluctuations n0                   Energy           Particle count                 Momentum
                        1        22.77152810715876        16.11844382840584        3762.828693447064        100.0000688945986     -0.02256907606173186
                        2        21.79460896798412        16.26111329063643        3762.828514306526        100.0000668478036      -0.0225690456973755
                        3           21.56528819289         16.7247243991449        3762.828333318319        100.0000647909522     -0.02256906676466386
                        4        20.83713443090917        15.19510021521225         3762.82815337749        100.0000627399721     -0.02256921903234854
                        5        24.03521910245164        17.32907284798569        3762.827953933808        100.0000605176331      -0.0225692029200637
                        6        26.44904825114279        17.55506983458273        3762.827745813361        100.0000582225873     -0.02256912560603064
                        7        20.99299095394754        16.23696284215031        3762.827558966985        100.0000561089301     -0.02256884593631225
                        8        25.74543363822634          16.722555747093        3762.827364469879        100.0000539281488     -0.02256877440784955
                        9        24.18547653943993        16.93362489507438        3762.827159570943        100.0000516534873     -0.02256877958431769
                       10        22.35199212199121        16.64316278500207        3762.826961276462        100.0000494370076     -0.02256879906999476
                       11        24.55243872343634        17.51773787516471        3762.826766343061        100.0000472503244      -0.0225686742548783
                       12        23.70141436093097        17.17257989849114        3762.826570406487        100.0000450605522     -0.02256877747833741
                       13        25.80202247209738        17.55928455694088        3762.826363265833        100.0000427722828     -0.02256855845626493
                       14        23.56198539036683        16.04527868676436        3762.826164168812         100.000040548928     -0.02256887839147659
                       15        23.21989413150229        15.72559265851062        3762.825974554041        100.0000384113251      -0.0225689312531383
                       16        23.08516360761086        16.70193333753871        3762.825786890506        100.0000362967395     -0.02256890756524843
                       17        21.71022902449052        15.41246211419593        3762.825605126519        100.0000342330179     -0.02256867436442356
                       18        21.50445659883054        15.37033326272329        3762.825423962635        100.0000321751444     -0.02256852251274921
                       19        22.77906067587289         16.4291483287659        3762.825231653487        100.0000300217071     -0.02256840226972745
                       20        21.63501860068716        16.22193186123617        3762.825045668004        100.0000279188624     -0.02256832764599537
                       21        23.94050101299955        16.42314214400436        3762.824861483422         100.000025832692     -0.02256834823321885
                       22        26.04610224453684        17.31634112283286        3762.824661282834         100.000023602085     -0.02256855769302613
                       23        24.48839098533187        16.67218453630086        3762.824461174824        100.0000213780499     -0.02256874921110708
                       24        22.90858992973561        16.69166286264241        3762.824261892149        100.0000191586191     -0.02256868953013935
                       25        23.35692472009736        15.76002807109429        3762.824076779163        100.0000170683355     -0.02256859895259566
                       26        23.81025189842511         16.4896960325798        3762.823883963585        100.0000149046645     -0.02256867402342821
                       27        25.13874438211707        17.07868086965247        3762.823693595119        100.0000127607173     -0.02256866894373033
                       28        23.27990588159416        16.72341728806818        3762.823500853566          100.00001060026     -0.02256867333962864
                       29        22.18283407263655        16.24927162971443        3762.823306584759        100.0000084275173     -0.02256890312913917
                       30        24.77152691254032        17.70923863771866        3762.823102948905        100.0000061667115     -0.02256903145858669
                       31        22.52143842962998        16.63890038782188        3762.822921251303        100.0000041043257     -0.02256900217511948
                       32         25.0860546195095        16.68424318580913        3762.822722862305        100.0000018918435     -0.02256891625567548
                       33        26.21845764182583        17.42182055531097        3762.822517081041        99.99999961116231     -0.02256868262079692
                       34         25.4475607265288        17.60892656216064        3762.822313679729        99.99999735639449     -0.02256895682414362
                       35        21.90502489726228        15.71167322999158        3762.822136101372        99.99999532900044     -0.02256875401145564
                       36        25.51811108177674         17.0793042492352        3762.821932213134        99.99999306644293     -0.02256878010668562
                       37        25.10199241592868        17.04890739009202        3762.821737795397        99.99999088811293     -0.02256868704189685
                       38        21.52763856248049        16.27121758791251        3762.821554300245        99.99998880966952     -0.02256894966178269
                       39        23.96160656846135        17.33999379944554        3762.821364413758        99.99998667617828     -0.02256879573866044
                       40        26.03986767075669        16.33984362873337         3762.82117217201        99.99998451556337     -0.02256919459156936
                       41        24.41465838557308        17.26954124287363        3762.820974257389        99.99998230649987     -0.02256918189038615
                       42        22.55173863090146        16.87008208477095        3762.820776184346        99.99998009482772     -0.02256914278295596
                       43        22.77661281040611         15.7630595817978        3762.820599976899        99.99997807483908     -0.02256881692374613
                       44        24.32493155774397        16.27821954311475        3762.820414029487        99.99997596988693     -0.02256888185573125
                       45         23.8145695476022        16.68455071085673        3762.820222939818        99.99997381710116     -0.02256913515406467
                       46        24.24205527158978        17.01790088166368        3762.820034025208         99.9999716863471     -0.02256954187871285
                       47        24.14266169799835        17.48539857916984        3762.819837449995        99.99996948931027     -0.02256974420487712
                       48        26.17034139474417        16.98577414529007        3762.819636189715        99.99996724815516     -0.02256970964963756
                       49        24.04448392799524        16.64587236150087        3762.819446211886        99.99996510861365     -0.02256978607914295
                       50        25.83074781234576        17.31643797431692        3762.819237782894        99.99996281065145     -0.02256973153564168
                       51        22.01759787705952        15.49524363280467        3762.819039646429        99.99996060799231      -0.0225698570141617
                       52         23.1433342904189        16.86430494971485        3762.818847286849        99.99995844814396     -0.02257006156513164
                       53        23.40121233014622        17.03345534826816        3762.818650370707        99.99995625257822     -0.02256986371504555
                       54        22.29944478303929        16.02315559003391        3762.818468896316         99.9999541901157     -0.02256976442737546
                       55        24.38080925704445        16.66736585884049        3762.818269606746        99.99995197189344     -0.02256984467828715
                       56        23.56481985650809        16.17623094815728        3762.818072434487        99.99994976550038     -0.02256987727478688
                       57        20.67588329508388        15.66417310007916        3762.817886008301        99.99994766499535     -0.02256968029480411
                       58        26.24007724670355        17.32068858058193         3762.81768726002        99.99994544699776     -0.02256976766449936
                       59        22.09708854015101        16.96406971299953        3762.817499505228        99.99994333081059     -0.02256969642626094
                       60        24.51070272213928        17.23758243632957        3762.817288986424        99.99994101944361     -0.02256990013262339
                       61         26.2837409650309        17.47857138836515         3762.81708309171        99.99993874026893     -0.02256996232415132
                       62         25.6232676670643        16.41379186063266        3762.816881013213        99.99993649384919     -0.02257004355916692
                       63        24.98462242758432        17.46402959567321        3762.816682321504        99.99993428646169     -0.02256999525856695
                       64         25.7009317736809        17.07424863570385        3762.816481169273        99.99993204561376     -0.02257043336071618
                       65        23.24048526836009         16.2179387549029        3762.816282292239        99.99992983352024     -0.02257058805904233
                       66        23.46886039372619        16.44445622508723        3762.816088818702        99.99992766401454     -0.02257076530399971
                       67        22.06982383316333        16.03596578204234        3762.815904234399        99.99992557799068     -0.02257091772367303
                       68        22.06628699143338        16.04094118266365        3762.815718208939        99.99992346959618     -0.02257085143800763
                       69        22.44530441573414        15.96561280012693        3762.815530557247        99.99992135342382     -0.02257072706772334
                       70        26.89126952419904        17.25563834277598        3762.815319265475        99.99991903063713     -0.02257066132274943
                       71        23.02265219290058         16.3117255416375        3762.815130795522        99.99991690764048       -0.022570917793173
                       72        23.95084285031833        16.77542651643883        3762.814932753633        99.99991469679132     -0.02257102393607902
                       73        23.86084118785535        15.85187792336566         3762.81473292018        99.99991247601284      -0.0225709201401143
                       74        23.31963118829778         17.0216539937286        3762.814539702564        99.99991030942797     -0.02257078760480802
                       75        23.25258106695949        16.37283107620041        3762.814344686172        99.99990812569665     -0.02257068230319703
                       76        24.42336988323835        16.66098065742849        3762.814145557166        99.99990590752049     -0.02257058253775313
                       77        23.05852397603731         16.7700639008987        3762.813956331828        99.99990377305166     -0.02257021166814965
                       78        22.07193973619907        16.21338214896482        3762.813762689715        99.99990160664487      -0.0225699884035544
                       79        22.65529419181361        16.57443984510417        3762.813574261126        99.99989947954214     -0.02256974045028648
                       80        24.59546512151313        17.01059933584232        3762.813382304937        99.99989732159928     -0.02256999885048749
                       81        23.87752009960376        16.74756216229506        3762.813182429658         99.9998951053426     -0.02256988750392352
                       82        21.45825636061119        15.85388151992049        3762.813003317302        99.99989305964549     -0.02256971051066792
                       83        22.77225641537059        16.33413138930786        3762.812804022076        99.99989084945817     -0.02256951457432477
                       84        23.97883680747466        16.17980373815265        3762.812615586121        99.99988872818587     -0.02256977479705569
                       85        22.44706501578469        16.16916161834987        3762.812423371741        99.99988656853786      -0.0225697144913557
                       86        23.70915003482381        16.13823786363183        3762.812225747123        99.99988436494694     -0.02256966740346122
                       87        24.62260679426806        16.28137192161756        3762.812028461935        99.99988216356537     -0.02256942034518516
                       88        25.04515590779527         17.0340733503033        3762.811833530796        99.99987997611777     -0.02256959722988405
                       89        20.85597807666388        15.85855873108424        3762.811654945828        99.99987793807662      -0.0225693313167401
                       90        22.85623786289614        16.31189769919921        3762.811469118506        99.99987583613193     -0.02256936338480742
                       91        22.65403055398397        15.89188259982377        3762.811284397957        99.99987374082413     -0.02256931769183979
                       92        23.96065620065933        17.38643854098543        3762.811082306402        99.99987149419478     -0.02256920827368059
                       93         23.6337014870094        16.72703453344824        3762.810892632399        99.99986935884161     -0.02256925188309289
                       94        22.25950939224525        16.03828329475762        3762.810695901643        99.99986716110693     -0.02256934995488891
                       95        21.35323703030837        15.87381640201032        3762.810496562007        99.99986494154459     -0.02256942363422709
                       96        23.14521383675092        16.11167179589108        3762.810315165932        99.99986287567263     -0.02256895020056149
                       97        22.64570810107356        16.17577938934071        3762.810127559107        99.99986075754835     -0.02256926171810125
                       98        21.36884754762681        15.69274750750331        3762.809946936172        99.99985870048151     -0.02256905009645305
                       99        23.29136739860352        16.71571784813606        3762.809757305119        99.99985656491548     -0.02256912757200169
                      100        24.29155890112114        16.16432086741403        3762.809559538542        99.99985435631697     -0.02256907717204371
                      101        25.13700479407446        17.56140133311557        3762.809365247274        99.99985218661541      -0.0225690017195852
                      102         23.4953247608745        16.51144628030136         3762.80917211883        99.99985001950682     -0.02256913638402303
                      103        23.19474964484061        16.68025493052483         3762.80898659982        99.99984791851379     -0.02256928272731518
                      104        21.92385389748428        16.03179392127453        3762.808793081251        99.99984575263099     -0.02256891809933803
                      105        24.51558725855902         16.8685568724083        3762.808598370536        99.99984357122281     -0.02256914683864331
                      106        24.93583124286092         17.0836155559422         3762.80840254024        99.99984137637442     -0.02256904144050587
                      107        21.75519436145817        15.53997526245006        3762.808224519727        99.99983934533188     -0.02256933216179569
                      108        21.26614011341497        16.05326138607856        3762.808036544672        99.99983722391022     -0.02256869001955497
                      109        22.59003893833786        16.41746927279844        3762.807858687182        99.99983519551979     -0.02256875642565515
                      110        21.30344622238695        15.51180762066203        3762.807674570752        99.99983310857108     -0.02256876088360649
                      111        24.16377458365929        17.03488879625072        3762.807474081385        99.99983087401047     -0.02256908428295068
                      112        24.26100637219398         16.5972050626923        3762.807288449077        99.99982876879113     -0.02256898666401597
                      113        22.47606583516441        15.58731373830474        3762.807105253268        99.99982669060563     -0.02256872922620357
                      114        21.71807815233455        16.17582215975272        3762.806912035844        99.99982452569178     -0.02256871257043613
                      115        22.68014684505904        16.50873753090886         3762.80672738676        99.99982243148636      -0.0225686511148524
                      116        25.43573665556835        16.55574222174006        3762.806536205128        99.99982027844644     -0.02256831614413324
                      117        23.84462208432477        16.58430665837353        3762.806338241159        99.99981806683806     -0.02256829629194623
                      118        25.36250858591173        16.50213040351633        3762.806139047058        99.99981584739699     -0.02256845868466772
                      119        25.81784163750524         17.5471709467578        3762.805931923497        99.99981354927523     -0.02256834810979491
                      120        20.53932044894275        15.23538416714538        3762.805755931893        99.99981153694019     -0.02256811068999021
                      121        25.51571716250906        17.96269476264079        3762.805550212934        99.99980926072975     -0.02256808889829998
                      122        23.79112335540438        16.45787889188686        3762.805359105146        99.99980711073999      -0.0225682071579083
                      123        22.93707478862432         16.5230661013143        3762.805174626861        99.99980502242195      -0.0225683254519975
                      124        23.79524519573969        16.70593994168583        3762.804979160496        99.99980283762451     -0.02256828468975947
                      125        22.77896690128625        15.96916366758161        3762.804779829293        99.99980062104869     -0.02256800929394132
                      126         20.3481560771244        15.49372897933662        3762.804599190989        99.99979856601267     -0.02256749582629292
                      127        24.88905397238514        17.82859019527221        3762.804391409067        99.99979627074066     -0.02256739997819324
                      128        22.23484634853965        16.35850511833184        3762.804194836724         99.9997940728376     -0.02256698972917182
                      129         24.4172441233036        17.16181903555557        3762.804005228435        99.99979193367714     -0.02256700341482443
                      130        25.40468602302342        17.44849767052957        3762.803805156234        99.99978970148177      -0.0225671094277371
                      131        22.74009153852403        15.88758263324454        3762.803621296114        99.99978761588829      -0.0225671689858129
                      132        23.39914441607723        15.52247709185884        3762.803430540938        99.99978547038124     -0.02256712734021349
                      133        23.27919819184485        14.89487084113838        3762.803248694895         99.9997834026782     -0.02256734909532554
                      134        23.19038583656197         15.4371626881652        3762.803067573788        99.99978134267441     -0.02256756982130281
                      135        23.65463523209503         17.0203298073543         3762.80286568663        99.99977910201306     -0.02256771220415565
                      136        25.07868802126258        16.80233438542562        3762.802668714337         99.9997768997971     -0.02256767127855186
                      137        24.05554262917904        17.54547917217091        3762.802474246591        99.99977472373924     -0.02256806831145219
                      138        25.16356979136395        16.87419688209472        3762.802268724722        99.99977244887512     -0.02256802344652087
                      139        25.97378928738185        17.09432288733689        3762.802072868468         99.9997702528011      -0.0225680359089413
                      140        24.93540524170025        17.01570876145633        3762.801869175804         99.9997679959218     -0.02256816671488338
                      141        22.29908831003064           15.26806732303        3762.801682243095        99.99976588061678     -0.02256807682980444
                      142        21.15884555472794        15.59953859509746        3762.801509445839        99.99976389702246     -0.02256782799664592
                      143        24.74236228494005        17.93074641407553        3762.801313727487        99.99976170927758     -0.02256791626596133
                      144        22.26369795563026        15.58495244475831        3762.801127142171        99.99975960243621     -0.02256769277335735
                      145        24.43777907775599        17.50298612269302         3762.80091446201        99.99975726838733     -0.02256718643156397
                      146        21.25171441325421         15.9744472692903        3762.800722652845        99.99975511344516     -0.02256778254593428
                      147        20.91407698138695        16.01296298417737         3762.80053313094        99.99975297956964     -0.02256750953329956
                      148        23.91103179239966        17.25468713413083        3762.800325269901        99.99975068346102     -0.02256745787822112
                      149        22.70604042237362        15.56604337180355        3762.800141805328        99.99974860088956     -0.02256731219240571
                      150         24.7063978693828        17.29309595052969        3762.799946571423        99.99974641542822     -0.02256715017941247
                      151        23.65902543208336        15.97616186848483         3762.79975578833        99.99974426863061     -0.02256722319375015
                      152        25.21531936034917        16.51080749751266        3762.799564176418        99.99974211464259     -0.02256715703737466
                      153        24.57640412003764        16.83784206919684        3762.799372007424        99.99973995475234     -0.02256698701514903
                      154        24.61880377992526        16.71080194566242        3762.799180192385        99.99973779930471     -0.02256717984174728
                      155        22.85357635918293        16.54689853390201        3762.798986003037        99.99973562416814     -0.02256725648976454
                      156        21.84317139411015        15.90329103598124        3762.798803876777        99.99973356151756     -0.02256744436825642
                      157        23.89849553233062        16.98608092490784        3762.798615764028        99.99973144048748      -0.0225672780649937
                      158        24.02425625818013        16.43305388253665        3762.798432764804        99.99972936082159     -0.02256709161345682
                      159        23.91383509181394        16.86896721117946        3762.798243384942        99.99972722671669     -0.02256721162491715
                      160        26.58219670086916        17.15235231070955         3762.79804781564         99.9997250314448     -0.02256713272442745
                      161        23.80392012218577        16.08235425456462        3762.797859683555        99.99972290836395     -0.02256734110287795
                      162        24.32066710913565        17.00579674679305        3762.797658237785         99.9997206724222     -0.02256732638966419
                      163        25.48230301961672        16.79229820540546        3762.797462062412        99.99971848462773     -0.02256752359827185
                      164        22.60909254668529        15.96447175800852        3762.797276749001        99.99971638816368     -0.02256734392842041
                      165         23.4551809672239        17.47771015850026        3762.797093591152        99.99971431085967     -0.02256716628111077
                      166        21.79241565993836        16.64772963015229        3762.796905327176         99.9997121926019     -0.02256697007486608
                      167        25.38993990013193        17.32514668822985        3762.796705270786        99.99970996326758     -0.02256668013170415
                      168        25.49617694733564        17.08056159945369        3762.796502616126        99.99970770910394     -0.02256671695725743
                      169        24.45989053589575        16.61127199908965        3762.796300153293        99.99970546505509     -0.02256683427097439
                      170        22.56598592277598        16.62252530049127        3762.796107903986        99.99970330697818     -0.02256683349583088
                      171         22.0563813047888        16.03690170381643        3762.795914521363        99.99970114379266     -0.02256712860878141
                      172        22.93499388882848        16.45621487549102        3762.795728144538        99.99969903536308     -0.02256700543448353
                      173        23.18862915262252        16.89841154921392        3762.795530831562        99.99969683724385     -0.02256724003239174
                      174        23.54621896575391        17.05430344820794        3762.795335979606        99.99969465457518     -0.02256722826021074
                      175        23.76726464419187        16.34880167089926         3762.79514364045        99.99969249861398     -0.02256727796423874
                      176        24.50878702017661        17.41210927008408        3762.794945142302        99.99969028430976     -0.02256721127476879
                      177         23.4797212399917        17.04785744920365        3762.794756052679        99.99968815218071     -0.02256723677128747
                      178        26.03490086010339         17.8163194607042         3762.79455569285        99.99968592193845     -0.02256727328300201
                      179        22.66628205388371        15.99427640196457        3762.794371791853        99.99968383624409      -0.0225673080000508
                      180        25.13417565584085        16.96126931658004        3762.794167736124        99.99968157375976     -0.02256744930111898
                      181        24.63659631454432        17.11907089264592        3762.793962061167        99.99967929582627      -0.0225674695176421
                      182        22.40159063215474        16.02596141240289        3762.793757750128         99.9996770373497     -0.02256771640587552
                      183        21.26464709227649        15.71596115398807        3762.793575584302        99.99967496888517     -0.02256782361843435
                      184        21.90133428151838        15.79142343892967        3762.793396089418        99.99967292394072     -0.02256798197452703
                      185        24.03793849545045        17.54239817657551        3762.793198868221        99.99967072796593     -0.02256795185545712
                      186        23.57261346086363        16.68348710513704        3762.793003751522         99.9996685470735     -0.02256819858142656
                      187        25.44631432326319        16.98960816630343        3762.792813138767        99.99966639626311     -0.02256839705768243
                      188        25.51437538429284        17.14555893887617        3762.792618236068        99.99966421659619     -0.02256835928984202
                      189        21.30822297473833        15.53055923880479        3762.792434956869        99.99966213449461     -0.02256853448154317
                      190        25.69473724754132         17.3239176244388        3762.792243254127         99.9996599799792     -0.02256849363762026
                      191        23.46892692001297        17.29196266606254        3762.792049982893        99.99965781377591     -0.02256823375948613
                      192        22.46529861696022        16.22662978561493        3762.791862929133        99.99965569647881     -0.02256802436142813
                      193        24.20205597113522        16.81897939893082        3762.791668065157        99.99965351319845     -0.02256815391098499
                      194        22.45891948625955        16.50687970982779        3762.791481082775        99.99965140100498     -0.02256855111233058
                      195        23.21545817812691        16.42062288447938        3762.791276315125        99.99964913405807     -0.02256874656603358
                      196        23.57383120560293        17.35981362781409        3762.791071972793        99.99964687337447     -0.02256879707458204
                      197        22.03573508473308        16.16154534163492        3762.790894642528        99.99964484530626     -0.02256858465574929
                      198        23.73765638734886        16.35894520597596        3762.790697812929        99.99964264637877     -0.02256838259001803
                      199        24.40691205596864        16.68490083538876        3762.790498431786        99.99964042253929     -0.02256830377235808
                      200        19.82904517569834        14.93875073985425         3762.79031889041        99.99963837876987     -0.02256811808196346
                      201         23.4796202249435        17.24794588049948        3762.790116005644        99.99963613259101     -0.02256798257169201
                      202        21.49411414612992        15.18601988772858        3762.789931989957        99.99963404929841     -0.02256807974734087
                      203        23.62239975432072        16.57346146276359        3762.789742509929        99.99963191772029     -0.02256844425947335
                      204         24.4033306316127        16.98540325128981        3762.789540101084        99.99962966998982     -0.02256824556780224
                      205        23.96576198120401        17.56653471183953        3762.789354030341        99.99962756641902     -0.02256815416070479
                      206         24.4720440224307        16.20216420880246        3762.789158381841        99.99962537514085     -0.02256808086277884
                      207        20.98988602706441        16.29382223121686        3762.788977580739        99.99962331085366     -0.02256811983827478
                      208        24.36116649197143        17.05415158114921        3762.788786565046        99.99962115487553     -0.02256808526033094
                      209        23.06850104679323        16.49963715125472        3762.788602761034        99.99961907169403     -0.02256786784911569
                      210         22.8644522436739        16.76191785205983        3762.788399860649         99.9996168233593     -0.02256758340290332
                      211        26.74945693150886        17.09163324353884        3762.788186609947        99.99961447941246     -0.02256782598846208
                      212        21.83420608478783        15.95665702502876        3762.787990398897        99.99961228309181     -0.02256753721358917
                      213        22.52456901559344        16.33398691608246        3762.787792830655        99.99961008278571     -0.02256767431696183
                      214        24.26782852879784        17.26948770791287        3762.787609844027         99.9996080011464     -0.02256790612455839
                      215        22.00039344958067        15.92194864339217         3762.78742688112        99.99960592442686     -0.02256825930662387
                      216        25.26163336268349        18.00004429974665        3762.787231003721        99.99960373665807      -0.0225683601820581
                      217        25.18016462433142          16.533936080526        3762.787020230403        99.99960141578102     -0.02256827681961404
                      218        26.41030090299561        17.64697161623769        3762.786811433827        99.99959910918825     -0.02256813358206244
                      219        21.27196094953849        16.10444727776792        3762.786616019955        99.99959692155009     -0.02256817301419822
                      220        21.95475759547007          15.650142219353        3762.786427617189        99.99959479456436     -0.02256793920192912
                      221        21.03084897263311        15.19619386645458        3762.786244104414        99.99959271199575      -0.0225678039500643
                      222        24.24396355554638        16.12563855018339        3762.786047563455        99.99959051689969     -0.02256766894911522
                      223        22.79894658526889        16.34661174168197        3762.785851111024        99.99958832130176     -0.02256748278105913
                      224        24.36838702443468        16.04844751896744        3762.785646200527        99.99958605658193     -0.02256760089843679
                      225         23.3455437580968        16.16748328686282        3762.785455580407        99.99958391124255     -0.02256767476337274
                      226          25.442861193946        17.49222988708117        3762.785242054298        99.99958156469157     -0.02256777324179815
                      227        23.45296421224896        16.72497523022196        3762.785058666158        99.99957948272133     -0.02256766714746483
                      228        25.35127822940706        16.99194606761511        3762.784853976465        99.99957721277202     -0.02256751158879489
                      229        24.30701999788472        16.75194297444533        3762.784656848978        99.99957501057497     -0.02256766822918266
                      230        23.27166949170158         16.9248428264884        3762.784460027821        99.99957281613842     -0.02256754396113791
                      231        24.20003254330548        16.88376570928344        3762.784255483762         99.9995705580214     -0.02256741114404193
                      232        25.00605787733034         17.6685696296139        3762.784045723544         99.9995682487163     -0.02256724969766566
                      233        23.22380416045511        16.50623473084952        3762.783838571555        99.99956596067786     -0.02256729880639785
                      234        25.59426472334156        16.87984934569963        3762.783637195967        99.99956371808071     -0.02256744295948376
                      235        23.51783289387388         16.9214912487226        3762.783449709106        99.99956160288224       -0.022567374326524
                      236        21.62865759422045        15.60245866601743        3762.783264229735        99.99955950779636     -0.02256715956295263
                      237        24.78056768087692        17.43477891506829        3762.783067130864         99.9995573097473     -0.02256711666248368
                      238        20.96086026740873        15.36233110486782        3762.782886885396        99.99955525772624     -0.02256715310755908
                      239        24.43125743409292        16.99251203831241        3762.782686647431        99.99955303251649     -0.02256719654400818
                      240        24.41971074186163        16.21968143274799        3762.782496868714        99.99955089294502     -0.02256709066957541
                      241        26.07858369343707           17.08025871636        3762.782292087677         99.9995486257411      -0.0225670375746585
                      242        22.47460375815452        16.27031369220352        3762.782102935881        99.99954649314995     -0.02256733342118067
                      243        21.13863382948748        16.02542992391793        3762.781923029407        99.99954444304964     -0.02256727725134233
                      244        24.70759392964127         16.9892278585394        3762.781722450638        99.99954220834503     -0.02256716198637321
                      245        23.09499143133053         16.6170805310323        3762.781537830105        99.99954011860162     -0.02256719699225407
                      246         23.2057380898586        16.32289922774352        3762.781344217218        99.99953794458904     -0.02256685792019386
                      247        24.45728230487295        16.73414401739677        3762.781142850796         99.9995357071973     -0.02256661457285336
                      248        21.88584284928037        15.54536094097639        3762.780964830588        99.99953368029071     -0.02256639057738852
                      249        22.10199007217455        15.46820091981509        3762.780778485157        99.99953157753453     -0.02256628347135425
                      250        23.82501064576851         16.1724514524579        3762.780588402799        99.99952943795276     -0.02256640591443393
                      251        21.77365741243795        15.38114840204328        3762.780406008891        99.99952737049118     -0.02256645269537216
                      252        20.53721737056328        14.75523594182344        3762.780226717424        99.99952532608394     -0.02256645360160014
                      253        27.08932274949343        17.42908485005222        3762.780018208882         99.9995230194222     -0.02256660236376717
                      254        21.60224219566491        16.00942171625281        3762.779825569896        99.99952086458916     -0.02256644772142025
                      255         22.7635591487447        16.19760597556963        3762.779651889183        99.99951886933231      -0.0225662998080205
                      256        24.85529378342056        16.08843059544256        3762.779451938081        99.99951664382827     -0.02256638258197441
                      257        25.64681406957926        17.05791860685211        3762.779254594203        99.99951444283815     -0.02256653213778215
                      258        23.46933497602536        15.89168546160587        3762.779054647896        99.99951221620968      -0.0225667230265838
                      259         25.2728836735277        17.15685673692901         3762.77884595914        99.99950991391954     -0.02256674803012793
                      260        24.63355114510448         17.2602385774969        3762.778651096191        99.99950773080701     -0.02256681925198034
                      261         23.1893147746412        15.84134190957128        3762.778453397555        99.99950553112241     -0.02256705790785651
                      262         25.8174771632688         17.2152410168319        3762.778244765273        99.99950323035144     -0.02256701381493009
                      263        19.28240653566374        15.09604486264095         3762.77807736328        99.99950129189916      -0.0225673587123465
                      264        24.15495439116845        17.69175022585928         3762.77786697254        99.99949897085334     -0.02256744814508416
                      265        23.51149916240739        16.76860582034394        3762.777666188131        99.99949674227869     -0.02256760809853731
                      266        22.67119872548878        16.78657577974033        3762.777472503176        99.99949456938442     -0.02256770675090891
                      267        21.13732398058657        16.00999910109927        3762.777297182965        99.99949256233357     -0.02256770959099264
                      268        22.87426376588871         16.2590190905516        3762.777103125857        99.99949038406018     -0.02256760574622696
                      269        23.47389594907258        15.81036234228714        3762.776908638429        99.99948820477745     -0.02256774472708489
                      270        19.90327269358265        14.79169079669867        3762.776725521617        99.99948613208295     -0.02256751369465348
                      271        24.04393164172492        16.59414415964831         3762.77652683909        99.99948391962113     -0.02256754307448627
                      272        24.46102966318184        16.91797356919179        3762.776333375599        99.99948174247065     -0.02256749733294683
                      273        23.42691214094966        16.83032981894735        3762.776138932299        99.99947955948753     -0.02256739807802433
                      274        21.29327614278325        15.96396851073008        3762.775951091973        99.99947744234883     -0.02256726943447518
                      275        23.85263649421671        16.70013879029436        3762.775761048495        99.99947530157795     -0.02256743951857976
                      276         23.5006550599186        16.03207139097196        3762.775580419916        99.99947324496627     -0.02256768553891142
                      277        23.31448033746099        16.51352884940426        3762.775384896134        99.99947105831318     -0.02256737828232591
                      278        24.61960889458907        15.85663974781894        3762.775191032279        99.99946888494782     -0.02256785736251832
                      279        24.52978057665711        16.66069748367028        3762.774999980374        99.99946673751441     -0.02256786243326303
                      280        24.05885197941879         16.1896506051443         3762.77479161653        99.99946443918597      -0.0225679622567192
                      281         25.2338870152855        17.34326636281316        3762.774606063699        99.99946233962702     -0.02256805358694081
                      282        24.13769921179231        16.93687607737036        3762.774407242969        99.99946012846107     -0.02256816097376202
                      283        23.19800195874344        17.07318857131108        3762.774217911108        99.99945799788038     -0.02256788073688387
                      284        26.94963884947288        17.23176488480858        3762.774010742941        99.99945570369431     -0.02256774473826795
                      285         24.5662537102653        17.76248996335882        3762.773809800957        99.99945346658407      -0.0225675968553789
                      286        20.78411160073152        15.58768473655649        3762.773632573649        99.99945144133864     -0.02256743980416509
                      287        23.21313911922241        16.37886451855564        3762.773447248764        99.99944933985464     -0.02256747182543384
                      288        24.40069748246573        17.64819130791983         3762.77325011309        99.99944713824553     -0.02256757343087479
                      289        23.88463319905027        17.46928156806489         3762.77304747881         99.9994448896154     -0.02256750983341371
                      290          22.632673590701        15.91356762668319        3762.772866194824        99.99944282932273     -0.02256752988284916
                      291        22.92410807492866        16.31712399007277        3762.772686907821        99.99944078723814     -0.02256714411036143
                      292        22.05351510170292        15.86094515906919        3762.772502432115        99.99943869879608     -0.02256692890861167
                      293        25.17423523292294        17.43913376148037        3762.772289970437        99.99943636263234     -0.02256678803161094
                      294        21.44092482746146        16.26176708516979        3762.772102245447        99.99943424856478     -0.02256664472654446
                      295        24.41685819299854        17.84267465340572         3762.77189758621        99.99943198537774     -0.02256633877191172
                      296        23.74603903135322        16.38949609722577        3762.771696001103        99.99942974682673     -0.02256654788439771
                      297         24.8467492591796        17.62679938582768        3762.771492968702        99.99942749382106     -0.02256651283025768
                      298        26.88454878129385        17.10421643109434        3762.771286192155        99.99942520481605     -0.02256670757873991
                      299         22.2175863924944        15.88783329170684        3762.771094947547        99.99942305245015     -0.02256685832437633
                      300         23.5365865562281        16.86202324108651        3762.770902234977        99.99942088944735     -0.02256649922564158

Final average n0: 23.56118100556423
Final fluctuations n0: 16.63893666708594

Averages:
22.77152810715876
21.79460896798412
21.56528819289
20.83713443090917
24.03521910245164
26.44904825114279
20.99299095394754
25.74543363822634
24.18547653943993
22.35199212199121
24.55243872343634
23.70141436093097
25.80202247209738
23.56198539036683
23.21989413150229
23.08516360761086
21.71022902449052
21.50445659883054
22.77906067587289
21.63501860068716
23.94050101299955
26.04610224453684
24.48839098533187
22.90858992973561
23.35692472009736
23.81025189842511
25.13874438211707
23.27990588159416
22.18283407263655
24.77152691254032
22.52143842962998
25.0860546195095
26.21845764182583
25.4475607265288
21.90502489726228
25.51811108177674
25.10199241592868
21.52763856248049
23.96160656846135
26.03986767075669
24.41465838557308
22.55173863090146
22.77661281040611
24.32493155774397
23.8145695476022
24.24205527158978
24.14266169799835
26.17034139474417
24.04448392799524
25.83074781234576
22.01759787705952
23.1433342904189
23.40121233014622
22.29944478303929
24.38080925704445
23.56481985650809
20.67588329508388
26.24007724670355
22.09708854015101
24.51070272213928
26.2837409650309
25.6232676670643
24.98462242758432
25.7009317736809
23.24048526836009
23.46886039372619
22.06982383316333
22.06628699143338
22.44530441573414
26.89126952419904
23.02265219290058
23.95084285031833
23.86084118785535
23.31963118829778
23.25258106695949
24.42336988323835
23.05852397603731
22.07193973619907
22.65529419181361
24.59546512151313
23.87752009960376
21.45825636061119
22.77225641537059
23.97883680747466
22.44706501578469
23.70915003482381
24.62260679426806
25.04515590779527
20.85597807666388
22.85623786289614
22.65403055398397
23.96065620065933
23.6337014870094
22.25950939224525
21.35323703030837
23.14521383675092
22.64570810107356
21.36884754762681
23.29136739860352
24.29155890112114
25.13700479407446
23.4953247608745
23.19474964484061
21.92385389748428
24.51558725855902
24.93583124286092
21.75519436145817
21.26614011341497
22.59003893833786
21.30344622238695
24.16377458365929
24.26100637219398
22.47606583516441
21.71807815233455
22.68014684505904
25.43573665556835
23.84462208432477
25.36250858591173
25.81784163750524
20.53932044894275
25.51571716250906
23.79112335540438
22.93707478862432
23.79524519573969
22.77896690128625
20.3481560771244
24.88905397238514
22.23484634853965
24.4172441233036
25.40468602302342
22.74009153852403
23.39914441607723
23.27919819184485
23.19038583656197
23.65463523209503
25.07868802126258
24.05554262917904
25.16356979136395
25.97378928738185
24.93540524170025
22.29908831003064
21.15884555472794
24.74236228494005
22.26369795563026
24.43777907775599
21.25171441325421
20.91407698138695
23.91103179239966
22.70604042237362
24.7063978693828
23.65902543208336
25.21531936034917
24.57640412003764
24.61880377992526
22.85357635918293
21.84317139411015
23.89849553233062
24.02425625818013
23.91383509181394
26.58219670086916
23.80392012218577
24.32066710913565
25.48230301961672
22.60909254668529
23.4551809672239
21.79241565993836
25.38993990013193
25.49617694733564
24.45989053589575
22.56598592277598
22.0563813047888
22.93499388882848
23.18862915262252
23.54621896575391
23.76726464419187
24.50878702017661
23.4797212399917
26.03490086010339
22.66628205388371
25.13417565584085
24.63659631454432
22.40159063215474
21.26464709227649
21.90133428151838
24.03793849545045
23.57261346086363
25.44631432326319
25.51437538429284
21.30822297473833
25.69473724754132
23.46892692001297
22.46529861696022
24.20205597113522
22.45891948625955
23.21545817812691
23.57383120560293
22.03573508473308
23.73765638734886
24.40691205596864
19.82904517569834
23.4796202249435
21.49411414612992
23.62239975432072
24.4033306316127
23.96576198120401
24.4720440224307
20.98988602706441
24.36116649197143
23.06850104679323
22.8644522436739
26.74945693150886
21.83420608478783
22.52456901559344
24.26782852879784
22.00039344958067
25.26163336268349
25.18016462433142
26.41030090299561
21.27196094953849
21.95475759547007
21.03084897263311
24.24396355554638
22.79894658526889
24.36838702443468
23.3455437580968
25.442861193946
23.45296421224896
25.35127822940706
24.30701999788472
23.27166949170158
24.20003254330548
25.00605787733034
23.22380416045511
25.59426472334156
23.51783289387388
21.62865759422045
24.78056768087692
20.96086026740873
24.43125743409292
24.41971074186163
26.07858369343707
22.47460375815452
21.13863382948748
24.70759392964127
23.09499143133053
23.2057380898586
24.45728230487295
21.88584284928037
22.10199007217455
23.82501064576851
21.77365741243795
20.53721737056328
27.08932274949343
21.60224219566491
22.7635591487447
24.85529378342056
25.64681406957926
23.46933497602536
25.2728836735277
24.63355114510448
23.1893147746412
25.8174771632688
19.28240653566374
24.15495439116845
23.51149916240739
22.67119872548878
21.13732398058657
22.87426376588871
23.47389594907258
19.90327269358265
24.04393164172492
24.46102966318184
23.42691214094966
21.29327614278325
23.85263649421671
23.5006550599186
23.31448033746099
24.61960889458907
24.52978057665711
24.05885197941879
25.2338870152855
24.13769921179231
23.19800195874344
26.94963884947288
24.5662537102653
20.78411160073152
23.21313911922241
24.40069748246573
23.88463319905027
22.632673590701
22.92410807492866
22.05351510170292
25.17423523292294
21.44092482746146
24.41685819299854
23.74603903135322
24.8467492591796
26.88454878129385
22.2175863924944
23.5365865562281

Fluctuations:
16.11844382840584
16.26111329063643
16.7247243991449
15.19510021521225
17.32907284798569
17.55506983458273
16.23696284215031
16.722555747093
16.93362489507438
16.64316278500207
17.51773787516471
17.17257989849114
17.55928455694088
16.04527868676436
15.72559265851062
16.70193333753871
15.41246211419593
15.37033326272329
16.4291483287659
16.22193186123617
16.42314214400436
17.31634112283286
16.67218453630086
16.69166286264241
15.76002807109429
16.4896960325798
17.07868086965247
16.72341728806818
16.24927162971443
17.70923863771866
16.63890038782188
16.68424318580913
17.42182055531097
17.60892656216064
15.71167322999158
17.0793042492352
17.04890739009202
16.27121758791251
17.33999379944554
16.33984362873337
17.26954124287363
16.87008208477095
15.7630595817978
16.27821954311475
16.68455071085673
17.01790088166368
17.48539857916984
16.98577414529007
16.64587236150087
17.31643797431692
15.49524363280467
16.86430494971485
17.03345534826816
16.02315559003391
16.66736585884049
16.17623094815728
15.66417310007916
17.32068858058193
16.96406971299953
17.23758243632957
17.47857138836515
16.41379186063266
17.46402959567321
17.07424863570385
16.2179387549029
16.44445622508723
16.03596578204234
16.04094118266365
15.96561280012693
17.25563834277598
16.3117255416375
16.77542651643883
15.85187792336566
17.0216539937286
16.37283107620041
16.66098065742849
16.7700639008987
16.21338214896482
16.57443984510417
17.01059933584232
16.74756216229506
15.85388151992049
16.33413138930786
16.17980373815265
16.16916161834987
16.13823786363183
16.28137192161756
17.0340733503033
15.85855873108424
16.31189769919921
15.89188259982377
17.38643854098543
16.72703453344824
16.03828329475762
15.87381640201032
16.11167179589108
16.17577938934071
15.69274750750331
16.71571784813606
16.16432086741403
17.56140133311557
16.51144628030136
16.68025493052483
16.03179392127453
16.8685568724083
17.0836155559422
15.53997526245006
16.05326138607856
16.41746927279844
15.51180762066203
17.03488879625072
16.5972050626923
15.58731373830474
16.17582215975272
16.50873753090886
16.55574222174006
16.58430665837353
16.50213040351633
17.5471709467578
15.23538416714538
17.96269476264079
16.45787889188686
16.5230661013143
16.70593994168583
15.96916366758161
15.49372897933662
17.82859019527221
16.35850511833184
17.16181903555557
17.44849767052957
15.88758263324454
15.52247709185884
14.89487084113838
15.4371626881652
17.0203298073543
16.80233438542562
17.54547917217091
16.87419688209472
17.09432288733689
17.01570876145633
15.26806732303
15.59953859509746
17.93074641407553
15.58495244475831
17.50298612269302
15.9744472692903
16.01296298417737
17.25468713413083
15.56604337180355
17.29309595052969
15.97616186848483
16.51080749751266
16.83784206919684
16.71080194566242
16.54689853390201
15.90329103598124
16.98608092490784
16.43305388253665
16.86896721117946
17.15235231070955
16.08235425456462
17.00579674679305
16.79229820540546
15.96447175800852
17.47771015850026
16.64772963015229
17.32514668822985
17.08056159945369
16.61127199908965
16.62252530049127
16.03690170381643
16.45621487549102
16.89841154921392
17.05430344820794
16.34880167089926
17.41210927008408
17.04785744920365
17.8163194607042
15.99427640196457
16.96126931658004
17.11907089264592
16.02596141240289
15.71596115398807
15.79142343892967
17.54239817657551
16.68348710513704
16.98960816630343
17.14555893887617
15.53055923880479
17.3239176244388
17.29196266606254
16.22662978561493
16.81897939893082
16.50687970982779
16.42062288447938
17.35981362781409
16.16154534163492
16.35894520597596
16.68490083538876
14.93875073985425
17.24794588049948
15.18601988772858
16.57346146276359
16.98540325128981
17.56653471183953
16.20216420880246
16.29382223121686
17.05415158114921
16.49963715125472
16.76191785205983
17.09163324353884
15.95665702502876
16.33398691608246
17.26948770791287
15.92194864339217
18.00004429974665
16.533936080526
17.64697161623769
16.10444727776792
15.650142219353
15.19619386645458
16.12563855018339
16.34661174168197
16.04844751896744
16.16748328686282
17.49222988708117
16.72497523022196
16.99194606761511
16.75194297444533
16.9248428264884
16.88376570928344
17.6685696296139
16.50623473084952
16.87984934569963
16.9214912487226
15.60245866601743
17.43477891506829
15.36233110486782
16.99251203831241
16.21968143274799
17.08025871636
16.27031369220352
16.02542992391793
16.9892278585394
16.6170805310323
16.32289922774352
16.73414401739677
15.54536094097639
15.46820091981509
16.1724514524579
15.38114840204328
14.75523594182344
17.42908485005222
16.00942171625281
16.19760597556963
16.08843059544256
17.05791860685211
15.89168546160587
17.15685673692901
17.2602385774969
15.84134190957128
17.2152410168319
15.09604486264095
17.69175022585928
16.76860582034394
16.78657577974033
16.00999910109927
16.2590190905516
15.81036234228714
14.79169079669867
16.59414415964831
16.91797356919179
16.83032981894735
15.96396851073008
16.70013879029436
16.03207139097196
16.51352884940426
15.85663974781894
16.66069748367028
16.1896506051443
17.34326636281316
16.93687607737036
17.07318857131108
17.23176488480858
17.76248996335882
15.58768473655649
16.37886451855564
17.64819130791983
17.46928156806489
15.91356762668319
16.31712399007277
15.86094515906919
17.43913376148037
16.26176708516979
17.84267465340572
16.38949609722577
17.62679938582768
17.10421643109434
15.88783329170684
16.86202324108651

Last point and parameters for further simulation:
100
7
0.25
contact

-0.5361445038041676
-1.018857478606656
0.5641001868800489
-0.4429248789295757
-0.2818118916359177
-0.8649550357246563
-4.395435122533098
-1.36982250364922
-3.641078547950835
0.830107688060353
0.86446505525529
-0.9758018461498417
-0.9636241928832218
-0.9406753889428348
1.553453088214523
0.6179545695255415
0.7539773242563843
-0.5910151555742954
1.916851953425791
-0.651321214500581
-2.881996122609897
-0.1664414216817873
-5.993505662072124
-0.2562487140138617
0.9732070789494872
1.796826242297486
0.1024445836941883
-1.175216901141353
0.9320438769850437
0.3276901244141394

Final quantities:
23.56118100556423
16.63893666708594
