100
16
-0.019475
contact

-0.0852214
0.0823521
0.04012
-0.257255
0.260543
-0.00492779
-0.36446
0.590672
-0.407162
0.0294411
1.39805
-1.4685
1.47751
0.217211
-2.80735
3.54572
-2.08529
-0.602429
2.5216
-2.67265
1.3408
0.339753
-1.1318
1.12078
-0.461265
-0.183485
0.569551
-0.455711
0.0914409
0.0307957
-0.0970271
0.21001
0.0736189
0.0432532
-0.169888
0.0685995
0.0275598
-0.259233
0.213015
-0.210193
0.0848405
0.671591
-1.07852
0.844977
0.309137
-1.66718
2.80133
-1.68956
-0.733675
3.16756
-3.30922
1.71411
0.399197
-1.95142
1.55527
-0.862667
-0.0446241
0.721213
-0.68559
0.253029
0.0873463
-0.309362
0.181112
0.00631537
0.00656362
0.0902117
