Number of particles: 100
Nmax: 16
Gamma: 0.5
Interaction type: contact
Step size: 7e-05
Batch size: 200000
Batch count: 100
             Batch number               Average n0          Fluctuations n0                   Energy           Particle count                 Momentum
                        1         4.83783676151928          4.1362687734007        13752.81334163236        100.0000105675378    -0.009259018176029477
                        2        4.717012570630509        4.256043250855932        13752.81220523934        100.0000067591722    -0.009259204991010517
                        3        4.788895465942122        4.478509335136924         13752.8109424147        100.0000026286554    -0.009259167519207523
                        4        5.067275499634155        4.666309744729748        13752.80982282095        99.99999886577575    -0.009258892691043741
                        5        5.174821727367759        4.869822532869135        13752.80859971846        99.99999484408409    -0.009258027650368206
                        6        4.980290826685854         4.56715140717327        13752.80723898666        99.99999047614109    -0.009257429444317289
                        7        5.296105674227529        4.637305117441238        13752.80591564962        99.99998621025037    -0.009256503730537435
                        8         5.46748460874191        4.661968292569211        13752.80463622882        99.99998203208868    -0.009255773640646225
                        9        4.940555486429065        4.348898717343788        13752.80338052156        99.99997793234078    -0.009256147705566597
                       10        5.429497639722871        5.015890190453216        13752.80202003087        99.99997355615916    -0.009256322896559865
                       11        5.162921776798347        4.441422628922882        13752.80080706875        99.99996954662831    -0.009256437148508212
                       12        5.623045657012057        5.275705519942898        13752.79963162794        99.99996562915827    -0.009255406486204265
                       13        5.477538955811055        5.008374334096084        13752.79838330944        99.99996153343172    -0.009255196341579897
                       14        5.362535114514944         5.04188520377756        13752.79715586366        99.99995747934665    -0.009254980421030012
                       15        5.338855620368386        4.693900776816738         13752.7958876684        99.99995332643869    -0.009255009488875032
                       16        5.374015210351224        5.146123805845652        13752.79465636923        99.99994926255278    -0.009254900305847968
                       17        5.465515383248462        5.030782304403288         13752.7934546868        99.99994528992858    -0.009254529680035262
                       18        5.536530776585643        5.079074130014978        13752.79225414296        99.99994130308281    -0.009255232022525206
                       19         5.18905873586336        4.756957177312422         13752.7910442547        99.99993731044596    -0.009254186038461398
                       20        5.092894908314791          4.6243291545735         13752.7897516184        99.99993310529179    -0.009254467267012956
                       21        5.049561793273529        4.792890516082114        13752.78851595631        99.99992905159235    -0.009254414260410293
                       22        5.048825443675807        4.704572424575073        13752.78719540549        99.99992477792807    -0.009252362314462914
                       23        4.898163800296581        4.493811477376819        13752.78606286441        99.99992097217634    -0.009252200086184104
                       24        5.222130592519967        4.906226531183197        13752.78485041749        99.99991697350869    -0.009252741547212118
                       25        5.049544992601844        4.989431340251507         13752.7835117202        99.99991265460611    -0.009253080131762736
                       26        4.817974446758166        4.374180654446632        13752.78234101611        99.99990875909997    -0.009252623132915971
                       27        5.076054681915182        4.660875645635875        13752.78112722281         99.9999047569781     -0.00925186215349072
                       28         5.28586605169111        4.709672145016189        13752.77997394203        99.99990091683451    -0.009251881262045458
                       29        5.114270740118587         4.80020722137665        13752.77857465624        99.99989645616611    -0.009251622148497063
                       30        5.267905758263336        4.825230792129036        13752.77736664359         99.9998924486211    -0.009250969304730461
                       31        4.997299378952867        4.543314354396184        13752.77623125671        99.99988864845385     -0.00925237842359472
                       32        4.864383781268963        4.404995923387482        13752.77506457659        99.99988476191051     -0.00925199024623069
                       33        5.405557270677647        4.989658808539051        13752.77378776947        99.99988058598315    -0.009252362937914427
                       34        5.572595205121023        4.650154904935659        13752.77255169432        99.99987651134433    -0.009251019499631141
                       35        5.498106799480415        5.137807134903512        13752.77132518618        99.99987247543726    -0.009252558775420638
                       36        5.584665874155808        5.543492644761429        13752.76992305683        99.99986801183333    -0.009253893823206738
                       37        5.582000426650437        5.016730145543546        13752.76847976958        99.99986343348438    -0.009253740118047915
                       38        5.206248582498022         4.85412627229505        13752.76730549302        99.99985951018404    -0.009254186089838079
                       39        4.829332901885413        4.482072664944644        13752.76615821964        99.99985566921957     -0.00925348834278239
                       40        5.462021880384215        4.843139411409465        13752.76484333375        99.99985140082437    -0.009254049808026465
                       41        5.162175150336643        4.783703814695688        13752.76362101184        99.99984737041518    -0.009253738500397901
                       42        5.313431710159198        4.864867365248603        13752.76231358552        99.99984313090914    -0.009253257450168917
                       43        4.841379795706231        4.661739155509351        13752.76117820698        99.99983932757931    -0.009253605818642541
                       44        5.747532559991845        5.141346075282084        13752.75985892213        99.99983504273115    -0.009253875886059859
                       45          4.8220355393653        4.432607759763333        13752.75861684929        99.99983096606923    -0.009253686028824148
                       46        4.769642689162466        4.523108222304919        13752.75754114604        99.99982732347631    -0.009253420452594696
                       47        4.769649502359129        4.480675500153223        13752.75638950148        99.99982348749781    -0.009252698376789326
                       48        4.755017674013652        4.411096476880126        13752.75527141224        99.99981972300925    -0.009251755533437489
                       49        5.348790115855102        4.757111276546418        13752.75392847618        99.99981541363552    -0.009252107541442456
                       50        5.259203252694816        4.820391329772537        13752.75267595478         99.9998113270448    -0.009253781713638887
                       51        5.346379621809963        4.598638326993502        13752.75137456318        99.99980711020979    -0.009253650580959061
                       52        4.997974451990133        4.637217023568737        13752.74999651096        99.99980268720603    -0.009253875426466607
                       53        4.757127276109766        4.517387458815955        13752.74885575631        99.99979887556189    -0.009254390469770613
                       54         4.85123165011201        4.729778715251565        13752.74769522234        99.99979501206816    -0.009254783655411103
                       55        4.590760652227284        4.299517481614889         13752.7464429888        99.99979091397073     -0.00925527789791758
                       56        5.203054297590768        5.027433606548855        13752.74520858843        99.99978685261313    -0.009255244309152033
                       57        5.431110640308892        5.118809660415814         13752.7440607433        99.99978301525442    -0.009254808513718515
                       58        5.429727063347876        5.087366438041969        13752.74288883085        99.99977911454377    -0.009254345776710693
                       59        5.481533232168528        4.974296870728814         13752.7415347935        99.99977475072821     -0.00925376096358832
                       60        4.712761158807882        4.570317918290798        13752.74038310559        99.99977091662173     -0.00925504151236467
                       61        5.371643264873219        4.696918321569621        13752.73913052556        99.99976683128901    -0.009254993467468609
                       62        5.045667513270189        4.918028425491483         13752.7379238696        99.99976285041234    -0.009255223780897381
                       63        5.413045233894889        5.070382624388794        13752.73675858665        99.99975897786754    -0.009254454314920224
                       64        4.872747652172166        4.539665563754217        13752.73561221261        99.99975514214761    -0.009252764818150183
                       65        4.922965608545162        4.513323168283016        13752.73436814046        99.99975105562783    -0.009251952589565349
                       66        5.022433541723391        4.582853951697468        13752.73313711229        99.99974701121607     -0.00925231099786572
                       67        4.786159221244202        4.256695416972228        13752.73197877349        99.99974314802905    -0.009251912062362422
                       68        4.981459551465711        4.562454123669944        13752.73077803769        99.99973918330846    -0.009251198564033558
                       69        4.982096296716683        4.223494732041424        13752.72964337695        99.99973537561357    -0.009250657061517842
                       70        5.658149506147296        4.928788717004419        13752.72838214711        99.99973124770872    -0.009250210130342218
                       71        4.925379065036015         4.91242881303605        13752.72717547579        99.99972726624652    -0.009248921436846302
                       72        5.430489012644948        4.946507570257185        13752.72594116991        99.99972320537408     -0.00924908434313032
                       73        5.301020457449337        4.658984235120236        13752.72463083229        99.99971896344451    -0.009248092570599553
                       74        5.308244268700578        4.597045050008267        13752.72338328894        99.99971487745277    -0.009247462202534251
                       75        5.398061219436356        4.806286705504403        13752.72211434078        99.99971073024733    -0.009247181922368952
                       76        5.056275244124478        4.341423030113746        13752.72079333823        99.99970646438123    -0.009247627991410212
                       77        5.055708835152899        4.631534127222288        13752.71960237541        99.99970251622337    -0.009246972180108948
                       78        5.087208880605236        4.710604274037282        13752.71847073511        99.99969872662626    -0.009246912979136823
                       79        4.598640122751962        4.223133981210994        13752.71725659891        99.99969472994228    -0.009248043677548168
                       80        5.257242188783774        4.757031102915175         13752.7160190817        99.99969067372969    -0.009247415678292015
                       81        4.839573582999143         4.47652655524806        13752.71481571869        99.99968669548119    -0.009247705473914181
                       82        5.050481004615537        4.548320302863244        13752.71363472276        99.99968276203056    -0.009248061080800341
                       83         4.77969780596687        4.210891780528701         13752.7124363388        99.99967880844159    -0.009247598428661519
                       84        4.946346035449749        4.575295490611107        13752.71128957768        99.99967497129644    -0.009247417819466364
                       85        5.041981173623732        4.583723270050854        13752.71004360223        99.99967087731669    -0.009247687513553871
                       86        5.598254055185086        4.989436816348639        13752.70871744657        99.99966658437988    -0.009247545073083785
                       87        5.053558039102297        4.621922954923988        13752.70752826756        99.99966264132144    -0.009247325724034638
                       88        5.446521637384143        5.093910929412779        13752.70629798647         99.9996585945125    -0.009247930873335974
                       89        5.106253871828824        4.699169797972534        13752.70511474618        99.99965465204345    -0.009248098520512116
                       90        5.284079536406686        4.834374549818237        13752.70383046486        99.99965045501112    -0.009249305937434116
                       91        5.466112257453537        4.889885435514384        13752.70255068152        99.99964629281004    -0.009250179405160708
                       92        5.118184375447196        4.694946143386871        13752.70128164554        99.99964213286357    -0.009251042703771972
                       93        5.229229854570492         4.97563580171791         13752.7000351763        99.99963802546519    -0.009250425413945607
                       94        5.193948910827096        4.824471767284918        13752.69867318092        99.99963364819163    -0.009250428749382422
                       95        4.878000711443076        4.652836525799059        13752.69742083404        99.99962954168075     -0.00925013519427953
                       96        4.662215553226699        4.321732322125047        13752.69625550354        99.99962564857398    -0.009249812171287175
                       97        5.379109638616757        4.857807313808448        13752.69508863879        99.99962177048785    -0.009250287632191601
                       98        4.903103936274002        4.403968823886001        13752.69380848462        99.99961759697958    -0.009249410513815448
                       99        5.394984618453731        4.956462138247525        13752.69259628606        99.99961358298388    -0.009249385001126598
                      100        5.004845878556186        4.732677926606801        13752.69130432054        99.99960938572482     -0.00924972454066264

Final average n0: 5.145968359982452
Final fluctuations n0: 4.732424985602941

Averages:
4.83783676151928
4.717012570630509
4.788895465942122
5.067275499634155
5.174821727367759
4.980290826685854
5.296105674227529
5.46748460874191
4.940555486429065
5.429497639722871
5.162921776798347
5.623045657012057
5.477538955811055
5.362535114514944
5.338855620368386
5.374015210351224
5.465515383248462
5.536530776585643
5.18905873586336
5.092894908314791
5.049561793273529
5.048825443675807
4.898163800296581
5.222130592519967
5.049544992601844
4.817974446758166
5.076054681915182
5.28586605169111
5.114270740118587
5.267905758263336
4.997299378952867
4.864383781268963
5.405557270677647
5.572595205121023
5.498106799480415
5.584665874155808
5.582000426650437
5.206248582498022
4.829332901885413
5.462021880384215
5.162175150336643
5.313431710159198
4.841379795706231
5.747532559991845
4.8220355393653
4.769642689162466
4.769649502359129
4.755017674013652
5.348790115855102
5.259203252694816
5.346379621809963
4.997974451990133
4.757127276109766
4.85123165011201
4.590760652227284
5.203054297590768
5.431110640308892
5.429727063347876
5.481533232168528
4.712761158807882
5.371643264873219
5.045667513270189
5.413045233894889
4.872747652172166
4.922965608545162
5.022433541723391
4.786159221244202
4.981459551465711
4.982096296716683
5.658149506147296
4.925379065036015
5.430489012644948
5.301020457449337
5.308244268700578
5.398061219436356
5.056275244124478
5.055708835152899
5.087208880605236
4.598640122751962
5.257242188783774
4.839573582999143
5.050481004615537
4.77969780596687
4.946346035449749
5.041981173623732
5.598254055185086
5.053558039102297
5.446521637384143
5.106253871828824
5.284079536406686
5.466112257453537
5.118184375447196
5.229229854570492
5.193948910827096
4.878000711443076
4.662215553226699
5.379109638616757
4.903103936274002
5.394984618453731
5.004845878556186

Fluctuations:
4.1362687734007
4.256043250855932
4.478509335136924
4.666309744729748
4.869822532869135
4.56715140717327
4.637305117441238
4.661968292569211
4.348898717343788
5.015890190453216
4.441422628922882
5.275705519942898
5.008374334096084
5.04188520377756
4.693900776816738
5.146123805845652
5.030782304403288
5.079074130014978
4.756957177312422
4.6243291545735
4.792890516082114
4.704572424575073
4.493811477376819
4.906226531183197
4.989431340251507
4.374180654446632
4.660875645635875
4.709672145016189
4.80020722137665
4.825230792129036
4.543314354396184
4.404995923387482
4.989658808539051
4.650154904935659
5.137807134903512
5.543492644761429
5.016730145543546
4.85412627229505
4.482072664944644
4.843139411409465
4.783703814695688
4.864867365248603
4.661739155509351
5.141346075282084
4.432607759763333
4.523108222304919
4.480675500153223
4.411096476880126
4.757111276546418
4.820391329772537
4.598638326993502
4.637217023568737
4.517387458815955
4.729778715251565
4.299517481614889
5.027433606548855
5.118809660415814
5.087366438041969
4.974296870728814
4.570317918290798
4.696918321569621
4.918028425491483
5.070382624388794
4.539665563754217
4.513323168283016
4.582853951697468
4.256695416972228
4.562454123669944
4.223494732041424
4.928788717004419
4.91242881303605
4.946507570257185
4.658984235120236
4.597045050008267
4.806286705504403
4.341423030113746
4.631534127222288
4.710604274037282
4.223133981210994
4.757031102915175
4.47652655524806
4.548320302863244
4.210891780528701
4.575295490611107
4.583723270050854
4.989436816348639
4.621922954923988
5.093910929412779
4.699169797972534
4.834374549818237
4.889885435514384
4.694946143386871
4.97563580171791
4.824471767284918
4.652836525799059
4.321732322125047
4.857807313808448
4.403968823886001
4.956462138247525
4.732677926606801

Last point and parameters for further simulation:
100
16
0.5
contact

0.6980318019115948
-0.4743611015749348
-0.2471912472407245
0.7376301152719276
-0.287222018420863
1.671924196802653
-2.343782283034365
0.01609613794058935
0.6720292527306095
-0.3102512140301913
0.3031328815057164
1.845691182846589
-0.02352721051833363
2.523396252484085
0.3892724012517373
-1.214878615109916
2.425385329044421
0.08919453759404145
-0.03404095809537112
-0.5343748169725172
0.4037548793655972
0.006371987330296074
-0.02463022484300469
0.7077183207841603
0.9247561625198601
-0.8411665594055636
0.1676477031041163
0.4180146868058214
-0.2235033034874837
0.03232300654487308
0.7794880101900934
0.05535000106476572
0.3587847097820687
0.8420847108879833
-0.5346008004296924
-1.26462907662776
0.6709968581579991
0.2962613598100608
-1.742886878308407
1.086097438305263
-0.359399776536017
0.9009825583744574
2.729567807331475
1.404803450007893
1.123652446845899
2.190007429099574
1.017941259801665
0.948775241829579
0.5996936036549894
0.9399310794192761
-0.3293042540697042
2.131525524982997
-0.3370319488079631
-3.587575743862301
0.3980093784902437
-0.6033198132585758
1.681743924676423
-3.012682002074017
-1.264151625089177
0.1780176694224932
-0.4780595316273766
1.9842067452483
1.49829711315432
-0.7939172284461555
-0.6466369660052524
-1.663365890168604

Final quantities:
5.145968359982452
4.732424985602941
