Number of particles: 100
Nmax: 17
Gamma: 0.5
Interaction type: contact
Step size: 7e-05
Batch size: 200000
Batch count: 100
             Batch number               Average n0          Fluctuations n0                   Energy           Particle count                 Momentum
                        1        4.891415318738306        4.535561945414657        14816.66316158459        99.99993306694498      0.04357881430829114
                        2        4.937099997278852        4.408984088029131        14816.66141516133        99.99992761587234      0.04357886730292648
                        3        5.178487508484888        4.516911241172504        14816.65949068428         99.9999217420647       0.0435812527624444
                        4        4.512737534685447        4.391315346657644        14816.65780303644        99.99991643606117      0.04358104059929957
                        5        4.815606175157664        4.541283656934386        14816.65601900632        99.99991087418347      0.04358038521741836
                        6        5.183961734912412        4.788459064552651        14816.65420099086        99.99990525284349      0.04358145661529989
                        7        4.514803894344925         4.20537215890449        14816.65260558203        99.99990015805335      0.04358129826849932
                        8        4.311371997219884        4.190278218838693        14816.65086319672        99.99989470802599      0.04358094894622866
                        9        5.429361209881277        4.924462770733828        14816.64897484305        99.99988891743716      0.04358162100754726
                       10        4.817854134602275        4.410044730993573        14816.64724402098        99.99988350372573      0.04358372493837237
                       11        4.503736710412489        4.078977066599382        14816.64567833944        99.99987849504284      0.04358461082575715
                       12        5.431521954737804        4.719464119321266        14816.64387671653        99.99987288969862      0.04358471136198716
                       13        4.778339998141657         4.24232596786445        14816.64214002393        99.99986747572358      0.04358442158370934
                       14        4.827013043348384         4.41702264399475         14816.6404925726        99.99986226332452      0.04358527082208674
                       15        4.730501267440066         4.33008250016031        14816.63875266564        99.99985682145793      0.04358368152314362
                       16        4.523364985546823        4.310999202398587        14816.63707128449        99.99985153540409      0.04358533742946591
                       17        4.885850242879975        4.594087528540752        14816.63523539942        99.99984586973096      0.04358655567354219
                       18        4.552198634395064        3.842451231303934        14816.63364470304        99.99984078569499       0.0435854035475387
                       19         4.55888664581027        4.084905782319256        14816.63212369063        99.99983587284098      0.04358564254236086
                       20        4.748925530029535         4.38727771964139        14816.63037068984        99.99983037791186       0.0435841998345019
                       21        5.090089369557877        4.403136595650546        14816.62874984795         99.9998252438574      0.04358448210517807
                       22        4.582067995029298         4.30461895139604        14816.62705603398        99.99981993349472      0.04358586008953402
                       23        4.053050604222828        3.798683803758933        14816.62550188045        99.99981495721644       0.0435861128007673
                       24        4.582824163296653        3.976936867911486        14816.62392669527        99.99980990472307      0.04358677971427483
                       25        4.963240467158054        4.601029538897436        14816.62208725796        99.99980422308451      0.04358598936699565
                       26        5.115315276045167        4.698510186710551        14816.62030774419        99.99979868083817      0.04358768035701033
                       27        4.423068573225849        4.107293293910438        14816.61876686255        99.99979372570151      0.04358778009983055
                       28        4.487339182665957        4.123258621018162        14816.61713828155        99.99978855476127      0.04358852026712512
                       29        4.787419686118429         4.33178604744605        14816.61529737688        99.99978288393491      0.04358861182759455
                       30        4.608746383062013        4.319889711204135        14816.61372515061        99.99977782940881      0.04358885862369277
                       31        4.847445631128348        4.697967918272925        14816.61202561306        99.99977249593546      0.04358812484019126
                       32        4.818815697301488        4.334424399463892        14816.61023790981        99.99976697117921      0.04358798519978535
                       33        5.236609643685934        4.612587645651715        14816.60841022371         99.9997613207989      0.04358510187222997
                       34        4.758723629593671        4.281939524433493        14816.60661882227        99.99975577327896      0.04358387975906197
                       35        4.746781028066521         4.18491909439011        14816.60496763472        99.99975055250813        0.043584566379268
                       36        4.926902345618601        4.334412482233765        14816.60331739955        99.99974531490385      0.04358452716745997
                       37        5.040177980531884        4.597838486978538        14816.60151899658        99.99973974786592      0.04358287613249878
                       38        4.353465137243606        4.052431933344882        14816.59988133152        99.99973457470534      0.04358275380663201
                       39        4.883970753021215        4.601678942599752        14816.59811929107        99.99972909262615      0.04358220880068409
                       40         5.20481507185151        4.723289942356324        14816.59627014493        99.99972340752218      0.04358361655292242
                       41         4.31290663156245        3.890105292847285        14816.59458138651        99.99971810449517      0.04358447665261878
                       42        4.629460062220026        4.244437164555327        14816.59277682143        99.99971249791929      0.04358313462098806
                       43        5.021098692321457         4.65398373201627        14816.59097151592        99.99970690641887      0.04358420610332558
                       44        4.271686025487636        3.858827516828238        14816.58925397899        99.99970151865261      0.04358460687527455
                       45        4.680277515450834        4.260495439076515        14816.58767402284        99.99969647411419      0.04358432760911057
                       46        4.676407727388158        4.378136821753072           14816.58594443        99.99969105093751      0.04358430853271855
                       47        4.721239261146077        4.393406834400095        14816.58407241164        99.99968529833936      0.04358381033078373
                       48        4.998363672757848        4.681188600812598        14816.58225951162         99.9996797187051      0.04358507375561516
                       49         4.95085094998901        4.521460187972742          14816.580407107        99.99967401573487      0.04358304358574294
                       50        4.978523873753746        4.571526919118709        14816.57859351925        99.99966839319235      0.04358398141055719
                       51        4.477308834318271        4.119160263407369        14816.57701174734        99.99966335844269      0.04358506313348798
                       52        4.962163030011566        4.602014109988102        14816.57528992326        99.99965795072663      0.04358552983277164
                       53        4.562271789622839        4.221633144146999        14816.57354040962        99.99965245404603      0.04358566015991272
                       54        5.066653346853773        4.515835293730524        14816.57186667807        99.99964716040131      0.04358498310856618
                       55         5.01639308861038        4.538405463832155        14816.57013376038        99.99964173219546      0.04358604237996033
                       56        4.789096043805416        4.096737582042492         14816.5684588375        99.99963643754903      0.04358560852513449
                       57        4.742296610451087        4.417327780397382        14816.56673014776        99.99963101298459      0.04358394702007828
                       58        5.178257394649931        4.667385338492141         14816.5649800904        99.99962555627972      0.04358272807535712
                       59        5.388768771135887         4.81347849970935        14816.56310581006        99.99961980584553      0.04358164886387073
                       60        4.174570387482889        4.081177536626794        14816.56151132092        99.99961471907504      0.04358311029963602
                       61        4.799843964663102         4.19688605297032        14816.55978657841        99.99960933135159      0.04358307806766959
                       62        4.270379916038376        4.000092161396105        14816.55791941075        99.99960357312459      0.04358452372726518
                       63        4.599699261387309        4.113834804149118        14816.55631320546        99.99959845568046      0.04358324600471164
                       64        5.014131021545979        4.734950534835422        14816.55457699031        99.99959303308141      0.04358298189083065
                       65         4.61838587513293        4.341265659861312        14816.55281640937        99.99958756136812      0.04358181114659132
                       66        4.243458676808491        4.182025334978026        14816.55113717369        99.99958229376952      0.04358307992062649
                       67         4.78616583671136        4.706881845806121        14816.54935943464        99.99957680101583      0.04358484296870557
                       68        5.253865287122081         4.86296270130032        14816.54758736473        99.99957127413337      0.04358437511866953
                       69        4.430804794779838        3.919163176482948        14816.54603217462        99.99956628966368      0.04358500762414153
                       70        4.416599835984863        4.212267937673287        14816.54445533652        99.99956123487689      0.04358452753732678
                       71        4.544692191274339        4.299206976142956        14816.54264136782        99.99955560537036       0.0435829039024469
                       72        4.304008888114876        3.906631254135188         14816.5410076525        99.99955043499367      0.04358138602320594
                       73        4.763469947036192        4.218769795861084        14816.53938196077        99.99954526879992      0.04358059916667401
                       74        4.619792051984763        4.104157172839814        14816.53764798128        99.99953984517299      0.04357956642953908
                       75        4.288400320512048        3.958303290368995        14816.53584519009         99.9995342647276      0.04357801778967296
                       76        4.441070701861214        4.338502140267544        14816.53422326313        99.99952911832214      0.04357624874140953
                       77        4.522600216887508        3.910618520516513        14816.53246103375        99.99952363428253      0.04357889873639209
                       78        4.424516529161268        4.227293381247668        14816.53075155278        99.99951827410101      0.04357859835025835
                       79        4.614436752938403        4.194800540901246        14816.52902085913        99.99951285125779      0.04357672861119166
                       80        4.743502037142771        4.440606670487513        14816.52708335106        99.99950693607752      0.04357829982713035
                       81        4.337121234472531        4.356951201481789        14816.52545778367        99.99950174582358      0.04357932964409805
                       82        4.599563033591316        4.130985242422692        14816.52375999629        99.99949642489921      0.04358022055202593
                       83        4.427765228359993        4.073461976663904        14816.52215286059        99.99949131248425      0.04357985853764923
                       84        4.909331868628297        4.406444477292901        14816.52046660815        99.99948601422699      0.04358072359595511
                       85        4.930846716244141        4.647787188436281        14816.51871683059        99.99948054923088      0.04358106983081456
                       86        5.006350106526629        4.576084105188721        14816.51695527487        99.99947506468753      0.04358104508154526
                       87        4.934269673037623        4.592620801588979        14816.51520998771        99.99946961373759      0.04358220144390756
                       88        4.917404610843833        4.235005723405196        14816.51360865221        99.99946451000982       0.0435827331208003
                       89        4.684872624114204        4.291522040663414        14816.51198180076        99.99945936393701      0.04358200431599712
                       90        4.835454950987212        4.271680456557167         14816.5102922166        99.99945403321792      0.04358154169907991
                       91        4.646263906138101        4.332648648710714        14816.50866492163        99.99944886923508      0.04358071589214774
                       92        4.535182105259879        4.202177934339285        14816.50689583379        99.99944334830214      0.04358009654881378
                       93        4.933473779414044        4.498934651872986         14816.5051677052        99.99943793212408      0.04357973461460318
                       94        4.669431059873832        4.110372872218283        14816.50335817747        99.99943232169522      0.04357750698693508
                       95        5.307964895479111        4.807486616626562        14816.50172820498        99.99942717086863      0.04357778919575139
                       96        4.526514549286104        4.192000619932914        14816.49997115487        99.99942171458214      0.04357858792806368
                       97        4.922948709048816        4.403561752995106        14816.49820491589        99.99941620328815      0.04357823757673529
                       98        4.796905659178062        4.405104610469878        14816.49645801742        99.99941078846469       0.0435777539361446
                       99        4.461286395146477        4.385878421140627        14816.49464440366        99.99940519243593      0.04357892834488197
                      100         4.46428857392879        3.920849365843264        14816.49303024566        99.99940007705456      0.04357904976768268

Final average n0: 4.737895646321388
Final fluctuations n0: 4.359755073424064

Averages:
4.891415318738306
4.937099997278852
5.178487508484888
4.512737534685447
4.815606175157664
5.183961734912412
4.514803894344925
4.311371997219884
5.429361209881277
4.817854134602275
4.503736710412489
5.431521954737804
4.778339998141657
4.827013043348384
4.730501267440066
4.523364985546823
4.885850242879975
4.552198634395064
4.55888664581027
4.748925530029535
5.090089369557877
4.582067995029298
4.053050604222828
4.582824163296653
4.963240467158054
5.115315276045167
4.423068573225849
4.487339182665957
4.787419686118429
4.608746383062013
4.847445631128348
4.818815697301488
5.236609643685934
4.758723629593671
4.746781028066521
4.926902345618601
5.040177980531884
4.353465137243606
4.883970753021215
5.20481507185151
4.31290663156245
4.629460062220026
5.021098692321457
4.271686025487636
4.680277515450834
4.676407727388158
4.721239261146077
4.998363672757848
4.95085094998901
4.978523873753746
4.477308834318271
4.962163030011566
4.562271789622839
5.066653346853773
5.01639308861038
4.789096043805416
4.742296610451087
5.178257394649931
5.388768771135887
4.174570387482889
4.799843964663102
4.270379916038376
4.599699261387309
5.014131021545979
4.61838587513293
4.243458676808491
4.78616583671136
5.253865287122081
4.430804794779838
4.416599835984863
4.544692191274339
4.304008888114876
4.763469947036192
4.619792051984763
4.288400320512048
4.441070701861214
4.522600216887508
4.424516529161268
4.614436752938403
4.743502037142771
4.337121234472531
4.599563033591316
4.427765228359993
4.909331868628297
4.930846716244141
5.006350106526629
4.934269673037623
4.917404610843833
4.684872624114204
4.835454950987212
4.646263906138101
4.535182105259879
4.933473779414044
4.669431059873832
5.307964895479111
4.526514549286104
4.922948709048816
4.796905659178062
4.461286395146477
4.46428857392879

Fluctuations:
4.535561945414657
4.408984088029131
4.516911241172504
4.391315346657644
4.541283656934386
4.788459064552651
4.20537215890449
4.190278218838693
4.924462770733828
4.410044730993573
4.078977066599382
4.719464119321266
4.24232596786445
4.41702264399475
4.33008250016031
4.310999202398587
4.594087528540752
3.842451231303934
4.084905782319256
4.38727771964139
4.403136595650546
4.30461895139604
3.798683803758933
3.976936867911486
4.601029538897436
4.698510186710551
4.107293293910438
4.123258621018162
4.33178604744605
4.319889711204135
4.697967918272925
4.334424399463892
4.612587645651715
4.281939524433493
4.18491909439011
4.334412482233765
4.597838486978538
4.052431933344882
4.601678942599752
4.723289942356324
3.890105292847285
4.244437164555327
4.65398373201627
3.858827516828238
4.260495439076515
4.378136821753072
4.393406834400095
4.681188600812598
4.521460187972742
4.571526919118709
4.119160263407369
4.602014109988102
4.221633144146999
4.515835293730524
4.538405463832155
4.096737582042492
4.417327780397382
4.667385338492141
4.81347849970935
4.081177536626794
4.19688605297032
4.000092161396105
4.113834804149118
4.734950534835422
4.341265659861312
4.182025334978026
4.706881845806121
4.86296270130032
3.919163176482948
4.212267937673287
4.299206976142956
3.906631254135188
4.218769795861084
4.104157172839814
3.958303290368995
4.338502140267544
3.910618520516513
4.227293381247668
4.194800540901246
4.440606670487513
4.356951201481789
4.130985242422692
4.073461976663904
4.406444477292901
4.647787188436281
4.576084105188721
4.592620801588979
4.235005723405196
4.291522040663414
4.271680456557167
4.332648648710714
4.202177934339285
4.498934651872986
4.110372872218283
4.807486616626562
4.192000619932914
4.403561752995106
4.405104610469878
4.385878421140627
3.920849365843264

Last point and parameters for further simulation:
100
17
0.5
contact

-0.04741466899713428
0.6064802419322727
0.4262723956456119
-0.6581233477145845
0.5409584639538908
-0.1708238188194398
0.2683750393506439
-0.7880191327136516
0.718766757456815
-1.833072989167168
0.8669351684131874
1.256895520184975
0.4299830974888766
-1.076353592977659
-0.9887250022262692
-1.69082739640153
-1.076552063308277
0.2445572832454318
-1.166546756418529
-0.9638870137953309
3.692072510624002
0.453862375012723
2.56688159448363
1.499735610588565
-0.8182266028542567
-0.3054288516682811
-0.1916894882251569
-1.061035720433376
0.2699043796183969
-1.011352381651566
1.355133844819304
-0.1624115177802034
-0.4604342860584069
-1.058622706877806
1.49702473413794
1.048623786423297
0.3181468304815583
0.8674753456400394
-2.159173422494368
-0.04332157869676988
1.289609168657394
0.999456529517795
1.354545007015964
-1.538444799182117
1.28497050687562
-2.088689648314626
2.770158545177319
1.159049636741261
0.6650915153992011
0.1363757061636927
-1.102263019091177
-1.063436623932469
1.780644418876412
0.9269273000900753
0.507052964387825
0.6499815876555294
-0.3655681545349525
1.135296646990906
0.1290412889416546
-0.8868987833704196
2.774850821054374
0.4824894523843002
0.9594620202020882
-1.072451315186901
0.05714295270470574
1.289047151100916
1.160000432341133
-0.769610183896512
-0.04484576175043409
0.3285302699614645

Final quantities:
4.737895646321388
4.359755073424064
