Number of particles: 100
Nmax: 19
Gamma: 0.5
Interaction type: contact
Step size: 7e-05
Batch size: 200000
Batch count: 100
             Batch number               Average n0          Fluctuations n0                   Energy           Particle count                 Momentum
                        1        4.365038722062777        3.890818981237624        17115.66692784462        100.0000405894128      0.02576953559663764
                        2        3.810765400462881        3.406991447933511        17115.66390073682        100.0000317707743      0.02577064087804359
                        3        4.249468549860958         4.02223700589918        17115.66075742357        100.0000227087862      0.02576913362622335
                        4        3.537183775279471        3.296922706741035         17115.6577459444        100.0000139169847      0.02577109237761732
                        5        4.047293874380631        3.844737577476496        17115.65455629748        100.0000047187347      0.02577192330264921
                        6         4.28795341665711        3.968888777135604        17115.65121270227        99.99999520265095      0.02577119751469148
                        7        3.528191441062196        3.476192609732737        17115.64839736557        99.99998687845519      0.02577429332162495
                        8        4.594822941136135        4.142868795912299        17115.64507771284         99.9999774216804      0.02577373442114439
                        9        3.774636217034762        3.572323909111327        17115.64204790728        99.99996860395612      0.02577378198274971
                       10         4.29288341626134        3.898132764461576        17115.63853955855        99.99995872090595      0.02577554868806153
                       11        3.753357838719535        3.588411663611307        17115.63573003847        99.99995037144015      0.02577471964588174
                       12        4.063978890253117        3.680863419482265        17115.63249670007        99.99994107995728      0.02577486075856861
                       13        4.056760120706844        3.596820860618273        17115.62936847099        99.99993203905132      0.02577047960558332
                       14        4.157175907694298        3.984770466099626        17115.62627338692        99.99992304143329      0.02577248527313003
                       15        4.039161682426918        3.827194754863967        17115.62338817165        99.99991453803102      0.02577128314622357
                       16        3.866222942532057        3.471958276513327        17115.62017456685        99.99990529627136      0.02576997494597855
                       17        3.795471082195481        3.340830482696263        17115.61697626694         99.9998961181371      0.02576997860573726
                       18        4.093338120419268        3.731714136441432        17115.61364858753        99.99988666500798      0.02577388877185882
                       19          3.8749418019744        3.568089224125567        17115.61066945406        99.99987794507575      0.02577258379769276
                       20         3.50171264051494         3.33582814511456        17115.60736393122        99.99986852903902      0.02577002757533531
                       21        3.897291165105985         3.72138442444542         17115.6037907103        99.99985856806084      0.02576737730380252
                       22        3.885013600542247        3.518993862274105        17115.60065892402         99.9998495087296      0.02576675468971601
                       23        4.029641722357056        3.577277724401898        17115.59757533969        99.99984056064788      0.02576827902130141
                       24        4.063889077713763         3.85171143786888        17115.59447847908        99.99983152020432      0.02576935821957171
                       25        3.785177924750957        3.579960824527799         17115.5914072222        99.99982260535613      0.02576996304511425
                       26        3.956176293530162        3.632679219218782        17115.58785696618        99.99981263749355      0.02576912281214128
                       27         3.41196010859022        3.077739141293912        17115.58481999421        99.99980378763719       0.0257683870770542
                       28        4.197254141071415        3.781187510101206        17115.58147340682        99.99979426793858      0.02577403143028789
                       29        4.091604454135249        3.800111533198412        17115.57834430736        99.99978524391318      0.02577453088974124
                       30        3.751805304162841        3.799776944220843        17115.57532128404        99.99977643494782      0.02577657944555689
                       31        3.881265983809364        3.596810933558488        17115.57219864366        99.99976739796466      0.02577845665268796
                       32        3.510701675192042        3.315656652372062        17115.56925136373         99.9997587734925      0.02577895656097162
                       33        3.941090068248881        3.511834081005693        17115.56627516033        99.99975005065646      0.02577818964660539
                       34        4.179952313734834         3.96804184657071        17115.56299030508        99.99974066048932      0.02577928155698572
                       35        3.315061035045459        3.083762527324417        17115.56030038897        99.99973260455698      0.02577890096609181
                       36        3.971995955834703        3.693590358719703        17115.55733226386        99.99972395729652      0.02578291186312809
                       37        4.060007791080101        3.579247812256591         17115.5539327052        99.99971434316937      0.02578316846340645
                       38        4.157361318559893        3.740579623100392        17115.55035349761         99.9997043687995      0.02578277850051691
                       39        3.595589461354875        3.533563163380595        17115.54715926174        99.99969514825699      0.02578334918923275
                       40        4.426822471497837        3.863546007539536        17115.54372685037         99.9996854293026      0.02578483602269088
                       41        4.007694126685214        3.736186997142061        17115.54064618995        99.99967645087538      0.02578457213967056
                       42        4.229494065094572         3.92340393213953        17115.53736213114        99.99966704260034      0.02578330792271544
                       43        3.966274114443573        3.650178777097684         17115.5339492341        99.99965738256527      0.02578253691508436
                       44        4.476627915316632        4.055621054696749        17115.53038135991         99.9996474167669      0.02578406024758984
                       45        3.798879443057588        3.429225782726274         17115.5271126827        99.99963812645159       0.0257835612573043
                       46        4.025997231741558        3.739485057024696        17115.52400096463        99.99962908902134       0.0257850150599781
                       47        4.002193443556068        3.821386731515672        17115.52091245817        99.99962016722681      0.02578417767966457
                       48         3.77051666132459        3.559797065753151          17115.517935727        99.99961146797536      0.02578526503301504
                       49        3.762657672883189        3.505547857429163        17115.51486737938        99.99960252748312      0.02578819039352176
                       50        4.099856888456718        3.570138311144215        17115.51184612036         99.9995936964723       0.0257900723074922
                       51        4.017790656805772         3.76905180424256        17115.50884588776        99.99958492629347      0.02578962320744793
                       52        4.240623154088203        3.922340950756528        17115.50544251408        99.99957526632917      0.02578816668646722
                       53        3.711636269731783        3.629361917240705        17115.50234319536        99.99956625620248      0.02578494139838483
                       54        4.072980742602994         4.09269477582651        17115.49892466696        99.99955663252446      0.02578276112920008
                       55        4.594090993021527        4.262846115377213        17115.49554463295        99.99954705441647      0.02577998740080378
                       56        3.885713473274096        3.506245095252231        17115.49252488412        99.99953822862092      0.02577875318906564
                       57        3.727690565074085        3.476126553664121        17115.48933405383        99.99952902834842      0.02577929575714677
                       58        4.093562928313899        3.682892806332425        17115.48612630295        99.99951980839911      0.02577714020865329
                       59        3.981754997536632        3.762722036996825        17115.48278249399        99.99951026448285      0.02577670463928339
                       60        3.721423038199676        3.390149612283864        17115.47961814088        99.99950115594378      0.02577649205036536
                       61        3.486420526144181        3.358007935806274         17115.4767481399        99.99949268804845      0.02577503591698971
                       62        3.745579130979652        3.541545299262531        17115.47354625793         99.9994835184942      0.02577257454180248
                       63        3.596286402767316        3.407536333685776        17115.47066366262        99.99947503350668       0.0257732298698059
                       64        4.346827469305791        4.068256766514613        17115.46739348293        99.99946562967217      0.02577137180151468
                       65        3.319844854978668        3.045546053493899        17115.46476078684        99.99945765570148      0.02577114437976569
                       66         4.39143725042768        4.097174517699685        17115.46142818657        99.99944814328647      0.02577179642550576
                       67        4.077632524611225        3.766563280588986        17115.45829006944        99.99943906270023      0.02577170414677532
                       68        4.058998337835761        3.770092621996053         17115.4549552791        99.99942952110869      0.02576935900581745
                       69        3.867233034905953        3.614360426357988        17115.45172297844        99.99942022496445      0.02576693955285236
                       70        3.785849446072681         3.35243190115852        17115.44849802323        99.99941097019932      0.02576657051140074
                       71         3.94632541566036        3.718504185855672        17115.44554764875        99.99940227683308      0.02576484043106309
                       72        4.148965444671817        3.759483076365765        17115.44204236567        99.99939240591712      0.02576321936914994
                       73        4.141666687578108        3.836125257012028        17115.43895882287        99.99938342542615      0.02576428103471962
                       74        4.263793678250505        4.006257497448115        17115.43596354801        99.99937464430478      0.02576792867315447
                       75        4.094855502060833        3.819588998048947        17115.43291069108        99.99936572377491      0.02576929332411737
                       76        4.024270160427568         3.67753505311893        17115.42989243416        99.99935691233003       0.0257715823894884
                       77         4.23853227439058        3.750441070915726        17115.42686655867        99.99934806992881      0.02577269111365865
                       78        3.794299779148353        3.294219964421152        17115.42365583047        99.99933882607776      0.02577081136137238
                       79        4.146037231202301        3.833547379518054        17115.42047168381        99.99932971261066      0.02576952384896458
                       80        4.467462803999626        4.112230317860147        17115.41728835386        99.99932056711802      0.02577004664874494
                       81        4.388903497796441        3.933677119640071        17115.41418707294        99.99931156106182      0.02576764085787175
                       82         3.71025595438827        3.357358926392262        17115.41098396347        99.99930229897535      0.02576885368600301
                       83        3.720758863118768        3.535936569623365        17115.40789004018        99.99929336011893      0.02576720557904011
                       84        3.963810009583303        3.636260769908278         17115.4047902336        99.99928439648066      0.02576603792434273
                       85         3.92350176568176        3.712022731340139         17115.4015078959        99.99927506130966      0.02576439919251783
                       86        3.930054446960968        3.540435625664414        17115.39845846768         99.9992661962531      0.02576535824485582
                       87        3.937638983116698        3.512140744816443        17115.39540926284        99.99925732044774      0.02576801802576156
                       88        3.943563337407454        3.716680874308348        17115.39228902664        99.99924826053214      0.02576732662070924
                       89        4.128561040414585        3.948097707995327        17115.38901922066        99.99923891621884      0.02576507941690398
                       90        4.025771470938309        3.620562598223764        17115.38564730776        99.99922932898797      0.02576672364318178
                       91        4.028146061198267        3.548415248126745         17115.3825395226         99.9992203183909      0.02576791664492006
                       92        4.486112471282141        4.182467047651941        17115.37931862605         99.9992110317425       0.0257679732410061
                       93        4.149628503632443        3.839688048029327        17115.37624020063        99.99920210239451      0.02577032076360553
                       94          4.1174969126476        3.895079060021359         17115.3731834789          99.999193228653      0.02577124079419946
                       95        3.692472894492733        3.381461006316492        17115.37000903575        99.99918404658987      0.02577032250938771
                       96        3.854377365601781        3.567314635950497        17115.36679889176         99.9991748279117      0.02576794293999285
                       97        4.053408744928156        3.902535996639607        17115.36375900091        99.99916596671396      0.02576637388637693
                       98         3.88207439517836        3.669055624630303        17115.36072175443        99.99915710440379      0.02576700701352763
                       99         3.81252616506036        3.427468549719501        17115.35790611213        99.99914871563091      0.02576767347600395
                      100         4.12346729068044        3.766935910070192        17115.35488161706        99.99913991725749      0.02576791213197538

Final average n0: 3.978023271586891
Final fluctuations n0: 3.696320305155111

Averages:
4.365038722062777
3.810765400462881
4.249468549860958
3.537183775279471
4.047293874380631
4.28795341665711
3.528191441062196
4.594822941136135
3.774636217034762
4.29288341626134
3.753357838719535
4.063978890253117
4.056760120706844
4.157175907694298
4.039161682426918
3.866222942532057
3.795471082195481
4.093338120419268
3.8749418019744
3.50171264051494
3.897291165105985
3.885013600542247
4.029641722357056
4.063889077713763
3.785177924750957
3.956176293530162
3.41196010859022
4.197254141071415
4.091604454135249
3.751805304162841
3.881265983809364
3.510701675192042
3.941090068248881
4.179952313734834
3.315061035045459
3.971995955834703
4.060007791080101
4.157361318559893
3.595589461354875
4.426822471497837
4.007694126685214
4.229494065094572
3.966274114443573
4.476627915316632
3.798879443057588
4.025997231741558
4.002193443556068
3.77051666132459
3.762657672883189
4.099856888456718
4.017790656805772
4.240623154088203
3.711636269731783
4.072980742602994
4.594090993021527
3.885713473274096
3.727690565074085
4.093562928313899
3.981754997536632
3.721423038199676
3.486420526144181
3.745579130979652
3.596286402767316
4.346827469305791
3.319844854978668
4.39143725042768
4.077632524611225
4.058998337835761
3.867233034905953
3.785849446072681
3.94632541566036
4.148965444671817
4.141666687578108
4.263793678250505
4.094855502060833
4.024270160427568
4.23853227439058
3.794299779148353
4.146037231202301
4.467462803999626
4.388903497796441
3.71025595438827
3.720758863118768
3.963810009583303
3.92350176568176
3.930054446960968
3.937638983116698
3.943563337407454
4.128561040414585
4.025771470938309
4.028146061198267
4.486112471282141
4.149628503632443
4.1174969126476
3.692472894492733
3.854377365601781
4.053408744928156
3.88207439517836
3.81252616506036
4.12346729068044

Fluctuations:
3.890818981237624
3.406991447933511
4.02223700589918
3.296922706741035
3.844737577476496
3.968888777135604
3.476192609732737
4.142868795912299
3.572323909111327
3.898132764461576
3.588411663611307
3.680863419482265
3.596820860618273
3.984770466099626
3.827194754863967
3.471958276513327
3.340830482696263
3.731714136441432
3.568089224125567
3.33582814511456
3.72138442444542
3.518993862274105
3.577277724401898
3.85171143786888
3.579960824527799
3.632679219218782
3.077739141293912
3.781187510101206
3.800111533198412
3.799776944220843
3.596810933558488
3.315656652372062
3.511834081005693
3.96804184657071
3.083762527324417
3.693590358719703
3.579247812256591
3.740579623100392
3.533563163380595
3.863546007539536
3.736186997142061
3.92340393213953
3.650178777097684
4.055621054696749
3.429225782726274
3.739485057024696
3.821386731515672
3.559797065753151
3.505547857429163
3.570138311144215
3.76905180424256
3.922340950756528
3.629361917240705
4.09269477582651
4.262846115377213
3.506245095252231
3.476126553664121
3.682892806332425
3.762722036996825
3.390149612283864
3.358007935806274
3.541545299262531
3.407536333685776
4.068256766514613
3.045546053493899
4.097174517699685
3.766563280588986
3.770092621996053
3.614360426357988
3.35243190115852
3.718504185855672
3.759483076365765
3.836125257012028
4.006257497448115
3.819588998048947
3.67753505311893
3.750441070915726
3.294219964421152
3.833547379518054
4.112230317860147
3.933677119640071
3.357358926392262
3.535936569623365
3.636260769908278
3.712022731340139
3.540435625664414
3.512140744816443
3.716680874308348
3.948097707995327
3.620562598223764
3.548415248126745
4.182467047651941
3.839688048029327
3.895079060021359
3.381461006316492
3.567314635950497
3.902535996639607
3.669055624630303
3.427468549719501
3.766935910070192

Last point and parameters for further simulation:
100
19
0.5
contact

-1.192657898194784
-0.03278039341672429
0.2064577807396768
1.121020618945143
-1.032351594582588
-0.6468035845002397
1.018749184869263
0.5447891907638766
0.6083460550761741
0.954493843489279
0.3149661523946845
1.565422345558293
-1.265718947787028
-0.1764563184827394
-0.9903517864997495
1.171434216651305
-0.3229161986959249
-0.3611746065973481
1.562806849403012
0.8361986674115088
-2.185959263151739
-0.2901452356949096
0.6821658990280484
-3.573472479384337e-05
-0.8641624933710662
-3.113856951419211
-1.031542516580951
-1.347614141111804
0.03242315362818149
0.1709430645091336
1.199023459243481
-0.2550530297905887
1.175641368277743
0.0703386861976296
-0.9620894717575299
-1.177892051983682
0.4561145613047839
-1.309234098962128
-0.4849124232156177
-1.295966222940324
0.1145197474289065
-1.483259967049716
-1.438683196680634
0.7286006830484869
0.1760977174854117
1.358172585751682
-0.9559929028232498
-0.3768661339022805
0.56907294413623
0.8677945183681067
-0.7249113396220219
1.060333102875531
-0.301912460843321
1.167781966883185
1.069318628649359
2.501157403299406
-2.609859608359917
2.577164351041746
0.04404857119364741
-0.2753334041710954
1.96877084049186
1.873046936013931
0.8710887909846063
-2.190243339657054
0.219893292692775
-0.5283297259588958
-1.215852044726569
-1.255859509426981
0.7837854717446844
-0.4418277717965765
0.8526092101099596
0.229796317809597
1.482828926709691
-0.06082678119676397
0.4669264158745688
1.506642697480749
0.1299917339145148
0.2572047439967524

Final quantities:
3.978023271586891
3.696320305155111
