Number of particles: 100
Nmax: 20
Gamma: 0.5
Interaction type: contact
Step size: 7e-05
Batch size: 200000
Batch count: 100
             Batch number               Average n0          Fluctuations n0                   Energy           Particle count                 Momentum
                        1        3.631822801078578         3.40297752198663        18339.32241155501         99.9999756673904       -0.152890738362931
                        2        3.411876026881631        3.186858255263583        18339.31867089122        99.99996498474125      -0.1528887328419586
                        3        3.716854256655258        3.482867156032618        18339.31456427564        99.99995344962923       -0.152886786785146
                        4        3.467446574405208        3.147621854567073        18339.31043156224        99.99994192186587      -0.1528836416870121
                        5        3.495285807192997        3.428515401612374        18339.30647603186        99.99993073073193      -0.1528848107105478
                        6        3.577373456971409        3.329189535717009        18339.30216732805        99.99991875642525      -0.1528821877851776
                        7        3.516302488125135        3.132077763352678        18339.29821058985        99.99990754076606       -0.152880085296303
                        8        3.812294745407932        3.432028313664734         18339.2940941932        99.99989604481526      -0.1528763306996304
                        9        3.673683848057437        3.217028013124009        18339.29017380371        99.99988491465263       -0.152872956914706
                       10        3.293033493655239         3.17522098281528        18339.28635166629        99.99987401911623      -0.1528706751835198
                       11        3.380404439241247        3.401015738771108        18339.28247205575        99.99986299758746      -0.1528690364496441
                       12         3.90441687008304        3.728410755078898        18339.27861569711        99.99985199542637      -0.1528677900968773
                       13        4.053261484775668        3.577802113036861        18339.27446256947        99.99984040431741      -0.1528697590488122
                       14        3.766844388058222        3.488763401699848        18339.27042450794        99.99982906675697      -0.1528699355912684
                       15        3.752789639450073        3.526717372717066        18339.26585139938        99.99981658833336      -0.1528722229127553
                       16        3.705944172154549        3.431042770370332        18339.26157288056         99.9998047038067      -0.1528728252386011
                       17        3.526483797875168        3.289257496261033        18339.25757613151        99.99979342828151      -0.1528716960940439
                       18        3.641727473728871        3.340475509856013         18339.2533240622        99.99978159394986      -0.1528711608413378
                       19        3.484948796036504        3.191278650126893        18339.24937519562        99.99977042572326      -0.1528682074452021
                       20        3.654276220653946        3.307130311474353        18339.24520191365        99.99975879098167      -0.1528698469245953
                       21        3.582881154923613        3.314662036102164        18339.24136716163        99.99974783800025      -0.1528681399401215
                       22         3.66191023457374        3.547427430989341        18339.23664333222         99.9997350572966      -0.1528668095443368
                       23        3.589728410103972        3.272908982704691        18339.23286330546        99.99972422786701      -0.1528670012725346
                       24        3.752898884160574        3.425432728553808        18339.22873552181        99.99971263732937      -0.1528657722401512
                       25         3.66625423611248        3.462315485229621        18339.22435652307        99.99970060881023      -0.1528634589169222
                       26        3.727176273582199        3.470026244567606        18339.22013751369        99.99968881821934      -0.1528641786287395
                       27        4.042112817442058        3.790220306830427        18339.21583151695        99.99967686376624      -0.1528623072815449
                       28        3.601906073825161        3.247571865749378        18339.21214714258        99.99966623004703      -0.1528604363983046
                       29        3.574134640675218        3.341928924125395        18339.20823923557        99.99965512913938      -0.1528586105927197
                       30        3.651376181078141        3.415967505366717         18339.2044221645        99.99964423172271      -0.1528600516132546
                       31        3.704279830278227         3.32919016208045        18339.20023734546        99.99963259052313      -0.1528573227570007
                       32        3.760601668763186        3.607463580136976        18339.19616562948        99.99962115544828      -0.1528585224671666
                       33        3.228119206176142        3.127413683905762        18339.19210883001        99.99960983299728      -0.1528619193300456
                       34        3.712934887813991        3.499356661937034        18339.18793567299        99.99959821486989      -0.1528621836303508
                       35        3.554374503190815         3.47535758132692        18339.18375174097        99.99958658142864      -0.1528605734127311
                       36         3.26710203411784        3.172296352917327        18339.18015423014         99.9995762120983      -0.1528598485411834
                       37        3.527065438665521        3.435393943940469         18339.1761121696        99.99956480899688      -0.1528606905960679
                       38        3.486683933196357        3.201516284840991        18339.17203311811        99.99955335160182      -0.1528636298357711
                       39        3.656775165223815        3.498279983411757        18339.16760030042        99.99954126834545       -0.152861190390273
                       40        3.864667540912149        3.695943447649225        18339.16355178175        99.99952990218034       -0.152863123961688
                       41        3.822737385690677        3.573511792086919        18339.15918349856        99.99951781715284      -0.1528644861607837
                       42         3.32829185439918        3.048779062655929        18339.15510604806        99.99950647338186        -0.15286527596691
                       43        3.836608885088311        3.833199071472229        18339.15082676328        99.99949450514765      -0.1528698721844961
                       44        4.257844190705952        3.950030367589489         18339.1464317356        99.99948239965431      -0.1528627477706976
                       45        3.891543386932162        3.656651493374305         18339.1421762903        99.99947061225315       -0.152866648499602
                       46        3.756153793030865        3.631142516802545        18339.13810488047        99.99945918105441      -0.1528666467911961
                       47        3.582973110562114        3.349549698987526        18339.13382153682         99.9994472891124      -0.1528682739774538
                       48        3.762107367761305        3.526908886015628        18339.12969895588        99.99943574502481      -0.1528710169030618
                       49         3.14340940214669        3.185426037961799        18339.12591932952        99.99942489497118      -0.1528677549588515
                       50        3.821241073227424        3.564515847325474        18339.12191087363        99.99941354605599      -0.1528679574331591
                       51        3.902980877382225         3.44167661089024         18339.1175646815        99.99940151817059      -0.1528714038131476
                       52        3.923000363413338        3.506233046815647        18339.11353463299        99.99939016405557      -0.1528697359311204
                       53        3.537960066509779        3.287538882364367        18339.10934124408         99.9993784901793       -0.152872136226712
                       54        3.548798486676221        3.154171351156739         18339.1053345348        99.99936719483725      -0.1528720055280104
                       55        4.024373424365349        3.736743270308341         18339.1010745711        99.99935543097648      -0.1528688675953731
                       56        3.965371987292679        3.803191177376212        18339.09688559556        99.99934375709722      -0.1528673698552403
                       57        3.736676451226913        3.626568361033669         18339.0926886945        99.99933210248517      -0.1528663825350343
                       58        3.769379200306214        3.362591507473443         18339.0882918065        99.99931998594593      -0.1528674320262624
                       59        3.908746742899769        3.575378828665963        18339.08426813776        99.99930871940524      -0.1528653049601232
                       60        3.555190076116108        3.297071693940991        18339.08042502001        99.99929775308483      -0.1528661564704468
                       61        3.840949960168959        3.474564451050928        18339.07665568189        99.99928691952783      -0.1528635608239881
                       62        3.593141655459297         3.38489724340568        18339.07264645453        99.99927561876663      -0.1528613052812204
                       63        3.657958149001093        3.349228570125344        18339.06839740111        99.99926380246561      -0.1528615507944799
                       64        3.644910803021464        3.502886269784866        18339.06438801849        99.99925261246675      -0.1528649646614753
                       65        3.805013734087602        3.614516734458377        18339.06011136838        99.99924069618562       -0.152861438079686
                       66        3.718948176115797        3.334482168484504        18339.05556430368        99.99922829971761      -0.1528643380086834
                       67        3.297251231194169        3.273212677642582        18339.05175668943        99.99921743753059       -0.152861377333779
                       68        3.848280701731482        3.431294024026004        18339.04780782969        99.99920627096799      -0.1528649327470397
                       69        3.461003760590742         3.13576265028036        18339.04370304941        99.99919466829922      -0.1528672048075244
                       70        3.628328571814647        3.401248005393111        18339.03966212746        99.99918333151155      -0.1528641906269073
                       71        3.541262624433255        3.292593720679632        18339.03562333095        99.99917198133707      -0.1528613809962165
                       72          4.0628186719348        3.590395349730998        18339.03159530485        99.99916061295956      -0.1528605767455193
                       73        3.875301725433731        3.390401589420008        18339.02759581681        99.99914931372034      -0.1528594684457545
                       74        3.845880527644287        3.809203208310922        18339.02297772654        99.99913677967767      -0.1528606250243776
                       75        3.517091212581736        3.281837082105068        18339.01891330723         99.9991253624696      -0.1528581139052028
                       76        3.671280888303222        3.445162856371003        18339.01467691518        99.99911353856268       -0.152860722682064
                       77        3.894716699710995        3.637792995164925         18339.0102836523        99.99910147600929      -0.1528612863054519
                       78         3.63206668479449        3.114882137075067        18339.00670776226        99.99909115187999       -0.152861758452346
                       79        3.554839749560501        3.280779125385318        18339.00275266961        99.99907998781673      -0.1528603710674652
                       80        3.856457704649513        3.520566876312875        18338.99865465713        99.99906846846861      -0.1528570327361845
                       81        3.744502304975839         3.46293274407125        18338.99469185341        99.99905725339077       -0.152856809508048
                       82        3.901916718305971        3.679289747967445        18338.99074174485        99.99904605458339      -0.1528559190616789
                       83        3.498965324348549        3.198236287410306        18338.98625129168        99.99903375646626      -0.1528601180708797
                       84         3.28496836616831        3.091863384472978        18338.98253552507        99.99902302879791      -0.1528637727099706
                       85         3.74484289979219        3.435204442942393         18338.9783448116        99.99901136755609      -0.1528627080012406
                       86        3.545727482336696        3.284679617325024         18338.9738908344        99.99899908835167      -0.1528625451003869
                       87        3.929365206295223        3.526734720573621        18338.97019209509        99.99898846075277      -0.1528637105751791
                       88        3.359286939659265        3.332161146424924        18338.96626538934        99.99897737815145      -0.1528636890617534
                       89        3.879073493852073        3.692355390305433        18338.96224494714        99.99896615159072      -0.1528640643061667
                       90        3.514070750017175        3.328923965604971        18338.95825231626        99.99895483223271      -0.1528643579717226
                       91        3.496051621251714         3.16931959775648         18338.9540238789        99.99894311141684       -0.152866102380564
                       92        3.752863483871607        3.524573108006931        18338.94983610597        99.99893143251468      -0.1528634079518305
                       93        3.742693720661874        3.608706835263824        18338.94566245806        99.99891980501044      -0.1528600763638899
                       94         3.95105554270439        3.886155504463116         18338.9412971536        99.99890779284898      -0.1528639759646531
                       95        3.714694087871746        3.497274265245246         18338.9370462112        99.99889595609804      -0.1528638434930158
                       96        3.978577354190395        3.636048110400291        18338.93268468001        99.99888394709468      -0.1528630976098242
                       97        3.410932790854034        3.196231144418256        18338.92854823288        99.99887231909369      -0.1528641810940172
                       98        3.800624449997866        3.633227368809694        18338.92467480815         99.9988612631917      -0.1528614939966388
                       99        4.132452143628639        4.031809647967513        18338.92027258183        99.99884912364878      -0.1528623437538741
                      100        3.609062070278572        3.224038607946647        18338.91622344431        99.99883773833396      -0.1528620899347004

Final average n0: 3.680946720043307
Final fluctuations n0: 3.445881143898731

Averages:
3.631822801078578
3.411876026881631
3.716854256655258
3.467446574405208
3.495285807192997
3.577373456971409
3.516302488125135
3.812294745407932
3.673683848057437
3.293033493655239
3.380404439241247
3.90441687008304
4.053261484775668
3.766844388058222
3.752789639450073
3.705944172154549
3.526483797875168
3.641727473728871
3.484948796036504
3.654276220653946
3.582881154923613
3.66191023457374
3.589728410103972
3.752898884160574
3.66625423611248
3.727176273582199
4.042112817442058
3.601906073825161
3.574134640675218
3.651376181078141
3.704279830278227
3.760601668763186
3.228119206176142
3.712934887813991
3.554374503190815
3.26710203411784
3.527065438665521
3.486683933196357
3.656775165223815
3.864667540912149
3.822737385690677
3.32829185439918
3.836608885088311
4.257844190705952
3.891543386932162
3.756153793030865
3.582973110562114
3.762107367761305
3.14340940214669
3.821241073227424
3.902980877382225
3.923000363413338
3.537960066509779
3.548798486676221
4.024373424365349
3.965371987292679
3.736676451226913
3.769379200306214
3.908746742899769
3.555190076116108
3.840949960168959
3.593141655459297
3.657958149001093
3.644910803021464
3.805013734087602
3.718948176115797
3.297251231194169
3.848280701731482
3.461003760590742
3.628328571814647
3.541262624433255
4.0628186719348
3.875301725433731
3.845880527644287
3.517091212581736
3.671280888303222
3.894716699710995
3.63206668479449
3.554839749560501
3.856457704649513
3.744502304975839
3.901916718305971
3.498965324348549
3.28496836616831
3.74484289979219
3.545727482336696
3.929365206295223
3.359286939659265
3.879073493852073
3.514070750017175
3.496051621251714
3.752863483871607
3.742693720661874
3.95105554270439
3.714694087871746
3.978577354190395
3.410932790854034
3.800624449997866
4.132452143628639
3.609062070278572

Fluctuations:
3.40297752198663
3.186858255263583
3.482867156032618
3.147621854567073
3.428515401612374
3.329189535717009
3.132077763352678
3.432028313664734
3.217028013124009
3.17522098281528
3.401015738771108
3.728410755078898
3.577802113036861
3.488763401699848
3.526717372717066
3.431042770370332
3.289257496261033
3.340475509856013
3.191278650126893
3.307130311474353
3.314662036102164
3.547427430989341
3.272908982704691
3.425432728553808
3.462315485229621
3.470026244567606
3.790220306830427
3.247571865749378
3.341928924125395
3.415967505366717
3.32919016208045
3.607463580136976
3.127413683905762
3.499356661937034
3.47535758132692
3.172296352917327
3.435393943940469
3.201516284840991
3.498279983411757
3.695943447649225
3.573511792086919
3.048779062655929
3.833199071472229
3.950030367589489
3.656651493374305
3.631142516802545
3.349549698987526
3.526908886015628
3.185426037961799
3.564515847325474
3.44167661089024
3.506233046815647
3.287538882364367
3.154171351156739
3.736743270308341
3.803191177376212
3.626568361033669
3.362591507473443
3.575378828665963
3.297071693940991
3.474564451050928
3.38489724340568
3.349228570125344
3.502886269784866
3.614516734458377
3.334482168484504
3.273212677642582
3.431294024026004
3.13576265028036
3.401248005393111
3.292593720679632
3.590395349730998
3.390401589420008
3.809203208310922
3.281837082105068
3.445162856371003
3.637792995164925
3.114882137075067
3.280779125385318
3.520566876312875
3.46293274407125
3.679289747967445
3.198236287410306
3.091863384472978
3.435204442942393
3.284679617325024
3.526734720573621
3.332161146424924
3.692355390305433
3.328923965604971
3.16931959775648
3.524573108006931
3.608706835263824
3.886155504463116
3.497274265245246
3.636048110400291
3.196231144418256
3.633227368809694
4.031809647967513
3.224038607946647

Last point and parameters for further simulation:
100
20
0.5
contact

-0.3984416279043878
0.2627688898646453
0.5615835742018013
-0.2854579663381221
0.8892903576739009
-0.7756533442798033
-0.6004939404082822
1.089534366981187
0.05491322116438637
-0.3952841070145678
-0.5554612802678234
2.290938714484469
-0.480157861593851
0.06559797791622828
1.152330895566601
1.598607563260056
-1.070976599201685
0.9555960533141433
2.54774319809087
0.2277647546739986
-0.3851883644770558
-1.141539366078275
0.7150342637828099
-0.03421573677953589
0.702534156011855
0.7479522736100547
1.272197849505649
0.2892915708397086
0.3391292737162534
0.3893927092037235
-1.142937599218855
-0.4406826211392674
-1.277464450956317
-0.9198382053404862
1.949944534018421
0.4839502024107057
-0.4610299800367892
-1.362458235602102
-0.1247698627348375
1.100327745538353
0.6243363218422958
1.634648856696555
0.9059001817488392
0.7476390476465503
0.06035459626096936
-0.07259110701454059
0.08018024856082255
-0.437942945018801
0.9762555947135202
-2.130434752347395
0.9408372922410781
0.6497644138144281
-1.122641992734024
0.5428973173488333
-2.398248884075106
1.999810372549266
-1.212210338165997
1.674388357766907
1.096451244036155
0.947520254920139
0.1453033722711662
1.050415520669045
-0.5792923789643227
-0.045380514538721
-0.5922053492105884
3.855447195933377
-1.412839560929459
-2.111504344415799
-0.08294354154798519
0.2299144985677969
0.6678871926320396
1.75495181419947
0.2126126598996645
-0.681392750706317
-0.4344505623931195
-1.202524672860003
-0.5668139115863259
-1.12080362954828
-1.094697216884242
-0.4681764549081774
0.2540032501476144
-0.8077703448331567

Final quantities:
3.680946720043307
3.445881143898731
