Number of particles: 100
Nmax: 6
Gamma: 0.5
Interaction type: contact
Step size: 9e-05
Batch size: 200000
Batch count: 500
             Batch number               Average n0          Fluctuations n0                   Energy           Particle count                 Momentum
                        1        45.94770280656207        19.37471124675907        5787.616429480168        100.0000953418539      0.01174329689703413
                        2        42.52850301402157        21.19566660744954        5787.616393459771        100.0000950762171       0.0117432876399679
                        3        47.64859827531266        19.63968538076907        5787.616356681226        100.0000948057037      0.01174327083220206
                        4        43.62623206409965        20.19857048225338        5787.616319618836        100.0000945342124      0.01174326791008085
                        5        42.12135600106588        22.15046164235505        5787.616283938732        100.0000942704733      0.01174325945230148
                        6        42.71127344878153        21.37868393398335         5787.61624738635        100.0000940016163      0.01174326693318428
                        7        44.21491736827063        21.58121888397396        5787.616210406498        100.0000937302181      0.01174326585948693
                        8         42.7407274422138        21.82680557149428        5787.616173608512        100.0000934602677      0.01174327062493674
                        9        43.78885337568097        18.98776563929512        5787.616137275669        100.0000931926446      0.01174328743694961
                       10        43.75148876005813        20.18361959283271        5787.616100659014        100.0000929233445      0.01174329636036298
                       11        46.39836790859501        19.22938987842537        5787.616064120146        100.0000926542437      0.01174329873943281
                       12        38.60477220881912        22.04047807859017        5787.616027911581        100.0000923875809       0.0117433127992248
                       13        42.82704412247448        21.35869285084437        5787.615990574384        100.0000921143962      0.01174331822258878
                       14        45.39073778211591        18.30340551170442        5787.615954998719        100.0000918504733      0.01174331316232768
                       15        45.42199662381262        21.04964172033941        5787.615917748795        100.0000915771138      0.01174330788998112
                       16        40.93587405094149        21.95251991077605        5787.615882305185        100.0000913151826      0.01174329162903565
                       17        44.96956706059104        21.51629012990847        5787.615844806019        100.0000910411858      0.01174327955501919
                       18        46.57810647666754        21.39233253185305        5787.615807297034        100.0000907664835      0.01174328415762016
                       19        45.22336315369362        18.63887440005407        5787.615770767239        100.0000904976659      0.01174326571124151
                       20        44.78228674161574        20.46167210638822         5787.61573347611        100.0000902247218      0.01174326293796568
                       21        41.54427796386923        22.46008892202411        5787.615695639399        100.0000899492438      0.01174327739635972
                       22        44.15367478599916        20.46943933888119        5787.615658821006        100.0000896792464       0.0117432821142458
                       23        49.23034350848994        20.60106282316904        5787.615621183683        100.0000894041899       0.0117432803072095
                       24        44.95012698279583        19.94236552183561        5787.615584440766        100.0000891342222      0.01174328753116516
                       25        41.30471929107913        22.88276417508617        5787.615548155376        100.0000888671539      0.01174326205504173
                       26        45.74092779586555          21.266215127147        5787.615510850372        100.0000885940158      0.01174325222032202
                       27        43.95737634650049        19.30703678117358        5787.615474311223        100.0000883249843      0.01174326375811496
                       28        44.73257054458952        20.17458819827644        5787.615437238085        100.0000880534006      0.01174326563055006
                       29        46.71396251068562        19.33490574883314        5787.615400492971         100.000087783022      0.01174327232892836
                       30        44.64425886866731        20.91172406877307        5787.615363977413        100.0000875142754      0.01174326865804343
                       31        42.93987287958135        20.33850167989408        5787.615328266632        100.0000872503139      0.01174328835529082
                       32         41.9842111443727        20.66559388890242         5787.61529204952         100.000086983367      0.01174325488328742
                       33        41.06630666732917        21.67573752412141         5787.61525551175         100.000086714648      0.01174326125206449
                       34        43.91847091304666         20.3257080516775        5787.615218134173        100.0000864413169      0.01174324729885212
                       35        43.02831979790864        20.83732693912869        5787.615181775327        100.0000861739218      0.01174324590302511
                       36        44.32692533185477        22.75762267043632        5787.615143258237        100.0000858943007      0.01174324726502718
                       37        40.47624490444323        22.67160092953956        5787.615107891941        100.0000856323414      0.01174322796573257
                       38        44.07195741061584         20.4155562080686          5787.6150714983        100.0000853644329      0.01174320864122969
                       39         45.0187895691115        19.89425218207892        5787.615034497116        100.0000850933022      0.01174321660923816
                       40        41.93314027321462         21.1641256826004        5787.614998627811        100.0000848281772      0.01174320640892801
                       41        44.28961118291478        19.42225170058627        5787.614960948127        100.0000845528716      0.01174320477131641
                       42        42.06068603874991        21.94807119769207        5787.614924916185        100.0000842871032      0.01174321340080997
                       43        42.63253957818966        20.61717680682683        5787.614887273104        100.0000840123206      0.01174319661867296
                       44        44.72433528717411        19.77989017191029        5787.614851191758        100.0000837458552      0.01174316616287863
                       45        43.66385756503125        19.79654903729892         5787.61481435098        100.0000834755371      0.01174315667658865
                       46        40.45635486507381        22.40927277640719        5787.614777252316        100.0000832040663      0.01174315896258271
                       47        43.83134752569587        21.80577954338315        5787.614739364443        100.0000829276997      0.01174313327574517
                       48        43.80523210895549        21.13253882763295        5787.614703452031        100.0000826623992       0.0117431591517887
                       49        45.27102599171231        20.54596004000533        5787.614666979882        100.0000823935961      0.01174316544653031
                       50          44.949934990153        21.45288851414166        5787.614629945958        100.0000821217779       0.0117431693750083
                       51        41.57975614436359        20.97941043161966        5787.614593132266        100.0000818509952      0.01174317992538221
                       52         43.6454751607709        20.52466629995422        5787.614557564409        100.0000815875842      0.01174317606432407
                       53         48.1915164054071        20.50361193003945        5787.614520056787        100.0000813130147      0.01174317770465549
                       54        40.35892676082827        19.81567687358766        5787.614484639529        100.0000810508311      0.01174318341683289
                       55        42.88480847187701        20.96204046746597        5787.614448451323         100.000080784279      0.01174317323806129
                       56        39.93673650906857          21.969364654404        5787.614412244146        100.0000805176851      0.01174316196719882
                       57        46.11670984104247          19.631125573302        5787.614375077967        100.0000802449028      0.01174317072604825
                       58        41.99605638722683        20.37183213165355        5787.614339096512        100.0000799790939      0.01174317284226234
                       59        43.86614833805228        21.19970930078782        5787.614301947585        100.0000797067813      0.01174315990688513
                       60        43.13591672017487        22.28939817714549        5787.614265770336        100.0000794397857      0.01174316209698745
                       61        44.31055291591731        20.18764016843437        5787.614229890448        100.0000791751339      0.01174316772222905
                       62        47.13738282306454        19.48899511587056        5787.614192381782        100.0000789006841      0.01174318079052306
                       63        42.01469048524538        21.67698385062618        5787.614155708386        100.0000786309619      0.01174317851639195
                       64        45.23567529394089        19.83080851175158        5787.614118789415        100.0000783596661      0.01174317274164238
                       65        44.79782770612013        20.19774813866455        5787.614082067169        100.0000780896558      0.01174319278137048
                       66        44.71861488403156        20.86388776558207        5787.614046706855         100.000077827346      0.01174321045390014
                       67        45.06201915172331         18.7801665879494        5787.614010119503        100.0000775587224      0.01174320753702407
                       68        41.59358445886829        20.79723917360758        5787.613973481463        100.0000772892324      0.01174319623467568
                       69        42.75961574331392        20.66799650850769        5787.613936387938        100.0000770171474      0.01174321633250397
                       70        44.82021085561305        19.68227659269059        5787.613899824906        100.0000767483557      0.01174320615535973
                       71        43.26896544254878        21.25306302643077        5787.613862574538        100.0000764754832      0.01174321971819214
                       72        42.34552837114762        21.50856186988826        5787.613826485162        100.0000762091342      0.01174322503145575
                       73        42.96315892199119        20.64004280410042        5787.613790456382        100.0000759432987      0.01174322858549814
                       74        44.48943982325054        20.22324727163389        5787.613753007628        100.0000756693733      0.01174323224687468
                       75        38.52088375084703        21.69560626810936        5787.613717506629        100.0000754066206      0.01174322617246304
                       76         45.2972067755311        19.51627410948749        5787.613679928852        100.0000751322238      0.01174320989594957
                       77        46.86393509172988        19.70254380156195        5787.613641545219        100.0000748533162      0.01174321906242248
                       78        43.61528372601424        20.05564440230979        5787.613603949067        100.0000745786633       0.0117432160022517
                       79        50.09057218229322         19.0532446405693         5787.61356702791        100.0000743073271       0.0117432176214014
                       80        43.21746161479049        21.15488545341042        5787.613529691824        100.0000740339605      0.01174320956503649
                       81        44.34162378333085        20.19182491084877          5787.6134927684        100.0000737626018      0.01174321652771282
                       82        45.04252597643147        20.25981037562182        5787.613456027269        100.0000734925484      0.01174321248508559
                       83        46.11761495925786        19.94113594626512        5787.613418267556        100.0000732168851      0.01174322490791546
                       84        48.39741193503799        19.56083249703091        5787.613379927909          100.00007293754      0.01174322302531472
                       85        44.61118508448405        22.19506597750321        5787.613342856922        100.0000726657886      0.01174320883178659
                       86        42.67393605257679        21.12933380154807        5787.613306214745        100.0000723963982      0.01174321178019344
                       87        44.03578456717484        20.93710223038358        5787.613269763239        100.0000721278181      0.01174320835252463
                       88        46.14047459794718        19.56215018783778        5787.613232858121        100.0000718568247      0.01174320082601499
                       89        46.48211081747639        19.37503563789271        5787.613195972235        100.0000715862213      0.01174318506795613
                       90        44.18989285337939        19.65317155554101         5787.61315953241        100.0000713177622       0.0117431702764188
                       91         43.2575956053243        22.55200612332077        5787.613121712572        100.0000710417936      0.01174316596459302
                       92        42.17352368882898        21.34512063805941        5787.613085192896        100.0000707731221      0.01174316025552535
                       93        42.53573486905502        21.01332942880806        5787.613047677779        100.0000704990052      0.01174317442656303
                       94        44.70220395187972        21.69532772282955        5787.613009335238        100.0000702205008      0.01174318003504649
                       95        43.39662475034437        20.04714124416697        5787.612972394532        100.0000699494968      0.01174318191558843
                       96        46.93659683435614        18.75844865880259        5787.612935066569        100.0000696760009      0.01174318829959109
                       97        44.32457456863014        20.36883990182137        5787.612898708808        100.0000694083014      0.01174318656171303
                       98        42.32815195595091        18.51576512240992        5787.612863728271          100.00006914833      0.01174317265854796
                       99         43.6106696971298        20.84948357622314        5787.612826722127        100.0000688764898      0.01174316799542652
                      100        47.61323682262538         20.0842469258312        5787.612790400299        100.0000686085072      0.01174316748744375
                      101        42.55730384798353         21.9420871628687        5787.612751306079        100.0000683263075      0.01174315959335104
                      102        46.60982598876017        21.25646524332004        5787.612715540477         100.000068061832      0.01174315638922252
                      103        42.30320875043721         21.5508784135021        5787.612679501416        100.0000677957723      0.01174316596034952
                      104        44.54161762610747        20.47743655381868         5787.61264262239        100.0000675250201      0.01174317304955075
                      105        41.89470935674497        20.27391743856755        5787.612605804177        100.0000672549372      0.01174318448693956
                      106        44.57704638429127        18.45077023343564        5787.612567790897        100.0000669776488      0.01174317964859029
                      107          43.542385141057         20.4965527688507        5787.612530193572         100.000066702902      0.01174319069653684
                      108        40.77115735671199        22.68512111031449        5787.612493666235        100.0000664348116      0.01174318671035035
                      109        37.25667230396278        23.11001296451107        5787.612457609586        100.0000661695479      0.01174318922332152
                      110        42.61858845486897        20.71059161581862        5787.612420003285         100.000065894881      0.01174319343203933
                      111        42.76249294194845        22.27025831296688        5787.612382612362        100.0000656216529      0.01174318670423335
                      112        44.20021073508831        21.36450026014325        5787.612345637665        100.0000653505274      0.01174316520078911
                      113        44.76137589224355         20.7104109898431        5787.612308256616         100.000065076839      0.01174317133925395
                      114        43.83985979587271        20.68112211858321        5787.612271691159        100.0000648078415      0.01174317852173878
                      115        42.10666533142872        20.42615253296155        5787.612235695953        100.0000645421315      0.01174318713194999
                      116        42.77890751441833        20.63031508773684        5787.612199265402        100.0000642739884      0.01174318901780946
                      117        42.46182324352552         21.0980516106459        5787.612162514664         100.000064004229      0.01174316837413092
                      118        44.90911439286827        19.51091611865109        5787.612126300779        100.0000637371566      0.01174315350372002
                      119        42.91271310707085        22.02509832632816        5787.612090632014        100.0000634733936      0.01174316093924777
                      120        44.10168381384705        20.54172716547242        5787.612054519105        100.0000632067231      0.01174314720095282
                      121        39.27734109754372        21.38171870722869        5787.612017604474        100.0000629361556      0.01174315492592148
                      122        45.75163378955533        22.41867441188902        5787.611981170809        100.0000626674463      0.01174315569700468
                      123        43.48713176850411        20.39582864979481        5787.611944924903        100.0000624003452      0.01174316437258494
                      124        41.13662822345152        20.89741654515876        5787.611908852845        100.0000621344646      0.01174316659160546
                      125        41.55982701697595        21.96235392415639        5787.611873460065        100.0000618718071      0.01174315767290857
                      126        44.65886842267525        19.79110192949804        5787.611836871008        100.0000616028048      0.01174314009260691
                      127        44.79540192436331         19.5719623723547         5787.61180024932        100.0000613338231      0.01174312569178459
                      128        46.02522988886489        20.57496830001736        5787.611762056687        100.0000610559822      0.01174311842657794
                      129        44.46435693332779        19.57361505069476         5787.61172584101        100.0000607887608      0.01174309665127904
                      130        42.92334142089751        20.01767678784976        5787.611690611414        100.0000605272111      0.01174308363914189
                      131        42.08427622350465        20.63139378852326         5787.61165451854         100.000060260983      0.01174309250542116
                      132        38.80149041565182         21.6480205156262        5787.611617303963        100.0000599890328      0.01174308434860194
                      133        43.71028784373458        21.35102115614571        5787.611580912502        100.0000597210938      0.01174308054967632
                      134        46.99582899769371        20.42351537242647        5787.611542805233        100.0000594433931      0.01174308036581095
                      135        46.00450972878515        18.79359432626039        5787.611506172529        100.0000591736489      0.01174309314005484
                      136        47.26175051528244        19.61262534952989        5787.611468835487        100.0000589003116      0.01174308401386792
                      137        43.15068341532047        20.01204048675331        5787.611432372661        100.0000586321047      0.01174308189468665
                      138        48.13807368107573        19.59782861940476        5787.611396195402        100.0000583650198      0.01174309335241031
                      139        42.88725349036038        21.35886235960188        5787.611359182113         100.000058093758      0.01174308387293088
                      140        45.63552119972718        21.11880158612871         5787.61132014085        100.0000578112554      0.01174308937219171
                      141        45.12561757283592        22.14623398657698         5787.61128356882        100.0000575421585      0.01174308861403794
                      142        45.76171769991171        21.21620918025701        5787.611246463365        100.0000572705499      0.01174309422613495
                      143         42.0541139522332        21.05469014893119        5787.611208958579        100.0000569962164      0.01174309803129203
                      144        39.79331685296843        21.57542545266689        5787.611172545796        100.0000567282128      0.01174310388142485
                      145        47.36353315490043        21.25613305984288        5787.611134151066        100.0000564489025      0.01174311532819616
                      146          49.708246234211        19.18598987468561        5787.611096029458        100.0000561710517      0.01174312787336662
                      147        41.71586964560165        22.02331479004401        5787.611058363869        100.0000558960042      0.01174313561544382
                      148        44.09875902138184        21.87421986206972        5787.611020872001        100.0000556220907      0.01174313051237341
                      149        43.27154247182186        20.59733840319213        5787.610983118598        100.0000553468681      0.01174313664427107
                      150        44.44998687752643        18.52963366346702        5787.610946782788        100.0000550789446      0.01174314225124995
                      151        40.85102930419699        20.96207972330703        5787.610909583978        100.0000548067235      0.01174313654493275
                      152        48.13867981267295        19.71107265651897        5787.610871374889        100.0000545286948      0.01174313807445948
                      153        42.90167208893885        21.74147857702613        5787.610832186937        100.0000542454838      0.01174312647839493
                      154        42.93858812257513        21.78789841116505        5787.610795848598        100.0000539778844      0.01174312785698151
                      155        43.18435819746382        20.36095722269243        5787.610760090431        100.0000537136315      0.01174313914838199
                      156         43.0320729478052        20.41468876688713        5787.610722525046        100.0000534394347      0.01174312876228623
                      157        41.41062924947052        21.81030547159515         5787.61068513335        100.0000531665708      0.01174314024939882
                      158        44.60103320800251        21.40706040946473        5787.610646781254        100.0000528879679      0.01174315108087853
                      159          42.962490487194        22.20874713502383         5787.61060998814         100.000052617308      0.01174316056302516
                      160        42.81274291451449        20.79961428143672        5787.610572570551        100.0000523436729      0.01174317928141821
                      161        42.81845219296198        20.35002422314775        5787.610535533362        100.0000520721066      0.01174317466401043
                      162        45.44024539295715        19.93439187964799        5787.610497791407        100.0000517964478      0.01174317756879928
                      163        45.78036987369335        19.94583840169559        5787.610461262347        100.0000515274849      0.01174318614098646
                      164        44.13050369461225        21.26700842194239        5787.610423591364        100.0000512525164      0.01174317185677332
                      165        43.93488272139597        20.55247384992898         5787.61038645832        100.0000509803052      0.01174316832660782
                      166        44.65738054576171        20.15174162419813         5787.61034880144        100.0000507055139       0.0117431691572456
                      167        48.28996087700843        19.53537179519764           5787.610311018        100.0000504295376      0.01174316444169499
                      168        43.91846684407997        21.85271071503366        5787.610273281267        100.0000501543089      0.01174316764165262
                      169        43.96476032128911        20.58334487647129        5787.610236467465        100.0000498835653      0.01174315219017252
                      170         43.6233981492844        20.44810402419328        5787.610199135052        100.0000496106578       0.0117431391538978
                      171        44.51656115971593        20.81556775147034        5787.610161621834        100.0000493362548      0.01174311365917546
                      172         40.5391438447127        22.12349932874231        5787.610125317456        100.0000490687382      0.01174309324969691
                      173        40.74033055826177         21.5046368638133        5787.610088010005        100.0000487959586        0.011743107040183
                      174        45.38219021843638        19.13517194587125        5787.610049906651        100.0000485186989      0.01174311977875142
                      175        44.13347704214205        20.32217099879086         5787.61001422084        100.0000482547775      0.01174312909319308
                      176        45.94801883179663        19.52607338415124        5787.609977408258        100.0000479846603      0.01174311566120678
                      177        44.15575120785972         21.3702925992822        5787.609940232458        100.0000477122783      0.01174312001680633
                      178        48.76245248126554        19.07069776355438        5787.609902013475        100.0000474333743      0.01174311451804488
                      179        43.57375739939869        20.54635605071195        5787.609865127301        100.0000471629647       0.0117431240391288
                      180        43.28654088594168        20.53281120495322        5787.609827882454        100.0000468900058      0.01174312505217223
                      181        46.62380025390558        18.46498614920245        5787.609791213647        100.0000466198656       0.0117431266453587
                      182         44.8772439949018        22.03878261576296        5787.609753181832        100.0000463427444      0.01174311373098647
                      183        43.69950204260933         20.1915284754419        5787.609716427875        100.0000460729946      0.01174313501159152
                      184        42.91222096492464        20.82436158720714        5787.609678390316        100.0000457960153       0.0117431484342374
                      185        41.54631006184225        22.18024364542844        5787.609641713329        100.0000455265907      0.01174313802108351
                      186        41.93865698986354        20.40519413923845        5787.609605317631        100.0000452588107      0.01174312575991876
                      187        42.09945808208638          20.847388320002        5787.609566749994        100.0000449793182      0.01174312545507306
                      188        49.82919532628836        18.69520602823032        5787.609527453664        100.0000446948145      0.01174313501842228
                      189        45.29299992393027         19.8213235494536        5787.609490580861        100.0000444238361      0.01174312799121591
                      190        48.80913621404878        19.08164934370258        5787.609452028511        100.0000441433931      0.01174313380809799
                      191        46.26504849369626        20.29466551959295         5787.60941508759        100.0000438725013      0.01174315159492512
                      192        46.62373345667973         19.7961827424101        5787.609378458292        100.0000436031334      0.01174314866266801
                      193        42.97374064806519        21.55204349377106        5787.609340292593        100.0000433257931      0.01174314413081223
                      194        41.45184048843456        22.41158065296199        5787.609303032549        100.0000430531242      0.01174313763400825
                      195        44.49068566791376          20.374156952334        5787.609266936697        100.0000427866415      0.01174313912627145
                      196        41.38398231028286        21.13392375809843        5787.609230239296        100.0000425172438      0.01174312026008462
                      197          44.675807691931        21.16939497376714        5787.609191935493        100.0000422387493      0.01174311325300881
                      198        44.22564577878943        20.43672729367093        5787.609154012624        100.0000419621695      0.01174313256194637
                      199           45.45527873179        20.63512632332162        5787.609116317515        100.0000416867849      0.01174314300837764
                      200        42.08618571848753        22.41549854221778        5787.609079294132        100.0000414151901      0.01174313227142676
                      201        47.14696896114479        20.72840898962682        5787.609042203278        100.0000411430594      0.01174312537406941
                      202        41.86318535918652        20.87262878091849        5787.609004693283        100.0000408692891      0.01174312861399363
                      203        42.72060393761533        21.10587495366034        5787.608968387277        100.0000406019338      0.01174313417814687
                      204         41.9070480395213        21.34331556853876        5787.608931470732        100.0000403316677      0.01174313205751432
                      205        47.66644866893609        19.43530057945492         5787.60889378551        100.0000400563221      0.01174312676226552
                      206        41.60031209233477        22.27771338300791         5787.60885823947        100.0000397930824      0.01174312328042859
                      207        43.17839881525561        21.63004487113107         5787.60882133936        100.0000395220409       0.0117431137806725
                      208        44.62485272454641        20.26419462705978        5787.608784385054        100.0000392509101      0.01174311912267445
                      209        46.24560221003189        19.73292644752307        5787.608747664643        100.0000389811984      0.01174311623096269
                      210        40.44429570442911        21.90267624581049        5787.608712053507        100.0000387182532      0.01174310264129375
                      211        41.05420005399715        21.59598086999162         5787.60867490131        100.0000384465119       0.0117431012648801
                      212        42.39359285959515        21.82403562659273        5787.608637812392        100.0000381750288      0.01174310396554645
                      213        43.30844556138963         21.5520547162682        5787.608599488441        100.0000378960972      0.01174309371616733
                      214        43.12489203809627        21.91162144599975        5787.608560410108        100.0000376134669      0.01174308686691283
                      215        49.51431985922063        18.85713621660281        5787.608522012511        100.0000373340877      0.01174308800412582
                      216        46.59323826380297        19.86562619085629        5787.608484701941        100.0000370609476      0.01174308349996389
                      217        44.17116061948347         19.6721575115344        5787.608448011239        100.0000367910555      0.01174306413540149
                      218        40.51961741210438        20.45071462403439         5787.60841195994        100.0000365249549      0.01174305979077772
                      219        45.55705800787986         20.5221538250826        5787.608374758112         100.000036252592      0.01174305359890226
                      220        51.51806533263191        20.02270265986972        5787.608335690138        100.0000359693473      0.01174304491598122
                      221        41.59360461238971         21.7157318498258        5787.608300081123        100.0000357058421      0.01174304956122807
                      222        39.61207533883609        21.43863412752745        5787.608264034843        100.0000354401296      0.01174306489505739
                      223        45.13770260098535        20.49804462889741        5787.608226157542        100.0000351639593      0.01174307944358866
                      224        45.26517164486758        20.21512269094685         5787.60818906971        100.0000348921199      0.01174307063194213
                      225        42.35717773799676        19.91050091886627        5787.608152243541        100.0000346219081      0.01174307496735594
                      226        42.90631483937154        21.54612816437209        5787.608117038184        100.0000343606929      0.01174308210876518
                      227        41.47180280474314        20.52031524202203        5787.608082057224        100.0000341009858      0.01174307313922363
                      228        42.54335010122536        20.73230001701797        5787.608045650954        100.0000338327211      0.01174308529751666
                      229         41.9709695578269        19.63898517398385        5787.608008879369        100.0000335623347      0.01174308900791354
                      230         39.3018542177494        21.69907283056535        5787.607972589558        100.0000332948353      0.01174308715902994
                      231        40.98934891581457        20.82507740983922        5787.607937188249        100.0000330331131      0.01174309562343012
                      232         40.5171836386872        21.04597264865278        5787.607899937792        100.0000327605973      0.01174310435504644
                      233        42.89705474539954        20.87884545867813        5787.607862278207        100.0000324856663      0.01174309333320167
                      234        40.79192817698059        21.93518635521204        5787.607825957289        100.0000322180654      0.01174310394132405
                      235        44.59870731200284        19.76620219706074        5787.607789233388        100.0000319481097      0.01174308922450962
                      236        43.07099302781649        21.55424795320918        5787.607751271021        100.0000316712821      0.01174308798261769
                      237         43.8061267170834        20.50068231543426        5787.607714649404        100.0000314021791      0.01174308333247787
                      238        43.71949806270082         21.3071378922755        5787.607676837295        100.0000311262688      0.01174308610753538
                      239        45.47802176527637        20.53778949421207        5787.607640728254        100.0000308595837       0.0117430880442182
                      240        43.20246120384741        20.98000998427463        5787.607603601968        100.0000305874593       0.0117430882266536
                      241        40.09558482613076        21.42675208600788        5787.607566034193        100.0000303133541      0.01174309302919729
                      242        42.31360021308301          21.768394477621        5787.607529839798        100.0000300464085      0.01174308680248259
                      243        45.38672294129722        21.10737957311183        5787.607492752206        100.0000297745213      0.01174307574568356
                      244        42.15300121755609        21.05021639804476        5787.607456768037        100.0000295087607      0.01174306088523736
                      245        42.01246506526521        20.95142337035722        5787.607420531903        100.0000292422518      0.01174304075589738
                      246        39.33640156808652        21.28883975020036        5787.607384479345        100.0000289766236       0.0117430540886736
                      247        43.01098922502568        20.73662014229282        5787.607348136342        100.0000287092016      0.01174305462902847
                      248        44.39545558649045        19.23337085322275        5787.607312809891        100.0000284471402      0.01174305478696791
                      249        41.88100106621624         20.3971165339132        5787.607276408042        100.0000281790803      0.01174305615229709
                      250        42.10746892372492        20.15733828187202        5787.607239664383        100.0000279092814      0.01174305500796535
                      251        41.34676810936935        21.74801562509509         5787.60720304149        100.0000276401976      0.01174307137707142
                      252        42.99056485637057        20.86177502473367        5787.607165802007        100.0000273677426      0.01174305520044072
                      253        41.53588572509406        22.38181470113414        5787.607128824366        100.0000270968507      0.01174306533628844
                      254        43.82659043391207        21.78489546782852        5787.607092730374         100.000026830327      0.01174307274353836
                      255         44.7453407120287        20.97245614504408        5787.607056062076        100.0000265610184      0.01174307597669966
                      256         43.9404780486215        20.62575934099146          5787.6070211926        100.0000263013228      0.01174306860758811
                      257        41.16425390131283        22.10101419429675        5787.606985821315        100.0000260394118      0.01174306999813801
                      258        39.85281702626322        21.09330043861241         5787.60694990329        100.0000257744514      0.01174308661012091
                      259        42.84607453061989         20.7082755759061        5787.606913860963        100.0000255086878      0.01174308288183479
                      260        43.88171901837122        20.83343567804711        5787.606877679693        100.0000252419894      0.01174309604580692
                      261        43.15665165896959        20.56154210290783         5787.60684066665        100.0000249707502      0.01174308059766815
                      262        43.10340824508611        21.17774555939376        5787.606804161182        100.0000247020845      0.01174308931677359
                      263        43.00020600693434         20.7929986231161        5787.606768724573        100.0000244395048      0.01174304921987845
                      264        43.37663977189949        22.05706633946035        5787.606731759519        100.0000241682195      0.01174304655790515
                      265        43.09841440459074        20.57420021687185        5787.606694050645        100.0000238928775      0.01174305977649048
                      266        40.79175653760979        22.13694851047965        5787.606656430832        100.0000236179592      0.01174307129851559
                      267        42.58036332188981        21.52896449399775        5787.606619158531        100.0000233450394      0.01174307050274015
                      268        40.69168477051212        21.11649712073337         5787.60658328893        100.0000230798062      0.01174306296857086
                      269          41.186525954736         20.3234692636981        5787.606546425062        100.0000228093296      0.01174305564815281
                      270        42.57323392834712        20.81696147757032        5787.606510044933        100.0000225416244      0.01174307335884084
                      271        44.49553889646132        23.05696788006873        5787.606472551767        100.0000222674551      0.01174307487045656
                      272        40.82614656358934        19.30715306383897        5787.606436967286        100.0000220041303      0.01174308230565746
                      273        45.19167215884238        19.54048939686445        5787.606399562638        100.0000217303077      0.01174309688620845
                      274        44.27401708893129        20.59431539179089        5787.606362787164        100.0000214603911       0.0117431009956821
                      275          43.306647319044        21.55098513112151        5787.606326064196         100.000021190453       0.0117431177784324
                      276        44.66248181163638         19.7929430908119        5787.606288803372        100.0000209175448      0.01174309619065639
                      277        46.97815161874356        20.73034274346403        5787.606252339403        100.0000206490647      0.01174309553990582
                      278        46.06274578418048        20.46214041678161        5787.606216314424        100.0000203831177      0.01174308489943066
                      279         44.9141752363636        19.53121549640414        5787.606178860576        100.0000201087017      0.01174307746398817
                      280        44.69126912293223        20.79744741762872        5787.606141743443        100.0000198368017      0.01174308383765599
                      281        41.47088246980664        20.91527015839838         5787.60610468589         100.000019565208      0.01174308483028241
                      282        45.45912507639188        21.10358378743079        5787.606068288927         100.000019297125      0.01174306317992979
                      283         44.3052723293812        22.39542662920683        5787.606031604531        100.0000190275361      0.01174305624860184
                      284        43.35935871766199        21.76996360267789        5787.605994583679        100.0000187558922      0.01174306916457368
                      285        42.40087105128273         21.0305192514153        5787.605957396264        100.0000184836529      0.01174307053582524
                      286        43.93654858082407        20.40549592527697        5787.605919567365        100.0000182075204      0.01174306907571321
                      287        41.95447979865104        21.28256698017811        5787.605883557469        100.0000179418613       0.0117430813054149
                      288        44.98931152179613        20.69989086746248        5787.605845785824         100.000017666195      0.01174308777033062
                      289        44.53437879412643        18.64011752856571         5787.60580947431        100.0000173984115       0.0117430921117645
                      290        40.61813641503067        21.70393152837207        5787.605773128837        100.0000171310716      0.01174306188502827
                      291        37.62639820388524        21.99396799098533        5787.605737746133        100.0000168692161      0.01174307076045622
                      292        39.86877938205302        22.80448015969617        5787.605701342517        100.0000166015975      0.01174305800063191
                      293        45.12606720384868        19.63990899599727        5787.605665829801        100.0000163382723      0.01174305338572346
                      294        47.43531009882354        18.81118720445998        5787.605627571152        100.0000160599388      0.01174306150103277
                      295        46.89712621350679        20.75535626680131        5787.605588927474        100.0000157796555      0.01174303312625291
                      296        41.56637547252479        21.69609997595834        5787.605551240576          100.00001550468      0.01174304098962242
                      297        39.71425643933771        21.73805531495749        5787.605515515298        100.0000152406661      0.01174303846283209
                      298        40.57286323439758        22.43812449305779        5787.605479035285        100.0000149725786      0.01174304255933301
                      299        41.73113321171257        21.71749430728136        5787.605442225397          100.00001470259      0.01174302229845048
                      300        44.05113666345367         20.2309646563046        5787.605406555929         100.000014438357      0.01174301448154935
                      301         40.8796342564824        21.10441349173908        5787.605370254096        100.0000141707435      0.01174302650282311
                      302        45.02357822967816         20.2104662127112        5787.605333593689        100.0000139015684       0.0117430303749444
                      303        43.20758458453968        21.53457708241006        5787.605296447703        100.0000136290384      0.01174302108398528
                      304        47.80813364522209        20.37211197889945         5787.60525877792        100.0000133537271      0.01174302744009736
                      305        44.61552790439429        20.61586386305087         5787.60522171514        100.0000130821189      0.01174301294264346
                      306        49.08414272346415        21.66051072303505        5787.605184563472        100.0000128095079      0.01174301792585108
                      307        41.26851656035194        22.38064133843302        5787.605147502371          100.00001253826      0.01174303135468735
                      308        43.24306894437334        20.29649811488533        5787.605109399272        100.0000122611383      0.01174304172890483
                      309         42.9669519077252        19.56145857218488        5787.605073463312        100.0000119959729      0.01174303386054021
                      310        44.37985889204358        21.44771958592593        5787.605036511825        100.0000117250572      0.01174303647829111
                      311        45.01527406398824        20.60756215398225        5787.604998923721         100.000011450915      0.01174304501934831
                      312         46.1525542989087        21.66077764280901        5787.604960943205        100.0000111739717      0.01174302705403463
                      313        44.87706951493541        20.83732043529536        5787.604924405047        100.0000109049141      0.01174302366055358
                      314         41.6335345132008        19.98232577091474        5787.604888561982        100.0000106401238      0.01174303394913867
                      315         46.3049418451236        20.83440774642274        5787.604849749972        100.0000103587728      0.01174304749850563
                      316        42.20962369786006        21.48706801993524        5787.604813519714        100.0000100918329       0.0117430376601888
                      317        43.62747685625854        20.29673391936782        5787.604776403418        100.0000098196665      0.01174303766428642
                      318        40.93455271288656         20.5573344694285        5787.604741598309        100.0000095610849      0.01174302191675825
                      319        39.93607661577523        22.11210743240086        5787.604705940747        100.0000092976262       0.0117430151598048
                      320        41.24837186961084        21.20621811409899        5787.604671191939        100.0000090392377      0.01174301149059609
                      321        42.67900934933063        22.01571442394621        5787.604633898133        100.0000087662365      0.01174300361746283
                      322        43.05198607542635        19.66750804084267        5787.604596262838        100.0000084914113      0.01174300596889744
                      323        45.84904305420828        20.16809061469379        5787.604558650227        100.0000082166671      0.01174301418681445
                      324        46.88295229614359        19.77514370561566        5787.604521323599        100.0000079435098      0.01174303715709257
                      325         40.5146712585508         20.9881257341753        5787.604484902693        100.0000076755186      0.01174302107832759
                      326        42.32798853630893        20.73023676569015        5787.604448097159        100.0000074054609      0.01174302190296395
                      327        45.38810396660186        20.75455128308485        5787.604411596466        100.0000071362779      0.01174302604415534
                      328        42.98749964392444         20.0162604405426        5787.604374747868        100.0000068658588      0.01174301709563608
                      329        44.31695368053167        20.15370415125199        5787.604336871351        100.0000065899594      0.01174301528445643
                      330         43.2627363742653        21.30360314874672        5787.604299363645        100.0000063152456      0.01174303802792753
                      331        42.33130440873214         21.1730237748472        5787.604262734398        100.0000060461609       0.0117430294123011
                      332         42.8861155875119        21.59405402028777        5787.604225103387        100.0000057713048      0.01174302828761054
                      333        40.80431146021148        21.42189928213908        5787.604189093434        100.0000055056015      0.01174301011225598
                      334         44.1555608415926        21.64198881731754        5787.604150934907        100.0000052275284      0.01174299658928124
                      335        46.96758280222695        19.47178769644726        5787.604113288981        100.0000049524755      0.01174298957577813
                      336        44.54916332396847        21.00212775853414        5787.604077356069         100.000004687014       0.0117430002257759
                      337        44.09110688839688        20.01486517845418        5787.604041838822        100.0000044242887      0.01174303718897818
                      338        42.14317592807528        21.09694410206468        5787.604004152833        100.0000041491377      0.01174301996779104
                      339        44.22887754824954         20.9200162505472        5787.603967485808        100.0000038791388       0.0117430293829397
                      340        46.31424841650978        20.49295940418901        5787.603930206436        100.0000036060533      0.01174302747085942
                      341        47.15532886110719        20.29756783160247        5787.603892234135        100.0000033289621      0.01174301374767817
                      342        41.45843441685933        20.74675149002091        5787.603856995001        100.0000030681073      0.01174300517896221
                      343         45.7635272868199        20.16806392848907         5787.60382093309        100.0000028017252       0.0117430136334713
                      344        44.98288663882819        20.97115455397557        5787.603784038919        100.0000025309801       0.0117430223340822
                      345        42.41668588793772         21.4261006594606        5787.603746192312        100.0000022553683      0.01174303411300581
                      346        44.24915838493504         19.6422225024753        5787.603709582829        100.0000019864387      0.01174303493225493
                      347         40.6811948758701        20.62985384214414        5787.603673278476        100.0000017191825       0.0117430333592452
                      348        42.56807205610576        20.06187809649643        5787.603636934879        100.0000014520479      0.01174304163123807
                      349        44.77301853493669        20.05053224444593        5787.603600039097        100.0000011813274      0.01174307067591318
                      350        46.87882856264302        20.13147947128915        5787.603562437262        100.0000009064738      0.01174307669313457
                      351        48.25384334455349        19.83031599865203        5787.603525847386        100.0000006370919      0.01174305864816105
                      352        40.00049728581772        19.89503341446074        5787.603490117681        100.0000003731297      0.01174306662861468
                      353        45.00689603106963        20.45700033217626         5787.60345281327        100.0000001001327      0.01174309004203322
                      354         42.0579698510797         21.8571198017628        5787.603416241232        99.99999983119871      0.01174310520946342
                      355        45.63681961070588        20.15525755270432        5787.603378691069        99.99999955677406      0.01174309828860842
                      356        45.35990676124959        20.27711854092779        5787.603341512186        99.99999928432483      0.01174308481401098
                      357         40.9742862553761        22.22706947004422        5787.603303103711         99.9999990048735      0.01174307921487028
                      358        43.54969255767789        20.07219382797241        5787.603266092496        99.99999873364054       0.0117430750621299
                      359        44.93411185833867        20.02801779930886        5787.603228491271        99.99999845912166      0.01174307129734142
                      360         45.2002787719485        21.72814468806734         5787.60319018402        99.99999818047078      0.01174306220175936
                      361        42.47735250419213        21.37565940296207        5787.603154048136        99.99999791405172      0.01174308401256408
                      362        39.89411407385455         20.6706470750106         5787.60311793094        99.99999764808646      0.01174309225343784
                      363        40.37669611904303        20.56074832144703        5787.603082357412        99.99999738467687      0.01174306273558301
                      364        42.68352499491687        21.56596405209906        5787.603046064652        99.99999711751056       0.0117430688252238
                      365        44.38572228302077        19.96538421886672        5787.603008245926        99.99999684136398      0.01174306989020479
                      366        41.04757854119183         20.5874921893209        5787.602972482417        99.99999657667536       0.0117430800671281
                      367        42.74950806932889        21.17174713148068        5787.602935645345        99.99999630599258      0.01174309030839682
                      368        44.85925918942481        20.21724047745884        5787.602899051927        99.99999603686938      0.01174310247012311
                      369        41.99141443102536        21.03028310304789        5787.602862111873        99.99999576541059       0.0117430997695207
                      370        43.81726266543573         21.5820426997381         5787.60282393694        99.99999548729303      0.01174310405733436
                      371        41.28521058705154        21.09559869011265        5787.602785875404        99.99999521020257      0.01174309790947348
                      372         45.6330262346911        20.16723689030712        5787.602748493953        99.99999493673552      0.01174311258484639
                      373        42.54511876069271        19.21618006328989        5787.602712486207        99.99999467095861       0.0117431087511024
                      374        42.28004380299306        21.03682276506937        5787.602676082437         99.9999944029269      0.01174310416642754
                      375        45.92100767495345          19.657686543527        5787.602638098753        99.99999412608794      0.01174309823969555
                      376        45.69780515585129        20.79377810333396        5787.602600365385        99.99999384990041      0.01174309749048952
                      377        44.58154070595224         21.0666214825911        5787.602563488982        99.99999357919194      0.01174312103493058
                      378        47.66201705821647        20.40893139175964        5787.602524596081        99.99999329713634      0.01174312652724385
                      379        45.55570253799485        20.08624397009693        5787.602487045111         99.9999930222514      0.01174312753350382
                      380        40.57851521922375        19.89825747970229        5787.602449912299        99.99999275035564      0.01174315730315456
                      381        46.37833612867632        20.06144489836341        5787.602412429173        99.99999247647148      0.01174314504204688
                      382        41.60043795219585        21.68073898391719        5787.602375514555        99.99999220506575      0.01174316120463903
                      383        44.06487828022811        20.60813093625949        5787.602338528988        99.99999193377343      0.01174316092730132
                      384         45.4518162020734        20.08647620028578        5787.602301101516        99.99999166047473      0.01174315183819452
                      385        45.63845501601067        19.51001446330259        5787.602263621726        99.99999138636883      0.01174316036751843
                      386         40.7700069165089        21.96309847258603        5787.602226996368        99.99999111753417      0.01174315732754305
                      387        44.51494286252494        20.65085934731463        5787.602190171761         99.9999908468908      0.01174315302194628
                      388        45.08446556745823        19.69397224490636        5787.602153981967        99.99999058021193      0.01174313855085574
                      389        45.64333974851773         21.4312742697275        5787.602117138919        99.99999030985001      0.01174313951842887
                      390        36.92815346473783        22.55143852868444        5787.602079708525        99.99999003678111      0.01174312386417098
                      391        39.37101397726758        20.73164528721449        5787.602044415433        99.99998977524012      0.01174309729608192
                      392        42.08097981766775        20.76020254704785        5787.602008562723        99.99998951000293      0.01174309850789612
                      393        42.48470227953062        20.93922896045488        5787.601972084463        99.99998924182691      0.01174310429540038
                      394        46.03637224115755        21.83649562500156        5787.601935345993         99.9999889718664      0.01174311034784292
                      395        45.66916698990307        19.36746417079137        5787.601898216216        99.99998869922311      0.01174311989678545
                      396        44.85860705460752        20.36573306057912        5787.601862523296        99.99998843505863      0.01174313135284644
                      397         42.6455625648478        20.72324110058833        5787.601827161305        99.99998817321952      0.01174312576364578
                      398        40.38875962966902        20.19513341137945        5787.601789753061        99.99998789965338      0.01174311679535744
                      399        41.46782035326553         20.6978653493834        5787.601753186592         99.9999876308252      0.01174312140107947
                      400        43.63543852908732        20.16540341019416        5787.601717470868        99.99998736693341      0.01174310607124474
                      401        43.08314351203909        20.42892093784601        5787.601681392545        99.99998710058445      0.01174311889810031
                      402        44.44945443097885        20.12211075383046        5787.601646239502        99.99998683930893      0.01174312022122548
                      403         44.6964995274036        22.43952858086335        5787.601609174738        99.99998656723248       0.0117431174909628
                      404        42.09894017405427        20.83667306401774        5787.601573804548        99.99998630518805      0.01174311260904659
                      405         46.3822169844017         20.1050744978617        5787.601537396084        99.99998603693571      0.01174312464389971
                      406        42.73545496411963        23.26274939646538        5787.601500039468        99.99998576369264      0.01174312054638671
                      407        42.52659932597637          21.172836181693        5787.601462872893        99.99998549137206      0.01174313929352699
                      408        43.52031447459552        20.01928229740843        5787.601426868622        99.99998522561252      0.01174314840994217
                      409        45.11648867121885        19.67911650509716        5787.601388931285        99.99998494906679       0.0117431521024649
                      410         44.4236351337609        19.46821256623069        5787.601350861816         99.9999846722167      0.01174315098039358
                      411        43.56227217696266        21.48442078700629        5787.601313962909        99.99998440130874      0.01174317054707341
                      412        42.26763195711699        20.07511865419832        5787.601277110697        99.99998413083563      0.01174317768852617
                      413        43.41121386664541         20.9875607288503        5787.601239678885        99.99998385714487      0.01174317111337242
                      414        46.47886262679971        19.50230452190966        5787.601201078599        99.99998357698792      0.01174318504583738
                      415        48.24398202497734        19.62609189385832        5787.601164184163        99.99998330574279      0.01174318782560135
                      416        41.55074773896319        21.85775583820852        5787.601127974433        99.99998303909936      0.01174320613702662
                      417        45.81169070714255         19.2404080069572        5787.601091193583        99.99998276857194      0.01174319735034501
                      418         44.3522354436228        19.42503773299185        5787.601054182546        99.99998249731939      0.01174319291440007
                      419        40.82874178179285         20.8122593668086        5787.601018698653        99.99998223464732      0.01174320868197043
                      420        42.04344529503938        20.60106058994769        5787.600983072631        99.99998197116234       0.0117432157962023
                      421        41.37979100167804        19.64234689761899        5787.600947260128         99.9999817065288      0.01174321733524897
                      422        43.11056206231221        21.18953383239359         5787.60091178466        99.99998144385182      0.01174320409575547
                      423        43.77161635845139        19.62958932118413        5787.600874889191        99.99998117320372      0.01174319740332397
                      424        45.63771338891544        21.59673599611344        5787.600837050905        99.99998089692035      0.01174318186343548
                      425        41.33566436818383        19.95751378499263        5787.600800620331        99.99998062874225      0.01174316826906452
                      426        44.93207012671841        19.83331728968926        5787.600763856329        99.99998035858485      0.01174317788233026
                      427         45.6125094627573        20.40035293651188        5787.600726411969        99.99998008486551      0.01174317743538467
                      428        44.67949846550487        20.66615219354927        5787.600689401421        99.99997981361582      0.01174317105087397
                      429        44.45065705743487        21.57070585207671        5787.600652588284        99.99997954330691      0.01174318966314569
                      430        41.21731136046593        21.13428250063794        5787.600616531381        99.99997927747805      0.01174319955789294
                      431        46.35829572809059        19.25166848123335        5787.600579111037        99.99997900369156      0.01174319901481802
                      432        43.76153012956195        20.55116549582959        5787.600542499711        99.99997873462848      0.01174320062490297
                      433        39.81852610755863        20.04297103971355        5787.600506753788        99.99997847074648      0.01174322120453519
                      434        42.86301406293945        21.18441361489477        5787.600469386997        99.99997819743524       0.0117432190781428
                      435        44.24434652474175        20.24575443236665        5787.600433404364        99.99997793189257      0.01174320049739208
                      436         44.5045342808466        22.13397506355886        5787.600396622983        99.99997766182612      0.01174319933523416
                      437        44.05825247469333        20.07900197673974        5787.600359249185        99.99997738851837       0.0117432098797341
                      438         44.1527805288419        19.71755235001882        5787.600323052086        99.99997712146769      0.01174321055969241
                      439        44.18409325577899        20.76002262281328        5787.600286201138        99.99997685085216      0.01174320987811583
                      440        41.80260827094843        21.31095413555752        5787.600250030678        99.99997658447634      0.01174320628411962
                      441        45.60638960447174        19.32353467579688        5787.600211755599        99.99997630564854      0.01174321697741521
                      442        42.19779840637552        19.16895770818669         5787.60017560975        99.99997603883051        0.011743226696316
                      443        42.95687799331739        20.94326355854697        5787.600138925785        99.99997576980064      0.01174323964305213
                      444        45.07314748108253        20.73293149581416        5787.600101887207        99.99997549799059      0.01174325217158095
                      445        47.14353306264049        19.89473637429908        5787.600063891335        99.99997522057939      0.01174324635845381
                      446        40.45383400128196        22.40350391552127        5787.600027645562         99.9999749536882      0.01174324782596337
                      447        41.95729197761219        21.92540914905413        5787.599991274664        99.99997468615145      0.01174324298173124
                      448        44.11536351301302        20.81516943974627        5787.599953474144        99.99997441049132      0.01174324815451167
                      449        40.30450571078831         22.3540470322266        5787.599915439439        99.99997413369141      0.01174324364391843
                      450        39.45522750417271        21.71242399449831        5787.599879145267        99.99997386639593      0.01174323575370728
                      451        44.75400420639252        20.58296025116731        5787.599841461828        99.99997359137114      0.01174323749137152
                      452        40.25946060536462        21.82530793625965        5787.599805706092        99.99997332716656       0.0117432354563986
                      453        43.99658110147487        20.28037295910651        5787.599768384094        99.99997305408844      0.01174322343256584
                      454        42.62158328589805        21.25425066728278        5787.599731571416        99.99997278363283      0.01174323364493063
                      455        41.12405927197801        21.90695873065537        5787.599694245783        99.99997251081153      0.01174322205705014
                      456        45.61999346024207        19.62670302300112        5787.599657909432          99.999972242859      0.01174321708858495
                      457        47.42322226679773        19.64986149017853        5787.599619089458        99.99997196117603      0.01174320961879083
                      458        43.41507427524292         20.1999659843767         5787.59958098804        99.99997168380159      0.01174320780913507
                      459        40.60238339215718         21.6941586184833        5787.599544805517        99.99997141699855      0.01174320586741473
                      460        47.54764881597172         19.8997696309843        5787.599507019923         99.9999711407559      0.01174321109150522
                      461        41.25812401018875        20.99084385911256        5787.599470243244        99.99997087091739      0.01174320844461008
                      462        43.31479103808169        20.32089762333209         5787.59943385599        99.99997060348497      0.01174323783968578
                      463        44.82263353652436        20.24493750670926         5787.59939723463        99.99997033396465      0.01174322506247183
                      464        45.35789327987358        20.08374919997865        5787.599361528706        99.99997006962458       0.0117432421479271
                      465        44.97211917040663        19.13549362037306        5787.599324721362        99.99996979922251      0.01174323266830735
                      466        40.82133709944294        23.04098052663946        5787.599288442898        99.99996953200969      0.01174324409584004
                      467        44.80933787665225        18.92365116830581        5787.599251617481        99.99996926136586       0.0117432429240667
                      468        47.50052283908489        19.65547685430138        5787.599215294769        99.99996899281797       0.0117432365814607
                      469        48.28115247291938        20.56105376251386        5787.599177886163        99.99996871891577      0.01174323642728758
                      470        47.06282146809914        19.32727592775901        5787.599140317112        99.99996844422314      0.01174322628379221
                      471        42.89113898423752        20.50694064577633        5787.599104695639        99.99996818044889      0.01174321242068377
                      472        41.56411439400589        20.20183393114333        5787.599067468257        99.99996790795232      0.01174319697056769
                      473         44.3755924419694        20.57318080012935        5787.599029550441        99.99996763165483      0.01174320784281058
                      474        44.13507421851886        20.93292907805551         5787.59899364364        99.99996736654661      0.01174321080523666
                      475        43.44600755658218        21.66699228861651        5787.598956559555        99.99996709499409      0.01174321028877978
                      476        43.35899578744301        21.66755452528458        5787.598918873141        99.99996681979916      0.01174322023420604
                      477        42.66786439714151        20.02449479836492        5787.598882174055        99.99996655061189      0.01174321852922766
                      478        45.50599969297273        20.41029360958645        5787.598844942926        99.99996627757682      0.01174321492370289
                      479        41.85907090446896        20.43683118077869        5787.598808606932         99.9999660103055      0.01174319513118949
                      480        40.50303999642196        22.22311231493835        5787.598771717638        99.99996574023191      0.01174321626717756
                      481        42.20513918546251        20.70201936545188        5787.598734555817        99.99996546826657      0.01174320148924934
                      482        44.23888917449521        20.32460267750846        5787.598697295105         99.9999651956318      0.01174322270231443
                      483        40.56880634975815        20.49804532980508        5787.598661775561        99.99996493255809      0.01174319804199797
                      484        45.41621135595803        21.59929363527831        5787.598624359552         99.9999646586777      0.01174320692676822
                      485         40.8882763221673        21.88439735245312        5787.598587426658        99.99996438790448      0.01174321305562565
                      486        47.83159684327902        18.94383963744881        5787.598551420965        99.99996412185222      0.01174320106369553
                      487        51.25022731054148        18.63541590406534        5787.598514333943        99.99996384968915       0.0117432005887288
                      488         43.2576877741573        20.39863468816599        5787.598478073785         99.9999635825979      0.01174318150551024
                      489        46.28881407464535        19.39785670437995        5787.598440084149        99.99996330564605      0.01174320066899259
                      490        42.23684398318986         21.6466297483755        5787.598402643476        99.99996303247707      0.01174318487843973
                      491        42.70969009451292         20.7382359063374        5787.598365791879        99.99996276198458      0.01174319605313201
                      492        42.57363670363346        20.19818339698875        5787.598330347779        99.99996249987394      0.01174318103138106
                      493         46.4539105476021        20.39779987348705        5787.598294402932        99.99996223426011      0.01174318554171072
                      494        46.70344299294118        20.05193192162287        5787.598258330477         99.9999619680646      0.01174317789276991
                      495        41.90230450562665        21.60694263841403        5787.598221817949        99.99996169942195      0.01174317251522261
                      496        42.92359239996839        21.17062601299142        5787.598184309609        99.99996142521887      0.01174317489345489
                      497        45.93465095656316        18.80233016147935        5787.598148548265        99.99996116047498      0.01174317015993509
                      498        41.21969635707133        20.76541847029333        5787.598112690329        99.99996089563102      0.01174318519930689
                      499        44.38988414365833        20.51478793342646        5787.598076530508        99.99996062891027      0.01174317977374173
                      500        44.20542974619386        20.77233635696455        5787.598038612417        99.99996035275116      0.01174318451120682

Final average n0: 43.68606972956705
Final fluctuations n0: 20.85663735746746

Averages:
45.94770280656207
42.52850301402157
47.64859827531266
43.62623206409965
42.12135600106588
42.71127344878153
44.21491736827063
42.7407274422138
43.78885337568097
43.75148876005813
46.39836790859501
38.60477220881912
42.82704412247448
45.39073778211591
45.42199662381262
40.93587405094149
44.96956706059104
46.57810647666754
45.22336315369362
44.78228674161574
41.54427796386923
44.15367478599916
49.23034350848994
44.95012698279583
41.30471929107913
45.74092779586555
43.95737634650049
44.73257054458952
46.71396251068562
44.64425886866731
42.93987287958135
41.9842111443727
41.06630666732917
43.91847091304666
43.02831979790864
44.32692533185477
40.47624490444323
44.07195741061584
45.0187895691115
41.93314027321462
44.28961118291478
42.06068603874991
42.63253957818966
44.72433528717411
43.66385756503125
40.45635486507381
43.83134752569587
43.80523210895549
45.27102599171231
44.949934990153
41.57975614436359
43.6454751607709
48.1915164054071
40.35892676082827
42.88480847187701
39.93673650906857
46.11670984104247
41.99605638722683
43.86614833805228
43.13591672017487
44.31055291591731
47.13738282306454
42.01469048524538
45.23567529394089
44.79782770612013
44.71861488403156
45.06201915172331
41.59358445886829
42.75961574331392
44.82021085561305
43.26896544254878
42.34552837114762
42.96315892199119
44.48943982325054
38.52088375084703
45.2972067755311
46.86393509172988
43.61528372601424
50.09057218229322
43.21746161479049
44.34162378333085
45.04252597643147
46.11761495925786
48.39741193503799
44.61118508448405
42.67393605257679
44.03578456717484
46.14047459794718
46.48211081747639
44.18989285337939
43.2575956053243
42.17352368882898
42.53573486905502
44.70220395187972
43.39662475034437
46.93659683435614
44.32457456863014
42.32815195595091
43.6106696971298
47.61323682262538
42.55730384798353
46.60982598876017
42.30320875043721
44.54161762610747
41.89470935674497
44.57704638429127
43.542385141057
40.77115735671199
37.25667230396278
42.61858845486897
42.76249294194845
44.20021073508831
44.76137589224355
43.83985979587271
42.10666533142872
42.77890751441833
42.46182324352552
44.90911439286827
42.91271310707085
44.10168381384705
39.27734109754372
45.75163378955533
43.48713176850411
41.13662822345152
41.55982701697595
44.65886842267525
44.79540192436331
46.02522988886489
44.46435693332779
42.92334142089751
42.08427622350465
38.80149041565182
43.71028784373458
46.99582899769371
46.00450972878515
47.26175051528244
43.15068341532047
48.13807368107573
42.88725349036038
45.63552119972718
45.12561757283592
45.76171769991171
42.0541139522332
39.79331685296843
47.36353315490043
49.708246234211
41.71586964560165
44.09875902138184
43.27154247182186
44.44998687752643
40.85102930419699
48.13867981267295
42.90167208893885
42.93858812257513
43.18435819746382
43.0320729478052
41.41062924947052
44.60103320800251
42.962490487194
42.81274291451449
42.81845219296198
45.44024539295715
45.78036987369335
44.13050369461225
43.93488272139597
44.65738054576171
48.28996087700843
43.91846684407997
43.96476032128911
43.6233981492844
44.51656115971593
40.5391438447127
40.74033055826177
45.38219021843638
44.13347704214205
45.94801883179663
44.15575120785972
48.76245248126554
43.57375739939869
43.28654088594168
46.62380025390558
44.8772439949018
43.69950204260933
42.91222096492464
41.54631006184225
41.93865698986354
42.09945808208638
49.82919532628836
45.29299992393027
48.80913621404878
46.26504849369626
46.62373345667973
42.97374064806519
41.45184048843456
44.49068566791376
41.38398231028286
44.675807691931
44.22564577878943
45.45527873179
42.08618571848753
47.14696896114479
41.86318535918652
42.72060393761533
41.9070480395213
47.66644866893609
41.60031209233477
43.17839881525561
44.62485272454641
46.24560221003189
40.44429570442911
41.05420005399715
42.39359285959515
43.30844556138963
43.12489203809627
49.51431985922063
46.59323826380297
44.17116061948347
40.51961741210438
45.55705800787986
51.51806533263191
41.59360461238971
39.61207533883609
45.13770260098535
45.26517164486758
42.35717773799676
42.90631483937154
41.47180280474314
42.54335010122536
41.9709695578269
39.3018542177494
40.98934891581457
40.5171836386872
42.89705474539954
40.79192817698059
44.59870731200284
43.07099302781649
43.8061267170834
43.71949806270082
45.47802176527637
43.20246120384741
40.09558482613076
42.31360021308301
45.38672294129722
42.15300121755609
42.01246506526521
39.33640156808652
43.01098922502568
44.39545558649045
41.88100106621624
42.10746892372492
41.34676810936935
42.99056485637057
41.53588572509406
43.82659043391207
44.7453407120287
43.9404780486215
41.16425390131283
39.85281702626322
42.84607453061989
43.88171901837122
43.15665165896959
43.10340824508611
43.00020600693434
43.37663977189949
43.09841440459074
40.79175653760979
42.58036332188981
40.69168477051212
41.186525954736
42.57323392834712
44.49553889646132
40.82614656358934
45.19167215884238
44.27401708893129
43.306647319044
44.66248181163638
46.97815161874356
46.06274578418048
44.9141752363636
44.69126912293223
41.47088246980664
45.45912507639188
44.3052723293812
43.35935871766199
42.40087105128273
43.93654858082407
41.95447979865104
44.98931152179613
44.53437879412643
40.61813641503067
37.62639820388524
39.86877938205302
45.12606720384868
47.43531009882354
46.89712621350679
41.56637547252479
39.71425643933771
40.57286323439758
41.73113321171257
44.05113666345367
40.8796342564824
45.02357822967816
43.20758458453968
47.80813364522209
44.61552790439429
49.08414272346415
41.26851656035194
43.24306894437334
42.9669519077252
44.37985889204358
45.01527406398824
46.1525542989087
44.87706951493541
41.6335345132008
46.3049418451236
42.20962369786006
43.62747685625854
40.93455271288656
39.93607661577523
41.24837186961084
42.67900934933063
43.05198607542635
45.84904305420828
46.88295229614359
40.5146712585508
42.32798853630893
45.38810396660186
42.98749964392444
44.31695368053167
43.2627363742653
42.33130440873214
42.8861155875119
40.80431146021148
44.1555608415926
46.96758280222695
44.54916332396847
44.09110688839688
42.14317592807528
44.22887754824954
46.31424841650978
47.15532886110719
41.45843441685933
45.7635272868199
44.98288663882819
42.41668588793772
44.24915838493504
40.6811948758701
42.56807205610576
44.77301853493669
46.87882856264302
48.25384334455349
40.00049728581772
45.00689603106963
42.0579698510797
45.63681961070588
45.35990676124959
40.9742862553761
43.54969255767789
44.93411185833867
45.2002787719485
42.47735250419213
39.89411407385455
40.37669611904303
42.68352499491687
44.38572228302077
41.04757854119183
42.74950806932889
44.85925918942481
41.99141443102536
43.81726266543573
41.28521058705154
45.6330262346911
42.54511876069271
42.28004380299306
45.92100767495345
45.69780515585129
44.58154070595224
47.66201705821647
45.55570253799485
40.57851521922375
46.37833612867632
41.60043795219585
44.06487828022811
45.4518162020734
45.63845501601067
40.7700069165089
44.51494286252494
45.08446556745823
45.64333974851773
36.92815346473783
39.37101397726758
42.08097981766775
42.48470227953062
46.03637224115755
45.66916698990307
44.85860705460752
42.6455625648478
40.38875962966902
41.46782035326553
43.63543852908732
43.08314351203909
44.44945443097885
44.6964995274036
42.09894017405427
46.3822169844017
42.73545496411963
42.52659932597637
43.52031447459552
45.11648867121885
44.4236351337609
43.56227217696266
42.26763195711699
43.41121386664541
46.47886262679971
48.24398202497734
41.55074773896319
45.81169070714255
44.3522354436228
40.82874178179285
42.04344529503938
41.37979100167804
43.11056206231221
43.77161635845139
45.63771338891544
41.33566436818383
44.93207012671841
45.6125094627573
44.67949846550487
44.45065705743487
41.21731136046593
46.35829572809059
43.76153012956195
39.81852610755863
42.86301406293945
44.24434652474175
44.5045342808466
44.05825247469333
44.1527805288419
44.18409325577899
41.80260827094843
45.60638960447174
42.19779840637552
42.95687799331739
45.07314748108253
47.14353306264049
40.45383400128196
41.95729197761219
44.11536351301302
40.30450571078831
39.45522750417271
44.75400420639252
40.25946060536462
43.99658110147487
42.62158328589805
41.12405927197801
45.61999346024207
47.42322226679773
43.41507427524292
40.60238339215718
47.54764881597172
41.25812401018875
43.31479103808169
44.82263353652436
45.35789327987358
44.97211917040663
40.82133709944294
44.80933787665225
47.50052283908489
48.28115247291938
47.06282146809914
42.89113898423752
41.56411439400589
44.3755924419694
44.13507421851886
43.44600755658218
43.35899578744301
42.66786439714151
45.50599969297273
41.85907090446896
40.50303999642196
42.20513918546251
44.23888917449521
40.56880634975815
45.41621135595803
40.8882763221673
47.83159684327902
51.25022731054148
43.2576877741573
46.28881407464535
42.23684398318986
42.70969009451292
42.57363670363346
46.4539105476021
46.70344299294118
41.90230450562665
42.92359239996839
45.93465095656316
41.21969635707133
44.38988414365833
44.20542974619386

Fluctuations:
19.37471124675907
21.19566660744954
19.63968538076907
20.19857048225338
22.15046164235505
21.37868393398335
21.58121888397396
21.82680557149428
18.98776563929512
20.18361959283271
19.22938987842537
22.04047807859017
21.35869285084437
18.30340551170442
21.04964172033941
21.95251991077605
21.51629012990847
21.39233253185305
18.63887440005407
20.46167210638822
22.46008892202411
20.46943933888119
20.60106282316904
19.94236552183561
22.88276417508617
21.266215127147
19.30703678117358
20.17458819827644
19.33490574883314
20.91172406877307
20.33850167989408
20.66559388890242
21.67573752412141
20.3257080516775
20.83732693912869
22.75762267043632
22.67160092953956
20.4155562080686
19.89425218207892
21.1641256826004
19.42225170058627
21.94807119769207
20.61717680682683
19.77989017191029
19.79654903729892
22.40927277640719
21.80577954338315
21.13253882763295
20.54596004000533
21.45288851414166
20.97941043161966
20.52466629995422
20.50361193003945
19.81567687358766
20.96204046746597
21.969364654404
19.631125573302
20.37183213165355
21.19970930078782
22.28939817714549
20.18764016843437
19.48899511587056
21.67698385062618
19.83080851175158
20.19774813866455
20.86388776558207
18.7801665879494
20.79723917360758
20.66799650850769
19.68227659269059
21.25306302643077
21.50856186988826
20.64004280410042
20.22324727163389
21.69560626810936
19.51627410948749
19.70254380156195
20.05564440230979
19.0532446405693
21.15488545341042
20.19182491084877
20.25981037562182
19.94113594626512
19.56083249703091
22.19506597750321
21.12933380154807
20.93710223038358
19.56215018783778
19.37503563789271
19.65317155554101
22.55200612332077
21.34512063805941
21.01332942880806
21.69532772282955
20.04714124416697
18.75844865880259
20.36883990182137
18.51576512240992
20.84948357622314
20.0842469258312
21.9420871628687
21.25646524332004
21.5508784135021
20.47743655381868
20.27391743856755
18.45077023343564
20.4965527688507
22.68512111031449
23.11001296451107
20.71059161581862
22.27025831296688
21.36450026014325
20.7104109898431
20.68112211858321
20.42615253296155
20.63031508773684
21.0980516106459
19.51091611865109
22.02509832632816
20.54172716547242
21.38171870722869
22.41867441188902
20.39582864979481
20.89741654515876
21.96235392415639
19.79110192949804
19.5719623723547
20.57496830001736
19.57361505069476
20.01767678784976
20.63139378852326
21.6480205156262
21.35102115614571
20.42351537242647
18.79359432626039
19.61262534952989
20.01204048675331
19.59782861940476
21.35886235960188
21.11880158612871
22.14623398657698
21.21620918025701
21.05469014893119
21.57542545266689
21.25613305984288
19.18598987468561
22.02331479004401
21.87421986206972
20.59733840319213
18.52963366346702
20.96207972330703
19.71107265651897
21.74147857702613
21.78789841116505
20.36095722269243
20.41468876688713
21.81030547159515
21.40706040946473
22.20874713502383
20.79961428143672
20.35002422314775
19.93439187964799
19.94583840169559
21.26700842194239
20.55247384992898
20.15174162419813
19.53537179519764
21.85271071503366
20.58334487647129
20.44810402419328
20.81556775147034
22.12349932874231
21.5046368638133
19.13517194587125
20.32217099879086
19.52607338415124
21.3702925992822
19.07069776355438
20.54635605071195
20.53281120495322
18.46498614920245
22.03878261576296
20.1915284754419
20.82436158720714
22.18024364542844
20.40519413923845
20.847388320002
18.69520602823032
19.8213235494536
19.08164934370258
20.29466551959295
19.7961827424101
21.55204349377106
22.41158065296199
20.374156952334
21.13392375809843
21.16939497376714
20.43672729367093
20.63512632332162
22.41549854221778
20.72840898962682
20.87262878091849
21.10587495366034
21.34331556853876
19.43530057945492
22.27771338300791
21.63004487113107
20.26419462705978
19.73292644752307
21.90267624581049
21.59598086999162
21.82403562659273
21.5520547162682
21.91162144599975
18.85713621660281
19.86562619085629
19.6721575115344
20.45071462403439
20.5221538250826
20.02270265986972
21.7157318498258
21.43863412752745
20.49804462889741
20.21512269094685
19.91050091886627
21.54612816437209
20.52031524202203
20.73230001701797
19.63898517398385
21.69907283056535
20.82507740983922
21.04597264865278
20.87884545867813
21.93518635521204
19.76620219706074
21.55424795320918
20.50068231543426
21.3071378922755
20.53778949421207
20.98000998427463
21.42675208600788
21.768394477621
21.10737957311183
21.05021639804476
20.95142337035722
21.28883975020036
20.73662014229282
19.23337085322275
20.3971165339132
20.15733828187202
21.74801562509509
20.86177502473367
22.38181470113414
21.78489546782852
20.97245614504408
20.62575934099146
22.10101419429675
21.09330043861241
20.7082755759061
20.83343567804711
20.56154210290783
21.17774555939376
20.7929986231161
22.05706633946035
20.57420021687185
22.13694851047965
21.52896449399775
21.11649712073337
20.3234692636981
20.81696147757032
23.05696788006873
19.30715306383897
19.54048939686445
20.59431539179089
21.55098513112151
19.7929430908119
20.73034274346403
20.46214041678161
19.53121549640414
20.79744741762872
20.91527015839838
21.10358378743079
22.39542662920683
21.76996360267789
21.0305192514153
20.40549592527697
21.28256698017811
20.69989086746248
18.64011752856571
21.70393152837207
21.99396799098533
22.80448015969617
19.63990899599727
18.81118720445998
20.75535626680131
21.69609997595834
21.73805531495749
22.43812449305779
21.71749430728136
20.2309646563046
21.10441349173908
20.2104662127112
21.53457708241006
20.37211197889945
20.61586386305087
21.66051072303505
22.38064133843302
20.29649811488533
19.56145857218488
21.44771958592593
20.60756215398225
21.66077764280901
20.83732043529536
19.98232577091474
20.83440774642274
21.48706801993524
20.29673391936782
20.5573344694285
22.11210743240086
21.20621811409899
22.01571442394621
19.66750804084267
20.16809061469379
19.77514370561566
20.9881257341753
20.73023676569015
20.75455128308485
20.0162604405426
20.15370415125199
21.30360314874672
21.1730237748472
21.59405402028777
21.42189928213908
21.64198881731754
19.47178769644726
21.00212775853414
20.01486517845418
21.09694410206468
20.9200162505472
20.49295940418901
20.29756783160247
20.74675149002091
20.16806392848907
20.97115455397557
21.4261006594606
19.6422225024753
20.62985384214414
20.06187809649643
20.05053224444593
20.13147947128915
19.83031599865203
19.89503341446074
20.45700033217626
21.8571198017628
20.15525755270432
20.27711854092779
22.22706947004422
20.07219382797241
20.02801779930886
21.72814468806734
21.37565940296207
20.6706470750106
20.56074832144703
21.56596405209906
19.96538421886672
20.5874921893209
21.17174713148068
20.21724047745884
21.03028310304789
21.5820426997381
21.09559869011265
20.16723689030712
19.21618006328989
21.03682276506937
19.657686543527
20.79377810333396
21.0666214825911
20.40893139175964
20.08624397009693
19.89825747970229
20.06144489836341
21.68073898391719
20.60813093625949
20.08647620028578
19.51001446330259
21.96309847258603
20.65085934731463
19.69397224490636
21.4312742697275
22.55143852868444
20.73164528721449
20.76020254704785
20.93922896045488
21.83649562500156
19.36746417079137
20.36573306057912
20.72324110058833
20.19513341137945
20.6978653493834
20.16540341019416
20.42892093784601
20.12211075383046
22.43952858086335
20.83667306401774
20.1050744978617
23.26274939646538
21.172836181693
20.01928229740843
19.67911650509716
19.46821256623069
21.48442078700629
20.07511865419832
20.9875607288503
19.50230452190966
19.62609189385832
21.85775583820852
19.2404080069572
19.42503773299185
20.8122593668086
20.60106058994769
19.64234689761899
21.18953383239359
19.62958932118413
21.59673599611344
19.95751378499263
19.83331728968926
20.40035293651188
20.66615219354927
21.57070585207671
21.13428250063794
19.25166848123335
20.55116549582959
20.04297103971355
21.18441361489477
20.24575443236665
22.13397506355886
20.07900197673974
19.71755235001882
20.76002262281328
21.31095413555752
19.32353467579688
19.16895770818669
20.94326355854697
20.73293149581416
19.89473637429908
22.40350391552127
21.92540914905413
20.81516943974627
22.3540470322266
21.71242399449831
20.58296025116731
21.82530793625965
20.28037295910651
21.25425066728278
21.90695873065537
19.62670302300112
19.64986149017853
20.1999659843767
21.6941586184833
19.8997696309843
20.99084385911256
20.32089762333209
20.24493750670926
20.08374919997865
19.13549362037306
23.04098052663946
18.92365116830581
19.65547685430138
20.56105376251386
19.32727592775901
20.50694064577633
20.20183393114333
20.57318080012935
20.93292907805551
21.66699228861651
21.66755452528458
20.02449479836492
20.41029360958645
20.43683118077869
22.22311231493835
20.70201936545188
20.32460267750846
20.49804532980508
21.59929363527831
21.88439735245312
18.94383963744881
18.63541590406534
20.39863468816599
19.39785670437995
21.6466297483755
20.7382359063374
20.19818339698875
20.39779987348705
20.05193192162287
21.60694263841403
21.17062601299142
18.80233016147935
20.76541847029333
20.51478793342646
20.77233635696455

Last point and parameters for further simulation:
100
6
0.5
contact

-0.2141353290218924
-0.5228163097955667
-1.825077388649596
-0.582481988469529
-0.6154180371491794
1.460785855863491
0.8998894569638816
-4.356180490433501
-1.21565869879833
3.866472556094437
-0.795955895859203
-0.5907688373477493
0.03816403852205503
0.8054229136517761
0.6374390178632925
-0.5170356011618977
-3.450051260421663
-1.447182971485431
-5.105826249110406
0.4343202989628069
-3.314165271287659
1.307995436213677
1.376167630249925
-0.2278531349699339
-0.1080505994938981
-0.2660171421431791

Final quantities:
43.68606972956705
20.85663735746746
