   batch        P accept         n0 mean            +/-     n0 std dev          E mean            +/-      E std dev          P mean            +/-      P std dev
    init         0.51143         65.2262      0.0226475        22.6475         5221.91      0.0860168        86.0167         6.07071      0.0239768        23.9768
    init        0.511604         61.8978      0.0252912        25.2912         5229.69      0.0937775        93.7774        -4.47245      0.0341777        34.1777
    init        0.511729          63.374      0.0242991        24.2991         5227.04      0.0885848        88.5847        -2.29862      0.0284865        28.4865
    init        0.511576         69.8979      0.0169782        16.9782         5213.48      0.0814875        81.4874     -0.00669736     0.00729837        7.29837
  accept        0.499461         65.0742      0.0218182        21.8182         5222.31      0.0825784        82.5783        -5.71341      0.0232715        23.2715
  accept        0.500238          60.531      0.0261098        26.1098          5230.7      0.0886307        88.6306        -13.2381      0.0330982        33.0982
  accept        0.500781         63.6883      0.0243756        24.3756         5225.61      0.0865266        86.5266         9.24526       0.028482         28.482
  accept        0.499517         66.5783      0.0217635        21.7635          5220.9      0.0833882        83.3881         1.76476      0.0229515        22.9514
  accept        0.500005         69.0074      0.0172154        17.2154         5215.21      0.0790792        79.0792       0.0243619     0.00736449        7.36449
  accept        0.499998         65.6791      0.0212156        21.2156         5222.01      0.0829068        82.9068        -4.36724      0.0209063        20.9063
  accept        0.499865         69.1116      0.0173981        17.3981         5215.24      0.0800262        80.0262      -0.0692895     0.00735567        7.35567
  accept        0.500012         62.5212       0.025186         25.186         5226.73      0.0858423        85.8422        -1.76585      0.0321957        32.1957
  accept        0.500008         69.0576      0.0179538        17.9538          5215.3      0.0805423        80.5422       0.0958931     0.00731206        7.31206
  accept        0.500225         58.1041      0.0287023        28.7022         5236.01      0.0908344        90.8344        -1.82726      0.0416584        41.6584
  accept         0.49979         69.4543      0.0169627        16.9627         5215.27      0.0789445        78.9445      -0.0241163     0.00729839        7.29839
  accept        0.499845          67.244      0.0199362        19.9361         5220.03      0.0845523        84.5523        -2.23743      0.0160086        16.0086
  accept        0.500173         68.9241      0.0183442        18.3442         5217.48      0.0813274        81.3273         1.35789      0.0132123        13.2123
  accept        0.500019           68.73      0.0179059        17.9059         5216.34      0.0798532        79.8531      -0.0268161     0.00734432        7.34431
  accept        0.499956         66.1712      0.0225767        22.5767         5219.57      0.0839976        83.9975         6.32333       0.024229        24.2289
  accept        0.499813         69.4923      0.0185213        18.5213         5215.04      0.0803586        80.3586         2.31522      0.0163345        16.3345
  accept        0.500497         67.5836      0.0197526        19.7526         5218.45       0.081948         81.948        -1.71846      0.0186139        18.6139
  accept        0.499699          68.562      0.0187759        18.7759         5217.09      0.0817435        81.7434         1.54516      0.0139984        13.9984
  accept        0.500309         69.7266      0.0174503        17.4503         5213.85      0.0788128        78.8127       -0.985531      0.0121039        12.1039
  accept        0.499608         61.3784      0.0261118        26.1118         5228.18      0.0863919        86.3919        -11.8269      0.0317017        31.7017
  accept        0.499818         65.6037      0.0224279        22.4279         5221.57      0.0840013        84.0013        -6.04563      0.0237327        23.7326
  accept         0.50043         60.3109      0.0273644        27.3644         5232.07      0.0901114        90.1114        -15.1004      0.0348013        34.8013
  accept        0.499894         65.9999      0.0214508        21.4507         5222.23      0.0850153        85.0153         4.57639      0.0211613        21.1613
  accept        0.500092         67.6118      0.0201931        20.1931         5217.45      0.0819235        81.9235         3.40761      0.0187546        18.7546
  accept        0.499733          65.867      0.0221455        22.1454         5221.07      0.0833348        83.3347         6.28501      0.0243481         24.348
  accept        0.500108         64.9109      0.0225873        22.5873         5223.71      0.0848385        84.8385         6.40106      0.0243947        24.3946
  accept        0.500185         68.0537      0.0186367        18.6367         5216.84      0.0810172        81.0172        -1.11286      0.0127675        12.7675
  accept        0.499893         64.0091       0.024601         24.601         5226.49      0.0878616        87.8615         10.1129      0.0297008        29.7007
  accept        0.499945         69.2268      0.0175467        17.5467         5214.12      0.0794365        79.4365       0.0461722     0.00731046        7.31046
  accept         0.49994         67.5495      0.0199809        19.9809         5219.57      0.0834441        83.4441        -3.07597      0.0180321        18.0321
  accept        0.500002         70.8021       0.016529         16.529         5212.31      0.0785908        78.5908       0.0566777     0.00729073        7.29073
  accept        0.500068         67.9832      0.0185024        18.5024            5218      0.0807026        80.7026        0.736569      0.0107668        10.7668
  accept        0.499837         69.1365      0.0177156        17.7156         5214.98      0.0799237        79.9237      -0.0415774     0.00731453        7.31452
  accept        0.500208         65.6146      0.0214017        21.4017         5222.25      0.0842065        84.2064        -4.00092      0.0201044        20.1044
  accept        0.500015         69.1813      0.0176499        17.6499         5215.12      0.0800619        80.0618       0.0363957     0.00740395        7.40395
  accept        0.499655         67.6746      0.0187386        18.7386         5216.86      0.0812423        81.2422      -0.0717885     0.00734849        7.34849
  accept          0.5004          66.434      0.0210522        21.0522          5220.4      0.0822909        82.2909         4.21783      0.0204413        20.4413
  accept        0.499941         70.2214      0.0171096        17.1096         5214.99      0.0805841        80.5841       0.0238154      0.0073749         7.3749
  accept        0.499729         61.4441      0.0258849        25.8849         5226.94      0.0857224        85.7223        -11.2195      0.0309202        30.9202
  accept        0.500191         68.9612      0.0177961        17.7961         5215.36      0.0788141        78.8141       0.0375493     0.00727847        7.27847
  accept        0.499958         62.9492      0.0238067        23.8067         5225.61      0.0849642        84.9642        -7.37833       0.027529         27.529
  accept        0.499769         64.8344      0.0213082        21.3082         5225.24      0.0854531         85.453        -3.86731      0.0205509        20.5509
  accept        0.500371           70.91      0.0164763        16.4763         5212.15       0.078873         78.873      -0.0881408     0.00732238        7.32237
  accept        0.499806         69.8317      0.0168525        16.8525         5215.42      0.0791386        79.1386      -0.0594311     0.00729626        7.29626
  accept        0.500429           59.35      0.0274595        27.4595         5235.81      0.0926819        92.6818        -7.78503      0.0393289        39.3289
  accept        0.500131         62.3294      0.0256651        25.6651         5228.46      0.0875602        87.5601        -7.47641      0.0321926        32.1926
  accept        0.499702         69.0574      0.0172223        17.2223         5216.62      0.0803619        80.3619        0.775535      0.0110311        11.0311
  accept        0.499881         70.1388      0.0166485        16.6484         5214.71      0.0781547        78.1546      -0.0063438     0.00739031         7.3903
       1        0.500132          67.869      0.0183837        18.3837         5218.17      0.0818145        81.8144       0.0842382     0.00755183        7.55182
       2        0.499753         54.5168      0.0295551        29.5551         5241.54      0.0919561        91.9561        -21.8275      0.0396482        39.6482
       3        0.500088         70.1086      0.0169577        16.9577         5214.33      0.0788244        78.8244        0.102102     0.00736786        7.36786
       4        0.499906         50.1323      0.0315788        31.5788          5248.4      0.0937202        93.7202        -30.0372      0.0437889        43.7889
       5         0.50053         54.7138      0.0307121        30.7121         5241.83      0.0928584        92.8584        -23.1945      0.0405602        40.5602
       6        0.499889         63.1534       0.025357         25.357         5225.86      0.0867474        86.7473         10.3091      0.0297097        29.7097
       7        0.499464          60.534      0.0265561         26.556         5230.66      0.0881453        88.1453         13.2839      0.0329867        32.9867
       8        0.500254         67.2837      0.0190535        19.0535         5219.15      0.0817391        81.7391      -0.0644336      0.0074766         7.4766
   total        0.499962         61.0386      0.0185822        26.2792         5229.99      0.0621781        87.9332        -6.41856       0.023904        33.8054

    mode      occupation             +/-         std dev
      -4        0.976255     0.000711279          1.0059
      -3          1.7111      0.00127461         1.80257
      -2         3.86246      0.00316734          4.4793
      -1         15.6225       0.0144451         20.4285
       0         61.0386       0.0185822         26.2792
       1         11.0238      0.00974349         13.7794
       2         3.27368       0.0024806         3.50809
       3         1.57008      0.00115046           1.627
       4        0.921449      0.00066566        0.941385
