   batch        P accept         n0 mean            +/-     n0 std dev          E mean            +/-      E std dev          P mean            +/-      P std dev
    init        0.518412         27.2247       0.020702         20.702         5843.05        0.22392         223.92        0.481919       0.050426         50.426
    init        0.518415         26.6339      0.0203843        20.3843         5846.19       0.224748        224.748       -0.711756       0.051176         51.176
    init        0.518426         27.4073      0.0205163        20.5163         5841.84        0.22321         223.21        -2.34003      0.0489572        48.9572
    init        0.518607         25.6568      0.0198384        19.8384         5844.86       0.226396        226.396       -0.350459      0.0509159        50.9159
    init        0.518861         26.5706      0.0197055        19.7055         5847.26       0.223261        223.261        -3.78015      0.0500657        50.0657
    init        0.518514         25.6485      0.0200714        20.0714          5851.1       0.225436        225.436         1.77172      0.0532293        53.2293
    init        0.518854         27.4014      0.0202924        20.2924         5845.03       0.227726        227.726         1.13648      0.0496941        49.6941
    init        0.518673         26.3788      0.0199331        19.9331         5848.66       0.224297        224.297        -1.32647      0.0506002        50.6002
    init        0.518478         25.7825      0.0201502        20.1502         5844.26        0.22211         222.11         3.02909      0.0503866        50.3865
    init        0.518334         27.1837      0.0202472        20.2472         5840.49       0.221279        221.279        -1.70995      0.0500113        50.0112
    init        0.518762         27.4379      0.0201693        20.1693         5835.55       0.224152        224.152         3.71485       0.050033         50.033
    init        0.518499          26.356       0.020064         20.064         5844.38       0.226387        226.387        -0.78713      0.0510023        51.0023
    init        0.518149         25.3257      0.0197544        19.7544         5850.62       0.223225        223.224        -2.51069      0.0514997        51.4997
    init        0.518462         26.5547      0.0199299        19.9299         5840.39       0.220857        220.857       -0.131544      0.0509158        50.9157
  accept        0.500145           26.93      0.0202726        20.2726          5840.1        0.22119         221.19         2.09494      0.0495826        49.5826
  accept        0.500271         25.4321      0.0200422        20.0422         5848.05       0.221146        221.146        -1.39256      0.0523164        52.3163
  accept        0.499493         28.0124       0.020471         20.471         5840.15       0.222287        222.286         2.42989      0.0492324        49.2324
  accept        0.500074         26.6925      0.0206971        20.6971          5836.8       0.224186        224.186       -0.180227        0.04952          49.52
  accept        0.500066         25.8481      0.0198557        19.8557         5842.82       0.224083        224.083         2.81507      0.0506533        50.6533
  accept        0.500268         25.9415      0.0199354        19.9354         5852.92       0.223772        223.772        0.101967      0.0518545        51.8545
       1        0.499809         26.8037      0.0195607        19.5606         5843.08       0.221901        221.901         1.35726      0.0501221        50.1221
       2        0.499866         26.9713      0.0207044        20.7044         5850.39       0.224307        224.307        0.454774      0.0510629        51.0629
       3        0.500097         27.4774       0.019974        19.9739         5838.85       0.223333        223.333        -1.45432      0.0500834        50.0834
       4        0.500027         27.9532      0.0205235        20.5235         5839.37       0.226497        226.497       -0.747866      0.0499337        49.9337
       5        0.500039          26.982      0.0208506        20.8506          5836.4       0.220058        220.057          2.7146      0.0504448        50.4448
       6        0.499807         26.8159      0.0204303        20.4302         5841.88       0.224903        224.903       -0.631972      0.0505459        50.5459
       7        0.500328         26.8774      0.0197149        19.7149         5839.98       0.222194        222.194       -0.571347       0.050086        50.0859
       8        0.499814          27.305      0.0201366        20.1366         5842.08       0.225059        225.059         2.43298      0.0513128        51.3127
   total        0.499498         27.1484      0.0143157        20.2455          5841.5       0.158089        223.572        0.446281        0.03569        50.4733

    mode      occupation             +/-         std dev
      -6         1.41958      0.00101289         1.43245
      -5         1.95029      0.00139722         1.97596
      -4         2.86222      0.00205331         2.90382
      -3         4.61898      0.00331171         4.68346
      -2         8.45077      0.00607035         8.58476
      -1         16.9805       0.0110496         15.6265
       0         27.1484       0.0143157         20.2455
       1         17.1602        0.011049         15.6257
       2          8.5415      0.00602588         8.52188
       3         4.61664      0.00331836         4.69287
       4         2.87006      0.00206344         2.91815
       5          1.9555      0.00139916         1.97871
       6         1.42537      0.00101722         1.43857
