Number of particles: 100
Nmax: 15
Gamma: 0.5
Interaction type: contact
Step size: 0.0001
Batch size: 200000
Batch count: 100
             Batch number               Average n0          Fluctuations n0                   Energy           Particle count                 Momentum
                        1        5.761555684670378        5.166881937917254        12753.06801486872        99.99996374691894     -0.04870653886456466
                        2        5.147062039508944        4.786630546153898        12753.06111639748        99.99993947691343     -0.04869951762828606
                        3        5.270012963479977        4.861485480557556         12753.0540782555        99.99991483332563     -0.04869823305955601
                        4        5.427656080221519        4.987104750743118        12753.04700834609        99.99989003872173     -0.04870267354711899
                        5        5.555941123941087        5.024193086027056        12753.03940666855        99.99986391751258     -0.04869627603100568
                        6        5.858008046451046        5.307517824298645        12753.03174247129        99.99983760836231     -0.04869628389783465
                        7        5.539231570323933        4.856254211862369        12753.02434030545        99.99981198199323      -0.0487017859072445
                        8        5.547948424414635        5.030816923536632        12753.01720379262        99.99978704963785     -0.04870921901123637
                        9         5.89959642556542        4.958908266682364         12753.0093244438        99.99976010273744      -0.0487045815039675
                       10        5.813452259511708        5.316437292293132        12753.00170344167        99.99973391350258      -0.0487026288272272
                       11        5.783564494429048        5.330114307862559        12752.99449493801        99.99970874945342     -0.04870385497330432
                       12        5.934438486201475        5.560277362219481        12752.98691682628        99.99968262357766     -0.04869254971890058
                       13        5.516162646105434        5.057658535818698        12752.97939046234        99.99965668655636     -0.04869148892205644
                       14        5.435784638497667        4.795495676085173        12752.97216334231        99.99963147912442     -0.04869599798837809
                       15        5.251282694537741        4.831109166200178        12752.96512401688        99.99960679210096     -0.04869496255164396
                       16        5.709660702498708        5.263972133110205        12752.95804529796        99.99958195348189     -0.04869053576961768
                       17        5.289970562634209        4.881731559902916        12752.95100404166        99.99955726677621     -0.04869056227082424
                       18         5.53413991778396        4.882197524349423        12752.94346687949        99.99953131365274     -0.04869399730896085
                       19        6.001193179531543         5.36919757055077        12752.93585277655        99.99950512059083      -0.0486985013342025
                       20        5.916225025675573        5.355704438171455        12752.92790872719        99.99947801165331     -0.04868873856572353
                       21        5.812064910827113        5.432819122385832        12752.92055979397        99.99945256250693     -0.04869106968652304
                       22        5.420492371964301        4.979665530065162        12752.91312035707        99.99942682571643     -0.04868614230919022
                       23        5.367371203630856        4.996956690155467        12752.90546637027        99.99940046637356     -0.04868699356548234
                       24        5.318524286706011        4.662488787285888        12752.89830692195        99.99937547871008     -0.04868577864065671
                       25        5.365182174069955        4.994662605836635        12752.89060258915        99.99934901397982     -0.04868697401884869
                       26        5.750689560625212        5.457035555541079        12752.88341239699        99.99932388416269     -0.04869301341049947
                       27         5.62860199079404        5.192495931234765        12752.87615588104        99.99929871507588     -0.04869619323745233
                       28        5.595843672089782        5.140572364589691         12752.8689748977        99.99927360338636      -0.0487024476507969
                       29        5.524575500761713        5.154610210040468        12752.86176020848        99.99924842691378     -0.04870183362334046
                       30         5.78861986637473        5.110132949928942        12752.85443871033         99.9992229924739     -0.04870021611813158
                       31        5.079938540612944        4.645536080157706         12752.8466622047        99.99919630740058      -0.0487009194065422
                       32        5.369715926859397        4.798740210214079         12752.8396487949        99.99917170859258     -0.04870096212515884
                       33        5.795359775311675        5.345976389243364        12752.83270678766        99.99914735677886      -0.0486995221744273
                       34        5.758588413859858        5.145363525479756        12752.82509640454        99.99912119112591     -0.04869821239180538
                       35        5.898700984361386        5.313756543966617        12752.81745752072         99.9990949406952     -0.04869503021100741
                       36        5.630523308270958        5.021215055637986        12752.81030136014        99.99906996205658     -0.04868988375671357
                       37        5.467729106726534        5.098212733280052        12752.80254812155        99.99904332885279     -0.04868916096413933
                       38        5.625239720739421        4.909697239372897        12752.79514157543        99.99901767835929     -0.04868477838273755
                       39        5.572138883012869        4.898875434225022         12752.7877512493        99.99899200149073     -0.04868925814515901
                       40         5.63204292222163        5.290690835526898        12752.77969943115        99.99896468688421     -0.04869051871384933
                       41        5.252392899439449        4.998910848724081        12752.77227689262         99.9989390008859     -0.04869337074050151
                       42        6.328056289885125        5.439596220633717        12752.76469712402        99.99891288927996     -0.04868954129742065
                       43        6.070580845199481        5.538884570353591         12752.7570100331        99.99888642964719     -0.04868818198384872
                       44        5.323998872653931        4.870030873605496        12752.74936880779        99.99886015288455     -0.04869302582221202
                       45        5.836640047084566        5.358245757663185        12752.74204902235        99.99883473101515      -0.0486944207642086
                       46        5.666047083366527         5.17540799754516        12752.73441242113        99.99880846663935     -0.04868919569412178
                       47        5.982122136424985        5.300526446753167        12752.72598159181        99.99878018969207     -0.04869324585839863
                       48        5.843399162481064        5.484547523481387        12752.71849155461        99.99875425946189     -0.04868977905502359
                       49        5.870784349625946        5.407931610166998          12752.710742627        99.99872764941919     -0.04869134426751209
                       50        5.461337893661711        4.851799656913508        12752.70382210043        99.99870332341133     -0.04869285715164651
                       51        5.548289678959515        4.938381361382533        12752.69665227964        99.99867828357115     -0.04869259341027998
                       52        6.021129571849436        5.343711385158946        12752.68937086564        99.99865290924167     -0.04868877377645475
                       53        5.691999233121371        5.020434891029318        12752.68218868792        99.99862784852471     -0.04868735434856575
                       54         5.80884255967032         5.03660016102301        12752.67445170031         99.9986013980441     -0.04868528006663198
                       55        5.771340831085156        5.225715541217031        12752.66708695131        99.99857591306532     -0.04868321786005225
                       56        5.532413274266089        5.119042852806335        12752.65965339931        99.99855021648081     -0.04868214777548729
                       57         5.60081562878795        5.069900468315486         12752.6523241313        99.99852469993971     -0.04868056861514525
                       58        5.587204982902804        5.154625992279821        12752.64511109027        99.99849948861196     -0.04868063193452699
                       59        5.766895259596315        5.084892241748882        12752.63738319911        99.99847298961467     -0.04867252757838969
                       60        5.511002619806096        5.044043808624181        12752.62879254271        99.99844435524496     -0.04867784445645462
                       61        5.611265288085641        5.374195261573043         12752.6215927508        99.99841925388712      -0.0486789871958706
                       62        5.829478519758605        5.173931026956525        12752.61417268766        99.99839359263245      -0.0486851334025209
                       63        5.521485969654349        5.241300834832249        12752.60657111424        99.99836740470147     -0.04868583099176149
                       64        5.107585218844624        4.885498353009193        12752.59954969967         99.9983428015283      -0.0486918341247673
                       65        5.226276698832617        4.851747564744003        12752.59234009298        99.99831775555936     -0.04868560142607947
                       66        5.472741106464491        5.153290813477287        12752.58565040677        99.99829404341311     -0.04868846098021606
                       67        5.596866364307032        5.021252725900687        12752.57830472241         99.9982685465024     -0.04868955596140445
                       68        5.738825213187792        5.114257022539604        12752.57085021095        99.99824279519987     -0.04868650860353974
                       69        5.168330302308956        4.643075647450325        12752.56367839928        99.99821779309872     -0.04868635794355924
                       70        5.931222602470817        5.320051997019963        12752.55635530874          99.998192316024     -0.04868539482249368
                       71          5.4688633634065        5.029618617703544        12752.54912354253        99.99816717339002     -0.04868667138372729
                       72        5.828246766288222        5.143585009663364        12752.54134800192        99.99814047374325     -0.04868485043028148
                       73         5.86437306324378        5.214380220102785        12752.53433791371        99.99811587209452     -0.04869034964817232
                       74         6.19127208683186        5.564997418033369        12752.52632847282        99.99808860141863     -0.04868725027721865
                       75         6.03170401735429        5.432984168416226        12752.51842306432        99.99806163133478     -0.04868803207077477
                       76        5.536003319572623        5.149462585783081        12752.51065433681        99.99803506238304     -0.04869147676256702
                       77        5.390296634212302        5.061059993348587        12752.50392912587        99.99801125926814     -0.04869430348118442
                       78        6.104723889972313        5.290193816600531        12752.49626642913        99.99798479035837     -0.04869298963455293
                       79        5.369270153662501        5.113635631655105        12752.48926420568        99.99796032812053     -0.04868955780503015
                       80        5.814900135753542        5.551676636244464        12752.48157201525         99.9979338847351     -0.04869334278123461
                       81        5.447031998794886        5.050625116365527        12752.47443202132        99.99790896507425     -0.04869149217515201
                       82        5.799182229377224         5.38290081626186        12752.46749792467        99.99788454177498     -0.04869109212624068
                       83         5.47219387937044        4.797649946556319        12752.46034993219        99.99785950114679     -0.04869087250635573
                       84        5.299584057802779        4.872151995134313        12752.45232679442        99.99783228290121     -0.04868676861838139
                       85        6.014405125783689        5.471081112470353        12752.44501775812        99.99780678367958     -0.04868555188070545
                       86        5.857717071808892        5.233198688909198        12752.43802431568        99.99778225025861     -0.04868057701219719
                       87        6.389674871347391        5.827319842841954        12752.43017842759        99.99775552120951     -0.04867674422195023
                       88        5.330872299944202        4.871610737588489         12752.4233946739        99.99773154066877     -0.04868067299234013
                       89        5.300789957907445        5.050798732858325        12752.41533829715         99.9977041323893     -0.04867840540754642
                       90        5.881477966459715        5.424888322387928        12752.40804679844        99.99767872760293     -0.04867502750263242
                       91        5.539686697674177         5.18328957016426        12752.40054247918        99.99765281948387     -0.04867536447348048
                       92        5.289676681810734        4.566513731648211        12752.39353302223        99.99762815848199     -0.04867861800134143
                       93        5.820834083389326        5.437051839652733         12752.3859460417         99.9976020303377     -0.04867389172845904
                       94        5.647448162865592        4.928002084758839        12752.37877548091        99.99757701147898     -0.04867664214937939
                       95        5.279162789991682        4.776131819541002        12752.37117824872        99.99755088738551     -0.04867518888372047
                       96        6.322226569073788        5.518802288406839        12752.36345940276        99.99752427067494      -0.0486791303144436
                       97         5.60017991312679        5.075759406919691        12752.35611044289        99.99749877053328     -0.04867770015004069
                       98        5.712291688838729        5.032260957342834        12752.34837145641        99.99747229772076     -0.04867748916373849
                       99        5.843366451178533        5.512716576033394        12752.34061769455        99.99744575135608     -0.04868192936434212
                      100         6.02251049458462        5.475431549001928        12752.33325676914        99.99742026580904     -0.04868142121883423

Final average n0: 5.647441670110156
Final fluctuations n0: 5.148187700734018

Averages:
5.761555684670378
5.147062039508944
5.270012963479977
5.427656080221519
5.555941123941087
5.858008046451046
5.539231570323933
5.547948424414635
5.89959642556542
5.813452259511708
5.783564494429048
5.934438486201475
5.516162646105434
5.435784638497667
5.251282694537741
5.709660702498708
5.289970562634209
5.53413991778396
6.001193179531543
5.916225025675573
5.812064910827113
5.420492371964301
5.367371203630856
5.318524286706011
5.365182174069955
5.750689560625212
5.62860199079404
5.595843672089782
5.524575500761713
5.78861986637473
5.079938540612944
5.369715926859397
5.795359775311675
5.758588413859858
5.898700984361386
5.630523308270958
5.467729106726534
5.625239720739421
5.572138883012869
5.63204292222163
5.252392899439449
6.328056289885125
6.070580845199481
5.323998872653931
5.836640047084566
5.666047083366527
5.982122136424985
5.843399162481064
5.870784349625946
5.461337893661711
5.548289678959515
6.021129571849436
5.691999233121371
5.80884255967032
5.771340831085156
5.532413274266089
5.60081562878795
5.587204982902804
5.766895259596315
5.511002619806096
5.611265288085641
5.829478519758605
5.521485969654349
5.107585218844624
5.226276698832617
5.472741106464491
5.596866364307032
5.738825213187792
5.168330302308956
5.931222602470817
5.4688633634065
5.828246766288222
5.86437306324378
6.19127208683186
6.03170401735429
5.536003319572623
5.390296634212302
6.104723889972313
5.369270153662501
5.814900135753542
5.447031998794886
5.799182229377224
5.47219387937044
5.299584057802779
6.014405125783689
5.857717071808892
6.389674871347391
5.330872299944202
5.300789957907445
5.881477966459715
5.539686697674177
5.289676681810734
5.820834083389326
5.647448162865592
5.279162789991682
6.322226569073788
5.60017991312679
5.712291688838729
5.843366451178533
6.02251049458462

Fluctuations:
5.166881937917254
4.786630546153898
4.861485480557556
4.987104750743118
5.024193086027056
5.307517824298645
4.856254211862369
5.030816923536632
4.958908266682364
5.316437292293132
5.330114307862559
5.560277362219481
5.057658535818698
4.795495676085173
4.831109166200178
5.263972133110205
4.881731559902916
4.882197524349423
5.36919757055077
5.355704438171455
5.432819122385832
4.979665530065162
4.996956690155467
4.662488787285888
4.994662605836635
5.457035555541079
5.192495931234765
5.140572364589691
5.154610210040468
5.110132949928942
4.645536080157706
4.798740210214079
5.345976389243364
5.145363525479756
5.313756543966617
5.021215055637986
5.098212733280052
4.909697239372897
4.898875434225022
5.290690835526898
4.998910848724081
5.439596220633717
5.538884570353591
4.870030873605496
5.358245757663185
5.17540799754516
5.300526446753167
5.484547523481387
5.407931610166998
4.851799656913508
4.938381361382533
5.343711385158946
5.020434891029318
5.03660016102301
5.225715541217031
5.119042852806335
5.069900468315486
5.154625992279821
5.084892241748882
5.044043808624181
5.374195261573043
5.173931026956525
5.241300834832249
4.885498353009193
4.851747564744003
5.153290813477287
5.021252725900687
5.114257022539604
4.643075647450325
5.320051997019963
5.029618617703544
5.143585009663364
5.214380220102785
5.564997418033369
5.432984168416226
5.149462585783081
5.061059993348587
5.290193816600531
5.113635631655105
5.551676636244464
5.050625116365527
5.38290081626186
4.797649946556319
4.872151995134313
5.471081112470353
5.233198688909198
5.827319842841954
4.871610737588489
5.050798732858325
5.424888322387928
5.18328957016426
4.566513731648211
5.437051839652733
4.928002084758839
4.776131819541002
5.518802288406839
5.075759406919691
5.032260957342834
5.512716576033394
5.475431549001928

Last point and parameters for further simulation:
100
15
0.5
contact

0.6573858701293291
-0.2648990057038474
1.735937615992554
-1.188608151884651
-0.7395811247785926
0.9929600514535306
-0.6950536414791771
0.337395274795606
-0.2328009403226538
2.241918294628684
0.237181678553377
0.3455908928352
-2.896931588299968
-0.3187818940206685
-3.948452056574707
1.704872608848975
1.655881516901891
-0.4211458257737632
-2.949093055081277
-2.300616932415251
3.607394953460871
-0.6942138772733957
-1.283487085214731
1.028986059227758
-0.995517861837255
-0.4434642698113178
1.478256914678106
0.2084128064379437
-0.7768048331736777
0.04425448993443043
-0.07520635184753005
0.294765860565838
-0.974982662526241
-1.317942923349423
1.360824355863301
-0.6741176150887974
0.9532349165936161
-0.7945448701888934
-1.30599315795787
0.8595400568026939
0.4627755466936199
0.4450634549650732
1.184233274104329
-0.3292568297993722
1.326803421172985
0.6204661237422169
-0.3355392089406839
-0.4346787269939469
-1.171387552462544
-1.514765601433499
0.1041986313138293
0.7743310287074978
-0.04912545185297973
0.4333128050896027
-0.4807373523890024
0.05786323582829787
0.4268481857920354
-1.119878674467016
1.24291998693964
0.8242764407914375
-0.2546369672976285
-1.300677284929869

Final quantities:
5.647441670110156
5.148187700734018
