Number of particles: 100
Nmax: 19
Gamma: 0.5
Interaction type: contact
Step size: 7e-05
Batch size: 200000
Batch count: 75
             Batch number               Average n0          Fluctuations n0                   Energy           Particle count                 Momentum
                        1        4.045193768242557        3.699328369760035        17129.59791918287        100.0000070997247      -0.5724113079024669
                        2         3.78868235600725        3.386079415444802        17129.59487974517        99.99999828887525      -0.5724115054577492
                        3        3.700999621913518        3.312492683649157        17129.59192902506        99.99998963093987      -0.5724131499491634
                        4        4.163870145657197        3.935917268181413        17129.58893011229        99.99998085278031      -0.5724122001762808
                        5        3.972200054110768        3.745446545823638        17129.58586596109         99.9999719641951      -0.5724158687846597
                        6        4.155712111248873        3.941041429395525        17129.58251022891        99.99996239108913      -0.5724178875833523
                        7        4.071705993827687        3.739863082369601        17129.57929852834        99.99995315875492      -0.5724145077231988
                        8        4.242292424614532        3.830729472607003        17129.57604711669        99.99994386485226      -0.5724150411927802
                        9        4.410669542379121        4.002784458160905        17129.57288475228        99.99993475119207      -0.5724165181883407
                       10        4.317922142413186        4.003435536263791        17129.56940067892        99.99992491235182      -0.5724194755258445
                       11        4.245501902135033        3.767829674252479        17129.56590140892        99.99991507430578      -0.5724221073513664
                       12         4.36353152799331        4.148931705447635        17129.56253077219        99.99990552552761      -0.5724202873664144
                       13        3.747328761643185        3.531267900805509        17129.55944169961        99.99989656131645      -0.5724185963457984
                       14        4.028997559302421        3.807097569759541        17129.55606022328        99.99988692021782      -0.5724202154281386
                       15        4.410547897843918        4.142874924439714        17129.55267282352        99.99987727191227      -0.5724202750369347
                       16        3.446898278833994        3.287028066233999         17129.5499957422        99.99986923602685       -0.572419982240552
                       17        4.098816355965646        3.918524488260667        17129.54671583982        99.99985992646829      -0.5724200003381092
                       18        3.966006696274096        3.712771803587827        17129.54385075201        99.99985143640626       -0.572419500967456
                       19        3.634048228667482        3.429767967402272        17129.54104423383        99.99984312369412      -0.5724176338289748
                       20        4.164355158411104        3.769286486282661        17129.53786752865        99.99983398386178      -0.5724181824553938
                       21        4.110312863004688        3.733003146824558        17129.53438667556        99.99982418894911      -0.5724131533241454
                       22        4.207750754372851        3.709520293088616        17129.53121441287        99.99981503449207      -0.5724135490601157
                       23        4.157558056304597        3.962210900120203        17129.52801093252        99.99980579734614      -0.5724133476986282
                       24        3.835550600915689        3.387769271269013        17129.52512156834        99.99979727827471      -0.5724127254898761
                       25        3.729213493415084        3.473297281628932        17129.52202571485        99.99978832373887      -0.5724108588097963
                       26        4.030486504964567        3.955348021249553        17129.51881657714        99.99977911740105      -0.5724124076877004
                       27        4.338929533936008        4.210045475426229        17129.51544646898        99.99976954494115      -0.5724106670761024
                       28        4.124361461527719        3.786463745406767        17129.51223749061        99.99976030981678      -0.5724093854496761
                       29        4.094007164931719        3.684647255148224        17129.50916426774         99.9997514279268      -0.5724077435029358
                       30        4.167091044240032        3.847746236619202        17129.50600068921         99.9997423025809      -0.5724083400006315
                       31        3.904987631039136        3.533346169965881        17129.50287187935        99.99973327806059      -0.5724021512731738
                       32         3.82794217304318        3.493003847648181        17129.49987707857        99.99972448065537       -0.572402596320051
                       33        3.968430656713552        3.513498278330079        17129.49667631511        99.99971524383379      -0.5724033930291128
                       34        3.393151187288411        3.045047126869534        17129.49389748379        99.99970694274074      -0.5724031537535339
                       35         3.73648890926393        3.484568329013577        17129.49031028321        99.99969690425365      -0.5724032069978335
                       36        3.700759394884814        3.456299722548464        17129.48733114972        99.99968814753969      -0.5724013705785325
                       37        3.642492321390778        3.388035446265075        17129.48441030619        99.99967953208719      -0.5723989245735881
                       38         3.72049846623092        3.533364411296093        17129.48114249933        99.99967019369045      -0.5723993345248815
                       39        4.361432325825068         3.93467251150328        17129.47789173263        99.99966086811072      -0.5724013265404899
                       40        4.160743749204517         4.01935058222568        17129.47452389419        99.99965135686759      -0.5724024466294715
                       41        3.750824384145972        3.648300357742785        17129.47147292337        99.99964250009197       -0.572403643154253
                       42        4.022027381129495        3.562171880249543        17129.46812889538        99.99963296382036      -0.5724038144003956
                       43        3.774271303713196        3.584195602910582        17129.46512111431        99.99962414987426       -0.572403213439415
                       44        3.891446593947891        3.596139765908216        17129.46221048194         99.9996155766942      -0.5724012062908521
                       45        3.627794976087075        3.278255398677544        17129.45908973809        99.99960651378323      -0.5724007428567077
                       46        4.392745206528751        4.094278616950989        17129.45568940135        99.99959688934526      -0.5723989364798587
                       47        4.225628695381269        3.679733242294471        17129.45207103226        99.99958679936319      -0.5723938347805131
                       48        3.856211284263825         3.57183081621962        17129.44889406926         99.9995776998181      -0.5723937935269205
                       49        3.512225950414285        3.318792256370929         17129.4459444562        99.99956902744806      -0.5723932155999876
                       50        3.971777623969252        3.674368387789237        17129.44268276604        99.99955966340124      -0.5723933971152579
                       51        4.164030447745475        3.943367155555084        17129.43930852376        99.99955009119472      -0.5723912528998554
                       52        4.307879102382449        4.050994610776141        17129.43609958922        99.99954089019103      -0.5723916332962489
                       53        4.002940971955951        3.566097384468077        17129.43271310326        99.99953125823113      -0.5723918420428733
                       54        4.511811544574464         4.30933240525396        17129.42938740148        99.99952173327057      -0.5723916663314625
                       55        3.643116842503234        3.229674594648274        17129.42597965955         99.9995120318785      -0.5723885291409176
                       56        4.470158330956027         4.19400490571083        17129.42285471998        99.99950305103195      -0.5723907518571956
                       57        4.221622036381714        3.852730566104668        17129.41965844733        99.99949380304145      -0.5723934471595449
                       58        4.012515837096825        3.558174450188323        17129.41650354343        99.99948468967872      -0.5723933228119478
                       59        4.076989001532788        4.119533394843089        17129.41315116613        99.99947512763956      -0.5723948678406074
                       60        4.045191442875605        3.843289288979431        17129.41016031706        99.99946637751222      -0.5723922668330275
                       61        3.429509914959595        3.230136082527533         17129.4071140773        99.99945755193984      -0.5723935926537767
                       62        3.916456981326338        3.607962714558162        17129.40415448221        99.99944885908205      -0.5723921029633736
                       63        3.995082368643027        3.851333521026853        17129.40109500125        99.99943998070128      -0.5723901911652547
                       64         3.69818222620443        3.607727700307793        17129.39783517977        99.99943064228115      -0.5723904724336499
                       65         3.79849796509183        3.660654426635016        17129.39480258253        99.99942182717183      -0.5723875012554132
                       66        3.980159891482328        3.943856207150219        17129.39179294673        99.99941301074037      -0.5723869929235317
                       67        3.773629724748207        3.682410651254099        17129.38873551962        99.99940412273926      -0.5723870873879982
                       68        4.048038653851238        3.816243076933956        17129.38531566126        99.99939444343332      -0.5723876212537959
                       69        3.988694644500227        3.865974592047589        17129.38187551362        99.99938474927049      -0.5723858885189941
                       70        4.007180844853266        3.661093549284118        17129.37879974523        99.99937584791093      -0.5723855233732849
                       71        3.654778939049014        3.417489865191619        17129.37566657029        99.99936679254883      -0.5723850253590363
                       72        3.988707076781575        3.636884245270978        17129.37233681521        99.99935729427781      -0.5723836995035754
                       73        4.104155239924226        3.805497250632671        17129.36900425382        99.99934780187543      -0.5723827811812683
                       74        4.232041539680218          3.7013296140812        17129.36574261279        99.99933844557185      -0.5723835741826271
                       75        3.665050109128868         3.47152412112018        17129.36256817044        99.99932926349527      -0.5723849643112118

Final average n0: 3.985984585303897
Final fluctuations n0: 3.723539159563708

Averages:
4.045193768242557
3.78868235600725
3.700999621913518
4.163870145657197
3.972200054110768
4.155712111248873
4.071705993827687
4.242292424614532
4.410669542379121
4.317922142413186
4.245501902135033
4.36353152799331
3.747328761643185
4.028997559302421
4.410547897843918
3.446898278833994
4.098816355965646
3.966006696274096
3.634048228667482
4.164355158411104
4.110312863004688
4.207750754372851
4.157558056304597
3.835550600915689
3.729213493415084
4.030486504964567
4.338929533936008
4.124361461527719
4.094007164931719
4.167091044240032
3.904987631039136
3.82794217304318
3.968430656713552
3.393151187288411
3.73648890926393
3.700759394884814
3.642492321390778
3.72049846623092
4.361432325825068
4.160743749204517
3.750824384145972
4.022027381129495
3.774271303713196
3.891446593947891
3.627794976087075
4.392745206528751
4.225628695381269
3.856211284263825
3.512225950414285
3.971777623969252
4.164030447745475
4.307879102382449
4.002940971955951
4.511811544574464
3.643116842503234
4.470158330956027
4.221622036381714
4.012515837096825
4.076989001532788
4.045191442875605
3.429509914959595
3.916456981326338
3.995082368643027
3.69818222620443
3.79849796509183
3.980159891482328
3.773629724748207
4.048038653851238
3.988694644500227
4.007180844853266
3.654778939049014
3.988707076781575
4.104155239924226
4.232041539680218
3.665050109128868

Fluctuations:
3.699328369760035
3.386079415444802
3.312492683649157
3.935917268181413
3.745446545823638
3.941041429395525
3.739863082369601
3.830729472607003
4.002784458160905
4.003435536263791
3.767829674252479
4.148931705447635
3.531267900805509
3.807097569759541
4.142874924439714
3.287028066233999
3.918524488260667
3.712771803587827
3.429767967402272
3.769286486282661
3.733003146824558
3.709520293088616
3.962210900120203
3.387769271269013
3.473297281628932
3.955348021249553
4.210045475426229
3.786463745406767
3.684647255148224
3.847746236619202
3.533346169965881
3.493003847648181
3.513498278330079
3.045047126869534
3.484568329013577
3.456299722548464
3.388035446265075
3.533364411296093
3.93467251150328
4.01935058222568
3.648300357742785
3.562171880249543
3.584195602910582
3.596139765908216
3.278255398677544
4.094278616950989
3.679733242294471
3.57183081621962
3.318792256370929
3.674368387789237
3.943367155555084
4.050994610776141
3.566097384468077
4.30933240525396
3.229674594648274
4.19400490571083
3.852730566104668
3.558174450188323
4.119533394843089
3.843289288979431
3.230136082527533
3.607962714558162
3.851333521026853
3.607727700307793
3.660654426635016
3.943856207150219
3.682410651254099
3.816243076933956
3.865974592047589
3.661093549284118
3.417489865191619
3.636884245270978
3.805497250632671
3.7013296140812
3.47152412112018

Last point and parameters for further simulation:
100
19
0.5
contact

0.9518175168934984
0.2281510860421131
-1.442909238440766
0.4903472393915041
0.09920477113299053
1.496723731282093
0.8866127579228561
-0.5310446333532421
-0.9246692940045705
-0.8696279077579128
0.1344008508138853
-0.664474734305241
0.2893748182111505
2.479402089155033
1.361816284302793
-0.3535611955851521
1.91724423797357
-0.4371475480043664
2.343646284346773
-1.063631109516611
2.128451733201697
-1.062142986317008
1.901781122210148
-0.3610924131490377
0.07388512320316531
-2.066118580188344
0.2870710682774663
0.9650550576134166
-0.8957975812497625
-1.126273455992959
0.5402481972576999
1.014180944996098
0.9368720181536572
0.4041037202082258
0.4095019949973124
-1.095098488112772
0.2412721234858277
-0.5553587947906709
-0.8536486118700931
-1.99561499560811
-0.9205905459330986
-0.4260479561294183
-0.8637528556140577
-0.4637087661157329
0.1305431836250013
0.2938633346317669
0.7917892818396363
0.4940531469578158
0.01666144702527908
-0.5763650959942295
-1.349832945762727
0.2468755608397793
-1.605779274908026
-0.4583725936623416
-0.1603088587503498
0.6473071797125611
-1.568861264721033
-2.105840728838794
-1.734945027254158
-1.498825914449326
-0.4981419260219475
-0.437409291114275
-1.927157585413473
-0.5042046356323472
-1.85576541643393
3.466822599897285
-0.2660713095133787
-0.2146757839391381
-0.9626717465689154
1.197993877533793
-0.1118477439071073
-1.738519349653099
-0.3584340382445103
-0.1353384522454477
-0.07425567859096577
-0.01637920458952319
0.6225984497751059
0.7532654100070973

Final quantities:
3.985984585303897
3.723539159563708
