Number of particles: 100
Nmax: 21
Gamma: 0.5
Interaction type: contact
Step size: 5e-05
Batch size: 200000
Batch count: 50
             Batch number               Average n0          Fluctuations n0                   Energy           Particle count                 Momentum
                        1        3.480260126126574        3.346429367839242        19603.26845234388        100.0000179477584      -0.2403333881117273
                        2         3.31635366905336        3.161611394014753        19603.26782649499        100.0000161721145      -0.2403331114530101
                        3        3.533727752885191        3.449043534138296         19603.2671266612        100.0000142597018       -0.240332621234387
                        4        3.603506976165271        3.469182560050786        19603.26655084603        100.0000125984305      -0.2403322579295875
                        5        3.443642180896888        3.176430197524688        19603.26594262711        100.0000108860394      -0.2403326637544581
                        6        3.384017888773085        3.172906870346837        19603.26526330902        100.0000090201022      -0.2403328436453123
                        7        3.477705610663991        3.361140313171758        19603.26456479455        100.0000070975536      -0.2403326642540691
                        8        3.610799017034322        3.603620081956259        19603.26389041227        100.0000052346978      -0.2403323882131296
                        9         3.31032452843837        3.084362311834989        19603.26318405391        100.0000033121316       -0.240332435944552
                       10        3.144033951997991        2.760528660083008        19603.26251240109         100.000001449676      -0.2403328788894452
                       11        3.495141243995439          3.2138215440203        19603.26185729278           99.99999963472      -0.2403327996186739
                       12        3.491266469479525        3.362949778485774        19603.26117917441        99.99999776783885      -0.2403325075107734
                       13         3.33605781953574        2.997267964243602        19603.26058850024        99.99999608339806      -0.2403327308792829
                       14        3.719392526211932        3.221084107569472        19603.25990394189        99.99999419022359      -0.2403326566595361
                       15        3.670837732883094        3.585302887847911        19603.25917672547        99.99999221727823      -0.2403331436523786
                       16        3.134084584050992        3.139376041473526        19603.25850300741        99.99999035944506      -0.2403332504898472
                       17        3.537632135902694        3.202124644265882        19603.25772682286        99.99998828537926      -0.2403336060994103
                       18        3.815768271618194        3.263668561957396        19603.25696920632        99.99998626453656      -0.2403338418405347
                       19        3.394719242953413        3.310658780454603        19603.25630431734        99.99998442927425      -0.2403336360755528
                       20        3.473223007326686        3.012317191002427         19603.2556256763        99.99998255891023       -0.240333736138016
                       21        3.375675810885169        3.148850415640041        19603.25494700164        99.99998069954165      -0.2403331902402925
                       22        3.180162866898608        3.050831347086716         19603.2542786924        99.99997885749613      -0.2403336466091996
                       23        3.394213800174757        2.999105861787051         19603.2535451394        99.99997685615047      -0.2403332017848427
                       24        3.584817268533083        3.250090553896025        19603.25277940698        99.99997480980852      -0.2403335271353519
                       25        4.103936854250368        3.918056336650863        19603.25203669307        99.99997281018304      -0.2403345532132874
                       26        3.398970521389916        3.086082845817621        19603.25129897462        99.99997082641303      -0.2403342954676368
                       27        3.469734707689946        3.322082438090273         19603.2505799183        99.99996888944308      -0.2403344835517345
                       28        3.668419445720862        3.314871818597374        19603.24987368304        99.99996695729131      -0.2403340276867425
                       29        3.105075284430793        2.927544477124276        19603.24906106173        99.99996482594042      -0.2403337764814495
                       30        2.694645629150476        2.664670630482088        19603.24834521646        99.99996287431341      -0.2403330715455674
                       31        3.665993130047378        3.552330075655033        19603.24759629014        99.99996087134679       -0.240333504188273
                       32         3.69495699253135        3.295786629256734        19603.24690364196        99.99995897684812      -0.2403335791755978
                       33        3.367710005916849         3.11207039603929        19603.24625862029        99.99995716988762         -0.2403340698053
                       34        3.650877619166091        3.220030045978225        19603.24549938689        99.99995512725222      -0.2403346316255899
                       35        3.533184353571956        3.147154954891296        19603.24479688791        99.99995320868622      -0.2403344753218803
                       36        3.641677210839717        3.499028784722365        19603.24409866815        99.99995130780272      -0.2403348436692205
                       37        3.577810853609451        3.251448638585811        19603.24339651715        99.99994938980547       -0.240334634808832
                       38        3.192614137407889        3.028773908281168        19603.24272772115        99.99994754705368      -0.2403343892658647
                       39        3.561302116613488        3.459982326302775         19603.2420099865         99.9999456155071      -0.2403341776006371
                       40        3.703771514115729        3.569864314522268        19603.24127965618        99.99994363737531      -0.2403348132100405
                       41        3.671301548457837         3.29652010438726        19603.24058262308        99.99994174463781      -0.2403348897831421
                       42         3.42660432025507        3.222092748557854        19603.23990598072        99.99993987388734      -0.2403351028510841
                       43        3.663103543140957        3.426402198701092        19603.23923111652        99.99993799681113      -0.2403353147707286
                       44        3.291652532998238        3.233422614533935        19603.23853052055        99.99993609214046      -0.2403358337881309
                       45         3.49946586289589        3.231251278982807        19603.23777516096        99.99993406467527      -0.2403359656195363
                       46        3.688456311996303        3.697382098498262        19603.23706003036        99.99993213138815      -0.2403349680302682
                       47         3.20422668438836        3.129845759579903        19603.23636184221        99.99993021661041      -0.2403346035418252
                       48        3.718439697965196        3.662963777412296        19603.23555299474         99.9999280901461      -0.2403346420651076
                       49        3.187639582888361        3.128648033107797        19603.23486649966        99.99992621386883      -0.2403352099641793
                       50        3.074840876975888        2.903474399121972        19603.23427752526        99.99992452563339      -0.2403350975055609

Final average n0: 3.467275516417976
Final fluctuations n0: 3.269666508689249

Averages:
3.480260126126574
3.31635366905336
3.533727752885191
3.603506976165271
3.443642180896888
3.384017888773085
3.477705610663991
3.610799017034322
3.31032452843837
3.144033951997991
3.495141243995439
3.491266469479525
3.33605781953574
3.719392526211932
3.670837732883094
3.134084584050992
3.537632135902694
3.815768271618194
3.394719242953413
3.473223007326686
3.375675810885169
3.180162866898608
3.394213800174757
3.584817268533083
4.103936854250368
3.398970521389916
3.469734707689946
3.668419445720862
3.105075284430793
2.694645629150476
3.665993130047378
3.69495699253135
3.367710005916849
3.650877619166091
3.533184353571956
3.641677210839717
3.577810853609451
3.192614137407889
3.561302116613488
3.703771514115729
3.671301548457837
3.42660432025507
3.663103543140957
3.291652532998238
3.49946586289589
3.688456311996303
3.20422668438836
3.718439697965196
3.187639582888361
3.074840876975888

Fluctuations:
3.346429367839242
3.161611394014753
3.449043534138296
3.469182560050786
3.176430197524688
3.172906870346837
3.361140313171758
3.603620081956259
3.084362311834989
2.760528660083008
3.2138215440203
3.362949778485774
2.997267964243602
3.221084107569472
3.585302887847911
3.139376041473526
3.202124644265882
3.263668561957396
3.310658780454603
3.012317191002427
3.148850415640041
3.050831347086716
2.999105861787051
3.250090553896025
3.918056336650863
3.086082845817621
3.322082438090273
3.314871818597374
2.927544477124276
2.664670630482088
3.552330075655033
3.295786629256734
3.11207039603929
3.220030045978225
3.147154954891296
3.499028784722365
3.251448638585811
3.028773908281168
3.459982326302775
3.569864314522268
3.29652010438726
3.222092748557854
3.426402198701092
3.233422614533935
3.231251278982807
3.697382098498262
3.129845759579903
3.662963777412296
3.128648033107797
2.903474399121972

Last point and parameters for further simulation:
100
21
0.5
contact

-1.058694019114062
0.1574202459974977
-0.4090614710945868
-0.9103373831645166
0.6307316539180899
0.5162287809472944
1.533071495873728
0.2586469562329929
0.9163147120169647
-1.46545276728093
-0.5297310864213934
0.09578101168372488
0.7275277726327102
1.978661672005037
-2.181524665454755
2.077492904701253
-2.091290582167748
0.004163732450238728
-2.008778917738338
0.6637232023178009
0.287849576726549
1.051440617634768
0.9029501521150836
-1.338708586517538
-1.021008308023221
-0.3344505566708263
-0.2354339836180391
-0.6661092860984471
-2.370082863181454
-1.526543617900002
1.580695608112614
1.557235577627581
-0.8688723386805066
-0.8652823358686239
-0.6371306048680044
-0.1285795070654903
1.536713385531826
-0.1022351495958715
0.6373934727095838
0.2650011205110062
-1.625207182001309
0.8657185178786099
-0.1155271455216251
0.6659909828571251
0.819334804299176
1.533881569448881
0.06077000038598344
-0.1464349220766302
0.8157978172066153
-1.322175543764264
0.8468561039393606
0.6503667286233842
-1.277513079472198
-0.7965012644624485
-0.9083949332070433
-0.4008940797840692
-1.391820545914072
-1.114196193553739
-0.7978439005649428
-1.100396813870992
0.8671521532816159
-1.23131836938018
0.7840004449393103
0.335508922901354
-0.26642950229148
1.243624763660114
0.9306874194117374
0.06123543348053646
1.477706299024095
-2.769959361564407
-0.3808230582479168
0.241305111912014
-0.7171207048373746
-1.519397389650086
-1.285425236331167
-0.07066759129904075
0.5032494192170933
0.9014071038281738
-1.568612660504963
-0.7329981096902285
-0.700033038941916
-0.6605521889821578
-0.07824747974484798
0.8724282350781657
0.2547737944884243
-1.209245455185473

Final quantities:
3.467275516417976
3.269666508689249
