Number of particles: 100
Nmax: 22
Gamma: 0.5
Interaction type: contact
Step size: 5e-05
Batch size: 200000
Batch count: 50
             Batch number               Average n0          Fluctuations n0                   Energy           Particle count                 Momentum
                        1        3.176904944952522        2.913207915506179        20952.24193958757         99.9999788136339    -0.004844879055383444
                        2        3.310893557795071         3.05588793849844        20952.24107398612        99.99997647432167    -0.004845135187352412
                        3        3.123971864161716         2.99191683932204        20952.24028329067        99.99997428314829    -0.004844830710815984
                        4        3.100629220332563         2.70586165455716        20952.23933757205        99.99997179797978     -0.00484509883690265
                        5        3.126350006675954        2.881439172444304        20952.23850847894        99.99996955563172    -0.004845084919059772
                        6        3.245405933536748        3.058206502661679        20952.23761801226        99.99996717520659    -0.004845891927658386
                        7        3.304492049122291        3.060285605792591         20952.2367150837        99.99996475906086    -0.004846043963269153
                        8        2.924863794587632        2.685167300642424        20952.23587816729         99.9999624818352    -0.004845774025519667
                        9        3.353798509509927        3.261231561950542        20952.23508498663        99.99996028129671    -0.004845199855267879
                       10        3.346279152300716        3.073996400450186        20952.23422619171        99.99995795153866    -0.004844722761273346
                       11        3.368206836884676        3.114944441951648         20952.2334023742         99.9999557078373    -0.004844358692306372
                       12        3.276204230083239        2.960148138048946        20952.23255070762        99.99995340263189    -0.004844273139543276
                       13        3.546407706462526        3.254091503646535        20952.23167557063        99.99995105165502    -0.004844130296923765
                       14        3.294844514464935        3.183594882719335        20952.23085098148        99.99994879468004    -0.004844012244404894
                       15        3.128975800101173        2.851287182241245         20952.2300046385        99.99994649503776    -0.004843939949362053
                       16        2.878115625226791        2.839030650564811        20952.22901953043          99.999943903237    -0.004844509281618059
                       17         3.47817824992181        3.227434426232574        20952.22811909086        99.99994151070744     -0.00484431364501603
                       18        2.997621119473588        2.684014814536994        20952.22718966804        99.99993904499924    -0.004844445636507544
                       19        3.309938772886654        3.146243608999023        20952.22633563232        99.99993672216902    -0.004844573678653319
                       20        3.261127182268025        3.168380389602784        20952.22544316909        99.99993430515032    -0.004844204106767336
                       21        3.230615017433039          3.0487545718761        20952.22451126235        99.99993181908427    -0.004844446206320629
                       22        3.431382084906104        3.225090524060549        20952.22367913015        99.99992953219871    -0.004844280853120608
                       23        3.194262698001193        2.951159606040085        20952.22262372951        99.99992682535748    -0.004846403421844059
                       24        3.088599422013658        3.037153063235066        20952.22173811129         99.9999244483089    -0.004846697333883654
                       25          3.5667042147317        3.126686527430446        20952.22081331527        99.99992200127809    -0.004846310629517347
                       26        3.895363513761906        3.660136257400814        20952.21996358184         99.9999196967506    -0.004846117577065101
                       27        2.926354968280104        2.626669406463458         20952.2191318599        99.99991742153291    -0.004846633211657903
                       28        2.957643671292448        2.947847943033694        20952.21830023569        99.99991513197853    -0.004847432933949847
                       29        3.009324728297645        2.703814406905634        20952.21757642058         99.9999130840044    -0.004847262196904012
                       30        2.758536682859516        2.532481840742959        20952.21673983843        99.99991079773586    -0.004847664535770235
                       31        3.035860156254073          2.8479544981189        20952.21580827975         99.9999083475542     -0.00484777802375902
                       32         3.25347369151151        2.964235452649849        20952.21485007733        99.99990584407983    -0.004847973861497934
                       33        3.546881406140346        3.270605134563025        20952.21382674502        99.99990321541827    -0.004847978508088602
                       34        3.621625223640657        3.558538389509943        20952.21298507912         99.9999009408382    -0.004847907089025938
                       35        3.308526431241962        3.333402576587097        20952.21204502279        99.99989846069406     -0.00484849103901297
                       36         3.33420219584489        3.095416542006735        20952.21117377911        99.99989609705079    -0.004847711037527347
                       37        3.390170738052949        3.088017963959227        20952.21033693956        99.99989381234251    -0.004847831122305024
                       38        3.412303662384383        3.203878855747955        20952.20943963473        99.99989141170366    -0.004848002054430367
                       39        3.608467994909973        3.477340710819708        20952.20851876523        99.99988895512463    -0.004847576929646991
                       40        3.258207058410542        3.059724296189229        20952.20752878414        99.99988638014443    -0.004847985944799404
                       41        2.975052194451471        2.807797039410842        20952.20672346591        99.99988415734792    -0.004847686171672194
                       42        3.565671273534502        3.172583351532421        20952.20584017358        99.99988179210386    -0.004847587137035703
                       43        3.269171766483951        2.963926727296454        20952.20496685253        99.99987944566327     -0.00484756079566484
                       44        3.405327338565939        3.197867066230357        20952.20409641663        99.99987709945394    -0.004846968290186382
                       45        3.277224522782527        3.014861422994039        20952.20306190376        99.99987443871632    -0.004847127830245768
                       46        3.341749661825129        3.262944831071804        20952.20217477749         99.9998720459179     -0.00484727603021895
                       47        3.280754438988747        2.952576002870022        20952.20138265544        99.99986985364725    -0.004846873493967507
                       48        3.348366611307712        3.086722467111366        20952.20054488673        99.99986757407802     -0.00484647043157338
                       49        3.593593339559274        3.376257232876837        20952.19970279654        99.99986527327061    -0.004846514540872704
                       50        3.122914295924519        2.916541142230742        20952.19869203726        99.99986268430446    -0.004847347343126529

Final average n0: 3.271230801482819
Final fluctuations n0: 3.069024865106902

Averages:
3.176904944952522
3.310893557795071
3.123971864161716
3.100629220332563
3.126350006675954
3.245405933536748
3.304492049122291
2.924863794587632
3.353798509509927
3.346279152300716
3.368206836884676
3.276204230083239
3.546407706462526
3.294844514464935
3.128975800101173
2.878115625226791
3.47817824992181
2.997621119473588
3.309938772886654
3.261127182268025
3.230615017433039
3.431382084906104
3.194262698001193
3.088599422013658
3.5667042147317
3.895363513761906
2.926354968280104
2.957643671292448
3.009324728297645
2.758536682859516
3.035860156254073
3.25347369151151
3.546881406140346
3.621625223640657
3.308526431241962
3.33420219584489
3.390170738052949
3.412303662384383
3.608467994909973
3.258207058410542
2.975052194451471
3.565671273534502
3.269171766483951
3.405327338565939
3.277224522782527
3.341749661825129
3.280754438988747
3.348366611307712
3.593593339559274
3.122914295924519

Fluctuations:
2.913207915506179
3.05588793849844
2.99191683932204
2.70586165455716
2.881439172444304
3.058206502661679
3.060285605792591
2.685167300642424
3.261231561950542
3.073996400450186
3.114944441951648
2.960148138048946
3.254091503646535
3.183594882719335
2.851287182241245
2.839030650564811
3.227434426232574
2.684014814536994
3.146243608999023
3.168380389602784
3.0487545718761
3.225090524060549
2.951159606040085
3.037153063235066
3.126686527430446
3.660136257400814
2.626669406463458
2.947847943033694
2.703814406905634
2.532481840742959
2.8479544981189
2.964235452649849
3.270605134563025
3.558538389509943
3.333402576587097
3.095416542006735
3.088017963959227
3.203878855747955
3.477340710819708
3.059724296189229
2.807797039410842
3.172583351532421
2.963926727296454
3.197867066230357
3.014861422994039
3.262944831071804
2.952576002870022
3.086722467111366
3.376257232876837
2.916541142230742

Last point and parameters for further simulation:
100
22
0.5
contact

1.29670103588503
0.3245090365249889
-0.4509925599597905
0.1183673446566748
-0.1918854158708562
-1.235777853938825
-0.3464498037044906
0.2581471567474177
-2.588298707138041
0.4719293687983155
0.05764364540948831
-2.114570464446434
-0.8026346455108321
1.249394848220812
-0.8321896502672042
0.5772957951444
-0.7572941843108588
-1.41248000776628
-1.311011662351871
0.1198734329016673
-1.635858046049779
-0.2303316505328115
1.233356679251683
1.227838080385799
-1.092160916976282
-1.919948907583442
2.173943146409823
-0.6565593366183892
-0.5937378717508723
0.3149249084094765
1.09811566472669
-0.405533008371247
0.218279156897228
-1.245240056837174
-0.8276845521059892
-0.143035112098063
1.006360100454661
-0.06914862356811846
0.6421526421081334
-0.6037983233158297
0.5487573456324283
0.9011897994644891
1.270578269942809
0.04573681930007122
-0.19618598793109
0.3660654239509902
0.2691355690530364
0.07482229833711042
0.08936493343476352
-0.6364356437912743
-1.313691060500699
0.3318834911259999
-1.227086958329782
-0.4459900481025824
0.4915933025232023
0.6687611166212288
0.2535069785058754
1.431775141602014
0.8655567407307859
-0.1139202845498803
-0.485957273399707
-0.2859056146187609
-1.353577021927011
-0.4053829589410953
-1.876611199313541
-1.953317215989107
-0.5575671361660761
-2.394764360807084
-2.664271918286356
-1.181440241003351
-1.500181767945199
-0.7377649722554955
1.705505439298972
-0.6033111628682661
-0.2499171009179708
-0.09853490864117162
1.570000582554419
1.288315824958658
0.1681242581838376
0.6391029549101122
-1.295165969858736
0.6441742724584932
0.9487290792163512
1.417151502352154
0.8294291730679132
1.6181116110606
0.3440237987943687
-0.882495920439022
-0.7069177015982523
0.7111012788713736

Final quantities:
3.271230801482819
3.069024865106902
