Number of particles: 100
Nmax: 23
Gamma: 0.5
Interaction type: contact
Step size: 5e-05
Batch size: 200000
Batch count: 50
             Batch number               Average n0          Fluctuations n0                   Energy           Particle count                 Momentum
                        1        2.672291298014433        2.387667698236934        22331.87561938403        100.0000025326642      0.04997670723822978
                        2        2.863641073696083        2.732942972748528        22331.87455221114        99.99999965048431      0.04997660854683161
                        3        3.063551260557063        2.867540161776559        22331.87350832761        99.99999681093615       0.0499766803205155
                        4        2.716367349784631        2.640148433547967        22331.87252482562        99.99999412258236      0.04997638302572227
                        5        2.695334242262637        2.657970994864983         22331.8713938168        99.99999111922966      0.04997655282860691
                        6        2.805407500301413        2.539382356738922          22331.870470118        99.99998854408013      0.04997621115182938
                        7        3.377507715853332        3.221143555329493        22331.86921372646         99.9999853009019      0.04997608546669774
                        8        3.229849579760285        3.054547878134028        22331.86816747029        99.99998247988354      0.04997578980658091
                        9        3.078068504239614        2.901215472997989        22331.86705938599        99.99997954137291      0.04997549519093347
                       10        3.113725400700517        2.814631333320909        22331.86597448039        99.99997666734801       0.0499761402464145
                       11        3.032417395925602        2.811498376398953        22331.86482085366        99.99997362709875      0.04997700734655552
                       12        3.129615726508996         3.09873102107284         22331.8637774481        99.99997082966867      0.04997725732203229
                       13        3.086251257029604        2.809316642567749         22331.8626990527        99.99996795925013      0.04997686212808539
                       14        3.036033094763532        2.723135450563393        22331.86167637719        99.99996518511963      0.04997795065578892
                       15        3.046563706733341        2.831324026003107        22331.86058317305        99.99996226147006      0.04997788582534923
                       16        3.229218746866152        3.323178532737117        22331.85955125837        99.99995947782453      0.04997753167261365
                       17        3.198385260229961        3.141749412427889        22331.85847586397        99.99995658114422      0.04997686192388784
                       18        3.139062931864584        2.743793749679994         22331.8574408202        99.99995374097732      0.04997727109600447
                       19        2.984256662788473        2.778526945137485        22331.85640753516        99.99995095780646      0.04997659622450978
                       20        2.850873063515059        2.817680013179927        22331.85528050131         99.9999479996797      0.04997642369699662
                       21        3.486868109684553        3.208069953703207         22331.8541810029        99.99994507288531      0.04997671117059355
                       22        2.702470851620145        2.408993893889803        22331.85320338978        99.99994237971292      0.04997624969635162
                       23        2.961120423096253        2.754509945751516        22331.85203034253        99.99993931071566      0.04997731589124044
                       24         2.85458719077179        2.765415421742165        22331.85085594553        99.99993623480945      0.04997821888718335
                       25        3.323870826017207        3.182507825077059        22331.84964801592         99.9999331194029      0.04997723795460374
                       26        3.207335239033663        3.044580955022797        22331.84852733487        99.99993013372084      0.04997676259247186
                       27        3.074520422682899        2.740624246424177        22331.84749454639        99.99992732214922      0.04997693275369208
                       28        2.681416852121049        2.382459909215051        22331.84654940645         99.9999247204356       0.0499773649762485
                       29        2.917074923430794        2.988833083180541        22331.84552181045        99.99992192093001      0.04997679715616776
                       30        3.382608456607434        2.892600148720961        22331.84444040553        99.99991899466804      0.04997712070520244
                       31        2.997674097063659        2.758358724263533        22331.84335326637        99.99991612298926      0.04997680185776687
                       32        2.495698838668542        2.397033817357084        22331.84232587914        99.99991332590702      0.04997727358349024
                       33        3.115209224777685        2.969423731593261        22331.84134304425        99.99991061013553      0.04997769098372729
                       34        3.057574337440711        2.872687082761014        22331.84021899561        99.99990768063564      0.04997793617280788
                       35        3.076488211063033        2.876434034720307        22331.83936471513        99.99990525510427      0.04997823459805772
                       36        2.815222594122673        2.624886605718041        22331.83834939379        99.99990250227168      0.04997801442434735
                       37        2.980711591778951        2.789874991257952        22331.83720831074        99.99989946622318      0.04997766525835345
                       38        2.793407157016126        2.762576108091297        22331.83611445508        99.99989655469251      0.04997764554590844
                       39        3.024847792931647        2.573255247535914        22331.83502585432        99.99989364044815      0.04997764014652262
                       40        3.062043996706747        2.924703033780928        22331.83389756064        99.99989063455274      0.04997698142090812
                       41        2.815809138986866         2.66425832817035        22331.83281304031        99.99988773507995      0.04997650064687065
                       42        2.971121453831877        2.667413344117844        22331.83167200763        99.99988473604537      0.04997617006602439
                       43        2.989102883647231        2.708402256736317        22331.83056359945        99.99988177589002       0.0499760382640142
                       44        2.820772324374675        2.653236170377348        22331.82965725195        99.99987925629576      0.04997610528403484
                       45        3.170806405797252        2.919764148041478        22331.82855095814        99.99987629723964      0.04997610284107346
                       46        3.175014578210157        2.889132383837726          22331.827540336        99.99987356295834      0.04997641625812221
                       47        3.031500598222467        2.902621686120072        22331.82655242413        99.99987086800409      0.04997630720988155
                       48        3.368535376947946        3.109025058266593        22331.82549413918        99.99986800505461      0.04997641431925715
                       49        3.174163439113086        2.874115654702935        22331.82443958606         99.9998651479999      0.04997668511278519
                       50        2.927394369210695        2.950409434429283        22331.82331669872        99.99986213163866      0.04997700993499166

Final average n0: 3.016067869527463
Final fluctuations n0: 2.838607757010155

Averages:
2.672291298014433
2.863641073696083
3.063551260557063
2.716367349784631
2.695334242262637
2.805407500301413
3.377507715853332
3.229849579760285
3.078068504239614
3.113725400700517
3.032417395925602
3.129615726508996
3.086251257029604
3.036033094763532
3.046563706733341
3.229218746866152
3.198385260229961
3.139062931864584
2.984256662788473
2.850873063515059
3.486868109684553
2.702470851620145
2.961120423096253
2.85458719077179
3.323870826017207
3.207335239033663
3.074520422682899
2.681416852121049
2.917074923430794
3.382608456607434
2.997674097063659
2.495698838668542
3.115209224777685
3.057574337440711
3.076488211063033
2.815222594122673
2.980711591778951
2.793407157016126
3.024847792931647
3.062043996706747
2.815809138986866
2.971121453831877
2.989102883647231
2.820772324374675
3.170806405797252
3.175014578210157
3.031500598222467
3.368535376947946
3.174163439113086
2.927394369210695

Fluctuations:
2.387667698236934
2.732942972748528
2.867540161776559
2.640148433547967
2.657970994864983
2.539382356738922
3.221143555329493
3.054547878134028
2.901215472997989
2.814631333320909
2.811498376398953
3.09873102107284
2.809316642567749
2.723135450563393
2.831324026003107
3.323178532737117
3.141749412427889
2.743793749679994
2.778526945137485
2.817680013179927
3.208069953703207
2.408993893889803
2.754509945751516
2.765415421742165
3.182507825077059
3.044580955022797
2.740624246424177
2.382459909215051
2.988833083180541
2.892600148720961
2.758358724263533
2.397033817357084
2.969423731593261
2.872687082761014
2.876434034720307
2.624886605718041
2.789874991257952
2.762576108091297
2.573255247535914
2.924703033780928
2.66425832817035
2.667413344117844
2.708402256736317
2.653236170377348
2.919764148041478
2.889132383837726
2.902621686120072
3.109025058266593
2.874115654702935
2.950409434429283

Last point and parameters for further simulation:
100
23
0.5
contact

-0.09229008198811196
-0.4282717395011804
-0.7082818646620347
0.499357814584983
-0.7127215171251392
1.864529166940325
2.314858982353504
-1.543949355122272
-0.280526724391142
0.9347739975110654
0.1310984516882778
0.6772257088238747
0.5279636569351409
1.313144731774248
0.3347231650138228
2.88374860064582
-1.016793545043557
0.8732967924439546
-0.8162714256412084
-0.9679814994455147
-1.05341000777825
1.148137685411279
0.3385530938110292
0.09886726125651482
0.8613765140333576
-0.1890309646145755
0.7351062136275294
2.843780778765816
-0.5808781516167282
0.2599723080679214
0.01014356250440758
-1.808310831627427
-0.9210475735304018
-0.6874582344925644
-0.6463189058892356
1.442768608187489
-1.020229414981037
-0.370029504871466
-1.071439692353772
-0.04721648200990638
-0.7425882081905487
1.572277573440947
0.5836583732210398
0.6901834890532356
2.038893942766496
-0.6292959463808724
0.742827619314209
0.4782232192783621
-1.169712140221165
-0.917819462864616
-0.6025003499316584
0.1610077170270688
0.03095070808865421
-0.6863133201432722
0.3842571069991994
0.2304841504791511
-0.1814881076577089
-0.6961877134237795
-1.233600363405366
-0.2815864111193314
0.5116668685011676
-0.6831421255371503
0.8113541388364126
-0.1509118254338036
-1.423731729323545
-1.567640423082264
-0.4635793923324484
2.105240493012691
0.01871514258680682
-0.8671520931252268
-0.2149617757676907
-0.6906304301816856
1.582164154560243
-2.0789415614241
1.129292919275047
-1.57502126521357
0.4158201201012752
-0.2131486060108428
-2.661609241135849
-0.7317025299440033
-0.9378531616185278
0.459102109926078
0.4411725141033949
-0.8381211969349444
-0.8947401100852828
0.1671337119820065
0.6404224060375892
-0.5641307845988818
-0.05251991813528464
-0.4864158433349287
-0.04315676573266179
-0.8150511061599965
-0.9800521205813707
0.2811140698563936

Final quantities:
3.016067869527463
2.838607757010155
