Number of particles: 100
Nmax: 24
Gamma: 0.5
Interaction type: contact
Step size: 5e-05
Batch size: 200000
Batch count: 50
             Batch number               Average n0          Fluctuations n0                   Energy           Particle count                 Momentum
                        1        2.487058673979844        2.345934616805517        23777.03713805121        99.99998374165747      -0.1506540902339157
                        2        3.153682401278823        2.863840093461638        23777.03584304209        99.99998028160215      -0.1506542118223777
                        3        2.999759325719662        2.702698562231716        23777.03464928106        99.99997695845114      -0.1506542213387236
                        4        2.940986575622162        2.758074552523878        23777.03347430578        99.99997372343429      -0.1506545121930571
                        5        2.612228003492368        2.469006123759558        23777.03216640715        99.99997020428346      -0.1506535632109092
                        6        2.757937831890094        2.440614924370011         23777.0308308547        99.99996664231949      -0.1506527816479846
                        7        3.115178451532444        2.995894876554543        23777.02958022558        99.99996321756683      -0.1506524489775956
                        8        2.840499786253369        2.650286927640392        23777.02846908284        99.99996010219364      -0.1506521367556815
                        9        3.021479494125265        2.786238549737432        23777.02736242058        99.99995700075806       -0.150651669514815
                       10        3.080215832185908        2.943547576655329        23777.02597784372        99.99995332194608      -0.1506513181597384
                       11        2.830197301301166        2.713932828999698        23777.02476489224        99.99994996348953      -0.1506504826920825
                       12        2.949525424614391        2.694033499931034        23777.02349719215        99.99994654807826      -0.1506499114854911
                       13        2.908694917611208        2.759452825953269        23777.02215582241         99.9999429743815      -0.1506508658241614
                       14        3.035733945095911        3.016475586831326        23777.02083138755        99.99993945631378      -0.1506510232887877
                       15        2.525000645412068        2.429104386933011        23777.01953285867        99.99993594562653      -0.1506518384200612
                       16        2.781160407899732        2.565238981329923        23777.01831261576        99.99993259345035      -0.1506515686557157
                       17        3.231929343137015        3.060502435578399        23777.01706329474        99.99992917828619      -0.1506509203872142
                       18        2.672618259371198        2.552813126722266         23777.0160070449        99.99992614728954      -0.1506511041983742
                       19        3.218875156970526        3.137869956143588        23777.01470523982        99.99992261927315      -0.1506499908067056
                       20        2.985781317046543        2.773585672048342         23777.0134554419        99.99991922560261      -0.1506497114308303
                       21        2.750234694560031        2.517660171760525        23777.01222474267         99.9999158582435      -0.1506497856288433
                       22        3.332631658650793        3.155418706581525        23777.01077031078        99.99991209426706      -0.1506501493187411
                       23         2.93409197837288        2.663024292134412        23777.00943753984        99.99990857898375      -0.1506494151058071
                       24        2.952919271707658        2.770679514762392        23777.00825042639        99.99990527942334      -0.1506482463300323
                       25        2.994505791002233        2.802078933947117        23777.00682785927        99.99990150863123      -0.1506458091105536
                       26        2.822064690023902        2.589175511406301        23777.00559449805        99.99989810003549      -0.1506462830939697
                       27        2.743729419923228         2.52326829254675        23777.00430811465         99.9998946444632      -0.1506449253591269
                       28        2.318097211818876        2.343890618303057        23777.00316848513        99.99989147338995      -0.1506455677412255
                       29        3.333514602809894        2.883996936654399         23777.0019057739        99.99988802788363      -0.1506464619178516
                       30         2.93274991159662         2.71689999630038         23777.0007044863        99.99988471383526      -0.1506468622713699
                       31        2.806564463065545        2.504158297648161        23776.99946309454        99.99988129761522      -0.1506465071540006
                       32        2.434767959716106          2.2728839228872        23776.99825133807        99.99987793709691       -0.150645463937316
                       33        2.779163540684982         2.82551267743549        23776.99694932655        99.99987437504195      -0.1506449809148762
                       34        3.235406919940187         3.03405028608104          23776.995537664        99.99987063331433      -0.1506437806161784
                       35        3.286629447239038        3.253235810807189        23776.99421592122        99.99986709996691      -0.1506433870237203
                       36        3.044756570882284        2.637276094412409        23776.99302762563        99.99986381728741      -0.1506447516284481
                       37        2.328045257247614        2.275547683096202        23776.99203877895         99.9998609562282      -0.1506439027020008
                       38        2.801231967514406        2.737263557019229        23776.99064233855        99.99985731871205      -0.1506435602671452
                       39        2.734986599765924         2.57526059474642        23776.98934155357        99.99985380394084      -0.1506429155802138
                       40        2.579619324083973        2.551534672373273        23776.98813514353        99.99985048995345       -0.150643448340297
                       41        2.583822865132992        2.441598301412052        23776.98701191755        99.99984730391741      -0.1506428230840982
                       42        2.731968141953431         2.51487275546565        23776.98585604674        99.99984410536496      -0.1506436547111374
                       43        2.538364574156601        2.476758415753705        23776.98459645178        99.99984071606681      -0.1506438162308834
                       44        3.454255329419445        3.364208959089921        23776.98291780632         99.9998365032494      -0.1506441041670765
                       45        2.701674084114686        2.711014020130923        23776.98172427643         99.9998332424292       -0.150645463105171
                       46        2.820282033269659        2.594859491827196        23776.98061357805        99.99983009260745      -0.1506452345918028
                       47        2.769912260130102        2.594187345953548        23776.97952445238        99.99982701787363      -0.1506463064001249
                       48        2.803366452132374        2.771629239304275        23776.97833558194        99.99982373927824      -0.1506463866891394
                       49        3.476311462696821        3.287775318730963        23776.97715243248        99.99982045736652      -0.1506458774044539
                       50        2.667481704248027        2.410414659291448         23776.9759844595        99.99981722573825      -0.1506469923535789

Final average n0: 2.876833865648
Final fluctuations n0: 2.734999385502897

Averages:
2.487058673979844
3.153682401278823
2.999759325719662
2.940986575622162
2.612228003492368
2.757937831890094
3.115178451532444
2.840499786253369
3.021479494125265
3.080215832185908
2.830197301301166
2.949525424614391
2.908694917611208
3.035733945095911
2.525000645412068
2.781160407899732
3.231929343137015
2.672618259371198
3.218875156970526
2.985781317046543
2.750234694560031
3.332631658650793
2.93409197837288
2.952919271707658
2.994505791002233
2.822064690023902
2.743729419923228
2.318097211818876
3.333514602809894
2.93274991159662
2.806564463065545
2.434767959716106
2.779163540684982
3.235406919940187
3.286629447239038
3.044756570882284
2.328045257247614
2.801231967514406
2.734986599765924
2.579619324083973
2.583822865132992
2.731968141953431
2.538364574156601
3.454255329419445
2.701674084114686
2.820282033269659
2.769912260130102
2.803366452132374
3.476311462696821
2.667481704248027

Fluctuations:
2.345934616805517
2.863840093461638
2.702698562231716
2.758074552523878
2.469006123759558
2.440614924370011
2.995894876554543
2.650286927640392
2.786238549737432
2.943547576655329
2.713932828999698
2.694033499931034
2.759452825953269
3.016475586831326
2.429104386933011
2.565238981329923
3.060502435578399
2.552813126722266
3.137869956143588
2.773585672048342
2.517660171760525
3.155418706581525
2.663024292134412
2.770679514762392
2.802078933947117
2.589175511406301
2.52326829254675
2.343890618303057
2.883996936654399
2.71689999630038
2.504158297648161
2.2728839228872
2.82551267743549
3.03405028608104
3.253235810807189
2.637276094412409
2.275547683096202
2.737263557019229
2.57526059474642
2.551534672373273
2.441598301412052
2.51487275546565
2.476758415753705
3.364208959089921
2.711014020130923
2.594859491827196
2.594187345953548
2.771629239304275
3.287775318730963
2.410414659291448

Last point and parameters for further simulation:
100
24
0.5
contact

-1.22569921035631
0.1368753288942926
-0.9274824108157985
-0.487026717747249
0.9646229150481266
-0.6236250750341983
-0.410568571660306
-1.050498896384149
0.354371131317946
-1.425884208871594
0.3243562538478104
0.2482720228902203
-0.0752007670337187
0.4284026603199781
-2.02044129206384
0.5502556673948445
0.8665742477194784
1.195758408077866
-2.08225503491943
-1.155165864742494
-0.1281920970202353
1.784745467970904
-0.2415252948131671
-0.4202588018430839
2.430059424961448
-0.2321626276498691
-1.524459072715669
0.5972243096557396
-0.4361120392435245
0.226244459674603
-0.8051891201498924
-0.4314980642884034
-1.289321481835799
-1.62382205667999
1.020248942038364
-1.563751186683908
-0.1983469092021587
-0.7804322858997632
-0.3219473706894076
-0.1731511608499806
-0.2363559993943814
-0.8178661644932617
1.379443316904088
1.188592696918292
0.233660246011156
-1.034323489974918
-1.093873671449273
0.1429115750446963
-0.9525859210608836
0.280392171978801
0.1207008306561202
-0.6746959077920479
0.6573458828179177
-0.6406155852195528
0.2877395825541092
1.003843330787303
0.2101449093413102
1.924911795648745
-0.9348721980747439
-0.735755053847022
0.6988478188031358
0.09563120861558051
0.9840312727064708
-1.736826416431879
-0.2899361711135549
-1.252820698820364
1.343323160484275
0.2956694639197628
1.90807718476639
-1.801992875751561
-1.134014376830398
1.293230216728955
0.6768145892796428
-0.3967360721716829
1.053112633644456
-1.941110256642026
0.1397135205865534
-1.227297830459332
-2.294160266277999
-0.1062765277586023
-0.6089616799518108
0.438244019973875
-0.7684407615887699
-1.363902780593206
0.626268902531948
0.8026522463676863
-0.3855088400154714
2.031643981888222
-0.1074036060637942
-0.104538589695866
0.6239327993992739
0.1229925944526334
0.4769037332198595
-0.257917521959686
-0.3749466462250861
1.433255879943009
-1.355964272115363
-0.3692881448513154

Final quantities:
2.876833865648
2.734999385502897
