Number of particles: 100
Nmax: 11
Gamma: 0.5
Interaction type: contact
Step size: 0.0001
Batch size: 200000
Batch count: 100
             Batch number               Average n0          Fluctuations n0                   Energy           Particle count                 Momentum
                        1        9.461750636876127        8.259347539249537        9109.008566713046         100.000032457595      0.02876312444246309
                        2        8.982894209857211        7.810908315156892        9109.007313752831         100.000026698401      0.02876272553925929
                        3        9.550263437126528        8.353710732205252        9109.006040789311        100.0000208662485      0.02876375286652433
                        4        9.781589176391407        8.241717041273636         9109.00477943911         100.000015089319      0.02876365286095073
                        5        9.463865507568805         8.41139849841408        9109.003443386773        100.0000090479567      0.02876362770544105
                        6        9.125525120525076        7.777093043029141        9109.002089611011        100.0000029436774      0.02876379652698091
                        7        9.731078193967594        8.180557349118409          9109.0008466539        99.99999722407236      0.02876451500134181
                        8        10.47896702724951        8.264093721245555        9108.999476496221        99.99999105701426      0.02876413222119467
                        9        9.788699572283935        8.496114432229794        9108.998112562735        99.99998491061092      0.02876440632650201
                       10        9.883973224612797        8.727046153850287        9108.996907486333        99.99997931067224      0.02876460890987431
                       11        9.995455739772408        8.831829454780399        9108.995632449614         99.9999734585268      0.02876482695176108
                       12        9.303688122257734        7.863715400136339        9108.994430986828        99.99996788177098      0.02876525949450226
                       13        9.533221255435087        8.471957112114243        9108.993095388398        99.99996184143657      0.02876534909739314
                       14        10.28760287953394        9.228248366377777        9108.991939055915        99.99995643287133      0.02876472162277821
                       15        9.942855074190764        8.284271333366986         9108.99061892705        99.99995043826253      0.02876593672806393
                       16        9.966122160137081         8.36658194458871        9108.989340746577         99.9999445767441      0.02876672376400791
                       17        10.02676217145871        8.565587907577029        9108.988002819464        99.99993851220785      0.02876703864779628
                       18        10.21786343162292        8.523566231936108        9108.986690588892        99.99993255075142      0.02876684199723201
                       19        9.761954517254129        8.464003716813476        9108.985354343116        99.99992649364891      0.02876656832262903
                       20        10.47104689461421        9.434919926074139         9108.98400249211        99.99992039455938      0.02876768005859631
                       21        9.445540332933705         8.29414200315855        9108.982715601369        99.99991452385696      0.02876860772135181
                       22        10.29241813686261        8.633225846610955        9108.981446975364        99.99990871851602      0.02876806288309641
                       23          9.5843397247494        8.089091774055079        9108.980174955726         99.9999028962042       0.0287684786608029
                       24        9.173759699995136        7.722501016738714        9108.978900200385        99.99989706582403      0.02876769569367355
                       25        10.67937614503733        9.353162420863873        9108.977587199644        99.99989111816309      0.02876890637292639
                       26        9.145047812531175        8.029441124170962        9108.976292938416        99.99988520842804      0.02876842105192345
                       27        10.23698182943307        8.612406087235806         9108.97496511431        99.99987919988341      0.02876939433614467
                       28        9.465434626383198        8.388705618911331        9108.973709086529        99.99987343990925      0.02876974185473635
                       29        9.939961872665336         8.38678930855529        9108.972515465301        99.99986789539282      0.02877050274354609
                       30        9.651246596985143        8.147435109439215        9108.971276987124        99.99986219031121      0.02877036744774131
                       31         9.74558477238876        8.774240211521711        9108.969985203188        99.99985629989614      0.02876995931888837
                       32        10.11635081566244        9.140365837146957         9108.96864510559        99.99985024796007      0.02877112443738028
                       33        8.934820767056433        8.127711474822162        9108.967399513909        99.99984451810259      0.02877157402312136
                       34        10.34138183371085        8.518198145749841        9108.966186385076        99.99983890162679      0.02877152933025418
                       35        9.800509670111129        8.573163094172418        9108.964887955315        99.99983298597263      0.02877158244503875
                       36        9.372940681326297        8.446625177160525        9108.963589519753        99.99982707986881      0.02877007207012028
                       37        9.845558782528439        8.986835104213295        9108.962350158552        99.99982136867338       0.0287690895154693
                       38        9.983003652434228        8.670903362071547        9108.961101256173        99.99981561223578      0.02876943008569199
                       39        9.099310783130052        7.868895028951217        9108.959779393444         99.9998096085862      0.02876899001684219
                       40        10.05920720416219        8.738197238538186         9108.95849378319        99.99980374427096      0.02876816472610599
                       41        10.73269076765601        9.008968284495401        9108.957157516412        99.99979769387436      0.02876827879409838
                       42        10.12095347358703        8.932202499050273        9108.955885288717        99.99979187166784      0.02876848934596765
                       43        9.516851919919068        8.176322949245172        9108.954591327882        99.99978598918098      0.02876790142593499
                       44        9.326054318464273        8.698088263759278        9108.953332637913        99.99978022119541      0.02876866249701493
                       45        9.027791754848847        7.669129313510864        9108.952138477778        99.99977467862803      0.02876800790554412
                       46        10.43126554729034        8.318075547934891        9108.950798405394        99.99976861195755      0.02876742285036826
                       47        10.44761368607365         8.77489037880652        9108.949542127422         99.9997628288574      0.02876724158640975
                       48        10.22648905938467        9.103730762493138        9108.948301595876        99.99975710362922      0.02876645713484294
                       49        9.715437869169664        8.759365927354626        9108.946923510583        99.99975091516748      0.02876716216188058
                       50        9.794389716691452        8.440819894012034        9108.945747055859        99.99974543479721       0.0287673794424137
                       51        9.676838196787141        8.560955260701633        9108.944472345291        99.99973959102748       0.0287677159895452
                       52        9.339769347887504        8.109673269420645        9108.943161705793        99.99973362055118      0.02876801305714416
                       53        10.03726211358035        8.723576735525855        9108.941858889761        99.99972767568482      0.02876901700185552
                       54        9.803171548301265        8.336535280165949        9108.940606802629        99.99972191836483      0.02876948467366169
                       55        9.970030887067381        8.591609959448821         9108.93932488435        99.99971605815468      0.02876880312913244
                       56        9.979889180908994        8.759986259139565        9108.938008110254        99.99971008306893      0.02876952667985222
                       57        9.527213822871298        8.525981785317947        9108.936753049136        99.99970433325029       0.0287701113737775
                       58        10.04341285168359        8.602143935915304        9108.935515686384        99.99969863574361      0.02876959305072369
                       59        9.384219498339197        8.540629864008592        9108.934267347511        99.99969289245819      0.02876969094543647
                       60        9.708645705526056        8.511580471133898        9108.933120503918        99.99968750284987      0.02877047236715313
                       61        9.756468789365984        8.486815297342305        9108.931803683496         99.9996815253957      0.02877075153933184
                       62        9.739579791915927        8.194013459729414        9108.930482131833        99.99967553242799      0.02877138799117329
                       63        10.03276758879461        8.769566531231241        9108.929236374708        99.99966980382139      0.02877196545230776
                       64        8.655817761359151        7.849742732650212        9108.927970493587          99.999664019511      0.02877258657747106
                       65        10.10451946411334        8.396050709634231        9108.926667557364        99.99965808534104      0.02877187695647443
                       66        9.150740169760841        8.272668269618137        9108.925374615426         99.9996522017727      0.02877088719237975
                       67        10.15854389460639        8.966751150768866         9108.92411923223        99.99964644138805      0.02877035052409127
                       68        10.42752834007818        8.577598847885087        9108.922826841321        99.99964056030599        0.028770252396912
                       69        9.452569478798189        8.175818577601815        9108.921570496139         99.9996348125307        0.028770324238792
                       70        9.567880597372231        8.248568595547074        9108.920261391168        99.99962885861703      0.02876918417320162
                       71        9.723781444721416        8.518047538607441        9108.918960943734        99.99962292942431      0.02876887025629493
                       72        9.201400829875816        7.954512362040925        9108.917716434644        99.99961721014729      0.02876797097265582
                       73        10.26929829268669        8.572491979178006        9108.916410151955        99.99961127967039      0.02876759399025985
                       74        10.28397099693059        8.546755257138505        9108.915169521333         99.9996055669028      0.02876797640016449
                       75        10.31383473864758        8.973778662990375        9108.913892577522        99.99959972907789      0.02876814495892077
                       76        9.606987137407945        8.079048169281247        9108.912680299056        99.99959412843674      0.02876818124943625
                       77        9.124521753935321        7.843978588689103        9108.911433778305        99.99958839443667      0.02876721954131334
                       78        9.641111226495067        8.149481754095726        9108.910144822876         99.9995825178385      0.02876699450266651
                       79        9.687427405668252        8.065702278164023         9108.90885577165        99.99957663117161      0.02876681069731646
                       80        10.03347456877804        8.754777365123681        9108.907560037778        99.99957071126988      0.02876579944740243
                       81         9.52498786367511        8.564537314225115         9108.90623626149        99.99956470205012      0.02876600913908867
                       82        10.14286625409072        8.745297381729236        9108.904933934264        99.99955877556297      0.02876566100728084
                       83        9.421742465065275        8.131903251464953        9108.903736849275        99.99955322434278      0.02876544423829941
                       84        9.441754113141956        8.485331671140752        9108.902510358494        99.99954757768175      0.02876619812552583
                       85        9.164779654641404        7.841629610972469        9108.901235438025         99.9995417644225      0.02876669479771721
                       86         9.52987267280081        8.611356725177327        9108.900012638738        99.99953611482393      0.02876783789946558
                       87        9.448844280654921        8.376292344611322        9108.898717778116        99.99953020632286      0.02876796716932972
                       88        9.893557523204295        8.452878677894907        9108.897385217537        99.99952416436948       0.0287681793495338
                       89        9.349220323722369        8.210024286581559        9108.896180897009        99.99951857963623      0.02876655001712436
                       90        10.02813412492867        8.186072662596276        9108.894982292888        99.99951301586597      0.02876620282474818
                       91        9.884905597083893        8.708021552030896        9108.893618115357        99.99950688019221      0.02876575911071022
                       92        10.02277257371404        8.233333801466994        9108.892382575892        99.99950119187338      0.02876739599923894
                       93        9.776769162560827        8.463179876578657        9108.891117275107        99.99949537800464      0.02876740234659447
                       94        9.843620675346516        8.822969660172452        9108.889740480186        99.99948918739744      0.02876730681373374
                       95        9.952746305794307        8.957332116720922        9108.888406024324        99.99948314997218      0.02876710838385099
                       96        9.953152316604671        8.735430166958965         9108.88716798076        99.99947744626157      0.02876662588851175
                       97        9.783360453981867         8.47901955052459        9108.885876554314        99.99947154175881      0.02876655624504032
                       98        9.294110681215939        8.656322553472432        9108.884524088597        99.99946543456647      0.02876649002717491
                       99        9.893838363529214        8.127485906695748        9108.883227559343         99.9994595269234      0.02876661784052459
                      100        9.890151763515995          8.8692551145684        9108.882023216767        99.99945395073736      0.02876707560107405

Final average n0: 9.766513567994453
Final fluctuations n0: 8.480102397955896

Averages:
9.461750636876127
8.982894209857211
9.550263437126528
9.781589176391407
9.463865507568805
9.125525120525076
9.731078193967594
10.47896702724951
9.788699572283935
9.883973224612797
9.995455739772408
9.303688122257734
9.533221255435087
10.28760287953394
9.942855074190764
9.966122160137081
10.02676217145871
10.21786343162292
9.761954517254129
10.47104689461421
9.445540332933705
10.29241813686261
9.5843397247494
9.173759699995136
10.67937614503733
9.145047812531175
10.23698182943307
9.465434626383198
9.939961872665336
9.651246596985143
9.74558477238876
10.11635081566244
8.934820767056433
10.34138183371085
9.800509670111129
9.372940681326297
9.845558782528439
9.983003652434228
9.099310783130052
10.05920720416219
10.73269076765601
10.12095347358703
9.516851919919068
9.326054318464273
9.027791754848847
10.43126554729034
10.44761368607365
10.22648905938467
9.715437869169664
9.794389716691452
9.676838196787141
9.339769347887504
10.03726211358035
9.803171548301265
9.970030887067381
9.979889180908994
9.527213822871298
10.04341285168359
9.384219498339197
9.708645705526056
9.756468789365984
9.739579791915927
10.03276758879461
8.655817761359151
10.10451946411334
9.150740169760841
10.15854389460639
10.42752834007818
9.452569478798189
9.567880597372231
9.723781444721416
9.201400829875816
10.26929829268669
10.28397099693059
10.31383473864758
9.606987137407945
9.124521753935321
9.641111226495067
9.687427405668252
10.03347456877804
9.52498786367511
10.14286625409072
9.421742465065275
9.441754113141956
9.164779654641404
9.52987267280081
9.448844280654921
9.893557523204295
9.349220323722369
10.02813412492867
9.884905597083893
10.02277257371404
9.776769162560827
9.843620675346516
9.952746305794307
9.953152316604671
9.783360453981867
9.294110681215939
9.893838363529214
9.890151763515995

Fluctuations:
8.259347539249537
7.810908315156892
8.353710732205252
8.241717041273636
8.41139849841408
7.777093043029141
8.180557349118409
8.264093721245555
8.496114432229794
8.727046153850287
8.831829454780399
7.863715400136339
8.471957112114243
9.228248366377777
8.284271333366986
8.36658194458871
8.565587907577029
8.523566231936108
8.464003716813476
9.434919926074139
8.29414200315855
8.633225846610955
8.089091774055079
7.722501016738714
9.353162420863873
8.029441124170962
8.612406087235806
8.388705618911331
8.38678930855529
8.147435109439215
8.774240211521711
9.140365837146957
8.127711474822162
8.518198145749841
8.573163094172418
8.446625177160525
8.986835104213295
8.670903362071547
7.868895028951217
8.738197238538186
9.008968284495401
8.932202499050273
8.176322949245172
8.698088263759278
7.669129313510864
8.318075547934891
8.77489037880652
9.103730762493138
8.759365927354626
8.440819894012034
8.560955260701633
8.109673269420645
8.723576735525855
8.336535280165949
8.591609959448821
8.759986259139565
8.525981785317947
8.602143935915304
8.540629864008592
8.511580471133898
8.486815297342305
8.194013459729414
8.769566531231241
7.849742732650212
8.396050709634231
8.272668269618137
8.966751150768866
8.577598847885087
8.175818577601815
8.248568595547074
8.518047538607441
7.954512362040925
8.572491979178006
8.546755257138505
8.973778662990375
8.079048169281247
7.843978588689103
8.149481754095726
8.065702278164023
8.754777365123681
8.564537314225115
8.745297381729236
8.131903251464953
8.485331671140752
7.841629610972469
8.611356725177327
8.376292344611322
8.452878677894907
8.210024286581559
8.186072662596276
8.708021552030896
8.233333801466994
8.463179876578657
8.822969660172452
8.957332116720922
8.735430166958965
8.47901955052459
8.656322553472432
8.127485906695748
8.8692551145684

Last point and parameters for further simulation:
100
11
0.5
contact

0.5122850458234831
-0.418354717878367
-1.369364662813892
1.868668585836801
-2.397141300640858
0.2117524143289826
0.5311566655346532
1.818855251371374
0.7793241126617151
1.04912379718725
-2.321857258975832
-4.314604737561465
1.22995433899721
-0.3800471156857293
0.9010649100887064
-1.654653124468145
0.3898016974958572
1.133299534199527
-0.8040482242477803
0.3461350514178296
1.731742401760825
-1.463696662264278
1.93538950922722
0.07595601652634081
-0.3224750667780958
0.003819381267565313
-0.08195281920090107
-0.0960829919293672
2.548764640235817
0.7466121365268804
-1.790344881807473
-2.373888351831351
-0.8063044756750281
0.6381642356562468
0.7288499553668247
-1.082876584581475
-4.479743952207341
0.03431567131477271
-0.405198974706524
-0.9445335024669301
1.021741687031323
0.5059948104422554
-0.6286437171145041
0.04884951542369129
-1.071120963284609
-0.2239232881757734

Final quantities:
9.766513567994453
8.480102397955896
