Number of particles: 100
Nmax: 12
Gamma: 0.5
Interaction type: contact
Step size: 0.0001
Batch size: 200000
Batch count: 100
             Batch number               Average n0          Fluctuations n0                   Energy           Particle count                 Momentum
                        1        8.100539963692098        7.290625322586599        9959.744799429114        99.99992165771519      -0.2492205635126297
                        2        7.738411086282606        6.978114684446296        9959.742640464874        99.99991259478456      -0.2492190089547108
                        3        7.670375296245768        6.830058816977482        9959.740500660266         99.9999036290302      -0.2492181077641646
                        4        8.904019050201564         7.18630393109654        9959.738327213143        99.99989451015151      -0.2492172441359894
                        5        9.222381840136478        7.822672342793457        9959.736235117536        99.99988566427895       -0.249217758445349
                        6        8.445721334480401        7.443768705344611        9959.734104882915        99.99987670336709      -0.2492171969132873
                        7        8.759855729138657        7.751356594285344        9959.731986889276        99.99986776367042      -0.2492148704561963
                        8        7.902430725324666         7.01576331005873        9959.729914284004        99.99985901054829      -0.2492136380339414
                        9        7.987095200286275        7.244824925907499        9959.727810268567         99.9998501318296      -0.2492143789816268
                       10        8.031725524752204        7.320301475075907        9959.725634400547        99.99984103505139      -0.2492137193215402
                       11        8.305372260327394        7.373909927637862        9959.723509145582        99.99983207741836       -0.249212068689614
                       12        7.944916847593657        7.128805857834294        9959.721485560018        99.99982344739776      -0.2492144007425061
                       13         7.96515416373899        6.976576538477361        9959.719286537093          99.999814253822      -0.2492137998053714
                       14        8.888983409366878        7.630031151205632        9959.717029621064        99.99980489156206      -0.2492128849165383
                       15        8.353064046503672        7.540451852140752        9959.715063327763        99.99979644129272       -0.249213091518186
                       16        8.765576602734765        8.310043298466452        9959.712978216743        99.99978762184348      -0.2492141103441128
                       17        8.408708995855514         7.31142825059978         9959.71078474782        99.99977846798423      -0.2492130554144296
                       18        8.228173899690626        7.438753246324402        9959.708561361198        99.99976920838154      -0.2492141397268774
                       19        8.671405479203312        7.783089899453179        9959.706503930249        99.99976049397094      -0.2492134996026358
                       20        8.559381899101281        7.399237384042285        9959.704442536193        99.99975174597839      -0.2492128124782838
                       21        8.612050671788877        7.553784524310243        9959.702322371142        99.99974280089516      -0.2492125055334817
                       22        7.931711350932384        7.126064482545459        9959.700303603606        99.99973419871934      -0.2492127600607432
                       23        8.202959189792416        7.229064865466342        9959.698174357838        99.99972524155542      -0.2492140414084778
                       24        8.503247125930585        7.385757556942805        9959.695935487383        99.99971592760382      -0.2492167008666364
                       25        8.495162885157519         7.23399807998288         9959.69379308596        99.99970693380502      -0.2492148425122984
                       26        8.222116901331697        7.307137477881247        9959.691621835025        99.99969784209311       -0.249214779642223
                       27        8.332403825176433        7.370790547398099        9959.689606376747        99.99968927250691      -0.2492152951664721
                       28        8.749012944903335        7.731653147565515        9959.687377452628        99.99968000652675      -0.2492149832430623
                       29        8.790865022133378        7.618867168081126        9959.684997930435        99.99967026451226      -0.2492171627286019
                       30        8.143214288076875        7.183624099950618        9959.682804272954        99.99966110931368      -0.2492173328305203
                       31        7.619282611924852        6.675554220374336        9959.680656176721        99.99965211098097      -0.2492172426629438
                       32        9.184386377076175          7.8649078387873        9959.678457276157        99.99964292684557      -0.2492171324883721
                       33        8.594559138396772        7.489399712381705        9959.676266632097        99.99963375336101      -0.2492156537724064
                       34        8.026600356526203        6.989402749929794        9959.674274574711        99.99962525154123      -0.2492152949212958
                       35        8.883897357190433        8.162655295383498        9959.672084312177        99.99961608567986      -0.2492178105030831
                       36        8.308882270311161        7.294633193345207        9959.670004110572        99.99960727647151      -0.2492195034304245
                       37        8.016981265541116        6.968525286436856        9959.667867833814        99.99959826931516      -0.2492223859392677
                       38        7.840529300041005        7.092399698295776        9959.665833987452        99.99958961376201      -0.2492219734983774
                       39        8.658612625136552        7.631568106373588        9959.663710572429        99.99958066082247      -0.2492209602884214
                       40        8.147045900092781        7.187087021932914         9959.66165109899        99.99957194164313      -0.2492195424354708
                       41        9.266131550741958        8.115458417765227        9959.659509044996        99.99956296474828      -0.2492204676240979
                       42          8.0749368337073        7.509545612847878         9959.65734392533        99.99955389104983      -0.2492195897214966
                       43        7.779652745675569        6.981060312991346         9959.65521101712        99.99954493591569      -0.2492194690400744
                       44        7.930555224645643        7.180532548534613        9959.653214232176        99.99953640441595      -0.2492216895829813
                       45        8.829139409960844         7.58530126738436        9959.651068712006        99.99952737057789      -0.2492213130534306
                       46        8.484232547734681        7.230691193601442        9959.648989018093        99.99951856120391       -0.249221471934959
                       47        8.188473691071261        6.793674497280445        9959.646989087167        99.99951001515319      -0.2492210375298818
                       48         8.12412614975999        7.185120344198727        9959.644907097758        99.99950120983061      -0.2492208256716921
                       49        8.279962954819027        7.172266482716709        9959.642714805979        99.99949204952831      -0.2492209746916743
                       50        7.887690749934966        6.481999191068105        9959.640660176348        99.99948332642683       -0.249220556159921
                       51         7.43128609440031        6.574166304101101        9959.638565344454        99.99947450004481      -0.2492210652540834
                       52        9.589506729631069        7.708891302048354        9959.636399944426        99.99946542020531       -0.249221508741357
                       53        7.978966163723823        7.048271930991716         9959.63444247633        99.99945702657261      -0.2492216410507719
                       54        7.767294239002244        7.020331135375065        9959.632396357971        99.99944835938759      -0.2492191368410239
                       55        8.193485485088718        6.812333697201445        9959.630334906073        99.99943960870927      -0.2492184358744947
                       56        8.487523412780853        7.532401082097708        9959.628264993953        99.99943082311593      -0.2492167890263559
                       57        8.361941579257909        7.540283488169191        9959.626141870549        99.99942187198781      -0.2492175485201535
                       58        8.040197094334582        7.212494942998118        9959.624086791497        99.99941315546909      -0.2492171750563408
                       59        8.941124313455973        7.627392041349205        9959.621943407405        99.99940415749568      -0.2492196768706716
                       60        8.522692799201037         7.51335413779551         9959.61982451869        99.99939522024425      -0.2492196632117052
                       61        8.131657118928052         7.47306684445724        9959.617748757888        99.99938643772563        -0.24921986206909
                       62        8.440101260633952        7.603817998454064        9959.615651002161        99.99937757282842      -0.2492211962793691
                       63        8.555492251368932        7.313565349347457        9959.613422868455        99.99936831482994      -0.2492200000109435
                       64        8.386115863541937        7.175741559643106        9959.611442300524        99.99935985693421      -0.2492195822108343
                       65        8.901986274921772        8.044680016642472        9959.609312490853        99.99935091508206      -0.2492200826575253
                       66         8.03592447082382        7.116867811740838         9959.60738805135        99.99934263157255       -0.249221555874124
                       67        7.948172697679383        6.913394055765655        9959.605241726746         99.9993336126749      -0.2492218011637419
                       68        8.230321736534441        7.267444622448152        9959.603259742707        99.99932512710195      -0.2492209828927585
                       69        8.287022428836408        7.417438455153293        9959.601121337035        99.99931613865772      -0.2492216046913214
                       70        7.437008758334184        6.542710472046851        9959.599060753297        99.99930742111296      -0.2492220908160956
                       71        8.022466452886505        6.983647505776184        9959.597011818871        99.99929872284358      -0.2492225910925256
                       72         7.89913286110172        6.806094035563299        9959.594837520042        99.99928962303628      -0.2492221115537738
                       73        8.570775685306806        7.274424905851969        9959.592756861364        99.99928079994578      -0.2492246219090255
                       74        8.121181138713894        7.202703523836263        9959.590775406541        99.99927231856674      -0.2492248149597618
                       75        8.043769075301528         7.18503661307982        9959.588781782373        99.99926381423552      -0.2492238074942499
                       76        7.846942691117115        7.140291496693043        9959.586723817452        99.99925507323606      -0.2492249513217928
                       77        8.416621150719619        7.553255014832406        9959.584574167067        99.99924606079384      -0.2492225621091571
                       78        8.517069457019893        7.412418297460623        9959.582421513864        99.99923701575057      -0.2492216697347409
                       79        8.872974426609135        7.851782616236941         9959.58030097454         99.9992280528669      -0.2492201431310868
                       80        8.126184306207298        6.945379246002591        9959.578191858944        99.99921916296168       -0.249221879321559
                       81        7.699956593386276        6.769436293398461        9959.576111937498        99.99921035465377      -0.2492219038976629
                       82        8.206701223221849        7.166377097341171         9959.57400403724        99.99920145171089      -0.2492235138665304
                       83        8.523816065126676        7.703432560373828        9959.571859409141        99.99919243474568      -0.2492252555581072
                       84        7.804241252697574        6.488265924526671        9959.569924745811        99.99918409733617       -0.249226680912348
                       85        8.755823765203706        7.432970867083802        9959.567731409285         99.9991749277238      -0.2492277777942711
                       86        7.962478761772248        7.238373493376165        9959.565647237814        99.99916609851212      -0.2492286037988638
                       87        8.240566252521486        7.344765473312499        9959.563502436815        99.99915709627211      -0.2492292888869923
                       88        8.598615069836526        7.438587885411776        9959.561432789373        99.99914833502197      -0.2492294989787496
                       89        8.886150257016121         7.91001425718399        9959.559206915239         99.9991390672748       -0.249228559947106
                       90        8.470563445212083        7.752579094975874        9959.557175500395        99.99913041244959      -0.2492276809180947
                       91        8.585609798312856        7.677198153817162         9959.55499016762        99.99912125125836      -0.2492274726295136
                       92        8.813994784559878        7.460664927400599        9959.552716348693          99.999111841885      -0.2492291709359193
                       93        8.099890550402813        7.317322551717469        9959.550744024898        99.99910338229331       -0.249228929867547
                       94        7.919010717843431        6.960392724745075        9959.548624299679        99.99909443039371       -0.249228098316987
                       95        8.423440235882927        7.455204166760423        9959.546547635782        99.99908565529682      -0.2492280559831297
                       96        8.422423939077831        7.113603287322618        9959.544568667177        99.99907719324978      -0.2492269746063762
                       97        8.250741830733796        6.984061704452627        9959.542475267499        99.99906834627313      -0.2492267185377717
                       98        7.529347510464025        6.551100093034589         9959.54038190133         99.9990594997422      -0.2492262458190098
                       99        8.523731995617103        7.356497142856778         9959.53835867073        99.99905087889958      -0.2492268842363927
                      100        7.742529288413349        7.353744281132891        9959.536207878547        99.99904186929092      -0.2492269474069921

Final average n0: 8.305262879749343
Final fluctuations n0: 7.32473777539407

Averages:
8.100539963692098
7.738411086282606
7.670375296245768
8.904019050201564
9.222381840136478
8.445721334480401
8.759855729138657
7.902430725324666
7.987095200286275
8.031725524752204
8.305372260327394
7.944916847593657
7.96515416373899
8.888983409366878
8.353064046503672
8.765576602734765
8.408708995855514
8.228173899690626
8.671405479203312
8.559381899101281
8.612050671788877
7.931711350932384
8.202959189792416
8.503247125930585
8.495162885157519
8.222116901331697
8.332403825176433
8.749012944903335
8.790865022133378
8.143214288076875
7.619282611924852
9.184386377076175
8.594559138396772
8.026600356526203
8.883897357190433
8.308882270311161
8.016981265541116
7.840529300041005
8.658612625136552
8.147045900092781
9.266131550741958
8.0749368337073
7.779652745675569
7.930555224645643
8.829139409960844
8.484232547734681
8.188473691071261
8.12412614975999
8.279962954819027
7.887690749934966
7.43128609440031
9.589506729631069
7.978966163723823
7.767294239002244
8.193485485088718
8.487523412780853
8.361941579257909
8.040197094334582
8.941124313455973
8.522692799201037
8.131657118928052
8.440101260633952
8.555492251368932
8.386115863541937
8.901986274921772
8.03592447082382
7.948172697679383
8.230321736534441
8.287022428836408
7.437008758334184
8.022466452886505
7.89913286110172
8.570775685306806
8.121181138713894
8.043769075301528
7.846942691117115
8.416621150719619
8.517069457019893
8.872974426609135
8.126184306207298
7.699956593386276
8.206701223221849
8.523816065126676
7.804241252697574
8.755823765203706
7.962478761772248
8.240566252521486
8.598615069836526
8.886150257016121
8.470563445212083
8.585609798312856
8.813994784559878
8.099890550402813
7.919010717843431
8.423440235882927
8.422423939077831
8.250741830733796
7.529347510464025
8.523731995617103
7.742529288413349

Fluctuations:
7.290625322586599
6.978114684446296
6.830058816977482
7.18630393109654
7.822672342793457
7.443768705344611
7.751356594285344
7.01576331005873
7.244824925907499
7.320301475075907
7.373909927637862
7.128805857834294
6.976576538477361
7.630031151205632
7.540451852140752
8.310043298466452
7.31142825059978
7.438753246324402
7.783089899453179
7.399237384042285
7.553784524310243
7.126064482545459
7.229064865466342
7.385757556942805
7.23399807998288
7.307137477881247
7.370790547398099
7.731653147565515
7.618867168081126
7.183624099950618
6.675554220374336
7.8649078387873
7.489399712381705
6.989402749929794
8.162655295383498
7.294633193345207
6.968525286436856
7.092399698295776
7.631568106373588
7.187087021932914
8.115458417765227
7.509545612847878
6.981060312991346
7.180532548534613
7.58530126738436
7.230691193601442
6.793674497280445
7.185120344198727
7.172266482716709
6.481999191068105
6.574166304101101
7.708891302048354
7.048271930991716
7.020331135375065
6.812333697201445
7.532401082097708
7.540283488169191
7.212494942998118
7.627392041349205
7.51335413779551
7.47306684445724
7.603817998454064
7.313565349347457
7.175741559643106
8.044680016642472
7.116867811740838
6.913394055765655
7.267444622448152
7.417438455153293
6.542710472046851
6.983647505776184
6.806094035563299
7.274424905851969
7.202703523836263
7.18503661307982
7.140291496693043
7.553255014832406
7.412418297460623
7.851782616236941
6.945379246002591
6.769436293398461
7.166377097341171
7.703432560373828
6.488265924526671
7.432970867083802
7.238373493376165
7.344765473312499
7.438587885411776
7.91001425718399
7.752579094975874
7.677198153817162
7.460664927400599
7.317322551717469
6.960392724745075
7.455204166760423
7.113603287322618
6.984061704452627
6.551100093034589
7.356497142856778
7.353744281132891

Last point and parameters for further simulation:
100
12
0.5
contact

-1.065942590544757
1.61060795468945
-0.5646275415966654
1.263701209267601
2.253429185819686
-1.512647218395506
0.2892876450978929
-0.03005872120973271
1.06249484253387
2.651962415647215
1.100619979362837
1.501093933175855
3.393971455186691
1.278929246102141
-0.77562643128173
-1.007833543023385
-0.8583811375768825
-2.420997178362466
0.5729388898587005
-0.5828067564128112
-0.4100230239353816
-0.03517279533049877
0.5410895474954802
-0.137730247406073
1.297232973388007
0.7971317785010366
0.6614048528637003
0.9678968602092022
0.2786986433104985
0.215702093967339
-0.001428065123631281
1.135224795193321
-0.1934610896067193
1.78573346491021
0.6304737747024682
-3.088791172093856
-1.496971016318548
-0.2632880302395034
2.244644986737473
-0.4752422622174275
2.255688824164664
-3.173704731573179
0.6604604705947155
-1.064028985767482
2.918247089959971
0.2997983265864733
-0.9143208587980558
-0.4866255238091592
-0.6982791414574813
-0.1308392755255898

Final quantities:
8.305262879749343
7.32473777539407
