Number of particles: 100
Nmax: 18
Gamma: 0.5
Interaction type: contact
Step size: 7e-05
Batch size: 200000
Batch count: 75
             Batch number               Average n0          Fluctuations n0                   Energy           Particle count                 Momentum
                        1        4.328512511052527        3.993950775869862        15932.20243946726        100.0000607214974       0.1765560040090222
                        2        3.937606807806807        3.596077601838575        15932.20021230267         100.000053940059       0.1765558372063882
                        3        4.521216124935844        3.927571059260996        15932.19773888273        100.0000465989942       0.1765570002295469
                        4        4.282683117674665        3.871690784389526        15932.19546834109        100.0000397699446       0.1765587877340522
                        5        4.540471091812822        4.025420720578252        15932.19319150966        100.0000328652742       0.1765579363509397
                        6        4.344548182438412        3.931190884206613        15932.19095940768        100.0000261211537       0.1765589091892501
                        7        4.182481888427199        3.663999981541418        15932.18861791812        100.0000190969067       0.1765595466405365
                        8        4.162001571687846        3.981526467787186        15932.18637653235        100.0000122828552       0.1765593590712911
                        9        4.092605359389502        3.719970140375422        15932.18399052953        100.0000051436069       0.1765593869007276
                       10        3.765036778113312        3.390544830587033        15932.18169099968        99.99999822289432       0.1765608076575056
                       11        4.527704479436105        4.092051033192358        15932.17940274137        99.99999129223872       0.1765603456935594
                       12         4.34302210727683        4.093549962068687        15932.17708443733        99.99998431974869        0.176558321453939
                       13        4.540621041221845        4.152482455855438        15932.17470609441        99.99997720314209       0.1765585256686109
                       14        4.548979002836042        4.284064996558218        15932.17240019885        99.99997028805996       0.1765594712267848
                       15          4.1040768064174        3.637314187352386        15932.17002945146        99.99996318594441       0.1765601611413432
                       16        4.546141575035877        4.278430020812535        15932.16757517826        99.99995589274511       0.1765591015003949
                       17        4.237258185696274         3.89755464222145        15932.16532452442        99.99994907610389       0.1765592786891137
                       18         4.40851577773677        4.045685261169461        15932.16308719854         99.9999422667415       0.1765588680839159
                       19        4.542110498542786        4.407186732876905        15932.16084138709        99.99993544397067       0.1765590757299922
                       20        4.188971268356789        3.903900219058908        15932.15837134351        99.99992811578109       0.1765584031987828
                       21        4.704196039774064        4.254176928162137        15932.15595584461        99.99992092791403       0.1765584721688001
                       22        4.157946670990366         4.02476288569571         15932.1536244927        99.99991390200287       0.1765585363660538
                       23        4.275835087488861        3.940344708420147        15932.15126907728        99.99990683512384       0.1765588973828613
                       24        4.430936829044899        4.116339923680437        15932.14882824066        99.99989955513774        0.176557379605633
                       25        4.573230718126634        4.363911007136988        15932.14622847748        99.99989193866541        0.176555373450995
                       26        4.386349231494653         4.17166911584688         15932.1439358096        99.99988498183896       0.1765559589850447
                       27        3.962587413878234        3.626675256012783        15932.14178411768        99.99987836589919       0.1765547703714345
                       28        4.512178157169866        4.016308616271089        15932.13930963412        99.99987106211225        0.176554370695964
                       29        4.450204770125149        4.190638584944993        15932.13705429277        99.99986422820787       0.1765549408349543
                       30        4.519405932668854        4.219250072592483        15932.13477064522        99.99985736354924       0.1765532066719118
                       31        4.568536182943423        4.396008190778018        15932.13234839406        99.99985013082963       0.1765538258266597
                       32        3.822441495255641        3.573832529150704        15932.12995759452        99.99984299011706       0.1765565088173489
                       33        4.280790631504635        3.965367052392811        15932.12748948317        99.99983569068669       0.1765567674753328
                       34        4.168912379738143        3.766433739407859        15932.12509960831        99.99982857394662       0.1765587072771559
                       35        4.482014318617504        4.080200242646856        15932.12268381458        99.99982136077605       0.1765608286303646
                       36        4.395979622516523        4.212183616363594        15932.12017744821         99.9998139600004       0.1765609167940525
                       37        4.392818898360177        4.094795172840491        15932.11781856879        99.99980688471368       0.1765607758725096
                       38         4.71805633965909        4.362725907772652          15932.115461728        99.99979980993713       0.1765599664625732
                       39        4.563644099600518        4.181531917058626        15932.11294189441        99.99979239826511       0.1765628350071324
                       40        4.445666001683293        4.092050319142971        15932.11076689174         99.9997857662957       0.1765633502701416
                       41        4.475658842629691        4.142603170008957        15932.10840033782        99.99977865260779        0.176561994522844
                       42        4.431501749378516        3.856891861078148        15932.10612523639        99.99977174632811       0.1765605930393761
                       43        3.890760495483135        3.381218827581166         15932.1038048941        99.99976474646482       0.1765598660853733
                       44        4.403301980508533        3.995801563438693        15932.10133731955        99.99975743800752       0.1765591893231748
                       45         4.54192006986692        4.023405211421652        15932.09909922635        99.99975062618728       0.1765575403385675
                       46         3.88927976442588        3.622801882634631         15932.0969509027        99.99974403843021       0.1765555627040705
                       47        4.403224772093758        4.213564981964205        15932.09444240298        99.99973665730096       0.1765543715079971
                       48        4.340763265595812        4.045623281894617        15932.09197630581        99.99972933794035       0.1765553246533145
                       49        4.328360242682391        4.122076816312794         15932.0895913776        99.99972222868168       0.1765557321283246
                       50        4.396618511000294        4.163144300697463        15932.08715240464        99.99971497590359       0.1765552072525498
                       51         4.08418151302816        3.615891088711701        15932.08470931049        99.99970769851281       0.1765555257338818
                       52        4.382506686972545        4.044662021129749        15932.08217384019        99.99970020892857       0.1765552728136299
                       53        4.017234023897851        3.917550322925116        15932.07982584861        99.99969315031238       0.1765562620461592
                       54        4.373625674359756        3.928836918978931        15932.07761363449        99.99968642309982        0.176556546975613
                       55        4.457262863802955        4.186951896990427        15932.07510916697        99.99967899388389       0.1765568649587639
                       56        4.267637568613107        3.620328885752025        15932.07294219896        99.99967235623248       0.1765571200187601
                       57         4.42721914952452        4.123335231590376        15932.07043807629        99.99966499210763       0.1765569772362667
                       58        4.553535056413792        4.328054803916496        15932.06790677119        99.99965751263953       0.1765563804502577
                       59        4.366975415416136        3.985410528316178        15932.06554409081        99.99965043035677        0.176556121910771
                       60        3.875363018313611        3.586280662648273        15932.06339005812        99.99964383844772         0.17655627344881
                       61        4.399681801668961        3.962522906113495        15932.06107734602        99.99963687976332       0.1765542238580764
                       62        4.287697211320723        4.079644053757868         15932.0586662818        99.99962969631274        0.176551974074056
                       63         4.77717481978963        4.280426589824503        15932.05628942926        99.99962261948698       0.1765506482449446
                       64        4.512290889264353        4.338508926153151        15932.05393035348        99.99961553808153       0.1765514922805949
                       65        4.150538076469413        3.874647968449395        15932.05166499051        99.99960867566892       0.1765514706612379
                       66        4.056013593556004        3.644728899123262        15932.04951984179         99.9996020761547       0.1765517288513152
                       67        4.678838795870716        4.347252248806142        15932.04715055703        99.99959496634573       0.1765512894066035
                       68        4.540251024146402        4.176587921549055        15932.04468650244        99.99958767670692       0.1765537882601294
                       69        4.205814354675627        3.919416959056663         15932.0424503778          99.999580882256       0.1765547991977492
                       70        4.267915996632754        3.952861470490399        15932.04007949603        99.99957381089017       0.1765563002278014
                       71        4.262198628127654        3.531860766886235         15932.0376775719         99.9995666514727       0.1765552171527176
                       72        4.590963237254379        4.318467888948005        15932.03512540674        99.99955913011675       0.1765580270756111
                       73        4.514850258206477        4.124071210481461        15932.03262473805        99.99955172667006       0.1765581995705361
                       74        3.997503952303953        3.700608613766321        15932.03034751548        99.99954486615918       0.1765596589408212
                       75         4.23313445278177        3.834772876950748        15932.02818391278        99.99953823237294       0.1765598078389878

Final average n0: 4.337841236701498
Final fluctuations n0: 4.007658334002337

Averages:
4.328512511052527
3.937606807806807
4.521216124935844
4.282683117674665
4.540471091812822
4.344548182438412
4.182481888427199
4.162001571687846
4.092605359389502
3.765036778113312
4.527704479436105
4.34302210727683
4.540621041221845
4.548979002836042
4.1040768064174
4.546141575035877
4.237258185696274
4.40851577773677
4.542110498542786
4.188971268356789
4.704196039774064
4.157946670990366
4.275835087488861
4.430936829044899
4.573230718126634
4.386349231494653
3.962587413878234
4.512178157169866
4.450204770125149
4.519405932668854
4.568536182943423
3.822441495255641
4.280790631504635
4.168912379738143
4.482014318617504
4.395979622516523
4.392818898360177
4.71805633965909
4.563644099600518
4.445666001683293
4.475658842629691
4.431501749378516
3.890760495483135
4.403301980508533
4.54192006986692
3.88927976442588
4.403224772093758
4.340763265595812
4.328360242682391
4.396618511000294
4.08418151302816
4.382506686972545
4.017234023897851
4.373625674359756
4.457262863802955
4.267637568613107
4.42721914952452
4.553535056413792
4.366975415416136
3.875363018313611
4.399681801668961
4.287697211320723
4.77717481978963
4.512290889264353
4.150538076469413
4.056013593556004
4.678838795870716
4.540251024146402
4.205814354675627
4.267915996632754
4.262198628127654
4.590963237254379
4.514850258206477
3.997503952303953
4.23313445278177

Fluctuations:
3.993950775869862
3.596077601838575
3.927571059260996
3.871690784389526
4.025420720578252
3.931190884206613
3.663999981541418
3.981526467787186
3.719970140375422
3.390544830587033
4.092051033192358
4.093549962068687
4.152482455855438
4.284064996558218
3.637314187352386
4.278430020812535
3.89755464222145
4.045685261169461
4.407186732876905
3.903900219058908
4.254176928162137
4.02476288569571
3.940344708420147
4.116339923680437
4.363911007136988
4.17166911584688
3.626675256012783
4.016308616271089
4.190638584944993
4.219250072592483
4.396008190778018
3.573832529150704
3.965367052392811
3.766433739407859
4.080200242646856
4.212183616363594
4.094795172840491
4.362725907772652
4.181531917058626
4.092050319142971
4.142603170008957
3.856891861078148
3.381218827581166
3.995801563438693
4.023405211421652
3.622801882634631
4.213564981964205
4.045623281894617
4.122076816312794
4.163144300697463
3.615891088711701
4.044662021129749
3.917550322925116
3.928836918978931
4.186951896990427
3.620328885752025
4.123335231590376
4.328054803916496
3.985410528316178
3.586280662648273
3.962522906113495
4.079644053757868
4.280426589824503
4.338508926153151
3.874647968449395
3.644728899123262
4.347252248806142
4.176587921549055
3.919416959056663
3.952861470490399
3.531860766886235
4.318467888948005
4.124071210481461
3.700608613766321
3.834772876950748

Last point and parameters for further simulation:
100
18
0.5
contact

0.1534897627841099
-0.2013428643069584
-0.7958260086709108
-0.9267699856705353
-0.3335590965407509
-1.126514177172614
0.3174359576854629
0.3085922825047483
-1.978047792189452
0.9569049247544265
-2.530191932512381
1.039884402816865
-0.02229206374869495
0.7262337079897263
-1.924707346605585
1.388197365573465
-1.755339464799067
1.536553752629054
-0.3620953061580158
1.675994673236382
0.05539394518121264
-0.001366365343842631
2.124055317482919
0.5661110277007928
-2.624629073143412
-1.336258473120852
-0.1607141531191507
2.141147202499305
0.01560837398408828
0.5340738461101703
0.5359971380300282
0.9278731032070028
0.5088188885541576
-1.304886654660303
0.6479506987377918
1.155957506046935
1.231047607902535
-0.3280132520600241
-0.264966242502281
-0.5879925115058856
-0.4108943580554363
0.5388290444103313
-0.1612516366367332
-1.105902594686599
1.840154233020189
1.276787157427213
0.07960654762225404
0.5285052604429257
0.4395214325674481
1.328275231980296
1.831481565261658
-1.8584279891872
-0.3118913536618392
-3.044450059396965
-0.03442669629094727
-2.024067122119876
-0.3601736152434649
1.749632892067106
-0.8927709728860904
-1.356020436734977
0.5688902848799199
-1.171701886082475
-0.419580765199892
0.7642226127211676
2.195279520441481
-0.01885803953311992
0.7740748961914554
0.3962453721062258
0.7033026403185714
-0.2861668084080432
0.008844745275141855
-0.469487831485999
0.8150642423163914
-0.3782110902793109

Final quantities:
4.337841236701498
4.007658334002337
