Number of particles: 100
Nmax: 19
Gamma: 0.5
Interaction type: contact
Step size: 7e-05
Batch size: 200000
Batch count: 75
             Batch number               Average n0          Fluctuations n0                   Energy           Particle count                 Momentum
                        1        4.012721156868767        3.856388616399072        17122.89642655615        99.99996170523147      -0.3795420714075783
                        2        3.850871777678791        3.673555437160793        17122.89315470345        99.99995235038082      -0.3795386922043456
                        3        4.161161244822059        3.737588136890539        17122.88994161777         99.9999430655118      -0.3795392255785863
                        4        3.875938792796118        3.619280961387241        17122.88692583197        99.99993423154517      -0.3795403358278406
                        5        3.804908659444778        3.345202870601943        17122.88409244816        99.99992584181642      -0.3795394619985544
                        6        4.074101819573786        4.043735966677438        17122.88087394808        99.99991662183932      -0.3795407764888736
                        7        4.231975236003967        3.925792193779514        17122.87750202991        99.99990703284115      -0.3795401038112374
                        8        4.067579192334835        4.057125463612996        17122.87451538436        99.99989828679635      -0.3795383359913274
                        9        3.994156258998959        3.808557634338665         17122.8712549002        99.99988894714691      -0.3795379606574514
                       10        4.046924258636727         3.67547779032197         17122.8677447613        99.99987910054827      -0.3795390673278725
                       11        4.016202178354246        3.681732069939582        17122.86442697392        99.99986967981951      -0.3795386898578776
                       12        3.896988359856138        3.425320017572732         17122.8613559631        99.99986072429115      -0.3795388608567123
                       13        3.844752985111893        3.722103822661984        17122.85819050495        99.99985162497846      -0.3795389548276162
                       14        3.906431043476565        3.614480082536422        17122.85537442485        99.99984324027382      -0.3795395734034877
                       15        3.541805402540345         3.46131736278301        17122.85239804864        99.99983457313255       -0.379541171064556
                       16        4.196304681410703        4.035955196308756        17122.84910594466        99.99982514927143      -0.3795366898757173
                       17        4.189924445803009         3.80566367187534        17122.84595464358         99.9998160588712      -0.3795368385969091
                       18         3.99823665528707         3.78139950388247        17122.84304037069        99.99980751457647       -0.379538002056286
                       19        4.454114142847958        4.281920655995232        17122.83965666479        99.99979788859027      -0.3795376582839438
                       20        3.848940047963529        3.598351988824996        17122.83672487039        99.99978923967477      -0.3795354512929805
                       21        4.186829176920555        3.775762631441792        17122.83355521392        99.99978010171745      -0.3795366556155457
                       22        3.871649572798382         3.70198382555053        17122.83023807194        99.99977060673071      -0.3795344312520506
                       23         4.11384172541019        3.914190266369687        17122.82695559148        99.99976123592634      -0.3795350014351229
                       24        4.087944427314451        3.589087183405924        17122.82396409877        99.99975250928996      -0.3795345642231496
                       25        3.948287820126687        3.602897318172682        17122.82061749814        99.99974305806705      -0.3795343023972713
                       26        4.337861925002588        3.915211737178539        17122.81729690014        99.99973356235479      -0.3795368145081426
                       27        4.011048273602431         3.75873905632909        17122.81389534011        99.99972394024427      -0.3795391593754367
                       28        3.962266376867747        3.563697360495461        17122.81101629724        99.99971545477356      -0.3795393343600608
                       29        4.118376857351285        3.794560574738819        17122.80779441343        99.99970618294765      -0.3795415520283356
                       30        3.806254925010392        3.547434125247242        17122.80486940586        99.99969758615983      -0.3795430721841342
                       31        3.550838092100812        3.402204663220338        17122.80204958234        99.99968921700454       -0.379543598128973
                       32        3.984880296407947        3.474058938178378        17122.79882644352        99.99967995493077      -0.3795414365319232
                       33        3.821420839780959        3.409388597265825        17122.79566867473        99.99967081842264      -0.3795396979962007
                       34        4.183806753292787         3.69551341574539        17122.79235872582        99.99966140160591       -0.379536160896476
                       35        3.676514382267093         3.46946314796123        17122.78943650121        99.99965280272065      -0.3795368397845493
                       36        3.775764272440839         3.59029607410975        17122.78609888247        99.99964332751054       -0.379534671668555
                       37        4.343925438633153        3.841747622327219        17122.78281142475        99.99963392118023      -0.3795352677739139
                       38        3.776619731107879        3.516405263434151        17122.77933886192          99.999624158535      -0.3795408395571371
                       39        3.881454834666213        3.686979033544485        17122.77612471403        99.99961491800723      -0.3795415386222949
                       40        4.168137357985565        4.024117572728738        17122.77271936893        99.99960530037855       -0.379539649428871
                       41        4.045078023430094         3.75762629297212        17122.76958113818        99.99959624758881       -0.379538865463509
                       42        4.099295279731382         3.74917207941751        17122.76666605081        99.99958768381745      -0.3795373126465904
                       43        4.186416043393523        3.818586845020815        17122.76364073015        99.99957883538545      -0.3795354002061995
                       44        3.577326114056302        3.394658405736569        17122.76033964002        99.99956942214166       -0.379535497602479
                       45        4.561685999401281        4.237876460590459        17122.75704657904        99.99956001963807      -0.3795335326683897
                       46        3.656105161041813         3.37064268011845        17122.75411834741        99.99955144091604      -0.3795365225667915
                       47        4.079108915605171        3.834905989501614        17122.75099921729        99.99954237884322      -0.3795366938953411
                       48        3.561105341762635         3.44818658479118        17122.74795965428        99.99953352779291      -0.3795382913203618
                       49        3.936239606413712        3.548082061044104        17122.74469435689        99.99952417663022      -0.3795373529361239
                       50        3.886494403006802        3.653108322159832         17122.7415958811        99.99951519084141       -0.379539514836658
                       51        4.261656175481001        3.903212299065676        17122.73821439262        99.99950558572306      -0.3795427777186902
                       52        4.335805281711653        4.056633225583935        17122.73500578534           99.99949636193      -0.3795422606836389
                       53        4.072507938074901        3.883928051621206        17122.73172469893        99.99948699118958      -0.3795430048564299
                       54        3.601311945597961        3.471017248284765        17122.72864538075        99.99947809251263      -0.3795424861386181
                       55        4.056713890044067        3.673177088921781        17122.72566052903        99.99946939851178      -0.3795424298760679
                       56        3.384072630214229         3.36290180112219        17122.72268177961        99.99946069230893      -0.3795420793082371
                       57        3.682688174208816        3.430792790849795        17122.71958200252        99.99945167519309       -0.379541768010931
                       58        3.982890869224931        3.564556819165445        17122.71631643235        99.99944235065537      -0.3795438967725051
                       59         4.02040981911654         3.85110261006091        17122.71306163118        99.99943308404944      -0.3795468791672434
                       60        4.150902055086932        3.790879316369319        17122.70986708756         99.9994238665162      -0.3795483214124893
                       61        4.067977202521206        3.772537823144808        17122.70701814444        99.99941542764927      -0.3795487421451575
                       62        4.439272952457388        3.985088954185102        17122.70367154785        99.99940588828747      -0.3795507516219132
                       63        3.992602887809594        3.795448407222816        17122.70049470634        99.99939668976293      -0.3795502883832924
                       64        3.778870344807961        3.464756024983028        17122.69738374428        99.99938763269756      -0.3795491613146789
                       65        3.730096328758174        3.458938440742862        17122.69430173545         99.9993786778159      -0.3795511551616859
                       66        4.229542305161707        3.843955241957773         17122.6911320367        99.99936952439346      -0.3795488248034715
                       67        4.049287994466969         3.81094942537513        17122.68806475245        99.99936058824856      -0.3795493863221928
                       68        3.696158820177113        3.656462707005042        17122.68486440071        99.99935138772197      -0.3795450224959502
                       69        3.965103240079554        3.711948288432609         17122.6816237245        99.99934209792195      -0.3795460898128269
                       70        3.785096105035723        3.490462034956992        17122.67854378826        99.99933316333859      -0.3795489054358079
                       71        3.576410385585069        3.219987673466107        17122.67563193212        99.99932461162626      -0.3795476001574301
                       72        3.993712756704364        3.693292281240021        17122.67266581423        99.99931589656143      -0.3795480067495314
                       73        4.025054278894576        3.673703478098092        17122.66943688397        99.99930666480904      -0.3795469297717915
                       74        3.927916788350298        3.799014267732142        17122.66640201145        99.99929779672159      -0.3795469794443491
                       75        3.717386045580002        3.549162065105082        17122.66360856142        99.99928952496683      -0.3795468297718507

Final average n0: 3.969787513625221
Final fluctuations n0: 3.708692537836842

Averages:
4.012721156868767
3.850871777678791
4.161161244822059
3.875938792796118
3.804908659444778
4.074101819573786
4.231975236003967
4.067579192334835
3.994156258998959
4.046924258636727
4.016202178354246
3.896988359856138
3.844752985111893
3.906431043476565
3.541805402540345
4.196304681410703
4.189924445803009
3.99823665528707
4.454114142847958
3.848940047963529
4.186829176920555
3.871649572798382
4.11384172541019
4.087944427314451
3.948287820126687
4.337861925002588
4.011048273602431
3.962266376867747
4.118376857351285
3.806254925010392
3.550838092100812
3.984880296407947
3.821420839780959
4.183806753292787
3.676514382267093
3.775764272440839
4.343925438633153
3.776619731107879
3.881454834666213
4.168137357985565
4.045078023430094
4.099295279731382
4.186416043393523
3.577326114056302
4.561685999401281
3.656105161041813
4.079108915605171
3.561105341762635
3.936239606413712
3.886494403006802
4.261656175481001
4.335805281711653
4.072507938074901
3.601311945597961
4.056713890044067
3.384072630214229
3.682688174208816
3.982890869224931
4.02040981911654
4.150902055086932
4.067977202521206
4.439272952457388
3.992602887809594
3.778870344807961
3.730096328758174
4.229542305161707
4.049287994466969
3.696158820177113
3.965103240079554
3.785096105035723
3.576410385585069
3.993712756704364
4.025054278894576
3.927916788350298
3.717386045580002

Fluctuations:
3.856388616399072
3.673555437160793
3.737588136890539
3.619280961387241
3.345202870601943
4.043735966677438
3.925792193779514
4.057125463612996
3.808557634338665
3.67547779032197
3.681732069939582
3.425320017572732
3.722103822661984
3.614480082536422
3.46131736278301
4.035955196308756
3.80566367187534
3.78139950388247
4.281920655995232
3.598351988824996
3.775762631441792
3.70198382555053
3.914190266369687
3.589087183405924
3.602897318172682
3.915211737178539
3.75873905632909
3.563697360495461
3.794560574738819
3.547434125247242
3.402204663220338
3.474058938178378
3.409388597265825
3.69551341574539
3.46946314796123
3.59029607410975
3.841747622327219
3.516405263434151
3.686979033544485
4.024117572728738
3.75762629297212
3.74917207941751
3.818586845020815
3.394658405736569
4.237876460590459
3.37064268011845
3.834905989501614
3.44818658479118
3.548082061044104
3.653108322159832
3.903212299065676
4.056633225583935
3.883928051621206
3.471017248284765
3.673177088921781
3.36290180112219
3.430792790849795
3.564556819165445
3.85110261006091
3.790879316369319
3.772537823144808
3.985088954185102
3.795448407222816
3.464756024983028
3.458938440742862
3.843955241957773
3.81094942537513
3.656462707005042
3.711948288432609
3.490462034956992
3.219987673466107
3.693292281240021
3.673703478098092
3.799014267732142
3.549162065105082

Last point and parameters for further simulation:
100
19
0.5
contact

-0.1263161587005182
-0.5771300874605876
-0.214310387598898
-0.2156812167605971
-0.2341996152120025
0.2964672684343295
0.146702373613013
0.2634507114094559
-0.9193631861931695
0.3318367295878571
-3.495802893854335
-2.38146920557035
-0.6084601270164552
-1.304385147067252
-1.226461807759257
1.006514821366625
1.727907019411542
1.706940818366952
-0.2354366691698506
-0.1113458593596148
-0.949344476419142
0.614985064552624
-1.108681358142161
0.7309885433666108
0.2122001950647139
-0.7308177864854299
-0.5061781382034141
0.8285202298703044
-1.375075774122159
1.859357279747884
0.1578437189607108
-2.204804130311321
0.1353856860481698
0.3991917307678783
-2.349065943263377
1.637706389723808
0.9894910337941868
1.303406779471598
-0.1298467435375131
0.4462834280162334
-0.4684183200381336
-0.903284853771399
0.01895188422231782
-0.0365699006066539
-0.2519633550328851
1.584877456825399
0.6843761870877075
0.666790820670771
-3.005325517180101
1.705481322869135
1.521461136870296
0.8939543792038258
0.3679502722856801
-1.049945095128731
0.9270865156668251
0.4029987629313588
1.013100899699616
0.2418846052352107
1.708837597984919
-2.203995427529173
0.2857474238419687
1.168494476183617
1.024411455978852
1.169214759781491
-0.3009176535109477
0.3513520944654634
1.253825418797158
0.311388242754005
1.739003253904015
-0.3388728508049749
-1.277760956498263
0.03915315402386881
-0.0581153778065242
0.897540579881519
-0.6448441398401894
-0.6964863281517726
-0.6762339060500973
0.6788182225391703

Final quantities:
3.969787513625221
3.708692537836842
