Number of particles: 100
Nmax: 20
Gamma: 0.5
Interaction type: contact
Step size: 7e-05
Batch size: 200000
Batch count: 75
             Batch number               Average n0          Fluctuations n0                   Energy           Particle count                 Momentum
                        1        3.437722686955285        3.168859913531639        18367.10271970943        99.99987073278109      0.03352632809488343
                        2        4.029069604948596        3.834490556139606        18367.09800102083        99.99985786543635      0.03352902117514667
                        3        4.139670044104109        3.624006229909692        18367.09330988375        99.99984513036758      0.03352657011687654
                        4        3.592405286025926        3.169460961094632         18367.0893876767        99.99983406954664      0.03352757643140158
                        5        3.760701182953476        3.407318068676557        18367.08508450865        99.99982223148056      0.03352798528018752
                        6        4.193577662943202        3.930003016450867        18367.08056557407        99.99980983314379      0.03352763409989734
                        7        3.785464548779772        3.833507629484507        18367.07624244048        99.99979784436805      0.03352456268219584
                        8        3.416427430660845         3.03429140360543        18367.07216138146          99.999786442767      0.03352231636530334
                        9        3.837372514494973        3.548499220677485        18367.06751890225        99.99977382332622      0.03352248189775864
                       10        3.632448687289804        3.363658575193603        18367.06324343662        99.99976193457512      0.03352089861602892
                       11        3.784773612978325        3.372323748626318        18367.05941151327        99.99975100962126      0.03352000215183004
                       12        3.711219223264453        3.305802822553912        18367.05482633044        99.99973850920108      0.03352132818585574
                       13        3.625524161209303        3.241231074095148        18367.05067665901         99.9997269450253      0.03352247757030113
                       14        3.751777658437061        3.566918058840522        18367.04664749963        99.99971556755314      0.03352176515430472
                       15        3.522134671925092        3.370507041304918        18367.04246109568        99.99970393679691      0.03352032222116108
                       16        3.787547557323353        3.378303801134499         18367.0379139705        99.99969149574724      0.03351858442541733
                       17        3.450237875748026        3.248742208527795         18367.0338531196        99.99968007872081      0.03351834990061775
                       18        3.695586519699872        3.410360402569613        18367.02967333149        99.99966841162983       0.0335181909455109
                       19        3.422506754244822        3.150457621269506        18367.02524857436        99.99965619406935      0.03351590858109788
                       20        3.547777475183033         3.21356329400781        18367.02110369121        99.99964457971106      0.03351802453675035
                       21        3.887710680797513        3.674945994857919        18367.01677486905        99.99963260409571      0.03351759595542347
                       22        3.679278329390621        3.399667862295869        18367.01263387939         99.9996210072505       0.0335176288797463
                       23        3.719665218145909        3.498341402982523         18367.0082394021        99.99960886568905      0.03351799222168594
                       24        3.907645498589985         3.94650992816017        18367.00396024282        99.99959697033673      0.03351978359424379
                       25        3.193865022440929        3.076721023290616        18367.00010617499        99.99958605289821      0.03351815457071616
                       26        3.443106134942263        3.174521960154333        18366.99624301993        99.99957510208706      0.03352042385144038
                       27        3.990288703012216        3.859399032544836         18366.9918765287        99.99956305603762       0.0335219310793704
                       28        3.684498863800343        3.470228015622361        18366.98760065855        99.99955118136316      0.03352291145579933
                       29        3.627899448993743        3.479081039653937        18366.98368075665        99.99954004260269      0.03352551689497396
                       30        3.523651362552283         3.39824002311208        18366.97950117959         99.9995283787289      0.03352709887643002
                       31        3.902691134279738        3.593734235022612        18366.97507687039        99.99951619306565      0.03352693131522244
                       32        3.662424064544213        3.550628522766929        18366.97096014165        99.99950460632139      0.03352680909825523
                       33         3.60510848258515        3.353236353681591        18366.96715418724        99.99949371542144      0.03352563856474688
                       34        3.495466163954903        3.337019653654278        18366.96279112169        99.99948169018299      0.03352603859674019
                       35        3.788149679526577        3.536918513444191        18366.95814126954         99.9994690834864        0.033526140366682
                       36        3.625202704976061        3.365656724637351        18366.95371827577        99.99945687045235      0.03352279823359083
                       37         3.70828644935085        3.534735732021213        18366.94961433871        99.99944533440643      0.03352579353643748
                       38        3.815868271294559        3.468662988565632        18366.94512158058        99.99943306994128      0.03352475011960987
                       39        4.020570931847504        3.894889705446033        18366.94077833506        99.99942112696944      0.03351947790844889
                       40        3.654189489989629        3.490167798495772        18366.93680159105        99.99940997896503      0.03351976154012704
                       41        3.469223087635927         3.14530484112462        18366.93260958579        99.99939826915549      0.03352028743621105
                       42        3.662378238808809        3.426502882560399        18366.92848431366        99.99938671009092      0.03352147668723049
                       43        3.819217992065541        3.492948811647493        18366.92394810423        99.99937432688968      0.03351776865496703
                       44         3.92645741181197        3.575550122764655         18366.9198655844        99.99936294459731      0.03351867334427538
                       45        3.375924360655335        3.284191181392317         18366.9157798625        99.99935152078373       0.0335172509397168
                       46        4.011184032005188        3.496686998542593         18366.9114959662        99.99933963782925      0.03351494375728947
                       47        3.618969092250722        3.507596033289377        18366.90738353535         99.9993280787475      0.03351604049415613
                       48        3.308758212191222        3.050716432055138        18366.90357498348         99.9993172378346      0.03351454154163847
                       49        3.194207891864128        3.080957177492037        18366.89996999205         99.9993068418309        0.033512042169761
                       50        3.437845502771326        3.333016020585733        18366.89595202983        99.99929553303771      0.03351152890982689
                       51        3.432836044083471        3.217166783748532        18366.89189678372        99.99928414253948      0.03351520925608042
                       52        4.184799897353778         3.65373929928234        18366.88805796031          99.999273147577      0.03351612378703805
                       53        3.793059435541391        3.611492084116123        18366.88384426714        99.99926143904081      0.03351753113283529
                       54        3.380390464639224        2.966995843142965        18366.88032625533        99.99925120601647      0.03351649348651797
                       55        3.703354922174653        3.574379318210374        18366.87613726871        99.99923952140198      0.03351604977080314
                       56        3.873889168742364        3.697419206252174        18366.87216314785        99.99922827948282      0.03351517912569335
                       57        3.527414095746237        3.352722922685436        18366.86822277393        99.99921712180914      0.03351406221580078
                       58        3.871652666684876        3.605204969235628        18366.86425353327        99.99920590883293      0.03351045766312666
                       59        3.742551828065957        3.468987913856186        18366.85948099777        99.99919306151861      0.03351009827474627
                       60        3.372336540049002        3.482201825688576         18366.8554270809         99.9991817456373      0.03350619722287007
                       61        3.458012932309167        3.178245089661987         18366.8511493346        99.99916983666034      0.03350801939264869
                       62        3.562058367823594        3.169040278815144        18366.84708949732        99.99915848480418      0.03350447184354444
                       63        3.949833779690572        3.676421026722647        18366.84294427701        99.99914686811768      0.03350544292418789
                       64        4.082872050983713        3.905704121908299        18366.83851960329        99.99913466875547      0.03350687918072026
                       65        4.235492069550025        3.693971284267115        18366.83397844285        99.99912224041576      0.03351024692332905
                       66        3.730180389970026        3.388304662587572        18366.83013505794        99.99911126250842      0.03350776397293487
                       67        3.946084318292848        3.606657042737774        18366.82612604974        99.99909993275784      0.03351013612649645
                       68        3.599011904057078        3.472394720533316          18366.821637749         99.9990875733936      0.03351140785629525
                       69        3.489297161439043        3.240291543338544        18366.81729939663        99.99907560251735      0.03351218646954357
                       70        3.558439378321283         3.33035669131002        18366.81321669231        99.99906413673469      0.03351540777259743
                       71        3.701816443503037        3.479825334503724        18366.80893989596         99.9990522613314       0.0335137171361346
                       72        3.778235873937756        3.425481943770882        18366.80467122921        99.99904048917081      0.03351076651521723
                       73        3.793844342024944        3.452939723968897         18366.8004846856        99.99902882337199      0.03350868801810947
                       74        4.011441501090862        3.730921117115217          18366.796496472        99.99901758926997      0.03350998897636703
                       75        3.573027827319372        3.142955508022211         18366.7923135274        99.99900587283955      0.03351643763299705

Final average n0: 3.696474813595184
Final fluctuations n0: 3.457575478991845

Averages:
3.437722686955285
4.029069604948596
4.139670044104109
3.592405286025926
3.760701182953476
4.193577662943202
3.785464548779772
3.416427430660845
3.837372514494973
3.632448687289804
3.784773612978325
3.711219223264453
3.625524161209303
3.751777658437061
3.522134671925092
3.787547557323353
3.450237875748026
3.695586519699872
3.422506754244822
3.547777475183033
3.887710680797513
3.679278329390621
3.719665218145909
3.907645498589985
3.193865022440929
3.443106134942263
3.990288703012216
3.684498863800343
3.627899448993743
3.523651362552283
3.902691134279738
3.662424064544213
3.60510848258515
3.495466163954903
3.788149679526577
3.625202704976061
3.70828644935085
3.815868271294559
4.020570931847504
3.654189489989629
3.469223087635927
3.662378238808809
3.819217992065541
3.92645741181197
3.375924360655335
4.011184032005188
3.618969092250722
3.308758212191222
3.194207891864128
3.437845502771326
3.432836044083471
4.184799897353778
3.793059435541391
3.380390464639224
3.703354922174653
3.873889168742364
3.527414095746237
3.871652666684876
3.742551828065957
3.372336540049002
3.458012932309167
3.562058367823594
3.949833779690572
4.082872050983713
4.235492069550025
3.730180389970026
3.946084318292848
3.599011904057078
3.489297161439043
3.558439378321283
3.701816443503037
3.778235873937756
3.793844342024944
4.011441501090862
3.573027827319372

Fluctuations:
3.168859913531639
3.834490556139606
3.624006229909692
3.169460961094632
3.407318068676557
3.930003016450867
3.833507629484507
3.03429140360543
3.548499220677485
3.363658575193603
3.372323748626318
3.305802822553912
3.241231074095148
3.566918058840522
3.370507041304918
3.378303801134499
3.248742208527795
3.410360402569613
3.150457621269506
3.21356329400781
3.674945994857919
3.399667862295869
3.498341402982523
3.94650992816017
3.076721023290616
3.174521960154333
3.859399032544836
3.470228015622361
3.479081039653937
3.39824002311208
3.593734235022612
3.550628522766929
3.353236353681591
3.337019653654278
3.536918513444191
3.365656724637351
3.534735732021213
3.468662988565632
3.894889705446033
3.490167798495772
3.14530484112462
3.426502882560399
3.492948811647493
3.575550122764655
3.284191181392317
3.496686998542593
3.507596033289377
3.050716432055138
3.080957177492037
3.333016020585733
3.217166783748532
3.65373929928234
3.611492084116123
2.966995843142965
3.574379318210374
3.697419206252174
3.352722922685436
3.605204969235628
3.468987913856186
3.482201825688576
3.178245089661987
3.169040278815144
3.676421026722647
3.905704121908299
3.693971284267115
3.388304662587572
3.606657042737774
3.472394720533316
3.240291543338544
3.33035669131002
3.479825334503724
3.425481943770882
3.452939723968897
3.730921117115217
3.142955508022211

Last point and parameters for further simulation:
100
20
0.5
contact

-0.6068904468444649
0.8710447491604034
0.6120223463703829
-0.3176447721195029
-0.7238236355159029
0.571284978416525
0.4500091514612451
0.2476052608018999
1.411706200763603
-0.1364636983064046
-0.3083350057348882
1.982837819688527
1.056918646831904
-0.3345924302493641
0.3977341884561176
-1.356541330004359
-1.820120961183215
-1.698152011019367
1.131250652662361
2.239400692468557
-0.3317948825813893
0.7285017953620195
2.03104883480595
-1.806812636226431
-1.951616081547149
0.9819407725400389
-0.4799254143739046
0.4364631936723991
-2.365209395653637
0.1515709898509283
-0.5734883050968109
1.654445743717353
0.3634708691711916
-1.329823972797997
-0.1021553141643557
0.3951314315801762
-0.4109232861853507
-0.2120576960887765
-0.9899095563883131
-0.1354675397637464
1.201304264042914
-0.4594702919290503
-0.8148426641459799
-0.9347105186442053
-2.269624976262599
-2.004894990326695
-0.500909630235451
-0.2754048792677628
1.434924330233692
0.9203830508184045
-0.1534999700017073
-0.618759508075389
0.3875225783046343
0.01443906328979666
0.529541868498611
0.07925580715727262
-0.06533827476911987
1.695327582488631
-0.1998201000140883
1.923369629274547
0.02864205382693746
1.298703446358146
-2.08637921477263
0.8377851579592502
-0.05657298298174695
-0.9009962931004647
-1.474714763516342
0.4655767770902594
-1.931138578973363
1.558935835347378
-1.603380668628503
0.9257219362458681
0.7748198806239138
1.738415390753606
0.4404215711065462
0.7721661319227608
0.4283251692450443
-0.09412512164541065
-0.3146757051707962
1.581143438035375
-0.06661291744770827
0.7329702021621833

Final quantities:
3.696474813595184
3.457575478991845
