Number of particles: 100
Nmax: 22
Gamma: 0.5
Interaction type: contact
Step size: 5e-05
Batch size: 200000
Batch count: 50
             Batch number               Average n0          Fluctuations n0                   Energy           Particle count                 Momentum
                        1        3.620559630095429        3.383555738504964        20954.60705778206        99.99997641190245      0.08139855678272312
                        2        3.094069846244092        2.777558531299394        20954.60617973265        99.99997404476058      0.08139885894295773
                        3        3.191770742335061        2.906212733828998        20954.60538901883        99.99997185778859      0.08139891433565816
                        4        3.226265276165242        2.939567471010618         20954.6045424674        99.99996956300022      0.08139921720929166
                        5        3.716773769659933        3.488794954761091        20954.60355293705        99.99996699218555      0.08139962132309719
                        6        3.355613112553353        3.159327967331079        20954.60262120116        99.99996453877388      0.08139982228697207
                        7        3.408243635829429        3.050100431577245        20954.60172924983        99.99996214127022       0.0814004380923592
                        8        3.386964904483359        3.220510759231024        20954.60088762069        99.99995983017419      0.08140096141384845
                        9        3.027695072766115        2.800065103628107        20954.60005000806        99.99995753756892      0.08140067586251121
                       10        3.102389328994837        3.076467141308692        20954.59913974926        99.99995510637432       0.0814008286048562
                       11        3.053950701381906        2.848197316795418        20954.59828964808        99.99995278978189      0.08140013467469842
                       12        3.010403673148007        2.722104653228942        20954.59741373592        99.99995040367881      0.08139936812050586
                       13        3.017585235146098        2.868010099952176        20954.59652156408        99.99994801085121      0.08140036819938246
                       14        3.231747324958684        3.093653383646068        20954.59561326904        99.99994559267367      0.08140133852616493
                       15        2.852471318163101        2.694889480851559        20954.59472944559         99.9999432492543      0.08140153868500022
                       16        3.680288167796128        3.452388991946553         20954.5939061148        99.99994098627418      0.08140102549729988
                       17        3.176397643744033        2.957224420316129         20954.5930497121        99.99993866001296      0.08140086720714734
                       18         3.35554568643775        3.007690127601116        20954.59213683572        99.99993623542478       0.0814010262089262
                       19        3.003388815892467         2.72804244467503        20954.59123073585        99.99993378695736      0.08140092882148053
                       20        3.045461674819673        2.975017223835907         20954.5902898716        99.99993132149442      0.08140113758242506
                       21        3.243220323309168        3.101580631726411        20954.58941981248        99.99992900864405      0.08140145625873885
                       22        3.379544609916938        3.186996013130435        20954.58854425162        99.99992664780106      0.08140183999166695
                       23        3.279037741111147        3.074264383301945         20954.5875160231        99.99992400161257      0.08140220610186333
                       24        3.553979251240243        3.173441358238539        20954.58655532858        99.99992148897269      0.08140187143128585
                       25        3.472613726798499         3.39647834797008        20954.58552619608        99.99991883956626      0.08140216933623812
                       26        3.211866362838294        2.987694537522902        20954.58473135512        99.99991664834752      0.08140182369767501
                       27        3.293687904921383          3.1399763386444        20954.58385743087        99.99991428905301      0.08140159654857371
                       28        3.034164892918966        2.935958835914778        20954.58300659859        99.99991198496222      0.08140155625144985
                       29        3.375385125605578        3.161760278154761        20954.58225033766        99.99990985887062      0.08140115507161028
                       30        3.433769355675332        3.391040301926155        20954.58135428637        99.99990745267478      0.08140102774379443
                       31        3.277925951816687        2.953638699451919         20954.5803939957        99.99990493070172      0.08140066358227571
                       32        3.551494406458364         3.31637906292853        20954.57943493961        99.99990241732237       0.0814010560393541
                       33        3.133199820063669        2.898445897634983        20954.57861674912        99.99990016301712      0.08140019722703329
                       34        3.396626165349852        3.322613250413222        20954.57771483427        99.99989774822487      0.08139984819111135
                       35        2.935703029527248        2.683007368147469        20954.57674495076        99.99989522097759      0.08139988499576489
                       36        3.082293076957677        2.726377388931736        20954.57591763975        99.99989296200067      0.08139937649433548
                       37        3.685298789530082        3.254593908316371        20954.57504504972         99.9998905946581      0.08139961977738253
                       38        3.252143182281745        3.015991236397302        20954.57420451971        99.99988831125198      0.08140001923742091
                       39        3.545662634309054         3.14108290922933        20954.57324430432        99.99988576903371      0.08139939252370176
                       40        3.577854265715455         3.18656706203159        20954.57224345021        99.99988316061611      0.08139900131938305
                       41        3.060920871471275        2.871997767474753        20954.57138167764        99.99988081861585      0.08139879898690516
                       42        3.307899221903547        3.197030872364531        20954.57046436759        99.99987837028681      0.08139911622635942
                       43         3.15501629862549        2.837367199757992        20954.56958833386        99.99987600071155      0.08139935216372507
                       44        3.076107216299283        2.897486378057667        20954.56864797664        99.99987352962172      0.08139882406260668
                       45        3.208515981852457        3.017627847989598        20954.56780877674        99.99987123302097      0.08139879164469477
                       46        3.252914483481048        3.006631821582717        20954.56683240704         99.9998686699289      0.08139883224523459
                       47        3.122732341219632        2.926367807296878        20954.56586637903        99.99986612436479      0.08139933690801726
                       48         3.50242512475347        3.168131886018313        20954.56487751098        99.99986354915109      0.08139942646659448
                       49         3.13814435318536        3.018132165018616        20954.56390089313        99.99986099397982      0.08139971096290033
                       50        3.791439956454182        3.507742462004904        20954.56314652866        99.99985887880551      0.08139994536430351

Final average n0: 3.277783440524117
Final fluctuations n0: 3.06831968989427

Averages:
3.620559630095429
3.094069846244092
3.191770742335061
3.226265276165242
3.716773769659933
3.355613112553353
3.408243635829429
3.386964904483359
3.027695072766115
3.102389328994837
3.053950701381906
3.010403673148007
3.017585235146098
3.231747324958684
2.852471318163101
3.680288167796128
3.176397643744033
3.35554568643775
3.003388815892467
3.045461674819673
3.243220323309168
3.379544609916938
3.279037741111147
3.553979251240243
3.472613726798499
3.211866362838294
3.293687904921383
3.034164892918966
3.375385125605578
3.433769355675332
3.277925951816687
3.551494406458364
3.133199820063669
3.396626165349852
2.935703029527248
3.082293076957677
3.685298789530082
3.252143182281745
3.545662634309054
3.577854265715455
3.060920871471275
3.307899221903547
3.15501629862549
3.076107216299283
3.208515981852457
3.252914483481048
3.122732341219632
3.50242512475347
3.13814435318536
3.791439956454182

Fluctuations:
3.383555738504964
2.777558531299394
2.906212733828998
2.939567471010618
3.488794954761091
3.159327967331079
3.050100431577245
3.220510759231024
2.800065103628107
3.076467141308692
2.848197316795418
2.722104653228942
2.868010099952176
3.093653383646068
2.694889480851559
3.452388991946553
2.957224420316129
3.007690127601116
2.72804244467503
2.975017223835907
3.101580631726411
3.186996013130435
3.074264383301945
3.173441358238539
3.39647834797008
2.987694537522902
3.1399763386444
2.935958835914778
3.161760278154761
3.391040301926155
2.953638699451919
3.31637906292853
2.898445897634983
3.322613250413222
2.683007368147469
2.726377388931736
3.254593908316371
3.015991236397302
3.14108290922933
3.18656706203159
2.871997767474753
3.197030872364531
2.837367199757992
2.897486378057667
3.017627847989598
3.006631821582717
2.926367807296878
3.168131886018313
3.018132165018616
3.507742462004904

Last point and parameters for further simulation:
100
22
0.5
contact

-0.7500131848412765
1.308195926356504
-0.7635851822474866
0.4716169692910371
0.8930355046852871
0.6670102737738803
-0.4305727077171476
-0.3540189583298305
1.590210693573784
1.091747711499716
1.031839534580069
-0.868239859941013
1.661189558751442
0.3838319314687632
-0.9663339604458573
1.283253557646778
0.5921831905060565
-0.05361617366361553
1.981878822526354
0.2367882362693358
0.6357737429003045
-1.433422986367558
0.002729477289959842
-0.2664332557661896
-0.3835005143290188
0.5124430185325124
-0.9421886527833581
-0.4895951541922063
0.7756414661582232
-1.000267358222176
0.2371785569215797
0.4249914506005564
-1.411457370001183
-1.393597924798447
0.3477192890517348
-0.2044875873634279
0.1503506147333704
0.6995456720073477
-1.62018582913376
0.7235204433697543
0.8723698662939123
1.435944772462969
0.2630533016613346
0.1274505200750951
0.4367748756332827
-0.2100547034850784
0.9000198973069198
0.7110112295150666
-1.117047824236746
1.370038878314984
-0.8444745247788747
-0.3927460255365935
-0.001019618154956215
-0.9478271345327783
-0.2096521414666256
0.8139156245285205
-0.776192185707953
-2.080727637415219
-1.667338938158132
-1.354937181448419
-0.2984991586985852
-1.357157258779227
-0.5340408479471737
-0.9884452950552051
2.74503142379703
-0.08968519243166229
-0.8457496217543654
-1.36500001540428
-1.660451298922674
2.28600616040998
0.04878075599296555
0.04646529030078417
-0.110201110846682
1.669990156262907
-2.61384952131846
-1.19596516955975
1.321024544310958
-1.102042119652968
0.5085504588791901
0.4532961734249613
0.3023974721139496
1.733087893686646
-1.559916789370927
-0.4782590616003954
-1.327092597461984
-0.2991074494253785
-0.7098520774485588
-1.652432966652578
-0.2345640715734674
0.2218256064018241

Final quantities:
3.277783440524117
3.06831968989427
