Number of particles: 100
Nmax: 23
Gamma: 0.5
Interaction type: contact
Step size: 5e-05
Batch size: 200000
Batch count: 50
             Batch number               Average n0          Fluctuations n0                   Energy           Particle count                 Momentum
                        1        2.813300372271007        2.715581505109246        22342.12219590475        99.99996119084625      -0.1238001021594357
                        2        3.156979849911936        3.018858225025178        22342.12105161825        99.99995817807846      -0.1238001619096707
                        3        3.256996112736187        3.043092577168711        22342.12003334403        99.99995541905285      -0.1238005857085138
                        4        3.159023029222502        2.847940641087495        22342.11907046372        99.99995277000789      -0.1238009172372543
                        5        3.213647440668518        2.884872257840671        22342.11791674494        99.99994978590361      -0.1238009206926876
                        6        3.099480490830764        2.867219121685695        22342.11684889949        99.99994691416195      -0.1238012668457316
                        7        3.316600931420075        3.010449450660244        22342.11574945857         99.9999439830524      -0.1238013028099649
                        8        2.976728292128767        2.772363692246559        22342.11472954535        99.99994121686264      -0.1238012956088816
                        9        3.001264610829166        2.932206525980893        22342.11368500205        99.99993838437177      -0.1238015566226274
                       10        3.052067581517415        2.988669373224874         22342.1125436792        99.99993535093459      -0.1238005350024949
                       11        3.158736753577912          2.8665113147857        22342.11144217733         99.9999324045646      -0.1237999923586059
                       12         3.35705231615154        3.050874541181446        22342.11041683809        99.99992960495393      -0.1237997636829924
                       13        2.996095552279676        2.792938845544672         22342.1094106114        99.99992684920608      -0.1237997617081277
                       14        3.002186995443987        2.700337104766618        22342.10828207744        99.99992385921047      -0.1238006938541858
                       15        3.267866437338043        2.916606826611544        22342.10723405531        99.99992101958571      -0.1238005602245025
                       16        3.211342425808718        3.209111694059664        22342.10598719924        99.99991782268188      -0.1238007184996173
                       17        3.083061369701653        2.973713421932811        22342.10488966118        99.99991492171189      -0.1238006172219173
                       18        2.911866540125354        2.893921483492847        22342.10392351714        99.99991225741822      -0.1238006234789637
                       19        2.608274621088657        2.469137048164538          22342.102864619        99.99990940460225      -0.1238000181791179
                       20        2.682531785956977        2.586783352351831        22342.10178903157        99.99990653720265       -0.123799852665476
                       21        2.862865729135601        2.606944538091612        22342.10073511587        99.99990370050674      -0.1237995531388663
                       22        2.796404241213708        2.659956529490765        22342.09968050301         99.9999008920086       -0.123799120234283
                       23        2.791995134603035        2.688050868668984        22342.09857317888        99.99989793797991      -0.1237985165713145
                       24        2.864497576718148        2.868721077439017        22342.09744942782        99.99989496816163       -0.123798897036183
                       25        2.889775279272992        2.582501799714751        22342.09636690446        99.99989208438154      -0.1237987522444879
                       26        3.007121798076205        2.707099927497992        22342.09527810288        99.99988916208491      -0.1237982758766698
                       27        3.230913706560536        3.136024334036388        22342.09414509044        99.99988615898404      -0.1237974726272029
                       28        3.053282867818369        2.844301695310475        22342.09311272715        99.99988337385105      -0.1237970086850666
                       29        3.066318067688418        2.978392872201113        22342.09207829132        99.99988058121038      -0.1237969385496669
                       30        3.222391252234944        2.996620792468606        22342.09092737069        99.99987753785118       -0.123796874922844
                       31        3.542820673511686        3.451838025300602        22342.08986061567        99.99987466127405      -0.1237972430600536
                       32        3.135707788053698        2.743075019635003        22342.08876400934        99.99987172613815      -0.1237975669765206
                       33        2.797495670735104        2.701963751753527        22342.08755341159        99.99986858789005      -0.1237969903753964
                       34        2.720317332402078        2.622267179925315        22342.08653444906        99.99986582146096      -0.1237967759206597
                       35         3.44700115236471        3.078490983716406         22342.0854080296        99.99986284735392      -0.1237972820435473
                       36        2.992974680756061        2.684471441508374        22342.08432136928         99.9998599597606      -0.1237975847287842
                       37        3.052929794108566        2.887408345490643        22342.08317517312        99.99985695383054       -0.123797050745635
                       38        2.882068644309343        2.793071595389823        22342.08219133076        99.99985424668819      -0.1237962083709476
                       39         3.41453477902265        3.168500023678727        22342.08103060828        99.99985118211337      -0.1237959320212276
                       40         3.30640527682373        3.172587714321108        22342.07990777288        99.99984822265367      -0.1237962778175694
                       41        2.749267610318281        2.598108473193369        22342.07884115626        99.99984534997094      -0.1237970687049414
                       42        2.864988280794682         2.71556945463661        22342.07781495755        99.99984255629232      -0.1237974184270101
                       43         2.90176741195709         2.63978127873174        22342.07669109907        99.99983959828153      -0.1237979443196338
                       44          2.9999475660855        3.048170839917546        22342.07559294315        99.99983669419234      -0.1237979695078928
                       45        2.753226965382833        2.715298191230785        22342.07460161588        99.99983398470108      -0.1237980977041686
                       46        2.773913217588207        2.436990192493841         22342.0735410368        99.99983113572901      -0.1237981646895365
                       47        3.065442744445475        2.987140874892105        22342.07251219688        99.99982833744143      -0.1237980530820231
                       48        3.107126521469634        2.895578775281751        22342.07126393805         99.9998251211933      -0.1237983132150333
                       49        2.790200306622103        2.697567233584772        22342.07027985669        99.99982241805485      -0.1237984981354021
                       50          3.4703199256246        3.198101864408819        22342.06910246418        99.99981936702429      -0.1237984389825542

Final average n0: 3.037582510094136
Final fluctuations n0: 2.872907247019162

Averages:
2.813300372271007
3.156979849911936
3.256996112736187
3.159023029222502
3.213647440668518
3.099480490830764
3.316600931420075
2.976728292128767
3.001264610829166
3.052067581517415
3.158736753577912
3.35705231615154
2.996095552279676
3.002186995443987
3.267866437338043
3.211342425808718
3.083061369701653
2.911866540125354
2.608274621088657
2.682531785956977
2.862865729135601
2.796404241213708
2.791995134603035
2.864497576718148
2.889775279272992
3.007121798076205
3.230913706560536
3.053282867818369
3.066318067688418
3.222391252234944
3.542820673511686
3.135707788053698
2.797495670735104
2.720317332402078
3.44700115236471
2.992974680756061
3.052929794108566
2.882068644309343
3.41453477902265
3.30640527682373
2.749267610318281
2.864988280794682
2.90176741195709
2.9999475660855
2.753226965382833
2.773913217588207
3.065442744445475
3.107126521469634
2.790200306622103
3.4703199256246

Fluctuations:
2.715581505109246
3.018858225025178
3.043092577168711
2.847940641087495
2.884872257840671
2.867219121685695
3.010449450660244
2.772363692246559
2.932206525980893
2.988669373224874
2.8665113147857
3.050874541181446
2.792938845544672
2.700337104766618
2.916606826611544
3.209111694059664
2.973713421932811
2.893921483492847
2.469137048164538
2.586783352351831
2.606944538091612
2.659956529490765
2.688050868668984
2.868721077439017
2.582501799714751
2.707099927497992
3.136024334036388
2.844301695310475
2.978392872201113
2.996620792468606
3.451838025300602
2.743075019635003
2.701963751753527
2.622267179925315
3.078490983716406
2.684471441508374
2.887408345490643
2.793071595389823
3.168500023678727
3.172587714321108
2.598108473193369
2.71556945463661
2.63978127873174
3.048170839917546
2.715298191230785
2.436990192493841
2.987140874892105
2.895578775281751
2.697567233584772
3.198101864408819

Last point and parameters for further simulation:
100
23
0.5
contact

0.3450780269806406
-0.6118200947920325
-0.4692624680319997
1.000853288790953
1.055569812861483
-0.5563398198898092
-1.63999126857676
1.147498818419497
0.3309899437156339
1.289365067727818
-0.08116122890742139
-1.009701643200035
1.545380973063444
-1.227917009224551
0.6357699904395296
-1.740616703937323
0.1020034830482862
1.265092384711288
-0.1816082585403307
1.157322311690687
-0.8057562454241706
-1.314553551752181
1.764167070574229
0.1261199595431721
-1.107742306338007
0.5532364159837961
-1.22868587318582
0.1365444527338333
1.834882758557542
-1.642506537040744
-0.6374747783563496
-0.1529937170388404
0.1293437404497392
0.6688570311503416
-0.1277088481774744
-0.08432570649324352
-1.158981246388558
0.02537116119350318
0.6588631549648537
0.1867028468315273
-0.05606150656524485
-0.1327312193712455
-1.531889217667331
-1.328276715132553
-0.1349045771745007
0.05194298294293408
-0.7004797975542387
-0.5711583586981125
0.02898618570040351
-0.4531450938924546
-0.02692162059725471
0.1401955568895795
0.1562297146143197
-2.159208036624542
-1.182958720816362
-0.4330068972264892
-0.04800873552616432
1.261731661531168
0.1526987191253937
0.5928318791951213
-0.8952519160436488
-1.247963491420189
-1.042354678080411
-1.107341370931044
-1.563402670439108
0.4822219883246249
2.345295231924658
0.4536363618123166
-1.81478736861675
1.07346129779079
-1.708319324973336
0.5267594463271097
-0.3854875333274854
0.8433018772858832
-1.965735055174905
-1.651590062623386
-1.545471981935243
-0.01548785339567796
0.791259057489345
0.7032593868307787
-2.147589634705188
0.8513064386860195
0.5119708176863067
0.44607699939002
-1.063287858643719
-1.845836615089361
1.330832779642761
0.774698833836311
0.04855361257710484
0.1740461788796219
0.8074873391896158
0.3409463119436727
-1.037964042104224
1.643291395346322

Final quantities:
3.037582510094136
2.872907247019162
