Number of particles: 100
Nmax: 24
Gamma: 0.5
Interaction type: contact
Step size: 5e-05
Batch size: 200000
Batch count: 50
             Batch number               Average n0          Fluctuations n0                   Energy           Particle count                 Momentum
                        1        2.460966459895339         2.31473791019335        23780.80235030929        100.0000408773507       0.3158240080834709
                        2        2.599283193836413        2.634773300459031        23780.80097061841        100.0000372551756       0.3158239092827415
                        3        3.011402196932549        2.738359531705117         23780.7995543842         100.000033551396       0.3158232942811736
                        4        2.590598712071527        2.434265636129307        23780.79835899713        100.0000302236471        0.315823063803645
                        5        2.750083114571124        2.622226925569268        23780.79711523521         100.000026834459        0.315823429577911
                        6        3.023994856615118        3.026727818611291        23780.79574862741        100.0000232047596       0.3158234468960188
                        7        2.607453433264282        2.338267564796598        23780.79468338717         100.000020130791       0.3158238856430131
                        8        3.108338939368404        3.074001717134827        23780.79334733354        100.0000165497238       0.3158239187438667
                        9        2.259983235658102        2.075033003475569        23780.79223418399        100.0000134331218       0.3158238280741106
                       10        2.679103881677704        2.450358644112237        23780.79098547776        100.0000100268258       0.3158244996133597
                       11        3.240231907410514        2.883043740447453        23780.78962947986        100.0000063993495       0.3158238352265847
                       12        2.464659503228837        2.299161804208576        23780.78855303859        100.0000033274769       0.3158239461226944
                       13        2.617618349971045        2.488322694157778        23780.78732593433        99.99999998685583       0.3158237303498126
                       14        2.672030536778261        2.502714727967512        23780.78601290312        99.99999644817028       0.3158242687582771
                       15        3.074052090605361        2.879528502580287        23780.78479785744        99.99999312151996       0.3158250242874274
                       16        2.851139674273742        2.468272223151443        23780.78356131001        99.99998973514668       0.3158233611662382
                       17        3.070073520469778        2.856344131960308        23780.78220565618        99.99998612542227       0.3158228790982278
                       18        3.062412273428786        2.828554661876734        23780.78078387646        99.99998243104076       0.3158222872617706
                       19        3.213964782184769        3.024206277320296        23780.77961180818        99.99997915072611         0.31582370029885
                       20        3.271275511119666        3.056718565551672        23780.77827002748        99.99997554624338       0.3158229096759371
                       21        3.339253748213427        2.886782738294408        23780.77686878765        99.99997184265607       0.3158226512648952
                       22        2.867701834771215        2.555391125395128        23780.77556535217        99.99996831729602       0.3158229648677473
                       23        2.883405964242572        2.664334309583828        23780.77440895823        99.99996506247071       0.3158227963099147
                       24        3.312062186139519        3.129477257053888        23780.77319071088        99.99996172299819       0.3158234425973134
                       25        2.546394319808667         2.35320011377259        23780.77192358443        99.99995825390604       0.3158230083300602
                       26        2.843235789384957        2.601575594456647        23780.77067434403        99.99995484667465       0.3158218162996658
                       27        3.099671612184796        3.032116238210064        23780.76934960996        99.99995126798621       0.3158216479970974
                       28        2.834447083154255        2.597594168573303        23780.76812183697        99.99994788171568       0.3158229691607879
                       29        2.749674545552932        2.609602783202122        23780.76671510012        99.99994418765013       0.3158224943263193
                       30         2.88257852158976        2.790527680813515        23780.76547573317        99.99994078619908       0.3158219982379826
                       31        3.370603386036482        3.026667657952567        23780.76416367864        99.99993726130633       0.3158211649089608
                       32         2.70313268659446        2.555857013879308        23780.76298424257        99.99993396152003       0.3158208950663095
                       33        2.973136227385771        2.654000544370041        23780.76164156315        99.99993036030307       0.3158215431515519
                       34        2.914146528637346        2.650758533636026        23780.76028667272         99.9999267763009       0.3158213779580397
                       35        2.827275990853676        2.662740154429743        23780.75894722236        99.99992323050147       0.3158199322467539
                       36        2.862397278567154        2.605791703541748        23780.75774017795        99.99991990114194       0.3158190995021197
                       37        2.931903232722517        2.949145184540785        23780.75660419939        99.99991669220833       0.3158182850694189
                       38        3.262451231113107        2.950067704984263         23780.7550981537        99.99991276786196       0.3158191083927111
                       39        2.870202081007146        2.555043916759777        23780.75375027695        99.99990920236267       0.3158187247172854
                       40        3.339483347433147        3.094696718940106        23780.75233260629        99.99990547039286        0.315819546480526
                       41        3.162009679933075        2.955921383484243        23780.75089439627        99.99990171720918        0.315819340958079
                       42        3.262197934641648        3.017091723888175        23780.74952045114        99.99989811260998       0.3158184753700226
                       43        2.917327963678944         2.83426577015577        23780.74827485544        99.99989475631429        0.315819093612081
                       44        3.066956341334621        2.736608158213186        23780.74696580099        99.99989121630462        0.315818945893767
                       45        3.192121914164252         2.96141016246497        23780.74533609269        99.99988715722272       0.3158183950406581
                       46        3.108587623714401        3.004082836985865        23780.74412205785        99.99988384535183       0.3158171312253284
                       47        2.679887584421776        2.483540017625136         23780.7428538052        99.99988041845614       0.3158167931902085
                       48        2.839595452547944        2.588198115058226        23780.74152404424        99.99987685770957       0.3158164138766555
                       49        2.946209655235585         2.79820445831054        23780.74002125576        99.99987299205478       0.3158146682304626
                       50        2.606465998763829        2.331718715792116        23780.73878294749        99.99986959020886         0.31581477117129

Final average n0: 2.916463678343807
Final fluctuations n0: 2.736912331524912

Averages:
2.460966459895339
2.599283193836413
3.011402196932549
2.590598712071527
2.750083114571124
3.023994856615118
2.607453433264282
3.108338939368404
2.259983235658102
2.679103881677704
3.240231907410514
2.464659503228837
2.617618349971045
2.672030536778261
3.074052090605361
2.851139674273742
3.070073520469778
3.062412273428786
3.213964782184769
3.271275511119666
3.339253748213427
2.867701834771215
2.883405964242572
3.312062186139519
2.546394319808667
2.843235789384957
3.099671612184796
2.834447083154255
2.749674545552932
2.88257852158976
3.370603386036482
2.70313268659446
2.973136227385771
2.914146528637346
2.827275990853676
2.862397278567154
2.931903232722517
3.262451231113107
2.870202081007146
3.339483347433147
3.162009679933075
3.262197934641648
2.917327963678944
3.066956341334621
3.192121914164252
3.108587623714401
2.679887584421776
2.839595452547944
2.946209655235585
2.606465998763829

Fluctuations:
2.31473791019335
2.634773300459031
2.738359531705117
2.434265636129307
2.622226925569268
3.026727818611291
2.338267564796598
3.074001717134827
2.075033003475569
2.450358644112237
2.883043740447453
2.299161804208576
2.488322694157778
2.502714727967512
2.879528502580287
2.468272223151443
2.856344131960308
2.828554661876734
3.024206277320296
3.056718565551672
2.886782738294408
2.555391125395128
2.664334309583828
3.129477257053888
2.35320011377259
2.601575594456647
3.032116238210064
2.597594168573303
2.609602783202122
2.790527680813515
3.026667657952567
2.555857013879308
2.654000544370041
2.650758533636026
2.662740154429743
2.605791703541748
2.949145184540785
2.950067704984263
2.555043916759777
3.094696718940106
2.955921383484243
3.017091723888175
2.83426577015577
2.736608158213186
2.96141016246497
3.004082836985865
2.483540017625136
2.588198115058226
2.79820445831054
2.331718715792116

Last point and parameters for further simulation:
100
24
0.5
contact

0.1189003161217301
-0.2938434768207266
0.0632966761731811
1.18143467828256
0.3720453294417234
-0.9202281807836837
-0.08764143032473949
-0.6120380996332896
1.969509863628716
-1.702176016712556
-0.7336997504235306
-1.580784713001194
-0.3723844030288789
0.4714822481957162
0.2358873171848515
-0.1239083982070844
-1.089762539154863
-1.731791849381667
1.487489653114303
-1.35998312031107
0.1315100374432884
0.5454452893597854
0.572698412316053
0.3520009660094949
-1.484403289626701
2.186968221412203
-0.9258169095723913
1.634441596871257
-2.717476176238715
-0.9222430031885461
0.2333100025287688
0.6858745960596346
-0.2410995392726759
-0.2563645012303429
0.09269893103123947
2.290628233682939
-0.7971391813585146
0.57532500471657
0.6875937861655518
-0.8998304563999592
-0.00357589280294659
1.137713066822847
0.1536590026934854
-0.2148042026290627
-0.07565193730357797
0.0542372349605509
-0.9933538352625827
1.060360064463489
0.6794791249927387
-0.480815070084091
-1.291626899238282
-0.008862256571499137
-0.9586618024655098
-0.758294151444973
-0.7012770734056049
1.381515978754328
0.360859231633682
-0.3832976764084314
0.1232221263385506
-1.64846439497273
-0.04116970595528448
0.09867390952797189
-0.8472845463054298
-2.270648796361705
0.2342098606549003
-0.6800792661103329
-0.7792782044873678
0.2207740476675992
1.694938955289845
0.08092490422619941
0.6181736279538547
0.6617032967274138
1.293042130343331
-0.1572570247377181
-1.632579890976631
-0.3399513514096285
0.4494167083037456
0.4167978321559953
0.4382435733019321
-1.550627987432107
0.5031417164738194
-1.831916336471715
0.008836422743307518
-0.8731172317530707
1.312291103867931
2.494342668713408
0.3089319657423301
0.6566438678090756
0.9239732894680437
0.2158475758207215
-1.306839481538126
-1.711708454356068
0.6936730401147942
0.6981309397457851
-0.2124533869845479
0.1527802949912594
0.2276998230117434
-0.736070014788901

Final quantities:
2.916463678343807
2.736912331524912
