Number of particles: 100
Nmax: 25
Gamma: 0.5
Interaction type: contact
Step size: 5e-05
Batch size: 200000
Batch count: 50
             Batch number               Average n0          Fluctuations n0                   Energy           Particle count                 Momentum
                        1        2.670972487657006        2.396812060374714        25287.25307158341        100.0000146578676     -0.01879242999099162
                        2        2.796434466924378        2.672039642655962        25287.25158279075        100.0000104902126     -0.01879287048848965
                        3        2.750562389252719        2.737880041155223        25287.25010741051        100.0000063416432     -0.01879276464891078
                        4        2.924551806164377        2.781365724926064        25287.24865813518        100.0000022644875     -0.01879299305407045
                        5        3.167686259624781        3.343617350358152        25287.24724076419        99.99999818908564     -0.01879075801611663
                        6        2.516901149153401        2.459582481256722         25287.2457434672        99.99999405039493     -0.01879166638693164
                        7        2.701627622868878        2.482016664072671        25287.24417912092        99.99998971352106     -0.01879372657808176
                        8        2.701334709220548        2.570330317529883        25287.24291254025        99.99998594338503     -0.01879557797198572
                        9        3.112915167383449         2.78005005937385        25287.24141485399        99.99998173834364     -0.01879648564124281
                       10        2.446321385920511         2.25179635614529        25287.23996413708        99.99997772898183     -0.01879758036667312
                       11        2.799291030662427        2.562757372541755        25287.23850382724        99.99997360740473     -0.01879684307714768
                       12        2.619251136542736        2.569524730770651        25287.23720595387        99.99996984908802     -0.01879651327182685
                       13        3.123117784813345        3.062133422189731        25287.23573185351        99.99996572737093      -0.0187972110468877
                       14        2.597598442884069        2.287102047452711        25287.23429847803        99.99996166096805     -0.01879844105710404
                       15        2.945290045518709        2.578994099779061        25287.23280211149        99.99995744564343     -0.01879774184932614
                       16        2.585085234271389        2.405994941939284        25287.23137697129        99.99995343805318     -0.01879698815007202
                       17        2.801875353672424        2.701263150887774        25287.22990230774        99.99994929732131     -0.01879824553326159
                       18        2.808963558463052        2.560707953634924        25287.22828871935        99.99994487488664     -0.01880035136077751
                       19        2.916720496622796        2.809092087702746        25287.22664316792        99.99994038087569     -0.01880082638439262
                       20        2.465836308418701        2.322430541730796        25287.22517650927        99.99993627008715     -0.01880114714629855
                       21         2.58065416765581        2.497938015609653         25287.2237098162         99.9999322297172     -0.01880046019173953
                       22         2.43514530642964        2.342374646760331        25287.22237745777        99.99992837647096     -0.01879978671004601
                       23         2.75773759210727        2.661739792858651        25287.22099221306        99.99992444668612     -0.01879824620954906
                       24        2.319297737098482        2.126486211884936        25287.21969350886        99.99992070206166     -0.01879719489365783
                       25        3.073597247922361        3.060035888580382        25287.21820833839        99.99991656993501     -0.01879745681501177
                       26        2.321904019824681         2.21063450569442        25287.21668598668        99.99991243743294     -0.01879821865351872
                       27        2.843096038894558        2.636828210214941        25287.21488240758        99.99990772745181     -0.01879670080410989
                       28        2.912741768533853        2.686701778407774        25287.21326814505        99.99990334903846     -0.01879719081284037
                       29        2.620444212313214        2.506366584189146        25287.21177605161        99.99989923119702     -0.01879722943819573
                       30        2.593263172915898        2.400654844078939        25287.21040932497        99.99989536135791     -0.01879732480980678
                       31        2.589774205320491         2.42070380992738        25287.20894914695        99.99989123307351     -0.01879358813503984
                       32        3.080264654226997        2.791234780935659        25287.20745834625        99.99988705993907     -0.01879058681562995
                       33         2.61245921380234        2.553412407343425        25287.20613676578        99.99988326477808     -0.01879107832929883
                       34        2.976322143142427          2.9156132514208        25287.20461070928        99.99987913299537     -0.01879163034287945
                       35        2.529557158874439        2.347121021483257        25287.20340861988        99.99987556579364     -0.01879282574429908
                       36         2.53476751910845        2.466435886833791        25287.20214534103        99.99987187683021     -0.01879368664846126
                       37        2.876828039399807         2.70155031529419         25287.2006050748        99.99986762266596     -0.01879302891150303
                       38        2.619250824552883        2.469813997244687        25287.19928005907        99.99986379994375     -0.01879200945931103
                       39        2.806408506497636        2.697852284932297        25287.19778100063        99.99985963453429     -0.01879289974607801
                       40        2.781921617654211        2.760326850683559        25287.19644661597        99.99985585191317      -0.0187915620884791
                       41        2.689969373999801         2.62179094362398         25287.1949089674        99.99985162864296     -0.01879317945252978
                       42        2.577038873703882        2.347144798959216        25287.19357735408        99.99984776407396     -0.01879212932891861
                       43        2.975519413710755        2.864270801199147        25287.19198526622        99.99984347767864     -0.01879322010315221
                       44        2.724147786351022        2.527461481731297         25287.1905724633        99.99983947190466     -0.01879370799108671
                       45        3.071880938376355        2.887861860094259        25287.18894700106        99.99983508562561     -0.01879483088519884
                       46        2.688841623165119        2.449325277492246        25287.18747892189        99.99983095545566     -0.01879254866659519
                       47        3.379825297902118        3.026104919663073        25287.18605683775        99.99982692057222     -0.01879409074919636
                       48        2.815478950869271        2.649715263005879        25287.18440249874         99.9998224523851     -0.01879344619419943
                       49        2.837348601519774         2.63548820309049        25287.18310169881        99.99981870131968     -0.01879247870744649
                       50         2.80129892467892        2.582801952553137        25287.18164682758        99.99981461396153     -0.01879251946276028

Final average n0: 2.757582435331844
Final fluctuations n0: 2.623782262495486

Averages:
2.670972487657006
2.796434466924378
2.750562389252719
2.924551806164377
3.167686259624781
2.516901149153401
2.701627622868878
2.701334709220548
3.112915167383449
2.446321385920511
2.799291030662427
2.619251136542736
3.123117784813345
2.597598442884069
2.945290045518709
2.585085234271389
2.801875353672424
2.808963558463052
2.916720496622796
2.465836308418701
2.58065416765581
2.43514530642964
2.75773759210727
2.319297737098482
3.073597247922361
2.321904019824681
2.843096038894558
2.912741768533853
2.620444212313214
2.593263172915898
2.589774205320491
3.080264654226997
2.61245921380234
2.976322143142427
2.529557158874439
2.53476751910845
2.876828039399807
2.619250824552883
2.806408506497636
2.781921617654211
2.689969373999801
2.577038873703882
2.975519413710755
2.724147786351022
3.071880938376355
2.688841623165119
3.379825297902118
2.815478950869271
2.837348601519774
2.80129892467892

Fluctuations:
2.396812060374714
2.672039642655962
2.737880041155223
2.781365724926064
3.343617350358152
2.459582481256722
2.482016664072671
2.570330317529883
2.78005005937385
2.25179635614529
2.562757372541755
2.569524730770651
3.062133422189731
2.287102047452711
2.578994099779061
2.405994941939284
2.701263150887774
2.560707953634924
2.809092087702746
2.322430541730796
2.497938015609653
2.342374646760331
2.661739792858651
2.126486211884936
3.060035888580382
2.21063450569442
2.636828210214941
2.686701778407774
2.506366584189146
2.400654844078939
2.42070380992738
2.791234780935659
2.553412407343425
2.9156132514208
2.347121021483257
2.466435886833791
2.70155031529419
2.469813997244687
2.697852284932297
2.760326850683559
2.62179094362398
2.347144798959216
2.864270801199147
2.527461481731297
2.887861860094259
2.449325277492246
3.026104919663073
2.649715263005879
2.63548820309049
2.582801952553137

Last point and parameters for further simulation:
100
25
0.5
contact

0.8461872511492468
0.05067981202370903
-1.021749299825522
0.322050720296825
-1.348356741822876
-0.1734394850830987
0.3396019456254127
0.7068406104147827
-1.725908918448861
1.131552825921498
-0.01571258655600629
-1.215772860519105
0.48145103447363
0.1755206011143859
0.5668441197463542
0.7334640063829577
-0.3754251680702591
-0.9362222859775734
0.7228999752595753
0.1985370833522068
-2.764057681496492
0.7548299741146459
-0.5877530076497801
0.05112068995469738
-1.674559520233789
1.882099243144117
-0.3096307451861678
0.009637756843283374
-0.6312092904229921
2.011909431388963
-1.901304481961194
1.983839106500588
0.1387497820347007
-1.396641968795119
0.2715761415925151
-2.282206747027876
0.2806165353024374
-0.709730831294729
-0.4252985591417173
0.4592529959838632
-0.40540125042865
-0.17796731020127
-0.2806427146843448
-0.5440161892829077
0.3072213253092423
-1.355815786421827
-0.6477365999232778
2.359161956817036
-0.2881912094612306
-0.619354179412833
0.601796580004986
-0.2034685249741665
0.4070840607416919
1.18530571222541
0.5029077362635788
2.051588820562116
-0.1467852583718604
-0.02884286420036451
0.4627764287511164
0.2032670817802902
-0.04067807870004264
-1.083345302014326
0.3570076478764183
-0.611517375753371
-1.150209674586087
-0.08772134331506858
0.4481026914256517
1.330315492191041
1.187821257934917
-1.489152108433008
-1.413871196304473
-1.825270974207098
0.3903608190372275
-1.351013658776234
-2.458732186985181
-0.1720625422979612
-0.942253196144951
0.9342545908757737
-0.5278170073345295
-0.07867980295558535
0.9238916759054135
-0.143766583804825
0.1576297613959987
-0.3905776978822715
-1.023682781910523
0.4733889213138877
1.122141885163954
-1.135455559125278
-0.7589190205120857
-0.0492948257043891
0.2667209125948096
0.2782227527485709
0.1505571844575752
-1.777247414843359
-0.3478617856276792
0.06451067740967295
-0.0151956193706262
-1.404796351600929
0.4410938497779631
-0.8324436507998513
0.6454909323754126
-0.347090310012356

Final quantities:
2.757582435331844
2.623782262495486
