-0.0010768643689727892 1 [-7.3738, -3.93102, -0.441079]
find opposite
-0.0021537287379455785 1 [-18.36, -14.9074, -11.487]
-0.004307457475891157 1 [-44.9614, -43.965, -40.9331]
-0.008614914951782314 -1 [-119.962, -141.836, -147.438]
find 0
-0.0064611862138367355 0 [-80.8389, -89.5438, -89.1166]
find lower bound
-0.007538050582809525 -1 [-100.199, -115.134, -117.44]
-0.0069996183983231305 -1 [-90.4751, -102.16, -103.026]
-0.006730402306079933 -1 [-85.6422, -95.8036, -96.1379]
-0.006595794259958335 0 [-83.2528, -92.6721, -92.6309]
-0.006663098283019133 -1 [-84.4407, -94.193, -94.343]
-0.006629446271488734 -1 [-83.84, -93.4102, -93.4322]
-0.006612620265723535 0 [-83.5541, -93.0448, -92.95]
-0.006621033268606134 -1 [-83.7058, -93.2121, -93.2459]
-0.006616826767164834 0 [-83.6152, -93.1471, -93.1037]
-0.006618930017885484 -1 [-83.6701, -93.1758, -93.2336]
-0.006617878392525159 0 [-83.6311, -93.1286, -93.1274]
-0.006618404205205321 0 [-83.6582, -93.1893, -93.104]
find upper bound
-0.005384321844863946 0 [-62.2475, -65.4726, -63.3195]
-0.004845889660377552 0 [-53.3706, -54.3651, -51.5134]
-0.0045766735681343545 1 [-49.1191, -48.9801, -46.0703]
-0.004711281614255953 0 [-51.2097, -51.6891, -48.8172]
-0.004643977591195154 0 [-50.1581, -50.3008, -47.4448]
-0.004610325579664754 0 [-49.6317, -49.7265, -46.7922]
-0.004593499573899554 1 [-49.3536, -49.3535, -46.4211]
-0.004601912576782154 0 [-49.4981, -49.5226, -46.636]
-0.004597706075340853 0 [-49.4361, -49.4889, -46.5034]
-0.0045956028246202036 0 [-49.4057, -49.4057, -46.3653]
-0.004594551199259878 0 [-49.3702, -49.4099, -46.474]
-0.004594025386579716 0 [-49.3675, -49.3875, -46.3934]
(-0.006618404205205321, -0.004594025386579716)
-0.0056062147958925185
