-0.0014059990097492145 1 [19.8338, 24.3691, 26.854]
find opposite
-0.002811998019498429 1 [5.08082, 8.85591, 12.3648]
-0.005623996038996858 1 [-44.8609, -41.6292, -38.5968]
-0.011247992077993716 1 [-212.253, -208.91, -205.667]
-0.02249598415598743 1 [-676.136, -672.471, -668.797]
-0.04499196831197486 0 [-1854.0, -1854.36, -1853.15]
-0.08998393662394973 -1 [-4609.24, -4648.13, -4672.34]
find lower bound
-0.0674879524679623 -1 [-3192.97, -3207.55, -3214.68]
-0.05623996038996858 -1 [-2510.49, -2516.51, -2518.33]
-0.05061596435097172 0 [-2178.55, -2181.36, -2181.35]
-0.05342796237047015 -1 [-2343.4, -2347.96, -2348.75]
-0.05202196336072094 -1 [-2260.54, -2264.39, -2264.68]
-0.05131896385584633 0 [-2219.62, -2222.91, -2222.69]
-0.05167046360828363 -1 [-2240.17, -2243.47, -2243.71]
-0.05149471373206498 -1 [-2229.94, -2233.37, -2233.39]
-0.05140683879395566 0 [-2224.79, -2228.3, -2228.0]
-0.051450776263010325 -1 [-2227.09, -2230.43, -2230.78]
-0.051428807528482993 0 [-2225.65, -2229.21, -2229.18]
-0.051439791895746656 0 [-2226.69, -2229.9, -2229.9]
find upper bound
-0.03374397623398115 1 [-1236.03, -1233.5, -1230.19]
-0.039367972272978 1 [-1539.3, -1537.88, -1535.56]
-0.04217997029247643 1 [-1695.82, -1694.96, -1692.64]
-0.04358596930222565 0 [-1774.49, -1774.58, -1772.53]
-0.04288296979735104 1 [-1735.07, -1734.53, -1732.53]
-0.043234469549788344 1 [-1754.7, -1754.6, -1752.79]
-0.04341021942600699 0 [-1764.34, -1764.77, -1762.69]
-0.043322344487897665 1 [-1759.8, -1759.49, -1757.82]
-0.04336628195695233 1 [-1762.17, -1762.0, -1760.38]
-0.04338825069147966 1 [-1763.1, -1762.98, -1761.41]
-0.043399235058743324 1 [-1764.02, -1763.86, -1761.81]
-0.04340472724237516 0 [-1764.07, -1764.18, -1762.07]
(-0.051439791895746656, -0.04340472724237516)
-0.047422259569060904
