-0.0014199259296840902 1 [23.683, 26.3566, 30.624]
find opposite
-0.0028398518593681804 1 [8.66005, 12.0067, 15.8046]
-0.005679703718736361 1 [-42.9881, -39.4519, -35.8368]
-0.011359407437472721 1 [-212.96, -209.045, -205.514]
-0.022718814874945443 1 [-682.699, -679.266, -675.901]
-0.045437629749890886 1 [-1879.99, -1878.71, -1876.03]
-0.09087525949978177 -1 [-4706.94, -4731.43, -4745.66]
find 0
-0.06815644462483633 -1 [-3249.23, -3256.84, -3259.62]
-0.056797037187363605 0 [-2550.37, -2551.9, -2551.43]
find lower bound
-0.06247674090609997 -1 [-2896.36, -2901.25, -2901.94]
-0.059636889046731784 -1 [-2722.83, -2725.71, -2725.94]
-0.058216963117047694 0 [-2636.24, -2638.88, -2638.0]
-0.058926926081889736 0 [-2679.24, -2682.31, -2682.09]
-0.05928190756431076 -1 [-2700.88, -2703.75, -2704.06]
-0.05910441682310025 0 [-2689.91, -2693.19, -2693.17]
-0.059193162193705504 0 [-2695.34, -2698.75, -2698.45]
-0.05923753487900813 0 [-2698.32, -2701.36, -2700.99]
-0.05925972122165944 -1 [-2699.79, -2702.33, -2702.7]
-0.05924862805033379 -1 [-2698.92, -2701.69, -2701.81]
-0.05924308146467096 -1 [-2698.51, -2701.37, -2701.63]
-0.05924030817183955 0 [-2698.22, -2701.44, -2701.18]
find upper bound
-0.05111733346862725 1 [-2211.01, -2210.66, -2209.34]
-0.05395718532799543 0 [-2379.39, -2380.35, -2379.49]
-0.05253725939831134 0 [-2294.91, -2295.25, -2293.84]
-0.0518272964334693 0 [-2253.01, -2253.2, -2251.89]
-0.05147231495104827 0 [-2231.86, -2232.05, -2230.25]
-0.05129482420983776 0 [-2221.22, -2221.5, -2219.56]
-0.051206078839232505 0 [-2216.11, -2216.32, -2214.17]
-0.05116170615392988 0 [-2213.47, -2213.82, -2211.9]
-0.051139519811278566 0 [-2212.03, -2212.28, -2210.34]
-0.05112842663995291 1 [-2211.73, -2211.43, -2209.98]
-0.051133973225615734 1 [-2211.98, -2211.66, -2210.13]
-0.05113674651844715 0 [-2212.17, -2212.21, -2210.3]
(-0.05924030817183955, -0.05113674651844715)
-0.055188527345143346
