-0.0017414952864208434 1 [23.718, 27.1948, 31.1883]
find opposite
-0.003482990572841687 1 [3.42487, 7.17916, 11.0378]
-0.006965981145683374 1 [-72.482, -68.1759, -65.1011]
-0.013931962291366748 1 [-303.806, -300.087, -296.521]
-0.027863924582733495 1 [-927.707, -924.102, -920.689]
-0.05572784916546699 1 [-2487.36, -2486.54, -2484.43]
-0.11145569833093398 -1 [-6117.8, -6147.89, -6166.52]
find 0
-0.08359177374820048 -1 [-4250.84, -4260.62, -4265.41]
-0.06965981145683374 -1 [-3352.13, -3355.31, -3355.35]
-0.06269383031115036 0 [-2914.78, -2915.7, -2914.46]
find lower bound
-0.06617682088399204 0 [-3132.26, -3134.41, -3133.58]
-0.06791831617041288 0 [-3241.93, -3244.67, -3244.43]
-0.06878906381362332 -1 [-3296.99, -3299.43, -3300.15]
-0.0683536899920181 -1 [-3269.49, -3272.15, -3272.3]
-0.0681360030812155 0 [-3255.53, -3258.43, -3258.36]
-0.0682448465366168 0 [-3262.46, -3265.32, -3265.12]
-0.06829926826431745 0 [-3265.85, -3268.65, -3268.5]
-0.06832647912816778 0 [-3267.6, -3270.15, -3270.08]
-0.06834008456009294 0 [-3268.33, -3271.45, -3270.93]
-0.06834688727605552 0 [-3269.1, -3271.93, -3271.25]
-0.0683502886340368 0 [-3269.11, -3272.12, -3271.74]
-0.06835198931302745 -1 [-3268.88, -3271.84, -3271.98]
find upper bound
-0.05921083973830868 1 [-2699.36, -2699.28, -2697.99]
-0.06095233502472952 0 [-2806.63, -2807.28, -2805.94]
-0.0600815873815191 0 [-2753.04, -2753.59, -2751.99]
-0.05964621355991389 0 [-2726.29, -2726.31, -2724.73]
-0.05942852664911129 0 [-2712.9, -2712.92, -2711.62]
-0.059319683193709984 0 [-2706.37, -2706.55, -2704.6]
-0.05926526146600933 1 [-2703.04, -2702.87, -2700.83]
-0.05929247232985965 1 [-2704.69, -2704.59, -2702.81]
-0.059306077761784814 0 [-2705.42, -2705.53, -2703.53]
-0.05929927504582223 0 [-2705.0, -2705.06, -2703.19]
-0.05929587368784094 1 [-2704.84, -2704.78, -2702.75]
-0.059297574366831585 0 [-2704.84, -2704.99, -2702.88]
(-0.0683502886340368, -0.059297574366831585)
-0.0638239315004342
