-0.0019531069893986132 1 [-5.9014, -2.57415, 0.939732]
find opposite
-0.0039062139787972264 1 [-30.1996, -26.6965, -23.2548]
-0.007812427957594453 1 [-123.017, -119.843, -116.499]
-0.015624855915188906 0 [-385.341, -390.231, -389.762]
-0.03124971183037781 -1 [-1008.34, -1061.26, -1089.41]
find lower bound
-0.02343728387278336 -1 [-688.64, -713.382, -723.849]
-0.019531069893986133 -1 [-533.881, -547.506, -551.642]
-0.01757796290458752 -1 [-458.679, -467.776, -468.891]
-0.01660140940988821 -1 [-421.779, -428.611, -429.068]
-0.016113132662538557 0 [-403.581, -409.241, -409.135]
-0.016357271036213386 -1 [-412.603, -418.814, -419.08]
-0.01623520184937597 -1 [-408.014, -414.042, -414.255]
-0.016174167255957266 0 [-405.852, -411.674, -411.641]
-0.016204684552666618 0 [-406.978, -412.902, -412.839]
-0.016219943201021294 0 [-407.56, -413.448, -413.427]
-0.01622757252519863 -1 [-407.826, -413.792, -413.847]
-0.016223757863109964 0 [-407.566, -413.701, -413.655]
find upper bound
-0.01171864193639168 1 [-246.185, -245.373, -242.504]
-0.013671748925790293 0 [-314.326, -315.932, -313.92]
-0.012695195431090985 0 [-279.828, -279.988, -277.634]
-0.012206918683741332 1 [-262.821, -262.728, -260.023]
-0.012451057057416158 0 [-271.304, -271.325, -268.741]
-0.012328987870578744 1 [-267.064, -266.871, -264.487]
-0.012390022463997452 1 [-269.228, -269.127, -266.536]
-0.012420539760706804 1 [-270.175, -270.096, -267.604]
-0.01243579840906148 1 [-270.71, -270.588, -268.245]
-0.01244342773323882 1 [-271.011, -270.964, -268.497]
-0.01244724239532749 1 [-271.206, -271.007, -268.63]
-0.012449149726371823 1 [-271.301, -271.025, -268.88]
(-0.016223757863109964, -0.012451057057416158)
-0.01433740746026306
