-0.0015668230589780544 1 [4.89383, 8.42813, 11.4854]
find opposite
-0.0031336461179561088 1 [-12.2029, -8.82826, -5.08215]
-0.0062672922359122175 1 [-74.4853, -71.0897, -67.4829]
-0.012534584471824435 1 [-271.809, -268.416, -265.045]
-0.02506916894364887 0 [-798.238, -802.463, -802.342]
-0.05013833788729774 -1 [-2036.77, -2092.4, -2124.87]
find lower bound
-0.037603753415473305 -1 [-1400.78, -1426.2, -1438.13]
-0.031336461179561084 -1 [-1093.75, -1107.02, -1111.68]
-0.028202815061604977 -1 [-944.068, -952.683, -954.521]
-0.026635992002626924 -1 [-870.641, -876.887, -877.648]
-0.025852580473137897 -1 [-834.295, -839.622, -839.854]
-0.025460874708393384 0 [-816.136, -821.06, -820.901]
-0.025656727590765642 -1 [-825.229, -830.273, -830.395]
-0.025558801149579514 -1 [-820.585, -825.593, -825.878]
-0.02550983792898645 -1 [-818.289, -823.299, -823.47]
-0.025485356318689915 -1 [-817.342, -822.021, -822.239]
-0.02547311551354165 0 [-816.698, -821.684, -821.492]
-0.025479235916115783 0 [-816.881, -821.9, -821.832]
find upper bound
-0.018801876707736653 1 [-520.479, -519.302, -516.544]
-0.021935522825692763 0 [-656.39, -657.621, -656.028]
-0.02036869976671471 1 [-587.601, -587.431, -585.185]
-0.021152111296203736 0 [-621.837, -622.461, -620.262]
-0.020760405531459223 0 [-604.766, -604.782, -602.88]
-0.020564552649086965 0 [-596.143, -596.193, -594.189]
-0.020466626207900837 0 [-591.989, -592.044, -589.683]
-0.020417662987307773 1 [-589.855, -589.689, -587.52]
-0.020442144597604305 1 [-590.874, -590.824, -588.615]
-0.020454385402752573 0 [-591.278, -591.312, -589.334]
-0.02044826500017844 1 [-591.139, -591.083, -588.924]
-0.020451325201465507 1 [-591.124, -591.107, -589.131]
(-0.025479235916115783, -0.020454385402752573)
-0.022966810659434178
