-0.001690213075312894 1 [7.15781, 10.5126, 13.5804]
find opposite
-0.003380426150625788 1 [-11.7258, -8.54165, -4.92235]
-0.006760852301251576 1 [-83.843, -80.4309, -77.0386]
-0.013521704602503152 1 [-305.298, -301.85, -298.123]
-0.027043409205006304 0 [-896.35, -897.83, -895.929]
-0.05408681841001261 -1 [-2307.64, -2348.09, -2370.71]
find lower bound
-0.040565113807509455 -1 [-1580.63, -1596.76, -1603.72]
-0.03380426150625788 -1 [-1231.22, -1238.41, -1240.37]
-0.03042383535563209 0 [-1061.49, -1065.6, -1065.44]
-0.03211404843094498 -1 [-1145.9, -1151.57, -1152.18]
-0.031268941893288535 -1 [-1103.7, -1108.41, -1108.42]
-0.030846388624460312 0 [-1082.7, -1086.96, -1086.95]
-0.031057665258874424 -1 [-1093.16, -1097.54, -1097.91]
-0.03095202694166737 -1 [-1087.8, -1092.12, -1092.28]
-0.03089920778306384 -1 [-1085.32, -1089.46, -1089.57]
-0.030872798203762077 0 [-1083.94, -1088.32, -1088.21]
-0.03088600299341296 -1 [-1084.72, -1088.7, -1088.78]
-0.030879400598587518 0 [-1084.18, -1088.66, -1088.66]
find upper bound
-0.020282556903754728 1 [-583.864, -581.395, -578.439]
-0.023662983054380516 1 [-736.684, -735.901, -733.636]
-0.02535319612969341 0 [-815.817, -815.844, -813.939]
-0.024508089592036965 1 [-776.085, -775.455, -773.273]
-0.024930642860865188 1 [-796.073, -795.676, -793.613]
-0.0251419194952793 1 [-806.072, -805.64, -803.81]
-0.025247557812486353 1 [-810.937, -810.804, -808.738]
-0.02530037697108988 1 [-813.447, -813.403, -811.474]
-0.025326786550391646 1 [-814.829, -814.688, -812.548]
-0.025339991340042528 1 [-815.463, -815.099, -813.128]
-0.02534659373486797 0 [-815.58, -815.744, -813.487]
-0.02534329253745525 0 [-815.368, -815.608, -813.629]
(-0.030879400598587518, -0.02534329253745525)
-0.028111346568021382
