-0.0015044619291816172 1 [12.1496, 15.6812, 18.7838]
find opposite
-0.0030089238583632344 1 [-3.76325, -0.334255, 3.25394]
-0.006017847716726469 1 [-61.293, -57.9219, -54.6542]
-0.012035695433452938 1 [-247.268, -243.674, -240.011]
-0.024071390866905875 1 [-754.97, -752.78, -749.489]
-0.04814278173381175 -1 [-2013.18, -2028.2, -2034.69]
find 0
-0.03610708630035881 0 [-1358.81, -1362.06, -1361.96]
find lower bound
-0.04212493401708528 -1 [-1681.23, -1689.63, -1692.6]
-0.03911601015872204 -1 [-1518.68, -1524.43, -1525.53]
-0.03761154822954042 -1 [-1438.24, -1442.89, -1443.08]
-0.03685931726494962 -1 [-1398.5, -1402.35, -1402.43]
-0.03648320178265421 0 [-1378.47, -1382.44, -1382.03]
-0.036671259523801916 -1 [-1388.52, -1392.22, -1392.36]
-0.036577230653228064 0 [-1383.7, -1387.5, -1387.08]
-0.03662424508851499 0 [-1385.95, -1389.78, -1389.78]
-0.03664775230615845 0 [-1387.28, -1390.94, -1390.92]
-0.036659505914980184 -1 [-1387.88, -1391.68, -1391.72]
-0.03665362911056932 -1 [-1387.63, -1391.4, -1391.41]
-0.03665069070836388 -1 [-1387.72, -1391.12, -1391.2]
find upper bound
-0.03008923858363234 1 [-1048.84, -1048.55, -1046.4]
-0.03309816244199558 0 [-1202.05, -1203.14, -1201.98]
-0.03159370051281396 0 [-1124.67, -1125.2, -1123.56]
-0.03084146954822315 0 [-1086.55, -1086.75, -1084.49]
-0.030465354065927746 1 [-1067.54, -1067.36, -1065.46]
-0.030653411807075447 1 [-1077.15, -1077.07, -1074.91]
-0.0307474406776493 1 [-1081.97, -1081.79, -1079.84]
-0.030794455112936225 0 [-1084.36, -1084.5, -1082.29]
-0.030770947895292763 1 [-1083.08, -1082.94, -1081.02]
-0.030782701504114496 0 [-1083.67, -1083.72, -1081.77]
-0.03077682469970363 1 [-1083.5, -1083.49, -1081.2]
-0.030779763101909063 0 [-1083.35, -1083.6, -1081.55]
(-0.03664775230615845, -0.030779763101909063)
-0.03371375770403376
