-0.0018595268539888699 1 [12.0783, 15.8143, 19.0116]
find opposite
-0.0037190537079777397 1 [-9.68704, -6.61974, -3.08165]
-0.0074381074159554795 1 [-95.443, -92.0874, -88.5104]
-0.014876214831910959 1 [-350.638, -347.249, -344.138]
-0.029752429663821918 1 [-1031.02, -1029.19, -1025.9]
-0.059504859327643836 -1 [-2689.23, -2706.27, -2714.49]
find 0
-0.04462864449573288 -1 [-1829.59, -1833.42, -1833.59]
-0.0371905370797774 0 [-1420.23, -1420.35, -1418.54]
find lower bound
-0.04090959078775514 0 [-1622.73, -1624.52, -1623.47]
-0.042769117641744014 0 [-1725.29, -1728.25, -1728.18]
-0.04369888106873845 0 [-1777.29, -1780.86, -1780.72]
-0.04416376278223566 0 [-1803.24, -1807.23, -1807.18]
-0.04439620363898427 -1 [-1816.18, -1820.37, -1820.51]
-0.04427998321060997 -1 [-1809.73, -1813.7, -1813.95]
-0.044221872996422815 -1 [-1806.64, -1810.63, -1810.66]
-0.04419281788932924 0 [-1804.9, -1808.89, -1808.86]
-0.04420734544287602 -1 [-1805.76, -1809.73, -1809.75]
-0.044200081666102634 -1 [-1805.64, -1809.01, -1809.48]
-0.04419644977771593 0 [-1805.05, -1809.13, -1808.93]
-0.04419826572190928 -1 [-1805.43, -1809.11, -1809.23]
find upper bound
-0.03347148337179966 1 [-1222.65, -1221.25, -1219.05]
-0.03533101022578853 1 [-1320.98, -1319.81, -1317.93]
-0.03626077365278296 1 [-1370.24, -1370.14, -1367.97]
-0.03672565536628018 0 [-1394.97, -1395.38, -1393.35]
-0.03649321450953157 0 [-1382.6, -1382.6, -1380.8]
-0.03637699408115727 1 [-1376.57, -1376.25, -1374.25]
-0.036435104295344425 0 [-1379.59, -1379.69, -1377.72]
-0.03640604918825085 1 [-1378.26, -1378.02, -1375.64]
-0.03642057674179763 1 [-1378.95, -1378.57, -1376.53]
-0.03642784051857103 1 [-1379.18, -1379.13, -1376.82]
-0.036431472406957724 1 [-1379.46, -1379.26, -1377.3]
-0.036433288351151075 0 [-1379.53, -1379.58, -1377.3]
(-0.04419644977771593, -0.036433288351151075)
-0.0403148690644335
