   batch        P accept         n0 mean            +/-     n0 std dev          E mean            +/-      E std dev          P mean            +/-      P std dev
    init        0.509708         6.54668     0.00599329        5.99328         5187.99      0.0433454        43.3454         97.0488     0.00327784        3.27784
    init        0.509637         6.40237     0.00566361        5.66361            5187      0.0436234        43.6234         97.0731     0.00318167        3.18167
    init        0.508584         84.7402      0.0101737        10.1737         5081.84      0.0429394        42.9394     -0.00866528     0.00303863        3.03863
  accept        0.500184         84.0102       0.011123         11.123         5083.39      0.0376672        37.6671      -0.0178867     0.00301135        3.01135
  accept        0.499724          83.707      0.0112333        11.2333         5083.45      0.0374365        37.4365      0.00367557     0.00299707        2.99707
       1        0.500105         84.2878      0.0107674        10.7674         5082.54      0.0372043        37.2043     -0.00954822     0.00296379        2.96378
       2        0.500192         84.0208      0.0111279        11.1279         5082.76      0.0369973        36.9973     -0.00445866     0.00298407        2.98407
       3        0.499778         84.5327      0.0106116        10.6115         5082.05      0.0372485        37.2485        0.033417     0.00295768        2.95768
       4        0.500276         83.6633       0.011076         11.076         5083.58      0.0374707        37.4707     -0.00467301     0.00300994        3.00993
       5        0.499879         83.7521       0.011101        11.1009         5082.89      0.0369217        36.9217      -0.0217025     0.00298525        2.98525
       6        0.499949         83.5267      0.0115177        11.5177         5083.31      0.0374128        37.4128       0.0234217     0.00301882        3.01882
       7        0.500026         84.2342      0.0105833        10.5832         5082.91      0.0371335        37.1335       0.0184504     0.00299816        2.99816
       8        0.499849         83.8281       0.011353         11.353         5082.99      0.0373201          37.32       0.0161912      0.0029806         2.9806
   total        0.499814         83.9807     0.00779659         11.026         5082.88      0.0263135        37.2129      0.00644599     0.00211172        2.98642

    mode      occupation             +/-         std dev
      -3        0.727638     0.000513253        0.725849
      -2         1.62743      0.00110778         1.56664
      -1         5.65684      0.00378419         5.35165
       0         83.9807      0.00779659          11.026
       1         5.63839      0.00378254         5.34932
       2         1.64445      0.00112108         1.58544
       3        0.724584      0.00050978        0.720937
