Number of particles: 100
Nmax: 16
Gamma: 0.5
Interaction type: custom
Step size: 7e-05
Batch size: 200000
Batch count: 125
             Batch number               Average n0          Fluctuations n0                   Energy           Particle count                 Momentum
                        1         4.15200256705472        4.051319898786908        12602.57571506383        100.0000349146793     -0.01088359987613785
                        2        3.669315378709723        3.415710266661397        12602.57554183394         100.000034130973     -0.01088300101514861
                        3        4.178334255864547        3.880985120409532        12602.57533242596        100.0000332153674     -0.01088250660023071
                        4        5.445461545085125        4.808397884231606        12602.57510712995        100.0000322508645     -0.01088194140156951
                        5        4.913165592994134        4.564254638694774        12602.57490097871         100.000031348837     -0.01088230254322475
                        6         5.99074639054988        5.371203963728554        12602.57469316531        100.0000304385215     -0.01088240987737166
                        7        5.418171490238508        4.953823827140541        12602.57446543194         100.000029465588     -0.01088293734115453
                        8        4.395757440524532        4.032783604375712        12602.57426472358        100.0000285793648     -0.01088326764179115
                        9        5.088401704893923        4.685949322855715         12602.5740406165        100.0000276190871     -0.01088296168740399
                       10        4.814110326222396        4.186921940004525        12602.57379998406        100.0000266042872     -0.01088286977509867
                       11        3.973608259974144        3.843187093104879        12602.57361682283        100.0000257824828     -0.01088304227937265
                       12        4.688927753475228        4.494534544656216         12602.5734153298        100.0000248960919     -0.01088320735997783
                       13        4.430832656207248        4.068880030863397        12602.57323509825        100.0000240798835     -0.01088361933065585
                       14         5.18469736818264        4.645604494800614        12602.57302254184        100.0000231536174     -0.01088353672357556
                       15        5.255814032360503        4.666154529084793        12602.57277662111        100.0000221195457     -0.01088337209668921
                       16        4.451522565099689        4.144983738697634        12602.57257455117        100.0000212279968     -0.01088343839471229
                       17        4.587097860501881        3.977749663915351        12602.57226599071        100.0000200201883     -0.01088526965255809
                       18        4.567401917554153        4.377327971878879        12602.57206504874        100.0000191317622     -0.01088569586578103
                       19        5.099862404323725        4.792160522820634        12602.57184640159        100.0000181829582     -0.01088576538078456
                       20        5.272470589543891        5.096454288435052        12602.57159714005        100.0000171380831     -0.01088554665460517
                       21        4.430295458287909        4.151191579585242        12602.57140338473        100.0000162774316      -0.0108854738963835
                       22        4.851079547729642        4.538011719449051        12602.57121991617        100.0000154509443     -0.01088575770629063
                       23        4.817402111581125         4.17326636299151        12602.57101898317        100.0000145635062     -0.01088638170128498
                       24        4.577879969078886        4.104128055479819        12602.57082292732        100.0000136929594     -0.01088666781569714
                       25         3.95576531132693        3.889658317474846        12602.57064716152         100.000012895724     -0.01088662810954588
                       26          5.0769723173309        4.715921815194032        12602.57042842767         100.000011950871     -0.01088642546902285
                       27        4.674233495512464        4.545309988326631        12602.57017725727        100.0000109017493     -0.01088548760523622
                       28        4.908879904545461        4.346146913287187        12602.56996776567        100.0000099920935     -0.01088521940070564
                       29        5.285736154260218        4.833691624612229        12602.56973265963        100.0000089892138     -0.01088506347981522
                       30        5.690871842756906        5.198748737411135        12602.56949881852        100.0000079953657     -0.01088488587279812
                       31        5.160301386099579        4.580030658716436        12602.56927613416        100.0000070364195      -0.0108850733232817
                       32        4.792260818891522        4.144327292226331        12602.56905586656        100.0000060859614      -0.0108856959599315
                       33        5.021801296589957        4.617515273232637        12602.56884194112        100.0000051572479      -0.0108854190489609
                       34        5.142836910454546        4.628415981610122        12602.56863686807        100.0000042608319      -0.0108853097087156
                       35         5.12741549713865        4.773962220824555        12602.56839014964        100.0000032250212     -0.01088560452196319
                       36        4.474283643399881        3.898698100140872         12602.5681925069        100.0000023522955     -0.01088580826238505
                       37        4.654237699848689        3.977927062630352        12602.56798810809        100.0000014592245     -0.01088634615211781
                       38        4.526726589565856        4.047185553930292        12602.56779816052         100.000000615799      -0.0108866553227287
                       39        4.827478282375072        4.362907345863479        12602.56759888838        99.99999974114277     -0.01088621876650819
                       40        3.964442131561431        3.567789600727263        12602.56740996656        99.99999889522823     -0.01088606647261159
                       41        5.777395002579208        4.938789421051178        12602.56719600401        99.99999796227955      -0.0108861970114944
                       42        4.186321900013178        3.591660358146043        12602.56702374328        99.99999717657461     -0.01088638665215491
                       43        4.111071138296579        3.820110244280719        12602.56681983592        99.99999628613075     -0.01088650529242585
                       44        4.062790682691558        3.749208617574022        12602.56664477842        99.99999548940092      -0.0108864697805231
                       45         4.40559009766555        4.294036312024608          12602.566427789        99.99999455106379     -0.01088603777245822
                       46        4.767875139149529        4.517759921216635        12602.56622906082        99.99999367306786     -0.01088595105573464
                       47        5.007294921562564         4.66060708992381        12602.56598893288        99.99999266209836     -0.01088675805375416
                       48        4.903816898735274        4.289675517805181        12602.56579354623        99.99999179455438     -0.01088709628612605
                       49        4.396200596019328        4.083014681157193        12602.56561236698        99.99999097343428     -0.01088748014116536
                       50        4.676306466600081        4.198406428766307        12602.56539589812        99.99999003595802     -0.01088760570268477
                       51        5.396099518254466         4.80625375920746        12602.56515528973        99.99998901755536     -0.01088735016951148
                       52        5.252775508083292        4.864885948400237        12602.56495145669         99.9999881197199     -0.01088750553997642
                       53        4.546134369034197        4.199257897113816        12602.56475933742        99.99998726474335     -0.01088755706565436
                       54        3.808130542929661        3.675284234326067        12602.56460244519        99.99998653398411     -0.01088779027703701
                       55        4.660031066301378        4.357527167080279        12602.56439249077        99.99998561764252      -0.0108877832669485
                       56        4.514686403461146        4.316381040241839        12602.56418154938        99.99998469636387     -0.01088733348747795
                       57        4.763000422562521        4.276222018105662        12602.56397055218        99.99998377470156     -0.01088778807326918
                       58        4.233423659361465        3.996121774296288        12602.56377282238        99.99998290212491     -0.01088776432160188
                       59        4.505828627052703        4.148459241428307        12602.56358036845        99.99998204440014     -0.01088800580862426
                       60        6.051918757525359        5.561733493587883        12602.56330061691        99.99998090584333     -0.01088826979142965
                       61         4.75155855679384        4.250925245940827        12602.56308109252        99.99997995837725     -0.01088832788340177
                       62          5.0982876878089        4.549449651522783        12602.56288002048        99.99997907036187     -0.01088820260030587
                       63         5.03727161531211        4.652505494954217        12602.56266058399        99.99997812553936     -0.01088818821630966
                       64        4.617140119785283        4.142735502910682         12602.5624533266        99.99997721917568     -0.01088835516939923
                       65        4.731280803181622        4.369552283666721        12602.56224279006        99.99997630306439     -0.01088861417457565
                       66        5.163645082570284        4.751145894650904        12602.56203314781        99.99997539346023     -0.01088898277063066
                       67        4.598184790729106        4.281526619575658        12602.56181803072        99.99997445920265     -0.01088886332453498
                       68         5.02656506898529        4.636717634237491        12602.56160322117         99.9999735251407     -0.01088875487933194
                       69        4.695809703619255        3.967112070347707        12602.56139034413        99.99997260176642     -0.01088953829909656
                       70         4.08304533940434        3.821693660285106        12602.56122070645        99.99997182772938     -0.01088962766746704
                       71         4.47853511544627        4.091263411182068        12602.56099535228        99.99997086203726     -0.01089005182409863
                       72        4.800806754845527        4.282671587523402        12602.56077924384        99.99996992511055     -0.01088994782047337
                       73        5.070219461686508        4.372193435666381        12602.56053973319        99.99996892089486     -0.01088978403271046
                       74        4.803098764187456        4.552688472489988        12602.56034580861        99.99996805868187     -0.01088996673746223
                       75        4.964976964939864        4.407876535574495        12602.56016142809        99.99996722640469     -0.01088995354121014
                       76        5.087108765356001        4.206473742061029        12602.55996450942        99.99996635502188     -0.01088945992262325
                       77        4.986852028871382        4.623913022109344        12602.55976000432        99.99996545755083     -0.01088897437141867
                       78        4.605389511324491        4.233696216019422         12602.5595576499        99.99996457034047     -0.01088916011443786
                       79        4.619516873360146        4.036873921524702        12602.55935430014        99.99996367836403     -0.01088932021342615
                       80        5.156047279044986        4.652528079666094        12602.55913603876        99.99996273451407     -0.01088900213517263
                       81        5.497248058749474        4.846801649137747        12602.55889089948        99.99996170207346     -0.01088837399261777
                       82        5.262291264837792         4.62947847748749        12602.55868429305        99.99996079637926     -0.01088801034227771
                       83        4.489838870001395        4.029301520001817         12602.5584698701         99.9999598674775     -0.01088814372871383
                       84        4.708604228640834        4.635404058152873        12602.55826241101        99.99995895822076     -0.01088811700874714
                       85        4.760992469888285        4.644928813851003        12602.55803391774        99.99995798455505     -0.01088839443972134
                       86        4.862675159131209        4.288760813570472        12602.55782980721        99.99995708718846     -0.01088837364145689
                       87         4.81727812000655        4.392468678533139        12602.55760683488        99.99995613057494     -0.01088830111248384
                       88        4.572405976245048        4.509384740838221        12602.55740694426        99.99995524967727     -0.01088822022253311
                       89        4.703762552611863        4.484272218322314        12602.55718302172        99.99995428658291     -0.01088792581396802
                       90        5.087569442307498        4.436248731065516        12602.55695384812        99.99995330573813      -0.0108879890161937
                       91         5.37911796479477        4.855488200512983        12602.55671676953        99.99995229849186     -0.01088821106820959
                       92        5.886940449916773        5.475225473442261        12602.55648487644        99.99995130924168     -0.01088862894659037
                       93         5.49946500626934        5.075667634200658        12602.55625703604        99.99995034298057     -0.01088839456932966
                       94        6.076805168401674        5.233249393080089         12602.5560193349        99.99994933540141     -0.01088789242269073
                       95        5.375556578643662        4.972518853622497         12602.5557967864        99.99994837783852     -0.01088770929015936
                       96        4.474929222446072        4.298392762352511        12602.55560541044        99.99994752728928      -0.0108873414807249
                       97        4.358429953472756        4.157278817147399        12602.55541085361        99.99994666788268     -0.01088742268644438
                       98        4.463566545889382        4.107006191970668        12602.55521670842        99.99994580451369     -0.01088749290822744
                       99        4.830044351337786          4.2567672047636        12602.55499948836        99.99994487386691     -0.01088703451301143
                      100        4.234285943799505        3.871711183682524        12602.55481316014        99.99994403894694     -0.01088684200284007
                      101        4.391379007730024        4.101044862145586        12602.55461174282        99.99994314960303     -0.01088651212374536
                      102        4.787371028477828        4.346004937509528        12602.55441822018        99.99994229034883     -0.01088633883681212
                      103        3.890048682319457        3.632068131413274        12602.55423969471        99.99994148469429     -0.01088618001269737
                      104         4.34737604299646        3.873182886593854        12602.55404338199        99.99994061385999      -0.0108866386523836
                      105         4.64321349807629        3.867747060298753        12602.55383342832        99.99993970097793      -0.0108868698302409
                      106        4.558425341007335        4.029583388297578        12602.55362838666        99.99993880141108      -0.0108866659037723
                      107        4.421976076614239        3.886498197684874        12602.55343135532        99.99993792966134     -0.01088666701653551
                      108        4.962434717116074        4.405599489059312        12602.55320433016        99.99993695974274     -0.01088729655827692
                      109        4.576403227072161        4.137701389492323        12602.55299221431         99.9999360363027     -0.01088690838886208
                      110        4.683866018300239        4.323169370108703        12602.55277425556        99.99993509340021     -0.01088662698309406
                      111        5.122102858003418        4.515507673017368        12602.55257684275        99.99993422046381     -0.01088640596859491
                      112        4.450972334012973        3.946676193796072        12602.55237573716        99.99993333459263     -0.01088653737334155
                      113        4.860504384498919        4.338630499672514        12602.55216368566        99.99993240918359     -0.01088696916662002
                      114        4.376189552433698        4.102286417607315        12602.55196386902        99.99993153018409     -0.01088736844279303
                      115        5.056586452916462        4.795821837111875        12602.55173533945        99.99993055067783      -0.0108879952563683
                      116         5.02819262167536        4.529002599840843        12602.55153324566        99.99992966346376     -0.01088860344420439
                      117        4.663057608271517        4.164093400228118        12602.55133948649        99.99992880177686     -0.01088890242787954
                      118        4.999537924058124        4.611790521293461        12602.55114414616        99.99992793325777     -0.01088879184841574
                      119        5.093285433227886        4.710794807044119        12602.55093348468        99.99992701501284     -0.01088904320220507
                      120        5.822318214516597        5.120587691982082        12602.55070502849        99.99992603782182      -0.0108894962221413
                      121        5.009208356206726        4.785939019181105        12602.55046995443        99.99992504176674     -0.01089013373126946
                      122        4.147183823125074        3.948890877903382         12602.5502787164        99.99992419040832      -0.0108902656931491
                      123        5.850025229853105        5.310310174466511        12602.55005076433        99.99992321227397     -0.01089064771125692
                      124        4.361680883559635        4.102992518757818        12602.54983486493        99.99992227599233     -0.01089072856364481
                      125        4.267365280589613        4.060619766350543        12602.54965721387        99.99992147218691     -0.01089075641240278

Final average n0: 4.797225171175031
Final fluctuations n0: 4.423161899613418

Averages:
4.15200256705472
3.669315378709723
4.178334255864547
5.445461545085125
4.913165592994134
5.99074639054988
5.418171490238508
4.395757440524532
5.088401704893923
4.814110326222396
3.973608259974144
4.688927753475228
4.430832656207248
5.18469736818264
5.255814032360503
4.451522565099689
4.587097860501881
4.567401917554153
5.099862404323725
5.272470589543891
4.430295458287909
4.851079547729642
4.817402111581125
4.577879969078886
3.95576531132693
5.0769723173309
4.674233495512464
4.908879904545461
5.285736154260218
5.690871842756906
5.160301386099579
4.792260818891522
5.021801296589957
5.142836910454546
5.12741549713865
4.474283643399881
4.654237699848689
4.526726589565856
4.827478282375072
3.964442131561431
5.777395002579208
4.186321900013178
4.111071138296579
4.062790682691558
4.40559009766555
4.767875139149529
5.007294921562564
4.903816898735274
4.396200596019328
4.676306466600081
5.396099518254466
5.252775508083292
4.546134369034197
3.808130542929661
4.660031066301378
4.514686403461146
4.763000422562521
4.233423659361465
4.505828627052703
6.051918757525359
4.75155855679384
5.0982876878089
5.03727161531211
4.617140119785283
4.731280803181622
5.163645082570284
4.598184790729106
5.02656506898529
4.695809703619255
4.08304533940434
4.47853511544627
4.800806754845527
5.070219461686508
4.803098764187456
4.964976964939864
5.087108765356001
4.986852028871382
4.605389511324491
4.619516873360146
5.156047279044986
5.497248058749474
5.262291264837792
4.489838870001395
4.708604228640834
4.760992469888285
4.862675159131209
4.81727812000655
4.572405976245048
4.703762552611863
5.087569442307498
5.37911796479477
5.886940449916773
5.49946500626934
6.076805168401674
5.375556578643662
4.474929222446072
4.358429953472756
4.463566545889382
4.830044351337786
4.234285943799505
4.391379007730024
4.787371028477828
3.890048682319457
4.34737604299646
4.64321349807629
4.558425341007335
4.421976076614239
4.962434717116074
4.576403227072161
4.683866018300239
5.122102858003418
4.450972334012973
4.860504384498919
4.376189552433698
5.056586452916462
5.02819262167536
4.663057608271517
4.999537924058124
5.093285433227886
5.822318214516597
5.009208356206726
4.147183823125074
5.850025229853105
4.361680883559635
4.267365280589613

Fluctuations:
4.051319898786908
3.415710266661397
3.880985120409532
4.808397884231606
4.564254638694774
5.371203963728554
4.953823827140541
4.032783604375712
4.685949322855715
4.186921940004525
3.843187093104879
4.494534544656216
4.068880030863397
4.645604494800614
4.666154529084793
4.144983738697634
3.977749663915351
4.377327971878879
4.792160522820634
5.096454288435052
4.151191579585242
4.538011719449051
4.17326636299151
4.104128055479819
3.889658317474846
4.715921815194032
4.545309988326631
4.346146913287187
4.833691624612229
5.198748737411135
4.580030658716436
4.144327292226331
4.617515273232637
4.628415981610122
4.773962220824555
3.898698100140872
3.977927062630352
4.047185553930292
4.362907345863479
3.567789600727263
4.938789421051178
3.591660358146043
3.820110244280719
3.749208617574022
4.294036312024608
4.517759921216635
4.66060708992381
4.289675517805181
4.083014681157193
4.198406428766307
4.80625375920746
4.864885948400237
4.199257897113816
3.675284234326067
4.357527167080279
4.316381040241839
4.276222018105662
3.996121774296288
4.148459241428307
5.561733493587883
4.250925245940827
4.549449651522783
4.652505494954217
4.142735502910682
4.369552283666721
4.751145894650904
4.281526619575658
4.636717634237491
3.967112070347707
3.821693660285106
4.091263411182068
4.282671587523402
4.372193435666381
4.552688472489988
4.407876535574495
4.206473742061029
4.623913022109344
4.233696216019422
4.036873921524702
4.652528079666094
4.846801649137747
4.62947847748749
4.029301520001817
4.635404058152873
4.644928813851003
4.288760813570472
4.392468678533139
4.509384740838221
4.484272218322314
4.436248731065516
4.855488200512983
5.475225473442261
5.075667634200658
5.233249393080089
4.972518853622497
4.298392762352511
4.157278817147399
4.107006191970668
4.2567672047636
3.871711183682524
4.101044862145586
4.346004937509528
3.632068131413274
3.873182886593854
3.867747060298753
4.029583388297578
3.886498197684874
4.405599489059312
4.137701389492323
4.323169370108703
4.515507673017368
3.946676193796072
4.338630499672514
4.102286417607315
4.795821837111875
4.529002599840843
4.164093400228118
4.611790521293461
4.710794807044119
5.120587691982082
4.785939019181105
3.948890877903382
5.310310174466511
4.102992518757818
4.060619766350543

Last point and parameters for further simulation:
100
16
0.5
custom

0.999689

0.952174

0.871412

0.785515

0.703407

0.628329

0.5611699999999999

0.50178

0.449569

0.403788

0.36367

0.328489

0.297591

0.2704

0.246411

0.225194

0.206375

0.189637

0.174707

0.161352

0.149373

0.1386

0.128884

0.120099

0.112136

0.104901

0.098312

0.092297

0.0867943

0.0817495

0.0771153

0.0728497

0.06891609999999999

-0.2320126579249461
0.3898140869749731
-0.6821814348769836
-0.4979639321561067
1.892722932774352
-0.7677602359365786
-0.7292436149106123
0.468088730274585
-1.537176277998991
0.6964769457367375
-0.8155937116458317
1.129150922759167
1.829811772503545
0.6038490360516046
-0.348146806546056
-1.314214478226985
-0.02507725999000408
-2.013207076584897
2.332719996808027
1.144756976824356
0.2088804860435672
-1.971026899285723
-0.1530672692652165
3.421737301704065
0.7470092391087859
-0.8025509221884189
-0.2753634233829866
0.7473879117659772
-1.111753399891645
0.2829372924930241
-0.7692110958962244
-0.675505605277033
-0.3249992927133014
0.6018308468914358
-1.34747857274094
0.1003871810826639
-1.963606183580361
-1.279527754177799
-0.676881447267445
-0.4446413542300179
-0.6049192779024628
0.8739051283021605
-1.447161748729011
1.870934716694381
0.9988680020414019
-0.9312896748365811
-2.835132419959843
-0.5895127389847961
0.2103908105211001
2.38684797415193
-0.5409706245646034
1.422925459467256
2.835692206627077
0.1571817192199922
0.9796001155616236
0.989397764177897
-1.725412942129174
-1.431191822059053
0.975734199754214
-0.6552093294211772
-0.3155269313680072
0.05083849950859878
-0.7311382319204384
0.08824409326098449
-1.615061687709205
0.04652351295869316

Final quantities:
4.797225171175031
4.423161899613418
