Number of particles: 100
Nmax: 21
Gamma: 0.5
Interaction type: custom
Step size: 6e-05
Batch size: 200000
Batch count: 65
             Batch number               Average n0          Fluctuations n0                   Energy           Particle count                 Momentum
                        1        4.989446068535456        4.500022128458525        17755.59249248277        100.0000040766445     -0.03772246447561756
                        2        4.345860521763897        4.233095915400077        17755.59235955271        100.0000032798519     -0.03772121240002235
                        3        3.206291880322432        2.963277997047874        17755.59223321416        100.0000025012751     -0.03772025944784829
                        4        2.751944896066933        2.479066662198873        17755.59211055343        100.0000017698097     -0.03771930953954872
                        5        3.307372152078897        3.028293180560334        17755.59197468651        100.0000009907426     -0.03771843180529544
                        6        3.488944044746337        3.204716236258653        17755.59182444715        100.0000001460175      -0.0377180341778427
                        7        3.155242080364847        2.833907108163982        17755.59169944932        99.99999938833201     -0.03771825507092075
                        8        3.499897137880844        3.160480054043787        17755.59154318942        99.99999854318898     -0.03771835964326442
                        9        3.964579935863816        3.640706318263645        17755.59141114802        99.99999775952305     -0.03771875280815351
                       10        4.184131027058963        3.837632232749412        17755.59127391331         99.9999969446029      -0.0377179428058767
                       11        3.352814286727717        3.074859362505583        17755.59114365165        99.99999618879598      -0.0377175419993776
                       12        2.872396313028191        2.637370759485069        17755.59101628446        99.99999546460633     -0.03771712013120521
                       13         3.49099921320886        3.223089253157873         17755.5908783958        99.99999470751486     -0.03771662121216224
                       14        3.181856096837486        2.844114077599086        17755.59074233364        99.99999394628573     -0.03771697897274606
                       15        3.092611090198362        3.037127202819459        17755.59062378558        99.99999323300486     -0.03771778712698648
                       16        4.145827252159504        3.832200348511878        17755.59047613411        99.99999244231284     -0.03771851349225841
                       17         3.90234827605835        3.475002233735218        17755.59034378436        99.99999168436139     -0.03771838981123921
                       18        3.586407362457706        3.320612977161715        17755.59020974962        99.99999094561767     -0.03771945172960933
                       19        3.385659249520251        3.083712618163646         17755.5900769487        99.99999017182769     -0.03772027227824459
                       20        3.630121154735369        3.421352985299473        17755.58991619035        99.99998931441557     -0.03772133390286569
                       21        4.060139595547102          3.7336592550914        17755.58978149227        99.99998850257434     -0.03772338625381622
                       22        3.170112211855237        2.778167447978987        17755.58964104534        99.99998771521352     -0.03772390894519617
                       23        3.486950367554373        3.134719835958128        17755.58949658522        99.99998690066455     -0.03772391532780262
                       24        3.340505654375088        2.915304579899635         17755.5893538629         99.9999860987821      -0.0377234619711313
                       25        3.221013834582414         3.28008984881022        17755.58923417528         99.9999854356665     -0.03772438810852563
                       26        3.362973841804626        3.142944953831722        17755.58910584013        99.99998469083661     -0.03772551118630219
                       27        4.860704774580928        4.398852112618877         17755.5889509741        99.99998384294649     -0.03772529598474961
                       28        4.660304836132913        4.032374086670548        17755.58877885071        99.99998291673238     -0.03772467214213293
                       29        3.597543247143746        3.481623023870396        17755.58860128128        99.99998199412443     -0.03772374896977482
                       30        2.988395918554759         2.65606290243863        17755.58845287724        99.99998115587455      -0.0377243414401196
                       31        3.502156432149635        3.181469903599221        17755.58832604204        99.99998040048222     -0.03772438193776395
                       32        3.368194734437818        3.227774974212356        17755.58818341858        99.99997959071116     -0.03772392856339124
                       33        3.385472204502809        3.147085299793435        17755.58806809477        99.99997891895433     -0.03772351013034836
                       34        3.945932886520006        3.526434020064498        17755.58792808964        99.99997815502307     -0.03772299652622024
                       35        3.173987156380223        2.750772141936365        17755.58780771475        99.99997747937624     -0.03772314857775605
                       36        3.024547436428404        2.872900370508674        17755.58767541681        99.99997675976151     -0.03772255415422165
                       37        4.273210381771703         3.68849507260154        17755.58753608595        99.99997593784428     -0.03772303080917538
                       38         3.51847475840149        3.245086013987477        17755.58740617838        99.99997515586698     -0.03772302010267836
                       39        3.308782004800751        2.888553660288024        17755.58728662563        99.99997446187253     -0.03772221793265196
                       40        3.234856905206544        2.862713655445553         17755.5871541914        99.99997371468284      -0.0377212319499467
                       41        2.808474130357868         2.59660170820207        17755.58701969891        99.99997298905919     -0.03772034945933811
                       42        2.621096525956006        2.622172566084704        17755.58689186192        99.99997227617433     -0.03771916167514178
                       43        3.274163418825694        3.102681408963751        17755.58673245445        99.99997143960769     -0.03771946345688626
                       44        3.573207184146086        3.073282490032619        17755.58660890403        99.99997073994508     -0.03771968586180208
                       45        2.981066582116964        2.726664678560938        17755.58648693231        99.99997006923216     -0.03771930641813004
                       46        2.528500495422704        2.369369155921602        17755.58635675817        99.99996932841174     -0.03771917749777032
                       47        3.788615256774581        3.606752852005575        17755.58618549549        99.99996841820135     -0.03772037199094314
                       48        3.773596741378741        3.256869070544719        17755.58604977737        99.99996759943384     -0.03772240545564642
                       49        3.652682423031823        3.379793793885188        17755.58591932099        99.99996688116423     -0.03772205026069386
                       50        3.238028404991625        2.837734871985322        17755.58578073468        99.99996614016041     -0.03772157980622737
                       51        3.776806281359936        3.337023407904246        17755.58561723041        99.99996526187587     -0.03772223457661994
                       52        4.038429684155322        3.550744534613555          17755.585470396        99.99996441922953     -0.03772401025145555
                       53        3.702111856294404        3.303006495785137         17755.5853402537        99.99996363645478     -0.03772335883691835
                       54        2.503554441577101        2.305437609584042        17755.58521297296        99.99996290106914     -0.03772306156329819
                       55        2.621983637826907         2.34804016090447        17755.58508788791        99.99996217505038      -0.0377231467365835
                       56        3.312566631474898        2.884998909832908        17755.58494340036        99.99996138941778     -0.03772377671087668
                       57        3.374029309638743        2.997500524076846        17755.58481849298        99.99996066374831     -0.03772491591166016
                       58        3.079916530921755        2.773259170445877        17755.58469946714        99.99995992688687     -0.03772613401750391
                       59        3.879023493395675        3.571132698651374        17755.58456334443        99.99995914949776      -0.0377278256928264
                       60        3.215114712007976        2.971147000130277        17755.58443667123        99.99995841085344      -0.0377276479690849
                       61        3.450687542968852        3.247535171433136         17755.5842841772        99.99995755438134     -0.03772853221121508
                       62         3.35743538473341        2.997543475950112        17755.58415562777        99.99995680558986     -0.03772821100481849
                       63        3.752309014513936        3.235820916645939        17755.58399150747        99.99995592664649     -0.03772761257915036
                       64        4.320357203776124        3.906091552756361        17755.58384858505        99.99995510796199     -0.03772759928117075
                       65        2.626692184522014          2.4338289556949        17755.58370874184        99.99995434142046     -0.03772855129411212

Final average n0: 3.481068589146369
Final fluctuations n0: 3.24962186807101

Averages:
4.989446068535456
4.345860521763897
3.206291880322432
2.751944896066933
3.307372152078897
3.488944044746337
3.155242080364847
3.499897137880844
3.964579935863816
4.184131027058963
3.352814286727717
2.872396313028191
3.49099921320886
3.181856096837486
3.092611090198362
4.145827252159504
3.90234827605835
3.586407362457706
3.385659249520251
3.630121154735369
4.060139595547102
3.170112211855237
3.486950367554373
3.340505654375088
3.221013834582414
3.362973841804626
4.860704774580928
4.660304836132913
3.597543247143746
2.988395918554759
3.502156432149635
3.368194734437818
3.385472204502809
3.945932886520006
3.173987156380223
3.024547436428404
4.273210381771703
3.51847475840149
3.308782004800751
3.234856905206544
2.808474130357868
2.621096525956006
3.274163418825694
3.573207184146086
2.981066582116964
2.528500495422704
3.788615256774581
3.773596741378741
3.652682423031823
3.238028404991625
3.776806281359936
4.038429684155322
3.702111856294404
2.503554441577101
2.621983637826907
3.312566631474898
3.374029309638743
3.079916530921755
3.879023493395675
3.215114712007976
3.450687542968852
3.35743538473341
3.752309014513936
4.320357203776124
2.626692184522014

Fluctuations:
4.500022128458525
4.233095915400077
2.963277997047874
2.479066662198873
3.028293180560334
3.204716236258653
2.833907108163982
3.160480054043787
3.640706318263645
3.837632232749412
3.074859362505583
2.637370759485069
3.223089253157873
2.844114077599086
3.037127202819459
3.832200348511878
3.475002233735218
3.320612977161715
3.083712618163646
3.421352985299473
3.7336592550914
2.778167447978987
3.134719835958128
2.915304579899635
3.28008984881022
3.142944953831722
4.398852112618877
4.032374086670548
3.481623023870396
2.65606290243863
3.181469903599221
3.227774974212356
3.147085299793435
3.526434020064498
2.750772141936365
2.872900370508674
3.68849507260154
3.245086013987477
2.888553660288024
2.862713655445553
2.59660170820207
2.622172566084704
3.102681408963751
3.073282490032619
2.726664678560938
2.369369155921602
3.606752852005575
3.256869070544719
3.379793793885188
2.837734871985322
3.337023407904246
3.550744534613555
3.303006495785137
2.305437609584042
2.34804016090447
2.884998909832908
2.997500524076846
2.773259170445877
3.571132698651374
2.971147000130277
3.247535171433136
2.997543475950112
3.235820916645939
3.906091552756361
2.4338289556949

Last point and parameters for further simulation:
100
21
0.5
custom

0.999689

0.952174

0.871412

0.785515

0.703407

0.628329

0.5611699999999999

0.50178

0.449569

0.403788

0.36367

0.328489

0.297591

0.2704

0.246411

0.225194

0.206375

0.189637

0.174707

0.161352

0.149373

0.1386

0.128884

0.120099

0.112136

0.104901

0.098312

0.092297

0.0867943

0.0817495

0.0771153

0.0728497

0.06891609999999999

0.06528200000000001

0.0619187

0.0588008

0.0559056

0.0532131

0.0507052

0.0483658

0.0461806

0.0441367

0.0422223

1.29940331429695
0.5383211772831198
-0.7377357102414147
0.3144735752069015
-0.6703900677718725
-0.05904968211852743
0.01781188594644017
1.07363704382594
1.559068194275744
1.26549597323274
-0.8779545251580883
0.8837926815022361
-1.974060688471141
2.896998705276873
0.1685057485903071
0.6991969033302564
-0.08458998109967865
-0.3791504678615766
-1.740323540301485
0.2890801903708493
-1.942925856847471
0.5740404732974176
0.8552145885678442
-0.4480786645141738
-0.720926489553964
0.01708971228076505
1.259498634386598
-0.008474731616922949
1.093167873603241
-0.6480710490573676
0.0549752353346272
0.7447737642762013
0.7356736640791184
-2.003418351221679
-0.4484390790842789
0.06044330341676424
0.8571284227222561
-2.344829596628118
-0.5047230888828315
-0.1961414531221879
-0.2850089792132166
-0.6028157330018683
0.09997338835662314
-0.4447511002278972
0.8931425978144796
0.3330830844753019
-0.007250445749350245
1.57264146367201
0.6112809648388529
-0.01002420297443761
1.962840299514671
0.8815767634475887
1.115320041604124
-0.6285292361533258
-0.02902884869079802
-0.5736814247620516
0.04318382346199129
1.274072085301228
-0.5254922423466721
-1.067703703449925
-0.2357308137850407
-0.4870217411198584
1.513379182766231
-0.6003043669130148
-1.294574249343455
1.611572680329566
-0.437406363909593
-2.15422371094749
3.378348335696857
-2.012718654689356
-1.097006584670009
0.7002645048344099
1.049619594054701
0.09070235507911888
0.4154199298713834
1.323375568284872
-0.6914227976252534
-1.069372258195535
0.2132625886173284
0.1306287573683272
-1.405398095856647
-0.571232505744717
-0.7223514356132483
-0.7658715557529214
-0.8295234858894008
-1.202626145517022

Final quantities:
3.481068589146369
3.24962186807101
