Number of particles: 100
Nmax: 22
Gamma: 0.5
Interaction type: custom
Step size: 6e-05
Batch size: 200000
Batch count: 65
             Batch number               Average n0          Fluctuations n0                   Energy           Particle count                 Momentum
                        1        2.697641496318441        2.565224248148403        18965.14355655673        99.99994013129493       -0.150218567705668
                        2        3.076378204894682        2.844236660844957        18965.14345373052        99.99993925996334      -0.1502184909901292
                        3        3.577999143055316        3.281875044156229        18965.14337615264         99.9999384073856      -0.1502179704738609
                        4        3.164534846953095        2.833046823609867        18965.14328441331        99.99993759118735      -0.1502150451671156
                        5        2.770125425191299        2.543871792169582        18965.14317885977        99.99993683460283      -0.1502121485115069
                        6        2.700783821705733        2.479805877704647         18965.1430816886        99.99993603213815      -0.1502117334550945
                        7        2.728298099673713        2.549938416126639        18965.14299109076        99.99993522916256      -0.1502113610785258
                        8        2.647962783481813        2.432307621698391        18965.14289678762         99.9999344639421      -0.1502113849263296
                        9        2.693441414316254        2.443120721674127        18965.14280204685        99.99993368925649      -0.1502104984923449
                       10         2.57756859947754        2.435502591777839        18965.14271047483        99.99993296874408      -0.1502090310836088
                       11        2.570305711771153        2.429113664845753        18965.14262213693          99.999932233161      -0.1502095387472426
                       12        2.616309110627488        2.491141073337952        18965.14252193007        99.99993142186629      -0.1502099872733709
                       13        3.555790686761647        3.187071850277609        18965.14242458509        99.99993052232065      -0.1502125656987943
                       14        3.884976247958896        3.641459614125609        18965.14233834861        99.99992968077585      -0.1502125052489731
                       15         2.88653037414929        2.680817504007113        18965.14224205941        99.99992888769967      -0.1502129981435036
                       16        2.142114203383103        2.003976740387423        18965.14215582254        99.99992812816961       -0.150215436841826
                       17        2.884486477649253        2.597023715948946        18965.14207779758        99.99992736321975      -0.1502177747288869
                       18        3.208291679443086        2.905248580373148        18965.14196100816        99.99992643212693      -0.1502210649335698
                       19        2.878473423998866        2.710032744129722        18965.14187693929        99.99992565965661      -0.1502246855698388
                       20        2.726943480971384        2.576769951047892         18965.1417859778        99.99992484923744      -0.1502257855106706
                       21        3.101756325300642        2.790552888114147          18965.141691986        99.99992400227903      -0.1502285165679993
                       22        3.307051451771906        2.945917903924059        18965.14161135584        99.99992320058821      -0.1502312633192844
                       23        2.618104948813722        2.357259188702676         18965.1415274128        99.99992244671064      -0.1502320875285079
                       24         2.13520581169743        2.048194886885411        18965.14142518611        99.99992167849716      -0.1502336786526008
                       25        2.520125541910105        2.414943396779069        18965.14132314111        99.99992090339053      -0.1502338342500273
                       26        3.149111921934862        2.729805047865629        18965.14121564581        99.99992006543482      -0.1502333692911648
                       27        2.879834584183238        2.721864204058194        18965.14112851943        99.99991926892262      -0.1502325028185965
                       28         2.86274640517158        2.587645534248367        18965.14104696284        99.99991848534421      -0.1502333427427054
                       29        3.301559508089755        2.958817329130448        18965.14095246569        99.99991769654837      -0.1502345982930926
                       30        3.534422021700494        3.142128739112796        18965.14086584668        99.99991686123784      -0.1502362990058259
                       31        3.140108376869659         2.82651490262039        18965.14079696163        99.99991604082425      -0.1502380958357321
                       32        3.042522318982873        2.814775140791789        18965.14070285442        99.99991519957544      -0.1502390961803712
                       33        3.386030889765294        2.902736017842777        18965.14061979356        99.99991436511289      -0.1502412434035527
                       34        2.359956445596413        2.110270741794432        18965.14052851551        99.99991354248884      -0.1502419811388584
                       35        2.840351504812968        2.439842768521485        18965.14044017174        99.99991275360946      -0.1502413955798119
                       36        2.600009826815653        2.366433092567391        18965.14035892877        99.99991196545639      -0.1502384424061844
                       37        2.315683726917929        2.226265764415995        18965.14029111753        99.99991121965968      -0.1502356474693372
                       38        2.931865637683294        2.618306009036013         18965.1401970386        99.99991045534235      -0.1502325139794038
                       39        3.110259477770064        2.864695341628774        18965.14011115014         99.9999096487214      -0.1502282966756212
                       40        3.798548715401538        3.713325317199708        18965.14001690653        99.99990885858131      -0.1502255019833818
                       41        3.866893429161882        3.440196630246664        18965.13992484545        99.99990797059303      -0.1502252740310634
                       42        3.796834831309469        3.382641077670312         18965.1398343288        99.99990713251412       -0.150225067479667
                       43        3.195489586177878        2.801146634225175        18965.13973245915        99.99990635637421      -0.1502242946753256
                       44        3.583393941612248        3.223681263352606         18965.1396392137        99.99990558075849      -0.1502222045145896
                       45        3.078844098563482        2.747877517323571        18965.13953676394        99.99990475473844      -0.1502217253136102
                       46        3.160178368380785        2.802662237914529        18965.13943020387        99.99990390531825      -0.1502195032481701
                       47        3.467257706113746         3.28232956373236        18965.13932024789        99.99990303511456      -0.1502193548020152
                       48        3.165506442920979         2.97912882257275        18965.13924734568        99.99990222177628      -0.1502197655920483
                       49        3.230101823048134        2.732572180357598        18965.13917102268        99.99990142895345      -0.1502187999462237
                       50        3.131322774154134        3.049422498344622        18965.13907953547        99.99990056490844      -0.1502214424441952
                       51        3.352005149524336        2.823788183740912        18965.13899763932        99.99989975062387      -0.1502224409937796
                       52        3.820558379628476        3.363633002953027        18965.13890428432        99.99989888317407      -0.1502250885449092
                       53        3.173531574920747         2.86603440835929        18965.13880825294        99.99989802569149      -0.1502260957384447
                       54        3.615316439668026        3.185568614848852        18965.13870055475        99.99989712551924      -0.1502294294526934
                       55        3.880436976034311        3.303636148623249        18965.13856632357        99.99989615346615      -0.1502329313037016
                       56        3.083813995676187        2.739415768571229        18965.13850253529        99.99989539174926      -0.1502355548123759
                       57        3.359557146691966        3.149987995147865        18965.13841816679        99.99989456357744      -0.1502375871035735
                       58        3.202622418408138        3.012524694636636         18965.1383341595        99.99989381122086      -0.1502396841777394
                       59         2.66266858498089        2.489232767742551        18965.13824639804        99.99989310150374      -0.1502425661967601
                       60        3.043604040136531        2.690747470354005        18965.13815418716         99.9998923085342      -0.1502472921168021
                       61         2.89076918755774        2.710237996084579        18965.13806164393        99.99989149637507      -0.1502533750527846
                       62        3.226682540560967        3.005310388049063        18965.13797468819        99.99989065604402      -0.1502594247701303
                       63        2.808726220136656        2.747191555019523        18965.13788157464        99.99988987371974      -0.1502625769431774
                       64        2.903021584548434        2.698546263899707        18965.13780005356        99.99988907368393      -0.1502635556330389
                       65        2.590312394505505        2.392308988955585        18965.13772374683        99.99988831129055      -0.1502651613801174

Final average n0: 3.049440927806048
Final fluctuations n0: 2.83630034996287

Averages:
2.697641496318441
3.076378204894682
3.577999143055316
3.164534846953095
2.770125425191299
2.700783821705733
2.728298099673713
2.647962783481813
2.693441414316254
2.57756859947754
2.570305711771153
2.616309110627488
3.555790686761647
3.884976247958896
2.88653037414929
2.142114203383103
2.884486477649253
3.208291679443086
2.878473423998866
2.726943480971384
3.101756325300642
3.307051451771906
2.618104948813722
2.13520581169743
2.520125541910105
3.149111921934862
2.879834584183238
2.86274640517158
3.301559508089755
3.534422021700494
3.140108376869659
3.042522318982873
3.386030889765294
2.359956445596413
2.840351504812968
2.600009826815653
2.315683726917929
2.931865637683294
3.110259477770064
3.798548715401538
3.866893429161882
3.796834831309469
3.195489586177878
3.583393941612248
3.078844098563482
3.160178368380785
3.467257706113746
3.165506442920979
3.230101823048134
3.131322774154134
3.352005149524336
3.820558379628476
3.173531574920747
3.615316439668026
3.880436976034311
3.083813995676187
3.359557146691966
3.202622418408138
2.66266858498089
3.043604040136531
2.89076918755774
3.226682540560967
2.808726220136656
2.903021584548434
2.590312394505505

Fluctuations:
2.565224248148403
2.844236660844957
3.281875044156229
2.833046823609867
2.543871792169582
2.479805877704647
2.549938416126639
2.432307621698391
2.443120721674127
2.435502591777839
2.429113664845753
2.491141073337952
3.187071850277609
3.641459614125609
2.680817504007113
2.003976740387423
2.597023715948946
2.905248580373148
2.710032744129722
2.576769951047892
2.790552888114147
2.945917903924059
2.357259188702676
2.048194886885411
2.414943396779069
2.729805047865629
2.721864204058194
2.587645534248367
2.958817329130448
3.142128739112796
2.82651490262039
2.814775140791789
2.902736017842777
2.110270741794432
2.439842768521485
2.366433092567391
2.226265764415995
2.618306009036013
2.864695341628774
3.713325317199708
3.440196630246664
3.382641077670312
2.801146634225175
3.223681263352606
2.747877517323571
2.802662237914529
3.28232956373236
2.97912882257275
2.732572180357598
3.049422498344622
2.823788183740912
3.363633002953027
2.86603440835929
3.185568614848852
3.303636148623249
2.739415768571229
3.149987995147865
3.012524694636636
2.489232767742551
2.690747470354005
2.710237996084579
3.005310388049063
2.747191555019523
2.698546263899707
2.392308988955585

Last point and parameters for further simulation:
100
22
0.5
custom

0.999689

0.952174

0.871412

0.785515

0.703407

0.628329

0.5611699999999999

0.50178

0.449569

0.403788

0.36367

0.328489

0.297591

0.2704

0.246411

0.225194

0.206375

0.189637

0.174707

0.161352

0.149373

0.1386

0.128884

0.120099

0.112136

0.104901

0.098312

0.092297

0.0867943

0.0817495

0.0771153

0.0728497

0.06891609999999999

0.06528200000000001

0.0619187

0.0588008

0.0559056

0.0532131

0.0507052

0.0483658

0.0461806

0.0441367

0.0422223

0.040427

0.0387414

-0.1731626897675748
-0.6677259611074861
1.236893297698696
0.0497304590243365
-0.5622228693647264
0.2362045973184667
0.3293481841723998
1.305245099838918
0.1348582878945789
0.5276050526576268
2.260981073552375
-0.9518793917336672
0.8085471219680275
-0.8748475943401859
-2.044770664979036
1.632937483578934
-1.439930974146226
-0.5468596719171152
0.8924386638023631
0.7483747597575001
1.215701826220067
0.4789718375482039
-1.590280740714913
-0.6674631683873911
-2.169346341731539
1.048704568618227
1.025853680709917
0.6741762625461949
-0.9722448907650079
2.262517992794103
2.2866638950167
-1.626104350878422
2.003367888514834
0.2578154597201722
0.59262022834719
-0.4930268782438708
0.8767511192297585
0.3388800744046512
0.3595702531930555
-0.6350724321353004
-0.6557274163429261
-0.5197038777345763
0.5682853553389178
-0.6307974777393974
0.8029718256114342
-0.4318307307435841
1.234598903070225
-1.773642957122506
-0.3501906391957384
-0.5081663404742772
2.011737528751405
0.2033455806855624
0.5228830915816803
0.25113126628544
0.005755073609246306
-0.6471602636083964
0.7972647414646848
1.155226472715714
-0.5579801910442079
0.995354170139676
0.4004916113615066
0.5732325356672031
0.9393319355398986
0.5470980580821575
1.026228207543262
-0.4143875933713978
-0.1525069210544322
-1.534432429209617
-2.092480070359635
1.531073444134695
0.1233503497146631
0.8723017280152345
0.5686343637678453
0.4668995529258018
1.490207329610405
0.2796252068567138
-1.041425654994467
2.452099969733975
0.06993982335492516
0.814531600735234
0.7002434030854179
-0.9933843117468744
-1.103522810112367
-0.1189439311097232
0.4662383307157829
-0.250912410660849
0.9477921286662435
0.9004955567967037
-1.364583394191981
-0.3425166581889822

Final quantities:
3.049440927806048
2.83630034996287
