Number of particles: 100
Nmax: 24
Gamma: 0.5
Interaction type: custom
Step size: 5e-05
Batch size: 200000
Batch count: 70
             Batch number               Average n0          Fluctuations n0                   Energy           Particle count                 Momentum
                        1        2.096439063763186        1.882290788213172        21569.57161123672        100.0000858052834     -0.02170537686802732
                        2        1.958961429852043        1.768066619608894        21569.57171246046        100.0000856013408     -0.02171134484250814
                        3        2.604268447956462        2.298380144950655         21569.5717761711        100.0000853836511     -0.02171649047828339
                        4        2.696160512150628        2.347563310885146        21569.57185055975        100.0000851594708     -0.02171899301152891
                        5        2.156360170593125        2.001728418955774        21569.57192891564        100.0000849180416     -0.02172162104884734
                        6        2.815895293580117        2.618247341755044        21569.57200996185        100.0000846663047     -0.02172559934780338
                        7        2.514759695298906        2.328758962394641         21569.5720887035        100.0000844347727     -0.02173102469645016
                        8        2.775623763290281        2.320952141065533        21569.57219478465        100.0000842066249     -0.02173485950020648
                        9        2.776512001438586        2.653702556941233        21569.57227907216        100.0000839585663     -0.02173387473951038
                       10        2.888691734124317         2.78712298324502        21569.57234742241        100.0000837120939     -0.02173598450198355
                       11        3.254751100699138        2.989826940124542        21569.57240402805        100.0000834630455     -0.02173695631082495
                       12        2.572088116923246        2.361284307475856        21569.57251895189         100.000083239237     -0.02173664693025401
                       13        3.755973303529215        3.464134919955884        21569.57265849724        100.0000830339442     -0.02174007199897687
                       14         3.73617478105233        3.444581813498545        21569.57277294219        100.0000827734581     -0.02174247171945964
                       15        3.241025147333473        2.859307069639478        21569.57286518964         100.000082516443     -0.02174445760317667
                       16        2.917660971750369        2.573740697618089        21569.57294489041        100.0000822878684     -0.02174724705824005
                       17        3.741236150234144        3.457186127574071        21569.57302165595        100.0000820708983     -0.02175224966287814
                       18         3.19334284128233        3.053444327297695        21569.57308863964         100.000081829569      -0.0217576038699292
                       19         3.00926927621606        2.805192744004132        21569.57319223417        100.0000816122422     -0.02176160311907438
                       20        3.321775596234744        2.913920580320102        21569.57326931807        100.0000813724122     -0.02176264271535189
                       21        4.273283809072741        3.645682888359524        21569.57339300471        100.0000811733063     -0.02176401120742355
                       22         3.21765331600572        2.923559116054829        21569.57350053456        100.0000809598256     -0.02176513230904931
                       23        2.960209843900287        2.790790559041883        21569.57360681205        100.0000807198472     -0.02176644207619205
                       24        2.800521871350085         2.36898256591236        21569.57369117194        100.0000804573372     -0.02176774675187332
                       25         3.44554144439258        3.139472025923912        21569.57377896985        100.0000802287257     -0.02176608196863583
                       26        3.600939338928036        3.134652611937917        21569.57388021745        100.0000800079046       -0.021766592174707
                       27        3.447055153868854        2.925878547308056        21569.57399614173        100.0000797966754     -0.02176441883333169
                       28        2.574542833578366        2.517899446464316         21569.5740721557        100.0000795480344     -0.02176186201980101
                       29        2.788342187809643        2.560411810594184         21569.5741570549        100.0000792897622     -0.02176115398482636
                       30        3.531461718880057        3.427890754122185        21569.57425905207        100.0000790279829     -0.02176023517287717
                       31         3.08220755657073         2.98558678996492        21569.57435693148        100.0000788132537     -0.02175873352556579
                       32        3.389885980670498        3.139206216931963        21569.57445482452        100.0000785911018     -0.02175946281238339
                       33         3.46626601565258        2.957481073006428        21569.57455290898        100.0000783849813     -0.02175796810147546
                       34        2.728179916569775        2.571078356168246        21569.57466399232          100.00007816339     -0.02175563462878927
                       35        2.608290682883686        2.265445945709891        21569.57475071582        100.0000779098361     -0.02175420303941955
                       36         2.84179626296697        2.423514549730165        21569.57482082556        100.0000776563389      -0.0217512527455066
                       37        3.451188516327421        3.179795632702662        21569.57488304419        100.0000774240989     -0.02174906828388856
                       38        2.582458406893787        2.357667492286317        21569.57494290565        100.0000771732311     -0.02174763355069476
                       39        3.380999912485218        2.799450102209031        21569.57500955181        100.0000769365246     -0.02174638950388186
                       40        3.368009488594436        2.933601953961166        21569.57507181137        100.0000766991412     -0.02174357202100197
                       41        3.409093547023557        3.201658418035062        21569.57515677064        100.0000764726301     -0.02174310274073932
                       42        3.271864746667833        2.713191046799688        21569.57523795877         100.000076220725     -0.02174357748353373
                       43        3.338025639869884        3.174624585043992        21569.57533145236        100.0000759702547     -0.02174358381688535
                       44        4.177389471267868         3.72404522957118        21569.57546111767        100.0000757597118     -0.02174502805910805
                       45        4.408360266268872        3.914081734649004        21569.57559224989        100.0000755145153     -0.02174949043589436
                       46         4.23380957452656        3.715171844278164        21569.57572887513        100.0000752878213     -0.02175047570828958
                       47        3.702529855982691        3.355537779217797         21569.5758094495         100.000075026419     -0.02175114514666276
                       48        3.848552724315113        3.329484235647899        21569.57591471996        100.0000747725198     -0.02175079646054456
                       49        3.452141967578351        3.125527548843874        21569.57596923269        100.0000745371965     -0.02175074947228772
                       50        4.121364615958439        3.907238458456015        21569.57604192132        100.0000743068337      -0.0217513325581038
                       51        4.099203933147481        3.679967403361316        21569.57614817807        100.0000740714516     -0.02175461138818413
                       52        4.881017084386571        4.040236304981096        21569.57630153658         100.000073868894     -0.02175981660385418
                       53        4.796389991949018        4.108598563547063        21569.57642791031        100.0000736220777     -0.02176307174126535
                       54        4.248785401570388        3.875890354766777        21569.57656741591        100.0000734286156     -0.02176432312012366
                       55        3.334736376261535         3.00794208236048        21569.57665599308        100.0000731915174     -0.02176435393317178
                       56        3.813087413249991        3.312499010580352        21569.57670524496        100.0000729333011     -0.02176452710846632
                       57         3.35399346576959        3.287976688701744        21569.57675175207        100.0000726633683     -0.02176395979248014
                       58        3.106319559293501        2.875714184725807        21569.57681718134         100.000072398603     -0.02176444458688565
                       59        3.302557677072722        2.931058393023136        21569.57688144207        100.0000721568155     -0.02176560169642272
                       60        2.762347038334826         2.31037749485279        21569.57692836925        100.0000719100347     -0.02176497288443002
                       61        3.608955934477414        3.023290797499587        21569.57701814418        100.0000716948265     -0.02176258655919128
                       62        3.654397032435372        2.954571145147785        21569.57712858802        100.0000714757996     -0.02176008281016095
                       63        2.563143056896298        2.275247746586714        21569.57725016318         100.000071238072     -0.02176011832200331
                       64        2.695034620151777        2.494778330850747        21569.57733707532        100.0000709848781     -0.02175979957897312
                       65        3.220765915999384        2.805051665302034        21569.57740087129        100.0000707590977     -0.02176046639540452
                       66        3.116489716545597        2.667111611102198        21569.57751305166         100.000070519066     -0.02176269024585054
                       67        3.492259952587099          3.2282061269556         21569.5776317034        100.0000703003035     -0.02176631414128138
                       68         2.92772923214187        2.585177892298423        21569.57771112165        100.0000700591289      -0.0217674887880861
                       69        3.452402226937814        3.127759875996924        21569.57779589558        100.0000698167135     -0.02176641753181663
                       70        3.002038298974917        2.678179258474665        21569.57786695739        100.0000695519613     -0.02176455504844199

Final average n0: 3.270865571319236
Final fluctuations n0: 3.037632333175696

Averages:
2.096439063763186
1.958961429852043
2.604268447956462
2.696160512150628
2.156360170593125
2.815895293580117
2.514759695298906
2.775623763290281
2.776512001438586
2.888691734124317
3.254751100699138
2.572088116923246
3.755973303529215
3.73617478105233
3.241025147333473
2.917660971750369
3.741236150234144
3.19334284128233
3.00926927621606
3.321775596234744
4.273283809072741
3.21765331600572
2.960209843900287
2.800521871350085
3.44554144439258
3.600939338928036
3.447055153868854
2.574542833578366
2.788342187809643
3.531461718880057
3.08220755657073
3.389885980670498
3.46626601565258
2.728179916569775
2.608290682883686
2.84179626296697
3.451188516327421
2.582458406893787
3.380999912485218
3.368009488594436
3.409093547023557
3.271864746667833
3.338025639869884
4.177389471267868
4.408360266268872
4.23380957452656
3.702529855982691
3.848552724315113
3.452141967578351
4.121364615958439
4.099203933147481
4.881017084386571
4.796389991949018
4.248785401570388
3.334736376261535
3.813087413249991
3.35399346576959
3.106319559293501
3.302557677072722
2.762347038334826
3.608955934477414
3.654397032435372
2.563143056896298
2.695034620151777
3.220765915999384
3.116489716545597
3.492259952587099
2.92772923214187
3.452402226937814
3.002038298974917

Fluctuations:
1.882290788213172
1.768066619608894
2.298380144950655
2.347563310885146
2.001728418955774
2.618247341755044
2.328758962394641
2.320952141065533
2.653702556941233
2.78712298324502
2.989826940124542
2.361284307475856
3.464134919955884
3.444581813498545
2.859307069639478
2.573740697618089
3.457186127574071
3.053444327297695
2.805192744004132
2.913920580320102
3.645682888359524
2.923559116054829
2.790790559041883
2.36898256591236
3.139472025923912
3.134652611937917
2.925878547308056
2.517899446464316
2.560411810594184
3.427890754122185
2.98558678996492
3.139206216931963
2.957481073006428
2.571078356168246
2.265445945709891
2.423514549730165
3.179795632702662
2.357667492286317
2.799450102209031
2.933601953961166
3.201658418035062
2.713191046799688
3.174624585043992
3.72404522957118
3.914081734649004
3.715171844278164
3.355537779217797
3.329484235647899
3.125527548843874
3.907238458456015
3.679967403361316
4.040236304981096
4.108598563547063
3.875890354766777
3.00794208236048
3.312499010580352
3.287976688701744
2.875714184725807
2.931058393023136
2.31037749485279
3.023290797499587
2.954571145147785
2.275247746586714
2.494778330850747
2.805051665302034
2.667111611102198
3.2282061269556
2.585177892298423
3.127759875996924
2.678179258474665

Last point and parameters for further simulation:
100
24
0.5
custom

0.999689

0.952174

0.871412

0.785515

0.703407

0.628329

0.5611699999999999

0.50178

0.449569

0.403788

0.36367

0.328489

0.297591

0.2704

0.246411

0.225194

0.206375

0.189637

0.174707

0.161352

0.149373

0.1386

0.128884

0.120099

0.112136

0.104901

0.098312

0.092297

0.0867943

0.0817495

0.0771153

0.0728497

0.06891609999999999

0.06528200000000001

0.0619187

0.0588008

0.0559056

0.0532131

0.0507052

0.0483658

0.0461806

0.0441367

0.0422223

0.040427

0.0387414

0.0371569

0.0356656

0.0342606

0.0329355

-1.34925087383037
-0.1565724446959434
-0.6377520830690464
-0.7129337540317187
-0.6946929616695463
-0.2564023130628675
-0.4787208014768464
-0.8338238654758207
-0.03393513303401446
2.011867043145753
-0.6666622717214664
-0.2049431370503338
-0.4410532319840885
-0.4977634775075284
2.233454206540059
0.4931176705469187
0.1743996428157374
1.731822853600791
1.603963144209485
-0.8055854281573317
-1.015969615645586
-0.00378755479007404
0.1026806912534055
1.552918461613157
-0.5716303748299826
-0.1985724655010581
1.063923392150665
-0.6103429005996269
0.4942634462031114
0.4558338857907409
0.2153828481537914
0.3830855548119799
-1.371957518570102
-0.8296586293578401
1.339187016867633
0.8755364271976969
-0.3765217240775032
-0.9380938271652158
1.429519906499207
1.444883895810463
-0.2607526117213678
0.3527311870295528
-0.08057873609937274
-1.123415408237302
-1.035980577136808
-0.2026509569734982
-1.002742344229979
-0.2299086461835
0.1010140744073002
-0.3685240366202063
1.024425457389234
0.3203132626527239
0.5543215908737212
-0.5561592092153206
0.3604884036971699
-1.78367669995771
-0.04825274529314534
-0.6708187021953892
-0.08289584759127555
0.5118477690805849
-0.2638140846756887
0.1597539784343194
-1.200862856505583
2.14721717051451
0.8586986182798005
0.145705818682643
-2.891148156329707
0.698720367223286
0.06510062358530028
0.6927329441563448
-1.020357104779436
2.16044035610591
1.034611657260609
1.906017004856228
0.1752232703929938
0.02504924635164472
-0.2300937806927744
0.6562848857001858
0.5656062339380173
2.475082586045243
-2.090419186212008
0.9025578944467659
-0.58634551254586
-1.235601248639588
0.7636224224501044
-1.065612407395991
-0.615537542689697
0.02063201615638605
1.261195514186929
1.072383397642319
0.5255400662827595
-1.333750487812697
1.569929995324129
1.145983664022061
-0.5927674365947285
-0.6037366896116354
1.064854654242237
0.5344853901652025

Final quantities:
3.270865571319236
3.037632333175696
