Number of particles: 100
Nmax: 25
Gamma: 0.5
Interaction type: custom
Step size: 5e-05
Batch size: 200000
Batch count: 70
             Batch number               Average n0          Fluctuations n0                   Energy           Particle count                 Momentum
                        1        2.061870863840434        1.978855598182484        22961.00360766268        100.0000423355983     -0.01953832145942158
                        2         2.27485552240668        2.106331770015152        22961.00380303337        100.0000421683056     -0.01953638239899647
                        3        2.140121133624901        2.072254374552644        22961.00398662349        100.0000419941199     -0.01953741833824552
                        4        2.293262300238402        2.186324334801454        22961.00418333359        100.0000417949065     -0.01953829980388733
                        5        2.697787562272438        2.417198336332727        22961.00434656233         100.000041626272     -0.01953850107017985
                        6         2.84787490885394        2.639724461848549        22961.00448933604        100.0000414318548     -0.01954252730981665
                        7        3.342707836679395        3.062969064844069        22961.00462997368        100.0000412245798     -0.01954354501064515
                        8        3.380716759178235        3.093760802407435         22961.0047523869        100.0000410180954     -0.01954258891376703
                        9        3.085730221017526        2.638639805080837        22961.00497501887        100.0000408604859      -0.0195448496505648
                       10        2.503828022734026        2.451513150187773        22961.00518151263        100.0000406853082     -0.01955182086798146
                       11        2.175359774869095        1.986595698393168        22961.00536931731         100.000040504028     -0.01955549782282162
                       12        1.765893569061408        1.819785144714087        22961.00546793604         100.000040270834     -0.01955766653115631
                       13        2.263636835882598        2.016983222583626        22961.00559121311        100.0000400595127      -0.0195597660766893
                       14        2.383915983959725        2.200405574795865        22961.00573352264        100.0000398534369     -0.01956085212301772
                       15        2.498930700018891        2.175560861522651        22961.00592166585         100.000039666402     -0.01956091370209379
                       16        2.796058914906831        2.326545553482574        22961.00612622598        100.0000394947983     -0.01955960627569198
                       17        2.523473062206441        2.155848971058446        22961.00634305269        100.0000393573177     -0.01955853517364758
                       18        2.668947182609673        2.505503633656486        22961.00652343658        100.0000391701609     -0.01956234232960941
                       19        3.419206471615476        2.876522685014807         22961.0066648844        100.0000389811993     -0.01956344779738473
                       20        2.578311581317503        2.270483517341908        22961.00681650514        100.0000387651106     -0.01956099623870156
                       21        2.695726550924363        2.308862393352173        22961.00695174489        100.0000385472485     -0.01955933885114192
                       22        2.613035490241443        2.482381683973288        22961.00716909417        100.0000383938948     -0.01956013786849908
                       23        2.624421105335514        2.461249070031119        22961.00727960042        100.0000381694085     -0.01955891220979922
                       24        2.237868434112298         2.08136522101183        22961.00742555736        100.0000379654926     -0.01955766397182934
                       25        2.104921541046203        1.890006426852187        22961.00756496873        100.0000377521761     -0.01955468448667119
                       26        1.989717557811209        1.770142044906781        22961.00767593078        100.0000375321199     -0.01955261990633517
                       27        1.612189615482101        1.509442148388764        22961.00779592697        100.0000373313265     -0.01954902786233603
                       28        1.539210719711986        1.417057304477521        22961.00783033452        100.0000370830353      -0.0195470733022205
                       29        1.697344834982633        1.552018960899449        22961.00795407388        100.0000368774699     -0.01954150660934317
                       30        1.870715065416219        1.795120379102785         22961.0080673617        100.0000366587738     -0.01953867738402693
                       31        2.006728598890069        1.904720891998046        22961.00816303214        100.0000364353492     -0.01953997798470475
                       32        1.868590620657706        1.694681688533835        22961.00830437405        100.0000362355993     -0.01954039483567094
                       33        2.097975921039676        1.818820561459813        22961.00847631439        100.0000360532185     -0.01953990976406672
                       34        1.945104529304521         1.81529587304721        22961.00860870748        100.0000358552197     -0.01953979718480525
                       35        1.679595654712907        1.539134375841213        22961.00871568373        100.0000356191882      -0.0195397287947614
                       36        1.909323433120556        1.828238895269706        22961.00885393838        100.0000354203394     -0.01954038837060068
                       37        2.106529977090433        1.768612426237681        22961.00898982485        100.0000352065327     -0.01953794426667699
                       38        2.519489895104244        2.184913439208386        22961.00913673078         100.000034996288     -0.01953681751611791
                       39         2.30085900532127         2.06555894841504         22961.0093018876        100.0000348156787     -0.01953556277599366
                       40        2.221840172149791        1.911508474271665        22961.00945561119        100.0000346205132     -0.01953501074011399
                       41        2.216907931575844        2.022160253210865        22961.00962544281        100.0000344427996     -0.01953507688229905
                       42        2.056560154157955        1.827423463724292        22961.00977880556        100.0000342433942     -0.01953549400500876
                       43        2.853945051588629        2.715096246366796        22961.01006026054        100.0000341220869     -0.01953745804244988
                       44        2.544057897967049        2.277329938457504        22961.01029997123        100.0000339733891     -0.01953683802192074
                       45        3.638961582001478        3.179238394740074        22961.01046790326        100.0000337813096     -0.01953624242342045
                       46        3.151510909252703        2.833268955247407        22961.01066706932        100.0000336254867     -0.01953707619004774
                       47        3.037452396625983        2.862008957207906        22961.01088796818        100.0000334676065      -0.0195366945078348
                       48        3.362457340272771        2.931465252156036        22961.01118927734        100.0000333564639     -0.01953732895000826
                       49        3.267065832757563        3.219999912035266        22961.01147826975          100.00003325043     -0.01953894373341214
                       50        3.462538127008939         2.94037696635176        22961.01169947956        100.0000331068558     -0.01954212762747076
                       51         3.68366112409733        3.307802791722462        22961.01191263834        100.0000329463802     -0.01954272862550965
                       52         3.61552774584412        3.200478795028079        22961.01216381485        100.0000328045763      -0.0195458813252074
                       53        2.945378780115179        2.734511649379341        22961.01244967678        100.0000327358642     -0.01954887246655801
                       54        2.998318189948788        2.655712156769459        22961.01272434643        100.0000326303622     -0.01954914341088099
                       55        3.693500936347694        3.489429524023859        22961.01291675173        100.0000324582238     -0.01954776782714163
                       56        4.067621840992129        3.986619688354984        22961.01306441121        100.0000322688471     -0.01954732031235462
                       57        3.243690113729504        2.915992041762284        22961.01319250255        100.0000320522716      -0.0195501418196784
                       58        3.464665618260455        3.104106785702581        22961.01332134292        100.0000318435153     -0.01955037430233375
                       59        3.327164535730673        3.155708856954666        22961.01351279459        100.0000316843765     -0.01954981729852534
                       60        3.127399215278956        2.894452640558061        22961.01373096404        100.0000315186786     -0.01954703055719875
                       61        2.893991998170276        2.417315745206687        22961.01386807111        100.0000313116496     -0.01954510588769409
                       62        2.833744343875118        2.534498502038564        22961.01404846009        100.0000311314286     -0.01954528470256811
                       63        2.680811025975084        2.561292848296377        22961.01425593594         100.000030976641     -0.01954534931000751
                       64        2.897352332068531        2.647483575737963          22961.014468804        100.0000308139783     -0.01954260578353484
                       65        3.082631686280428        2.860992925710709        22961.01467528675        100.0000306596149     -0.01954293472628876
                       66          2.8818755624671        2.679064747431064        22961.01490132851         100.000030523268     -0.01953983795431924
                       67        3.491565053432748        3.098844926756301        22961.01518835671        100.0000303989612     -0.01954158695379959
                       68        3.298541197566293        2.988776022714018        22961.01540944633        100.0000302494573     -0.01954137510691822
                       69        3.244342215715427        2.823366875322434        22961.01563632727        100.0000300929947     -0.01953952572762319
                       70        2.220627714792688        1.895393722740268        22961.01584949419        100.0000299482537     -0.01953755911672062

Final average n0: 2.66610780548066
Final fluctuations n0: 2.554325283135958

Averages:
2.061870863840434
2.27485552240668
2.140121133624901
2.293262300238402
2.697787562272438
2.84787490885394
3.342707836679395
3.380716759178235
3.085730221017526
2.503828022734026
2.175359774869095
1.765893569061408
2.263636835882598
2.383915983959725
2.498930700018891
2.796058914906831
2.523473062206441
2.668947182609673
3.419206471615476
2.578311581317503
2.695726550924363
2.613035490241443
2.624421105335514
2.237868434112298
2.104921541046203
1.989717557811209
1.612189615482101
1.539210719711986
1.697344834982633
1.870715065416219
2.006728598890069
1.868590620657706
2.097975921039676
1.945104529304521
1.679595654712907
1.909323433120556
2.106529977090433
2.519489895104244
2.30085900532127
2.221840172149791
2.216907931575844
2.056560154157955
2.853945051588629
2.544057897967049
3.638961582001478
3.151510909252703
3.037452396625983
3.362457340272771
3.267065832757563
3.462538127008939
3.68366112409733
3.61552774584412
2.945378780115179
2.998318189948788
3.693500936347694
4.067621840992129
3.243690113729504
3.464665618260455
3.327164535730673
3.127399215278956
2.893991998170276
2.833744343875118
2.680811025975084
2.897352332068531
3.082631686280428
2.8818755624671
3.491565053432748
3.298541197566293
3.244342215715427
2.220627714792688

Fluctuations:
1.978855598182484
2.106331770015152
2.072254374552644
2.186324334801454
2.417198336332727
2.639724461848549
3.062969064844069
3.093760802407435
2.638639805080837
2.451513150187773
1.986595698393168
1.819785144714087
2.016983222583626
2.200405574795865
2.175560861522651
2.326545553482574
2.155848971058446
2.505503633656486
2.876522685014807
2.270483517341908
2.308862393352173
2.482381683973288
2.461249070031119
2.08136522101183
1.890006426852187
1.770142044906781
1.509442148388764
1.417057304477521
1.552018960899449
1.795120379102785
1.904720891998046
1.694681688533835
1.818820561459813
1.81529587304721
1.539134375841213
1.828238895269706
1.768612426237681
2.184913439208386
2.06555894841504
1.911508474271665
2.022160253210865
1.827423463724292
2.715096246366796
2.277329938457504
3.179238394740074
2.833268955247407
2.862008957207906
2.931465252156036
3.219999912035266
2.94037696635176
3.307802791722462
3.200478795028079
2.734511649379341
2.655712156769459
3.489429524023859
3.986619688354984
2.915992041762284
3.104106785702581
3.155708856954666
2.894452640558061
2.417315745206687
2.534498502038564
2.561292848296377
2.647483575737963
2.860992925710709
2.679064747431064
3.098844926756301
2.988776022714018
2.823366875322434
1.895393722740268

Last point and parameters for further simulation:
100
25
0.5
custom

0.999689

0.952174

0.871412

0.785515

0.703407

0.628329

0.5611699999999999

0.50178

0.449569

0.403788

0.36367

0.328489

0.297591

0.2704

0.246411

0.225194

0.206375

0.189637

0.174707

0.161352

0.149373

0.1386

0.128884

0.120099

0.112136

0.104901

0.098312

0.092297

0.0867943

0.0817495

0.0771153

0.0728497

0.06891609999999999

0.06528200000000001

0.0619187

0.0588008

0.0559056

0.0532131

0.0507052

0.0483658

0.0461806

0.0441367

0.0422223

0.040427

0.0387414

0.0371569

0.0356656

0.0342606

0.0329355

0.0316843

0.0305019

-1.158553697058089
-0.2358373808321564
1.175880312032188
-0.06858003668178209
0.6860857060527313
0.6021550565970648
0.3251026689363521
-0.2652248260584263
-1.020522173486951
-1.003509623133383
-1.735644840579319
-0.9485515685956367
0.3372463379239478
2.385312315316136
-0.1609849679208738
0.09936782266497542
-0.8430063558201329
0.7980461934894876
0.9423632620335233
-0.7484805988831532
-0.7400596952815365
0.3655341038560881
-0.3893458258600878
-1.026140441814088
0.5043090781810116
-0.335529866570029
0.4082112407622046
0.5714187865646615
-0.3336310786797923
0.4515057151775206
-3.380990568806376
-1.120784832915204
-0.3319969900159306
1.853057377479818
1.66885071945506
0.2938208210037701
-0.06602925610543826
1.25140113575765
-0.8023561364114367
-0.6123280167167181
0.9437530220014494
-0.8560509712594813
-1.253939263477502
-0.2430793114265072
0.3921891295705769
-1.177895640277716
0.4973138762519646
0.04817116412577527
0.3942826743519309
0.4092217998631469
-1.638884366384868
0.7348501488115846
-0.6239027429693235
-1.020312146145751
0.3260919211459961
-0.6251217017979036
-0.5283268516169723
0.2798234967154451
-0.9864039242897742
0.02822475064378482
-0.9005870066965134
0.2045469461601134
-2.17991724631048
0.2538013064786495
0.2541773335597156
-0.6140398614879641
-1.05188493760258
-0.7906013043786633
-0.8368471655473665
-2.460877733840042
0.9368765988087674
-0.4325299883365455
1.281603834406677
-0.3633048586027249
-1.494571810046603
0.9692005971832508
-1.414336940970869
-1.010953504321926
2.685421971688106
0.1582384291052367
1.323939802015846
0.2954885793522912
-1.547921391365507
-0.307004821152543
-0.1535115593463698
0.07233704268632739
-0.1174809469382305
-0.7534825718651023
0.2941030357698581
-1.240260444104219
0.8328712781607586
0.4385260716529888
0.1451952161277516
-1.862841573888915
-0.02235278580913032
-0.5097496297207923
-0.3623821452841549
0.3445263130927452
-0.6441219355102678
-1.016739739929232
1.003664955013991
-0.473585191356272

Final quantities:
2.66610780548066
2.554325283135958
