-0.0012590841034829197 1 [-5.80059, -2.31897, 1.12027]
find opposite
-0.0025181682069658393 1 [-19.1077, -15.6373, -12.3241]
-0.005036336413931679 1 [-65.5822, -64.6338, -61.6855]
-0.010072672827863357 -1 [-203.83, -228.119, -238.348]
find 0
-0.0075545046208975175 -1 [-131.385, -140.339, -141.639]
-0.0062954205174145985 0 [-97.2964, -100.521, -98.9653]
find lower bound
-0.006924962569156058 0 [-114.154, -120.016, -119.655]
-0.007239733595026788 -1 [-122.693, -130.061, -130.574]
-0.007082348082091423 -1 [-118.429, -125.089, -125.113]
-0.007003655325623741 0 [-116.268, -122.492, -122.374]
-0.007043001703857582 0 [-117.353, -123.779, -123.777]
-0.007062674892974502 -1 [-117.896, -124.356, -124.359]
-0.007052838298416042 0 [-117.581, -124.142, -124.044]
-0.007057756595695273 0 [-117.747, -124.153, -124.149]
-0.007060215744334887 0 [-117.817, -124.354, -124.249]
-0.007061445318654694 -1 [-117.841, -124.364, -124.382]
-0.007060830531494791 -1 [-117.836, -124.299, -124.303]
-0.007060523137914838 -1 [-117.824, -124.333, -124.371]
find upper bound
-0.005665878465673138 0 [-81.0747, -81.9547, -79.6011]
-0.005351107439802409 1 [-73.2198, -73.0934, -70.372]
-0.0055084929527377735 0 [-77.1293, -77.5556, -74.9579]
-0.005429800196270091 0 [-75.1616, -75.321, -72.6513]
-0.00539045381803625 0 [-74.1932, -74.267, -71.4582]
-0.005370780628919329 1 [-73.7297, -73.6946, -71.0013]
-0.005380617223477789 1 [-73.9794, -73.953, -71.2795]
-0.005385535520757019 0 [-74.0949, -74.1228, -71.481]
-0.005383076372117404 1 [-74.0474, -74.0286, -71.4092]
-0.005384305946437212 0 [-74.0453, -74.0539, -71.4412]
-0.005383691159277308 1 [-74.0294, -74.0278, -71.408]
-0.00538399855285726 0 [-74.0242, -74.0722, -71.2025]
(-0.007060215744334887, -0.00538399855285726)
-0.006222107148596074
