-0.0017849721895771562 1 [-4.1911, -0.720157, 2.805]
find opposite
-0.0035699443791543124 1 [-27.5455, -23.9988, -20.3467]
-0.007139888758308625 1 [-127.188, -124.679, -121.567]
-0.01427977751661725 -1 [-421.038, -437.997, -445.316]
find 0
-0.010709833137462937 0 [-264.558, -268.692, -268.388]
find lower bound
-0.012494805327040094 -1 [-341.089, -350.895, -353.917]
-0.011602319232251516 -1 [-302.436, -309.187, -310.254]
-0.011156076184857228 -1 [-283.37, -288.791, -289.061]
-0.010932954661160083 -1 [-273.932, -278.671, -278.812]
-0.01082139389931151 -1 [-269.233, -273.706, -273.718]
-0.010765613518387222 0 [-266.873, -271.296, -270.948]
-0.010793503708849366 0 [-268.108, -272.421, -272.027]
-0.010807448804080438 0 [-268.599, -273.117, -272.945]
-0.010814421351695974 0 [-268.982, -273.368, -273.126]
-0.01081790762550374 0 [-269.081, -273.634, -273.279]
-0.010819650762407625 0 [-269.239, -273.616, -273.497]
-0.010820522330859568 0 [-269.17, -273.641, -273.432]
find upper bound
-0.00892486094788578 1 [-192.672, -192.664, -190.249]
-0.009817347042674358 0 [-227.951, -229.808, -228.231]
-0.009371103995280069 0 [-210.121, -210.969, -209.047]
-0.009147982471582924 0 [-201.361, -201.708, -199.642]
-0.009036421709734352 0 [-196.954, -197.235, -194.993]
-0.008980641328810067 0 [-194.731, -194.868, -192.52]
-0.008952751138347924 0 [-193.688, -193.696, -191.509]
-0.008938806043116851 1 [-193.145, -193.095, -191.034]
-0.008945778590732388 0 [-193.383, -193.583, -191.146]
-0.00894229231692462 0 [-193.214, -193.342, -190.962]
-0.008940549180020735 0 [-193.245, -193.3, -191.057]
-0.008939677611568792 0 [-193.178, -193.325, -190.763]
(-0.010820522330859568, -0.008939677611568792)
-0.00988009997121418
