-0.001372991523724397 1 [17.1924, 20.9021, 24.037]
find opposite
-0.002745983047448794 1 [1.98218, 5.54406, 9.6411]
-0.005491966094897588 1 [-57.3326, -53.7943, -50.6327]
-0.010983932189795176 1 [-272.713, -269.432, -265.517]
-0.021967864379590352 0 [-921.832, -923.078, -921.841]
-0.043935728759180705 -1 [-2604.93, -2653.63, -2686.69]
find lower bound
-0.03295179656938553 -1 [-1725.96, -1744.65, -1755.1]
-0.02745983047448794 -1 [-1311.19, -1319.26, -1322.56]
-0.024713847427039144 -1 [-1112.93, -1117.2, -1117.47]
-0.02334085590331475 0 [-1016.52, -1018.74, -1018.25]
-0.024027351665176947 0 [-1064.49, -1067.9, -1067.59]
-0.024370599546108047 -1 [-1088.57, -1091.86, -1092.69]
-0.0241989756056425 0 [-1076.43, -1080.08, -1079.91]
-0.024284787575875273 -1 [-1082.66, -1086.13, -1086.48]
-0.024241881590758886 -1 [-1079.49, -1083.04, -1083.17]
-0.024220428598200693 -1 [-1077.91, -1081.45, -1081.8]
-0.024209702101921596 0 [-1077.32, -1080.75, -1080.68]
-0.024215065350061144 0 [-1077.64, -1081.29, -1081.22]
find upper bound
-0.016475898284692765 1 [-570.083, -567.124, -564.424]
-0.01922188133214156 1 [-740.338, -739.209, -736.891]
-0.020594872855865955 1 [-829.967, -829.593, -828.018]
-0.021281368617728155 0 [-875.778, -876.089, -874.795]
-0.020938120736797055 0 [-852.683, -852.728, -851.411]
-0.020766496796331503 1 [-841.548, -840.983, -839.284]
-0.020852308766564277 0 [-847.09, -847.144, -845.091]
-0.02080940278144789 0 [-844.052, -844.15, -842.473]
-0.020787949788889697 1 [-842.985, -842.663, -840.866]
-0.020798676285168793 1 [-843.537, -843.41, -841.779]
-0.020804039533308342 1 [-843.739, -843.687, -842.186]
-0.020806721157378118 0 [-843.99, -844.024, -842.028]
(-0.024215065350061144, -0.020806721157378118)
-0.022510893253719633
