Number of particles: 100
Nmax: 13
Gamma: 0.5
Interaction type: contact
Step size: 0.0001
Batch size: 200000
Batch count: 100
             Batch number               Average n0          Fluctuations n0                   Energy           Particle count                 Momentum
                        1        7.350796061688071         6.43652906524106         10814.1531312898        99.99994900673298       0.0388290335197663
                        2        7.194158775104686        6.592030242214893        10814.14985837468        99.99993616050615       0.0388287623437904
                        3        6.987867404603033         6.42466726072141        10814.14671932002        99.99992366063351      0.03882929582851169
                        4        7.301073329858817        6.345650108452919        10814.14339510801        99.99991064599229      0.03883107922582418
                        5        7.211239954096644        6.258398909864995        10814.14009728971        99.99989769401137      0.03882897317759992
                        6        7.018771467300311        6.264672088100956        10814.13694878508        99.99988524508287      0.03883014055318412
                        7        6.863803101055829        6.047500589714592        10814.13365727987        99.99987234544324      0.03883071043672714
                        8        6.598587975741979         6.09545200020181        10814.13050106578        99.99985985782131      0.03883049970142594
                        9        7.357127637512235        6.823970384392873        10814.12728975987        99.99984717768405       0.0388338724296986
                       10         7.05132795881492         6.56642270859121        10814.12421350612        99.99983488169859      0.03883327853671759
                       11        7.421185921187406        6.628443742265781        10814.12104008127        99.99982231664333      0.03882976358252677
                       12        6.975023726368858        5.978515115494289        10814.11783351828         99.9998096424861      0.03882815699866526
                       13        6.942398333149242        6.297505712614083        10814.11466214747        99.99979706697265      0.03882730029101822
                       14        6.689872480757789        6.195151543117894        10814.11141601162        99.99978429006758      0.03882878309537219
                       15        7.336507887240872        6.567700348217411        10814.10794212716        99.99977081583143      0.03883121680911739
                       16         7.40885018579698        6.438057582939564        10814.10443804506        99.99975730934322      0.03883242437791168
                       17        7.308812907549951        6.867026017075696        10814.10120802691        99.99974456781227      0.03883272321005826
                       18         6.58548427156059        6.197733508684047        10814.09806201441        99.99973207411264      0.03883220758992323
                       19        6.951414656970628        6.244631263716256        10814.09495431215        99.99971969103547      0.03883320042599436
                       20        6.979592099978883        6.218136084863795        10814.09189309621        99.99970746445761      0.03883410113900609
                       21        7.820576588226464        6.996008768285501         10814.0888425422        99.99969529592137      0.03883321372602655
                       22        6.814326978286489        6.339868925542179        10814.08562552443        99.99968258630102      0.03883433613368936
                       23        7.283466050402626        6.433811624404449        10814.08263370024        99.99967056026188      0.03883472343372318
                       24        7.157241363862731        6.348918680396619        10814.07930979579        99.99965754847854      0.03883539677407555
                       25        6.979859692429934        6.214553043296271        10814.07611148962        99.99964491064001      0.03883558082969962
                       26        7.122573765758824         6.46852592476506        10814.07313232632        99.99963292831973      0.03883697699256849
                       27        7.672803697561674        6.660969310303591        10814.06985627904        99.99962009300972      0.03883598863384208
                       28        6.773734414419966        6.313867586815398        10814.06650333236         99.9996069917072      0.03883654839960116
                       29        7.156772869062315        6.238508469392744           10814.06354005        99.99959502256962       0.0388369762733376
                       30        7.513818687222796        6.541090157566595        10814.06038373596        99.99958251971961       0.0388362921588481
                       31        7.267515005172819         6.55316998169478        10814.05705216794        99.99956947209301      0.03883576247140041
                       32        7.227886122431008        6.553837052165537        10814.05387966063        99.99955691345562      0.03883561867972674
                       33        7.263134867318024        6.405721761687416        10814.05048410399        99.99954367492995       0.0388337682735127
                       34        7.221000453496082        6.616814107328504        10814.04733762889         99.9995311893087      0.03883411109591162
                       35        7.136462705560318        6.384375023849991        10814.04408428018        99.99951836655092      0.03883423531044095
                       36          7.5074746302073         6.62799229824297        10814.04086092214        99.99950567294647      0.03883628179812249
                       37        7.491743302166377        6.294754478442193         10814.0376931078        99.99949310988305      0.03883708581869527
                       38        7.793778691644757        6.937863561746063        10814.03439195812        99.99948012605449      0.03883682684577838
                       39         7.69596498401436        6.640294344788435        10814.03101025053        99.99946694590662      0.03883371410136416
                       40        7.336403878841313        6.439792465285366        10814.02775075348        99.99945408848536      0.03883073479695653
                       41        7.662676285915278        6.908604874821237        10814.02437699902        99.99944089846207      0.03882962884904462
                       42        7.264394650603837        6.724976237291037        10814.02127292238        99.99942854208652      0.03882979098894879
                       43        6.888809161432854        6.357448397269223        10814.01788931869        99.99941535739229      0.03882767169546852
                       44        7.751852737321242        7.153146132148684         10814.0143497577        99.99940169733141      0.03883052430596479
                       45        7.278106234964216        6.840112485197808        10814.01109686895        99.99938890621635      0.03883062827353534
                       46        7.876786935170701        6.830161320101496        10814.00766832766        99.99937557170682      0.03883015414232105
                       47        7.056677600764612        6.279885526120577        10814.00457406586        99.99936328367698      0.03883312008536421
                       48        7.156617228601479         6.07960776241893         10814.0012626896        99.99935030891714      0.03883274873865616
                       49        7.683380862282321        6.816968475121861        10813.99815009195        99.99933789700351      0.03883168765645806
                       50        7.095780972904768        6.590090397133801        10813.99495426789        99.99932527044423      0.03883347865671638
                       51        7.239890848193159        6.210681458762155        10813.99172890947        99.99931257654622      0.03883252942154058
                       52        7.333552711609624        6.745211014514992        10813.98855533088        99.99930003035674      0.03883121290062519
                       53        7.519607441376972        6.460861231549848        10813.98534838087        99.99928738085998      0.03883318205758535
                       54        7.193142745094384         6.31944080520253        10813.98233646924        99.99927530271914      0.03883322812298218
                       55        7.067240076832975        6.337494939469284        10813.97916971497        99.99926271882723      0.03883232044225338
                       56        6.951145108609682          6.4634838522176        10813.97614638644        99.99925062818831      0.03883298964105819
                       57         7.62065966541597        6.761663090005506        10813.97296280834        99.99923799579058      0.03883378707578089
                       58        7.205059629861193        6.523692132012144        10813.96976811472        99.99922533056542      0.03883455734771246
                       59        7.564709710079448        7.124431768906376         10813.9664610857        99.99921233551989      0.03883388774091756
                       60        7.463741547700931        6.101642625580278        10813.96329372307        99.99919979553259      0.03883545080243422
                       61        7.216476598058595        6.459095220595375        10813.96002005229        99.99918691909464      0.03883574673607981
                       62        6.984009885524738        6.297508876803362        10813.95705836319        99.99917497442637      0.03883319980061017
                       63        7.459870652230013        6.659139366139803         10813.9534314225        99.99916105916014      0.03883498894753501
                       64        7.353780380959365        6.501729841216653        10813.95035004658        99.99914879128211      0.03883492062898597
                       65        7.039120659248506        6.443263514164067        10813.94724026114         99.9991364052032       0.0388334945894897
                       66        6.876002638554152        6.154565839244833        10813.94399981737         99.9991236695129      0.03883296624940513
                       67        7.564022204069937        6.647952019725642        10813.94075438798        99.99911087328907      0.03883201748756626
                       68        7.436313115215404        6.715531223170878        10813.93747457914        99.99909796813755      0.03882969515961143
                       69        7.524851095355869        6.592856821205722        10813.93399710613        99.99908449760572      0.03883325273528282
                       70        6.781866791829263        6.520540002685616          10813.930836723        99.99907198054946      0.03883441903555251
                       71        7.410080677905314        6.300771410131041        10813.92758856278        99.99905917930224      0.03883590707527063
                       72        6.745292896888129        5.732978368244925        10813.92434906783        99.99904641641577       0.0388316288800219
                       73        7.525880271522687         6.61409070272241        10813.92096567474        99.99903322440043      0.03883016370946635
                       74        7.291889853318207        6.478080622258655        10813.91769116109        99.99902034002605      0.03882793910912241
                       75        7.737833333176022        6.764136049690237        10813.91437633715        99.99900733107782      0.03883035561520565
                       76        6.985534961570126        6.282620872833333        10813.91115090446        99.99899458256178      0.03882985042215026
                       77         7.43131260305729        6.404985488146362         10813.9077536093          99.998981368768      0.03883197722835696
                       78         6.71821122978672        5.966312578625662        10813.90477479417        99.99896941006561      0.03883214944001168
                       79        7.170048457362937        6.256837610507569        10813.90145763614        99.99895642530262      0.03883475423752358
                       80        7.152311016683682        6.118464111834958        10813.89821273018        99.99894363653533      0.03883536897727424
                       81        7.242030509991138        6.404340998891279        10813.89498050067        99.99893088915357      0.03883599988379949
                       82        7.555599531978547        6.736508126006524        10813.89165738012        99.99891786541819      0.03883486619705634
                       83        7.470304536357294        6.526801633437939        10813.88832052612        99.99890478566351      0.03883192045528716
                       84        7.481067557229083        6.768322022294045        10813.88528271864        99.99889261842084      0.03883089310887833
                       85        7.423799800351085        6.810658018896975        10813.88203362344        99.99887986272041      0.03883160384786422
                       86        7.135652750408184        6.559901761208206        10813.87888257979        99.99886737717529      0.03883072836390156
                       87        7.429602288689916        6.841942542727852        10813.87565017797        99.99885465615046      0.03883258596760086
                       88        7.190020297361612        6.366139830250912        10813.87242030446        99.99884190461073       0.0388329846575175
                       89        6.550586371941058        6.106788299898379        10813.86914840887        99.99882901913912      0.03883369579949747
                       90        7.302447774053341        6.588323000232028        10813.86593443903        99.99881636542935      0.03883432282766108
                       91        6.612377998518211        5.792996748081638        10813.86278793418        99.99880386290293      0.03883621377045188
                       92        7.528689211848473        6.853643230752501        10813.85941485692        99.99879069597185      0.03883598167577773
                       93        7.593869572722783        7.026458038801961        10813.85577128922         99.9987767263904      0.03883776856293508
                       94        7.225004822472101        6.352910729533129         10813.8526553602        99.99876436902437      0.03883788130268684
                       95        7.645018663357091        6.653722432725436        10813.84943938559        99.99875165578655      0.03883446592504924
                       96        6.844354153120094        6.078369854513493        10813.84644284397        99.99873965017656      0.03883183123927303
                       97        7.223495108394081        6.157189596076793        10813.84333897856        99.99872730868225      0.03883148341937392
                       98        7.373069957730978        6.656101310297539        10813.84016157085         99.9987147263638       0.0388291110200143
                       99        7.725475043169308        6.982159705471082        10813.83679147681        99.99870159837111      0.03883046846538107
                      100        7.416506319972157        6.722160736495117        10813.83348949921        99.99868863668124      0.03882976980687136

Final average n0: 7.250179486311435
Final fluctuations n0: 6.493300964289412

Averages:
7.350796061688071
7.194158775104686
6.987867404603033
7.301073329858817
7.211239954096644
7.018771467300311
6.863803101055829
6.598587975741979
7.357127637512235
7.05132795881492
7.421185921187406
6.975023726368858
6.942398333149242
6.689872480757789
7.336507887240872
7.40885018579698
7.308812907549951
6.58548427156059
6.951414656970628
6.979592099978883
7.820576588226464
6.814326978286489
7.283466050402626
7.157241363862731
6.979859692429934
7.122573765758824
7.672803697561674
6.773734414419966
7.156772869062315
7.513818687222796
7.267515005172819
7.227886122431008
7.263134867318024
7.221000453496082
7.136462705560318
7.5074746302073
7.491743302166377
7.793778691644757
7.69596498401436
7.336403878841313
7.662676285915278
7.264394650603837
6.888809161432854
7.751852737321242
7.278106234964216
7.876786935170701
7.056677600764612
7.156617228601479
7.683380862282321
7.095780972904768
7.239890848193159
7.333552711609624
7.519607441376972
7.193142745094384
7.067240076832975
6.951145108609682
7.62065966541597
7.205059629861193
7.564709710079448
7.463741547700931
7.216476598058595
6.984009885524738
7.459870652230013
7.353780380959365
7.039120659248506
6.876002638554152
7.564022204069937
7.436313115215404
7.524851095355869
6.781866791829263
7.410080677905314
6.745292896888129
7.525880271522687
7.291889853318207
7.737833333176022
6.985534961570126
7.43131260305729
6.71821122978672
7.170048457362937
7.152311016683682
7.242030509991138
7.555599531978547
7.470304536357294
7.481067557229083
7.423799800351085
7.135652750408184
7.429602288689916
7.190020297361612
6.550586371941058
7.302447774053341
6.612377998518211
7.528689211848473
7.593869572722783
7.225004822472101
7.645018663357091
6.844354153120094
7.223495108394081
7.373069957730978
7.725475043169308
7.416506319972157

Fluctuations:
6.43652906524106
6.592030242214893
6.42466726072141
6.345650108452919
6.258398909864995
6.264672088100956
6.047500589714592
6.09545200020181
6.823970384392873
6.56642270859121
6.628443742265781
5.978515115494289
6.297505712614083
6.195151543117894
6.567700348217411
6.438057582939564
6.867026017075696
6.197733508684047
6.244631263716256
6.218136084863795
6.996008768285501
6.339868925542179
6.433811624404449
6.348918680396619
6.214553043296271
6.46852592476506
6.660969310303591
6.313867586815398
6.238508469392744
6.541090157566595
6.55316998169478
6.553837052165537
6.405721761687416
6.616814107328504
6.384375023849991
6.62799229824297
6.294754478442193
6.937863561746063
6.640294344788435
6.439792465285366
6.908604874821237
6.724976237291037
6.357448397269223
7.153146132148684
6.840112485197808
6.830161320101496
6.279885526120577
6.07960776241893
6.816968475121861
6.590090397133801
6.210681458762155
6.745211014514992
6.460861231549848
6.31944080520253
6.337494939469284
6.4634838522176
6.761663090005506
6.523692132012144
7.124431768906376
6.101642625580278
6.459095220595375
6.297508876803362
6.659139366139803
6.501729841216653
6.443263514164067
6.154565839244833
6.647952019725642
6.715531223170878
6.592856821205722
6.520540002685616
6.300771410131041
5.732978368244925
6.61409070272241
6.478080622258655
6.764136049690237
6.282620872833333
6.404985488146362
5.966312578625662
6.256837610507569
6.118464111834958
6.404340998891279
6.736508126006524
6.526801633437939
6.768322022294045
6.810658018896975
6.559901761208206
6.841942542727852
6.366139830250912
6.106788299898379
6.588323000232028
5.792996748081638
6.853643230752501
7.026458038801961
6.352910729533129
6.653722432725436
6.078369854513493
6.157189596076793
6.656101310297539
6.982159705471082
6.722160736495117

Last point and parameters for further simulation:
100
13
0.5
contact

0.2590872792065544
-1.138240847884725
0.237117022849128
-0.8183885764693256
0.06085523216902981
1.509364580925546
-1.676661413656078
-1.083900787542274
-3.536846327417865
-2.280165055632457
2.126774030258618
0.5689780784433222
1.788958389385834
0.5891052570497423
0.8496373209642468
1.310135316776153
-0.9886243229769205
-0.03191142052087209
1.399271557866461
0.6108900761094102
-2.062991188376748
0.002073695305287736
1.111966698706244
-2.034506234854338
-1.9531374349331
0.1024173853953584
0.2426173501022398
-0.1335877846461931
0.8349833511450397
1.026940713365364
0.08535719151804623
0.6531999924004629
1.726956945192479
0.8199233431654552
1.103699277710495
0.3597068927212808
-0.6723404863946525
-1.12220376631296
2.463112602734235
-1.218488608476392
-0.9449757394642844
-2.695911943569732
3.358937402584499
-0.3673460213949784
-0.6059140626996177
-1.413775284490728
-1.622631890359781
0.6747024802848921
1.55896520533871
-0.5255586413821429
-0.8131740073985454
-1.102201722308384
0.09561858460738985
0.4274143819296407

Final quantities:
7.250179486311435
6.493300964289412
