Number of particles: 100
Nmax: 15
Gamma: 0.5
Interaction type: contact
Step size: 0.0001
Batch size: 200000
Batch count: 100
             Batch number               Average n0          Fluctuations n0                   Energy           Particle count                 Momentum
                        1        5.927430583425061        5.481928372943242        12724.81025187053        99.99999209744031     0.008184767631558287
                        2        5.524161736050353         4.90273931965249        12724.80286532288        99.99996646857178     0.008180814315821294
                        3        5.689977210657937        5.226504714709864          12724.795025451        99.99993966773745     0.008176680898446698
                        4        5.634160337785544        4.957581735389009        12724.78794865696        99.99991498910209      0.00817190658986533
                        5        5.856866392583164        5.194436055215378        12724.78070346973        99.99988972984896     0.008167819855868785
                        6        6.032232492558112        5.402789913715616        12724.77331885608        99.99986409605013     0.008168967406654737
                        7         5.43495737025253        4.989664908054277         12724.7663636816        99.99983965936531     0.008167024389711841
                        8        5.500633154138234        5.360019270813982        12724.75889407358        99.99981383047719     0.008169318407382775
                        9        5.548951276772407        5.043102606593571        12724.75165822107        99.99978866237795     0.008162395338985107
                       10        5.748208112531627        5.145365010723684        12724.74416682507        99.99976283403349     0.008168585971538356
                       11        5.792668194846748        5.153429047137676        12724.73765229713        99.99973959300003     0.008174962128043362
                       12         6.17879563708861         5.31987428595554        12724.73036946283        99.99971433905006     0.008179009664927683
                       13        5.686915973755106        5.095779995643096        12724.72302432992        99.99968890835795     0.008179608605381361
                       14        5.934239718272782        5.650024895766549        12724.71506997525        99.99966196177608     0.008175982325685283
                       15        5.968230295765736        5.229187440989874        12724.70759642648        99.99963615341743     0.008175402067429616
                       16        5.912226087403108        5.412966058517013         12724.7000935427        99.99961025999677     0.008167812200245095
                       17        5.689388534400752        5.203089916139986        12724.69291070213        99.99958530039071      0.00816757662821388
                       18        5.695172142199053        5.069115630803918        12724.68584240228        99.99956057105618     0.008162427651532411
                       19        6.198650309528252        5.569146631594217        12724.67880997631        99.99953598053588     0.008164510434802708
                       20         5.84125310845375        5.182978607122384        12724.67121315295        99.99950985165249     0.008162606344679801
                       21        5.474386430251749           5.128457500782        12724.66359451509        99.99948362061281     0.008160792808614925
                       22        5.399972758738416        5.008009648571337        12724.65652982225        99.99945895648672     0.008164601633282587
                       23        5.081408473789317        4.805876362331171        12724.64954303714        99.99943457410436     0.008162050445918112
                       24        5.822650159420359        5.192510771003229        12724.64195863747        99.99940848357832     0.008160634226815233
                       25        6.157172956324093        5.577573461729242        12724.63440551512        99.99938245981062      0.00816291429804572
                       26        5.661490220770925        4.970129480294295        12724.62766541339        99.99935856699403       0.0081642118246954
                       27         5.78738786734457        4.998157679230338        12724.62083531528        99.99933447393808     0.008160600781963012
                       28        5.879148455684136        5.400808489069531        12724.61381388726        99.99930988348251     0.008164379081293305
                       29        5.345855701570382        5.100194196772677        12724.60662835592        99.99928484425446     0.008169719015821642
                       30        5.461069019170796         5.05184444200022        12724.59922345396        99.99925925271539     0.008175155912326204
                       31        5.410706892667978        4.901114868458286        12724.59220337556        99.99923463137162     0.008178431643395712
                       32        5.695729774819664        5.258622293356978        12724.58455499443        99.99920828687884     0.008179331779622601
                       33        5.483449852274984        5.049859173328385        12724.57746166947        99.99918350651097     0.008181391095796187
                       34        5.776073520255314        4.906277557842987        12724.57037647545        99.99915873120592     0.008183491014627009
                       35        5.612536722620903        5.116677246579851         12724.5632684128        99.99913394924131     0.008184143651472908
                       36        5.667532261162394        5.332614693241627        12724.55565808624        99.99910771997978     0.008189807643756097
                       37        5.713248012074764        5.340660523866426        12724.54861384209        99.99908309973739     0.008188153265578535
                       38        5.798705672364656        5.220094423298258        12724.54113302921         99.9990573030795     0.008187386341957925
                       39        5.761613454094846        5.095533778939838        12724.53376425386        99.99903171116239     0.008191634312270324
                       40        5.355826723098034        4.900606315695802        12724.52692874369        99.99900763835767     0.008193561025187535
                       41        5.571859468835869        5.111264326661153         12724.5197651427        99.99898261131287     0.008191291129881151
                       42        6.089297344805477         5.54601398892924        12724.51170004954         99.9989553145105     0.008197762217633908
                       43        5.860736983525793        5.216985434676496        12724.50467115328        99.99893063835779     0.008192577048866667
                       44        5.874744192690354        5.205028971553619        12724.49705514847        99.99890441765898     0.008197236585143486
                       45        5.716310634513072         5.39863025099194        12724.49006972044        99.99887995073583     0.008199382746667538
                       46        5.759000580486233         5.27608878712409        12724.48258299778        99.99885422176014     0.008199147228232562
                       47        5.322482659066155        4.696312291581247        12724.47573757093        99.99883010823098     0.008205514953212756
                       48        5.440377888295002        4.936816736303093        12724.46867989978        99.99880536048344      0.00819804529475654
                       49         5.63930053942361        4.951453698178709        12724.46128735955        99.99877971920955     0.008194952472820205
                       50        5.573613221281734        5.020786374665636        12724.45370618509         99.9987536401938     0.008195867525891742
                       51         5.57043897835552        5.020974669825234        12724.44708560572        99.99873012380644     0.008191828658016931
                       52        5.790102110106613        5.236045538354955        12724.44005823013        99.99870551650274     0.008190186362327267
                       53        5.947491031732585        5.798048070742515        12724.43275832529        99.99868011527207     0.008192735577779331
                       54        5.393698810935448        5.013041199715184        12724.42555362192        99.99865494248398     0.008196400008054994
                       55        5.822044465228157        5.186424488123473         12724.4182267118        99.99862952436077     0.008200384666658067
                       56        5.699662469143665        5.203909818498885        12724.41110289879        99.99860469462251     0.008198944815980269
                       57        5.375974129202135         4.95471209236465        12724.40376534598        99.99857920708824      0.00820060208868334
                       58        5.350095440817265        4.952852296502333        12724.39629735008        99.99855338852907     0.008198346067523232
                       59        6.002838036943164        5.358384528978791         12724.3888269745        99.99852754288514     0.008195908525182816
                       60         6.19916392869055        5.598307371849113        12724.38134079233        99.99850171467865     0.008200160500148712
                       61        5.753623050862601        5.243963052407345        12724.37429924602        99.99847709811573     0.008204479968723533
                       62        5.514637241872896        5.021236713139872        12724.36677299312        99.99845120145393     0.008203676533220516
                       63        5.690348917417881        5.280886837793202         12724.3588006231        99.99842411602732     0.008201907105709338
                       64        6.020354398493439        5.409072976242951        12724.35152306217         99.9983987817472     0.008199425391326898
                       65         5.59830985858783        5.417339845470178        12724.34442427315        99.99837402294787     0.008201555336876609
                       66        5.236418314599513        4.912220223462845        12724.33770191986        99.99835030135196     0.008196811647930957
                       67        5.543676017529979        5.009014741837145        12724.33063268412        99.99832558225347     0.008197634962893829
                       68        5.807105493831831        5.353503351766489        12724.32315736056        99.99829981923502     0.008197375666021856
                       69        5.775492227926704        5.294496292268427        12724.31598055899        99.99827478810046     0.008193048948111681
                       70        5.353839654811523        4.620646352101007        12724.30852580672         99.9982490127573     0.008195449956726719
                       71         6.16122743993581        5.316327492675279        12724.30070944636        99.99822230327811     0.008188970778718385
                       72        5.536689098767621        5.054511703570592        12724.29368051137        99.99819769140315     0.008196017764023011
                       73        5.456944970227047         4.93910750189609        12724.28671225815         99.9981732748374     0.008196026700666437
                       74        6.012412894990468        5.525539292182188        12724.27935631517        99.99814782741012     0.008196096964663724
                       75        5.444959904113927        4.710463347060314        12724.27189109832        99.99812206369731     0.008192200548485573
                       76        5.816273593016374        5.017337366010457        12724.26500541769        99.99809775132242     0.008196094556224942
                       77        5.706170701672215        5.321153851483902        12724.25810061449        99.99807342385289     0.008194450538745457
                       78        5.735150428879502         5.26646115992029         12724.2510305168        99.99804863331627     0.008191817279808333
                       79        5.838483369526505        5.555947606161681        12724.24337600809        99.99802229345356     0.008186375768740817
                       80         5.27086360929635        4.804125855996526         12724.2361414286        99.99799716573315     0.008183601485972858
                       81        6.506108801907606        5.743618117478929        12724.22853816045        99.99797099974394     0.008184600575448897
                       82        5.528557541690659        4.952784084253596        12724.22148620179        99.99794632056476     0.008188910823223594
                       83        5.956858335980997        5.307256841885693        12724.21420448441        99.99792108474007     0.008186362202053488
                       84        5.663222293274695        5.335180020728141        12724.20712512626        99.99789626502148     0.008190613777223632
                       85        5.828250258487702        5.678598124234728         12724.1998446066        99.99787093816748     0.008190083654071145
                       86        5.752573254692795        5.163853832528412        12724.19238502416        99.99784521484986     0.008190429693765822
                       87        5.827495485551047        5.414240561039645        12724.18491441891        99.99781940232332     0.008189303571136008
                       88        5.382846603892586        4.789701965761626        12724.17790540342         99.9977948768891     0.008187814516882774
                       89        5.648952088713783        5.163736542413229        12724.17091427127        99.99777036694044     0.008187293680112617
                       90        5.894086008656004        5.526465801144225        12724.16335948123        99.99774435209186     0.008184700955652602
                       91        5.484438481675536        4.964160226320086        12724.15654507677        99.99772022269438     0.008187372855203989
                       92        6.103168689022017        5.860149797211303        12724.14950896271        99.99769552910398     0.008184684660569985
                       93        5.728727868100384        5.028599000962608        12724.14247141717        99.99767087197058     0.008181545666420931
                       94         5.65941533921832        5.053501637829815        12724.13516947468         99.9976454617868      0.00818459317836151
                       95        5.643113488112867        5.188863410898692        12724.12829153921        99.99762125917763     0.008185683620769435
                       96        5.651403850037261         5.29871914587307        12724.12131531426        99.99759682768274     0.008185778776518049
                       97         5.61014880198139        5.091353437869398           12724.11383295        99.99757094343208     0.008184946286235117
                       98        5.659165712318379        5.300510541857729         12724.1064968662        99.99754546616114     0.008189903474005611
                       99        5.713626192369002        5.031669497672061        12724.09871925366        99.99751891837744     0.008189840283016281
                      100         5.99023770355164        5.283846228694896        12724.09150671564        99.99749380516842     0.008186679371799954

Final average n0: 5.7064569449664
Final fluctuations n0: 5.200181677288644

Averages:
5.927430583425061
5.524161736050353
5.689977210657937
5.634160337785544
5.856866392583164
6.032232492558112
5.43495737025253
5.500633154138234
5.548951276772407
5.748208112531627
5.792668194846748
6.17879563708861
5.686915973755106
5.934239718272782
5.968230295765736
5.912226087403108
5.689388534400752
5.695172142199053
6.198650309528252
5.84125310845375
5.474386430251749
5.399972758738416
5.081408473789317
5.822650159420359
6.157172956324093
5.661490220770925
5.78738786734457
5.879148455684136
5.345855701570382
5.461069019170796
5.410706892667978
5.695729774819664
5.483449852274984
5.776073520255314
5.612536722620903
5.667532261162394
5.713248012074764
5.798705672364656
5.761613454094846
5.355826723098034
5.571859468835869
6.089297344805477
5.860736983525793
5.874744192690354
5.716310634513072
5.759000580486233
5.322482659066155
5.440377888295002
5.63930053942361
5.573613221281734
5.57043897835552
5.790102110106613
5.947491031732585
5.393698810935448
5.822044465228157
5.699662469143665
5.375974129202135
5.350095440817265
6.002838036943164
6.19916392869055
5.753623050862601
5.514637241872896
5.690348917417881
6.020354398493439
5.59830985858783
5.236418314599513
5.543676017529979
5.807105493831831
5.775492227926704
5.353839654811523
6.16122743993581
5.536689098767621
5.456944970227047
6.012412894990468
5.444959904113927
5.816273593016374
5.706170701672215
5.735150428879502
5.838483369526505
5.27086360929635
6.506108801907606
5.528557541690659
5.956858335980997
5.663222293274695
5.828250258487702
5.752573254692795
5.827495485551047
5.382846603892586
5.648952088713783
5.894086008656004
5.484438481675536
6.103168689022017
5.728727868100384
5.65941533921832
5.643113488112867
5.651403850037261
5.61014880198139
5.659165712318379
5.713626192369002
5.99023770355164

Fluctuations:
5.481928372943242
4.90273931965249
5.226504714709864
4.957581735389009
5.194436055215378
5.402789913715616
4.989664908054277
5.360019270813982
5.043102606593571
5.145365010723684
5.153429047137676
5.31987428595554
5.095779995643096
5.650024895766549
5.229187440989874
5.412966058517013
5.203089916139986
5.069115630803918
5.569146631594217
5.182978607122384
5.128457500782
5.008009648571337
4.805876362331171
5.192510771003229
5.577573461729242
4.970129480294295
4.998157679230338
5.400808489069531
5.100194196772677
5.05184444200022
4.901114868458286
5.258622293356978
5.049859173328385
4.906277557842987
5.116677246579851
5.332614693241627
5.340660523866426
5.220094423298258
5.095533778939838
4.900606315695802
5.111264326661153
5.54601398892924
5.216985434676496
5.205028971553619
5.39863025099194
5.27608878712409
4.696312291581247
4.936816736303093
4.951453698178709
5.020786374665636
5.020974669825234
5.236045538354955
5.798048070742515
5.013041199715184
5.186424488123473
5.203909818498885
4.95471209236465
4.952852296502333
5.358384528978791
5.598307371849113
5.243963052407345
5.021236713139872
5.280886837793202
5.409072976242951
5.417339845470178
4.912220223462845
5.009014741837145
5.353503351766489
5.294496292268427
4.620646352101007
5.316327492675279
5.054511703570592
4.93910750189609
5.525539292182188
4.710463347060314
5.017337366010457
5.321153851483902
5.26646115992029
5.555947606161681
4.804125855996526
5.743618117478929
4.952784084253596
5.307256841885693
5.335180020728141
5.678598124234728
5.163853832528412
5.414240561039645
4.789701965761626
5.163736542413229
5.526465801144225
4.964160226320086
5.860149797211303
5.028599000962608
5.053501637829815
5.188863410898692
5.29871914587307
5.091353437869398
5.300510541857729
5.031669497672061
5.283846228694896

Last point and parameters for further simulation:
100
15
0.5
contact

1.093436688081002
0.2853733332996902
0.657392407450003
0.4331925657277028
0.7297423724507685
1.749094589067363
-0.1961743732495089
-0.2550625967298263
-0.2002851081944551
1.284125648130184
0.7724141342283849
3.552354118231378
1.258439982563796
2.110297481993485
2.396568257153906
-2.264622650136962
-1.114631241583063
1.36620077704007
0.6067434505514163
-0.7007536082093287
-1.503588609522615
0.7663651920624018
-1.133134817339433
-0.2981396063568463
-1.192346065626191
0.4854539041136627
-0.3215782564969956
0.6814071406993587
0.2399672292582229
-1.769353879504179
-1.119847004080254
0.6855809940916164
-0.2702886295594263
-2.044596188094733
0.06414863464632398
0.009824686230697521
0.1660244961167136
0.6584384039747089
-0.3545607430530155
-1.308512456425169
1.3098440597913
-1.141183885354323
0.9708431521219544
-2.03490462342371
-1.811886003731884
-0.6047555034951827
-0.2122653834066216
2.028258907067437
-3.293580929202002
1.479292553651718
-0.8581143840761508
0.1370960340885673
0.01731914105918189
1.829107518954863
1.130493033491951
0.008897482658861408
-0.1091984274127157
-0.9705787450153422
-1.311149036122299
1.761583601307249
0.7587202064501788
-0.179282808616565

Final quantities:
5.7064569449664
5.200181677288644
