Number of particles: 100
Nmax: 21
Gamma: 0.5
Interaction type: contact
Step size: 5e-05
Batch size: 200000
Batch count: 50
             Batch number               Average n0          Fluctuations n0                   Energy           Particle count                 Momentum
                        1        3.130911950565846        2.953854908716506        19615.18060357577        99.99994685014472      -0.1390471906914854
                        2        3.663686917699759          3.4401064010584        19615.17983792528        99.99994481688228      -0.1390481624979358
                        3        3.309954512213026        2.989261737397316        19615.17926861033        99.99994317143297      -0.1390479613961588
                        4        3.025494998793958        2.950993765960238        19615.17860687682        99.99994134263544      -0.1390476598613688
                        5        3.869983674593509        3.611164978641529        19615.17790057254        99.99993941388668      -0.1390481158323169
                        6         3.43570311420728        3.296014707050901        19615.17726372535        99.99993762546245      -0.1390481219664252
                        7         3.63717758043123        3.444711113019607        19615.17663570316        99.99993586813372       -0.139047954124873
                        8        3.608469039772744        3.523780328486233        19615.17590604779         99.9999338932053      -0.1390473662922727
                        9         3.61506327481327        3.384679898022565         19615.1751852469        99.99993192568503      -0.1390475504104201
                       10        3.360593466236717         2.92187065100761        19615.17450892577        99.99993004892541      -0.1390471791422456
                       11        3.603247252156971        3.259872676419803        19615.17390149472        99.99992832981769      -0.1390473843183653
                       12        3.232721814428074        2.964660862322535        19615.17330037038        99.99992662224739      -0.1390480492777117
                       13        3.492522704769439        3.342764929130822        19615.17258445911        99.99992466989232      -0.1390480212085983
                       14        3.284178135286469         3.10810401220439        19615.17189780184        99.99992278122897      -0.1390479030130747
                       15        3.303618372278005        3.334687803946165        19615.17129084339        99.99992105856062      -0.1390479032075049
                       16        2.806837074096165        2.575752608441259        19615.17064405511         99.9999192526478      -0.1390474670161268
                       17        3.471217051788916        3.413276852524822        19615.16991108555        99.99991726266867      -0.1390478624543547
                       18        3.530770196604389        3.206394225468945        19615.16914440205        99.99991521340965      -0.1390482992872322
                       19         3.44392919746345        3.330472124213371        19615.16846013845        99.99991332985279      -0.1390477760741824
                       20        3.010689096820289         2.93725170243478        19615.16779394173        99.99991150196696      -0.1390482005622751
                       21        3.397409832991452        3.187879369015139         19615.1670861122        99.99990958472469      -0.1390481557651633
                       22        3.662617175199796        3.373620073569701        19615.16630334844        99.99990750405809      -0.1390480109230925
                       23        3.407984124820549        3.057806888231829        19615.16562929654        99.99990564683249      -0.1390479608932438
                       24        3.395110581043507        3.216772338350822        19615.16481268126        99.99990353709654      -0.1390477268228096
                       25        3.299397016774933        3.140093777556904        19615.16418284769        99.99990175938902        -0.13904792701919
                       26        3.331882853151936        3.221921928350036        19615.16344321099        99.99989977396957      -0.1390486944632485
                       27        3.289398440651077        3.159513340460942         19615.1627569558        99.99989788845687      -0.1390485700512958
                       28        3.534021243863726         3.20164959826361        19615.16203311263        99.99989594845076      -0.1390489779736157
                       29        3.766698271200172        3.317719503992041        19615.16130647079        99.99989398163852      -0.1390490638383586
                       30        3.206046905351419        3.014793689524305         19615.1607369634        99.99989234157681      -0.1390484506408889
                       31        3.589438159326106        3.250727792257099        19615.15997891769        99.99989030637254      -0.1390492747437975
                       32        3.202345366409492        2.942535995118007        19615.15918800945        99.99988822219818      -0.1390497121404621
                       33        3.521149811438354        3.208218884140564        19615.15859531308        99.99988654076112      -0.1390498324200777
                       34        3.406349659547879        3.018120373488757        19615.15792976892        99.99988471188809      -0.1390493971127071
                       35        3.487781452645383        3.328939977839632        19615.15721874284        99.99988275765094       -0.139049341211221
                       36        3.295534156107377        3.244875227253909        19615.15644641154        99.99988069338005      -0.1390492568494821
                       37        3.389102874729004        3.125263474232348        19615.15573459545        99.99987876079946       -0.139049503765591
                       38        3.870285547734453        3.758471561429257        19615.15498057306         99.9998767584916      -0.1390488884220176
                       39        4.043162084452866        3.843953906728096        19615.15422549437        99.99987472899065      -0.1390482161212034
                       40        4.020229759738331        3.548095757042957        19615.15348733481        99.99987274056656      -0.1390485071207195
                       41        3.516905872201793        3.194356078046827        19615.15280975471        99.99987086450446      -0.1390490811570011
                       42         3.60161101133782        3.361248609967889        19615.15202915124        99.99986879431624      -0.1390491407069465
                       43         3.67370341096774        3.404434562860382        19615.15131424836        99.99986685925435      -0.1390489177790073
                       44        3.249293589680298        2.950201483350676          19615.150577583        99.99986486975652      -0.1390491863477976
                       45        3.004949251004918        2.945948819509423         19615.1499492183        99.99986311878779      -0.1390488425491654
                       46         2.95778487148647        2.820357249780274        19615.14928757292        99.99986128983583      -0.1390491247938215
                       47        3.432045391016645        3.357972639461583        19615.14865754551        99.99985952369229      -0.1390492470144089
                       48        2.924619897891887        2.706669843699278        19615.14805038027        99.99985780403597      -0.1390496171404854
                       49        3.423200312599059        3.240171948048404        19615.14740918435        99.99985601555383      -0.1390495562708356
                       50         2.77815439886313         2.46946895575526        19615.14675088963        99.99985420183273      -0.1390497631355743

Final average n0: 3.410299654984941
Final fluctuations n0: 3.214938573055199

Averages:
3.130911950565846
3.663686917699759
3.309954512213026
3.025494998793958
3.869983674593509
3.43570311420728
3.63717758043123
3.608469039772744
3.61506327481327
3.360593466236717
3.603247252156971
3.232721814428074
3.492522704769439
3.284178135286469
3.303618372278005
2.806837074096165
3.471217051788916
3.530770196604389
3.44392919746345
3.010689096820289
3.397409832991452
3.662617175199796
3.407984124820549
3.395110581043507
3.299397016774933
3.331882853151936
3.289398440651077
3.534021243863726
3.766698271200172
3.206046905351419
3.589438159326106
3.202345366409492
3.521149811438354
3.406349659547879
3.487781452645383
3.295534156107377
3.389102874729004
3.870285547734453
4.043162084452866
4.020229759738331
3.516905872201793
3.60161101133782
3.67370341096774
3.249293589680298
3.004949251004918
2.95778487148647
3.432045391016645
2.924619897891887
3.423200312599059
2.77815439886313

Fluctuations:
2.953854908716506
3.4401064010584
2.989261737397316
2.950993765960238
3.611164978641529
3.296014707050901
3.444711113019607
3.523780328486233
3.384679898022565
2.92187065100761
3.259872676419803
2.964660862322535
3.342764929130822
3.10810401220439
3.334687803946165
2.575752608441259
3.413276852524822
3.206394225468945
3.330472124213371
2.93725170243478
3.187879369015139
3.373620073569701
3.057806888231829
3.216772338350822
3.140093777556904
3.221921928350036
3.159513340460942
3.20164959826361
3.317719503992041
3.014793689524305
3.250727792257099
2.942535995118007
3.208218884140564
3.018120373488757
3.328939977839632
3.244875227253909
3.125263474232348
3.758471561429257
3.843953906728096
3.548095757042957
3.194356078046827
3.361248609967889
3.404434562860382
2.950201483350676
2.945948819509423
2.820357249780274
3.357972639461583
2.706669843699278
3.240171948048404
2.46946895575526

Last point and parameters for further simulation:
100
21
0.5
contact

-0.9019007610216426
-0.9935300666013773
-0.8842854919174385
-0.04474182942577465
0.3073575576120278
0.08207445405324823
-0.3958636505878967
-0.6175098996588498
-0.6327572280044353
1.989617164060886
-0.9232501705625239
-1.027340920896961
0.05149038485682195
1.557604303384305
-0.7193066284796913
0.1937757712031362
-0.6823754100487307
-0.9768169018231599
2.992141950999471
-0.4049547166977457
-1.035674022927
-2.098754704404545
-0.7220568897783423
-0.4444783432803374
-1.092678376987979
1.22088270612065
0.8638267170635743
-0.5502498961123875
0.1954752686763547
0.8675921396527394
-1.518490275350543
-1.325105044423212
-0.2109332908262965
1.340010370863611
1.136533668760284
1.561819412729291
-0.4505225459040876
0.2313633915285882
-0.5686475451939624
-0.1367553281261319
-0.1449507155237659
1.563536760890379
-1.012304750527923
-0.0401425688944777
-1.368050517363676
0.6639538562504927
-0.8392199719403869
0.6128916238548769
0.2278353328288917
-0.1643627150863657
-1.709669664737067
2.211154288596668
-0.9961593501618309
0.1002675744295738
1.457869747540959
0.6893142886741966
0.4781091504731221
-1.233264843587139
0.7152107324431208
1.598023702198615
0.8431151416479473
-0.6491145475641287
0.8216801192684121
2.461403199704501
0.5832326265193657
-0.1159100466028142
-1.013291858590568
-0.4776767906849819
0.4902672936516899
-1.566135065624489
-2.709337836905043
-0.7329853077971394
-2.030306946709246
-0.3713800113628912
0.9479395399170416
-0.725867309558393
1.451423379653153
-0.4360476290883073
0.2926201533672538
-0.8434085757440405
-0.7423317945208928
-0.5171355748164246
-1.543215690592412
-0.2683680023795691
0.7217343601624304
0.4755939795712143

Final quantities:
3.410299654984941
3.214938573055199
