Number of particles: 100
Nmax: 6
Gamma: 0.5
Interaction type: contact
Step size: 0.0001
Batch size: 200000
Batch count: 500
             Batch number               Average n0          Fluctuations n0                   Energy           Particle count                 Momentum
                        1        40.47520693682576        21.25501826182086        5774.140099898039        100.0000287927024      0.06177290871922403
                        2        39.79925292396215        21.25511787228162        5774.140032411684        100.0000282951654      0.06177291132046037
                        3        43.46863342865068        20.32854948056036        5774.139962818505        100.0000277848298       0.0617729166995229
                        4        39.98092383016537        21.89680143736011        5774.139895272661        100.0000272873442      0.06177292689683345
                        5        47.31567319255967        19.50034192690456        5774.139828030582         100.000026789861      0.06177293952726881
                        6        49.74865400233782        19.14463840062673        5774.139759163872         100.000026283213      0.06177292067757545
                        7         42.4853027108101        21.85848637675691        5774.139689818324        100.0000257752734      0.06177292664127254
                        8        43.75347175254732        20.78748178245409         5774.13962114369        100.0000252712006      0.06177295512638792
                        9        43.58523882432692        19.90928877542027        5774.139554236242        100.0000247763859      0.06177296298369228
                       10        44.40975702478198        20.51486902400605        5774.139486911639         100.000024279925      0.06177296488254491
                       11         44.8921178206522        20.27035376667066        5774.139417525361        100.0000237719228      0.06177298570045942
                       12        46.51401700882931        19.99328776120009        5774.139349197801        100.0000232683447       0.0617729938516185
                       13        46.61093283890014        20.41691117262717        5774.139279440641         100.000022757283      0.06177295170779473
                       14        43.07835394206361         21.8130517462311        5774.139212017625        100.0000222598217      0.06177296284763312
                       15        43.32906374675886        20.84599676264949        5774.139143956628        100.0000217590716      0.06177294223020269
                       16        45.52433988169931        21.28160285743831        5774.139077786103        100.0000212686617      0.06177296040441904
                       17        45.29002069859712         19.9322602964125        5774.139009842078        100.0000207676654      0.06177295329008814
                       18        43.36915204527904        21.08051546951882        5774.138943240855         100.000020275072      0.06177297719629316
                       19         46.3290887146552        20.17730884736281         5774.13887376038        100.0000197650941      0.06177299033145633
                       20        43.85747907946937        20.75876262540076        5774.138805896223        100.0000192658614      0.06177295596188692
                       21         45.4929827441013        21.45275646842257        5774.138737726575        100.0000187643741      0.06177295899032309
                       22        46.90221124704498        18.17756745639357        5774.138671700608        100.0000182749621      0.06177297124270531
                       23         45.4831839066108         20.1454958714234        5774.138603159728        100.0000177706614      0.06177296904365326
                       24        44.74214602205024        20.70140607774005        5774.138533768162         100.000017261914      0.06177299132082958
                       25          43.537820292318        21.75880198841919        5774.138466916565        100.0000167678245      0.06177296725098635
                       26        46.01165763732494        20.07049678756419        5774.138396950259        100.0000162552827      0.06177295465904553
                       27         46.8693901779885        20.10040105597647        5774.138327333476        100.0000157453477      0.06177296837723312
                       28        45.55995636151091        20.64424278344627        5774.138256938036        100.0000152313744      0.06177294670135858
                       29        41.10890827446504         19.7739789343449        5774.138189842795        100.0000147363159      0.06177292705330129
                       30         45.0650656851647        22.22525889325157        5774.138121657596        100.0000142340349      0.06177298121341845
                       31        46.01964083466041        18.65121525621442        5774.138051752893        100.0000137227845      0.06177296792275477
                       32        41.43257239589823        20.64653791095693        5774.137985434882        100.0000132314415      0.06177294467294736
                       33        45.92882938087136        18.37586986009416        5774.137918450217        100.0000127361554      0.06177296391797693
                       34         46.5605019658368        19.78921085173632        5774.137848429392        100.0000122234538      0.06177292884068919
                       35        41.26000620443772        21.21936350881129        5774.137782328945        100.0000117330403      0.06177290439176608
                       36         44.3615698851163        21.06345678589375         5774.13771433994        100.0000112323738      0.06177290498775445
                       37        43.79539750383587         20.7607083990501        5774.137646495772        100.0000107330446      0.06177292021065472
                       38        42.91340890577339        20.62704274784243        5774.137577309791        100.0000102264331      0.06177293676401341
                       39        44.83599330354775        20.86855305953261        5774.137509579234        100.0000097272318      0.06177291153181752
                       40         42.8954070161534        20.86820958741494        5774.137443505648        100.0000092376556      0.06177290881755981
                       41        45.31472444178372        20.46862843299995         5774.13737501252        100.0000087343439      0.06177286658717129
                       42        46.08554995035829        21.24453534521514        5774.137307512458        100.0000082366063      0.06177283449567383
                       43        43.96041318829114        21.93672026994512        5774.137241907071        100.0000077492817      0.06177283491605579
                       44        46.43184218212526        21.12437226964344        5774.137173861825        100.0000072476336      0.06177285559681245
                       45        40.20150357437102        21.91214730074509        5774.137107359322        100.0000067560067      0.06177285287929735
                       46         42.2634796141848         22.3459787266561        5774.137040969095        100.0000062648973      0.06177286072161792
                       47        47.22566045606538        18.46567960113349        5774.136973295779        100.0000057663163      0.06177287277263765
                       48        44.53195407276547        20.85260626908218        5774.136904786298          100.00000526317      0.06177283791254151
                       49         48.0993197754761        19.51539249314986        5774.136837095368        100.0000047636291      0.06177284091202573
                       50        40.16505888388688        21.52245620307165        5774.136769270742         100.000004264891      0.06177284032299735
                       51        44.50549251917572        21.64595944585853        5774.136702122685        100.0000037688221      0.06177281331255724
                       52        42.07867487613638        21.40782114795312        5774.136634745304        100.0000032723378      0.06177277660799518
                       53        43.58315921040749        19.28378211117835        5774.136568912929        100.0000027833174      0.06177278475109826
                       54        49.63028008615743        19.95685993935505         5774.13649623386        100.0000022566261      0.06177281509413923
                       55        43.19126067531818        21.46415747115105        5774.136429725359        100.0000017639995        0.061772801232026
                       56        44.61100346908246        19.22949662644075        5774.136361116738        100.0000012603096      0.06177280892489767
                       57        43.02995040132914         21.9278071967448        5774.136291842292        100.0000007523083      0.06177282950631646
                       58         43.1475084433964        20.83963052560898        5774.136223134201        100.0000002476817      0.06177283241551734
                       59         45.6925637246892        20.76898917457548        5774.136154287689         99.9999997419517       0.0617728030419058
                       60        47.47392828759646        20.33144481813929        5774.136085693798        99.99999923747839      0.06177278603619385
                       61        46.98283598620413        21.02546553628487        5774.136017976033        99.99999873813344      0.06177275234112134
                       62        41.37579782297945        20.99052488284756        5774.135951617394        99.99999824613606      0.06177276157991152
                       63        43.67077012984078        20.79848640718674        5774.135883195991        99.99999774390839      0.06177274610927275
                       64        44.71835579363464        20.93085493920692        5774.135815203733        99.99999724246634      0.06177273732174893
                       65        42.34294047636629        21.47256736338528        5774.135746908292        99.99999674089081      0.06177272695901537
                       66        40.45858675947959        21.23928024356874        5774.135679600154        99.99999624531839       0.0617727212799748
                       67        48.77258532766223        19.61293256146243        5774.135610820681        99.99999573881465      0.06177273454269194
                       68        42.34624521444162        20.78751937314786        5774.135541211307        99.99999522989924      0.06177276504670792
                       69        41.57036534391288        22.30585662450468        5774.135474983083        99.99999473941769      0.06177275123446435
                       70        42.39961745253634        21.57750736015132         5774.13540781467        99.99999424410133      0.06177272751557172
                       71        41.90853361441459        22.18756422316839        5774.135339016156        99.99999373909567      0.06177274585335102
                       72        44.51683987411993        20.35321144649295        5774.135272757546        99.99999324851444      0.06177279991265117
                       73        41.89704326557106        21.39842609218866        5774.135203925417        99.99999274369225        0.061772788894352
                       74        40.37977169254182         21.7775047495876        5774.135136885334        99.99999224840069      0.06177279179618811
                       75        46.12634330540609        20.01406167999976        5774.135067334275         99.9999917389497      0.06177281279412661
                       76         43.1780874364145        21.42112846716092        5774.134998581668        99.99999123437924      0.06177277437192141
                       77        43.84916579089109        21.09837643261057        5774.134929587692        99.99999072820344      0.06177276386539354
                       78        44.52595587990084        22.34739167349818        5774.134861393822        99.99999022651185      0.06177278562844668
                       79        42.85063225393855        22.22704692708311        5774.134792246389        99.99998971973514      0.06177279961448168
                       80        45.15295462628763        20.29860978134767         5774.13472221178        99.99998920716452      0.06177282386937044
                       81        46.19425348162973        17.52424029973442        5774.134656596903        99.99998871925949      0.06177281783952893
                       82        40.54136155159988        20.89251946834015        5774.134588453328        99.99998821806467      0.06177282250965765
                       83        45.65395878055644        21.10609942395802        5774.134518416212        99.99998770670069      0.06177282112879623
                       84        47.57951309710081        19.32149087437732        5774.134449528407        99.99998720028961      0.06177281361791742
                       85        46.72615874247768        19.59888174130483        5774.134381657819        99.99998669971005      0.06177278640120853
                       86        42.77682592186123        20.48728671929451        5774.134314574141        99.99998620473391      0.06177283200183048
                       87        45.26872223901797        20.30193854695707         5774.13424561918        99.99998569904717      0.06177284910495828
                       88        44.84242700966661        20.70541472133792        5774.134176764111        99.99998519341278      0.06177285953366862
                       89         43.5600270638787        20.99270143332066        5774.134110483407        99.99998470231428      0.06177284621166912
                       90        43.47396548465072        21.69214858357063        5774.134043670048         99.9999842086058       0.0617728379829483
                       91        42.42268349462724        21.30280371060561        5774.133974755789        99.99998370322254      0.06177282279112895
                       92        44.13531570521455        19.60289006904494        5774.133906984189        99.99998320377395      0.06177285557247991
                       93        45.50197623069694          21.991854756387         5774.13383737084        99.99998269455666      0.06177283369108633
                       94        45.94542178822007        21.61216662739639        5774.133767554349        99.99998218411484      0.06177283481888818
                       95        45.20259919139838        19.49545996329549        5774.133699515402        99.99998168315405      0.06177284902036351
                       96        42.25269704241801        21.39555795734537        5774.133633597118        99.99998119342153      0.06177285531721299
                       97        41.92404031110165        21.15775361078896        5774.133567504112        99.99998070478661      0.06177284013607975
                       98        46.56113242083988        21.65602519522501        5774.133500414898        99.99998020879062      0.06177283565868663
                       99        43.19452835448656        20.64249028517173        5774.133433149045        99.99997971269772      0.06177281557817693
                      100        39.01918466714071        20.67432923249035        5774.133367388571        99.99997922424812      0.06177281189500672
                      101        46.19262335749548        19.36436209659769        5774.133299840438        99.99997872493839      0.06177282535743522
                      102         43.3113856463953        22.05805843238536        5774.133232976997         99.9999782310131      0.06177286053697184
                      103        44.47076497607888        19.58172558696546        5774.133165602644        99.99997773360832      0.06177286562314555
                      104        47.29785020747271        20.77846764762058        5774.133094710465         99.9999772165947      0.06177288595959585
                      105        46.41344801842919        19.32213978858888        5774.133024889153        99.99997670521434      0.06177287424701916
                      106        44.71958130918877        20.22093323698127        5774.132957901022        99.99997621037166      0.06177286972536411
                      107        45.61443680093804        20.50751890690677        5774.132891558422         99.9999757181829       0.0617728751831752
                      108        45.17213715112253        20.19497515182776        5774.132823630638        99.99997521785447      0.06177288642420553
                      109        44.28728317677797         20.8611250624391        5774.132756319418        99.99997472087338      0.06177288169355677
                      110        49.22013484230708        19.01320589131983        5774.132687483676        99.99997421501671      0.06177285415822276
                      111        44.93171164145137         20.9048551466393        5774.132620214832        99.99997371760993      0.06177281678795055
                      112         41.1144921932071        22.13559388247684         5774.13255466905        99.99997323123362      0.06177281751599839
                      113        47.04688382522352        20.32798820023819        5774.132485794612        99.99997272550053      0.06177280503474325
                      114        42.31244514993868        21.80949934385967        5774.132417823491        99.99997222512565      0.06177279620580567
                      115        43.29061193525046        20.30513303770183        5774.132350266473        99.99997172612056      0.06177280961029918
                      116        44.01586330058127        20.73021354217569        5774.132282152652        99.99997122452496      0.06177278238250139
                      117        42.24506275526529        20.57354194788724        5774.132214765371        99.99997072745275      0.06177276378599306
                      118        47.29483522651135        20.39486488399562        5774.132145734665        99.99997022069758      0.06177273442166253
                      119        45.79452858820532        21.20887975444046        5774.132076913531        99.99996971565425      0.06177271715051313
                      120        43.78530211464788        21.82897380628624        5774.132009919579        99.99996922049651       0.0617727453596526
                      121        43.68586295175407        21.03537460268355        5774.131941093436        99.99996871576997      0.06177272784822385
                      122         49.9212531957367        18.88993594848133        5774.131872046532        99.99996820892292      0.06177269680752673
                      123        43.49361844430295        22.07881864987703        5774.131803772769        99.99996770708715      0.06177269142715147
                      124        44.68331370931519        22.97911201491825        5774.131734703174        99.99996719922666      0.06177268295195315
                      125        44.47082303474378        20.75349046429182        5774.131666533103        99.99996669791717      0.06177268359903509
                      126        41.85863994385547         21.0766906685499        5774.131599062383        99.99996619982853      0.06177269324820323
                      127        42.81200590552584        21.59281393300943        5774.131533350472         99.9999657121697      0.06177273946276607
                      128         47.3132080713122        19.52941275819351        5774.131467024355        99.99996522013362       0.0617727204394205
                      129        44.77117839016614        20.41586986774993        5774.131400590465        99.99996472748843      0.06177270425657699
                      130        48.56086029898167        18.43447613544513        5774.131333129712        99.99996422904947      0.06177267751435789
                      131        43.75278469263915        21.04346227242757        5774.131267821995        99.99996374371813      0.06177267590745483
                      132        41.92963753937252           20.69919592144        5774.131199889698        99.99996324402375       0.0617726605396649
                      133        43.23902755549635        20.73352622655644        5774.131133801545        99.99996275444568      0.06177262715891629
                      134        41.99147469083722        20.46721821435078        5774.131066996715        99.99996226064953      0.06177264278375882
                      135        44.58508217263126        21.09236678288868        5774.130999014657        99.99996176046825      0.06177266025742512
                      136        44.65240787543392        21.12239922645301        5774.130933312928        99.99996127185078      0.06177265750760075
                      137        40.33473833761746        21.73428345658388        5774.130867671252        99.99996078463589      0.06177264390102088
                      138         43.7670280449353        21.28554374517005        5774.130799665887        99.99996028480462      0.06177265245764474
                      139        44.96766721202014        20.52857545710955        5774.130731209301        99.99995978156076      0.06177262712305898
                      140        42.50555001434573        20.69548513397715        5774.130664388538        99.99995928797168      0.06177261708146897
                      141        43.95233765328098        20.50069499199704         5774.13059541208        99.99995878160928      0.06177262347380463
                      142        41.94555199577938        20.91586388727356        5774.130530113845        99.99995829593821      0.06177264583252029
                      143        48.11013103260816        18.67937811038523        5774.130459407613         99.9999577802744      0.06177262367526826
                      144        42.02180020999839        20.64787522780423        5774.130389384381        99.99995726849671      0.06177263923711429
                      145        45.36496224184672        20.78042767755264        5774.130322464069        99.99995677377308      0.06177263341075623
                      146        41.33595896456453        22.50640893524506        5774.130255212317        99.99995627725951      0.06177264204059707
                      147        44.94499790646299        19.39697268589679        5774.130189603717        99.99995579052158      0.06177261978074844
                      148        46.47839349106408        19.89859569986066         5774.13011863439         99.9999552729995      0.06177261922080923
                      149        46.14531323233768         21.0480761801912          5774.1300497532        99.99995476694593      0.06177259655159162
                      150        46.33308839046035        19.81787557186573        5774.129979059519        99.99995425155888      0.06177255922191183
                      151        45.87310634061547        19.57339462729785        5774.129912318227          99.999953757941      0.06177253918317582
                      152         45.1550786927911        20.55899573682557        5774.129843186765        99.99995325097031       0.0617725200241509
                      153        43.89959722193227        19.88983668824285        5774.129776946073        99.99995276047864       0.0617725436894867
                      154        42.62850036987792        21.52298855344127        5774.129709510907        99.99995226332463      0.06177249090272596
                      155        42.38515252032438        21.48324581631415         5774.12964315712        99.99995177277432      0.06177246611542131
                      156        49.23995454753216        19.39682422747132         5774.12957164039        99.99995125197732      0.06177247575775269
                      157        43.66772967900924        21.69556301997106        5774.129504027175        99.99995075321858      0.06177250507198373
                      158        46.38665215346718        20.89036144930844        5774.129436313554        99.99995025376411      0.06177248319338258
                      159        44.17104398614894        20.71554503526555        5774.129369882127        99.99994976218062      0.06177250771672149
                      160        44.82969926859258         19.9355262319609        5774.129301774553         99.9999492609909      0.06177250030035664
                      161        43.77237556732839        19.80266673436408        5774.129233954676         99.9999487613471      0.06177248578056194
                      162        49.34403922385803        19.91083566057721        5774.129164357216        99.99994825087302      0.06177247023282462
                      163        41.16383230480082        21.28546492285806        5774.129098700303         99.9999477638865      0.06177247000615882
                      164        40.70934197699875        19.85055822146171        5774.129033679448         99.9999472803146      0.06177247449619649
                      165        44.21064126318169        21.37251832890549        5774.128964492035         99.9999467724496      0.06177245412749954
                      166        42.61977780710161        21.19468131119678        5774.128896867321        99.99994627401843       0.0617724438626106
                      167        44.03515948576378        21.17082725392047        5774.128828074878        99.99994576899816      0.06177245366691608
                      168        44.90636470784381        20.38042119706932        5774.128762433826        99.99994528192597      0.06177245989715274
                      169        42.93708432731473        21.20743825358678        5774.128694503038        99.99994478212717      0.06177245484468852
                      170        42.82599193484429         22.1005160330923        5774.128628239704        99.99994429115432      0.06177244170733509
                      171        44.98005181505106        19.83184201463873        5774.128560886033        99.99994379336469      0.06177244370747381
                      172         41.5946776798971        21.94440993433741        5774.128491815221        99.99994328737759      0.06177245219465588
                      173        46.01523015461576        21.49714557905116        5774.128422507882        99.99994277965708      0.06177247303736522
                      174        48.94869563681483         18.8578164074797        5774.128353471146        99.99994227177396      0.06177244972041418
                      175        44.47207060384662        21.17523073271086        5774.128284221532        99.99994176406004      0.06177244633749179
                      176         47.2283426807384        20.46527276981769        5774.128212879804         99.9999412443038      0.06177242279857431
                      177        45.61950831415597        21.18094217903277        5774.128145770514        99.99994074838477       0.0617724203962311
                      178        44.57045525371175        20.13495192277659        5774.128079785033        99.99994025940833      0.06177240926101746
                      179        43.48137287859603        19.92721822991043        5774.128013056178        99.99993976561265      0.06177239728128026
                      180        46.89766173737813        19.27356738137823        5774.127946688215        99.99993927339851      0.06177243054936199
                      181        42.68231283673138        20.48787548359937        5774.127879969681        99.99993878019157      0.06177245969992673
                      182        46.21977078216061        19.96253414477979        5774.127811421558        99.99993827629518      0.06177249344654001
                      183        47.42134486638581         19.5564812067619        5774.127743457317        99.99993777539625      0.06177248207167807
                      184        42.22828724446752        20.70395259065661        5774.127674519616        99.99993726893641      0.06177246924790225
                      185        44.87763974617881        21.25522396372817        5774.127607193476        99.99993677222206       0.0617724469027765
                      186        46.00447248951511        19.52178251523692        5774.127540445964        99.99993627774226       0.0617724333206689
                      187        44.31993104870757        20.04182060300182        5774.127475031279        99.99993579133978      0.06177244162201756
                      188        46.86765153313826        20.04299573855666        5774.127407233515         99.9999352920927      0.06177244784218772
                      189        42.16285387338621        18.51122689721636        5774.127340982363          99.999934801045       0.0617724370632704
                      190        42.24313662945924        20.23055940206097        5774.127276084254        99.99993431807249         0.06177242445969
                      191        44.24893356080788        21.36411797877826        5774.127208362155        99.99993381885086      0.06177242852040665
                      192         42.2980666730344        21.41466827370417        5774.127140569529        99.99993331952339       0.0617724316868129
                      193        43.69078123079913        21.65481169750489        5774.127073891741         99.9999328263489      0.06177245256070441
                      194        45.17699075609394        19.23785131314641        5774.127004689471        99.99993231902754       0.0617724865142053
                      195        44.08134088180888        21.08995150398382        5774.126938277359        99.99993182723551      0.06177250032829629
                      196        43.35019454924392        20.77409670323929        5774.126870378669         99.9999313268352      0.06177247724399848
                      197         45.8549236404427        20.62613867157858        5774.126801572492        99.99993082171713       0.0617724555771435
                      198        38.98349464306369        21.55592758930011        5774.126733637912         99.9999303219747      0.06177245217430372
                      199        47.09048849847512        18.50636960852195        5774.126665657403         99.9999298213892      0.06177247872302472
                      200        44.34511200737429        20.82878571282643        5774.126600452488        99.99992933637975      0.06177248220021347
                      201        45.20588401187833        20.82797802828678        5774.126533583184        99.99992884196418      0.06177252028766311
                      202        43.20412387958643        20.35459395279862        5774.126468609536        99.99992835836751      0.06177252691558532
                      203        42.97067617957711         20.5160993293163        5774.126401006902         99.9999278599643      0.06177253909063274
                      204        46.01985009697751        21.12665220451732        5774.126334212242        99.99992736658831      0.06177253737236077
                      205        47.54226704154645        19.73414176291314        5774.126266585799        99.99992686815366      0.06177253733498311
                      206        42.34810542707728        21.72265565913338        5774.126195897383        99.99992635303133      0.06177249070547042
                      207        43.82327673299564        20.93846595322339        5774.126127317919        99.99992584920905      0.06177247389575036
                      208        43.37703332904021        21.62342715020293        5774.126059675232        99.99992535062754      0.06177245640619056
                      209        45.34569709617851        20.89759900516448        5774.125990033801        99.99992484088561      0.06177244336077337
                      210        43.66471883405412        20.68967216969865        5774.125923760217        99.99992434978843      0.06177245240230533
                      211        46.29010233691436        19.47754750121141        5774.125854553358        99.99992384135368      0.06177248239558786
                      212        43.86810780963874        19.87232575200732        5774.125787496524        99.99992334605355      0.06177246585585561
                      213        44.09406577799507        19.61671606153584        5774.125721540858        99.99992285661637       0.0617724537219142
                      214        43.18287712159613        20.42989778075082        5774.125657559483        99.99992237828032      0.06177244145098548
                      215        40.57163226146156        21.29509901400586        5774.125590951328        99.99992188623037      0.06177245893179073
                      216         44.1677109144603        21.01908571907079        5774.125521530902        99.99992137729487      0.06177250948055324
                      217        44.54379625267685        21.85441147169251        5774.125454012123        99.99992087928692      0.06177249954816411
                      218        46.13091183684102        19.89917971504376        5774.125385667959        99.99992037608774      0.06177249919907091
                      219        45.14394662807459         20.9968642892652         5774.12531885404        99.99991988237144      0.06177249659036477
                      220        48.32421417795057        19.59163097665954        5774.125248074832        99.99991936626236      0.06177250240906695
                      221         44.1021425204219          20.963036289178        5774.125179974918        99.99991886493019      0.06177253775568037
                      222        45.87703175587161        20.80850876703824        5774.125111404088        99.99991836111688      0.06177254992507342
                      223         42.0116214594301         21.2935773814546        5774.125043757191        99.99991786279239      0.06177253383610903
                      224        43.94785465318009        20.29231210931096        5774.124977821401         99.9999173737378       0.0617725162933489
                      225        47.32620472744386        18.93393648081406        5774.124910455119        99.99991687641324      0.06177250971361259
                      226        44.03480777893378         20.8576271277941        5774.124840889392        99.99991636684197      0.06177251067882539
                      227        46.24042440074703        19.58916658260406        5774.124771540413        99.99991585797216      0.06177250260667533
                      228        50.66466091129475        19.69177178473029        5774.124700023162         99.9999153372604       0.0617724882659676
                      229        45.38863929327211        20.88707638592789        5774.124632811654        99.99991484088709      0.06177249084911018
                      230        43.64389051388253        20.58236410714068        5774.124566509493        99.99991434943387      0.06177248622108333
                      231        43.66117881273571        20.96139345855462        5774.124501641879        99.99991386614796      0.06177248358300158
                      232        46.84746978649078        19.12160138730598        5774.124433092539        99.99991336149246      0.06177247532884778
                      233        40.37076377976982        21.55793199987991        5774.124365902968        99.99991286539507      0.06177249154901965
                      234        42.60077710694121        21.37132506185833        5774.124300067534        99.99991237735139      0.06177249399835638
                      235        40.51129288691616        21.35752695605326        5774.124233651308        99.99991188572665      0.06177249264551499
                      236        43.49401170220938        20.88656476040952        5774.124166682303        99.99991139048957      0.06177247776443306
                      237        42.74112229572233        20.60088011277475        5774.124099601966        99.99991089469121       0.0617724696164208
                      238        44.91810374133387         21.3064820418557        5774.124031662782        99.99991039440609      0.06177245384789742
                      239        44.10415788196696        20.71119654188609         5774.12396141151         99.9999098818888      0.06177247410808295
                      240         45.2333939883837        21.44364836799014        5774.123892463116        99.99990937616158      0.06177245837442324
                      241        42.31776132039197        21.41091432536098        5774.123827404026        99.99990889235987      0.06177244629161116
                      242        43.27076321236997        21.71650921659252        5774.123759165435        99.99990839067759      0.06177242097179914
                      243        42.46294355491992        20.99309887870821        5774.123691617171        99.99990789261486       0.0617724487553204
                      244        44.38801892628484        20.25645920908153        5774.123619625049        99.99990737039963      0.06177244926209635
                      245        43.72198429594005         19.5506493192846        5774.123553887523        99.99990688233933       0.0617724354470921
                      246        43.93578630640164        20.18087620663372        5774.123487634345        99.99990639241541      0.06177244002100224
                      247        45.30216885666577        22.00117500061133        5774.123419331815        99.99990589030519      0.06177245321580216
                      248         42.8020840198489        20.48708161695439        5774.123351103516        99.99990538847442      0.06177245831101708
                      249        42.32852829858917        20.68297516695232         5774.12328531573        99.99990489983301      0.06177246735413089
                      250        40.93774243958223        20.63773871510771        5774.123220014102        99.99990441431353      0.06177244514744995
                      251        44.43364444398112        21.37363550716831        5774.123150648432        99.99990390622084      0.06177247143294951
                      252        42.68917424588767        20.72965404701553         5774.12308159054        99.99990339940653      0.06177247876166336
                      253        42.48812196461827        20.71567571377951        5774.123013685877        99.99990289935168      0.06177248375460564
                      254        44.77267105036665        21.36457246253845        5774.122943154592        99.99990238390177      0.06177251042889154
                      255         44.6489909374717        19.85457319476873        5774.122875658981        99.99990188562516      0.06177253097903268
                      256        42.66896158786793        20.05057612395783        5774.122808931418         99.9999013924559      0.06177252379973819
                      257        47.54357724988037         20.3949630694881        5774.122740046247        99.99990088647296      0.06177251322478661
                      258        43.81457080672436          20.625044192911        5774.122673877401           99.99990039516      0.06177251845597409
                      259         44.2054776917435        19.48526341052475        5774.122605091397        99.99989989017807      0.06177252312832482
                      260        44.95827690069907         19.9917488191418        5774.122538695404        99.99989939900914      0.06177255224843847
                      261        50.93187576170033        18.13891052297642        5774.122468263328        99.99989888433737      0.06177254923827924
                      262        42.94677363093324         20.3127106891886        5774.122402834995         99.9998983982087      0.06177255512811541
                      263        42.97025125239863        21.55473373452515        5774.122333437178         99.9998978897509      0.06177253146504347
                      264        45.22901659255899        19.89545810564842         5774.12226729777        99.99989739946886      0.06177255448919983
                      265        42.94874940364542        20.67830809241768        5774.122200494661        99.99989690584202      0.06177260089246683
                      266        47.20816927646585        19.21149384112415        5774.122130541537        99.99989639382702      0.06177261281127322
                      267        45.06162497431289        18.99430138402959        5774.122062471411        99.99989589268804      0.06177259660993606
                      268        46.13447273228943        19.67610245772296        5774.121989551508        99.99989536448797      0.06177260472982637
                      269        46.97030195905199        19.66817933721114         5774.12192138828        99.99989486230093       0.0617725804417173
                      270        42.05839795718339         20.8405373044276           5774.121853211         99.9998943610324         0.06177259068523
                      271        45.65677881929017        20.08303495231065        5774.121785707572        99.99989386360969      0.06177258771386862
                      272        46.19676173184085        21.38096880670878        5774.121718669056        99.99989336792999      0.06177259876959473
                      273        43.30693165903175        22.14801093758224         5774.12165245392          99.999892877414       0.0617726252065145
                      274        42.84307158114058        21.02089456129805         5774.12158532373        99.99989238138012      0.06177261907493392
                      275        46.45513273381513        20.71404924883204        5774.121517391539        99.99989188060893      0.06177261424275571
                      276         46.8047154250387        19.34578342638152        5774.121449191954        99.99989137840937      0.06177262536698791
                      277        42.76554303323283        21.35617894940259        5774.121380245154        99.99989087290358      0.06177260209867086
                      278        39.52265985808729        22.44837601534352        5774.121313781257        99.99989038167955      0.06177261921030031
                      279        48.13480065567686        19.38653470765586        5774.121245027763        99.99988987563046      0.06177262051508503
                      280        47.67991348981587        19.42539890292576        5774.121176085138        99.99988936887007      0.06177262574665132
                      281        44.89070355585844        22.41223842822126        5774.121108036107        99.99988886749678      0.06177263224715634
                      282        45.25631876443657        19.32553558418545        5774.121037944606        99.99988835506232      0.06177264865573839
                      283        44.90200490598102        21.65229104789443        5774.120967557932        99.99988784123668      0.06177265183367897
                      284         44.2653198035034        21.16552270684777        5774.120897307614        99.99988732861726      0.06177263995309001
                      285        40.62560188946789        20.27428994181824        5774.120832673259        99.99988684740353      0.06177267033499412
                      286        46.12169413404622        19.92893736079412         5774.12076445103        99.99988634484993      0.06177265631263973
                      287        42.23612224961389        21.36860996991314        5774.120696298632        99.99988584333727      0.06177264351062339
                      288        46.63921671203478        19.52833023210767        5774.120626206001        99.99988533070449      0.06177262990000809
                      289        44.05612542623637        21.72168498683683        5774.120560337074        99.99988484172756      0.06177261011443935
                      290        45.23896682422213        20.83525624736023        5774.120492708833        99.99988434325752      0.06177260081186553
                      291        46.17685650286816        21.16403626551816        5774.120422577705        99.99988383057344      0.06177259254229739
                      292        43.57067866820364        20.64057034202651        5774.120355042439        99.99988333263077      0.06177260827400488
                      293         50.7142319785684        20.32479916086837        5774.120286181343        99.99988282551882      0.06177261965749281
                      294        48.83269647282281         19.2951729348043        5774.120215237695        99.99988230777865      0.06177254031937984
                      295        46.74240721866823        21.95155441803005        5774.120144984858        99.99988179537999      0.06177257126854752
                      296         45.2400091062711        20.41848017254421         5774.12007614053        99.99988129016346      0.06177257297566641
                      297        44.52252712689742        20.09124555950645        5774.120005965564        99.99988077723306      0.06177255192291842
                      298        43.84775919682441        19.78252416612309        5774.119936959321        99.99988027158159      0.06177254975447477
                      299        42.73975457834193        20.43933422056522        5774.119869977995        99.99987977693398      0.06177255782007585
                      300        45.83465672009314        19.83191802176371        5774.119804356285        99.99987928944373       0.0617725618278353
                      301        47.30238446138646        19.28284652024744        5774.119735080772        99.99987878135933      0.06177257270101411
                      302        47.72727597252089        19.89600683040817        5774.119665224941        99.99987826919188      0.06177257310701156
                      303        45.53673768295354        19.18400754110002        5774.119597329722         99.9998777685133      0.06177255182443986
                      304        45.85326711664928        20.16559998018909        5774.119527473043        99.99987725755746      0.06177253622866763
                      305         42.8879052037399        21.51712462903645        5774.119458067472        99.99987674915187       0.0617725245863685
                      306        43.85516513260945        19.88420300517589        5774.119390452844        99.99987625086098      0.06177252966207192
                      307        43.94325601450519        19.74216548211518        5774.119323026016        99.99987575333994      0.06177253179267517
                      308        41.54496720063869        21.32071739890537        5774.119256221936        99.99987525905537      0.06177253694266049
                      309        47.35343646664013        20.40913899683582        5774.119186935489        99.99987475084735      0.06177253718420328
                      310        44.25335778571223        20.81329396663783        5774.119119983801        99.99987425570335      0.06177253919273262
                      311        43.99487464351374        21.70389631057092        5774.119051641847        99.99987375275632      0.06177251603745582
                      312        46.76848236206587        18.79142563891157        5774.118983399585        99.99987325035762      0.06177247777278305
                      313        43.00998829235052        19.92164982694734        5774.118917368791        99.99987276095968      0.06177250550661206
                      314        45.29408412378619        21.39939616057077        5774.118848954309        99.99987225773418      0.06177249823993236
                      315        45.90691900232841        18.57167316242698        5774.118780587352        99.99987175494323       0.0617724800680941
                      316        44.84218042556897        19.57377123686483         5774.11871369639        99.99987125995962      0.06177248680725489
                      317         43.1208040969299        20.72124814223105        5774.118644815373        99.99987075544125      0.06177242762781177
                      318        43.64078077292237        20.93426623352789         5774.11857761921        99.99987026013456      0.06177240386034244
                      319        43.74006183405949        21.18737248078067        5774.118508925324        99.99986975524227      0.06177241480504003
                      320        43.12012619219277        22.40226183460156        5774.118440148733        99.99986925038058      0.06177243594330406
                      321        47.07407553186528         19.7897365377992         5774.11837222406        99.99986874981195      0.06177245122157338
                      322        42.03910599075677        21.32794195644936        5774.118304432996        99.99986825059679      0.06177244331109311
                      323        44.23492075525213        21.98308330586864        5774.118233532085        99.99986773494852      0.06177240453720145
                      324        44.39596938709362        20.78882458747352        5774.118164941804        99.99986723147052      0.06177240104198756
                      325        44.89760336697162        20.77504129066802        5774.118098177581        99.99986673783687      0.06177238667073937
                      326        45.24902177394927        19.48116415569742        5774.118030971395        99.99986624155362      0.06177240148666385
                      327        43.92906809758841        20.85683506046496        5774.117963665481        99.99986574505658      0.06177241590352844
                      328         44.3862278366416        22.47481255405445        5774.117895162253        99.99986524155207      0.06177241304241976
                      329        44.68099489771748        21.10807766073979        5774.117826942789        99.99986473964869      0.06177240547690754
                      330        44.28130247495749        19.82287484507284         5774.11775840328        99.99986423694017      0.06177240083296276
                      331        41.76593423069417        22.57195715553945        5774.117690938011         99.9998637397488      0.06177239148241043
                      332        44.72515211775598         20.3598449405873        5774.117624648517        99.99986324847418      0.06177238190745449
                      333        45.22392913470109        20.11849094059679          5774.1175579767        99.99986275450199       0.0617723819563496
                      334        43.27008711838418        20.69467603940678         5774.11748794584        99.99986224109887      0.06177239824259484
                      335        44.75948964609789        21.18098313084588        5774.117419752611        99.99986173962229      0.06177238708694199
                      336        44.64429228975887        20.14124353696874        5774.117351610794         99.9998612382747      0.06177236540904563
                      337        46.49388143099554        18.48280448151504        5774.117282377968        99.99986073039346      0.06177238336602642
                      338        46.22628948204512        20.00469103131446        5774.117212884776        99.99986022211378      0.06177233460404885
                      339         45.9538835136232        19.49670942190794        5774.117144976156        99.99985972133915      0.06177235056683905
                      340        46.63593082959272        21.17570408324053        5774.117077260944        99.99985922224909      0.06177234186459479
                      341         44.7955381740646        22.25097658655369        5774.117007905627        99.99985871439604      0.06177234284891853
                      342        44.95644245736269        20.31102923163197        5774.116940049525        99.99985821478937      0.06177233124004289
                      343         45.7997775146864        20.55240994981512         5774.11687217196        99.99985771513207       0.0617723478112428
                      344        44.62080197689642         19.3373950372936        5774.116803896643        99.99985721297254      0.06177234679512456
                      345        42.13244740303184        21.63238124014984         5774.11673456572        99.99985670537215      0.06177236431208222
                      346        40.67536060645975        21.16524304537755        5774.116667936133        99.99985621220773      0.06177234769960549
                      347        47.95050745420684        19.09852392597539        5774.116600379015         99.9998557141645      0.06177231059169097
                      348        47.25580415996713        20.75205268588643        5774.116531199972        99.99985520691415      0.06177234486426819
                      349        43.89239656245034        21.25326043274831        5774.116462288212        99.99985470036378      0.06177237817464132
                      350        41.74092850207207        20.79621801307624        5774.116393253333        99.99985419450144      0.06177235572872819
                      351        44.63320867069968        19.79801940992574        5774.116325909565        99.99985369736153      0.06177238564144671
                      352        43.83729708840725        20.87136465681617        5774.116257822212        99.99985319513893      0.06177234842466683
                      353        42.64007993641996        20.26870590855856        5774.116191209327        99.99985270260873      0.06177237080242826
                      354        42.20752721670306        21.44760715437087        5774.116124165449        99.99985220748908      0.06177235900769773
                      355        45.66178087874135        20.60702081738327        5774.116056872386         99.9998517099619      0.06177236037634692
                      356        41.59384863954251        20.39261912254122        5774.115990695555        99.99985122000656      0.06177236064944047
                      357        46.24198863807847        19.31179483528404         5774.11592097478        99.99985070966456      0.06177236115682128
                      358        43.64374002967953        19.91292186418012        5774.115854173381         99.9998502151559      0.06177232852005954
                      359        45.23259927815493        18.86864052871245        5774.115786849839        99.99984971841101       0.0617723326925379
                      360        44.79180755557112        20.73752474739448         5774.11571753577        99.99984921018401      0.06177231540741168
                      361         43.3064943838464        21.67743361203046        5774.115649724312        99.99984871127377      0.06177230781510223
                      362        42.35184680371016        22.20314707859765        5774.115581958822        99.99984821140657      0.06177234651923769
                      363        46.71040093815174        21.53663139657442        5774.115511450151        99.99984769671069       0.0617723401941106
                      364         41.9167618893419        22.27930616458963        5774.115441420558        99.99984718513666      0.06177234803513265
                      365        46.66054342543311        21.63668255609609        5774.115373098683        99.99984668229366      0.06177233719314401
                      366        42.81098159340373        20.66997185322592        5774.115305455009        99.99984618380905      0.06177236439664213
                      367        41.22156166025345        20.53752501749787          5774.1152388981        99.99984569172339      0.06177237675880143
                      368        43.56510218230459        20.74196668963527        5774.115170708554        99.99984519015351      0.06177237750390319
                      369         43.3163329548721        18.88373762307067        5774.115101420069        99.99984468184762      0.06177236633003069
                      370          41.127191037207        21.29219576723964         5774.11503523117        99.99984419113659       0.0617723697767647
                      371        43.55475475674381        20.01367379860592        5774.114970589962        99.99984370881752       0.0617723715318963
                      372        45.27328855287081        20.42617782516132        5774.114902067245        99.99984320520521      0.06177237166589755
                      373        43.09413803138699        20.69998476013423        5774.114832529011        99.99984269563005      0.06177237411837311
                      374        46.03305903441371        18.75373111485944        5774.114765127407        99.99984219854771       0.0617723103061607
                      375        43.90886101003944        20.20644243654689         5774.11469753699        99.99984169977924      0.06177231620044843
                      376        46.78018573820008        19.60248351649715        5774.114628518684        99.99984119260418      0.06177232902439656
                      377        44.04148931570102        21.02571315255045        5774.114559852269        99.99984068831382      0.06177236123235641
                      378        42.98019574727948        21.28221291389575        5774.114493406474        99.99984019619701      0.06177236462718483
                      379        44.73053134713759        19.53714338890429        5774.114427726367        99.99983970800886      0.06177237331039542
                      380        44.52595222545051        21.99274028796846        5774.114359314681        99.99983920456053      0.06177236450593071
                      381        41.59618462906351        21.94651896027255        5774.114292534657        99.99983870999561      0.06177233329886889
                      382        45.93581945318283        20.94988683639272        5774.114223325752        99.99983820265122      0.06177234492490769
                      383        46.00061461441061         21.1998522273647        5774.114153644276        99.99983769277637      0.06177235292590755
                      384        45.48735263241456        21.16515966366184        5774.114085813575        99.99983719324388      0.06177234495665895
                      385        41.93918415415796        21.05141553057084        5774.114019588469        99.99983670255359      0.06177234159878431
                      386        45.34211101294254        19.40057098276107        5774.113951924129        99.99983620335772      0.06177231255563775
                      387        43.98616047497221        20.42517105058604        5774.113884617371        99.99983570659877      0.06177233921715164
                      388        43.75957531170194        19.16710058293048        5774.113818763681        99.99983521756168      0.06177233826191753
                      389        43.10942369621371        21.17392901476308        5774.113748171104        99.99983470272822       0.0617723162614876
                      390         44.9442410851542        20.86430966201753        5774.113681186077        99.99983420755061       0.0617723297706787
                      391        45.16895077541307        19.58539989141713        5774.113611620935        99.99983369773611      0.06177231404382066
                      392        42.99390698324349        20.99814452896299        5774.113545595758         99.9998332086591      0.06177233185601239
                      393        46.21224116136836        20.99740045684412        5774.113476034567        99.99983269926712      0.06177231900808877
                      394        48.78972372847402        19.95431400153704        5774.113409238602        99.99983220525118      0.06177232541668243
                      395        43.91816823985199        21.47745510805895        5774.113344064189         99.9998317206441      0.06177233129818038
                      396        42.76156591198325        20.54094807556466        5774.113278841567        99.99983123544462      0.06177231876539779
                      397        40.77732024934793        20.81972723425001        5774.113211375909        99.99983073767584      0.06177229885656477
                      398        46.72992935194891        20.89148319465321        5774.113142204741        99.99983023038939      0.06177229344508994
                      399        44.32221005448089        22.05374905799748        5774.113073328333        99.99982972518596      0.06177230954414537
                      400        43.88514428928333        21.20044922098414        5774.113006273976        99.99982922934207      0.06177232063010596
                      401        40.69971880526244        21.74891721205755        5774.112939016822        99.99982873263184       0.0617723445119629
                      402        44.39146581717083        21.00927601527465         5774.11287147948        99.99982823451175       0.0617723604808984
                      403        48.02390974221601        21.00902245323097        5774.112800593232        99.99982771737763      0.06177234896096806
                      404        45.62523537405711        20.90837439529128        5774.112733616889        99.99982722256499      0.06177233149779449
                      405        43.12912008629472        20.88162462903333        5774.112663948544        99.99982671283138      0.06177231850769604
                      406        41.29026847128022        21.50857936839483        5774.112598421078        99.99982622679569       0.0617723780880377
                      407        42.67282833573621        22.00591145468585        5774.112529035007        99.99982571901005      0.06177241539528566
                      408        44.14351439422965        19.67284729942719        5774.112461511905        99.99982522095193       0.0617724157051418
                      409        43.71151156460562        21.03203750569896        5774.112394467717        99.99982472591661      0.06177241316697035
                      410         44.6867194398497        20.45284409502199         5774.11232810862         99.9998242347819       0.0617723813738924
                      411        45.67432459301478        19.66273842360919        5774.112258676319        99.99982372526802      0.06177238291045839
                      412        48.19050778828927        19.59677027501916        5774.112188703612        99.99982321362852      0.06177238173723776
                      413        42.46305991617655         21.9906594799577         5774.11212114075         99.9998227145994      0.06177238238967231
                      414        40.08033134263252        21.51709714399572        5774.112055508145         99.9998222275114      0.06177238676533658
                      415        43.42630450811826        21.59492465775291        5774.111987396091        99.99982172630294      0.06177239484466401
                      416        45.78320999039046        21.73433400328346        5774.111917853708        99.99982121702955      0.06177241463645533
                      417        44.34114187091076        19.83047629238262        5774.111852787877        99.99982073287146      0.06177241273736289
                      418        45.80503797188145        21.17477462715489        5774.111785141075        99.99982023372672      0.06177238257864381
                      419        46.75100210157598        20.24022731211961        5774.111714417998        99.99981971768611      0.06177237967010885
                      420        43.73556109221128        20.90078408767009        5774.111647063098        99.99981922007102      0.06177232995495174
                      421        42.96769361962016        21.58578808078279        5774.111579208535        99.99981872119163      0.06177232416260026
                      422        45.49483721215186        19.59392828320323        5774.111511441387        99.99981822174055      0.06177230216617868
                      423          43.650407726381        20.17895889128399        5774.111444486732        99.99981772766904      0.06177231935655225
                      424        46.35327000046302        20.61072678182319        5774.111376827315        99.99981722830044      0.06177230488415164
                      425        45.28189003992509        20.31327992106336        5774.111309796582        99.99981673335027      0.06177228499439691
                      426        42.58078533899283        21.15335648870328        5774.111243378106        99.99981624186506      0.06177230364780995
                      427        43.42545174364655        20.20190209990021        5774.111177356046        99.99981575273512      0.06177230728279337
                      428        48.35344051666107        19.46681744710128        5774.111108241298        99.99981524531923      0.06177232160320134
                      429        46.54506401770677        18.94664539649837        5774.111040106781        99.99981474337579      0.06177231672950079
                      430        42.23577940204119        21.52615380947907        5774.110971218452        99.99981423845649      0.06177234554434463
                      431        45.55068932359586        21.03136336197197        5774.110903874359        99.99981374120571       0.0617723451634955
                      432        46.60860218539548         20.5772549565882        5774.110835009161        99.99981323508517      0.06177234487078742
                      433        45.08193949630529        20.34659657382727         5774.11076504843        99.99981272360654       0.0617723526411722
                      434        42.25486409906856        20.73165054299077          5774.1106969829        99.99981222336396      0.06177236395181085
                      435        42.63067204626665        21.18749954157686        5774.110630749072        99.99981173245601      0.06177237795378598
                      436         45.1794194535148        20.07281107428425        5774.110562703124        99.99981123113918      0.06177237114218403
                      437        39.09778407776132        22.79094126275735        5774.110496704452        99.99981074216237      0.06177235134757719
                      438        43.60212825784319        20.42929524809987        5774.110429511928        99.99981024687798      0.06177236801902009
                      439        44.37515523038389        20.82819301838892        5774.110363138034        99.99980975492076      0.06177237448052075
                      440        43.82820589412209         19.1562104066578         5774.11029497855        99.99980925310963      0.06177238512106431
                      441         44.6528502922719        19.89746987237264        5774.110225602812        99.99980874443042      0.06177238909216287
                      442         47.9155180274687         18.4866387587536        5774.110157704472        99.99980824407477      0.06177237737345731
                      443         44.8502303232974        19.92234441584935        5774.110092571999        99.99980775967263      0.06177238893631554
                      444        42.13807297939012        21.03658344593923        5774.110027104507         99.9998072738677      0.06177237063265117
                      445        41.42480743293037        22.07050797351149        5774.109961355142        99.99980678573817      0.06177235762010014
                      446        42.13590367524023        20.27141327093154        5774.109894517973        99.99980629219563       0.0617723406665901
                      447        47.85167590037536        21.04298416438529        5774.109826917173          99.999805793204      0.06177234813057275
                      448        42.74739057343098        20.33069192103179        5774.109756198086        99.99980527755163      0.06177234252288422
                      449        41.65106202312296         21.5750452661072        5774.109687316311         99.9998047718049      0.06177237644137179
                      450        45.46451139601117        20.58289614587964        5774.109616975612        99.99980425779833      0.06177238172007637
                      451        49.07231527523602        19.85344168940197        5774.109546910502        99.99980374494233      0.06177237716545037
                      452        48.57566458889688        19.32229299365786        5774.109477090592        99.99980323338225      0.06177237863823137
                      453        41.92644051045033        21.40251964260679        5774.109409557342         99.9998027358499      0.06177234531793285
                      454        44.99357932408597        20.23405606611229        5774.109340468183        99.99980222875452      0.06177236629648775
                      455         44.0335826463557        20.80724506277689        5774.109273269277        99.99980173256202      0.06177237677798342
                      456        47.36914813403128        20.21369297211114        5774.109203737708        99.99980122256657      0.06177237288291515
                      457        46.30280251043818        18.96518420712887        5774.109137096685        99.99980072907714      0.06177236254028484
                      458        41.09011878885928        21.43484024955295        5774.109070674208        99.99980023784997      0.06177236125179775
                      459        42.65462432002755        21.50692833543124        5774.109006188152        99.99979975723062      0.06177235744021869
                      460        46.28749275720315        20.48923539349382        5774.108936157437        99.99979924501321      0.06177237969062066
                      461        45.31403179103047        20.19718092178845          5774.1088702735         99.9997987554831      0.06177240142953622
                      462        45.04032609601555        19.81232215912648         5774.10880199292        99.99979825339337       0.0617724065916132
                      463        50.50751201340832         18.2321594449467        5774.108733247618        99.99979774772679      0.06177241288901136
                      464        42.46204641089047        21.26753086070148        5774.108663828853         99.9997972386837      0.06177240708660925
                      465        45.93196279276539        19.54777347822933        5774.108595150786        99.99979673404627       0.0617724029749338
                      466        43.21152250133391        21.14334021335859         5774.10852833503        99.99979623994393       0.0617724150992931
                      467        42.29301170364697          21.319421151247          5774.1084632862        99.99979575639776      0.06177240100191383
                      468        46.05028469585926        20.55774334777522        5774.108394791834        99.99979525232823      0.06177240535493578
                      469        43.19124968728885        21.57324043634739        5774.108328239497        99.99979476004819      0.06177239274017865
                      470        48.10154435089721         20.3233782682746        5774.108257756595        99.99979424493419      0.06177237553220039
                      471        44.92624603601899        21.31381789271861        5774.108189983699        99.99979374549382      0.06177234793095643
                      472        41.87341397519743        21.64422160917247        5774.108121779374        99.99979324400105      0.06177234064244885
                      473        41.31560701028673        20.76598839269634        5774.108052563597        99.99979273713241      0.06177233613544053
                      474        43.08558829231477        20.97232885926668        5774.107983423052        99.99979222990181       0.0617723199401361
                      475        42.99094388975355        21.32298386390855        5774.107917561246          99.999791740715      0.06177233224225831
                      476         43.0468486246201        20.28975503798036        5774.107851263913        99.99979125000876      0.06177233983057384
                      477        44.65766319719613        20.00338089410353        5774.107784059055        99.99979075322767      0.06177232995495352
                      478        42.51799948499504         20.3107115680288        5774.107717909943        99.99979026306376      0.06177230780568088
                      479        43.89133893684201        20.88208752778632        5774.107652382682        99.99978977672514      0.06177232087782336
                      480        42.69058952393105        21.10910866653044        5774.107584416677        99.99978927564518      0.06177231877393408
                      481         51.0898493271722        20.62408363886281        5774.107513335205        99.99978875752539      0.06177230262310118
                      482        41.72363024206254        21.67801577035175         5774.10744405901        99.99978825102683      0.06177224289063865
                      483        42.02933125916296        22.51371897801047        5774.107375056762        99.99978774564673      0.06177224620930044
                      484         42.7270530252009        20.92652365303525        5774.107308213408        99.99978725165781      0.06177222803555393
                      485        43.97428224643938        20.76812896638027        5774.107240620186        99.99978675380005      0.06177224576636875
                      486         48.2962252755771         20.0557382780229        5774.107171490101         99.9997862465286      0.06177221649671338
                      487        48.06386896204729        21.48457487430361        5774.107102331499        99.99978573927281      0.06177221330759597
                      488        45.78573573768739        21.84235773401848        5774.107032897513        99.99978523077571        0.061772216188972
                      489        44.00777311448478        21.62689992374719        5774.106962678989        99.99978471748148       0.0617722481011671
                      490         42.3514527105746        20.73860617373992        5774.106896922666        99.99978422991622      0.06177222738528165
                      491        43.59873447465863        21.29877548080733        5774.106829239529        99.99978373127256      0.06177219536115564
                      492        44.04623952113702        22.41152765314611        5774.106761253419        99.99978323056096      0.06177219826855662
                      493        46.76713371932073        18.64803440218224        5774.106693876294        99.99978273310158      0.06177222633662716
                      494        43.26980718376652        21.84843870475243        5774.106624294095        99.99978222325511       0.0617722364727431
                      495        47.47611193562493        20.00949556701634        5774.106555731074        99.99978171874839      0.06177225330607961
                      496        41.72512195442347         21.0882598377537        5774.106489259458        99.99978122719925      0.06177224883256871
                      497        44.49833715401932        20.46957790120743        5774.106419498122        99.99978071705769      0.06177227777024363
                      498         45.9181774739872        20.53277883816763        5774.106350573425        99.99978021067865      0.06177228270963475
                      499        39.96991124691118        23.56422338664871        5774.106282781299        99.99977971219924       0.0617722655525208
                      500        45.91289367150373        20.32064343786497        5774.106212949425        99.99977920112205      0.06177225749264081

Final average n0: 44.40386381870158
Final fluctuations n0: 20.77427856199584

Averages:
40.47520693682576
39.79925292396215
43.46863342865068
39.98092383016537
47.31567319255967
49.74865400233782
42.4853027108101
43.75347175254732
43.58523882432692
44.40975702478198
44.8921178206522
46.51401700882931
46.61093283890014
43.07835394206361
43.32906374675886
45.52433988169931
45.29002069859712
43.36915204527904
46.3290887146552
43.85747907946937
45.4929827441013
46.90221124704498
45.4831839066108
44.74214602205024
43.537820292318
46.01165763732494
46.8693901779885
45.55995636151091
41.10890827446504
45.0650656851647
46.01964083466041
41.43257239589823
45.92882938087136
46.5605019658368
41.26000620443772
44.3615698851163
43.79539750383587
42.91340890577339
44.83599330354775
42.8954070161534
45.31472444178372
46.08554995035829
43.96041318829114
46.43184218212526
40.20150357437102
42.2634796141848
47.22566045606538
44.53195407276547
48.0993197754761
40.16505888388688
44.50549251917572
42.07867487613638
43.58315921040749
49.63028008615743
43.19126067531818
44.61100346908246
43.02995040132914
43.1475084433964
45.6925637246892
47.47392828759646
46.98283598620413
41.37579782297945
43.67077012984078
44.71835579363464
42.34294047636629
40.45858675947959
48.77258532766223
42.34624521444162
41.57036534391288
42.39961745253634
41.90853361441459
44.51683987411993
41.89704326557106
40.37977169254182
46.12634330540609
43.1780874364145
43.84916579089109
44.52595587990084
42.85063225393855
45.15295462628763
46.19425348162973
40.54136155159988
45.65395878055644
47.57951309710081
46.72615874247768
42.77682592186123
45.26872223901797
44.84242700966661
43.5600270638787
43.47396548465072
42.42268349462724
44.13531570521455
45.50197623069694
45.94542178822007
45.20259919139838
42.25269704241801
41.92404031110165
46.56113242083988
43.19452835448656
39.01918466714071
46.19262335749548
43.3113856463953
44.47076497607888
47.29785020747271
46.41344801842919
44.71958130918877
45.61443680093804
45.17213715112253
44.28728317677797
49.22013484230708
44.93171164145137
41.1144921932071
47.04688382522352
42.31244514993868
43.29061193525046
44.01586330058127
42.24506275526529
47.29483522651135
45.79452858820532
43.78530211464788
43.68586295175407
49.9212531957367
43.49361844430295
44.68331370931519
44.47082303474378
41.85863994385547
42.81200590552584
47.3132080713122
44.77117839016614
48.56086029898167
43.75278469263915
41.92963753937252
43.23902755549635
41.99147469083722
44.58508217263126
44.65240787543392
40.33473833761746
43.7670280449353
44.96766721202014
42.50555001434573
43.95233765328098
41.94555199577938
48.11013103260816
42.02180020999839
45.36496224184672
41.33595896456453
44.94499790646299
46.47839349106408
46.14531323233768
46.33308839046035
45.87310634061547
45.1550786927911
43.89959722193227
42.62850036987792
42.38515252032438
49.23995454753216
43.66772967900924
46.38665215346718
44.17104398614894
44.82969926859258
43.77237556732839
49.34403922385803
41.16383230480082
40.70934197699875
44.21064126318169
42.61977780710161
44.03515948576378
44.90636470784381
42.93708432731473
42.82599193484429
44.98005181505106
41.5946776798971
46.01523015461576
48.94869563681483
44.47207060384662
47.2283426807384
45.61950831415597
44.57045525371175
43.48137287859603
46.89766173737813
42.68231283673138
46.21977078216061
47.42134486638581
42.22828724446752
44.87763974617881
46.00447248951511
44.31993104870757
46.86765153313826
42.16285387338621
42.24313662945924
44.24893356080788
42.2980666730344
43.69078123079913
45.17699075609394
44.08134088180888
43.35019454924392
45.8549236404427
38.98349464306369
47.09048849847512
44.34511200737429
45.20588401187833
43.20412387958643
42.97067617957711
46.01985009697751
47.54226704154645
42.34810542707728
43.82327673299564
43.37703332904021
45.34569709617851
43.66471883405412
46.29010233691436
43.86810780963874
44.09406577799507
43.18287712159613
40.57163226146156
44.1677109144603
44.54379625267685
46.13091183684102
45.14394662807459
48.32421417795057
44.1021425204219
45.87703175587161
42.0116214594301
43.94785465318009
47.32620472744386
44.03480777893378
46.24042440074703
50.66466091129475
45.38863929327211
43.64389051388253
43.66117881273571
46.84746978649078
40.37076377976982
42.60077710694121
40.51129288691616
43.49401170220938
42.74112229572233
44.91810374133387
44.10415788196696
45.2333939883837
42.31776132039197
43.27076321236997
42.46294355491992
44.38801892628484
43.72198429594005
43.93578630640164
45.30216885666577
42.8020840198489
42.32852829858917
40.93774243958223
44.43364444398112
42.68917424588767
42.48812196461827
44.77267105036665
44.6489909374717
42.66896158786793
47.54357724988037
43.81457080672436
44.2054776917435
44.95827690069907
50.93187576170033
42.94677363093324
42.97025125239863
45.22901659255899
42.94874940364542
47.20816927646585
45.06162497431289
46.13447273228943
46.97030195905199
42.05839795718339
45.65677881929017
46.19676173184085
43.30693165903175
42.84307158114058
46.45513273381513
46.8047154250387
42.76554303323283
39.52265985808729
48.13480065567686
47.67991348981587
44.89070355585844
45.25631876443657
44.90200490598102
44.2653198035034
40.62560188946789
46.12169413404622
42.23612224961389
46.63921671203478
44.05612542623637
45.23896682422213
46.17685650286816
43.57067866820364
50.7142319785684
48.83269647282281
46.74240721866823
45.2400091062711
44.52252712689742
43.84775919682441
42.73975457834193
45.83465672009314
47.30238446138646
47.72727597252089
45.53673768295354
45.85326711664928
42.8879052037399
43.85516513260945
43.94325601450519
41.54496720063869
47.35343646664013
44.25335778571223
43.99487464351374
46.76848236206587
43.00998829235052
45.29408412378619
45.90691900232841
44.84218042556897
43.1208040969299
43.64078077292237
43.74006183405949
43.12012619219277
47.07407553186528
42.03910599075677
44.23492075525213
44.39596938709362
44.89760336697162
45.24902177394927
43.92906809758841
44.3862278366416
44.68099489771748
44.28130247495749
41.76593423069417
44.72515211775598
45.22392913470109
43.27008711838418
44.75948964609789
44.64429228975887
46.49388143099554
46.22628948204512
45.9538835136232
46.63593082959272
44.7955381740646
44.95644245736269
45.7997775146864
44.62080197689642
42.13244740303184
40.67536060645975
47.95050745420684
47.25580415996713
43.89239656245034
41.74092850207207
44.63320867069968
43.83729708840725
42.64007993641996
42.20752721670306
45.66178087874135
41.59384863954251
46.24198863807847
43.64374002967953
45.23259927815493
44.79180755557112
43.3064943838464
42.35184680371016
46.71040093815174
41.9167618893419
46.66054342543311
42.81098159340373
41.22156166025345
43.56510218230459
43.3163329548721
41.127191037207
43.55475475674381
45.27328855287081
43.09413803138699
46.03305903441371
43.90886101003944
46.78018573820008
44.04148931570102
42.98019574727948
44.73053134713759
44.52595222545051
41.59618462906351
45.93581945318283
46.00061461441061
45.48735263241456
41.93918415415796
45.34211101294254
43.98616047497221
43.75957531170194
43.10942369621371
44.9442410851542
45.16895077541307
42.99390698324349
46.21224116136836
48.78972372847402
43.91816823985199
42.76156591198325
40.77732024934793
46.72992935194891
44.32221005448089
43.88514428928333
40.69971880526244
44.39146581717083
48.02390974221601
45.62523537405711
43.12912008629472
41.29026847128022
42.67282833573621
44.14351439422965
43.71151156460562
44.6867194398497
45.67432459301478
48.19050778828927
42.46305991617655
40.08033134263252
43.42630450811826
45.78320999039046
44.34114187091076
45.80503797188145
46.75100210157598
43.73556109221128
42.96769361962016
45.49483721215186
43.650407726381
46.35327000046302
45.28189003992509
42.58078533899283
43.42545174364655
48.35344051666107
46.54506401770677
42.23577940204119
45.55068932359586
46.60860218539548
45.08193949630529
42.25486409906856
42.63067204626665
45.1794194535148
39.09778407776132
43.60212825784319
44.37515523038389
43.82820589412209
44.6528502922719
47.9155180274687
44.8502303232974
42.13807297939012
41.42480743293037
42.13590367524023
47.85167590037536
42.74739057343098
41.65106202312296
45.46451139601117
49.07231527523602
48.57566458889688
41.92644051045033
44.99357932408597
44.0335826463557
47.36914813403128
46.30280251043818
41.09011878885928
42.65462432002755
46.28749275720315
45.31403179103047
45.04032609601555
50.50751201340832
42.46204641089047
45.93196279276539
43.21152250133391
42.29301170364697
46.05028469585926
43.19124968728885
48.10154435089721
44.92624603601899
41.87341397519743
41.31560701028673
43.08558829231477
42.99094388975355
43.0468486246201
44.65766319719613
42.51799948499504
43.89133893684201
42.69058952393105
51.0898493271722
41.72363024206254
42.02933125916296
42.7270530252009
43.97428224643938
48.2962252755771
48.06386896204729
45.78573573768739
44.00777311448478
42.3514527105746
43.59873447465863
44.04623952113702
46.76713371932073
43.26980718376652
47.47611193562493
41.72512195442347
44.49833715401932
45.9181774739872
39.96991124691118
45.91289367150373

Fluctuations:
21.25501826182086
21.25511787228162
20.32854948056036
21.89680143736011
19.50034192690456
19.14463840062673
21.85848637675691
20.78748178245409
19.90928877542027
20.51486902400605
20.27035376667066
19.99328776120009
20.41691117262717
21.8130517462311
20.84599676264949
21.28160285743831
19.9322602964125
21.08051546951882
20.17730884736281
20.75876262540076
21.45275646842257
18.17756745639357
20.1454958714234
20.70140607774005
21.75880198841919
20.07049678756419
20.10040105597647
20.64424278344627
19.7739789343449
22.22525889325157
18.65121525621442
20.64653791095693
18.37586986009416
19.78921085173632
21.21936350881129
21.06345678589375
20.7607083990501
20.62704274784243
20.86855305953261
20.86820958741494
20.46862843299995
21.24453534521514
21.93672026994512
21.12437226964344
21.91214730074509
22.3459787266561
18.46567960113349
20.85260626908218
19.51539249314986
21.52245620307165
21.64595944585853
21.40782114795312
19.28378211117835
19.95685993935505
21.46415747115105
19.22949662644075
21.9278071967448
20.83963052560898
20.76898917457548
20.33144481813929
21.02546553628487
20.99052488284756
20.79848640718674
20.93085493920692
21.47256736338528
21.23928024356874
19.61293256146243
20.78751937314786
22.30585662450468
21.57750736015132
22.18756422316839
20.35321144649295
21.39842609218866
21.7775047495876
20.01406167999976
21.42112846716092
21.09837643261057
22.34739167349818
22.22704692708311
20.29860978134767
17.52424029973442
20.89251946834015
21.10609942395802
19.32149087437732
19.59888174130483
20.48728671929451
20.30193854695707
20.70541472133792
20.99270143332066
21.69214858357063
21.30280371060561
19.60289006904494
21.991854756387
21.61216662739639
19.49545996329549
21.39555795734537
21.15775361078896
21.65602519522501
20.64249028517173
20.67432923249035
19.36436209659769
22.05805843238536
19.58172558696546
20.77846764762058
19.32213978858888
20.22093323698127
20.50751890690677
20.19497515182776
20.8611250624391
19.01320589131983
20.9048551466393
22.13559388247684
20.32798820023819
21.80949934385967
20.30513303770183
20.73021354217569
20.57354194788724
20.39486488399562
21.20887975444046
21.82897380628624
21.03537460268355
18.88993594848133
22.07881864987703
22.97911201491825
20.75349046429182
21.0766906685499
21.59281393300943
19.52941275819351
20.41586986774993
18.43447613544513
21.04346227242757
20.69919592144
20.73352622655644
20.46721821435078
21.09236678288868
21.12239922645301
21.73428345658388
21.28554374517005
20.52857545710955
20.69548513397715
20.50069499199704
20.91586388727356
18.67937811038523
20.64787522780423
20.78042767755264
22.50640893524506
19.39697268589679
19.89859569986066
21.0480761801912
19.81787557186573
19.57339462729785
20.55899573682557
19.88983668824285
21.52298855344127
21.48324581631415
19.39682422747132
21.69556301997106
20.89036144930844
20.71554503526555
19.9355262319609
19.80266673436408
19.91083566057721
21.28546492285806
19.85055822146171
21.37251832890549
21.19468131119678
21.17082725392047
20.38042119706932
21.20743825358678
22.1005160330923
19.83184201463873
21.94440993433741
21.49714557905116
18.8578164074797
21.17523073271086
20.46527276981769
21.18094217903277
20.13495192277659
19.92721822991043
19.27356738137823
20.48787548359937
19.96253414477979
19.5564812067619
20.70395259065661
21.25522396372817
19.52178251523692
20.04182060300182
20.04299573855666
18.51122689721636
20.23055940206097
21.36411797877826
21.41466827370417
21.65481169750489
19.23785131314641
21.08995150398382
20.77409670323929
20.62613867157858
21.55592758930011
18.50636960852195
20.82878571282643
20.82797802828678
20.35459395279862
20.5160993293163
21.12665220451732
19.73414176291314
21.72265565913338
20.93846595322339
21.62342715020293
20.89759900516448
20.68967216969865
19.47754750121141
19.87232575200732
19.61671606153584
20.42989778075082
21.29509901400586
21.01908571907079
21.85441147169251
19.89917971504376
20.9968642892652
19.59163097665954
20.963036289178
20.80850876703824
21.2935773814546
20.29231210931096
18.93393648081406
20.8576271277941
19.58916658260406
19.69177178473029
20.88707638592789
20.58236410714068
20.96139345855462
19.12160138730598
21.55793199987991
21.37132506185833
21.35752695605326
20.88656476040952
20.60088011277475
21.3064820418557
20.71119654188609
21.44364836799014
21.41091432536098
21.71650921659252
20.99309887870821
20.25645920908153
19.5506493192846
20.18087620663372
22.00117500061133
20.48708161695439
20.68297516695232
20.63773871510771
21.37363550716831
20.72965404701553
20.71567571377951
21.36457246253845
19.85457319476873
20.05057612395783
20.3949630694881
20.625044192911
19.48526341052475
19.9917488191418
18.13891052297642
20.3127106891886
21.55473373452515
19.89545810564842
20.67830809241768
19.21149384112415
18.99430138402959
19.67610245772296
19.66817933721114
20.8405373044276
20.08303495231065
21.38096880670878
22.14801093758224
21.02089456129805
20.71404924883204
19.34578342638152
21.35617894940259
22.44837601534352
19.38653470765586
19.42539890292576
22.41223842822126
19.32553558418545
21.65229104789443
21.16552270684777
20.27428994181824
19.92893736079412
21.36860996991314
19.52833023210767
21.72168498683683
20.83525624736023
21.16403626551816
20.64057034202651
20.32479916086837
19.2951729348043
21.95155441803005
20.41848017254421
20.09124555950645
19.78252416612309
20.43933422056522
19.83191802176371
19.28284652024744
19.89600683040817
19.18400754110002
20.16559998018909
21.51712462903645
19.88420300517589
19.74216548211518
21.32071739890537
20.40913899683582
20.81329396663783
21.70389631057092
18.79142563891157
19.92164982694734
21.39939616057077
18.57167316242698
19.57377123686483
20.72124814223105
20.93426623352789
21.18737248078067
22.40226183460156
19.7897365377992
21.32794195644936
21.98308330586864
20.78882458747352
20.77504129066802
19.48116415569742
20.85683506046496
22.47481255405445
21.10807766073979
19.82287484507284
22.57195715553945
20.3598449405873
20.11849094059679
20.69467603940678
21.18098313084588
20.14124353696874
18.48280448151504
20.00469103131446
19.49670942190794
21.17570408324053
22.25097658655369
20.31102923163197
20.55240994981512
19.3373950372936
21.63238124014984
21.16524304537755
19.09852392597539
20.75205268588643
21.25326043274831
20.79621801307624
19.79801940992574
20.87136465681617
20.26870590855856
21.44760715437087
20.60702081738327
20.39261912254122
19.31179483528404
19.91292186418012
18.86864052871245
20.73752474739448
21.67743361203046
22.20314707859765
21.53663139657442
22.27930616458963
21.63668255609609
20.66997185322592
20.53752501749787
20.74196668963527
18.88373762307067
21.29219576723964
20.01367379860592
20.42617782516132
20.69998476013423
18.75373111485944
20.20644243654689
19.60248351649715
21.02571315255045
21.28221291389575
19.53714338890429
21.99274028796846
21.94651896027255
20.94988683639272
21.1998522273647
21.16515966366184
21.05141553057084
19.40057098276107
20.42517105058604
19.16710058293048
21.17392901476308
20.86430966201753
19.58539989141713
20.99814452896299
20.99740045684412
19.95431400153704
21.47745510805895
20.54094807556466
20.81972723425001
20.89148319465321
22.05374905799748
21.20044922098414
21.74891721205755
21.00927601527465
21.00902245323097
20.90837439529128
20.88162462903333
21.50857936839483
22.00591145468585
19.67284729942719
21.03203750569896
20.45284409502199
19.66273842360919
19.59677027501916
21.9906594799577
21.51709714399572
21.59492465775291
21.73433400328346
19.83047629238262
21.17477462715489
20.24022731211961
20.90078408767009
21.58578808078279
19.59392828320323
20.17895889128399
20.61072678182319
20.31327992106336
21.15335648870328
20.20190209990021
19.46681744710128
18.94664539649837
21.52615380947907
21.03136336197197
20.5772549565882
20.34659657382727
20.73165054299077
21.18749954157686
20.07281107428425
22.79094126275735
20.42929524809987
20.82819301838892
19.1562104066578
19.89746987237264
18.4866387587536
19.92234441584935
21.03658344593923
22.07050797351149
20.27141327093154
21.04298416438529
20.33069192103179
21.5750452661072
20.58289614587964
19.85344168940197
19.32229299365786
21.40251964260679
20.23405606611229
20.80724506277689
20.21369297211114
18.96518420712887
21.43484024955295
21.50692833543124
20.48923539349382
20.19718092178845
19.81232215912648
18.2321594449467
21.26753086070148
19.54777347822933
21.14334021335859
21.319421151247
20.55774334777522
21.57324043634739
20.3233782682746
21.31381789271861
21.64422160917247
20.76598839269634
20.97232885926668
21.32298386390855
20.28975503798036
20.00338089410353
20.3107115680288
20.88208752778632
21.10910866653044
20.62408363886281
21.67801577035175
22.51371897801047
20.92652365303525
20.76812896638027
20.0557382780229
21.48457487430361
21.84235773401848
21.62689992374719
20.73860617373992
21.29877548080733
22.41152765314611
18.64803440218224
21.84843870475243
20.00949556701634
21.0882598377537
20.46957790120743
20.53277883816763
23.56422338664871
20.32064343786497

Last point and parameters for further simulation:
100
6
0.5
contact

-0.220140026164954
0.2648129308278186
1.158231887656141
-0.5714574174507612
-1.916415006946642
-3.609214025689812
-5.664056710078628
2.297853477782017
1.055939916512786
-1.823554965857157
-0.970042840737568
0.7117841099127766
-0.2636679977161817
0.01591238855992712
0.520136560690818
-0.102721205275637
0.1502526456464163
-0.1788090769303043
3.906176546891981
-2.442231734717984
3.866027216900362
-0.9206002020615125
-0.5276901968986206
-0.6500289639978177
-0.09950350578333016
-0.3629187670658388

Final quantities:
44.40386381870158
20.77427856199584
