Number of particles: 100
Nmax: 8
Gamma: 0.5
Interaction type: contact
Step size: 0.0001
Batch size: 200000
Batch count: 500
             Batch number               Average n0          Fluctuations n0                   Energy           Particle count                 Momentum
                        1        20.47615963488175        16.07647810113767        6878.630259561727        99.99983654785254      0.05500761700612111
                        2        19.98446815606071        15.46567789057007         6878.63001768451        99.99983510613961      0.05500755946771285
                        3        19.76233189253091        14.60111961988639        6878.629779556548        99.99983367928566      0.05500775405575808
                        4        19.97195147597675        15.15279333420905        6878.629537186727        99.99983223742137      0.05500764350687071
                        5        21.70955281046636        15.72813175664674        6878.629301820723        99.99983082359901      0.05500747978013454
                        6        22.10996582965272        15.91860274314984        6878.629062792194        99.99982939229425      0.05500738066635691
                        7        19.38368539016773        15.12151124142097        6878.628845442799        99.99982806273405       0.0550073607015964
                        8        21.77867338130463        16.62430958602302        6878.628595977126        99.99982658390277      0.05500737755587792
                        9        22.42537584336812        15.88587913403566        6878.628345931769        99.99982510458493      0.05500693262741407
                       10        19.70211035192275        15.15873580196735        6878.628121524625        99.99982374154429      0.05500668577109469
                       11        19.82201816402315        15.69993356787007        6878.627893777738        99.99982236264638      0.05500662777120713
                       12        19.49482673363083        15.54386843228168         6878.62764817068        99.99982090245541      0.05500689824848948
                       13        21.03878154252355        16.12734037681339        6878.627408172458        99.99981946909668      0.05500679690467258
                       14        21.65200412722405        15.70776756820108        6878.627173216243        99.99981805462227      0.05500680625270782
                       15        21.22266898589854        16.20116029581018        6878.626937528764        99.99981663837718      0.05500681544071151
                       16        20.27090576063929         15.9941327958738        6878.626699714044        99.99981521209064      0.05500670603159907
                       17        20.81020174328933        16.04608551028684        6878.626467530625        99.99981381139064      0.05500687804755788
                       18        20.07663900320148        15.48575432477795        6878.626227103203        99.99981237490603      0.05500709235626644
                       19        21.29326696372875        15.13461746728755        6878.626004185252        99.99981101811855      0.05500706179950576
                       20        19.74149745371657        15.49194745829146        6878.625766096957        99.99980959536957      0.05500724195521833
                       21        21.10499146179002         16.0928951425106        6878.625518715364         99.9998081255809      0.05500728909552066
                       22        19.34138180968661         14.3994149078106         6878.62529538817        99.99980676961269      0.05500732170188272
                       23        20.30293318567091        16.06736445706574        6878.625060307327        99.99980535744824      0.05500746972671955
                       24        18.13490901116996        14.52175595740471        6878.624838360694        99.99980400714091      0.05500744602557717
                       25        19.08148667182644        15.87513246909332        6878.624601943889        99.99980258989825      0.05500758630299885
                       26        20.73943869885201        16.24776574968022        6878.624369851706        99.99980119178652      0.05500753800404112
                       27        23.23533389390899        16.31135771183389        6878.624128234509        99.99979974761374      0.05500764577711159
                       28        20.79979585507028        15.67780474999708        6878.623890148197        99.99979831763287      0.05500754729734325
                       29        19.29885910693511        15.36792748027611        6878.623663997585         99.9997969474144      0.05500761503675911
                       30        21.41006575468889        15.55720336653462        6878.623440113413        99.99979558680054      0.05500756016153519
                       31        20.73320149782943        15.94507976976093        6878.623208411635        99.99979418988282      0.05500760443171959
                       32        20.68643107763971        15.35641006641087        6878.622976053583        99.99979279216726      0.05500766366838405
                       33        20.03375568373234        14.84459444947279        6878.622742021487        99.99979138391878      0.05500768440913006
                       34         19.6019421442893        15.04425075961714        6878.622504961128         99.9997899662402      0.05500785963386789
                       35        21.23116782905316        15.61295938088784        6878.622261189012        99.99978851507815      0.05500788769626058
                       36        20.49770038203631        14.51595109275335        6878.622046525536        99.99978719853122      0.05500797188625661
                       37        21.39847895974297        15.36796681944953        6878.621809649401        99.99978578066219        0.055008012264818
                       38        21.86663594496813        15.64952994089118        6878.621573836921        99.99978436680703      0.05500783006685861
                       39         20.3217788890243        14.95607422589441        6878.621343560675        99.99978297743044      0.05500795631951583
                       40        21.00521212707095         15.5502623807064        6878.621113863082        99.99978158889991      0.05500792740412308
                       41        21.01157430169382        15.49765977078195        6878.620882666645        99.99978019624504      0.05500799524736166
                       42        22.35647067216325        15.98698987632738        6878.620652336066        99.99977880665236      0.05500803363766948
                       43        22.20893751765649        16.74045473753026         6878.62041877977        99.99977740131155      0.05500807804579466
                       44         20.4399206205121        15.71584286476826        6878.620183395826        99.99977598660806      0.05500806569151706
                       45        21.84179116974363        16.14646508838654        6878.619949871209        99.99977458207697      0.05500796958963505
                       46        21.98313254815667         16.2197081538041        6878.619718999375        99.99977319178092      0.05500797112992206
                       47         20.2595846753249        15.52419712454874        6878.619483904073        99.99977177852477      0.05500798993741318
                       48        19.67392223471345        15.21784386172391        6878.619248636021        99.99977036510971      0.05500794262119335
                       49        19.39188058733498        15.31483917424616        6878.619016247083        99.99976896647847      0.05500801684772227
                       50         19.8149235219119        14.97277984267696        6878.618793596223        99.99976761483519      0.05500795283229731
                       51        21.28983166992413        15.85415953165352        6878.618571810915        99.99976626473678      0.05500779915455034
                       52        20.45699305836927        15.31938408040994        6878.618347968136         99.9997649059369      0.05500760913630209
                       53        21.92951214154655        15.06241535811592        6878.618113628309        99.99976349669871      0.05500766113854194
                       54        19.63792042160845        14.60499481201981        6878.617893188323        99.99976215594133      0.05500776243462013
                       55        21.58598993657693        16.13815634770078        6878.617657976087        99.99976074556454      0.05500796201272173
                       56        21.42609399367232        15.98364030837928        6878.617414307086        99.99975929483952      0.05500786154767834
                       57        19.52438361935343        15.64565277147835        6878.617179310865        99.99975788165882      0.05500795657881952
                       58        20.03030673446144        15.68228594884688        6878.616941142343        99.99975645778817      0.05500788697211778
                       59        22.35782542165343        16.63417959522489        6878.616706533528        99.99975504735774      0.05500778304331178
                       60         23.9334548994715        16.36436145311098        6878.616477652398        99.99975366344911       0.0550077841730392
                       61        20.31928256299495        15.30286951110179        6878.616244921695        99.99975226576151      0.05500755135045043
                       62        19.95548001208983         15.9540782336363        6878.616009183403        99.99975085193448      0.05500753860879293
                       63        20.99388261216647        15.67815911203939        6878.615767714245        99.99974941227248      0.05500740630721834
                       64        20.19571194366813         16.3021982287474         6878.61552468908        99.99974796557339      0.05500745484993175
                       65        20.50642228806974        15.19804940177736        6878.615299690122        99.99974659976189      0.05500733134233471
                       66        19.79312164385162        15.66891871102595        6878.615060680071        99.99974517142661      0.05500744393606283
                       67        20.56389061851856        15.88353460823939        6878.614836582981        99.99974381204426      0.05500757532228207
                       68        21.26057384942741        15.20449083988186        6878.614602096115        99.99974240153958      0.05500758605989819
                       69        20.82658021266726        14.93663781935674        6878.614371486257        99.99974101251534      0.05500760059235343
                       70        21.08264003886396        15.18674100896264        6878.614139598522        99.99973961239257      0.05500773244206925
                       71        21.94746083999171        14.96740067671991        6878.613908539055        99.99973821713073      0.05500774071446379
                       72        19.11750896538332        15.32439513362773        6878.613676022615        99.99973681877103      0.05500769827569485
                       73        20.59992209585323        15.33517292378698        6878.613444027785        99.99973542193986      0.05500776557210152
                       74        19.59489343162336         15.0515796151087        6878.613221922218        99.99973407087803      0.05500790578736403
                       75        22.07011762243882        16.23395291613849        6878.612989192116        99.99973266609679      0.05500783038917856
                       76        19.46465450654585        15.61806420501831        6878.612760115127        99.99973128421259      0.05500772826149714
                       77        18.77472866600717        14.96937876263415        6878.612521599161        99.99972985786239      0.05500776915177497
                       78        18.20777085645377        13.75782206768848        6878.612302366443        99.99972852499546      0.05500787015579789
                       79        18.50220407449352        15.16803140791147        6878.612079341223        99.99972717343459      0.05500787860828038
                       80        21.40594999751602        15.26586277250696        6878.611855869527        99.99972581467202      0.05500807764520488
                       81        19.23327235209515        15.27987491479982         6878.61164156052        99.99972449887909      0.05500798952805219
                       82        20.74939063492453        15.56816108287373        6878.611406229683        99.99972308794543      0.05500783717427837
                       83        22.02542776176782        16.06112663295511        6878.611168587857         99.9997216645898      0.05500754633754212
                       84        21.20927678228625        14.78779515673157        6878.610947900207        99.99972031981501      0.05500774898851568
                       85        19.82951197752549        15.29349679787498        6878.610707155558        99.99971888607223      0.05500793772877621
                       86         20.4483591500621        15.67469762450791        6878.610481459213        99.99971751593831      0.05500775854552575
                       87        21.97231972051191        16.44982708573436        6878.610235001949        99.99971605380436      0.05500771600645127
                       88         19.8463396834902        15.68883302819886         6878.60999961322        99.99971464022724      0.05500772376798935
                       89        20.69589514953306        15.51914869821286        6878.609765933499         99.9997132325427      0.05500760580823183
                       90        21.92951977341222        15.43554946161148        6878.609515781854        99.99971175056055      0.05500770905504115
                       91        18.99580905151094        14.69083202180823        6878.609297270992        99.99971041962282      0.05500774429946809
                       92        18.60815045197877        15.45982241658219        6878.609057300391         99.9997089907105       0.0550076707112872
                       93        21.04305751836653        15.01667379380108        6878.608822467418        99.99970758197566      0.05500800094459635
                       94        21.32608057801739        15.66948326868551        6878.608594628215        99.99970620401413       0.0550081131441793
                       95        20.21723370866505        15.21859125016327        6878.608367917444        99.99970483357856      0.05500810644050347
                       96        23.26009883755312        17.01027232041455        6878.608125591572        99.99970338369523      0.05500810458163485
                       97        21.10919856858988        15.84525783096866        6878.607890385133        99.99970197218599      0.05500812514588915
                       98        20.23678101600705         16.0093802721099        6878.607661466123        99.99970058975752      0.05500795287919757
                       99        20.02975577143957        15.54495791544209        6878.607418930494        99.99969914447887      0.05500802901556057
                      100        20.77197691243889        16.02940087047651        6878.607180596166        99.99969771507364      0.05500808729110851
                      101        19.73501980815554        14.92396898043307         6878.60695003556        99.99969632562728      0.05500818684074238
                      102        19.95620081013683        15.95044349574065        6878.606718941322        99.99969493362286      0.05500816272784104
                      103        20.59447626941665        15.19451539477684        6878.606477487947        99.99969349156507      0.05500827238604344
                      104        20.93428071010106        15.69171831033707         6878.60623630628        99.99969205227993      0.05500831018605457
                      105        21.82243877808844        16.92241778843134        6878.605985594905        99.99969056602188      0.05500841262882261
                      106        21.37386776165622        15.04737893800678        6878.605756188384        99.99968917780119      0.05500846705490758
                      107         19.7520908685912         15.3543678168152         6878.60553410908        99.99968782611589      0.05500858699682176
                      108        20.20463914728911        15.66213853358642        6878.605307855816        99.99968645501676      0.05500845258529807
                      109        21.31579684965839        15.17979013181269        6878.605077475293         99.9996850653969      0.05500847185408553
                      110        19.38258299023994        14.54481747058732        6878.604862208286        99.99968374702752      0.05500838991523915
                      111        18.81376668755312        14.36813344576775        6878.604638588623        99.99968239248571      0.05500855352256195
                      112         19.5875686000084        14.49348619301268        6878.604421984543        99.99968106325895      0.05500843127483179
                      113        19.46232754720077        14.87033821183907        6878.604176417803        99.99967960566994      0.05500842543303897
                      114        19.75606090926274         14.8899075917758        6878.603955113397        99.99967825849876      0.05500834289690459
                      115        19.15305158312808        14.89060378283302        6878.603728477784        99.99967688567376      0.05500825369850659
                      116         19.7978359963993        15.44001241741117        6878.603506553695        99.99967553451503      0.05500837276435533
                      117        18.01755013441887        15.41459692295303        6878.603279188954        99.99967415610286      0.05500829825485809
                      118        20.60150153271005        14.69367019287581        6878.603046862834        99.99967275776977      0.05500824089806411
                      119        19.82794623358028        15.67253149329121        6878.602819425396        99.99967138236269       0.0550082284869795
                      120          20.467831725209        14.69339729602746        6878.602596490738        99.99967002689797      0.05500799763925812
                      121        20.99720476167546        15.90915358341849        6878.602358149399        99.99966859905257      0.05500806045464923
                      122        20.00386688600365        15.63053914579585        6878.602135933114        99.99966724718738      0.05500802616473521
                      123        22.66017402326277        16.51301154239965        6878.601899248708        99.99966582709388      0.05500808706643667
                      124        20.49160699566043        15.25421265254688        6878.601674014464        99.99966445895427      0.05500814178720637
                      125         22.4865853489068        15.46186931089932        6878.601434612831        99.99966302592527      0.05500808434517879
                      126         22.0270795092486        15.76000965008741        6878.601193560184        99.99966158788315      0.05500798547023322
                      127        22.10704588884949        15.98512527963331        6878.600961240959        99.99966018707899      0.05500796630090754
                      128        19.35776588376714        14.65489385552072        6878.600739050223        99.99965883672486      0.05500802920888059
                      129        20.07312603468024        16.11199009101117         6878.60051038843        99.99965745045479      0.05500809481826963
                      130        22.99345423907929        15.95635564299085         6878.60026778138        99.99965599941382      0.05500809175979526
                      131        21.29493966598216        16.13818532782904        6878.600041593952        99.99965462692073      0.05500819709359916
                      132        20.33010824054112        14.79804677122473         6878.59980747755        99.99965321688825       0.0550081393741042
                      133        21.83889442715285        15.34145910257765        6878.599574007631        99.99965181195145      0.05500832120455357
                      134         20.3778963020858        15.58884103577085        6878.599337554238        99.99965039667444      0.05500826301096673
                      135        21.24190599744574        16.45422408658587        6878.599102406169         99.9996489824905      0.05500803537422527
                      136        19.06884533951732        15.76614643631912        6878.598879481802        99.99964762724954      0.05500790664368438
                      137         20.0866534415168        15.49834746971125        6878.598646960329        99.99964622974692      0.05500799969018288
                      138        18.62881416463579        14.54319696552429         6878.59843021432         99.9996449055629      0.05500779900659669
                      139        21.10184164817654        15.02798605733622        6878.598200515577        99.99964352093426      0.05500792557647571
                      140        19.58548596446808         15.9534202009186        6878.597976986151        99.99964216159478      0.05500797854708317
                      141        20.71537322619092        15.64428658558351        6878.597746126767        99.99964076808912      0.05500780997164867
                      142        20.47957810748811        15.99668387276022        6878.597515901011        99.99963937833709      0.05500807970943677
                      143        20.25532597901913        15.68734631539972        6878.597291812011        99.99963801444798      0.05500780191839372
                      144        20.76180740998924        15.43928670824151        6878.597055849371        99.99963659896703      0.05500786586565098
                      145        20.47748719858009        15.07257894217453        6878.596814057083        99.99963515517413      0.05500799082587093
                      146        17.94347611787925        15.00997842512525        6878.596585505046        99.99963377399038      0.05500788086674824
                      147        20.03524452710555        14.38588378329449        6878.596359082202        99.99963240072015      0.05500802194790921
                      148        21.37676067271886        15.34378028101809        6878.596115941769        99.99963095501063      0.05500809250158767
                      149        21.09721887690605        16.68706557663204        6878.595867647176        99.99962948125449      0.05500820245207017
                      150        20.04999889578533        15.29713233138116        6878.595633616196        99.99962807649406      0.05500814774506324
                      151        21.62125464486397        15.21806042163522         6878.59540294666        99.99962668379807      0.05500816236344086
                      152        21.60187941839494        16.16783832181233        6878.595159195728        99.99962523287159      0.05500807098600191
                      153        19.54737291074453        15.76733953637639        6878.594935434878        99.99962387656772       0.0550080159018691
                      154        21.51203339134517        15.91279313282374        6878.594690128255        99.99962241809682      0.05500800571074116
                      155        20.26510754968172         15.4074638572481        6878.594452586803        99.99962099779884      0.05500828069610808
                      156        22.36668616122961        15.82760666730206         6878.59421115031        99.99961955336629      0.05500832572155423
                      157        19.52176370153249        15.81444543812941        6878.593971872593        99.99961812738297      0.05500834152027778
                      158        21.44762535131438        15.43146986432056        6878.593728889416        99.99961668245888       0.0550083768854317
                      159        22.37919543425767        15.66109172154751        6878.593490047163         99.9996152508245       0.0550084075564925
                      160        22.71580596566907        16.79946040703971        6878.593236259043        99.99961375231894      0.05500838240271477
                      161        20.00941002244578        15.11299352132565        6878.593007370387        99.99961237288335      0.05500849338710978
                      162        19.45543172522898        14.41479500263082        6878.592782509295        99.99961100801927      0.05500849015442633
                      163        21.35477539215019        15.85832128043834        6878.592544797405        99.99960958318098      0.05500839126403623
                      164        21.47567062084268        16.12919682253461        6878.592302559802        99.99960814017048      0.05500841015052327
                      165        21.86138806864014         15.8660163472487        6878.592061219315        99.99960669771039      0.05500852657590194
                      166        20.56142022889704        15.92599300418032        6878.591832443772         99.9996053157994      0.05500859107462119
                      167        22.05059737299643        15.64661316995664        6878.591597583561        99.99960390293379      0.05500868762448441
                      168         20.3610779539512        16.39889935302018        6878.591355047857        99.99960245927328       0.0550084291351185
                      169        16.80341239403793         13.9722454335316        6878.591136998368        99.99960112958047      0.05500844652335246
                      170        21.77813548407441        15.80209303547035        6878.590902711501        99.99959972234946      0.05500851608922153
                      171        19.46473122795481        16.09137819099839        6878.590670938799        99.99959832700003      0.05500847665591468
                      172        20.53420853917227        15.79276828749398        6878.590438942195        99.99959692856112      0.05500854016884915
                      173        20.77966391728761        15.32663434292712        6878.590207817044        99.99959553233012      0.05500842029243636
                      174        20.23759080890502        16.07983672339501        6878.589967314933        99.99959409296287      0.05500848728221186
                      175         20.1058433934978        15.43614007749375        6878.589746986857        99.99959274884061       0.0550085411807304
                      176        20.81019274049432         15.8132605646906        6878.589521430986        99.99959138526944      0.05500867487300098
                      177         19.5044499467273        15.56161431639279        6878.589298737654        99.99959003204995      0.05500887478147831
                      178        19.81429639986386        14.53409684559211        6878.589076372687        99.99958867863353      0.05500906254013316
                      179        23.30758073322512        17.24664780046143        6878.588829162145        99.99958720859468      0.05500903118712763
                      180        19.62606452300539         15.5138002385049        6878.588582126724        99.99958574630411      0.05500902161713128
                      181        22.46168609911505        16.68258104237789        6878.588338206991        99.99958428999452      0.05500907754453532
                      182        19.57821724374813        15.36681421263637        6878.588114751255        99.99958293287932      0.05500919090602929
                      183        19.54445732865707        14.61090398653262        6878.587887049464        99.99958155597487      0.05500915704729792
                      184        19.32219898856427        15.71196848492744        6878.587666377376        99.99958021197929      0.05500917554022955
                      185        18.39118107530486        15.33996971647996        6878.587433704205          99.999578812949      0.05500892379704814
                      186        21.22643575255687        15.26883580645419        6878.587205855802        99.99957743673465      0.05500882736393287
                      187         22.0212842546726        16.86105451294112        6878.586957056083        99.99957596001049      0.05500875249211745
                      188        18.75098501585112        15.56602873386219        6878.586718965375        99.99957453291015      0.05500892386465495
                      189        19.86317966523813        15.45354457303614        6878.586480624062         99.9995731057427      0.05500915465904299
                      190        18.95969066527453        14.47206495408685        6878.586251431176        99.99957172355728       0.0550092986557793
                      191        19.59741256811371        15.79466184635504        6878.586007329623        99.99957027127805        0.055009267551128
                      192        18.98679143163703        15.06052786509307        6878.585786382328        99.99956892561354      0.05500909648301722
                      193        19.98916354359321        15.32527345251781        6878.585557245381         99.9995675437268      0.05500918787278053
                      194        20.01190218944919        14.97335463698279        6878.585333086356        99.99956618317159      0.05500878124948638
                      195        19.93358375893733        14.53646255043149        6878.585098183782        99.99956477105381      0.05500911300024924
                      196        21.30561701225679        15.43397803927525         6878.58487000762         99.9995633887698      0.05500931997659819
                      197        20.14801589070078        15.25053923439848        6878.584637688893        99.99956198983978      0.05500947461738903
                      198        20.33556491813048        15.47844884305078        6878.584402052605        99.99956057654543      0.05500912166367389
                      199        19.62810430444403        15.54177740876588        6878.584156540884        99.99955911623698      0.05500909739619564
                      200        20.50748749763872        15.68388875776033        6878.583928881312        99.99955773800916      0.05500909895876305
                      201        21.85152121617502        16.40015103228706        6878.583693540531        99.99955632734333      0.05500886565967633
                      202        21.65433294259356         15.2298623430695        6878.583456556536        99.99955490384475      0.05500874476469164
                      203        19.83400828824817        14.82094661624995        6878.583217307486        99.99955347423686      0.05500879599100017
                      204        19.98878181540131        15.46438506023166        6878.582981633826        99.99955206029634      0.05500865578302694
                      205        21.21087874706685        15.51379742988735        6878.582754609622        99.99955068237747      0.05500856704749069
                      206        19.79238695708775        15.96873433419135        6878.582525195589        99.99954929763119      0.05500876382113873
                      207        20.66029473462697        15.65074788557051        6878.582292219077        99.99954789535826      0.05500887668512444
                      208        20.79516494830152        14.95838708642934        6878.582057846344        99.99954648763591      0.05500893854351752
                      209        19.97699337780215        15.47077268896871        6878.581823160723        99.99954508078493      0.05500906719571219
                      210        21.97311719754382         16.7981549031996        6878.581587683266        99.99954366502566       0.0550090946867261
                      211        20.47619085833282        15.98258675465581        6878.581346214094        99.99954222343206      0.05500910204734399
                      212        20.23559405694592        15.62527214601743         6878.58111082635        99.99954080914766      0.05500930335464815
                      213        19.92658955731119        14.69391117591691        6878.580884270523        99.99953943550814      0.05500923704729166
                      214        20.97984290828477        16.03042464201128        6878.580641366118        99.99953798724366      0.05500918993814352
                      215         19.6266563273372        15.14267815952055        6878.580401782969        99.99953655699129      0.05500915552714947
                      216        19.90782127724736        14.88465234359363        6878.580173149282        99.99953517659793      0.05500882359744352
                      217        22.06816658220325         16.1186660330626        6878.579933646131        99.99953374159497      0.05500888121198955
                      218         21.1293794526805        15.71039584488829        6878.579695339085        99.99953231453884      0.05500905518314703
                      219        21.10915271957709        15.07662105252743         6878.57946611369        99.99953092919624      0.05500907533450494
                      220        21.10161195709021        15.41165385330037        6878.579233035774        99.99952952620274      0.05500865103901376
                      221        21.13991146210195         15.4569811817001        6878.579006166467        99.99952815080709      0.05500848493742971
                      222        21.67243725627893        15.89554706532368        6878.578774501417        99.99952675455388      0.05500848198480335
                      223        20.40944840483905        16.20619753875821        6878.578527370953        99.99952529072812       0.0550083970491464
                      224        19.20298209774733         14.2567101360404        6878.578295855274        99.99952389711795      0.05500832224119279
                      225        20.19829504639307        14.37103963925781        6878.578064298807        99.99952250690401      0.05500814081093708
                      226        20.15228844182178        15.47430322499136         6878.57783161452        99.99952110434882      0.05500823800060672
                      227        21.32401746216135        15.44504138077905        6878.577604413619        99.99951972716374      0.05500832226909047
                      228        19.78086896366184        14.93814708796661        6878.577371221169        99.99951832561173      0.05500843883876172
                      229        18.94313136780068        15.25580254918762        6878.577130671052        99.99951689304788      0.05500846510111401
                      230        20.16515782931149        15.59193166111912        6878.576895934615         99.9995154793215      0.05500848936101477
                      231        20.23259516131256        16.04439699203369        6878.576652201144        99.99951402726661      0.05500857912424273
                      232        20.24419432592308        14.54864792336206        6878.576422901348        99.99951264294889      0.05500876099258667
                      233        20.00916183653452         15.2728239771978        6878.576195751093        99.99951126883045      0.05500893399094053
                      234        19.96906365723319        15.15134311440961        6878.575960475956        99.99950985617907      0.05500910324345121
                      235        20.54327122363508        15.72290167844128        6878.575715794183        99.99950839773086      0.05500910004824355
                      236        22.23488087345189        15.60460414452709        6878.575484985488        99.99950700689777      0.05500921792838209
                      237        19.59609868374717        15.16908863552233        6878.575258177641        99.99950563548443      0.05500883898628572
                      238        19.56592865443821        15.17070240096754         6878.57501771997        99.99950419627608      0.05500881511701827
                      239        19.11578192590387        15.20136721155345        6878.574785220706         99.9995028042018       0.0550089465575585
                      240        19.43671254163281        15.35549532547993        6878.574555877486        99.99950141745271      0.05500907618251816
                      241        20.13044266461233         15.1055656830775        6878.574325088365         99.9995000258705      0.05500892975746829
                      242        20.56562324229073        15.38666681374301        6878.574084189364        99.99949858907117       0.0550087164601365
                      243        20.62635032384123        15.75845158166852        6878.573846626388        99.99949716462223      0.05500856128806353
                      244        21.76708012787927         16.4147602815771        6878.573610884681        99.99949574796965      0.05500844282654782
                      245        18.63136659714994        15.20958996736654        6878.573384886951        99.99949437879597      0.05500850631518261
                      246         20.3219441617796        15.88025632708505        6878.573152383097        99.99949297788467      0.05500838868996283
                      247        22.16842139927656        16.06940808879808        6878.572920011362        99.99949157715423      0.05500826470666764
                      248        20.31403525084282        15.95610043164242        6878.572701602586        99.99949024400087      0.05500828111275613
                      249        20.88406386757194        15.82298028979581        6878.572462393014        99.99948881298445      0.05500804266948833
                      250        19.88384912366764        15.26452651062961        6878.572236846368        99.99948744545844      0.05500806140794801
                      251        19.78467514554953        15.29936954871832        6878.572016952343        99.99948610549734      0.05500818784445372
                      252        19.30585538189911        15.68845189558156         6878.57177617697        99.99948466836517      0.05500842742280199
                      253        20.51957568301103        15.86330456014727        6878.571540943185        99.99948325369687      0.05500838206075898
                      254        21.58249088291343        16.34083186585049        6878.571301418279        99.99948181999046      0.05500841718618066
                      255        19.23390651583775        15.22601549493719        6878.571079052037         99.9994804697276      0.05500841339096096
                      256        21.11898308153297        15.61356690605897        6878.570843901225        99.99947905775591      0.05500865642667208
                      257        20.07562393283433        15.11795968462422        6878.570611436429         99.9994776592326      0.05500854998844851
                      258        19.56498727149927        14.78988009613564        6878.570391570633        99.99947632011839      0.05500852218203978
                      259        20.27047937730075        14.98246315242643        6878.570163888747        99.99947494373501      0.05500873368888293
                      260        19.18379024707047        14.71666372339418        6878.569943746172        99.99947360298501      0.05500873868748535
                      261        19.94887150924161        15.22347899844687        6878.569717482572        99.99947223267561      0.05500884373091353
                      262        19.36569406481521        15.47926928351328        6878.569497150665        99.99947088979418      0.05500899882239452
                      263        21.64764457542695        17.01080243711525         6878.56925774261         99.9994694551515      0.05500908923249881
                      264        19.08496022427077        15.33191082506772        6878.569014691314        99.99946800901675       0.0550089278179593
                      265        21.07800822637896        16.07044240769294        6878.568774993137        99.99946657480162      0.05500863492831698
                      266        21.18697178074167        15.46112203758826        6878.568534094156        99.99946513566771      0.05500858719152291
                      267        22.24189310918226        16.43746873035107        6878.568296130072        99.99946371000225      0.05500856957832134
                      268        20.97165515960582        15.30412061584397        6878.568061864203        99.99946230087569       0.0550083621657933
                      269        19.37066067255934        15.58916722224737        6878.567843015168        99.99946096391638      0.05500850223353648
                      270        20.50240469938372         14.9833871809377        6878.567610674751        99.99945956234872      0.05500854747874051
                      271        21.01358788737587        15.97561058698978        6878.567379041134        99.99945816885158      0.05500859742881303
                      272        21.26218548816441        15.55714731499199        6878.567147341954        99.99945676998554      0.05500866532495152
                      273        19.64906949870115        14.49612752348628        6878.566917806039        99.99945538679565      0.05500844067528732
                      274        19.66397702794374        14.81695910153989        6878.566687856901        99.99945400132886      0.05500852959696001
                      275        20.83549792021526        15.35564238182677        6878.566464443823        99.99945264262287      0.05500856424059997
                      276        20.10207812662324        15.64962551910235        6878.566226946883        99.99945121996186      0.05500882817158814
                      277        20.58817677395756        15.66242708767576        6878.565989983137        99.99944979986866      0.05500915610887169
                      278        20.21397154806013        15.67801866649291        6878.565745573917        99.99944834442957      0.05500924759578307
                      279        20.57395826458873        15.22790675127415        6878.565514184892        99.99944695312728      0.05500909123985664
                      280        20.69225178074085        15.72826903382646        6878.565280331881        99.99944554606671      0.05500909071632742
                      281        20.23255701748143        15.04602504963944        6878.565055097898        99.99944418071935      0.05500903929724998
                      282        19.67128996624113        15.19029161075819         6878.56483845485        99.99944285406944      0.05500941694347183
                      283        19.92438613908435        15.85507854215865        6878.564614533182        99.99944149631281      0.05500959485360291
                      284        21.86728491527705        15.99361879790518        6878.564371212387        99.99944004656074      0.05500960729053439
                      285        23.40129859388806        16.16880218883199        6878.564120624504        99.99943856200721      0.05500961713221919
                      286        21.45815373902099        16.05521272679002        6878.563875859727        99.99943710502248      0.05500986161314358
                      287        18.51257022579224        14.40062427204241        6878.563645540855         99.9994357153313      0.05500973110384777
                      288        20.48424761511303        14.97382179512846        6878.563426956022        99.99943437899115      0.05500967011380009
                      289        20.73586129016744        16.25817036695437        6878.563189302211        99.99943295719331      0.05500952543637894
                      290        20.76568343410689        15.99694054445908        6878.562954225031        99.99943154676747      0.05500931058986502
                      291         22.0588043982625        16.84743888535301        6878.562711935021        99.99943009867536      0.05500927370668895
                      292        21.04668097549022        15.45857115298614        6878.562487297939        99.99942873258316      0.05500912912457867
                      293        22.41117171888758        16.34948224751497        6878.562257225149        99.99942734244064      0.05500936674469825
                      294         18.6652203865767        15.23983504888888        6878.562032090285         99.9994259779007      0.05500939387923376
                      295        19.52899888765737        15.22306514829311        6878.561807531941        99.99942461508626      0.05500936841285409
                      296        21.54585008973886        15.32428130987094        6878.561576389878         99.9994232212461      0.05500928320645926
                      297        20.57989567267183        14.79950068678064        6878.561344424707        99.99942182350929      0.05500956258253886
                      298         19.5848489504302        15.30770318870615        6878.561109185312         99.9994204107996      0.05500960259901078
                      299        20.62930982953786         15.3713450884409        6878.560873476479        99.99941899766064      0.05500955955765363
                      300        20.28018824766487        15.90886124100222        6878.560639493429        99.99941759149357      0.05500929646565567
                      301        19.81250401850888        15.71325679992758         6878.56040153498        99.99941616432488      0.05500926619788338
                      302        19.79872020213051         16.0110925631723        6878.560177439123        99.99941480410983      0.05500902805102381
                      303        19.95359426117998         15.5189422898784        6878.559944393684        99.99941340366435      0.05500907352411044
                      304        20.94576918276157        15.42815679767119         6878.55970416564        99.99941196740255      0.05500906851505505
                      305        20.52718262404202        15.39465482012912        6878.559471573501        99.99941056775357      0.05500903096775911
                      306        20.71663574903926         15.7718210354786        6878.559225424844        99.99940910703069      0.05500916044908255
                      307        20.78380076742767        15.38082472450927        6878.559001116471        99.99940774257486      0.05500918626067364
                      308        19.43052681241287        15.34354718379354        6878.558774938768         99.9994063711513      0.05500922498106808
                      309        22.13279259208036        15.86992826357754        6878.558524499849        99.99940489001659      0.05500928092132362
                      310        21.57265803958965        16.62610080097121        6878.558280403458        99.99940343781462      0.05500938588949822
                      311        18.17833597299235        14.76409129691021        6878.558047072622        99.99940203814892      0.05500963179379426
                      312        21.73699157785454        15.49137721791478        6878.557811296802        99.99940061948608      0.05500973460123149
                      313        18.51352000981344        15.45324942337149        6878.557569318013        99.99939917876421      0.05500970466410493
                      314        22.41629909429206        15.17245451115612        6878.557334052083        99.99939776659998      0.05500974145694748
                      315        19.70043482545334        15.58053477932505        6878.557108367089        99.99939639640357      0.05500981768772206
                      316        21.71318845557465         15.9813400975284        6878.556867245952        99.99939495568215      0.05500997418006293
                      317        19.98954362059891        15.13696216571677        6878.556636760272        99.99939356381969      0.05500989104347465
                      318        21.67067204164724        15.86711384432339        6878.556386365371        99.99939208144582      0.05500994653730018
                      319        23.42175760655737        16.73223064281535         6878.55613888266         99.9993906120778       0.0550099257308041
                      320        20.64355172299332        15.57929277963368        6878.555903837832        99.99938920101646      0.05500992392440196
                      321        20.89452631596444        15.07401064752136        6878.555674388739        99.99938781346505      0.05501007348974074
                      322        20.34411147846751        14.69974462513285        6878.555448976906        99.99938644617779      0.05500990739882639
                      323        20.92948444585645        16.01812755293167         6878.55521652827        99.99938505163891       0.0550097428281564
                      324        19.66899036577023        15.01061116622479        6878.554983439409        99.99938365144833      0.05500971495497708
                      325        19.74320972223247        15.66978500023153        6878.554757301809        99.99938228341614      0.05500984941560372
                      326        20.12920048024145        15.23471715584418        6878.554521492779        99.99938086714812      0.05500965699689697
                      327        19.12057771992993         14.0421645963238        6878.554298062772        99.99937950994044      0.05500984415282417
                      328        22.17870633522447         15.6483559623245        6878.554063374308        99.99937809580483      0.05500995707002643
                      329        20.25219962052127        15.32786853046688         6878.55383899684        99.99937673283792      0.05500973203731885
                      330        21.63821453437153        15.65056628857981        6878.553597398968        99.99937529048259      0.05500970944208561
                      331        21.54768848020894         16.2547350767246        6878.553366680781        99.99937389620285        0.055009771921668
                      332         22.6290722836702        16.79186285750794        6878.553117741743        99.99937242074107      0.05500971849231462
                      333        18.98371398222791        14.77258162804084         6878.55290098323        99.99937109642887      0.05500990825143215
                      334        20.87642334486711        15.16121801091026        6878.552673562753        99.99936971652454      0.05500979549463025
                      335        19.40852545676057        14.35412462885404        6878.552444628853        99.99936833376472      0.05500979437777787
                      336        19.95503590647517        15.34845372294017        6878.552220648797        99.99936697374038      0.05500985312804474
                      337        20.68007080019198        15.95227572525334        6878.551977808735        99.99936553088685      0.05500932832756256
                      338        22.31730725837586        15.69307768781172        6878.551731013506        99.99936406223135      0.05500925220584207
                      339        22.99014196191916        16.68928195505858        6878.551498069676        99.99936266022887      0.05500929151811107
                      340        19.24691246083042        14.33013567652502        6878.551277628001        99.99936131685442      0.05500944748717629
                      341        20.35257073313983        14.78372426521776         6878.55103448612         99.9993598679747      0.05500954446933815
                      342        20.07739825153153        14.94454040790809         6878.55081377832        99.99935852584733      0.05500926679744733
                      343        20.80961485759201         15.9366829542632        6878.550562522132        99.99935704458467       0.0550089844941537
                      344        19.47404379365187        15.17109490702297        6878.550330567205        99.99935564467455      0.05500908705075069
                      345        21.52354488749233        15.76683683963619        6878.550103654738        99.99935427381193      0.05500920539817322
                      346        19.72161270525832        15.83347193269463        6878.549864901325        99.99935284643391      0.05500913248357175
                      347         21.6749541103526         16.5090345637215        6878.549623385076        99.99935140215432      0.05500927580045811
                      348        20.55342372361806        15.96000160175223        6878.549395460594        99.99935002373738      0.05500921572957296
                      349        19.51154221519059        15.58057313650582        6878.549167666265        99.99934864610336      0.05500923749347031
                      350        20.96264082320675        15.93697492160983        6878.548938388934        99.99934726173692      0.05500932221284494
                      351        19.41984822750037        14.64984395875346         6878.54871459868         99.9993459050842      0.05500930145784988
                      352        20.51697891383924        15.56227290845987        6878.548477956265        99.99934448892455      0.05500923343289044
                      353        20.74878465886209        15.82169192604764        6878.548242561715        99.99934307283186       0.0550093184677749
                      354        19.57539451350949        14.99734902074331        6878.548020941998        99.99934172268945      0.05500932588521223
                      355        21.84391955879006        16.09291258572994        6878.547784574677        99.99934030363464      0.05500896106289233
                      356         19.7358825890835        15.20851329194107        6878.547549073312        99.99933889326103      0.05500906319741361
                      357        21.14846551168043        16.14580047435661        6878.547311608273        99.99933746747229      0.05500883656246236
                      358        18.33590248332306        14.76749060279924        6878.547089560313        99.99933611767874       0.0550088833503839
                      359        19.06677989146023         14.9971152040981        6878.546866134086        99.99933476063832      0.05500901463986985
                      360        19.90222371983457        15.45948969240354        6878.546639279542        99.99933338810122      0.05500901355575483
                      361         20.9676352381091        15.55695162931143        6878.546405137345        99.99933198242921      0.05500886681321049
                      362         20.8216900725631        15.03115551274973        6878.546172620563        99.99933058407046      0.05500883490418262
                      363        19.63233855835878        13.76823750686314        6878.545951303919        99.99932923569887      0.05500875904882463
                      364        20.98874096372524        15.20014372395208        6878.545720818003        99.99932784357907      0.05500869681030585
                      365        19.41423264651727        14.90677496401322        6878.545498652642        99.99932649272212      0.05500860755810777
                      366        21.63957936304817        15.79288500734789        6878.545262545073        99.99932507629681      0.05500842727654742
                      367        20.54608215233971        15.27098154658856          6878.5450122863        99.99932359278877      0.05500848555103488
                      368        20.08000302060959        15.23872496982391         6878.54477876879        99.99932219246971      0.05500843239252928
                      369        20.02746971577472        14.68713228204605        6878.544550200179        99.99932081380069      0.05500844621368728
                      370        21.00129352019663        14.94421620531195        6878.544324119922        99.99931944348789      0.05500873801883843
                      371        20.10875427539814        15.40104886739198        6878.544102184404        99.99931809143901      0.05500885251198362
                      372        18.36806689101335        14.44491329552834        6878.543881220269        99.99931674828171      0.05500867971067436
                      373        22.60340756525895        15.98139007027857        6878.543649091111         99.9993153517527      0.05500876029617741
                      374        19.69101166842748        15.26899601592331        6878.543413182751        99.99931393740613      0.05500874340119832
                      375        19.86666456905076        16.11170566953122        6878.543184155621        99.99931255100513      0.05500843720864523
                      376        21.32989227803687        15.76578148671779        6878.542945559903        99.99931112243929      0.05500842352624602
                      377        21.68455685108196        16.10764137947783        6878.542704104053        99.99930967844575      0.05500859542872849
                      378        19.48474138661479        15.01670821300085        6878.542482443746        99.99930832818049      0.05500879563386807
                      379        19.42508066576261        14.76479494834145        6878.542260866562        99.99930698251231      0.05500843931382882
                      380        19.88273717574751        15.70068037318295        6878.542022579461        99.99930555683696      0.05500856171828872
                      381        20.67664430824846        15.61962494155942        6878.541799662113        99.99930420048166      0.05500850087573195
                      382        20.87853953907023        15.63649927656941         6878.54157055525        99.99930282003598      0.05500860974343169
                      383        19.63394256333802        14.97528038127796        6878.541337203364        99.99930141727343      0.05500899946144688
                      384         20.2505979576068        15.75600501177428        6878.541118419602        99.99930008145358       0.0550090334641915
                      385        21.49533363528133        15.76981873538104        6878.540892935802        99.99929870978498      0.05500913973746968
                      386        19.97599290284255        15.15800663601718        6878.540654312304        99.99929728039383      0.05500903985691608
                      387        20.55722521065263        15.51656522132999        6878.540428254507        99.99929590843732      0.05500905757014074
                      388        18.58876881216981        15.19047793586309        6878.540199769445        99.99929452857663      0.05500911577734513
                      389        19.51757716396598        15.00060646759264        6878.539967739037        99.99929313441234      0.05500920493041583
                      390        16.75219681567209        13.98400895459879        6878.539739916862        99.99929175780994      0.05500953709819711
                      391        19.75589843033644        14.91231231269161         6878.53950507433        99.99929034767393      0.05500952577586027
                      392         20.3255793604722        15.78185401937664        6878.539290825236        99.99928903377723      0.05500939490534074
                      393        20.70207091015654        14.25181210673553        6878.539054667754        99.99928762105806      0.05500935253970241
                      394        20.09911298113682         15.4713557109077        6878.538818566219        99.99928620775424      0.05500938422406154
                      395        21.87074095834922          16.260002046427        6878.538577356439        99.99928476657945      0.05500951594422077
                      396        18.86619047585894        15.33633881489097        6878.538337140495        99.99928333189803       0.0550093536921441
                      397        19.62841358033513        15.48156089571109        6878.538106423447        99.99928194021746      0.05500908826855166
                      398        20.16749725453816        15.11667849571819        6878.537871171027        99.99928053132413      0.05500883524149192
                      399        21.03280062123414        14.97970340443977        6878.537637891025        99.99927912728229      0.05500876329248428
                      400        18.19404526440715        14.34907777261626        6878.537412933809        99.99927776823547      0.05500879360188904
                      401        21.18145042175197        15.89785810890759        6878.537184935799        99.99927638705196      0.05500883587027161
                      402        19.74651163671622        15.54580018885225         6878.53695692667        99.99927501036774      0.05500890831521055
                      403        20.55292710576559        15.20412215540391        6878.536737112643        99.99927367039764      0.05500877046864439
                      404        21.30391062025959        16.03257511628154        6878.536495197337        99.99927222225345       0.0550088075069084
                      405        21.24134490012598        16.31576367764616        6878.536268419319        99.99927084765777      0.05500877633445711
                      406         19.9882016474264        14.79109719573058        6878.536047432046        99.99926950053602      0.05500891075239878
                      407        21.09840558460388        16.06004374200951        6878.535814601139        99.99926810038941       0.0550088511383322
                      408        21.13426757097231        15.60777617100477        6878.535585600637        99.99926671899514      0.05500891391256957
                      409        19.83815003107157        15.80793915806428        6878.535353892675        99.99926532112892       0.0550090755471917
                      410        20.23700296581243        15.62955627238693        6878.535123739936        99.99926393001418      0.05500892335396657
                      411          19.300069247364         14.6803080193633        6878.534903512407        99.99926258767422      0.05500898617195515
                      412        21.57516560367335        15.56862770456913        6878.534672092124        99.99926119020418      0.05500920408039178
                      413        21.84485933198473        15.97324376898857        6878.534438532025        99.99925978332092      0.05500906902026159
                      414         20.5869060905927        15.55723351200378        6878.534210202604        99.99925839952141        0.055009176485453
                      415        20.85890427779572        16.25761856300917        6878.533961753663        99.99925692743736      0.05500912253077495
                      416        20.26494289854996         14.6154071979752        6878.533726869015        99.99925551430539      0.05500909633204998
                      417        20.62313143122424        15.99307983152839        6878.533496409773        99.99925412512862      0.05500914103757459
                      418        19.11860861671224        15.38321613317306        6878.533270050182        99.99925275519982      0.05500917049356202
                      419        22.13620731962851         16.3265124853965        6878.533024981129        99.99925129753613      0.05500906611534706
                      420        19.21874223090558        15.26568186281195        6878.532790610062        99.99924989138495      0.05500923115425937
                      421         21.4582129305277        16.08142355829661        6878.532560556974        99.99924850385101      0.05500926396644878
                      422        19.27483087341527        14.84117403481338        6878.532342277837        99.99924717218244      0.05500933308194078
                      423        19.93697855266031        15.29992957558778        6878.532103140822        99.99924574224455      0.05500939736911814
                      424        19.74988138701909        14.98255565042954        6878.531894982653        99.99924445751559      0.05500941001727533
                      425        20.09656328917674        16.36726238699585        6878.531642880099        99.99924296908361      0.05500914890350384
                      426        19.77927032844837        15.28169092515977        6878.531414214311        99.99924158895303      0.05500908750564548
                      427        21.50745431668613        16.42194708342488        6878.531183954235        99.99924019859789      0.05500893250747296
                      428        20.69458470764133        15.52958460426201        6878.530945840565        99.99923877391566      0.05500875272097927
                      429        19.51018000898697        14.43612980928786        6878.530718418445        99.99923739756353      0.05500868539327719
                      430        21.35853745258423        16.11649718549795        6878.530468488169        99.99923591781372       0.0550087919989064
                      431        20.51678835755102        15.08822349018278        6878.530239062404        99.99923453017171      0.05500857808138715
                      432        20.12688291108944        15.07815007379722         6878.53000526632        99.99923312443345      0.05500857470748954
                      433        22.42118898842578        16.20896522277045        6878.529766539128        99.99923169485331      0.05500850940814672
                      434        20.03053162236831         15.1774078863356        6878.529540583408        99.99923032615369      0.05500875797832805
                      435         19.4179250869146        14.74999907551441        6878.529311122053        99.99922894205395      0.05500894414130286
                      436        20.50943289243324        15.26987538285868        6878.529093681183        99.99922761906173      0.05500904197985168
                      437        21.07925582922716        15.68173558154247        6878.528849223114        99.99922616494324      0.05500894496396214
                      438        21.26400335684112        15.78017423024099        6878.528611734966        99.99922474054937      0.05500907093815277
                      439        20.87383031132521        15.86387958588679        6878.528381793706        99.99922335271728      0.05500908750156697
                      440        19.61193921608456        15.78622100825675         6878.52814911305        99.99922195420193      0.05500906383725379
                      441        20.24153625184548          14.471187923765        6878.527918466933        99.99922056364332      0.05500933281972209
                      442        21.81111182545948        15.33578071743484        6878.527690014952        99.99921918246625      0.05500932054722085
                      443        19.97808918056729        15.25133707053237        6878.527465383758         99.9992178182397       0.0550090308713127
                      444        20.82889116588357        15.17393633715655        6878.527232009681        99.99921641269322       0.0550092173430734
                      445        19.81248435012458        15.55703839059045        6878.527009389788        99.99921506082734      0.05500898615697558
                      446        21.73609708662006        15.99360986952078        6878.526781379026        99.99921368270543      0.05500894281526136
                      447        20.19211901992159        14.62116435308587        6878.526547071348        99.99921227324222      0.05500907337506611
                      448        20.69684120791815        15.75166795801288        6878.526317488357        99.99921088772689      0.05500903573562255
                      449        21.98291581111696        15.93351256453088        6878.526071291202         99.9992094272572      0.05500931381075524
                      450        21.05901911063949        15.35093082452896        6878.525838396818        99.99920802512459      0.05500943207771258
                      451        19.99211332173777        14.84856949966982        6878.525609307237        99.99920664123934      0.05500956734591078
                      452        20.52157646485472        15.93919055728072        6878.525378134365        99.99920524773513       0.0550095573993703
                      453        21.87943865127048        15.72389308311572         6878.52513885403        99.99920381810682       0.0550094782994206
                      454        18.03282952979454        14.30248326771079        6878.524902579093        99.99920240278597      0.05500953458940927
                      455        21.46434777883103        15.37369200045572        6878.524662681555        99.99920096788698      0.05500964129328878
                      456        18.93630329599155        14.91073799507078        6878.524424475435        99.99919954252371      0.05500952307679441
                      457        18.15068134794052        14.82398166361436        6878.524202517326        99.99919819468819      0.05500960247976927
                      458        18.69479223651136        14.84346791280754        6878.523971413903        99.99919680330167      0.05500963091058964
                      459        19.04727640014391        14.87165016256611        6878.523756548562        99.99919548457022      0.05500973236320661
                      460        21.05583504483354        15.33585114729009        6878.523528879246        99.99919410492285      0.05500976095591259
                      461        19.81283887930524        14.95649309463443        6878.523303038339        99.99919273353868      0.05500987405062219
                      462        22.70595354848193        16.68087516077955        6878.523067937938        99.99919131984417      0.05500986857531487
                      463        19.50508949631958        15.07782919873375        6878.522847028419        99.99918997488987      0.05500975881708392
                      464        21.68197031836669        16.45362065938416        6878.522619006637         99.9991885925554      0.05500976680367131
                      465        19.86340646401488         15.0021553129595        6878.522388551697        99.99918720802407        0.055009584939679
                      466          20.289010470215        15.36273357776975        6878.522144865982        99.99918575751204      0.05500933127572516
                      467         18.9543289895294        15.48883248387271        6878.521911745795        99.99918435806582       0.0550092937978075
                      468        20.93786672529569        15.20882132688795        6878.521666634945        99.99918290025178      0.05500951947104049
                      469        19.75898600372073        15.03104422834555        6878.521438645389        99.99918152192654      0.05500950490814205
                      470          20.740096307138        15.67379647138794        6878.521195072513        99.99918007392574      0.05500957914486548
                      471        20.25603700136028        14.99467136689414        6878.520961633863        99.99917866904353      0.05500954484646492
                      472          19.608817618424        15.34401544458715        6878.520730314615         99.9991772734467      0.05500963382509738
                      473        19.85210707856969        15.36704356608209         6878.52049854186        99.99917587536336      0.05500936465968387
                      474        19.70305966236268        16.09756053158987        6878.520264641412        99.99917446718162      0.05500933778672668
                      475        20.65742978829965        15.42518316148482        6878.520025574009        99.99917303862895      0.05500947953595059
                      476        20.09836872906929        15.95967526624513        6878.519798428305        99.99917166397032      0.05500945826454595
                      477        21.31566288640063        15.88658641523856        6878.519570189468        99.99917028236696      0.05500932690039129
                      478        18.74707424828108         14.9923634841302        6878.519333834329        99.99916886752949      0.05500959033605923
                      479        19.15744729563975        14.87573311492917        6878.519100380583        99.99916746204062      0.05500965248359435
                      480        19.82731739740422        14.44491387724024        6878.518872290681        99.99916608212403      0.05500958379613152
                      481        20.18269155987726        15.62778001693248        6878.518627881894        99.99916462803068      0.05500972888371725
                      482        20.17783102013359        15.02229088688784        6878.518406058671        99.99916327865486      0.05500957419250341
                      483        19.33222030608909        15.77612346369166        6878.518169261542        99.99916186099159      0.05500965884077225
                      484        21.95870299717823        15.85839575564907        6878.517949235045        99.99916051747064      0.05500960741301197
                      485        20.18311369658106        15.14492848936405          6878.5177137556        99.99915910502848      0.05500983836415241
                      486        19.87512617335024        14.88144784426115        6878.517485085908        99.99915772194932      0.05501008311935962
                      487        20.68219599672338        15.73753327205597        6878.517251560333        99.99915631467525      0.05501014279207261
                      488        19.70976051077896        14.97597266403169        6878.517031857169        99.99915497816095      0.05501005640824275
                      489        20.38212363132437        15.64337564458544        6878.516803679446        99.99915359838036      0.05501010611397739
                      490        19.41678957034954        15.03138882574438        6878.516577185414        99.99915222523677      0.05501011296066594
                      491        19.28790266427075        14.27873973056311        6878.516359337769        99.99915089582935      0.05501005515818491
                      492         19.4767398990754         14.7649457525738        6878.516128477087        99.99914950266505      0.05501016636239431
                      493        18.75131323486336        15.13625492963603        6878.515904645362        99.99914814575638      0.05501021252049121
                      494        21.04088027868404        16.30297024730606         6878.51566795833        99.99914672478411      0.05501006092517535
                      495        21.76129565914113        15.69235515770674        6878.515439139306         99.9991453398119      0.05501001749218304
                      496        19.56853061183598        15.33122258073432        6878.515218856679        99.99914399652062      0.05501001183742282
                      497        19.27154854617208        15.33992796823947        6878.514994276954        99.99914263331557       0.0550102401203354
                      498         20.4115415593025        15.23901628260452        6878.514773020501         99.9991412850911      0.05501040108322286
                      499        19.55713253657131        15.21382170790026        6878.514541435889        99.99913989250858      0.05501004447020319
                      500        19.94184623138305        15.23691585924974        6878.514313878452        99.99913851722073      0.05501031105857734

Final average n0: 20.45043818650804
Final fluctuations n0: 15.52330986176274

Averages:
20.47615963488175
19.98446815606071
19.76233189253091
19.97195147597675
21.70955281046636
22.10996582965272
19.38368539016773
21.77867338130463
22.42537584336812
19.70211035192275
19.82201816402315
19.49482673363083
21.03878154252355
21.65200412722405
21.22266898589854
20.27090576063929
20.81020174328933
20.07663900320148
21.29326696372875
19.74149745371657
21.10499146179002
19.34138180968661
20.30293318567091
18.13490901116996
19.08148667182644
20.73943869885201
23.23533389390899
20.79979585507028
19.29885910693511
21.41006575468889
20.73320149782943
20.68643107763971
20.03375568373234
19.6019421442893
21.23116782905316
20.49770038203631
21.39847895974297
21.86663594496813
20.3217788890243
21.00521212707095
21.01157430169382
22.35647067216325
22.20893751765649
20.4399206205121
21.84179116974363
21.98313254815667
20.2595846753249
19.67392223471345
19.39188058733498
19.8149235219119
21.28983166992413
20.45699305836927
21.92951214154655
19.63792042160845
21.58598993657693
21.42609399367232
19.52438361935343
20.03030673446144
22.35782542165343
23.9334548994715
20.31928256299495
19.95548001208983
20.99388261216647
20.19571194366813
20.50642228806974
19.79312164385162
20.56389061851856
21.26057384942741
20.82658021266726
21.08264003886396
21.94746083999171
19.11750896538332
20.59992209585323
19.59489343162336
22.07011762243882
19.46465450654585
18.77472866600717
18.20777085645377
18.50220407449352
21.40594999751602
19.23327235209515
20.74939063492453
22.02542776176782
21.20927678228625
19.82951197752549
20.4483591500621
21.97231972051191
19.8463396834902
20.69589514953306
21.92951977341222
18.99580905151094
18.60815045197877
21.04305751836653
21.32608057801739
20.21723370866505
23.26009883755312
21.10919856858988
20.23678101600705
20.02975577143957
20.77197691243889
19.73501980815554
19.95620081013683
20.59447626941665
20.93428071010106
21.82243877808844
21.37386776165622
19.7520908685912
20.20463914728911
21.31579684965839
19.38258299023994
18.81376668755312
19.5875686000084
19.46232754720077
19.75606090926274
19.15305158312808
19.7978359963993
18.01755013441887
20.60150153271005
19.82794623358028
20.467831725209
20.99720476167546
20.00386688600365
22.66017402326277
20.49160699566043
22.4865853489068
22.0270795092486
22.10704588884949
19.35776588376714
20.07312603468024
22.99345423907929
21.29493966598216
20.33010824054112
21.83889442715285
20.3778963020858
21.24190599744574
19.06884533951732
20.0866534415168
18.62881416463579
21.10184164817654
19.58548596446808
20.71537322619092
20.47957810748811
20.25532597901913
20.76180740998924
20.47748719858009
17.94347611787925
20.03524452710555
21.37676067271886
21.09721887690605
20.04999889578533
21.62125464486397
21.60187941839494
19.54737291074453
21.51203339134517
20.26510754968172
22.36668616122961
19.52176370153249
21.44762535131438
22.37919543425767
22.71580596566907
20.00941002244578
19.45543172522898
21.35477539215019
21.47567062084268
21.86138806864014
20.56142022889704
22.05059737299643
20.3610779539512
16.80341239403793
21.77813548407441
19.46473122795481
20.53420853917227
20.77966391728761
20.23759080890502
20.1058433934978
20.81019274049432
19.5044499467273
19.81429639986386
23.30758073322512
19.62606452300539
22.46168609911505
19.57821724374813
19.54445732865707
19.32219898856427
18.39118107530486
21.22643575255687
22.0212842546726
18.75098501585112
19.86317966523813
18.95969066527453
19.59741256811371
18.98679143163703
19.98916354359321
20.01190218944919
19.93358375893733
21.30561701225679
20.14801589070078
20.33556491813048
19.62810430444403
20.50748749763872
21.85152121617502
21.65433294259356
19.83400828824817
19.98878181540131
21.21087874706685
19.79238695708775
20.66029473462697
20.79516494830152
19.97699337780215
21.97311719754382
20.47619085833282
20.23559405694592
19.92658955731119
20.97984290828477
19.6266563273372
19.90782127724736
22.06816658220325
21.1293794526805
21.10915271957709
21.10161195709021
21.13991146210195
21.67243725627893
20.40944840483905
19.20298209774733
20.19829504639307
20.15228844182178
21.32401746216135
19.78086896366184
18.94313136780068
20.16515782931149
20.23259516131256
20.24419432592308
20.00916183653452
19.96906365723319
20.54327122363508
22.23488087345189
19.59609868374717
19.56592865443821
19.11578192590387
19.43671254163281
20.13044266461233
20.56562324229073
20.62635032384123
21.76708012787927
18.63136659714994
20.3219441617796
22.16842139927656
20.31403525084282
20.88406386757194
19.88384912366764
19.78467514554953
19.30585538189911
20.51957568301103
21.58249088291343
19.23390651583775
21.11898308153297
20.07562393283433
19.56498727149927
20.27047937730075
19.18379024707047
19.94887150924161
19.36569406481521
21.64764457542695
19.08496022427077
21.07800822637896
21.18697178074167
22.24189310918226
20.97165515960582
19.37066067255934
20.50240469938372
21.01358788737587
21.26218548816441
19.64906949870115
19.66397702794374
20.83549792021526
20.10207812662324
20.58817677395756
20.21397154806013
20.57395826458873
20.69225178074085
20.23255701748143
19.67128996624113
19.92438613908435
21.86728491527705
23.40129859388806
21.45815373902099
18.51257022579224
20.48424761511303
20.73586129016744
20.76568343410689
22.0588043982625
21.04668097549022
22.41117171888758
18.6652203865767
19.52899888765737
21.54585008973886
20.57989567267183
19.5848489504302
20.62930982953786
20.28018824766487
19.81250401850888
19.79872020213051
19.95359426117998
20.94576918276157
20.52718262404202
20.71663574903926
20.78380076742767
19.43052681241287
22.13279259208036
21.57265803958965
18.17833597299235
21.73699157785454
18.51352000981344
22.41629909429206
19.70043482545334
21.71318845557465
19.98954362059891
21.67067204164724
23.42175760655737
20.64355172299332
20.89452631596444
20.34411147846751
20.92948444585645
19.66899036577023
19.74320972223247
20.12920048024145
19.12057771992993
22.17870633522447
20.25219962052127
21.63821453437153
21.54768848020894
22.6290722836702
18.98371398222791
20.87642334486711
19.40852545676057
19.95503590647517
20.68007080019198
22.31730725837586
22.99014196191916
19.24691246083042
20.35257073313983
20.07739825153153
20.80961485759201
19.47404379365187
21.52354488749233
19.72161270525832
21.6749541103526
20.55342372361806
19.51154221519059
20.96264082320675
19.41984822750037
20.51697891383924
20.74878465886209
19.57539451350949
21.84391955879006
19.7358825890835
21.14846551168043
18.33590248332306
19.06677989146023
19.90222371983457
20.9676352381091
20.8216900725631
19.63233855835878
20.98874096372524
19.41423264651727
21.63957936304817
20.54608215233971
20.08000302060959
20.02746971577472
21.00129352019663
20.10875427539814
18.36806689101335
22.60340756525895
19.69101166842748
19.86666456905076
21.32989227803687
21.68455685108196
19.48474138661479
19.42508066576261
19.88273717574751
20.67664430824846
20.87853953907023
19.63394256333802
20.2505979576068
21.49533363528133
19.97599290284255
20.55722521065263
18.58876881216981
19.51757716396598
16.75219681567209
19.75589843033644
20.3255793604722
20.70207091015654
20.09911298113682
21.87074095834922
18.86619047585894
19.62841358033513
20.16749725453816
21.03280062123414
18.19404526440715
21.18145042175197
19.74651163671622
20.55292710576559
21.30391062025959
21.24134490012598
19.9882016474264
21.09840558460388
21.13426757097231
19.83815003107157
20.23700296581243
19.300069247364
21.57516560367335
21.84485933198473
20.5869060905927
20.85890427779572
20.26494289854996
20.62313143122424
19.11860861671224
22.13620731962851
19.21874223090558
21.4582129305277
19.27483087341527
19.93697855266031
19.74988138701909
20.09656328917674
19.77927032844837
21.50745431668613
20.69458470764133
19.51018000898697
21.35853745258423
20.51678835755102
20.12688291108944
22.42118898842578
20.03053162236831
19.4179250869146
20.50943289243324
21.07925582922716
21.26400335684112
20.87383031132521
19.61193921608456
20.24153625184548
21.81111182545948
19.97808918056729
20.82889116588357
19.81248435012458
21.73609708662006
20.19211901992159
20.69684120791815
21.98291581111696
21.05901911063949
19.99211332173777
20.52157646485472
21.87943865127048
18.03282952979454
21.46434777883103
18.93630329599155
18.15068134794052
18.69479223651136
19.04727640014391
21.05583504483354
19.81283887930524
22.70595354848193
19.50508949631958
21.68197031836669
19.86340646401488
20.289010470215
18.9543289895294
20.93786672529569
19.75898600372073
20.740096307138
20.25603700136028
19.608817618424
19.85210707856969
19.70305966236268
20.65742978829965
20.09836872906929
21.31566288640063
18.74707424828108
19.15744729563975
19.82731739740422
20.18269155987726
20.17783102013359
19.33222030608909
21.95870299717823
20.18311369658106
19.87512617335024
20.68219599672338
19.70976051077896
20.38212363132437
19.41678957034954
19.28790266427075
19.4767398990754
18.75131323486336
21.04088027868404
21.76129565914113
19.56853061183598
19.27154854617208
20.4115415593025
19.55713253657131
19.94184623138305

Fluctuations:
16.07647810113767
15.46567789057007
14.60111961988639
15.15279333420905
15.72813175664674
15.91860274314984
15.12151124142097
16.62430958602302
15.88587913403566
15.15873580196735
15.69993356787007
15.54386843228168
16.12734037681339
15.70776756820108
16.20116029581018
15.9941327958738
16.04608551028684
15.48575432477795
15.13461746728755
15.49194745829146
16.0928951425106
14.3994149078106
16.06736445706574
14.52175595740471
15.87513246909332
16.24776574968022
16.31135771183389
15.67780474999708
15.36792748027611
15.55720336653462
15.94507976976093
15.35641006641087
14.84459444947279
15.04425075961714
15.61295938088784
14.51595109275335
15.36796681944953
15.64952994089118
14.95607422589441
15.5502623807064
15.49765977078195
15.98698987632738
16.74045473753026
15.71584286476826
16.14646508838654
16.2197081538041
15.52419712454874
15.21784386172391
15.31483917424616
14.97277984267696
15.85415953165352
15.31938408040994
15.06241535811592
14.60499481201981
16.13815634770078
15.98364030837928
15.64565277147835
15.68228594884688
16.63417959522489
16.36436145311098
15.30286951110179
15.9540782336363
15.67815911203939
16.3021982287474
15.19804940177736
15.66891871102595
15.88353460823939
15.20449083988186
14.93663781935674
15.18674100896264
14.96740067671991
15.32439513362773
15.33517292378698
15.0515796151087
16.23395291613849
15.61806420501831
14.96937876263415
13.75782206768848
15.16803140791147
15.26586277250696
15.27987491479982
15.56816108287373
16.06112663295511
14.78779515673157
15.29349679787498
15.67469762450791
16.44982708573436
15.68883302819886
15.51914869821286
15.43554946161148
14.69083202180823
15.45982241658219
15.01667379380108
15.66948326868551
15.21859125016327
17.01027232041455
15.84525783096866
16.0093802721099
15.54495791544209
16.02940087047651
14.92396898043307
15.95044349574065
15.19451539477684
15.69171831033707
16.92241778843134
15.04737893800678
15.3543678168152
15.66213853358642
15.17979013181269
14.54481747058732
14.36813344576775
14.49348619301268
14.87033821183907
14.8899075917758
14.89060378283302
15.44001241741117
15.41459692295303
14.69367019287581
15.67253149329121
14.69339729602746
15.90915358341849
15.63053914579585
16.51301154239965
15.25421265254688
15.46186931089932
15.76000965008741
15.98512527963331
14.65489385552072
16.11199009101117
15.95635564299085
16.13818532782904
14.79804677122473
15.34145910257765
15.58884103577085
16.45422408658587
15.76614643631912
15.49834746971125
14.54319696552429
15.02798605733622
15.9534202009186
15.64428658558351
15.99668387276022
15.68734631539972
15.43928670824151
15.07257894217453
15.00997842512525
14.38588378329449
15.34378028101809
16.68706557663204
15.29713233138116
15.21806042163522
16.16783832181233
15.76733953637639
15.91279313282374
15.4074638572481
15.82760666730206
15.81444543812941
15.43146986432056
15.66109172154751
16.79946040703971
15.11299352132565
14.41479500263082
15.85832128043834
16.12919682253461
15.8660163472487
15.92599300418032
15.64661316995664
16.39889935302018
13.9722454335316
15.80209303547035
16.09137819099839
15.79276828749398
15.32663434292712
16.07983672339501
15.43614007749375
15.8132605646906
15.56161431639279
14.53409684559211
17.24664780046143
15.5138002385049
16.68258104237789
15.36681421263637
14.61090398653262
15.71196848492744
15.33996971647996
15.26883580645419
16.86105451294112
15.56602873386219
15.45354457303614
14.47206495408685
15.79466184635504
15.06052786509307
15.32527345251781
14.97335463698279
14.53646255043149
15.43397803927525
15.25053923439848
15.47844884305078
15.54177740876588
15.68388875776033
16.40015103228706
15.2298623430695
14.82094661624995
15.46438506023166
15.51379742988735
15.96873433419135
15.65074788557051
14.95838708642934
15.47077268896871
16.7981549031996
15.98258675465581
15.62527214601743
14.69391117591691
16.03042464201128
15.14267815952055
14.88465234359363
16.1186660330626
15.71039584488829
15.07662105252743
15.41165385330037
15.4569811817001
15.89554706532368
16.20619753875821
14.2567101360404
14.37103963925781
15.47430322499136
15.44504138077905
14.93814708796661
15.25580254918762
15.59193166111912
16.04439699203369
14.54864792336206
15.2728239771978
15.15134311440961
15.72290167844128
15.60460414452709
15.16908863552233
15.17070240096754
15.20136721155345
15.35549532547993
15.1055656830775
15.38666681374301
15.75845158166852
16.4147602815771
15.20958996736654
15.88025632708505
16.06940808879808
15.95610043164242
15.82298028979581
15.26452651062961
15.29936954871832
15.68845189558156
15.86330456014727
16.34083186585049
15.22601549493719
15.61356690605897
15.11795968462422
14.78988009613564
14.98246315242643
14.71666372339418
15.22347899844687
15.47926928351328
17.01080243711525
15.33191082506772
16.07044240769294
15.46112203758826
16.43746873035107
15.30412061584397
15.58916722224737
14.9833871809377
15.97561058698978
15.55714731499199
14.49612752348628
14.81695910153989
15.35564238182677
15.64962551910235
15.66242708767576
15.67801866649291
15.22790675127415
15.72826903382646
15.04602504963944
15.19029161075819
15.85507854215865
15.99361879790518
16.16880218883199
16.05521272679002
14.40062427204241
14.97382179512846
16.25817036695437
15.99694054445908
16.84743888535301
15.45857115298614
16.34948224751497
15.23983504888888
15.22306514829311
15.32428130987094
14.79950068678064
15.30770318870615
15.3713450884409
15.90886124100222
15.71325679992758
16.0110925631723
15.5189422898784
15.42815679767119
15.39465482012912
15.7718210354786
15.38082472450927
15.34354718379354
15.86992826357754
16.62610080097121
14.76409129691021
15.49137721791478
15.45324942337149
15.17245451115612
15.58053477932505
15.9813400975284
15.13696216571677
15.86711384432339
16.73223064281535
15.57929277963368
15.07401064752136
14.69974462513285
16.01812755293167
15.01061116622479
15.66978500023153
15.23471715584418
14.0421645963238
15.6483559623245
15.32786853046688
15.65056628857981
16.2547350767246
16.79186285750794
14.77258162804084
15.16121801091026
14.35412462885404
15.34845372294017
15.95227572525334
15.69307768781172
16.68928195505858
14.33013567652502
14.78372426521776
14.94454040790809
15.9366829542632
15.17109490702297
15.76683683963619
15.83347193269463
16.5090345637215
15.96000160175223
15.58057313650582
15.93697492160983
14.64984395875346
15.56227290845987
15.82169192604764
14.99734902074331
16.09291258572994
15.20851329194107
16.14580047435661
14.76749060279924
14.9971152040981
15.45948969240354
15.55695162931143
15.03115551274973
13.76823750686314
15.20014372395208
14.90677496401322
15.79288500734789
15.27098154658856
15.23872496982391
14.68713228204605
14.94421620531195
15.40104886739198
14.44491329552834
15.98139007027857
15.26899601592331
16.11170566953122
15.76578148671779
16.10764137947783
15.01670821300085
14.76479494834145
15.70068037318295
15.61962494155942
15.63649927656941
14.97528038127796
15.75600501177428
15.76981873538104
15.15800663601718
15.51656522132999
15.19047793586309
15.00060646759264
13.98400895459879
14.91231231269161
15.78185401937664
14.25181210673553
15.4713557109077
16.260002046427
15.33633881489097
15.48156089571109
15.11667849571819
14.97970340443977
14.34907777261626
15.89785810890759
15.54580018885225
15.20412215540391
16.03257511628154
16.31576367764616
14.79109719573058
16.06004374200951
15.60777617100477
15.80793915806428
15.62955627238693
14.6803080193633
15.56862770456913
15.97324376898857
15.55723351200378
16.25761856300917
14.6154071979752
15.99307983152839
15.38321613317306
16.3265124853965
15.26568186281195
16.08142355829661
14.84117403481338
15.29992957558778
14.98255565042954
16.36726238699585
15.28169092515977
16.42194708342488
15.52958460426201
14.43612980928786
16.11649718549795
15.08822349018278
15.07815007379722
16.20896522277045
15.1774078863356
14.74999907551441
15.26987538285868
15.68173558154247
15.78017423024099
15.86387958588679
15.78622100825675
14.471187923765
15.33578071743484
15.25133707053237
15.17393633715655
15.55703839059045
15.99360986952078
14.62116435308587
15.75166795801288
15.93351256453088
15.35093082452896
14.84856949966982
15.93919055728072
15.72389308311572
14.30248326771079
15.37369200045572
14.91073799507078
14.82398166361436
14.84346791280754
14.87165016256611
15.33585114729009
14.95649309463443
16.68087516077955
15.07782919873375
16.45362065938416
15.0021553129595
15.36273357776975
15.48883248387271
15.20882132688795
15.03104422834555
15.67379647138794
14.99467136689414
15.34401544458715
15.36704356608209
16.09756053158987
15.42518316148482
15.95967526624513
15.88658641523856
14.9923634841302
14.87573311492917
14.44491387724024
15.62778001693248
15.02229088688784
15.77612346369166
15.85839575564907
15.14492848936405
14.88144784426115
15.73753327205597
14.97597266403169
15.64337564458544
15.03138882574438
14.27873973056311
14.7649457525738
15.13625492963603
16.30297024730606
15.69235515770674
15.33122258073432
15.33992796823947
15.23901628260452
15.21382170790026
15.23691585924974

Last point and parameters for further simulation:
100
8
0.5
contact

-0.3952275005815299
-0.3928438457263778
0.4120551500110131
-1.112276745722396
0.6128433185792758
3.076282137661871
-3.031459964993819
-4.22626655731171
-1.75724104489138
1.108299355183802
-0.7773742659499357
0.05614915855484529
-1.430563563092766
0.199949810548751
-1.282026552034985
-1.091426912917241
0.9874815815856001
0.321802503775763
-0.9120476983680395
-0.0781529823225208
-0.7349924085224002
0.1983066960170962
-1.911172855825912
1.883834806544637
3.192848804414
-0.7061227930620152
4.564839145233781
-0.5761389392570807
1.424860522766382
0.809066053150468
-1.586411406294493
-1.383335591484959
-0.7482286097795872
-1.520319617459869

Final quantities:
20.45043818650804
15.52330986176274
