-0.0018914562927974696 1 [-15.8004, -12.3317, -8.84497]
find opposite
-0.003782912585594939 0 [-40.2562, -40.5789, -38.0061]
-0.007565825171189878 -1 [-111.82, -142.806, -159.285]
find lower bound
-0.005674368878392408 -1 [-74.4302, -87.9844, -92.1404]
-0.004728640731993673 -1 [-56.7005, -62.875, -62.9561]
-0.004255776658794307 0 [-48.2477, -51.3093, -49.7334]
-0.00449220869539399 0 [-52.4127, -56.9822, -56.2338]
-0.004610424713693832 0 [-54.5283, -59.9209, -59.5362]
-0.004669532722843752 0 [-55.6062, -61.4423, -61.221]
-0.004699086727418713 0 [-56.1314, -62.1221, -62.0999]
-0.0047138637297061935 -1 [-56.4008, -62.5027, -62.5153]
-0.004706475228562454 0 [-56.2758, -62.3323, -62.2531]
-0.0047101694791343235 0 [-56.3677, -62.4269, -62.4126]
-0.004712016604420258 0 [-56.3602, -62.5048, -62.4619]
-0.004712940167063226 0 [-56.4209, -62.5526, -62.483]
find upper bound
-0.002837184439196204 1 [-26.5415, -23.5234, -20.0999]
-0.0033100485123955716 1 [-32.964, -31.1282, -27.877]
-0.0035464805489952554 1 [-36.4988, -35.674, -32.7959]
-0.0036646965672950975 1 [-38.3423, -38.042, -35.2898]
-0.0037238045764450183 1 [-39.3082, -39.2961, -36.678]
-0.0037533585810199787 0 [-39.7846, -39.9454, -37.335]
-0.0037385815787324985 0 [-39.5456, -39.6081, -36.9802]
-0.003731193077588758 0 [-39.4047, -39.4644, -36.7929]
-0.0037274988270168882 0 [-39.3547, -39.3933, -36.7127]
-0.0037256517017309533 1 [-39.3305, -39.324, -36.6864]
-0.0037265752643739205 0 [-39.3484, -39.3759, -36.6912]
-0.003726113483052437 0 [-39.3295, -39.4017, -36.8348]
(-0.004712940167063226, -0.003726113483052437)
-0.0042195268250578314
