-0.0016401036512337622 1 [18.2836, 21.2938, 24.6005]
find opposite
-0.0032802073024675244 1 [-3.00583, 0.133709, 3.88116]
-0.006560414604935049 1 [-107.492, -104.217, -100.723]
-0.013120829209870098 1 [-525.566, -524.822, -523.35]
-0.026241658419740195 -1 [-1886.69, -1947.58, -1997.82]
find 0
-0.019681243814805148 -1 [-1149.49, -1169.79, -1184.62]
-0.016401036512337624 -1 [-818.554, -825.626, -829.562]
-0.014760932861103861 -1 [-666.495, -668.971, -669.837]
-0.01394088103548698 0 [-594.335, -595.38, -594.568]
find lower bound
-0.014350906948295421 0 [-629.972, -631.851, -631.681]
-0.014555919904699642 -1 [-648.07, -650.342, -650.756]
-0.014453413426497532 -1 [-638.945, -641.06, -641.154]
-0.014402160187396477 0 [-634.603, -636.46, -636.09]
-0.014427786806947004 0 [-636.857, -638.732, -638.664]
-0.014440600116722269 -1 [-637.843, -639.849, -639.884]
-0.014434193461834636 -1 [-637.607, -639.002, -639.465]
-0.014430990134390819 -1 [-637.127, -638.963, -638.982]
-0.014429388470668911 0 [-637.044, -638.954, -638.7]
-0.014430189302529865 0 [-636.854, -639.237, -638.733]
-0.014430589718460342 0 [-637.109, -639.25, -638.949]
-0.014430789926425582 0 [-637.133, -639.082, -638.864]
find upper bound
-0.013530855122678539 0 [-559.483, -559.723, -558.406]
-0.013325842166274318 0 [-542.214, -542.371, -540.909]
-0.013223335688072208 1 [-533.953, -533.64, -531.88]
-0.013274588927173262 0 [-538.29, -538.303, -536.282]
-0.013248962307622736 1 [-535.971, -535.617, -534.275]
-0.013261775617397999 0 [-537.008, -537.208, -535.311]
-0.013255368962510367 0 [-536.759, -536.779, -534.918]
-0.013252165635066551 1 [-536.335, -536.204, -534.786]
-0.013253767298788459 1 [-536.496, -536.032, -534.514]
-0.013254568130649413 1 [-536.704, -536.541, -534.41]
-0.01325496854657989 1 [-536.513, -536.049, -534.727]
-0.013255168754545129 1 [-536.619, -536.521, -534.963]
(-0.014430789926425582, -0.013255368962510367)
-0.013843079444467974
