-0.0012910141012418901 1 [24.8309, 28.0091, 31.7803]
find opposite
-0.0025820282024837803 1 [11.1143, 14.235, 17.6091]
-0.0051640564049675606 1 [-50.9116, -47.0177, -44.309]
-0.010328112809935121 1 [-313.23, -310.481, -306.994]
-0.020656225619870242 -1 [-1279.0, -1298.04, -1311.53]
find 0
-0.015492169214902683 0 [-737.496, -739.637, -739.609]
find lower bound
-0.018074197417386462 -1 [-996.635, -1005.48, -1011.01]
-0.016783183316144572 -1 [-863.893, -868.876, -871.374]
-0.016137676265523627 -1 [-799.861, -803.047, -804.112]
-0.015814922740213157 -1 [-768.498, -771.158, -771.669]
-0.01565354597755792 -1 [-753.016, -755.302, -755.619]
-0.015572857596230302 -1 [-745.164, -747.255, -747.763]
-0.015532513405566491 -1 [-741.265, -743.041, -743.312]
-0.015512341310234587 -1 [-739.343, -741.313, -741.874]
-0.015502255262568635 0 [-738.58, -740.631, -740.485]
-0.01550729828640161 -1 [-739.072, -741.003, -741.071]
-0.015504776774485123 0 [-738.811, -740.831, -740.715]
-0.015506037530443367 -1 [-738.605, -740.756, -740.847]
find upper bound
-0.012910141012418903 1 [-507.957, -505.798, -503.112]
-0.014201155113660793 1 [-618.594, -618.053, -616.509]
-0.014846662164281738 0 [-677.135, -677.788, -676.566]
-0.014523908638971265 1 [-647.682, -647.669, -646.566]
-0.014685285401626502 0 [-661.645, -662.508, -661.755]
-0.014604597020298885 0 [-654.876, -655.369, -653.843]
-0.014564252829635076 0 [-650.745, -651.446, -650.127]
-0.014544080734303171 0 [-649.079, -649.49, -648.441]
-0.014533994686637217 0 [-648.33, -648.776, -646.987]
-0.01452895166280424 0 [-647.959, -648.07, -646.938]
-0.014526430150887754 0 [-647.463, -647.631, -646.573]
-0.01452516939492951 0 [-647.862, -647.863, -646.577]
(-0.015504776774485123, -0.01452516939492951)
-0.015014973084707317
