-0.0016528956469873577 1 [27.826, 31.6999, 34.6584]
find opposite
-0.0033057912939747154 1 [6.33743, 10.4766, 12.3648]
-0.006611582587949431 1 [-99.6219, -95.7625, -92.3889]
-0.013223165175898862 1 [-529.743, -527.033, -523.523]
-0.026446330351797723 -1 [-2067.31, -2101.91, -2129.44]
find 0
-0.019834747763848293 -1 [-1213.18, -1220.17, -1224.65]
-0.01652895646987358 0 [-844.206, -844.491, -843.848]
find lower bound
-0.018181852116860936 -1 [-1022.61, -1025.77, -1027.08]
-0.01735540429336726 -1 [-932.101, -933.811, -933.991]
-0.016942180381620417 0 [-887.685, -889.129, -888.12]
-0.017148792337493838 0 [-909.477, -910.841, -910.821]
-0.01725209831543055 0 [-921.026, -922.245, -921.909]
-0.017303751304398905 0 [-926.559, -927.549, -927.528]
-0.017329577798883083 -1 [-929.304, -930.78, -931.088]
-0.017316664551640992 -1 [-927.933, -929.265, -929.402]
-0.017310207928019947 0 [-927.375, -928.617, -928.535]
-0.01731343623983047 0 [-927.416, -928.954, -928.562]
-0.01731505039573573 0 [-927.362, -929.209, -928.779]
-0.017315857473688363 0 [-927.653, -929.516, -929.064]
find upper bound
-0.014876060822886221 1 [-679.793, -678.079, -675.523]
-0.015702508646379898 1 [-760.564, -759.486, -757.781]
-0.01611573255812674 1 [-802.358, -801.893, -799.927]
-0.016322344514000157 1 [-823.051, -822.889, -821.66]
-0.016425650491936866 0 [-833.711, -834.177, -833.183]
-0.016373997502968512 1 [-828.525, -828.138, -827.502]
-0.01639982399745269 1 [-831.444, -830.985, -830.097]
-0.01641273724469478 1 [-832.82, -832.612, -831.431]
-0.01641919386831582 1 [-833.378, -833.321, -832.303]
-0.016422422180126343 1 [-833.558, -833.121, -832.179]
-0.016424036336031605 0 [-833.891, -834.13, -832.457]
-0.016423229258078972 1 [-833.436, -833.306, -832.054]
(-0.017315857473688363, -0.016424036336031605)
-0.016869946904859982
