-0.017540694207050796 0 [0, 3, 0] 24 0
find -1
-0.03508138841410159 -1 [3, 0, 0] 3 0
find 1
-0.008770347103525398 1 [0, 0, 3] 3 0
find lower bound
-0.026311041310576194 -1 [3, 0, 0] 3 0
-0.021925867758813493 -1 [3, 0, 0] 3 0
-0.019733280982932144 -1 [3, 0, 0] 4 0
-0.01863698759499147 -1 [2, 1, 0] 24 0
-0.018088840901021135 0 [0, 3, 0] 18 0
-0.018362914248006304 0 [1, 2, 0] 18 0
-0.018499950921498885 0 [1, 2, 0] 24 0
-0.01856846925824518 -1 [3, 0, 0] 24 0
-0.018534210089872032 -1 [2, 1, 0] 24 0
-0.018517080505685457 -1 [2, 1, 0] 19 0
-0.01850851571359217 -1 [2, 1, 0] 20 0
-0.018504233317545526 0 [1, 2, 0] 24 0
find upper bound
-0.013155520655288097 1 [0, 0, 3] 3 0
-0.015348107431169447 1 [0, 0, 3] 3 0
-0.01644440081911012 1 [0, 0, 3] 5 0
-0.016992547513080457 1 [0, 0, 3] 15 0
-0.017266620860065626 1 [0, 1, 2] 17 0
-0.01740365753355821 1 [0, 1, 2] 24 0
-0.0174721758703045 1 [0, 1, 2] 24 0
-0.01750643503867765 0 [0, 2, 1] 24 0
-0.017489305454491073 0 [0, 2, 1] 24 0
-0.017480740662397787 0 [0, 3, 0] 24 0
-0.017476458266351143 0 [0, 3, 0] 24 0
-0.017474317068327822 1 [0, 1, 2] 24 0
(-0.01850637451556885, -0.017475387667339484)
-0.017990881091454167
