-0.01737176324096926 1 [0, 0, 3] 4 0
find opposite
-0.03474352648193852 -1 [3, 0, 0] 3 0
find 0
-0.026057644861453892 -1 [3, 0, 0] 3 0
-0.021714704051211578 -1 [3, 0, 0] 17 0
-0.019543233646090417 1 [0, 0, 3] 10 0
-0.020628968848650998 0 [0, 3, 0] 24 0
find lower bound
-0.021171836449931286 0 [0, 3, 0] 19 0
-0.021443270250571432 -1 [2, 1, 0] 19 0
-0.02130755335025136 0 [0, 3, 0] 24 0
-0.021375411800411394 0 [1, 2, 0] 24 0
-0.021409341025491413 -1 [2, 1, 0] 24 0
-0.021392376412951403 0 [1, 2, 0] 24 0
-0.021400858719221406 -1 [2, 1, 0] 24 0
-0.021396617566086407 -1 [2, 1, 0] 24 0
-0.021394496989518903 -1 [2, 1, 0] 24 0
-0.021393436701235155 -1 [3, 0, 0] 24 0
-0.021392906557093277 -1 [2, 1, 0] 24 0
-0.02139264148502234 0 [1, 2, 0] 24 0
find upper bound
-0.02008610124737071 1 [0, 0, 3] 23 0
-0.020357535048010855 1 [0, 0, 3] 24 0
-0.020493251948330925 0 [0, 2, 1] 24 0
-0.02042539349817089 1 [0, 1, 2] 24 0
-0.020459322723250906 0 [0, 3, 0] 24 0
-0.0204423581107109 1 [0, 1, 2] 24 0
-0.020450840416980903 0 [0, 2, 1] 22 0
-0.0204465992638459 0 [0, 2, 1] 24 0
-0.0204444786872784 0 [0, 2, 1] 24 0
-0.020443418398994648 0 [0, 3, 0] 24 0
-0.020442888254852774 0 [0, 2, 1] 22 0
-0.02044262318278184 1 [0, 1, 2] 19 0
(-0.021392774021057808, -0.020442755718817304)
-0.020917764869937558
