-0.0017276517470094946 1 [-3.70437, -0.262836, 2.92011]
find opposite
-0.003455303494018989 1 [-27.4485, -23.8457, -20.4362]
-0.006910606988037978 1 [-138.895, -138.565, -136.598]
-0.013821213976075957 -1 [-475.915, -516.095, -543.951]
find 0
-0.010365910482056968 -1 [-296.635, -311.615, -319.322]
-0.008638258735047474 -1 [-214.09, -219.923, -221.225]
-0.007774432861542726 0 [-175.363, -177.776, -176.969]
find lower bound
-0.0082063457982951 -1 [-194.346, -198.511, -198.684]
-0.007990389329918912 0 [-184.78, -188.121, -187.732]
-0.008098367564107006 0 [-189.569, -193.196, -193.179]
-0.008152356681201053 -1 [-192.013, -195.889, -195.946]
-0.00812536212265403 0 [-190.812, -194.59, -194.545]
-0.008138859401927542 -1 [-191.345, -195.095, -195.337]
-0.008132110762290786 -1 [-191.048, -194.886, -194.959]
-0.008128736442472407 0 [-190.952, -194.758, -194.755]
-0.008130423602381597 -1 [-191.167, -194.707, -194.796]
-0.008129580022427002 -1 [-190.973, -194.74, -194.764]
-0.008129158232449704 -1 [-190.878, -194.651, -194.755]
-0.008128947337461057 -1 [-190.909, -194.665, -194.819]
find upper bound
-0.007342519924790352 0 [-156.766, -157.712, -156.362]
-0.007126563456414166 0 [-147.721, -147.995, -146.191]
-0.007018585222226072 1 [-143.312, -143.234, -141.174]
-0.007072574339320119 0 [-145.561, -145.668, -143.694]
-0.007045579780773095 0 [-144.379, -144.536, -142.497]
-0.0070320825014995834 0 [-143.823, -143.87, -141.866]
-0.0070253338618628276 0 [-143.503, -143.608, -141.49]
-0.00702195954204445 1 [-143.46, -143.348, -141.548]
-0.007023646701953639 1 [-143.497, -143.477, -141.63]
-0.007024490281908233 0 [-143.572, -143.623, -141.613]
-0.007024068491930937 0 [-143.57, -143.61, -141.485]
-0.007023857596942288 0 [-143.553, -143.621, -141.642]
(-0.008128736442472407, -0.007023857596942288)
-0.007576297019707348
