-0.001022556595106921 1 [6.99327, 10.6941, 13.9458]
find opposite
-0.002045113190213842 1 [-3.76718, -0.244566, 3.02337]
-0.004090226380427684 1 [-39.0143, -35.4914, -32.0675]
-0.008180452760855368 0 [-197.09, -197.418, -195.594]
-0.016360905521710736 -1 [-678.005, -725.415, -760.193]
find lower bound
-0.01227067914128305 -1 [-421.636, -439.408, -449.945]
-0.010225565951069208 -1 [-303.839, -311.141, -313.79]
-0.009203009355962289 0 [-248.886, -252.124, -252.119]
-0.009714287653515749 -1 [-275.932, -281.0, -282.155]
-0.009458648504739018 -1 [-262.348, -266.38, -266.889]
-0.009330828930350653 -1 [-255.629, -259.142, -259.479]
-0.009266919143156471 -1 [-252.367, -255.598, -256.068]
-0.00923496424955938 0 [-250.48, -253.902, -253.878]
-0.009250941696357925 -1 [-251.447, -254.682, -254.822]
-0.009242952972958653 -1 [-251.038, -254.411, -254.439]
-0.009238958611259018 -1 [-250.724, -254.117, -254.277]
-0.0092369614304092 -1 [-250.577, -253.948, -254.034]
find upper bound
-0.006135339570641525 1 [-106.508, -103.714, -100.244]
-0.007157896165748447 1 [-149.543, -147.683, -144.909]
-0.007669174463301907 1 [-172.768, -171.834, -169.462]
-0.007924813612078637 1 [-184.797, -184.456, -182.403]
-0.008052633186467002 1 [-190.886, -190.736, -188.847]
-0.008116542973661184 0 [-193.996, -194.042, -192.183]
-0.008084588080064093 0 [-192.543, -192.587, -190.556]
-0.008068610633265548 0 [-191.717, -191.717, -189.727]
-0.008060621909866275 1 [-191.39, -191.388, -189.264]
-0.008064616271565912 1 [-191.549, -191.525, -189.509]
-0.00806661345241573 1 [-191.688, -191.488, -189.558]
-0.008067612042840639 1 [-191.774, -191.608, -189.721]
(-0.00923496424955938, -0.008068610633265548)
-0.008651787441412463
