-0.0015130736628626478 1 [5.44678, 8.75489, 11.96]
find opposite
-0.0030261473257252956 1 [-12.6936, -9.14824, -6.02007]
-0.006052294651450591 1 [-100.36, -96.8299, -93.5972]
-0.012104589302901182 -1 [-428.386, -438.299, -443.255]
find 0
-0.009078441977175887 1 [-245.261, -244.856, -242.906]
-0.010591515640038535 -1 [-333.055, -336.904, -337.613]
-0.00983497880860721 0 [-288.076, -289.565, -288.839]
find lower bound
-0.010213247224322873 0 [-310.459, -313.044, -313.009]
-0.010402381432180703 -1 [-321.736, -324.977, -325.35]
-0.010307814328251789 -1 [-315.834, -318.987, -319.023]
-0.01026053077628733 0 [-313.211, -315.915, -315.913]
-0.01028417255226956 0 [-314.568, -317.469, -317.431]
-0.010295993440260675 -1 [-315.284, -318.203, -318.428]
-0.010290082996265118 -1 [-314.864, -317.732, -317.939]
-0.010287127774267338 -1 [-314.81, -317.668, -317.696]
-0.010285650163268448 -1 [-314.732, -317.487, -317.845]
-0.010284911357769003 0 [-314.706, -317.493, -317.452]
-0.010285280760518725 0 [-314.704, -317.455, -317.413]
-0.010285465461893586 -1 [-314.62, -317.477, -317.547]
find upper bound
-0.00945671039289155 0 [-266.364, -266.912, -265.669]
-0.009267576185033717 0 [-255.675, -255.862, -254.037]
-0.009173009081104803 1 [-250.482, -250.381, -248.635]
-0.00922029263306926 0 [-252.962, -253.162, -251.377]
-0.00919665085708703 1 [-251.765, -251.674, -250.018]
-0.009208471745078144 1 [-252.467, -252.401, -250.558]
-0.009214382189073701 0 [-252.68, -252.903, -251.221]
-0.009211426967075923 0 [-252.655, -252.68, -250.779]
-0.009209949356077034 1 [-252.624, -252.418, -250.723]
-0.00921068816157648 1 [-252.57, -252.408, -250.769]
-0.009211057564326202 1 [-252.493, -252.485, -250.89]
-0.009211242265701063 0 [-252.575, -252.631, -250.929]
(-0.010285280760518725, -0.009211242265701063)
-0.009748261513109894
