-0.0010640245877758954 1 [16.8304, 20.4097, 23.8921]
find opposite
-0.002128049175551791 1 [5.6512, 9.11227, 12.2092]
-0.004256098351103582 1 [-33.1287, -29.5825, -25.9918]
-0.008512196702207164 1 [-210.864, -207.983, -204.16]
-0.017024393404414327 -1 [-843.341, -864.102, -878.71]
find 0
-0.012768295053310745 -1 [-492.673, -496.103, -496.958]
-0.010640245877758955 1 [-340.75, -339.937, -337.69]
-0.01170427046553485 0 [-414.361, -415.213, -413.961]
find lower bound
-0.012236282759422797 0 [-453.066, -454.805, -454.692]
-0.01250228890636677 -1 [-472.731, -475.569, -475.736]
-0.012369285832894783 -1 [-462.835, -465.143, -465.275]
-0.012302784296158789 0 [-457.798, -460.149, -460.067]
-0.012336035064526785 0 [-460.463, -462.595, -462.488]
-0.012352660448710785 0 [-461.58, -463.98, -463.679]
-0.012360973140802783 -1 [-461.974, -464.485, -464.495]
-0.012356816794756784 -1 [-461.918, -463.984, -464.186]
-0.012354738621733785 -1 [-461.617, -463.931, -463.938]
-0.012353699535222286 0 [-461.679, -464.108, -463.971]
-0.012354219078478036 -1 [-461.516, -463.954, -463.969]
-0.012353959306850161 0 [-461.863, -463.977, -463.906]
find upper bound
-0.011172258171646902 1 [-377.066, -376.565, -374.91]
-0.011438264318590876 0 [-395.532, -395.794, -394.352]
-0.01130526124511889 1 [-386.244, -386.113, -384.702]
-0.011371762781854883 0 [-390.87, -390.978, -389.371]
-0.011338512013486887 0 [-388.554, -388.62, -387.226]
-0.011321886629302887 1 [-387.306, -387.264, -386.196]
-0.011330199321394887 0 [-388.041, -388.136, -386.415]
-0.011326042975348886 0 [-387.742, -387.847, -386.211]
-0.011323964802325887 1 [-387.635, -387.563, -386.033]
-0.011325003888837386 0 [-387.581, -387.657, -386.21]
-0.011324484345581635 1 [-387.52, -387.17, -386.044]
-0.01132474411720951 1 [-387.653, -387.511, -386.211]
(-0.012353959306850161, -0.011325003888837386)
-0.011839481597843773
