-0.0017890118975849353 1 [12.7606, 16.1128, 19.9945]
find opposite
-0.0035780237951698705 1 [-12.7066, -9.95273, -5.49461]
-0.007156047590339741 1 [-137.983, -134.643, -131.366]
-0.014312095180679482 -1 [-622.11, -626.608, -628.375]
find 0
-0.010734071385509612 1 [-346.107, -343.857, -341.191]
-0.012523083283094547 0 [-476.924, -477.014, -475.966]
find lower bound
-0.013417589231887014 -1 [-548.097, -549.777, -550.187]
-0.012970336257490781 0 [-511.642, -513.285, -512.55]
-0.013193962744688897 0 [-529.854, -531.462, -530.982]
-0.013305775988287956 0 [-538.96, -540.868, -540.697]
-0.013361682610087484 0 [-543.148, -545.285, -545.27]
-0.013389635920987249 -1 [-545.767, -547.578, -547.678]
-0.013375659265537366 0 [-544.472, -546.456, -546.382]
-0.013382647593262308 0 [-545.003, -547.421, -547.116]
-0.013386141757124779 -1 [-545.194, -547.124, -547.209]
-0.013384394675193544 -1 [-545.133, -547.167, -547.334]
-0.013383521134227926 -1 [-544.921, -547.0, -547.264]
-0.013383084363745117 -1 [-545.192, -547.202, -547.242]
find upper bound
-0.01162857733430208 1 [-409.426, -408.707, -406.365]
-0.012075830308698313 1 [-442.975, -442.439, -440.64]
-0.012299456795896429 0 [-459.592, -459.692, -458.129]
-0.01218764355229737 1 [-451.34, -450.773, -448.894]
-0.012243550174096899 1 [-455.598, -455.168, -453.65]
-0.012271503484996664 1 [-457.608, -457.54, -455.953]
-0.012285480140446546 1 [-458.721, -458.561, -457.104]
-0.012292468468171489 0 [-459.108, -459.301, -457.663]
-0.012288974304309017 0 [-458.808, -458.86, -457.338]
-0.01228722722237778 0 [-458.833, -458.919, -457.1]
-0.012286353681412163 1 [-458.659, -458.491, -456.883]
-0.012286790451894972 0 [-458.726, -458.727, -457.019]
(-0.013382647593262308, -0.012286790451894972)
-0.01283471902257864
