-0.001775365509360086 1 [-0.604314, 2.79302, 5.69608]
find opposite
-0.003550731018720172 1 [-23.7326, -20.1661, -16.8097]
-0.007101462037440344 1 [-123.227, -120.001, -116.76]
-0.014202924074880687 -1 [-434.246, -441.072, -442.938]
find 0
-0.010652193056160515 1 [-266.061, -265.71, -263.305]
-0.0124275585655206 0 [-347.813, -350.545, -349.831]
find lower bound
-0.013315241320200644 -1 [-390.466, -395.241, -395.293]
-0.012871399942860622 0 [-368.993, -372.687, -372.322]
-0.013093320631530632 -1 [-379.642, -383.824, -383.865]
-0.012982360287195627 -1 [-374.289, -378.078, -378.245]
-0.012926880115028124 0 [-371.578, -375.354, -375.234]
-0.012954620201111875 0 [-372.913, -376.799, -376.712]
-0.012968490244153752 0 [-373.648, -377.431, -377.334]
-0.01297542526567469 0 [-374.139, -377.831, -377.606]
-0.012978892776435158 0 [-374.147, -378.078, -377.968]
-0.012980626531815392 0 [-374.377, -378.175, -377.874]
-0.01298149340950551 0 [-374.333, -378.263, -378.073]
-0.012981926848350568 0 [-374.301, -378.168, -378.096]
find upper bound
-0.011539875810840558 0 [-306.332, -307.284, -305.699]
-0.011096034433500535 0 [-286.039, -286.196, -284.297]
-0.010874113744830525 0 [-276.063, -276.078, -273.753]
-0.01076315340049552 1 [-271.049, -270.875, -268.45]
-0.010818633572663022 1 [-273.457, -273.311, -271.128]
-0.010846373658746774 1 [-274.788, -274.615, -272.426]
-0.01086024370178865 1 [-275.348, -275.31, -273.177]
-0.010867178723309587 1 [-275.607, -275.588, -273.52]
-0.010870646234070056 1 [-275.83, -275.643, -273.634]
-0.01087237998945029 1 [-275.981, -275.854, -273.581]
-0.010873246867140408 1 [-275.947, -275.854, -273.616]
-0.010873680305985466 1 [-276.192, -276.063, -273.848]
(-0.012981926848350568, -0.010874113744830525)
-0.011928020296590547
