   batch        P accept         n0 mean            +/-     n0 std dev          E mean            +/-      E std dev          P mean            +/-      P std dev
    init        0.508539         84.0464      0.0109154        10.9154          5082.6      0.0378297        37.8297       0.0104546     0.00296298        2.96298
    init        0.508519         84.0551      0.0111946        11.1946         5082.83      0.0384635        38.4635       0.0279709     0.00298707        2.98707
    init        0.508344         83.6256      0.0112117        11.2117         5084.33       0.042527         42.527       -0.013174     0.00310273        3.10273
    init        0.509846         6.21554     0.00552959        5.52959         5186.47      0.0405574        40.5574        -97.1003     0.00312274        3.12274
    init        0.509773          6.7316     0.00562341        5.62341         5187.56      0.0402083        40.2083         97.0408     0.00314667        3.14667
    init        0.508457         83.8596      0.0108673        10.8672         5083.31      0.0397909        39.7908     -0.00644078     0.00305671        3.05671
  accept        0.500144         84.0009      0.0111646        11.1646          5083.3      0.0374321        37.4321       0.0147271     0.00298573        2.98573
  accept        0.499914         84.1731      0.0110367        11.0367         5082.98      0.0372805        37.2805       0.0108619     0.00299293        2.99293
  accept          0.4999         83.7345      0.0109529        10.9529         5083.58      0.0372653        37.2653      -0.0186617     0.00300007        3.00007
  accept        0.500216         84.4057      0.0107226        10.7226          5082.7      0.0371392        37.1392       0.0103267     0.00297475        2.97475
  accept        0.500124         84.2466      0.0107647        10.7647         5082.94      0.0375418        37.5418      -0.0366904     0.00299467        2.99467
  accept        0.499903         84.5716      0.0101645        10.1645         5082.32      0.0364669        36.4669     -0.00773821     0.00297846        2.97846
       1        0.499956         84.5043      0.0105262        10.5262         5081.96      0.0367524        36.7524       0.0216451     0.00295227        2.95227
       2        0.500222         83.9674      0.0110277        11.0277         5082.87      0.0373581        37.3581       0.0298613     0.00298874        2.98873
       3        0.499774         84.2287      0.0105225        10.5225         5083.08      0.0373041        37.3041    -5.82374e-05     0.00299977        2.99977
       4        0.500073         83.6337      0.0117059        11.7059         5083.98      0.0377659        37.7659      0.00876701     0.00300412        3.00412
       5        0.499963         84.0364      0.0112138        11.2138         5083.04      0.0372396        37.2396      0.00764233     0.00298407        2.98406
       6        0.500156         83.7938      0.0110868        11.0868         5083.28       0.037503         37.503     -0.00871864     0.00300848        3.00848
       7        0.499898         83.6851      0.0109569        10.9569         5083.27      0.0370806        37.0806      0.00189229     0.00297964        2.97964
       8        0.499793         84.0496      0.0109019        10.9019         5082.88      0.0372454        37.2454     -0.00182621     0.00297689        2.97689
   total        0.499798         83.9876     0.00777922        11.0015         5083.05      0.0263587        37.2768      0.00811202     0.00211179        2.98653

    mode      occupation             +/-         std dev
      -3        0.728359     0.000513374        0.726021
      -2         1.65021      0.00112403         1.58962
      -1         5.62075      0.00376665         5.32684
       0         83.9876      0.00777922         11.0015
       1          5.6435      0.00378922         5.35877
       2         1.63799      0.00111122          1.5715
       3        0.731625     0.000516558        0.730524
