   batch        P accept         n0 mean            +/-     n0 std dev          E mean            +/-      E std dev          P mean            +/-      P std dev
    init        0.514582         40.0313       0.025491         25.491         5482.42        0.15488         154.88         4.94177      0.0444231        44.4231
    init         0.51506         40.3975      0.0252395        25.2395         5484.15       0.153448        153.448         4.49435        0.04322          43.22
    init        0.514957         40.8116      0.0250333        25.0333         5481.99        0.15551         155.51         1.27794      0.0414834        41.4834
    init        0.514673         43.8474      0.0242521        24.2521         5476.58       0.156521        156.521           1.552      0.0392417        39.2417
    init        0.515046         42.0378      0.0251402        25.1402         5475.64       0.151863        151.863         4.08896       0.042579         42.579
    init        0.514954         45.2825      0.0247714        24.7714          5471.2       0.154174        154.174        -1.70298       0.038796         38.796
    init        0.514857         42.1077      0.0245353        24.5353         5477.35       0.152744        152.744         3.59739      0.0423566        42.3566
    init           0.515         40.7636      0.0252903        25.2902         5482.62       0.154362        154.362         -2.8843      0.0451968        45.1968
    init        0.514741         44.6331      0.0240896        24.0895         5474.35        0.15368         153.68        -1.81268       0.036906         36.906
    init        0.515132         41.9197       0.025293         25.293         5475.68       0.152945        152.945         4.74109      0.0414937        41.4937
    init        0.515201         41.2263      0.0248506        24.8505          5481.3       0.155388        155.388        0.598869      0.0420521        42.0521
    init        0.515048         43.3637      0.0246002        24.6002         5476.86       0.155601          155.6         1.80564      0.0388722        38.8722
    init         0.51479         44.3716      0.0248931        24.8931         5471.22       0.153875        153.875       -0.956205       0.038669         38.669
    init        0.514943         42.7904      0.0250964        25.0964         5475.62       0.152999        152.999        -2.97115       0.040048         40.048
    init        0.514758         42.6994      0.0248489        24.8489         5471.77       0.147404        147.404         1.59349      0.0393654        39.3654
    init        0.515013         43.2953      0.0249829        24.9829         5477.08       0.153353        153.353        -5.37986      0.0416302        41.6302
    init        0.514739         43.8223      0.0250669        25.0669         5470.98       0.151879        151.879         -1.4134      0.0409989        40.9989
    init        0.515128         40.1346      0.0252421        25.2421         5483.62       0.154715        154.715        -1.62569      0.0445279        44.5279
    init        0.514947         41.9675      0.0252177        25.2177         5475.64       0.151877        151.877         2.70729      0.0424181        42.4181
    init        0.514741         43.6563      0.0252066        25.2066         5472.35       0.151653        151.653        -2.68909      0.0387912        38.7911
    init        0.514684         43.4128      0.0247915        24.7915         5473.48       0.154176        154.176        0.151658      0.0412856        41.2856
    init        0.514949         43.6376      0.0251754        25.1754         5472.09        0.15365         153.65        -1.46405      0.0395767        39.5767
    init        0.514809         43.1139      0.0249997        24.9997         5476.76       0.153758        153.758         -3.9514       0.039791        39.7909
    init        0.514929         41.2076      0.0250584        25.0584         5479.18       0.151198        151.198         9.83392      0.0421837        42.1836
    init        0.514736         43.4074      0.0252694        25.2693         5472.02        0.15255         152.55         1.00992      0.0390839        39.0839
    init        0.514843         39.9157      0.0249226        24.9226          5484.5       0.152122        152.121        0.047469      0.0430264        43.0264
  accept        0.499982         44.4663      0.0251665        25.1665         5470.41       0.151938        151.938         4.61751      0.0393626        39.3625
  accept        0.500167         43.1649       0.025134         25.134         5475.04        0.15276         152.76       -0.388162      0.0419102        41.9102
  accept        0.499779         43.1785      0.0250897        25.0897         5477.83       0.153635        153.635         1.15832      0.0399756        39.9755
  accept        0.500246          40.059      0.0253432        25.3432         5483.52       0.152766        152.766         5.72743        0.04501          45.01
  accept        0.499758         43.2209      0.0254961        25.4961         5473.31       0.151212        151.212        -3.87313      0.0426507        42.6507
  accept        0.499936         45.6444      0.0241794        24.1794         5468.21       0.150335        150.335        -2.37392      0.0369979        36.9979
  accept        0.500169         43.8998      0.0248872        24.8872         5468.36       0.149413        149.413          1.3904      0.0403663        40.3663
  accept        0.499995         44.3853      0.0247749        24.7749         5471.71       0.153408        153.408        -2.94124      0.0402863        40.2862
  accept         0.49987          41.631      0.0251352        25.1352         5477.17       0.152651        152.651         1.17748      0.0444395        44.4395
  accept         0.50002         45.7062      0.0241645        24.1645         5469.08       0.151483        151.483         -0.8176      0.0379663        37.9663
  accept        0.500213         44.3713      0.0246922        24.6922          5471.7       0.152556        152.555         -1.2924      0.0411561         41.156
  accept        0.500034         47.0305      0.0248192        24.8192         5466.47       0.151568        151.568          -0.995      0.0356664        35.6664
  accept        0.500014         43.5501      0.0247835        24.7835         5474.23       0.154022        154.022        0.992621      0.0380509        38.0508
  accept        0.500164         45.3573      0.0247926        24.7926         5472.17       0.153354        153.354        -1.49851      0.0385067        38.5067
  accept        0.499748         42.7488      0.0246177        24.6177         5482.49        0.15707         157.07        -2.24668      0.0389887        38.9887
  accept        0.499937         44.5036      0.0246471        24.6471          5472.1       0.149785        149.785        0.119585      0.0384265        38.4265
  accept        0.499906         44.3096      0.0246923        24.6922         5474.92       0.154172        154.172         0.27857       0.038767         38.767
  accept        0.500036          41.995      0.0246977        24.6977         5478.55       0.154405        154.405        0.572398      0.0397837        39.7837
  accept        0.500009         44.7119      0.0247289        24.7289         5469.59       0.149721        149.721       -0.841175      0.0391078        39.1078
  accept        0.500283          45.349       0.024817         24.817         5470.01       0.150916        150.916         1.81294      0.0380188        38.0188
  accept         0.49985         43.8834      0.0244884        24.4884         5476.59       0.153776        153.776        0.519374      0.0404138        40.4138
  accept         0.50019         40.8676      0.0246063        24.6063         5483.68       0.152865        152.865         7.27215       0.042715         42.715
  accept        0.499599         46.1464      0.0246461        24.6461         5462.79       0.150598        150.598         -1.2971      0.0373736        37.3736
  accept          0.4998         44.5092      0.0249293        24.9293         5472.07       0.152794        152.794         2.54974      0.0381113        38.1113
  accept        0.500225         40.4679      0.0250284        25.0284          5485.6       0.153205        153.205        -1.39365      0.0442103        44.2102
  accept        0.500147         46.4812      0.0248567        24.8567         5464.59       0.152395        152.395        -1.31264      0.0366205        36.6205
  accept        0.500135         42.2308      0.0255087        25.5087         5475.44       0.151157        151.156        0.752546       0.043932         43.932
  accept        0.499645          43.649      0.0247482        24.7481         5475.52       0.151361        151.361        -2.87013       0.041281         41.281
  accept        0.499847         42.3745      0.0251084        25.1084         5476.86        0.15417         154.17        -5.91573      0.0407375        40.7375
  accept        0.500375         43.3255      0.0250207        25.0207         5470.51       0.149519        149.519          4.5309      0.0391711        39.1711
  accept        0.499978         42.6024      0.0248927        24.8927         5477.78       0.152903        152.903         4.30688      0.0397894        39.7894
  accept        0.500097         42.3352      0.0251406        25.1406         5481.56       0.156336        156.336         1.68087      0.0415683        41.5683
  accept        0.499589         42.4766      0.0249728        24.9728         5478.39       0.153194        153.194         -3.2867      0.0425302        42.5302
  accept        0.500392         44.4055      0.0245927        24.5927         5475.55        0.15245         152.45        -2.24389      0.0381002        38.1002
  accept        0.499766         39.1416      0.0253753        25.3753         5482.84       0.152481        152.481         0.93608      0.0453572        45.3572
  accept        0.499835         45.5883      0.0240963        24.0963         5467.79       0.151359        151.358       -0.820775      0.0353706        35.3705
  accept        0.500176          45.196      0.0239985        23.9985         5473.75       0.154665        154.665        -1.99603       0.037687         37.687
  accept        0.500102         41.6416      0.0251497        25.1497         5480.26       0.153074        153.074        0.519917       0.043006         43.006
  accept        0.500224         42.1524      0.0250363        25.0363         5477.68       0.153093        153.093          4.4939      0.0412211        41.2211
  accept        0.499814         42.2991      0.0252238        25.2238         5479.56       0.153615        153.615        -1.34053      0.0422543        42.2543
  accept        0.499941          42.278      0.0245672        24.5672         5475.48       0.150375        150.375         1.60146      0.0394469        39.4469
  accept        0.499981         45.5351      0.0245543        24.5543         5469.42       0.150992        150.992         2.76418      0.0376548        37.6548
  accept        0.499905         44.9528      0.0246003        24.6003         5469.57       0.151517        151.517       -0.468893      0.0375918        37.5918
  accept        0.500108         43.5166        0.02519          25.19         5474.85       0.152065        152.065        -1.55141       0.039968         39.968
  accept        0.500027         42.8963      0.0250336        25.0336         5476.13       0.152083        152.082        -2.17622      0.0408448        40.8448
  accept        0.500381         42.6501      0.0246876        24.6876         5479.63       0.153926        153.926       -0.787627      0.0397652        39.7651
  accept        0.499851         43.5977      0.0245888        24.5888         5474.13          0.153            153        -3.54646       0.038329        38.3289
  accept        0.499902         44.6296      0.0252117        25.2117         5475.36       0.153522        153.522        -1.43314      0.0404732        40.4732
  accept        0.499824          40.559      0.0252195        25.2195         5479.95       0.151502        151.502         1.03199      0.0425541        42.5541
  accept        0.499999         45.7408      0.0243935        24.3935          5470.7       0.155285        155.285     -0.00606013      0.0373653        37.3653
       1        0.500048          45.135      0.0247286        24.7286          5470.1       0.150313        150.313         3.57912       0.039121         39.121
       2        0.500107         44.1303      0.0252434        25.2434          5472.1       0.152117        152.116       0.0647474      0.0406855        40.6855
       3        0.500089         42.4498      0.0249432        24.9432         5477.45       0.150664        150.664        0.599453      0.0407799        40.7799
       4        0.499598         45.0068      0.0243915        24.3915         5471.61       0.150023        150.023        0.665474      0.0370591        37.0591
       5        0.500508          41.336      0.0245627        24.5627         5482.64       0.149981        149.981         2.71408      0.0419286        41.9286
       6        0.499808         43.6867      0.0252596        25.2596         5471.64       0.152471        152.471        -4.25955      0.0409266        40.9266
       7        0.499756         45.6229      0.0249008        24.9008         5469.12        0.15206         152.06        -2.14161      0.0383762        38.3762
       8        0.500237         40.6283      0.0250407        25.0407         5481.67       0.151457        151.457         1.22023      0.0414357        41.4357
   total         0.50007         43.4998      0.0176394        24.9459         5474.53       0.106923        151.212        0.306339      0.0283823        40.1386

    mode      occupation             +/-         std dev
      -5         1.20581     0.000866444         1.22534
      -4         1.75395       0.0012671         1.79195
      -3         2.91717      0.00212675         3.00768
      -2         5.83759      0.00436584         6.17423
      -1         16.4373       0.0119193         16.8564
       0         43.4998       0.0176394         24.9459
       1         16.5313       0.0118753         16.7942
       2         5.93181      0.00445911         6.30613
       3         2.91843      0.00212106         2.99963
       4         1.76972      0.00127819         1.80763
       5         1.19721      0.00085715         1.21219
