Number of particles: 100
Nmax: 4
Gamma: -0.00530189
Interaction type: contact
Step size: 0.001
Batch size: 200000
Batch count: 500
             Batch number               Average n0          Fluctuations n0                   Energy           Particle count                 Momentum
                        1        48.55067041810788       0.6460354293259004        -38.2234590720314        99.99986972636603    -0.006345602192150412
                        2        48.53805222355743       0.7210015638695848       -38.22345906253088        99.99986972691158    -0.006345600584285016
                        3         48.5543898748581       0.8385827963465078       -38.22345905305122        99.99986972746323    -0.006345599517641354
                        4        48.52506931356673       0.7759389787663769       -38.22345904356176        99.99986972801128    -0.006345598153068899
                        5        48.51978983224991       0.7268079979846209       -38.22345903405184         99.9998697285604    -0.006345596995720904
                        6        48.51041458945686       0.7932330540253123       -38.22345902454366        99.99986972910837    -0.006345595937512716
                        7        48.51942693381787       0.8427137121334319       -38.22345901504238        99.99986972965402    -0.006345594577940261
                        8        48.53010979805443       0.8680117319656924       -38.22345900554977        99.99986973019612    -0.006345593455542087
                        9        48.51598154884329       0.7894932892458343       -38.22345899608726        99.99986973074317     -0.00634559232656029
                       10        48.51357502530318       0.7643095603347578       -38.22345898661675        99.99986973129063    -0.006345590904291321
                       11        48.51984281133743       0.8227693448881908       -38.22345897716188        99.99986973183449    -0.006345589779910732
                       12        48.51650848381502       0.8217277822641552       -38.22345896772613        99.99986973237976    -0.006345588635880972
                       13        48.53289216750669       0.7935073519147648       -38.22345895828951        99.99986973291809    -0.006345587230212058
                       14        48.52745277999197       0.7199847079028053       -38.22345894887255        99.99986973346171    -0.006345586179648866
                       15        48.52172154408517       0.8025685536047589       -38.22345893946431        99.99986973400866    -0.006345584975965934
                       16        48.52646678102584       0.8445381385195543        -38.2234589300775        99.99986973455628    -0.006345583574169034
                       17        48.50676790491417       0.7440101321698029       -38.22345892067854        99.99986973510335    -0.006345582497557789
                       18        48.51488675154524       0.7225286015409546       -38.22345891124749        99.99986973564188    -0.006345581256394617
                       19        48.53259461021666       0.8283781062210051       -38.22345890184906        99.99986973618874    -0.006345579846501082
                       20        48.53477229415321       0.7505356689745645       -38.22345889246762        99.99986973672682    -0.006345578969719101
                       21        48.54432670889147       0.7044192078814805       -38.22345888309592        99.99986973725753    -0.006345577623039445
                       22        48.57357206097365       0.7086380947023428       -38.22345887375765         99.9998697378053      -0.0063455766788727
                       23        48.58874614989531       0.7303982273294114       -38.22345886441612        99.99986973834201    -0.006345575478737819
                       24        48.59159312327448       0.7848658588702004       -38.22345885507418        99.99986973887744    -0.006345575022282057
                       25        48.57753007038109       0.4512962769825021        -38.2234588457307        99.99986973941195    -0.006345573835993434
                       26        48.60388988086971       0.4413393298566322       -38.22345883639865        99.99986973994993    -0.006345573338116139
                       27        48.65994675709793         1.06300935021598       -38.22345882715419        99.99986974048525    -0.006345572904614016
                       28        48.66177214966397        1.280391696776074       -38.22345881795471         99.9998697410154    -0.006345572498881236
                       29         48.6251536607727       0.7225974596160564       -38.22345880880815        99.99986974154545    -0.006345572328202209
                       30        48.63524292281726       0.6619295371578773       -38.22345879968215        99.99986974207549    -0.006345572145286971
                       31        48.63170525770543       0.8253931567756332       -38.22345879053051        99.99986974260143    -0.006345571642453862
                       32        48.62374550924877       0.4806754617334272       -38.22345878140712         99.9998697431286    -0.006345570687522617
                       33        48.57935641745016       0.5055455594622786       -38.22345877231001        99.99986974365862    -0.006345569178123789
                       34        48.62353399567989       0.4319990552860112        -38.2234587632004        99.99986974417266     -0.00634556734816405
                       35        48.63683714762417        0.495245522549128       -38.22345875408874        99.99986974469962    -0.006345565866112235
                       36        48.62269383191779       0.5813455290279539       -38.22345874498244        99.99986974523132    -0.006345564357302713
                       37        48.64862461654153        1.020211173950976       -38.22345873588131        99.99986974574919    -0.006345562839208618
                       38        48.67154555695616        1.363420874656423       -38.22345872674427        99.99986974627718    -0.006345561632550734
                       39        48.70383962537387        2.139937251811394       -38.22345871753353        99.99986974680762      -0.0063455609828722
                       40        48.75526787024786        2.728704312169729       -38.22345870853715        99.99986974733217    -0.006345560715092624
                       41        48.73958870807012        2.868793139566588       -38.22345869964806        99.99986974784886    -0.006345560586058063
                       42        48.81419909608361        3.126799157843271       -38.22345869058347        99.99986974837142     -0.00634556064224534
                       43        48.80120839009895        3.358479055455785       -38.22345868137636        99.99986974889819    -0.006345560533581818
                       44        49.22584944348183        5.424692885867977       -38.22345867171988        99.99986974945617    -0.006345559816600232
                       45        49.32341319738325        6.059442398016519       -38.22345866173359        99.99986975002729    -0.006345559100419784
                       46        49.87581504760421        8.021403989064519       -38.22345865130123        99.99986975063869    -0.006345558528128237
                       47        49.70574043285272        7.648773362915217       -38.22345864069449        99.99986975125674    -0.006345557854266826
                       48        49.30461243989715        6.067721452825725       -38.22345863007874        99.99986975187166    -0.006345556956699916
                       49        49.11766573216527         5.20427324629524       -38.22345861940804         99.9998697524866    -0.006345556425282339
                       50        49.32592863130006         6.14009146768293       -38.22345860924554        99.99986975307374    -0.006345555899823996
                       51         49.3254169085905        6.141647769442237       -38.22345859913824         99.9998697536651    -0.006345555332278874
                       52        49.24806184651007        5.672410696420521       -38.22345858903535        99.99986975425034    -0.006345554707314571
                       53        49.30347146016256        6.102798176229736       -38.22345857930229        99.99986975481332    -0.006345554140767096
                       54          49.334207368539        6.182871486257731       -38.22345856948812        99.99986975538579      -0.0063455534902781
                       55        49.44405824545332        6.606551343173112       -38.22345855936059        99.99986975597506    -0.006345552983873515
                       56        49.25504601034068         5.85891473370844       -38.22345854915133        99.99986975656277    -0.006345552609600791
                       57         49.6555663646063        7.360609918988363       -38.22345853853219         99.9998697571807     -0.00634555215170951
                       58        49.68115328713203        7.381083717121191        -38.2234585283199        99.99986975777215    -0.006345551534265415
                       59        48.82936507303725        3.554276051847691       -38.22345851813907        99.99986975836138    -0.006345550788847243
                       60        48.88151855001779        4.010881281159895       -38.22345850816271        99.99986975894085    -0.006345551582830566
                       61        49.04956877262342        4.929931674877774       -38.22345849820556        99.99986975951603    -0.006345551973828023
                       62        49.69057955313087        7.593654793235347       -38.22345848815078        99.99986976009885    -0.006345552232810636
                       63        50.02022066123369        8.552868379823858       -38.22345847795364        99.99986976069474    -0.006345553078871191
                       64        50.11401868553351        8.896020256876296       -38.22345846828971        99.99986976125449    -0.006345553850499286
                       65         52.0993290054765        13.10795319805142       -38.22345845865649        99.99986976182109    -0.006345555031077588
                       66        52.35043149233525        13.83498192487145       -38.22345844894852        99.99986976238955     -0.00634555631968059
                       67        52.37679129052352        13.89894989571022       -38.22345843928473         99.9998697629634    -0.006345557618097963
                       68        52.79219315008095         14.4468320344914       -38.22345842952021        99.99986976353478    -0.006345558931164064
                       69        52.58435633856499        14.16638876746221       -38.22345841968769        99.99986976411044    -0.006345560279272355
                       70        52.15686635681224        13.42597612461281       -38.22345840950754        99.99986976470548    -0.006345561735114469
                       71        52.33364615289697        13.77199581561147       -38.22345839927473        99.99986976530654    -0.006345563189191328
                       72        51.70604132118979        12.76023179641528       -38.22345838901248         99.9998697659055    -0.006345564626765388
                       73        51.93999485587223        13.01093853653429       -38.22345837887393        99.99986976650106    -0.006345566042584849
                       74        51.99416560086503        13.08503613218524       -38.22345836887239        99.99986976708703    -0.006345567471870872
                       75        51.85728147975221        12.86545542118226       -38.22345835885022        99.99986976768002    -0.006345568923427081
                       76        52.24102327610523        13.64312508848145       -38.22345834889526        99.99986976825976    -0.006345570447039428
                       77        52.41284183401839         14.0655082741339       -38.22345833911908        99.99986976883554    -0.006345571916701154
                       78        52.52587028668786        13.95141983404539       -38.22345832946499        99.99986976940119    -0.006345573380764247
                       79        52.44710437762309        14.16584918287002       -38.22345831959117        99.99986976998154    -0.006345574956402089
                       80        52.38429099524549        13.71938931261871       -38.22345830961817        99.99986977056781    -0.006345576567993838
                       81        52.14141082024801        13.47891982055641       -38.22345829976393        99.99986977114366     -0.00634557811194103
                       82         51.9612681474091        13.08011363555458       -38.22345828986923         99.9998697717354    -0.006345579681835245
                       83        52.16434346790369        13.54702397015988       -38.22345827995737        99.99986977231737    -0.006345581248708321
                       84         52.2963958316868        13.87139302059345       -38.22345826998239        99.99986977289299    -0.006345582857338883
                       85        52.58241734501542        14.06190312968523       -38.22345826038135        99.99986977345795    -0.006345584394195747
                       86        52.48861322331593         14.1694891067653       -38.22345825087447        99.99986977401851    -0.006345585851290636
                       87        52.47171434337086        14.00533096748237       -38.22345824108784        99.99986977459491    -0.006345587349610327
                       88        52.17994241566159        13.60817173705596        -38.2234582311016        99.99986977517727    -0.006345588935164681
                       89        52.13112099287503        13.42549491823118       -38.22345822127537        99.99986977575436    -0.006345590485682173
                       90        52.24143085075585        13.51128945583363       -38.22345821136949        99.99986977633984    -0.006345592088196739
                       91        52.37318695895804        13.91139171826139       -38.22345820152145        99.99986977692066     -0.00634559361789222
                       92        52.17230201453307        13.49575641858088       -38.22345819172094        99.99986977750288    -0.006345595139225946
                       93        51.96731972783028        13.05780821672463       -38.22345818201242        99.99986977807029    -0.006345596668675402
                       94        51.89385512843734        12.90980984857044       -38.22345817231709        99.99986977863813    -0.006345598192103452
                       95        52.03100849515739        13.27302643480628        -38.2234581625362        99.99986977921412    -0.006345599703131199
                       96        52.17114715239277        13.50997367333017       -38.22345815287427        99.99986977978378    -0.006345601194433392
                       97        52.26444604617936        13.73626114715192       -38.22345814316378        99.99986978034779    -0.006345602707902742
                       98        52.16670420650762        13.51902490942365       -38.22345813351359        99.99986978091957    -0.006345604196207333
                       99        52.31366277632637        13.67167583685923       -38.22345812386902        99.99986978148715    -0.006345605752799965
                      100        52.44606641661379        14.02239945185562       -38.22345811446999        99.99986978204507    -0.006345607261799557
                      101        52.39147930258839        13.87052854250615       -38.22345810494076        99.99986978260264    -0.006345608807764691
                      102        52.47284916516457        14.04373790428993       -38.22345809534364        99.99986978316653    -0.006345610418022396
                      103        52.35471449801882        13.85057253622831         -38.223458085896        99.99986978371417    -0.006345611959515551
                      104         52.4435521197173        13.85746443052405       -38.22345807642537         99.9998697842659    -0.006345613476891332
                      105        52.22267889172321        13.74470075014341       -38.22345806679088        99.99986978483318    -0.006345615026243756
                      106         52.4349795611197        13.90343204433551       -38.22345805717828        99.99986978539312     -0.00634561649076959
                      107        52.38183189587414        13.74856481546643        -38.2234580474105        99.99986978596888    -0.006345617960995753
                      108        52.35937485534868        13.96500067969921       -38.22345803780735        99.99986978653277    -0.006345619406444847
                      109        52.48224835807616        13.93919365315504       -38.22345802827948        99.99986978708408    -0.006345620874434132
                      110        52.27059348893205        13.61837192246502       -38.22345801845347        99.99986978765905    -0.006345622339081203
                      111        52.32128519869693        13.79924402925959       -38.22345800861393        99.99986978824181    -0.006345623798313937
                      112        52.16025255960875        13.44771774874213       -38.22345799866414        99.99986978883329    -0.006345625321111381
                      113        51.51075072542602        12.23871526566736       -38.22345798857404        99.99986978941749     -0.00634562682832307
                      114        51.98883140544953        13.10178330791801       -38.22345797844915        99.99986979001886    -0.006345628436074335
                      115        52.20911150593093        13.59068829569922       -38.22345796844837        99.99986979060851    -0.006345630022992488
                      116        52.32204498429068        13.82216593660216       -38.22345795839848        99.99986979119639    -0.006345631664465223
                      117        52.12811558991572        13.39820246932054       -38.22345794842744        99.99986979178667    -0.006345633281185314
                      118        52.08280794368639        13.32356231236629       -38.22345793853836        99.99986979236031    -0.006345634929029842
                      119        51.97337517990012        13.03738998201266       -38.22345792876661        99.99986979293649     -0.00634563656590581
                      120        51.84566587921965        12.81392522951834        -38.2234579188019        99.99986979351213    -0.006345638194766856
                      121        52.22139639217285         13.5660363872097       -38.22345790877176        99.99986979409795    -0.006345639798930325
                      122         52.2933375335458        13.72279568095592       -38.22345789876648        99.99986979468441    -0.006345641392488055
                      123         51.8262994365677        12.89869036448793       -38.22345788865795        99.99986979527468    -0.006345642983146771
                      124        51.82109753825745        12.71334117790956       -38.22345787836024        99.99986979588294    -0.006345644541548179
                      125        51.72571582560216        12.65120664437031       -38.22345786836286          99.999869796468    -0.006345646078198985
                      126        51.71185582002695         12.4974516884567       -38.22345785851358        99.99986979704521    -0.006345647659001585
                      127        52.17661928501519        13.40192169390239       -38.22345784866197        99.99986979762697    -0.006345649282731181
                      128        51.44066750778041        12.04114584563913       -38.22345783848404        99.99986979822079    -0.006345650935118741
                      129        51.26528762766139        11.55026403909168       -38.22345782831184        99.99986979881034    -0.006345652653007239
                      130        51.47204105381105        12.17949357978654       -38.22345781868547        99.99986979937158    -0.006345654401930467
                      131        52.69587357281073         14.2371554201117       -38.22345780925545        99.99986979991907    -0.006345656319934889
                      132        51.67467152104358         12.4301089551492       -38.22345779939346        99.99986980048949    -0.006345658309760971
                      133        51.60911132552125        12.52987673497901       -38.22345778940486        99.99986980106935    -0.006345660345000503
                      134        50.51863827267756        10.05036649108978       -38.22345777950491        99.99986980164913    -0.006345662471411551
                      135         51.6934109028623        12.60646864492054       -38.22345776951627        99.99986980223201    -0.006345664188740052
                      136         52.0985401573593        13.34371467198059       -38.22345775965331        99.99986980281162    -0.006345665935425515
                      137        52.19063836555295        13.48392092121664       -38.22345774966239        99.99986980340331    -0.006345667686724621
                      138        52.41822798447577        13.89356358522181       -38.22345773966504        99.99986980398239    -0.006345669411399246
                      139        52.08877064337394        13.22635358224416       -38.22345772951414        99.99986980457855    -0.006345671184883273
                      140        50.62051596812958        10.13928756936101       -38.22345771948297        99.99986980517066    -0.006345673271112684
                      141        49.69077465022817         7.59725094708525       -38.22345770959845        99.99986980574927     -0.00634567556670973
                      142        49.68984954791812        7.428695305171637       -38.22345769985552         99.9998698063189    -0.006345677724590715
                      143        49.49755037808327        6.836493820245092       -38.22345769004457        99.99986980688503    -0.006345679876684329
                      144        49.30607334096079        6.174388403281578       -38.22345768023712         99.9998698074503    -0.006345681837400363
                      145         49.4017208294842         6.55325432031169       -38.22345767051348        99.99986980801036    -0.006345683892984955
                      146        49.24898464554339        5.687402611344924       -38.22345766063528        99.99986980858483    -0.006345685558879932
                      147        49.05092473631892        5.213642846561574       -38.22345765053612        99.99986980917924    -0.006345686341259871
                      148        48.98876867977926        4.887231944771608        -38.2234576401983        99.99986980977557    -0.006345687824158119
                      149        49.12584319210511        5.477164071678513       -38.22345762972498        99.99986981038731    -0.006345689019668477
                      150          49.385856516488        6.362746426667901       -38.22345761937504        99.99986981098552    -0.006345690385898717
                      151        49.19493741668955        5.953602786868644       -38.22345760881726        99.99986981159508     -0.00634569137248775
                      152        49.32719136963411        6.213797458163163       -38.22345759837063        99.99986981220211    -0.006345692769935241
                      153        49.32056904748063        6.443413258984575       -38.22345758793848        99.99986981280698    -0.006345693915078332
                      154        49.39163068549703        6.524143208238702       -38.22345757753956        99.99986981340922    -0.006345695347495628
                      155        49.27244811593739        6.188044640069379       -38.22345756715856        99.99986981401238    -0.006345696267878509
                      156        49.45119722414125        6.748144254162272       -38.22345755682829        99.99986981461268    -0.006345696984899174
                      157        49.48268105432604        7.028166729016442       -38.22345754629322        99.99986981522395    -0.006345698073133565
                      158        49.33284972206034        6.224833192693874       -38.22345753580811        99.99986981582971    -0.006345699487229517
                      159        50.27988703769935        9.353891838868169       -38.22345752563315         99.9998698164263    -0.006345700213577832
                      160        51.44715799683168        12.04915854758272       -38.22345751598085        99.99986981698385    -0.006345700033627999
                      161        52.58428019644271        14.27650517387134       -38.22345750641128        99.99986981754301    -0.006345699902369883
                      162         51.2397494675271        11.65462877848165       -38.22345749677478        99.99986981810218    -0.006345699457956044
                      163        50.66151278572128         10.4217317004982       -38.22345748707056         99.9998698186722    -0.006345700227034179
                      164        51.57070922353877         12.6704515515515       -38.22345747739622        99.99986981923462    -0.006345700884841765
                      165        51.75794351093903        12.88801545762119       -38.22345746748235        99.99986981981787    -0.006345701221301514
                      166        51.58556023915204        12.29832900088319       -38.22345745730971        99.99986982041489    -0.006345701340189969
                      167        51.78975797472934        12.73657907413365       -38.22345744702572        99.99986982102195    -0.006345701548208016
                      168        52.57167126806253        14.31266019443338        -38.2234574371009        99.99986982160051    -0.006345701279499405
                      169        51.45817539479498        12.10939270639671       -38.22345742667571        99.99986982221662    -0.006345701531947689
                      170        51.41514718082158        12.13884575150608       -38.22345741566538        99.99986982286498     -0.00634570180890015
                      171        52.85545108281458        14.54442308815006       -38.22345740527342        99.99986982347669    -0.006345701969052708
                      172        52.66867449976933        14.46113367929684       -38.22345739528551        99.99986982405696    -0.006345702130149622
                      173        51.53384268212021        12.44319220205029       -38.22345738538537        99.99986982463558    -0.006345701704715712
                      174        51.45887813293692           12.29639919033       -38.22345737542014        99.99986982521371    -0.006345701347831412
                      175         52.5338326309825        14.19220763144021       -38.22345736578546          99.999869825787    -0.006345701633783118
                      176        52.94486130732123        14.59469792308511       -38.22345735554478        99.99986982639233     -0.00634570232852294
                      177        52.55354748163132         14.2100378742802       -38.22345734551689         99.9998698269883     -0.00634570340952223
                      178        52.50078094006122        14.02146167937545       -38.22345733571061        99.99986982756772    -0.006345704050698231
                      179        52.20052541495009        13.64639180648354       -38.22345732651304        99.99986982810691    -0.006345703046491735
                      180        52.64911792190313        14.38891517504922       -38.22345731738568        99.99986982864279    -0.006345701619696387
                      181        53.12733522017962        15.04816535090649       -38.22345730830992        99.99986982917473    -0.006345700104817276
                      182        52.18894497718235        13.52922150671112       -38.22345729824494        99.99986982976647    -0.006345698997880733
                      183        50.64320792437815         10.4870979319562       -38.22345728856764        99.99986983033062    -0.006345698828889024
                      184        51.64057884127547        12.68640320566258       -38.22345727959589        99.99986983083349    -0.006345698353342755
                      185        51.62513891073751        12.35297572183822        -38.2234572704313        99.99986983136793    -0.006345698067510952
                      186        52.47946653286196        13.81852919505244       -38.22345726108816        99.99986983190904    -0.006345697349077639
                      187        52.03837395536136        13.03918888231192       -38.22345725139098        99.99986983248441     -0.00634569655712891
                      188        51.33624739710356        11.83521144902176       -38.22345724126484         99.9998698330819    -0.006345696928819811
                      189        52.53889262651256        13.97930903197232        -38.2234572311892        99.99986983366787    -0.006345697019974228
                      190         52.8348828398827        14.68022318235881       -38.22345722104593         99.9998698342569    -0.006345697113540272
                      191        52.79701570123719          14.445189094675       -38.22345721027116        99.99986983489016    -0.006345697357794888
                      192         52.1642812436947        13.51980004052392        -38.2234571986791        99.99986983557274     -0.00634569791832007
                      193         52.7023575116748        14.53714645108881       -38.22345718728198        99.99986983624513    -0.006345698023112245
                      194        52.56923563902185        14.13241076305899       -38.22345717574548        99.99986983692604    -0.006345698105806985
                      195        51.07386842673183        11.52221143218581       -38.22345716413656        99.99986983760944    -0.006345698693153601
                      196        51.52717193875498        12.39442629114567       -38.22345715232368        99.99986983830664    -0.006345699154075124
                      197        51.67506566209703        12.52752173692308       -38.22345714126824        99.99986983895418    -0.006345699332594101
                      198        51.65771052513784        12.49408918136003       -38.22345713032539        99.99986983958959    -0.006345699481684619
                      199        51.11427771995479        11.40094502468172       -38.22345711921525        99.99986984025328    -0.006345699992108322
                      200         50.0086022233013        8.749816125843184       -38.22345710852744         99.9998698408782    -0.006345700404163601
                      201         49.9547330191024        8.369493353859021       -38.22345709834087        99.99986984146896    -0.006345700781959396
                      202        49.70170575178722        7.750509609318919       -38.22345708846909        99.99986984204921    -0.006345701073326993
                      203        49.77531584626131        7.983968603152053        -38.2234570786829        99.99986984262176    -0.006345701406785142
                      204        49.84262086807968        8.013803377633742       -38.22345706858849          99.999869843211    -0.006345701785199553
                      205         50.0314833539354         8.83679756881857       -38.22345705795968        99.99986984383116    -0.006345702565536016
                      206        50.18044402372102        9.129666040788523       -38.22345704719262        99.99986984446859    -0.006345703382817147
                      207        50.07341604500117        8.950393906034286       -38.22345703670835        99.99986984508364    -0.006345704392224594
                      208        50.44320454071558        9.651388684282834       -38.22345702635806        99.99986984569517    -0.006345705396441303
                      209        51.84649038445142        13.17898256714027       -38.22345701659447        99.99986984626648    -0.006345707026726544
                      210        51.03017426272283         11.1026693876395        -38.2234570070557        99.99986984682339    -0.006345708735481459
                      211        52.00361640647706        13.27859719672761       -38.22345699734296         99.9998698473925    -0.006345710334864085
                      212        50.94229095510049        11.16695118284139       -38.22345698780909         99.9998698479499    -0.006345712220507504
                      213        51.13712379724969        11.38354867199187       -38.22345697831778        99.99986984851095    -0.006345714078318299
                      214        51.32211529141554        12.00203509550761       -38.22345696887598        99.99986984905431     -0.00634571600222289
                      215        50.86161873406105        10.94195088874524       -38.22345695931467        99.99986984961937    -0.006345717952549457
                      216        50.92758798968332        11.17980049441138       -38.22345694971582        99.99986985016936    -0.006345719915614723
                      217        50.67181751147733        10.35728812000917       -38.22345693984195        99.99986985075259    -0.006345721737619492
                      218        51.03505938645047        11.30969185975749       -38.22345692942228        99.99986985135469    -0.006345723114415946
                      219        50.72314013224186        10.52245949497471       -38.22345691830941        99.99986985200741    -0.006345724163723698
                      220        50.71323714804007        10.53438855470506       -38.22345690669027        99.99986985268856    -0.006345724911218875
                      221        50.81303186541864        10.64191814165772       -38.22345689557551          99.999869853338    -0.006345726049882039
                      222        50.60482441571247        10.25564625343314       -38.22345688453828        99.99986985398981    -0.006345727496998244
                      223        49.19872438402222        5.869224782094627       -38.22345687391315        99.99986985460656    -0.006345729146014722
                      224        49.10335840555279        5.306552647638334       -38.22345686336686        99.99986985521899    -0.006345730940529926
                      225        49.00741313498003        4.726040353989695       -38.22345685277384        99.99986985583368    -0.006345732696813933
                      226         48.9258551969289        4.346463115877674       -38.22345684214093        99.99986985644792    -0.006345734509442202
                      227        49.07914213850334        5.040153669762458       -38.22345683161865        99.99986985706298     -0.00634573618931622
                      228        49.14865719041289        5.633133997765094       -38.22345682136611        99.99986985765547    -0.006345738270173484
                      229        48.93370805934093        4.271764411859179       -38.22345681105018        99.99986985825288    -0.006345740497009977
                      230        48.80745994252754        3.470886817159768       -38.22345680081068        99.99986985884847    -0.006345742715054392
                      231        48.93044867664212        4.353870506579137       -38.22345679049778        99.99986985945533    -0.006345744963584643
                      232        48.81118024184901        3.393446806768144        -38.2234567803969        99.99986986004092    -0.006345747244270505
                      233        48.75490363021453        3.307341216540337       -38.22345677038479        99.99986986061964    -0.006345749427543623
                      234        48.76771808306717          3.3687921810463       -38.22345676040464        99.99986986119801    -0.006345751631001928
                      235        48.75673099972415        3.228253313533718       -38.22345675039972        99.99986986177862    -0.006345753918616026
                      236         48.7772614705412        3.452022975195397       -38.22345674044776        99.99986986235336    -0.006345756067553499
                      237        48.75636290015522        3.491676462119543       -38.22345673050339        99.99986986292794    -0.006345758282555458
                      238        48.74896144864845        3.412782401786221       -38.22345672052595          99.999869863501    -0.006345760497898922
                      239        48.74821040440059        3.303679201538746       -38.22345671055727        99.99986986408112    -0.006345762689748513
                      240        48.73319597144782        3.395216232985328       -38.22345670055435          99.999869864655    -0.006345764808317611
                      241        48.70947283447293        3.064265021851268       -38.22345669058402        99.99986986523389    -0.006345766885398341
                      242        48.74092897394499        3.135298691417316       -38.22345668059482        99.99986986581072    -0.006345768950126285
                      243         48.7022887587209        3.113107089875507       -38.22345667061418        99.99986986638763    -0.006345770999016231
                      244        48.73776184029554        3.181061540323852       -38.22345666065888        99.99986986697238    -0.006345773085207895
                      245        48.72745780999161           3.067727278527       -38.22345665070119         99.9998698675452    -0.006345775199454895
                      246        48.71021142857915        3.172126226327748       -38.22345664076704        99.99986986811952    -0.006345777332563696
                      247        48.73657557459377         3.22634760067027       -38.22345663086513        99.99986986869163    -0.006345779440107613
                      248        48.74718408196656        3.267171968547534       -38.22345662099357        99.99986986926574    -0.006345781573906972
                      249        48.69786876972201        3.160816987563319       -38.22345661107599        99.99986986983347    -0.006345783723147314
                      250        48.73002982836611        3.102185635911338       -38.22345660108545        99.99986987041045    -0.006345785859821707
                      251        48.71325074801528        3.067155765587072       -38.22345659113972        99.99986987099282    -0.006345788004757935
                      252        48.70327723881333        3.022429719294664       -38.22345658122231        99.99986987157391     -0.00634579006444369
                      253        48.71391757119105        2.923652016415985       -38.22345657127042        99.99986987214531    -0.006345792138089168
                      254        48.69413392724159        3.029628294397126       -38.22345656131381        99.99986987272018    -0.006345794271243044
                      255        48.68713871619558        2.759254980316182       -38.22345655132055        99.99986987329477    -0.006345796360674338
                      256        48.75751482065383        3.300442154916123       -38.22345654135057        99.99986987387676    -0.006345798495233979
                      257        48.80300324926347        3.832414932993833       -38.22345653139479        99.99986987445564    -0.006345800595504603
                      258        48.70366702636421         2.84285651918035       -38.22345652145631        99.99986987502928    -0.006345802690394642
                      259         48.6249738665398        2.108558702736536       -38.22345651158878        99.99986987560872    -0.006345804780227837
                      260        48.61397400966618        1.837665173667678       -38.22345650169812        99.99986987617672    -0.006345806903962359
                      261        48.62457351474264         1.69714945291534        -38.2234564918534        99.99986987674441    -0.006345808984455914
                      262        48.59530973435206        1.256950202914004       -38.22345648201545        99.99986987731479    -0.006345811076705843
                      263        48.57814554584583        1.047722768336383       -38.22345647213513        99.99986987789183    -0.006345812976974674
                      264        48.64484620864463        1.791816790948974       -38.22345646222838        99.99986987846388    -0.006345814844324948
                      265        48.70694757954161        2.426474820452415       -38.22345645237891        99.99986987903064    -0.006345816509721214
                      266        48.64380176680097        1.493914660415443       -38.22345644249587        99.99986987959855    -0.006345817994348746
                      267         48.6455576080632        1.411235722718041       -38.22345643252413        99.99986988017586    -0.006345819192635993
                      268        48.67608520577739        1.700918916809639       -38.22345642243317        99.99986988076354    -0.006345820440203376
                      269        48.71220913998388        2.714676590093319       -38.22345641223033        99.99986988135325    -0.006345821828610099
                      270        48.75009762080659        2.844473669700767       -38.22345640192799        99.99986988194316     -0.00634582315146659
                      271        48.76598509338499        3.024444045548068       -38.22345639182973        99.99986988251969    -0.006345824525219257
                      272        48.77109076045638        3.005062835980898       -38.22345638183512        99.99986988309624    -0.006345825829005558
                      273        48.78465975149844         3.17092933289385       -38.22345637197307        99.99986988366426    -0.006345827111966962
                      274        48.74215675355182        2.822627433189102       -38.22345636212327        99.99986988423251    -0.006345828274584742
                      275        48.72826054015763        2.555617527653942       -38.22345635240299        99.99986988479479    -0.006345829511886336
                      276        48.68206838716512        1.943965547171313       -38.22345634283538        99.99986988535088    -0.006345831077562814
                      277        48.66414911043208        1.463735535163169       -38.22345633334373         99.9998698859027    -0.006345832554748743
                      278        48.70357636550641        2.019404463168351       -38.22345632384091        99.99986988644923    -0.006345834174017462
                      279        48.65308458665231        1.891467016273322       -38.22345631425662        99.99986988699352    -0.006345835556573309
                      280        48.63531902885381        1.707768230635268       -38.22345630466663         99.9998698875461     -0.00634583694916202
                      281        48.68614407338418        2.535162612794392        -38.2234562949306        99.99986988810748    -0.006345837852657077
                      282        48.69237410364919        2.540385404927745       -38.22345628505101        99.99986988868163    -0.006345838297979967
                      283        48.64921902516479         2.01749335382613       -38.22345627504167        99.99986988926035    -0.006345838622649591
                      284        48.83973177441174        3.375482858394836       -38.22345626529446        99.99986988982442    -0.006345840073488596
                      285        48.78567643014158        2.856974075310255       -38.22345625567979        99.99986989038356    -0.006345841625837956
                      286         48.7598700125828        2.488017103875388       -38.22345624626777        99.99986989092602    -0.006345843097854242
                      287        48.73297576993496        2.613471943525895       -38.22345623677295        99.99986989147956    -0.006345844752266405
                      288        48.69854929274139        2.477092115305527       -38.22345622727127        99.99986989202581    -0.006345846384050891
                      289        48.71769656234954        2.360187595446004       -38.22345621755545        99.99986989259688    -0.006345847697925677
                      290        48.67509611036699        1.954916375657027       -38.22345620780598        99.99986989316491    -0.006345848628882989
                      291        48.76025106385212        3.059290550025878       -38.22345619801924        99.99986989372856     -0.00634584928216464
                      292        48.86610395072428        3.801783114365087       -38.22345618851199        99.99986989427778    -0.006345850082736693
                      293        48.79084312454157        3.400919136301762       -38.22345617927868        99.99986989480752    -0.006345850918430429
                      294          48.769238360415        3.234687193009632        -38.2234561701186        99.99986989533825    -0.006345851744003816
                      295        48.83234923176777        3.437894308424159        -38.2234561607693        99.99986989587514    -0.006345852625576853
                      296        48.89027232627979        3.870708155230774       -38.22345615128629        99.99986989641749    -0.006345853740638008
                      297        48.77508040741608           3.201499355499       -38.22345614158431        99.99986989697808    -0.006345854336946566
                      298        48.66060585705874        1.562101531505232       -38.22345613186442        99.99986989753859    -0.006345854187562949
                      299        48.65899652667857        1.794863529852234       -38.22345612227953        99.99986989809202    -0.006345854000969986
                      300        48.75325858425729        2.873236332413502       -38.22345611345376        99.99986989860575    -0.006345853619132757
                      301        48.67241557578546        1.958904192156158       -38.22345610398264        99.99986989915661    -0.006345853380951283
                      302        48.65651189672406        1.132801164218896       -38.22345609470854        99.99986989969373    -0.006345853020902403
                      303        48.62309402276555        1.033709753756467       -38.22345608560533         99.9998699002268    -0.006345852618995451
                      304        48.64752092343437        1.397337570616809       -38.22345607648755        99.99986990075359    -0.006345852213360148
                      305        48.64924630213342        1.522984610099895        -38.2234560673308        99.99986990128843    -0.006345851800017677
                      306        48.66515351916272        1.621343029597746       -38.22345605820264         99.9998699018154    -0.006345851370854305
                      307        48.65507567618012        1.317908344276133       -38.22345604899445         99.9998699023534    -0.006345850985452373
                      308        48.66947380857805        1.532432837493221       -38.22345603986946        99.99986990287516    -0.006345850685268495
                      309          48.916759395745        3.742458076975066       -38.22345603055678        99.99986990340578    -0.006345850522958107
                      310        48.76613985029903        3.043540312626118       -38.22345602126367        99.99986990393975    -0.006345850670641973
                      311        48.87982807417272        3.482175552222382       -38.22345601211519        99.99986990446818     -0.00634585070933813
                      312         48.6689707575871        2.046433842004389        -38.2234560024724        99.99986990501709     -0.00634585112706243
                      313        48.68035881600351        2.186559650091471        -38.2234559927896        99.99986990557706    -0.006345851362815069
                      314        48.64234703106961        1.480310996170793       -38.22345598287635         99.9998699061464    -0.006345851394470969
                      315        48.64837652727039        1.539574432516113       -38.22345597303553        99.99986990672036    -0.006345851541042835
                      316        48.64397208296469        1.515279135079347       -38.22345596338172        99.99986990727731    -0.006345851958790671
                      317         48.6727347991695        1.646231329359087       -38.22345595397545        99.99986990781936      -0.0063458525531499
                      318        48.83131450343414        3.339200451135223       -38.22345594474379        99.99986990834832     -0.00634585337707394
                      319        48.96447793906996        4.131800508895151        -38.2234559357853        99.99986990886013    -0.006345854556315977
                      320        49.25833592281472        5.727169686288651       -38.22345592684123        99.99986990938029    -0.006345855892586183
                      321        49.10827493781425        5.080152998424215       -38.22345591794229        99.99986990989807    -0.006345857413196487
                      322        49.15570458737313        5.326717663637168       -38.22345590859226        99.99986991043535      -0.0063458587733769
                      323        49.04378320793126        4.665450007777975       -38.22345589939576        99.99986991096671    -0.006345860267015446
                      324        49.07159042012135        5.099323226932517       -38.22345588998232        99.99986991150863    -0.006345861847649736
                      325        49.07933719018712        4.914953214081851       -38.22345588061629        99.99986991205751    -0.006345863214230363
                      326        49.22034548179882        6.006690322851258       -38.22345587128025        99.99986991259733    -0.006345864652872013
                      327        49.08883777354973         5.17415370442655       -38.22345586206728        99.99986991313348    -0.006345866117698051
                      328        48.90256996263294        4.391016772615956       -38.22345585261633        99.99986991368328    -0.006345867781087033
                      329        48.83156468072822        4.063128053551162       -38.22345584311748        99.99986991423043    -0.006345869268188142
                      330        48.78941355767235         3.75327073961478       -38.22345583356814        99.99986991477938    -0.006345870603283732
                      331        48.80251594345472        3.755288782600393       -38.22345582400028        99.99986991533167    -0.006345872174742251
                      332        48.76601100051978        3.568908214842947       -38.22345581444242         99.9998699158902    -0.006345873787122258
                      333        48.77943572060194        3.742409680118006       -38.22345580486265        99.99986991644145    -0.006345875309248239
                      334        48.81872001518475        3.873562723830752       -38.22345579526586        99.99986991699748    -0.006345876578997767
                      335        48.79108579797201        3.678632459152703       -38.22345578573075        99.99986991754724    -0.006345878077259837
                      336        48.79189301887004         3.65419611964416       -38.22345577627242        99.99986991809557    -0.006345879442028135
                      337        48.77670723481778        3.535486731412882       -38.22345576673109        99.99986991865086    -0.006345880783575897
                      338        48.79765269798221         3.64375794713745       -38.22345575724502        99.99986991919526    -0.006345882299279459
                      339        48.75886259400211        3.386912265217037       -38.22345574781158        99.99986991973415    -0.006345883518212414
                      340        48.84706592680622        3.605825075073135       -38.22345573829388        99.99986992028755    -0.006345884928330214
                      341        48.91053164282678        4.128276188050106       -38.22345572897026        99.99986992082975    -0.006345886151885249
                      342        49.17021577680446        5.325232189765624       -38.22345571998994         99.9998699213417    -0.006345887700986097
                      343        49.30060952397058        5.777497370480153       -38.22345571118868        99.99986992185296    -0.006345889359236523
                      344        49.54403750859164        7.055085275357524       -38.22345570249956        99.99986992234831    -0.006345891241187118
                      345         49.4673587252233        6.560895736322901       -38.22345569353212        99.99986992286661    -0.006345892886692184
                      346        49.36958665653376        6.273576207369682       -38.22345568408153        99.99986992341412    -0.006345894241683858
                      347        49.46601035158434        6.545751568995949       -38.22345567457968        99.99986992396745    -0.006345895620256892
                      348        49.47206195634608        6.561589593130688       -38.22345566544803        99.99986992449536    -0.006345897082479013
                      349        49.12685454326959        5.311138249816979       -38.22345565651045        99.99986992500578    -0.006345898504102276
                      350        49.09800308450871        5.108260574844746       -38.22345564733951        99.99986992553028    -0.006345899783067654
                      351        48.98138717377642        4.819127735512627        -38.2234556380309        99.99986992606433    -0.006345900887782197
                      352        48.90357977125032        4.271597757501548       -38.22345562855421        99.99986992660365     -0.00634590239011068
                      353        48.84696126580273        3.873578696676992       -38.22345561905937        99.99986992714994    -0.006345904129523738
                      354        48.89408260971918        4.161477465999704       -38.22345560973507        99.99986992769024    -0.006345906057808826
                      355        48.92310267285558        4.148266956985284        -38.2234556006089         99.9998699282167     -0.00634590786413014
                      356        49.15815163550948        5.607723759344859       -38.22345559145546        99.99986992874855    -0.006345909376793024
                      357        49.16931516476039        5.483238624729774       -38.22345558231299        99.99986992926954     -0.00634591082407443
                      358        49.30299190003204        6.145810187804387       -38.22345557343795        99.99986992977671    -0.006345912101904272
                      359        49.18143469500261        5.651893236336008        -38.2234555649797         99.9998699302696    -0.006345913611495391
                      360        48.95137296927096        4.421041537435757       -38.22345555648373        99.99986993076061    -0.006345915253666234
                      361        48.84728387285561        3.960418353077864       -38.22345554798899        99.99986993124354     -0.00634591668548401
                      362        48.71534406697229        2.863316119285316       -38.22345553949046        99.99986993173941    -0.006345918126045902
                      363         48.7369135773521        3.007838530999726       -38.22345553103355        99.99986993221454    -0.006345919696348012
                      364        48.72879412504811        2.879984330801524       -38.22345552260811         99.9998699326968    -0.006345921306632363
                      365        48.60956147207951        1.655817974645485       -38.22345551414818         99.9998699331782    -0.006345922916326074
                      366        48.59809366373334        1.365504034071359       -38.22345550565146        99.99986993366259    -0.006345924496675259
                      367        48.57038795279825        1.083910378354635        -38.2234554971571        99.99986993415583    -0.006345925987946366
                      368        48.58284892006397        1.232075882122423       -38.22345548867659        99.99986993463635    -0.006345927566942633
                      369        48.63340399884624        1.938514757428139       -38.22345548019784        99.99986993511844    -0.006345929190078703
                      370        48.71065958255363         2.61137752234023       -38.22345547181214        99.99986993560623    -0.006345930877035499
                      371        48.84056533609944         3.30211592482473       -38.22345546332113         99.9998699360868    -0.006345932548640576
                      372        49.04561403893928        4.993491572251044       -38.22345545488056        99.99986993656869    -0.006345934303661593
                      373        49.21569471144609        5.566351827366494       -38.22345544643458        99.99986993705876    -0.006345935851027384
                      374        49.17678692421413          5.4954972699556       -38.22345543832311        99.99986993752076    -0.006345937076233987
                      375        49.08647503696857        5.035108967095526       -38.22345543063781        99.99986993796158     -0.00634593830892749
                      376        49.41877280059065        6.508238085492014       -38.22345542290161        99.99986993840693    -0.006345939751807528
                      377        49.82542311754891        7.948939162183516       -38.22345541530728        99.99986993883728    -0.006345941266189037
                      378        50.36925169908607        9.519566486513362       -38.22345540769454         99.9998699392689    -0.006345942733964272
                      379        50.68797977932054         10.1831334256217       -38.22345539996886        99.99986993971616    -0.006345944161882056
                      380        50.12479234836646        8.852717491009363       -38.22345539234172        99.99986994015117    -0.006345945645281015
                      381        49.32877827951408        6.139310230090048       -38.22345538455116        99.99986994059992    -0.006345947434831078
                      382        49.43549753041003        6.429463449259237       -38.22345537690478        99.99986994104137    -0.006345949265610606
                      383        49.42859476750133        6.423223777933655       -38.22345536927604        99.99986994148435     -0.00634595108543845
                      384        49.44920210528867        6.452425632906082       -38.22345536158811        99.99986994192528    -0.006345952941498645
                      385        49.62416157740285        7.206178271547765       -38.22345535384319        99.99986994236872    -0.006345954867450487
                      386        50.25120562925626        9.053550381614299       -38.22345534644876        99.99986994279091    -0.006345956667090924
                      387         50.0658967286354        8.452773767949045       -38.22345533905815        99.99986994320795    -0.006345958506101645
                      388         49.7703914693526        7.701424317250393       -38.22345533227758        99.99986994358675    -0.006345960173343101
                      389        49.94019098004671        8.408648233724916       -38.22345532620619        99.99986994392816    -0.006345961677660661
                      390        49.90655258005782        8.241659567120381       -38.22345531986841        99.99986994429356     -0.00634596327277448
                      391        49.83970701115154        7.951510706327753       -38.22345531319809        99.99986994467484    -0.006345964950701166
                      392        49.45427421290997        6.441885667230125       -38.22345530593542        99.99986994509389    -0.006345966751762688
                      393        49.21941832427174        5.621867190716287       -38.22345529852744        99.99986994551786    -0.006345968546925818
                      394        49.58874383020494        7.001438333767537       -38.22345529141181         99.9998699459111    -0.006345970342078955
                      395         49.7799694924267        7.837040358282098       -38.22345528437641        99.99986994631543    -0.006345972104716768
                      396        49.71998302464322        7.615003486470916        -38.2234552773192        99.99986994672085     -0.00634597388361513
                      397        49.83149829052832        8.001959670150637       -38.22345527035159         99.9998699471146     -0.00634597565527395
                      398        50.02020280730017        8.628227167892826       -38.22345526343369         99.9998699475064    -0.006345977452007379
                      399        50.27188418358604        9.148486558269566       -38.22345525653169        99.99986994789148    -0.006345979184742667
                      400        49.60681726723313        7.088872049563481       -38.22345524907611        99.99986994831643    -0.006345980702239018
                      401        49.10358737388596        5.001977993204392       -38.22345524136139         99.9998699487591    -0.006345981763965058
                      402        49.05996539313343        4.867215367331715       -38.22345523358109        99.99986994920278    -0.006345982443725084
                      403        48.99941543761767        4.715490565615717       -38.22345522549531        99.99986994966871    -0.006345982283799678
                      404        49.02574179593081        4.961215029901129       -38.22345521762162        99.99986995011018      -0.0063459813243254
                      405        49.71282615833154        7.792933768422762       -38.22345520977365        99.99986995055548     -0.00634598128899766
                      406        49.91697022111868        8.305266000166052       -38.22345520183015        99.99986995100681    -0.006345980391873063
                      407        49.61090821406585        7.500350467902867       -38.22345519393457        99.99986995146307    -0.006345979686699144
                      408        49.45294547207902        6.766081734669261       -38.22345518601239        99.99986995191773    -0.006345979385042888
                      409        49.05771331593439        5.079296937650751       -38.22345517828882        99.99986995235831    -0.006345978599690216
                      410        48.93827223958348        4.429360029505403       -38.22345517091608        99.99986995277693    -0.006345978095858129
                      411        49.02573714334783        4.682836720536855       -38.22345516381414        99.99986995317693    -0.006345978847321687
                      412        49.41962461412047        6.616923319825903        -38.2234551564985        99.99986995358594    -0.006345978411970155
                      413         50.0586338491019        8.601112791182405       -38.22345514876903        99.99986995402456    -0.006345978153518672
                      414        49.10834304473749        5.076816549747855       -38.22345514069607        99.99986995448188    -0.006345978615276859
                      415        48.95637355162076        4.586943071048569       -38.22345513263905        99.99986995494243    -0.006345979948330749
                      416        48.97077436111754        4.363099827131443       -38.22345512483621        99.99986995539028    -0.006345981005984935
                      417        48.90096965933868        3.891713204323565       -38.22345511701462        99.99986995583279    -0.006345981069030948
                      418         48.9092313671626        3.898228174077855       -38.22345510922344        99.99986995627599    -0.006345981033840431
                      419        48.95556473428006         4.37400291675726        -38.2234551015075        99.99986995671448     -0.00634598105642592
                      420        49.12722511389178        5.099035037917698       -38.22345509376869        99.99986995716216    -0.006345981066489537
                      421         49.3528591018709        6.163527065666401       -38.22345508615035        99.99986995759262    -0.006345980774473237
                      422         49.2531214750209        5.544767083615442       -38.22345507914631          99.999869957991    -0.006345980420102926
                      423         49.7438767775974        7.672965130585896       -38.22345507203894        99.99986995838952    -0.006345980513666305
                      424         49.5113799699831        6.736959010938262       -38.22345506503981        99.99986995878496    -0.006345980218055214
                      425        49.50885901612013        6.635083619318838       -38.22345505778365        99.99986995919045    -0.006345979700926652
                      426        49.56215523528055        7.021378607689945       -38.22345505041517        99.99986995961305    -0.006345979198554952
                      427        49.67045881577442        7.368554908448504       -38.22345504351878        99.99986996001601    -0.006345978861515444
                      428        49.38432184235676        6.460534159589854       -38.22345503665431        99.99986996041018    -0.006345978429646237
                      429        49.34178868509763        6.300879721215143       -38.22345502976509        99.99986996080177    -0.006345978018288401
                      430        49.51894189654074        6.901386432871995       -38.22345502281178        99.99986996119701    -0.006345977691646798
                      431        49.42956165604571        6.600670483278808       -38.22345501567534        99.99986996160465    -0.006345977213636278
                      432        49.36300856293578        6.131282981558587       -38.22345500844398        99.99986996201754    -0.006345976670216302
                      433        49.22707266399542        5.737737659259168       -38.22345500080682        99.99986996245406    -0.006345976005355025
                      434        49.35621052586726        6.029664143068869       -38.22345499331291        99.99986996287933    -0.006345975386165215
                      435        49.20210935368826        5.684488356219571       -38.22345498637463        99.99986996327387    -0.006345974996530446
                      436        49.10223285100829        4.971980927858207       -38.22345497946472         99.9998699636653    -0.006345974701733814
                      437        49.01205650481647        4.646802981473256       -38.22345497240059        99.99986996406449    -0.006345974479571748
                      438        49.04867076240007        4.918678335561927       -38.22345496539523        99.99986996446297     -0.00634597421739036
                      439        49.07866487995054        4.971535090859423       -38.22345495832718        99.99986996486135    -0.006345973984742681
                      440        48.99747386285267        4.724502614793971       -38.22345495119355        99.99986996526772    -0.006345973716974207
                      441         48.9369398408096        4.027283752263032       -38.22345494401729        99.99986996567623    -0.006345973297591012
                      442         48.8763048097867        3.691417139913548       -38.22345493693196        99.99986996608264    -0.006345972869322036
                      443        48.83603495762137        3.418816866495053       -38.22345492978474        99.99986996648907    -0.006345972476133444
                      444        48.82495388083308        3.314169868434604       -38.22345492265131        99.99986996689805    -0.006345972246895037
                      445        48.79530278884607        3.266496091096819       -38.22345491557368        99.99986996729477     -0.00634597200122089
                      446         48.7900159474237         2.97655462176516       -38.22345490854848        99.99986996768966    -0.006345971655185911
                      447        48.77492910002368         3.02233992621028       -38.22345490120227         99.9998699681073    -0.006345971400028905
                      448        48.73573479317363        2.156869975897668       -38.22345489392384        99.99986996851663    -0.006345972037858694
                      449        48.70099693523728         1.74521564243093       -38.22345488688575        99.99986996891131    -0.006345972404877553
                      450        48.67034058769661        1.570494079077108       -38.22345487985112        99.99986996931214    -0.006345972763214469
                      451        48.64938709135615        1.084822607177018       -38.22345487279267        99.99986996971302    -0.006345973478361078
                      452        48.68269067374793        1.482440739183767       -38.22345486564927        99.99986997011652    -0.006345974271169563
                      453        48.69661962382702        1.896182322365647       -38.22345485836233         99.9998699705295    -0.006345975058052122
                      454        48.70576394691842        2.007339991397815       -38.22345485097777        99.99986997094773    -0.006345975616144361
                      455         48.7326946703694        2.276615228271392       -38.22345484354366        99.99986997136621    -0.006345976235070827
                      456        48.68989318372781        1.906168727671896       -38.22345483628038        99.99986997178377    -0.006345976789129182
                      457         48.8465289419733        3.307509652702025       -38.22345482905793        99.99986997219747    -0.006345977694047544
                      458        48.66036099054299        1.793041175951259       -38.22345482186344        99.99986997260444    -0.006345977590181739
                      459        48.66132419273758        1.674194793816222       -38.22345481470173        99.99986997301012    -0.006345976492517891
                      460        48.76790319166836        2.839051108752508       -38.22345480750482        99.99986997340903    -0.006345975289762329
                      461        48.85922014100993        3.478438159522717       -38.22345480043209        99.99986997380769     -0.00634597449764307
                      462        48.90439315661347        3.925392326269076       -38.22345479354878        99.99986997419559    -0.006345973866580312
                      463        48.98048961747072         4.52717444275988       -38.22345478681271         99.9998699745788    -0.006345973151297812
                      464        48.99446007533614        4.547974694133604       -38.22345478039131        99.99986997494329    -0.006345972454386395
                      465        49.04219303280388        4.709379886863568       -38.22345477448366        99.99986997527682    -0.006345971711169796
                      466         49.0083582442059        4.532635565317138       -38.22345476805523        99.99986997563815    -0.006345971039408038
                      467        48.99504955988138        4.572788329931106       -38.22345476162609        99.99986997600114     -0.00634597029100048
                      468        49.02697569070068        4.680720936802961       -38.22345475511594        99.99986997637173    -0.006345969616209146
                      469        49.02012936395973        4.774819488964854       -38.22345474881892         99.9998699767273    -0.006345968430516713
                      470        48.95884363463973        4.332298801370137       -38.22345474229533        99.99986997710003    -0.006345967162525668
                      471        49.00027499961858        4.578963476550757       -38.22345473548035        99.99986997748536    -0.006345966061050645
                      472         48.9900514487988        4.542177830933048       -38.22345472840315        99.99986997788874    -0.006345965012326094
                      473        49.03134361282471        4.792843178257329       -38.22345472122829        99.99986997830449      -0.0063459640747352
                      474        49.03887055025258        4.806875328158445       -38.22345471407309        99.99986997871393     -0.00634596326193404
                      475        48.98216164956433         4.41809319606817       -38.22345470659604        99.99986997914073    -0.006345962572957442
                      476        48.92102113357907         4.13657602966184       -38.22345469937949        99.99986997955628    -0.006345961887370244
                      477        48.91958486099743        4.118359181784588       -38.22345469252502        99.99986997994785      -0.0063459611843113
                      478        48.93041447022733        4.152945905076604       -38.22345468573653        99.99986998033543    -0.006345960530138139
                      479        48.98057546479452        4.426871525495957       -38.22345467880672        99.99986998072973    -0.006345959953559799
                      480         49.0603806490585        4.917828565752965       -38.22345467216292        99.99986998110803    -0.006345959783166322
                      481        48.97493027570859        4.611403580506327        -38.2234546656278        99.99986998148655    -0.006345961014368129
                      482        48.95791068797183        4.448533515258336       -38.22345465913375        99.99986998184342    -0.006345962272892081
                      483        49.03086893005923        4.733563785270258       -38.22345465269771        99.99986998219997    -0.006345962910597969
                      484         48.8856883644507         3.80875078834407       -38.22345464613277        99.99986998256473     -0.00634596274896726
                      485        48.90291442988382        3.851978917923591       -38.22345464000483        99.99986998290014    -0.006345963000013555
                      486        49.22217349445702        5.701689640295764       -38.22345463413814        99.99986998322458    -0.006345963645540742
                      487        49.20459477538996        5.422128198747053       -38.22345462808416        99.99986998356383     -0.00634596406900978
                      488        49.60275712672663        7.227814640549518       -38.22345462122621        99.99986998395487    -0.006345963807877553
                      489        49.57093454952355        6.902107324687279       -38.22345461394214        99.99986998437323    -0.006345963281935818
                      490        49.87021195133043        8.035213885913604       -38.22345460746122        99.99986998473889    -0.006345962794010562
                      491        50.70193450434116        10.42183022972464       -38.22345460085094        99.99986998512395    -0.006345962521563497
                      492        51.13215765830302        11.24356845084166       -38.22345459380455         99.9998699855265     -0.00634596253923958
                      493        50.64150206692011        10.38850530343322       -38.22345458669366        99.99986998593509    -0.006345963253622244
                      494        49.95743141374955        8.108965320507743       -38.22345457901277        99.99986998636828    -0.006345964343734911
                      495        50.76421166731707        10.43860479182486       -38.22345457160402        99.99986998678823    -0.006345965123977226
                      496        49.99741965143377        8.370794683569997       -38.22345456391984        99.99986998723186    -0.006345965528090192
                      497        50.08264753471201        8.539167965440347       -38.22345455605564        99.99986998768608    -0.006345965685629062
                      498        50.23951401668287        9.124433080967174       -38.22345454876391        99.99986998809807    -0.006345965752106775
                      499        50.82347983001424        10.53501653701009       -38.22345454147209        99.99986998851658    -0.006345965713339563
                      500        50.80768909215501        10.54121721684632       -38.22345453414006        99.99986998893439    -0.006345965652936547

Final average n0: 49.81963221436182
Final fluctuations n0: 8.057252535644736

Averages:
48.55067041810788
48.53805222355743
48.5543898748581
48.52506931356673
48.51978983224991
48.51041458945686
48.51942693381787
48.53010979805443
48.51598154884329
48.51357502530318
48.51984281133743
48.51650848381502
48.53289216750669
48.52745277999197
48.52172154408517
48.52646678102584
48.50676790491417
48.51488675154524
48.53259461021666
48.53477229415321
48.54432670889147
48.57357206097365
48.58874614989531
48.59159312327448
48.57753007038109
48.60388988086971
48.65994675709793
48.66177214966397
48.6251536607727
48.63524292281726
48.63170525770543
48.62374550924877
48.57935641745016
48.62353399567989
48.63683714762417
48.62269383191779
48.64862461654153
48.67154555695616
48.70383962537387
48.75526787024786
48.73958870807012
48.81419909608361
48.80120839009895
49.22584944348183
49.32341319738325
49.87581504760421
49.70574043285272
49.30461243989715
49.11766573216527
49.32592863130006
49.3254169085905
49.24806184651007
49.30347146016256
49.334207368539
49.44405824545332
49.25504601034068
49.6555663646063
49.68115328713203
48.82936507303725
48.88151855001779
49.04956877262342
49.69057955313087
50.02022066123369
50.11401868553351
52.0993290054765
52.35043149233525
52.37679129052352
52.79219315008095
52.58435633856499
52.15686635681224
52.33364615289697
51.70604132118979
51.93999485587223
51.99416560086503
51.85728147975221
52.24102327610523
52.41284183401839
52.52587028668786
52.44710437762309
52.38429099524549
52.14141082024801
51.9612681474091
52.16434346790369
52.2963958316868
52.58241734501542
52.48861322331593
52.47171434337086
52.17994241566159
52.13112099287503
52.24143085075585
52.37318695895804
52.17230201453307
51.96731972783028
51.89385512843734
52.03100849515739
52.17114715239277
52.26444604617936
52.16670420650762
52.31366277632637
52.44606641661379
52.39147930258839
52.47284916516457
52.35471449801882
52.4435521197173
52.22267889172321
52.4349795611197
52.38183189587414
52.35937485534868
52.48224835807616
52.27059348893205
52.32128519869693
52.16025255960875
51.51075072542602
51.98883140544953
52.20911150593093
52.32204498429068
52.12811558991572
52.08280794368639
51.97337517990012
51.84566587921965
52.22139639217285
52.2933375335458
51.8262994365677
51.82109753825745
51.72571582560216
51.71185582002695
52.17661928501519
51.44066750778041
51.26528762766139
51.47204105381105
52.69587357281073
51.67467152104358
51.60911132552125
50.51863827267756
51.6934109028623
52.0985401573593
52.19063836555295
52.41822798447577
52.08877064337394
50.62051596812958
49.69077465022817
49.68984954791812
49.49755037808327
49.30607334096079
49.4017208294842
49.24898464554339
49.05092473631892
48.98876867977926
49.12584319210511
49.385856516488
49.19493741668955
49.32719136963411
49.32056904748063
49.39163068549703
49.27244811593739
49.45119722414125
49.48268105432604
49.33284972206034
50.27988703769935
51.44715799683168
52.58428019644271
51.2397494675271
50.66151278572128
51.57070922353877
51.75794351093903
51.58556023915204
51.78975797472934
52.57167126806253
51.45817539479498
51.41514718082158
52.85545108281458
52.66867449976933
51.53384268212021
51.45887813293692
52.5338326309825
52.94486130732123
52.55354748163132
52.50078094006122
52.20052541495009
52.64911792190313
53.12733522017962
52.18894497718235
50.64320792437815
51.64057884127547
51.62513891073751
52.47946653286196
52.03837395536136
51.33624739710356
52.53889262651256
52.8348828398827
52.79701570123719
52.1642812436947
52.7023575116748
52.56923563902185
51.07386842673183
51.52717193875498
51.67506566209703
51.65771052513784
51.11427771995479
50.0086022233013
49.9547330191024
49.70170575178722
49.77531584626131
49.84262086807968
50.0314833539354
50.18044402372102
50.07341604500117
50.44320454071558
51.84649038445142
51.03017426272283
52.00361640647706
50.94229095510049
51.13712379724969
51.32211529141554
50.86161873406105
50.92758798968332
50.67181751147733
51.03505938645047
50.72314013224186
50.71323714804007
50.81303186541864
50.60482441571247
49.19872438402222
49.10335840555279
49.00741313498003
48.9258551969289
49.07914213850334
49.14865719041289
48.93370805934093
48.80745994252754
48.93044867664212
48.81118024184901
48.75490363021453
48.76771808306717
48.75673099972415
48.7772614705412
48.75636290015522
48.74896144864845
48.74821040440059
48.73319597144782
48.70947283447293
48.74092897394499
48.7022887587209
48.73776184029554
48.72745780999161
48.71021142857915
48.73657557459377
48.74718408196656
48.69786876972201
48.73002982836611
48.71325074801528
48.70327723881333
48.71391757119105
48.69413392724159
48.68713871619558
48.75751482065383
48.80300324926347
48.70366702636421
48.6249738665398
48.61397400966618
48.62457351474264
48.59530973435206
48.57814554584583
48.64484620864463
48.70694757954161
48.64380176680097
48.6455576080632
48.67608520577739
48.71220913998388
48.75009762080659
48.76598509338499
48.77109076045638
48.78465975149844
48.74215675355182
48.72826054015763
48.68206838716512
48.66414911043208
48.70357636550641
48.65308458665231
48.63531902885381
48.68614407338418
48.69237410364919
48.64921902516479
48.83973177441174
48.78567643014158
48.7598700125828
48.73297576993496
48.69854929274139
48.71769656234954
48.67509611036699
48.76025106385212
48.86610395072428
48.79084312454157
48.769238360415
48.83234923176777
48.89027232627979
48.77508040741608
48.66060585705874
48.65899652667857
48.75325858425729
48.67241557578546
48.65651189672406
48.62309402276555
48.64752092343437
48.64924630213342
48.66515351916272
48.65507567618012
48.66947380857805
48.916759395745
48.76613985029903
48.87982807417272
48.6689707575871
48.68035881600351
48.64234703106961
48.64837652727039
48.64397208296469
48.6727347991695
48.83131450343414
48.96447793906996
49.25833592281472
49.10827493781425
49.15570458737313
49.04378320793126
49.07159042012135
49.07933719018712
49.22034548179882
49.08883777354973
48.90256996263294
48.83156468072822
48.78941355767235
48.80251594345472
48.76601100051978
48.77943572060194
48.81872001518475
48.79108579797201
48.79189301887004
48.77670723481778
48.79765269798221
48.75886259400211
48.84706592680622
48.91053164282678
49.17021577680446
49.30060952397058
49.54403750859164
49.4673587252233
49.36958665653376
49.46601035158434
49.47206195634608
49.12685454326959
49.09800308450871
48.98138717377642
48.90357977125032
48.84696126580273
48.89408260971918
48.92310267285558
49.15815163550948
49.16931516476039
49.30299190003204
49.18143469500261
48.95137296927096
48.84728387285561
48.71534406697229
48.7369135773521
48.72879412504811
48.60956147207951
48.59809366373334
48.57038795279825
48.58284892006397
48.63340399884624
48.71065958255363
48.84056533609944
49.04561403893928
49.21569471144609
49.17678692421413
49.08647503696857
49.41877280059065
49.82542311754891
50.36925169908607
50.68797977932054
50.12479234836646
49.32877827951408
49.43549753041003
49.42859476750133
49.44920210528867
49.62416157740285
50.25120562925626
50.0658967286354
49.7703914693526
49.94019098004671
49.90655258005782
49.83970701115154
49.45427421290997
49.21941832427174
49.58874383020494
49.7799694924267
49.71998302464322
49.83149829052832
50.02020280730017
50.27188418358604
49.60681726723313
49.10358737388596
49.05996539313343
48.99941543761767
49.02574179593081
49.71282615833154
49.91697022111868
49.61090821406585
49.45294547207902
49.05771331593439
48.93827223958348
49.02573714334783
49.41962461412047
50.0586338491019
49.10834304473749
48.95637355162076
48.97077436111754
48.90096965933868
48.9092313671626
48.95556473428006
49.12722511389178
49.3528591018709
49.2531214750209
49.7438767775974
49.5113799699831
49.50885901612013
49.56215523528055
49.67045881577442
49.38432184235676
49.34178868509763
49.51894189654074
49.42956165604571
49.36300856293578
49.22707266399542
49.35621052586726
49.20210935368826
49.10223285100829
49.01205650481647
49.04867076240007
49.07866487995054
48.99747386285267
48.9369398408096
48.8763048097867
48.83603495762137
48.82495388083308
48.79530278884607
48.7900159474237
48.77492910002368
48.73573479317363
48.70099693523728
48.67034058769661
48.64938709135615
48.68269067374793
48.69661962382702
48.70576394691842
48.7326946703694
48.68989318372781
48.8465289419733
48.66036099054299
48.66132419273758
48.76790319166836
48.85922014100993
48.90439315661347
48.98048961747072
48.99446007533614
49.04219303280388
49.0083582442059
48.99504955988138
49.02697569070068
49.02012936395973
48.95884363463973
49.00027499961858
48.9900514487988
49.03134361282471
49.03887055025258
48.98216164956433
48.92102113357907
48.91958486099743
48.93041447022733
48.98057546479452
49.0603806490585
48.97493027570859
48.95791068797183
49.03086893005923
48.8856883644507
48.90291442988382
49.22217349445702
49.20459477538996
49.60275712672663
49.57093454952355
49.87021195133043
50.70193450434116
51.13215765830302
50.64150206692011
49.95743141374955
50.76421166731707
49.99741965143377
50.08264753471201
50.23951401668287
50.82347983001424
50.80768909215501

Fluctuations:
0.6460354293259004
0.7210015638695848
0.8385827963465078
0.7759389787663769
0.7268079979846209
0.7932330540253123
0.8427137121334319
0.8680117319656924
0.7894932892458343
0.7643095603347578
0.8227693448881908
0.8217277822641552
0.7935073519147648
0.7199847079028053
0.8025685536047589
0.8445381385195543
0.7440101321698029
0.7225286015409546
0.8283781062210051
0.7505356689745645
0.7044192078814805
0.7086380947023428
0.7303982273294114
0.7848658588702004
0.4512962769825021
0.4413393298566322
1.06300935021598
1.280391696776074
0.7225974596160564
0.6619295371578773
0.8253931567756332
0.4806754617334272
0.5055455594622786
0.4319990552860112
0.495245522549128
0.5813455290279539
1.020211173950976
1.363420874656423
2.139937251811394
2.728704312169729
2.868793139566588
3.126799157843271
3.358479055455785
5.424692885867977
6.059442398016519
8.021403989064519
7.648773362915217
6.067721452825725
5.20427324629524
6.14009146768293
6.141647769442237
5.672410696420521
6.102798176229736
6.182871486257731
6.606551343173112
5.85891473370844
7.360609918988363
7.381083717121191
3.554276051847691
4.010881281159895
4.929931674877774
7.593654793235347
8.552868379823858
8.896020256876296
13.10795319805142
13.83498192487145
13.89894989571022
14.4468320344914
14.16638876746221
13.42597612461281
13.77199581561147
12.76023179641528
13.01093853653429
13.08503613218524
12.86545542118226
13.64312508848145
14.0655082741339
13.95141983404539
14.16584918287002
13.71938931261871
13.47891982055641
13.08011363555458
13.54702397015988
13.87139302059345
14.06190312968523
14.1694891067653
14.00533096748237
13.60817173705596
13.42549491823118
13.51128945583363
13.91139171826139
13.49575641858088
13.05780821672463
12.90980984857044
13.27302643480628
13.50997367333017
13.73626114715192
13.51902490942365
13.67167583685923
14.02239945185562
13.87052854250615
14.04373790428993
13.85057253622831
13.85746443052405
13.74470075014341
13.90343204433551
13.74856481546643
13.96500067969921
13.93919365315504
13.61837192246502
13.79924402925959
13.44771774874213
12.23871526566736
13.10178330791801
13.59068829569922
13.82216593660216
13.39820246932054
13.32356231236629
13.03738998201266
12.81392522951834
13.5660363872097
13.72279568095592
12.89869036448793
12.71334117790956
12.65120664437031
12.4974516884567
13.40192169390239
12.04114584563913
11.55026403909168
12.17949357978654
14.2371554201117
12.4301089551492
12.52987673497901
10.05036649108978
12.60646864492054
13.34371467198059
13.48392092121664
13.89356358522181
13.22635358224416
10.13928756936101
7.59725094708525
7.428695305171637
6.836493820245092
6.174388403281578
6.55325432031169
5.687402611344924
5.213642846561574
4.887231944771608
5.477164071678513
6.362746426667901
5.953602786868644
6.213797458163163
6.443413258984575
6.524143208238702
6.188044640069379
6.748144254162272
7.028166729016442
6.224833192693874
9.353891838868169
12.04915854758272
14.27650517387134
11.65462877848165
10.4217317004982
12.6704515515515
12.88801545762119
12.29832900088319
12.73657907413365
14.31266019443338
12.10939270639671
12.13884575150608
14.54442308815006
14.46113367929684
12.44319220205029
12.29639919033
14.19220763144021
14.59469792308511
14.2100378742802
14.02146167937545
13.64639180648354
14.38891517504922
15.04816535090649
13.52922150671112
10.4870979319562
12.68640320566258
12.35297572183822
13.81852919505244
13.03918888231192
11.83521144902176
13.97930903197232
14.68022318235881
14.445189094675
13.51980004052392
14.53714645108881
14.13241076305899
11.52221143218581
12.39442629114567
12.52752173692308
12.49408918136003
11.40094502468172
8.749816125843184
8.369493353859021
7.750509609318919
7.983968603152053
8.013803377633742
8.83679756881857
9.129666040788523
8.950393906034286
9.651388684282834
13.17898256714027
11.1026693876395
13.27859719672761
11.16695118284139
11.38354867199187
12.00203509550761
10.94195088874524
11.17980049441138
10.35728812000917
11.30969185975749
10.52245949497471
10.53438855470506
10.64191814165772
10.25564625343314
5.869224782094627
5.306552647638334
4.726040353989695
4.346463115877674
5.040153669762458
5.633133997765094
4.271764411859179
3.470886817159768
4.353870506579137
3.393446806768144
3.307341216540337
3.3687921810463
3.228253313533718
3.452022975195397
3.491676462119543
3.412782401786221
3.303679201538746
3.395216232985328
3.064265021851268
3.135298691417316
3.113107089875507
3.181061540323852
3.067727278527
3.172126226327748
3.22634760067027
3.267171968547534
3.160816987563319
3.102185635911338
3.067155765587072
3.022429719294664
2.923652016415985
3.029628294397126
2.759254980316182
3.300442154916123
3.832414932993833
2.84285651918035
2.108558702736536
1.837665173667678
1.69714945291534
1.256950202914004
1.047722768336383
1.791816790948974
2.426474820452415
1.493914660415443
1.411235722718041
1.700918916809639
2.714676590093319
2.844473669700767
3.024444045548068
3.005062835980898
3.17092933289385
2.822627433189102
2.555617527653942
1.943965547171313
1.463735535163169
2.019404463168351
1.891467016273322
1.707768230635268
2.535162612794392
2.540385404927745
2.01749335382613
3.375482858394836
2.856974075310255
2.488017103875388
2.613471943525895
2.477092115305527
2.360187595446004
1.954916375657027
3.059290550025878
3.801783114365087
3.400919136301762
3.234687193009632
3.437894308424159
3.870708155230774
3.201499355499
1.562101531505232
1.794863529852234
2.873236332413502
1.958904192156158
1.132801164218896
1.033709753756467
1.397337570616809
1.522984610099895
1.621343029597746
1.317908344276133
1.532432837493221
3.742458076975066
3.043540312626118
3.482175552222382
2.046433842004389
2.186559650091471
1.480310996170793
1.539574432516113
1.515279135079347
1.646231329359087
3.339200451135223
4.131800508895151
5.727169686288651
5.080152998424215
5.326717663637168
4.665450007777975
5.099323226932517
4.914953214081851
6.006690322851258
5.17415370442655
4.391016772615956
4.063128053551162
3.75327073961478
3.755288782600393
3.568908214842947
3.742409680118006
3.873562723830752
3.678632459152703
3.65419611964416
3.535486731412882
3.64375794713745
3.386912265217037
3.605825075073135
4.128276188050106
5.325232189765624
5.777497370480153
7.055085275357524
6.560895736322901
6.273576207369682
6.545751568995949
6.561589593130688
5.311138249816979
5.108260574844746
4.819127735512627
4.271597757501548
3.873578696676992
4.161477465999704
4.148266956985284
5.607723759344859
5.483238624729774
6.145810187804387
5.651893236336008
4.421041537435757
3.960418353077864
2.863316119285316
3.007838530999726
2.879984330801524
1.655817974645485
1.365504034071359
1.083910378354635
1.232075882122423
1.938514757428139
2.61137752234023
3.30211592482473
4.993491572251044
5.566351827366494
5.4954972699556
5.035108967095526
6.508238085492014
7.948939162183516
9.519566486513362
10.1831334256217
8.852717491009363
6.139310230090048
6.429463449259237
6.423223777933655
6.452425632906082
7.206178271547765
9.053550381614299
8.452773767949045
7.701424317250393
8.408648233724916
8.241659567120381
7.951510706327753
6.441885667230125
5.621867190716287
7.001438333767537
7.837040358282098
7.615003486470916
8.001959670150637
8.628227167892826
9.148486558269566
7.088872049563481
5.001977993204392
4.867215367331715
4.715490565615717
4.961215029901129
7.792933768422762
8.305266000166052
7.500350467902867
6.766081734669261
5.079296937650751
4.429360029505403
4.682836720536855
6.616923319825903
8.601112791182405
5.076816549747855
4.586943071048569
4.363099827131443
3.891713204323565
3.898228174077855
4.37400291675726
5.099035037917698
6.163527065666401
5.544767083615442
7.672965130585896
6.736959010938262
6.635083619318838
7.021378607689945
7.368554908448504
6.460534159589854
6.300879721215143
6.901386432871995
6.600670483278808
6.131282981558587
5.737737659259168
6.029664143068869
5.684488356219571
4.971980927858207
4.646802981473256
4.918678335561927
4.971535090859423
4.724502614793971
4.027283752263032
3.691417139913548
3.418816866495053
3.314169868434604
3.266496091096819
2.97655462176516
3.02233992621028
2.156869975897668
1.74521564243093
1.570494079077108
1.084822607177018
1.482440739183767
1.896182322365647
2.007339991397815
2.276615228271392
1.906168727671896
3.307509652702025
1.793041175951259
1.674194793816222
2.839051108752508
3.478438159522717
3.925392326269076
4.52717444275988
4.547974694133604
4.709379886863568
4.532635565317138
4.572788329931106
4.680720936802961
4.774819488964854
4.332298801370137
4.578963476550757
4.542177830933048
4.792843178257329
4.806875328158445
4.41809319606817
4.13657602966184
4.118359181784588
4.152945905076604
4.426871525495957
4.917828565752965
4.611403580506327
4.448533515258336
4.733563785270258
3.80875078834407
3.851978917923591
5.701689640295764
5.422128198747053
7.227814640549518
6.902107324687279
8.035213885913604
10.42183022972464
11.24356845084166
10.38850530343322
8.108965320507743
10.43860479182486
8.370794683569997
8.539167965440347
9.124433080967174
10.53501653701009
10.54121721684632

Last point and parameters for further simulation:
100
4
-0.00530189
contact

0.5861185022647952
-0.601023152499818
0.8578228033790305
0.7955446082266096
3.558412930116686
1.303129822209174
1.144671758613616
-0.5956838998981058
-0.7690667810453123
-0.262876308785723
0.7929697620793089
0.04997910882958796
4.080209009434436
6.962527036740614
3.917736550320607
0.3633426785912198
0.05648482806770899
0.01301462499029562

Final quantities:
49.81963221436182
8.057252535644736
