Number of particles: 100
Nmax: 5
Gamma: -0.00530189
Interaction type: contact
Step size: 0.001
Batch size: 200000
Batch count: 500
             Batch number               Average n0          Fluctuations n0                   Energy           Particle count                 Momentum
                        1        50.48662266478294        10.89345823748842        57.30229532588541        99.99992457157359      0.01872417496911094
                        2        50.33314950574847         10.5111009711544        57.30229569151589        99.99992458725754      0.01872419497660216
                        3        50.50495134070519        10.70953300007343        57.30229604440801        99.99992460240792      0.01872421285999204
                        4        50.60422382183488        10.72369966841269        57.30229638756958        99.99992461715142      0.01872423018407643
                        5        51.27510370197425        12.27533719873796         57.3022967226369        99.99992463156586      0.01872424772889891
                        6        53.12491910112562        14.59616549505077         57.3022970487869         99.9999246456584      0.01872426680667783
                        7        55.13733535907875         16.5994297048248        57.30229742391968        99.99992466176623      0.01872429736857217
                        8        56.20097065248652        17.66748319209914        57.30229786361005        99.99992468053935      0.01872434129168976
                        9        56.58513452566809        18.44020900320855        57.30229831530252        99.99992469980477      0.01872438906463891
                       10        56.55590147147457        18.35335221347131        57.30229878104865        99.99992471965892      0.01872443977702343
                       11        56.48066140844164        18.80165808827451        57.30229925429286        99.99992473981209      0.01872449348997129
                       12        57.94704430374205        19.35993940050604        57.30229972878669        99.99992476001223      0.01872454803367418
                       13         58.6979932577097        19.40409481243218        57.30230016720589        99.99992477872559      0.01872460140644439
                       14        58.28761326048227         19.4499679618326        57.30230060930093        99.99992479759945      0.01872465827139269
                       15        58.59121553005392        19.42327825221948        57.30230103471895        99.99992481578654      0.01872471523228825
                       16        58.61147193058215          19.297000187012        57.30230145918742        99.99992483391007      0.01872477228021996
                       17        58.35384099039083        19.31658037818363        57.30230191123174        99.99992485315774       0.0187248238980855
                       18        58.34239022515197         19.3493692296634        57.30230236993698        99.99992487267055      0.01872487012251156
                       19        57.46609971243759          19.047059099196        57.30230282599408        99.99992489207381      0.01872491988714131
                       20        58.30651241474476        19.16433435805668        57.30230328024365        99.99992491140874      0.01872496986639671
                       21        62.65240091631579        19.83214255574304        57.30230373154617        99.99992493064774        0.018725024049429
                       22        62.13357046934421        19.85026325068293        57.30230420528004        99.99992495080976      0.01872507692820324
                       23        62.80569726361935        20.03035316518964        57.30230469541118        99.99992497164571      0.01872512154442685
                       24        65.33344437945442        20.01832075912455        57.30230518925427        99.99992499265988      0.01872516466661001
                       25        65.13202767968315        20.22502418485912        57.30230569735998        99.99992501426593       0.0187252085261651
                       26        66.96428626561662        20.12829496732065        57.30230617463835        99.99992503460528      0.01872524774800022
                       27        66.73601283405011        19.58777563191267        57.30230660252049        99.99992505292055      0.01872527942691038
                       28        64.07588112163153        20.12050960054173        57.30230702059399        99.99992507083495      0.01872530726716626
                       29        67.08269075135506        19.92400664091537        57.30230741428127        99.99992508776594      0.01872532901591706
                       30        67.53487077025267        20.17968209939853        57.30230777485714        99.99992510328687      0.01872534184354757
                       31        65.36278358151135        20.23399996423433        57.30230807638829        99.99992511635762      0.01872534260146352
                       32        64.53342385552747        20.04990141815959        57.30230839179029        99.99992513003166      0.01872534644736357
                       33        65.09474832583915        19.40411305012962         57.3023087075964        99.99992514370611      0.01872535117233731
                       34        64.38238833265511        19.10569481080935        57.30230897577849         99.9999251554045      0.01872534681560722
                       35        62.67314691710227        19.26693925362698        57.30230919454389        99.99992516502851      0.01872533185590708
                       36        64.39296671360191        19.62951714301324          57.302309373767        99.99992517303653      0.01872530607407752
                       37        63.66547335110649        19.80640824928523        57.30230954763687        99.99992518082951       0.0187252819906023
                       38        64.03723293874481        20.12611282972035        57.30230973166137        99.99992518907368      0.01872525918152723
                       39        62.51299557708501        19.66385451929137        57.30230988216333        99.99992519592875      0.01872523639219548
                       40        60.28400126943507        19.01290911279797        57.30230998486695        99.99992520079073      0.01872522342148764
                       41        55.76345958268114        17.89463305344213        57.30231009519204        99.99992520593824      0.01872520896478669
                       42        58.57972857663302        18.54904500053895        57.30231021253294        99.99992521140116      0.01872519420584995
                       43        59.41939459407855        18.39725308588626        57.30231031024719        99.99992521608101       0.0187251847536487
                       44        58.20302941737993        17.94466305509554        57.30231041728733         99.9999252211432       0.0187251881691135
                       45         57.2965868365118        17.61744070394546        57.30231053471432        99.99992522662558       0.0187251934540047
                       46        53.85259584691755        16.30325094915117        57.30231064608428        99.99992523180667      0.01872519756719071
                       47         53.4069837668762        16.05617522955224        57.30231076459221        99.99992523727707      0.01872520248250353
                       48        53.53221374433177        16.06437616549917        57.30231088862479        99.99992524298591      0.01872520824032553
                       49        53.37646049729656        16.14696412902347        57.30231101846137        99.99992524893644      0.01872521175192077
                       50        53.76928279649271        16.33219937836034        57.30231114807086        99.99992525486758      0.01872521441978359
                       51        54.20791210483631        16.39839318078269        57.30231128932385        99.99992526128517      0.01872521492940171
                       52        53.66935805206635           16.15510875278        57.30231143320046        99.99992526781614      0.01872521424704576
                       53        52.20308475771788        14.75541415448495        57.30231156445919        99.99992527381683      0.01872521569860508
                       54        53.25718382087901          15.361918968698        57.30231169199524        99.99992527964851      0.01872521750162925
                       55        52.76066674345321        15.06996640573381        57.30231182064279        99.99992528551734      0.01872521815593031
                       56        52.67041835728867        14.71951188338105        57.30231195310378        99.99992529153855      0.01872521813074313
                       57         52.4220090843763        14.28465493577749        57.30231208535885        99.99992529755635      0.01872521832203455
                       58        52.10552139588263        14.23134386648073        57.30231221800057        99.99992530359106       0.0187252182742339
                       59        52.84935389528093        15.02149580025289        57.30231235454015        99.99992530978496      0.01872521730812648
                       60        53.46044137926761        15.84915752287725        57.30231248484347        99.99992531572533      0.01872521867477783
                       61         52.9316304840637        15.62773855601815        57.30231261807745        99.99992532179081      0.01872521923803872
                       62        53.71343360633215        15.98143916283991        57.30231275618766        99.99992532805277      0.01872521942256755
                       63        54.32534495899733        16.56814682116647         57.3023129044692        99.99992533473799      0.01872521807809169
                       64        54.29509596156326        16.35958824931451        57.30231305706501        99.99992534162295      0.01872521659138604
                       65        56.87108854883593        17.47755151203505        57.30231320699595        99.99992534838442      0.01872521419152018
                       66        54.86820922002068        16.71393802236928        57.30231335657798        99.99992535514302      0.01872521060746979
                       67        57.99350615507518        18.00848463226574        57.30231351320195        99.99992536219399      0.01872520439580194
                       68        61.99335390034501         18.7611787727094        57.30231367697553        99.99992536955976      0.01872519302522546
                       69        60.49095130106772        18.78480748913226        57.30231383558271        99.99992537669434      0.01872517239050708
                       70        63.57178159646038        18.94768220473171        57.30231400515567        99.99992538431195      0.01872514538650361
                       71        62.11263144307987        18.91765000462062        57.30231417963159        99.99992539213849      0.01872511594912796
                       72        62.74620780472005        18.76441038788866        57.30231434528137        99.99992539959845      0.01872508742960877
                       73        64.04713031363409         18.0061639269776        57.30231450346277        99.99992540675495      0.01872506118653305
                       74        61.18705388748959        17.49523592557034        57.30231465913067        99.99992541380968      0.01872503681088933
                       75        59.54139970041821        17.34684494454912         57.3023148360095        99.99992542169068       0.0187250150176852
                       76        58.42315650105461        16.71364236677652        57.30231500954076        99.99992542942873      0.01872499571423569
                       77        58.16145244990664        16.25696585522264        57.30231516399421        99.99992543636635      0.01872496842663463
                       78        56.84294938717569        15.44739487783727        57.30231532039942        99.99992544337034      0.01872494261190916
                       79         58.7945939292936        16.57586015998041        57.30231547723409        99.99992545040743      0.01872491955168476
                       80        58.73323776605847        16.59952645901135          57.302315637204        99.99992545757748      0.01872489346099693
                       81        57.30436478389753        16.07518250717554        57.30231579593193        99.99992546469761      0.01872486880147495
                       82        56.07103270000922        15.41463091834664        57.30231595664959        99.99992547190696      0.01872485276161706
                       83        57.33514178870691        16.34693688336788        57.30231614454246        99.99992548024908      0.01872482894515093
                       84        56.80862979234749        16.18529919693815         57.3023164097113        99.99992549177048      0.01872482511698248
                       85         57.6757074477861        17.05109954138159         57.3023166656449        99.99992550292413      0.01872482249997542
                       86        58.63739511362488        17.62328035500179        57.30231683844895        99.99992551063396      0.01872480971939083
                       87        57.86765692695595        17.41595442179429         57.3023170627521        99.99992552050769      0.01872481021001793
                       88         57.7196243630368        17.17721282913965        57.30231729149439        99.99992553056556      0.01872481756396027
                       89         55.6927911713733        16.18316609120907        57.30231762714625         99.9999255450259      0.01872484074443026
                       90        54.59730348840893        15.18155846003122        57.30231795750828          99.999925559286       0.0187248549843595
                       91        54.58936985913764        15.16650004001338        57.30231830584643        99.99992557427996      0.01872487876294215
                       92        53.96596164888824        14.20351926285683        57.30231863166361        99.99992558834246       0.0187248849773658
                       93        53.98641361506823        14.56750735337828        57.30231883320758        99.99992559732458      0.01872491268075249
                       94        54.44354805870625        15.24948836370639        57.30231903631923        99.99992560637077      0.01872493798153174
                       95        54.20215983970832        14.86137556381374        57.30231924414483        99.99992561562829      0.01872496215033514
                       96        54.62582629503622        15.43827366024821        57.30231944305729        99.99992562449918      0.01872498772590636
                       97        54.20730552375995        15.18198329659734         57.3023196489023        99.99992563366007      0.01872501423156026
                       98        54.51468279908344         15.3973576735405        57.30231985727789        99.99992564293386      0.01872503904881051
                       99        54.66225116396388        15.82836413413218        57.30232007616385        99.99992565262664      0.01872506324841039
                      100        54.76778494198663        15.81426614197041        57.30232029464811        99.99992566230478      0.01872508923507299
                      101        54.74340605239194        15.72697068739774        57.30232050835565        99.99992567178576      0.01872511794687326
                      102        54.35705317741748        15.51121516126457        57.30232072514511        99.99992568139041      0.01872514883698662
                      103        54.29692256758926        15.44311782670967        57.30232094240446        99.99992569101362      0.01872517876630519
                      104        53.83730672608804        14.91211620341788        57.30232116322838          99.999925700801      0.01872520840293834
                      105        53.71963416935239        14.75315610753974         57.3023213914767        99.99992571090354      0.01872523908750701
                      106        53.72806906167161        14.74007459760746        57.30232161936908        99.99992572097631      0.01872526965975219
                      107        53.62947758569248         14.8660257074109        57.30232184763864          99.999925731072      0.01872529886002372
                      108        53.81177026462674        14.85831042335382        57.30232207391484        99.99992574109258      0.01872532783633574
                      109        53.83164127969645        14.85896468236317         57.3023223040408        99.99992575126038      0.01872535733516578
                      110         53.3965115381349        14.52022825565457        57.30232253395452        99.99992576141281      0.01872538708471883
                      111        53.32779928891013        14.38243520787587        57.30232276946788        99.99992577180645      0.01872541736091593
                      112        53.36178047028893        14.42897574696434        57.30232300685459        99.99992578227429      0.01872544708459678
                      113        53.31362041987273        14.33903090043562        57.30232325002459        99.99992579297049       0.0187254782609938
                      114        53.37006813046914        14.45025172658306        57.30232349294464        99.99992580365844      0.01872550990075972
                      115        53.57758362276676        14.45092820466081        57.30232373692505        99.99992581437549      0.01872554116311331
                      116        53.47003879574208        14.57963291229621        57.30232398713463        99.99992582535459      0.01872557346052428
                      117        53.75831020957229        14.71286522411537        57.30232423701545        99.99992583631969      0.01872560677035295
                      118        53.50283936129521        14.67934091222779        57.30232448996964        99.99992584740662      0.01872563931011184
                      119        53.63842454275417        14.54471112523308        57.30232473965746        99.99992585835994      0.01872567126476632
                      120        53.36250141927167        14.46482100910972        57.30232499154317        99.99992586941049      0.01872570469916246
                      121        53.57990595694634        14.64805059773369        57.30232524227097        99.99992588041444      0.01872573857183557
                      122        53.60860530305474        14.53137010716512        57.30232549489426        99.99992589148771       0.0187257717629139
                      123        53.44744671607369        14.48402116788127        57.30232575263207        99.99992590277934      0.01872580554135439
                      124        53.51248275506467        14.62996392358525        57.30232601210592         99.9999259141518      0.01872584065139016
                      125        53.46115391231653        14.51302101751211        57.30232626687864        99.99992592532804      0.01872587346220556
                      126        53.30392864514677        14.26183172953001        57.30232652394561        99.99992593658736      0.01872590695375775
                      127        53.38209114618117         14.3828491988866        57.30232677637181        99.99992594766547      0.01872594098558267
                      128        53.34006926953166        14.34886506937739        57.30232703300544         99.9999259589205      0.01872597574805424
                      129        53.22238794822443        14.36810249475485        57.30232728862597        99.99992597013028      0.01872601037715782
                      130        53.22244708394926        14.27470324507671        57.30232753965902        99.99992598115716      0.01872604509140352
                      131        53.39817800161898        14.42264105552782        57.30232779075415        99.99992599218915      0.01872607971970197
                      132        53.52438327493542        14.65567019539118         57.3023280382303        99.99992600306487      0.01872611409417058
                      133        53.84950244614326        14.78194335915926        57.30232828492674        99.99992601391648      0.01872614913111947
                      134          53.669663690733        14.85157280254541        57.30232853317185        99.99992602483179       0.0187261839435271
                      135        53.84626911713466        14.81500262103322         57.3023287820013        99.99992603577114      0.01872621887263115
                      136        53.82296491286707        14.72342557974058        57.30232903237255        99.99992604676534      0.01872625488100699
                      137        53.32983482968534        14.40374299156435        57.30232928423379        99.99992605783525      0.01872629057333874
                      138        53.26583606428112        14.07343349051784        57.30232953005796        99.99992606865284       0.0187263247458036
                      139        53.13456499502087        13.98706905596283        57.30232976615892        99.99992607906881      0.01872635656144128
                      140        52.99441607274318        13.86297567998949        57.30233000496277        99.99992608959698      0.01872638537902471
                      141        53.25663611768201        13.99764933910617        57.30233023206982        99.99992609962783      0.01872641403208153
                      142        53.10986375807106        14.13193713915562        57.30233047266047        99.99992611022775      0.01872644312313909
                      143        52.89651981370912        13.70028154880239        57.30233071545746        99.99992612092153      0.01872647072585742
                      144        52.57908996046064        13.42417627455786         57.3023309446896         99.9999261310556      0.01872648712243752
                      145         52.6341544178429        13.28096833883093        57.30233117011699        99.99992614104546      0.01872649192314135
                      146        52.51949272333016        13.28418030280385        57.30233143617704        99.99992615270206      0.01872649534319581
                      147        52.47573171314626        13.41764729578414        57.30233175814911         99.9999261666462        0.018726499190727
                      148        52.64927582017875        13.49409949241721        57.30233208872264        99.99992618094912      0.01872650909258322
                      149        52.70383778598358        13.55157331113147        57.30233240336543        99.99992619460214      0.01872651225753197
                      150        52.71226282370566        13.50767129709525         57.3023327187191        99.99992620828014      0.01872651756394239
                      151        52.71644544797267        13.56229758121891        57.30233305392483        99.99992622277705      0.01872652769290695
                      152        52.63351430144431        13.41188761456501         57.3023333703667        99.99992623649887      0.01872653592515583
                      153        52.61266746050955        13.39086077824517         57.3023336742535        99.99992624970726      0.01872655347600283
                      154        52.73020218961691          13.548455458393        57.30233399669928        99.99992626368062      0.01872657170455883
                      155        52.97000457202451        13.80645251880959        57.30233431239814        99.99992627737127      0.01872658871032407
                      156        52.74720581879662        13.68488150380875        57.30233462961732        99.99992629112762      0.01872660517766134
                      157        52.91432026390898        13.63656249189372        57.30233494406485        99.99992630477367      0.01872662350372334
                      158        52.72952544819595        13.58038622008982        57.30233527157765        99.99992631896234      0.01872664118739698
                      159         52.5571188193379        13.30824517418351        57.30233558597126        99.99992633260379      0.01872665896885817
                      160        52.56469694726976        13.23963581289232        57.30233592903964        99.99992634741756      0.01872667542123096
                      161          53.151306327573        13.88905630678171        57.30233624138812        99.99992636096523      0.01872669382715131
                      162        54.42597479230316        15.17830847320001        57.30233655367667        99.99992637449495      0.01872667656949378
                      163        54.62941344966942        15.44629084304071        57.30233687017972        99.99992638817911      0.01872663165119715
                      164        54.69560965969222         15.3158879699631        57.30233714071198         99.9999263999825      0.01872659625182438
                      165        54.28148393059325        15.10327602751746        57.30233741824412        99.99992641207993      0.01872655844002225
                      166        53.88403130560395        14.48892649459916        57.30233764803495        99.99992642220921      0.01872653483902065
                      167        52.65106108492625         13.1339620937411        57.30233785537943         99.9999264314165       0.0187265137850785
                      168        53.34413145476495        14.03458647818984          57.302338180378        99.99992644546745      0.01872649356769784
                      169        53.58083278887217        14.13313513357724        57.30233847193622        99.99992645814098      0.01872647003122729
                      170        53.16206070453844         14.0128224261261        57.30233875919049        99.99992647067747      0.01872646139422374
                      171         53.5063800828157        14.32197491013521        57.30233903466925        99.99992648273525      0.01872645273421591
                      172        53.73003815787738        14.64983952781857        57.30233928505828        99.99992649375108      0.01872644325080364
                      173        54.61772947928971        15.37122328409144        57.30233953762104        99.99992650485194      0.01872642572923455
                      174        55.42465130657733        16.20551199835721        57.30233971935704        99.99992651299434      0.01872643107400918
                      175        55.39304327851553        15.88767274254898        57.30233986896297         99.9999265197967      0.01872644727737982
                      176        54.32843171920638        14.94740853655136        57.30234003306273        99.99992652720935      0.01872646707651482
                      177        54.33436705411472        14.98635453128549        57.30234027907179         99.9999265379944      0.01872647116502257
                      178        55.71983001456348        16.22219772259178        57.30234042849759          99.999926544755      0.01872646725084715
                      179        59.02077105836876        17.99696917112622         57.3023405064696        99.99992654852835      0.01872645480917146
                      180        60.34648506924798          18.905379135922        57.30234059147988        99.99992655259602      0.01872644104956089
                      181        61.02511811819313        19.05779750087153        57.30234066100205        99.99992655601443      0.01872642954062953
                      182         60.2570416318166        19.01501944290229         57.3023406997109        99.99992655813304      0.01872642325801788
                      183        60.18314755158504        18.66646011104597        57.30234073593721        99.99992656013953       0.0187264173841849
                      184        58.28141077478395         17.6891547315009        57.30234078547517        99.99992656269912      0.01872640857944186
                      185        56.70502535013517        16.95337544018932          57.302340864097        99.99992656646684      0.01872639449556512
                      186        57.04904278190882        17.21781843286777        57.30234095650148         99.9999265707998      0.01872637868660831
                      187        56.69206742352053        16.88945722491009         57.3023410379914        99.99992657469389      0.01872636625813379
                      188        55.88381425736709        16.36359443196013         57.3023411157925        99.99992657847876      0.01872635568582259
                      189        54.90832740953042        15.45606528160827        57.30234121957514        99.99992658339245       0.0187263478278723
                      190        54.31301719773931         15.0164881202867        57.30234136730226        99.99992659013809      0.01872634913844884
                      191        54.48145978873227        15.19882075455116        57.30234155371069        99.99992659848327      0.01872636719278375
                      192        53.98155659977325        14.82326075389192        57.30234174862618        99.99992660718281       0.0187263734117733
                      193        53.45575487816038        14.04772506251956        57.30234184998204        99.99992661200432      0.01872637108411146
                      194        53.87804994359433        14.40032131135378        57.30234196690496        99.99992661746003      0.01872636615761447
                      195        53.75115876157007        14.37311550852447        57.30234207038865        99.99992662235574      0.01872636352449614
                      196        53.69798148282853        14.32234051320981        57.30234215077763        99.99992662630686      0.01872636273981076
                      197        53.74084457613829        14.24568705865439        57.30234225083487        99.99992663106616      0.01872635798302791
                      198        53.72420401672805         14.5003560937913         57.3023423745823        99.99992663681373      0.01872635520355725
                      199        53.99226073585446        14.52648648907436        57.30234249805147        99.99992664255035      0.01872635090255481
                      200        54.10036796342532        14.81294062906684        57.30234264326847        99.99992664919174      0.01872636370990932
                      201        54.48892271853781        15.26532318010535        57.30234281559787        99.99992665694313      0.01872637808046196
                      202        56.27950748426527        16.80198197692353        57.30234299940412        99.99992666510305      0.01872639389086883
                      203         55.9779611697743        16.77184816837346        57.30234313551776        99.99992667128249      0.01872640885372956
                      204        56.08714223869831        16.84675629287267        57.30234333896084        99.99992668026441      0.01872643911345584
                      205        55.97201018015763        16.85738260778145        57.30234374888944          99.999926697771      0.01872650182401792
                      206        55.84973668376898        16.89168683498493        57.30234407732164          99.999926711917      0.01872655776166354
                      207        56.24212769838467        16.91231649672389         57.3023443280733        99.99992672284279      0.01872659987333414
                      208        56.08876949578276        17.03608125558167        57.30234458906374        99.99992673419641      0.01872664346066166
                      209        55.96577617611531        16.93260484589774        57.30234487240583        99.99992674649675       0.0187266902354466
                      210        54.81306336689909        15.98254062584238        57.30234521356024        99.99992676119578      0.01872674755088344
                      211         54.1435824137515         15.3286496265414        57.30234554362491        99.99992677544211      0.01872680269015525
                      212         54.2435476226028        15.25615981757294        57.30234587209385         99.9999267896179      0.01872686041599536
                      213        54.15240847899236        15.38561754041107        57.30234619955701        99.99992680375036      0.01872691722480013
                      214        54.17425262441108        15.41225231210368        57.30234652738378        99.99992681790046      0.01872697174316684
                      215        54.73958040757157        15.81149514169638        57.30234687901182        99.99992683301393      0.01872702946643567
                      216        55.70623882623845         16.8817242954529        57.30234720096291        99.99992684690952      0.01872708422473401
                      217        54.89510412262339        16.30601562731284        57.30234748405265         99.9999268592049      0.01872713254150593
                      218        56.61360021870761        17.47105529221006        57.30234778240406        99.99992687210559      0.01872718537916818
                      219        55.38085096783701        17.09374439899043        57.30234802800437         99.9999268828181      0.01872722845195307
                      220        55.12353309827584        16.90724931620311        57.30234827907643        99.99992689373266      0.01872727395328244
                      221        54.77968616285357        16.88158747134296        57.30234852571571        99.99992690445035      0.01872731923506255
                      222        55.05186514380625        16.76258092422858        57.30234878047534        99.99992691549691      0.01872736655393403
                      223        54.68043853918742        16.46268977429397        57.30234904017389        99.99992692674574      0.01872741451147331
                      224        54.32617325827624        16.32393627286758        57.30234930045016        99.99992693802108      0.01872746305750361
                      225        54.50032596095237        16.43202252351568        57.30234956495363        99.99992694947863      0.01872751301616127
                      226        54.31860088673182        16.28434214182693        57.30234983256821        99.99992696105613      0.01872756193338798
                      227        54.23851707641283        16.19020789126358        57.30235009629486        99.99992697248526      0.01872760974849808
                      228        54.37171811528453        16.43327378545523        57.30235036436291        99.99992698408157      0.01872765889147843
                      229        54.12441377056629        16.20992521643988        57.30235063019282        99.99992699558265      0.01872770772627241
                      230        53.05656365816659        15.14138753193037        57.30235090244123        99.99992700734795      0.01872775885755917
                      231        52.91240201156405        14.89047101434613        57.30235113231296        99.99992701735894      0.01872780041333044
                      232        52.72667591392805        14.69312709534532        57.30235129534952         99.9999270246396      0.01872782716179344
                      233        53.24911288388434        15.37769014716345        57.30235151056209        99.99992703406323      0.01872786393590053
                      234        53.73892972073489        15.90388328088009        57.30235174567042        99.99992704429985      0.01872790456519979
                      235        53.81851863190138        15.78295574520562        57.30235198383244        99.99992705466664      0.01872794330476246
                      236        53.49926338495323         15.6412912474671        57.30235221278625        99.99992706464396      0.01872798086660854
                      237        52.94665754734727        15.09026977999089        57.30235243974909        99.99992707456735      0.01872801780652944
                      238        53.83551869021112        15.69886460872562        57.30235265556595        99.99992708402519      0.01872805214640039
                      239        53.47292628696681        15.38038788194609        57.30235290245861        99.99992709475319      0.01872809016838506
                      240        53.50152076636179        15.45634525163218        57.30235313338123        99.99992710482321      0.01872812180609928
                      241        53.88777643669351        15.71635745897158        57.30235337502103        99.99992711533154      0.01872814741364603
                      242        53.71307776669921        15.59612625599453        57.30235360186484        99.99992712523223      0.01872817000903826
                      243        53.62579184590336        15.56758277645036        57.30235385119309        99.99992713603916      0.01872819201132803
                      244        53.57640177054321        15.36605501559279        57.30235406393037         99.9999271453574      0.01872820784164753
                      245        53.85614128105078        15.78189954739751        57.30235431107863        99.99992715609562      0.01872822783609829
                      246        53.76564608067009        15.63227774782139        57.30235456222893        99.99992716698952      0.01872824950288265
                      247        53.52403099277734        15.31880630903873        57.30235476919397        99.99992717606294      0.01872826587808829
                      248        53.04312161830486        14.86847188364583        57.30235497799434        99.99992718520724        0.018728282495724
                      249        53.11598799000281        15.10379955982872        57.30235514789953        99.99992719275643      0.01872829233135409
                      250        52.82985657611449        14.78142581742016        57.30235531502541        99.99992720018318      0.01872830269905301
                      251        54.60921179352946        16.23742810331579        57.30235544807654        99.99992720619717      0.01872830665612257
                      252        52.02097686926166        14.39336353708647        57.30235557972168        99.99992721212094       0.0187283088857968
                      253        53.29663053517056        15.89771083560472        57.30235570480258        99.99992721776964      0.01872831257495655
                      254        54.78195004057282        17.02260735783815        57.30235583191012        99.99992722349296      0.01872831653719054
                      255         55.7051874890957        17.58049345225746        57.30235596787541        99.99992722957791      0.01872832508017952
                      256        55.04231479000802         17.1930158315778        57.30235613696703        99.99992723704432      0.01872834134357682
                      257        55.04106371362401        17.18732422754411        57.30235632908065        99.99992724548227      0.01872836226243813
                      258        53.16214003705079        16.06095527043191        57.30235651245033        99.99992725351899      0.01872838291192935
                      259        54.58942408835065        16.47196193837135        57.30235669468644        99.99992726148815      0.01872840434136958
                      260        54.33456980482695        15.95499901719347        57.30235687377828        99.99992726933827      0.01872842515722395
                      261        53.78876616911097        15.22672803869804        57.30235704939817         99.9999272770724      0.01872844431893839
                      262        52.77878421800769        14.92497746551472        57.30235723145066        99.99992728506381      0.01872846492263847
                      263        52.30589810351837        15.17989174230012        57.30235740612829        99.99992729274416       0.0187284860302297
                      264        52.85089808636017        15.57981144529943        57.30235758702726        99.99992730069248      0.01872850844468665
                      265        53.29788854526822        15.50216239279631        57.30235777463047        99.99992730894131      0.01872852976672412
                      266        54.35057345223593        16.53816885422609        57.30235796895128        99.99992731744055       0.0187285492299365
                      267        52.78598951429549        15.43721176434051        57.30235815955783        99.99992732578332      0.01872856688310831
                      268        52.67380991583931        14.70317334332156        57.30235834292134        99.99992733383391      0.01872858710365888
                      269        52.83807876684885        15.25447275066219        57.30235851689766        99.99992734150165      0.01872860653155772
                      270        53.96790865389087        16.17855112052982        57.30235868933045        99.99992734910683         0.01872862653273
                      271        54.91067790993809        16.58045361531807        57.30235885212585        99.99992735631209      0.01872864786453476
                      272        54.65987424397577        16.10289321824733        57.30235900387174        99.99992736305431      0.01872866657673899
                      273        55.03182700129963        16.08869949802098        57.30235915231268        99.99992736970015      0.01872868463040378
                      274        54.89882874468017        15.95303966044851         57.3023592968291        99.99992737620177      0.01872870143636618
                      275        55.16097511673335        15.93700579960926         57.3023596518382         99.9999273914098      0.01872875619696934
                      276        55.08954030571919        15.96635925487887        57.30236000817708        99.99992740667992      0.01872879635688962
                      277        56.02094156406989        16.71985477120811        57.30236037415833        99.99992742232399       0.0187288319606882
                      278        56.52083634847144        17.06986489604967        57.30236073399246        99.99992743768642      0.01872886832491449
                      279        57.24418387568243         17.5400230548827        57.30236113256939        99.99992745464336       0.0187289040884373
                      280        56.98926165413148         17.5514889428937        57.30236154471093        99.99992747215462      0.01872894582213203
                      281        57.14020865668273         17.4953645234271        57.30236192818603         99.9999274884901      0.01872896188241668
                      282        56.14211405887819        17.08652753105919        57.30236227562217        99.99992750335821      0.01872897090162828
                      283        54.98302864234471         16.1204411085528        57.30236260654189         99.9999275175677      0.01872898088114505
                      284        54.83423487617273        16.11971580253435        57.30236295099991        99.99992753234359      0.01872899093211444
                      285        55.71117314210534        16.70257577104841        57.30236329967059        99.99992754728173      0.01872900031334623
                      286        55.81485024261737        16.71192976126369        57.30236366386609        99.99992756284041      0.01872900609271788
                      287        55.19843465976776        16.17698071327918        57.30236410627148        99.99992758159415      0.01872900757717577
                      288        54.97988661888102        16.05806974106092        57.30236456947331         99.9999276012136      0.01872900651975229
                      289        54.73272936156405         15.8470320023406        57.30236496139665        99.99992761790196       0.0187290190668179
                      290        55.87544740774015        16.74149276819449        57.30236544135877        99.99992763820423      0.01872904669527342
                      291        54.97341338698424        16.17910106231331        57.30236589339134        99.99992765736658      0.01872905247324042
                      292        55.41519628966252        16.35431693749318        57.30236638005881        99.99992767793569      0.01872905114240142
                      293        55.19749029791506        16.28492414749899        57.30236676860511        99.99992769448396      0.01872906527324059
                      294        55.42206396802524        16.46917771770158        57.30236723779541        99.99992771431548      0.01872908154161701
                      295        56.52646098305928        17.22337714091353        57.30236764631439        99.99992773167375      0.01872911033515434
                      296         57.3990179946207        18.06017027009553        57.30236801150389        99.99992774726611      0.01872915099497829
                      297        58.15899839156209        18.46836839163666        57.30236842749476        99.99992776495486      0.01872917310831212
                      298        58.77353691932947        19.31903818880937        57.30236884068123         99.9999277825376      0.01872919627727532
                      299        59.83924383525265         20.0216675261416        57.30236921268786        99.99992779844148      0.01872922371274477
                      300        60.77793484328526        20.39462093191426        57.30236956283312        99.99992781346408      0.01872925183715468
                      301        61.66615314602125        20.89219395398602        57.30236992634454        99.99992782904607      0.01872926500653982
                      302         64.0239481256035        21.34138595826166        57.30237034184135        99.99992784677823      0.01872926832396749
                      303        61.20392504642991        19.83689637175555        57.30237071912771        99.99992786292461      0.01872926554753596
                      304        61.43164321420722        19.70767027995596        57.30237107580417        99.99992787823281      0.01872925989527419
                      305        59.64667860391717        19.45227234950442        57.30237143614903        99.99992789367961      0.01872925661716041
                      306        59.05615878269368        18.90320170250887        57.30237176411944        99.99992790776682      0.01872925572570927
                      307        57.86064893500151        18.59370459057268        57.30237207414116        99.99992792109327      0.01872925081925247
                      308        57.45185924426933        18.86275655000708        57.30237237730049        99.99992793413401      0.01872924764034334
                      309        55.96140505852038         18.2800292973232        57.30237268341466        99.99992794730366      0.01872924578327462
                      310        55.68681794092368        18.39379067046013        57.30237299174627        99.99992796058181      0.01872924350642169
                      311        56.06031984088133        18.29470626656797         57.3023732989768        99.99992797380192      0.01872924202224446
                      312        55.21543026053305         18.7648298824005        57.30237360205396        99.99992798683554      0.01872923491207201
                      313        54.54810495733764        18.18008571500519        57.30237389148326        99.99992799928349      0.01872922804625476
                      314        55.13776058699339        18.63164153442372        57.30237417806995        99.99992801160492      0.01872922116742792
                      315          55.300242574447        18.95195981967617        57.30237447035204        99.99992802415223        0.018729212130141
                      316        56.08820228005096        19.77893460214111        57.30237480538324        99.99992803845443      0.01872919250441196
                      317         56.3828853693137        19.88597270641578        57.30237512830629        99.99992805225313      0.01872917384651185
                      318        57.72403993719727        19.73085907602156        57.30237545679168        99.99992806628312      0.01872915192468305
                      319        58.70485930333621        19.57294390446459        57.30237580302132         99.9999280810832      0.01872913079672456
                      320        58.36900722078054        19.09492331427447        57.30237613908017        99.99992809544686      0.01872910760963942
                      321        60.26901419080377        20.30158160671956        57.30237648464131        99.99992811021671      0.01872908463296419
                      322        60.66205448440417        20.60252473732902        57.30237681841206         99.9999281244789      0.01872905490466126
                      323        60.00508557658604        20.75989874061437         57.3023771709852        99.99992813949869      0.01872902680381205
                      324        59.83760993188169        20.58703800874047        57.30237752375579          99.999928154527      0.01872899796027871
                      325        61.04037230470604        20.60450787054558        57.30237786560126        99.99992816909456      0.01872897339017099
                      326        59.01286537358475        20.06958395276143        57.30237820922338        99.99992818372844      0.01872895103554395
                      327        58.43732263731398        20.00191520085271        57.30237855863552        99.99992819858733      0.01872892950916638
                      328        59.07620065676927        19.86874133051194        57.30237890710889         99.9999282134179      0.01872890711539776
                      329        58.43381833734727         19.5976040257009         57.3023792415801        99.99992822767591      0.01872888234379522
                      330        56.56796094712161        18.99087719690281        57.30237958076368        99.99992824213518       0.0187288606940097
                      331          55.614690163761        17.69192026731842        57.30237990654607        99.99992825604579      0.01872883540804571
                      332        54.61773866332452          17.201386984417        57.30238021348376        99.99992826917764      0.01872880827794798
                      333        52.89183856853037        15.51022594290938        57.30238050929475        99.99992828185304      0.01872878073309714
                      334         54.4587453273464        15.72108645769738        57.30238079785599        99.99992829420621      0.01872875223872583
                      335        56.29310683161518          17.055399945741        57.30238107848284        99.99992830622023      0.01872872252506186
                      336        57.39578812272746        17.71188970605093        57.30238132951436        99.99992831699191      0.01872869624900719
                      337        57.65772778927925        17.72473940520539        57.30238157862996        99.99992832767185      0.01872866919148297
                      338         57.8745525740636        18.12462649998902        57.30238180778011        99.99992833752012      0.01872864463688995
                      339        56.78757463245299        17.31275575391059        57.30238201400779        99.99992834638506      0.01872862172466938
                      340        56.05792521870557        17.48883178556511        57.30238222561204          99.999928355473      0.01872859887393163
                      341        54.45530254266627         16.9123328958457        57.30238242618347        99.99992836410823      0.01872857761147007
                      342        54.34841561948714        16.86232342780126        57.30238262691651        99.99992837274854      0.01872855661911577
                      343        54.19318977163481        16.78979276104693        57.30238283386065        99.99992838165696      0.01872853864441115
                      344        54.68299591259209        16.95257523077705        57.30238304705877        99.99992839082304      0.01872852019616289
                      345        54.65797181897694        17.42797664855354        57.30238323831236        99.99992839905099      0.01872850221377131
                      346        52.33674716947881        16.93027642288149        57.30238340839526        99.99992840637452      0.01872848549897044
                      347         52.8571137738092        16.96104047088992        57.30238357939041        99.99992841381643      0.01872847020223345
                      348        52.62821757502035         16.6022114714292        57.30238375533472        99.99992842151416      0.01872845526834954
                      349        53.09935497459802        16.78156113105553        57.30238392707165        99.99992842902029      0.01872844151463271
                      350        51.22103330017828        16.63188505083624        57.30238410245012        99.99992843669125      0.01872843052550577
                      351        51.55659849324141        16.50303022162843        57.30238428792094        99.99992844478938       0.0187284199001243
                      352        52.11416484869047        16.52575946536885        57.30238447230047        99.99992845282986      0.01872840878287185
                      353        52.42005641476584        16.75007084673756        57.30238465779635        99.99992846089054      0.01872839751904287
                      354        51.91730761642435        16.91602386472277        57.30238483651895        99.99992846863466      0.01872838529907428
                      355        54.53498418340886        17.73655021230464        57.30238500973456        99.99992847617614      0.01872837386702009
                      356         56.4181206941309        18.02952307986314        57.30238520814325        99.99992848481233      0.01872835827441799
                      357        54.78633907795344         17.6703635961237        57.30238541535523        99.99992849381813      0.01872834025346437
                      358        54.39002409067209        18.43092942414866        57.30238561927673        99.99992850267068      0.01872832130887669
                      359        54.32634763818596        18.27233431196468        57.30238580566312        99.99992851078139      0.01872830427212824
                      360         55.9891143015797        18.01784797972759        57.30238598538207        99.99992851860438      0.01872828974040375
                      361        55.32987976877831        17.46385780063198        57.30238617764596        99.99992852699927      0.01872827364354346
                      362        55.15849088158043        17.05637242996038         57.3023863803252         99.9999285358506       0.0187282592947482
                      363        56.37846202050933         17.0166369712302        57.30238658351598        99.99992854472421      0.01872824253162442
                      364        56.10575431820792        16.88216284471433        57.30238680789682        99.99992855445879      0.01872823100846155
                      365        54.95378742382155        16.56379014642278        57.30238705081423        99.99992856492447      0.01872822023198628
                      366        53.84123135459112        15.98226264408203        57.30238730832741        99.99992857603391      0.01872821110837863
                      367         54.8893693241516         16.9792203532754        57.30238759926159        99.99992858852615      0.01872820686745769
                      368        56.15069133628469        17.05931635769173        57.30238788434357        99.99992860074427      0.01872820162766953
                      369        57.19930766145876        17.75924365852526        57.30238815324378        99.99992861232835       0.0187281940805204
                      370        58.45221180448412         18.4998063086783        57.30238841302109        99.99992862357318      0.01872818464938808
                      371        57.48777926193166        18.13543155530453        57.30238865920393         99.9999286343219      0.01872817439781249
                      372        57.69366901105129        18.42375731395676        57.30238890396532        99.99992864499198      0.01872816371033048
                      373         57.5332314978431        18.30566231421685        57.30238915627105        99.99992865601703      0.01872815256978777
                      374        58.23868508658288        18.84124603840014        57.30238938725427         99.9999286661313      0.01872813804267404
                      375        58.36687745730624        19.11453541452845        57.30238963540137        99.99992867694728      0.01872812768502463
                      376        58.20769728590651        19.20604686285434        57.30238987669344        99.99992868747384      0.01872811608249059
                      377        58.22191195122341        19.35200789837608        57.30239011248396        99.99992869776186      0.01872810349456566
                      378        60.09976159510364        19.87183743642286          57.302390350031        99.99992870813593      0.01872809060145997
                      379        63.56767513069714         20.2075807394376        57.30239063087329        99.99992872031467      0.01872806736294663
                      380        67.76767104538168        20.57218612623315        57.30239102287241         99.9999287371152      0.01872802169007848
                      381        66.22247013876786        20.50917849924666        57.30239144454174        99.99992875514683      0.01872796899046847
                      382        61.75788108649692        19.83621850633984        57.30239184693599        99.99992877236359      0.01872791834502863
                      383        60.87851704559564        19.81429250222785        57.30239225708436        99.99992878989916      0.01872786566973161
                      384        59.45693820528203        19.58822263683201        57.30239264524118        99.99992880652229      0.01872781696214965
                      385        61.46806910438714        20.03125463650771        57.30239300846098        99.99992882212382      0.01872776964978495
                      386        61.18657449436284        19.75175190855772        57.30239337562293        99.99992883789538      0.01872772248146237
                      387        56.14272313245802        16.95831375438422        57.30239367740873        99.99992885095379      0.01872766779812451
                      388        56.26291583431048        16.87675804114703        57.30239399217304        99.99992886458037      0.01872761492981923
                      389        55.41870052449316        16.25762607342404        57.30239430008145        99.99992887793074      0.01872755831755679
                      390        55.20275116068503        16.09402766092736        57.30239460243303        99.99992889107045      0.01872750246635491
                      391        55.74479228617338        16.61412619305092        57.30239489307084        99.99992890372296      0.01872745064646431
                      392        56.13824584447649        16.73321117086454        57.30239519541345        99.99992891683158      0.01872740351906366
                      393        57.97090932093315        17.86098782193565        57.30239551372864        99.99992893060187      0.01872736622289128
                      394        59.20488837272099        18.50586706989268         57.3023958173095        99.99992894377613      0.01872731826507668
                      395        56.27810484177008        16.88921375420865         57.3023961057099        99.99992895632425      0.01872727375273353
                      396        57.31314633886722        17.39545266076162         57.3023963286892        99.99992896617199       0.0187272454910028
                      397        57.94891501942914        17.63722749134909        57.30239652110524        99.99992897476504      0.01872721477303196
                      398        57.86615421535316        17.63078277264207        57.30239666953497        99.99992898149291      0.01872719026978431
                      399        57.35811464761268        17.72361662801892        57.30239690457972        99.99992899179711       0.0187271481041984
                      400        56.64549975683771        17.38518712510301        57.30239724963289        99.99992900663467      0.01872708131454193
                      401        55.70439421120273         16.7320258989704        57.30239774128789        99.99992902749052        0.018726990329899
                      402        56.03722540982219        17.21792684115406        57.30239826871482        99.99992904981461      0.01872688656434995
                      403        56.14808808331641          17.062690861578        57.30239880164712        99.99992907235369      0.01872678388768811
                      404        56.41981432759861        17.30884839069659        57.30239930037243         99.9999290934981      0.01872669062629129
                      405        57.11721682928001        17.84615184790056        57.30239977812965        99.99992911377311      0.01872660290027284
                      406        57.75105754296056        18.27811379076893        57.30240029699135        99.99992913572981      0.01872650463808512
                      407        57.68016547689938        18.36638053552027        57.30240082370295        99.99992915800908      0.01872640376542911
                      408        58.27095404389882        18.53266594687555        57.30240135750444        99.99992918057941      0.01872629920913305
                      409        58.10282942450368        18.68899786049714        57.30240190234282         99.9999292036059      0.01872619026648259
                      410        57.98986464099745        18.52748331842628        57.30240245047932        99.99992922677248      0.01872608060948799
                      411        58.44711677968025        18.61633682104012        57.30240299002944        99.99992924957175      0.01872596955265315
                      412        58.10736846099353         18.6159888290112        57.30240354113772        99.99992927285234       0.0187258585908836
                      413        57.39148243625585        18.26042953511375         57.3024040969309        99.99992929633406      0.01872574776792391
                      414        56.84115800964091        17.86723738081572        57.30240464848255        99.99992931964908      0.01872564269546473
                      415        57.90170339135628        18.61156157155633        57.30240521651076        99.99992934362929       0.0187255409090028
                      416        57.00682399054181        17.99046726228656        57.30240579050621        99.99992936786072      0.01872543922701375
                      417        56.35258730614507        17.62402715080399        57.30240643947906        99.99992939515826      0.01872535556312194
                      418         57.2513022440013        18.32641958402511        57.30240705710908        99.99992942119489      0.01872527140200653
                      419         57.3732033085647        18.37305282940493        57.30240756284316        99.99992944268359      0.01872521205801547
                      420        57.34607191866309        18.36694098795156        57.30240806338371        99.99992946396134      0.01872515666017804
                      421        56.17391985499476        17.44261598045565        57.30240865747889        99.99992948905738      0.01872508613398871
                      422        55.68227524764058        17.20656120760984        57.30240927892754         99.9999295152593      0.01872501261412385
                      423         55.3737084902982        16.79581542828171        57.30240988361717        99.99992954076332      0.01872494276815928
                      424        55.60354380994237        16.93576736580706        57.30241049040228        99.99992956637156      0.01872487299823611
                      425        55.69908031531524        17.25933016293373        57.30241104716927        99.99992958993893      0.01872481225851708
                      426        56.11416334536701        17.39030842585103        57.30241160598729        99.99992961359469      0.01872474968874194
                      427         56.1105286363802        17.36370785222153        57.30241213145953        99.99992963589298      0.01872469491438622
                      428        55.75459332227516        16.94750728475674        57.30241268425804        99.99992965927699      0.01872464426313591
                      429        54.50169973492974        15.61224433326897        57.30241322603624         99.9999296821815      0.01872459937279025
                      430        54.24553303949944        15.59656935248293        57.30241379551445         99.9999297062145      0.01872455699794617
                      431         54.4876312130494        15.62183997435003        57.30241433389567        99.99992972898346      0.01872451084026583
                      432        54.23037055889792        15.53601719779073        57.30241490367676        99.99992975302408       0.0187244600245835
                      433        54.27736169938865        15.46335244322861         57.3024154899236        99.99992977774208      0.01872441972835048
                      434        54.20585863929364        15.40486520901213        57.30241608073231        99.99992980264066      0.01872433724187417
                      435        54.08947517520592        15.34613413041869        57.30241669872368        99.99992982864808       0.0187242564720016
                      436        54.22660877623508        15.44287453165546        57.30241732140125        99.99992985483857      0.01872418167233114
                      437        54.19855663862499        15.42993411840688        57.30241795564481        99.99992988150458      0.01872411307834376
                      438        54.04399299359881        15.31425390623145        57.30241849381488        99.99992990426303      0.01872405030962732
                      439        54.10261300084736        15.16093489750793        57.30241894135212        99.99992992332928      0.01872399997367236
                      440        54.81647561170917        16.05961801327836        57.30241938086364        99.99992994207561      0.01872395085758249
                      441        56.40723583241372        17.25645089302418        57.30241987185573        99.99992996294226      0.01872387374964646
                      442        56.30773446367657        17.37221152611123        57.30242026379685        99.99992997973051      0.01872381288493141
                      443        56.98094244540627         17.7255718908293        57.30242059344873        99.99992999395792      0.01872376598439995
                      444         55.7817840102357        16.91736746157673        57.30242112958379        99.99993001665749      0.01872367728964797
                      445        55.33461760340533        16.38744404732362        57.30242167922248        99.99993003990359      0.01872357795882529
                      446        54.31368628557604        15.66348401217227        57.30242230303759        99.99993006615357      0.01872348324603657
                      447        54.51871885697128        15.60541644224843        57.30242275221208         99.9999300852871      0.01872340264157124
                      448         54.7427042708764        15.84840682385867        57.30242325972119        99.99993010679454      0.01872332373977414
                      449        53.79596870013403        14.74453339867347        57.30242367187459        99.99993012439832      0.01872326899657306
                      450         54.3602965010562         15.3214420569898        57.30242413329674        99.99993014402597       0.0187232358673679
                      451        54.39572302462805        15.54238149671811        57.30242463806695        99.99993016542716      0.01872319003198619
                      452        54.73356332690297        15.76083513534835        57.30242513212481        99.99993018640332      0.01872314841117273
                      453        54.74195370686819        15.85881244240885        57.30242564985973         99.9999302083359      0.01872305734977964
                      454        54.82135771848006        15.98306775838159        57.30242618374524        99.99993023094355      0.01872295512768218
                      455        54.91221153187221         16.0451807903668        57.30242670288995        99.99993025295194      0.01872287611528467
                      456        54.50679613691354        15.68115052951793         57.3024272680175        99.99993027682314      0.01872280487601685
                      457        54.66013661332182        15.74123509867765        57.30242776585399        99.99993029795591      0.01872276315423616
                      458         55.5510546104761         16.6568222492565         57.3024281780373        99.99993031557642      0.01872270181786284
                      459         55.6803661012716        16.58676105925546        57.30242845868213        99.99993032776828       0.0187226649260559
                      460        54.87435833831238        16.21388556015892         57.3024286725126        99.99993033723257      0.01872263944424102
                      461         57.2459127837143        17.89107652968072        57.30242886859301         99.9999303459671      0.01872261606170023
                      462        56.49014874745836        17.53413252078481        57.30242929925669        99.99993036437212      0.01872254650180949
                      463        54.88297822855226        16.25682552469867        57.30242983123894         99.9999303869287      0.01872246287369705
                      464        54.94951156393789        16.36768530697471        57.30243039607406        99.99993041082028      0.01872237229796703
                      465        55.12227376440394         16.3669565442306        57.30243093360974        99.99993043360368       0.0187222871424737
                      466        54.71376594170443        16.01438663533306        57.30243146718712        99.99993045620961      0.01872219559072974
                      467        54.36511277335063         15.8012593730167        57.30243212147963        99.99993048370786       0.0187221022847357
                      468        54.48746630588394        15.78399961550256        57.30243272153658        99.99993050901263      0.01872203010326334
                      469        54.38220325509496        15.49254810097361        57.30243311219959        99.99993052578026      0.01872198967116034
                      470        55.18240017426022        16.45710100130336        57.30243358398175        99.99993054586839      0.01872193725735283
                      471        55.37892471715458        16.74400249138086        57.30243415437599        99.99993056997931      0.01872186321836011
                      472        55.05564995603405        16.18207077137309        57.30243468239125        99.99993059235425      0.01872178730696028
                      473        55.33490899346965        16.64456209501654        57.30243505780349        99.99993060851145      0.01872173691834345
                      474        55.31602740069059        16.51110711907561        57.30243546350471        99.99993062589481      0.01872167939256464
                      475        55.18954866336846        16.40748750191998        57.30243599208522        99.99993064829467       0.0187216029541224
                      476        55.14118662321488        16.45813920818523        57.30243647927338         99.9999306690183      0.01872155993127711
                      477        55.71906238782092        16.91525761586268         57.3024369915277        99.99993069076616      0.01872153015090783
                      478         54.3427349710058         15.6731441146773        57.30243739281266         99.9999307079888      0.01872154132550419
                      479        54.83775576990167        16.08114184716342        57.30243780018341        99.99993072546597      0.01872155067858117
                      480        56.85056180094016        17.83396665599737        57.30243819942928        99.99993074259156      0.01872155782308793
                      481        59.12039253004612        18.46910136889889        57.30243851722093        99.99993075634765      0.01872158093626552
                      482        59.10010018011995        18.79798180922694        57.30243885111675        99.99993077076859      0.01872160771832743
                      483        59.24032778384095        18.91056295059869        57.30243920093325        99.99993078584704      0.01872162546881917
                      484        60.36686653653438        19.43704544043505        57.30243947378025        99.99993079775298      0.01872164532815646
                      485        59.97629029494078        19.17762584858349        57.30243973778906        99.99993080927638      0.01872166967321842
                      486        59.40420507050258        18.87315116540652        57.30244006865442        99.99993082355836      0.01872168319979028
                      487        56.90086106311929        17.51260016566282        57.30244046177224        99.99993084039187       0.0187216875288323
                      488        56.35691231095765        17.08462823519733        57.30244087887975        99.99993085817447      0.01872169150021175
                      489        55.98607733685783        16.80314019014279        57.30244130887426        99.99993087649477       0.0187216967148558
                      490        54.98903684522423        15.99502827521819        57.30244186961906        99.99993090016305      0.01872169118417455
                      491        54.09434016815432        15.03076089970112        57.30244234811124        99.99993092044923      0.01872167645735523
                      492         53.3839554435508        14.10558327583481        57.30244291055484        99.99993094414671      0.01872164998974402
                      493        53.47483788071522        14.33297397505869        57.30244346872958        99.99993096767595      0.01872162624059648
                      494        53.14110486342919        13.82359470201002        57.30244403118921        99.99993099137139      0.01872159090840286
                      495        52.80253530633943        13.49845560689742        57.30244462792605        99.99993101645744      0.01872157343363323
                      496        52.40754565363896        12.86977594896334        57.30244515763737        99.99993103881086      0.01872159459270506
                      497        52.30708212078544        12.81000636818063        57.30244564049127        99.99993105924678      0.01872161526535798
                      498        52.23473067471144        12.78180061614397        57.30244612759907        99.99993107985928      0.01872163102194779
                      499        52.16285737442564        12.62399737875861        57.30244663669475        99.99993110136411      0.01872164542156973
                      500        52.31550571990089         12.6977434160715        57.30244713840324        99.99993112257987      0.01872165262538195

Final average n0: 55.83995980965129
Final fluctuations n0: 16.97626125362739

Averages:
50.48662266478294
50.33314950574847
50.50495134070519
50.60422382183488
51.27510370197425
53.12491910112562
55.13733535907875
56.20097065248652
56.58513452566809
56.55590147147457
56.48066140844164
57.94704430374205
58.6979932577097
58.28761326048227
58.59121553005392
58.61147193058215
58.35384099039083
58.34239022515197
57.46609971243759
58.30651241474476
62.65240091631579
62.13357046934421
62.80569726361935
65.33344437945442
65.13202767968315
66.96428626561662
66.73601283405011
64.07588112163153
67.08269075135506
67.53487077025267
65.36278358151135
64.53342385552747
65.09474832583915
64.38238833265511
62.67314691710227
64.39296671360191
63.66547335110649
64.03723293874481
62.51299557708501
60.28400126943507
55.76345958268114
58.57972857663302
59.41939459407855
58.20302941737993
57.2965868365118
53.85259584691755
53.4069837668762
53.53221374433177
53.37646049729656
53.76928279649271
54.20791210483631
53.66935805206635
52.20308475771788
53.25718382087901
52.76066674345321
52.67041835728867
52.4220090843763
52.10552139588263
52.84935389528093
53.46044137926761
52.9316304840637
53.71343360633215
54.32534495899733
54.29509596156326
56.87108854883593
54.86820922002068
57.99350615507518
61.99335390034501
60.49095130106772
63.57178159646038
62.11263144307987
62.74620780472005
64.04713031363409
61.18705388748959
59.54139970041821
58.42315650105461
58.16145244990664
56.84294938717569
58.7945939292936
58.73323776605847
57.30436478389753
56.07103270000922
57.33514178870691
56.80862979234749
57.6757074477861
58.63739511362488
57.86765692695595
57.7196243630368
55.6927911713733
54.59730348840893
54.58936985913764
53.96596164888824
53.98641361506823
54.44354805870625
54.20215983970832
54.62582629503622
54.20730552375995
54.51468279908344
54.66225116396388
54.76778494198663
54.74340605239194
54.35705317741748
54.29692256758926
53.83730672608804
53.71963416935239
53.72806906167161
53.62947758569248
53.81177026462674
53.83164127969645
53.3965115381349
53.32779928891013
53.36178047028893
53.31362041987273
53.37006813046914
53.57758362276676
53.47003879574208
53.75831020957229
53.50283936129521
53.63842454275417
53.36250141927167
53.57990595694634
53.60860530305474
53.44744671607369
53.51248275506467
53.46115391231653
53.30392864514677
53.38209114618117
53.34006926953166
53.22238794822443
53.22244708394926
53.39817800161898
53.52438327493542
53.84950244614326
53.669663690733
53.84626911713466
53.82296491286707
53.32983482968534
53.26583606428112
53.13456499502087
52.99441607274318
53.25663611768201
53.10986375807106
52.89651981370912
52.57908996046064
52.6341544178429
52.51949272333016
52.47573171314626
52.64927582017875
52.70383778598358
52.71226282370566
52.71644544797267
52.63351430144431
52.61266746050955
52.73020218961691
52.97000457202451
52.74720581879662
52.91432026390898
52.72952544819595
52.5571188193379
52.56469694726976
53.151306327573
54.42597479230316
54.62941344966942
54.69560965969222
54.28148393059325
53.88403130560395
52.65106108492625
53.34413145476495
53.58083278887217
53.16206070453844
53.5063800828157
53.73003815787738
54.61772947928971
55.42465130657733
55.39304327851553
54.32843171920638
54.33436705411472
55.71983001456348
59.02077105836876
60.34648506924798
61.02511811819313
60.2570416318166
60.18314755158504
58.28141077478395
56.70502535013517
57.04904278190882
56.69206742352053
55.88381425736709
54.90832740953042
54.31301719773931
54.48145978873227
53.98155659977325
53.45575487816038
53.87804994359433
53.75115876157007
53.69798148282853
53.74084457613829
53.72420401672805
53.99226073585446
54.10036796342532
54.48892271853781
56.27950748426527
55.9779611697743
56.08714223869831
55.97201018015763
55.84973668376898
56.24212769838467
56.08876949578276
55.96577617611531
54.81306336689909
54.1435824137515
54.2435476226028
54.15240847899236
54.17425262441108
54.73958040757157
55.70623882623845
54.89510412262339
56.61360021870761
55.38085096783701
55.12353309827584
54.77968616285357
55.05186514380625
54.68043853918742
54.32617325827624
54.50032596095237
54.31860088673182
54.23851707641283
54.37171811528453
54.12441377056629
53.05656365816659
52.91240201156405
52.72667591392805
53.24911288388434
53.73892972073489
53.81851863190138
53.49926338495323
52.94665754734727
53.83551869021112
53.47292628696681
53.50152076636179
53.88777643669351
53.71307776669921
53.62579184590336
53.57640177054321
53.85614128105078
53.76564608067009
53.52403099277734
53.04312161830486
53.11598799000281
52.82985657611449
54.60921179352946
52.02097686926166
53.29663053517056
54.78195004057282
55.7051874890957
55.04231479000802
55.04106371362401
53.16214003705079
54.58942408835065
54.33456980482695
53.78876616911097
52.77878421800769
52.30589810351837
52.85089808636017
53.29788854526822
54.35057345223593
52.78598951429549
52.67380991583931
52.83807876684885
53.96790865389087
54.91067790993809
54.65987424397577
55.03182700129963
54.89882874468017
55.16097511673335
55.08954030571919
56.02094156406989
56.52083634847144
57.24418387568243
56.98926165413148
57.14020865668273
56.14211405887819
54.98302864234471
54.83423487617273
55.71117314210534
55.81485024261737
55.19843465976776
54.97988661888102
54.73272936156405
55.87544740774015
54.97341338698424
55.41519628966252
55.19749029791506
55.42206396802524
56.52646098305928
57.3990179946207
58.15899839156209
58.77353691932947
59.83924383525265
60.77793484328526
61.66615314602125
64.0239481256035
61.20392504642991
61.43164321420722
59.64667860391717
59.05615878269368
57.86064893500151
57.45185924426933
55.96140505852038
55.68681794092368
56.06031984088133
55.21543026053305
54.54810495733764
55.13776058699339
55.300242574447
56.08820228005096
56.3828853693137
57.72403993719727
58.70485930333621
58.36900722078054
60.26901419080377
60.66205448440417
60.00508557658604
59.83760993188169
61.04037230470604
59.01286537358475
58.43732263731398
59.07620065676927
58.43381833734727
56.56796094712161
55.614690163761
54.61773866332452
52.89183856853037
54.4587453273464
56.29310683161518
57.39578812272746
57.65772778927925
57.8745525740636
56.78757463245299
56.05792521870557
54.45530254266627
54.34841561948714
54.19318977163481
54.68299591259209
54.65797181897694
52.33674716947881
52.8571137738092
52.62821757502035
53.09935497459802
51.22103330017828
51.55659849324141
52.11416484869047
52.42005641476584
51.91730761642435
54.53498418340886
56.4181206941309
54.78633907795344
54.39002409067209
54.32634763818596
55.9891143015797
55.32987976877831
55.15849088158043
56.37846202050933
56.10575431820792
54.95378742382155
53.84123135459112
54.8893693241516
56.15069133628469
57.19930766145876
58.45221180448412
57.48777926193166
57.69366901105129
57.5332314978431
58.23868508658288
58.36687745730624
58.20769728590651
58.22191195122341
60.09976159510364
63.56767513069714
67.76767104538168
66.22247013876786
61.75788108649692
60.87851704559564
59.45693820528203
61.46806910438714
61.18657449436284
56.14272313245802
56.26291583431048
55.41870052449316
55.20275116068503
55.74479228617338
56.13824584447649
57.97090932093315
59.20488837272099
56.27810484177008
57.31314633886722
57.94891501942914
57.86615421535316
57.35811464761268
56.64549975683771
55.70439421120273
56.03722540982219
56.14808808331641
56.41981432759861
57.11721682928001
57.75105754296056
57.68016547689938
58.27095404389882
58.10282942450368
57.98986464099745
58.44711677968025
58.10736846099353
57.39148243625585
56.84115800964091
57.90170339135628
57.00682399054181
56.35258730614507
57.2513022440013
57.3732033085647
57.34607191866309
56.17391985499476
55.68227524764058
55.3737084902982
55.60354380994237
55.69908031531524
56.11416334536701
56.1105286363802
55.75459332227516
54.50169973492974
54.24553303949944
54.4876312130494
54.23037055889792
54.27736169938865
54.20585863929364
54.08947517520592
54.22660877623508
54.19855663862499
54.04399299359881
54.10261300084736
54.81647561170917
56.40723583241372
56.30773446367657
56.98094244540627
55.7817840102357
55.33461760340533
54.31368628557604
54.51871885697128
54.7427042708764
53.79596870013403
54.3602965010562
54.39572302462805
54.73356332690297
54.74195370686819
54.82135771848006
54.91221153187221
54.50679613691354
54.66013661332182
55.5510546104761
55.6803661012716
54.87435833831238
57.2459127837143
56.49014874745836
54.88297822855226
54.94951156393789
55.12227376440394
54.71376594170443
54.36511277335063
54.48746630588394
54.38220325509496
55.18240017426022
55.37892471715458
55.05564995603405
55.33490899346965
55.31602740069059
55.18954866336846
55.14118662321488
55.71906238782092
54.3427349710058
54.83775576990167
56.85056180094016
59.12039253004612
59.10010018011995
59.24032778384095
60.36686653653438
59.97629029494078
59.40420507050258
56.90086106311929
56.35691231095765
55.98607733685783
54.98903684522423
54.09434016815432
53.3839554435508
53.47483788071522
53.14110486342919
52.80253530633943
52.40754565363896
52.30708212078544
52.23473067471144
52.16285737442564
52.31550571990089

Fluctuations:
10.89345823748842
10.5111009711544
10.70953300007343
10.72369966841269
12.27533719873796
14.59616549505077
16.5994297048248
17.66748319209914
18.44020900320855
18.35335221347131
18.80165808827451
19.35993940050604
19.40409481243218
19.4499679618326
19.42327825221948
19.297000187012
19.31658037818363
19.3493692296634
19.047059099196
19.16433435805668
19.83214255574304
19.85026325068293
20.03035316518964
20.01832075912455
20.22502418485912
20.12829496732065
19.58777563191267
20.12050960054173
19.92400664091537
20.17968209939853
20.23399996423433
20.04990141815959
19.40411305012962
19.10569481080935
19.26693925362698
19.62951714301324
19.80640824928523
20.12611282972035
19.66385451929137
19.01290911279797
17.89463305344213
18.54904500053895
18.39725308588626
17.94466305509554
17.61744070394546
16.30325094915117
16.05617522955224
16.06437616549917
16.14696412902347
16.33219937836034
16.39839318078269
16.15510875278
14.75541415448495
15.361918968698
15.06996640573381
14.71951188338105
14.28465493577749
14.23134386648073
15.02149580025289
15.84915752287725
15.62773855601815
15.98143916283991
16.56814682116647
16.35958824931451
17.47755151203505
16.71393802236928
18.00848463226574
18.7611787727094
18.78480748913226
18.94768220473171
18.91765000462062
18.76441038788866
18.0061639269776
17.49523592557034
17.34684494454912
16.71364236677652
16.25696585522264
15.44739487783727
16.57586015998041
16.59952645901135
16.07518250717554
15.41463091834664
16.34693688336788
16.18529919693815
17.05109954138159
17.62328035500179
17.41595442179429
17.17721282913965
16.18316609120907
15.18155846003122
15.16650004001338
14.20351926285683
14.56750735337828
15.24948836370639
14.86137556381374
15.43827366024821
15.18198329659734
15.3973576735405
15.82836413413218
15.81426614197041
15.72697068739774
15.51121516126457
15.44311782670967
14.91211620341788
14.75315610753974
14.74007459760746
14.8660257074109
14.85831042335382
14.85896468236317
14.52022825565457
14.38243520787587
14.42897574696434
14.33903090043562
14.45025172658306
14.45092820466081
14.57963291229621
14.71286522411537
14.67934091222779
14.54471112523308
14.46482100910972
14.64805059773369
14.53137010716512
14.48402116788127
14.62996392358525
14.51302101751211
14.26183172953001
14.3828491988866
14.34886506937739
14.36810249475485
14.27470324507671
14.42264105552782
14.65567019539118
14.78194335915926
14.85157280254541
14.81500262103322
14.72342557974058
14.40374299156435
14.07343349051784
13.98706905596283
13.86297567998949
13.99764933910617
14.13193713915562
13.70028154880239
13.42417627455786
13.28096833883093
13.28418030280385
13.41764729578414
13.49409949241721
13.55157331113147
13.50767129709525
13.56229758121891
13.41188761456501
13.39086077824517
13.548455458393
13.80645251880959
13.68488150380875
13.63656249189372
13.58038622008982
13.30824517418351
13.23963581289232
13.88905630678171
15.17830847320001
15.44629084304071
15.3158879699631
15.10327602751746
14.48892649459916
13.1339620937411
14.03458647818984
14.13313513357724
14.0128224261261
14.32197491013521
14.64983952781857
15.37122328409144
16.20551199835721
15.88767274254898
14.94740853655136
14.98635453128549
16.22219772259178
17.99696917112622
18.905379135922
19.05779750087153
19.01501944290229
18.66646011104597
17.6891547315009
16.95337544018932
17.21781843286777
16.88945722491009
16.36359443196013
15.45606528160827
15.0164881202867
15.19882075455116
14.82326075389192
14.04772506251956
14.40032131135378
14.37311550852447
14.32234051320981
14.24568705865439
14.5003560937913
14.52648648907436
14.81294062906684
15.26532318010535
16.80198197692353
16.77184816837346
16.84675629287267
16.85738260778145
16.89168683498493
16.91231649672389
17.03608125558167
16.93260484589774
15.98254062584238
15.3286496265414
15.25615981757294
15.38561754041107
15.41225231210368
15.81149514169638
16.8817242954529
16.30601562731284
17.47105529221006
17.09374439899043
16.90724931620311
16.88158747134296
16.76258092422858
16.46268977429397
16.32393627286758
16.43202252351568
16.28434214182693
16.19020789126358
16.43327378545523
16.20992521643988
15.14138753193037
14.89047101434613
14.69312709534532
15.37769014716345
15.90388328088009
15.78295574520562
15.6412912474671
15.09026977999089
15.69886460872562
15.38038788194609
15.45634525163218
15.71635745897158
15.59612625599453
15.56758277645036
15.36605501559279
15.78189954739751
15.63227774782139
15.31880630903873
14.86847188364583
15.10379955982872
14.78142581742016
16.23742810331579
14.39336353708647
15.89771083560472
17.02260735783815
17.58049345225746
17.1930158315778
17.18732422754411
16.06095527043191
16.47196193837135
15.95499901719347
15.22672803869804
14.92497746551472
15.17989174230012
15.57981144529943
15.50216239279631
16.53816885422609
15.43721176434051
14.70317334332156
15.25447275066219
16.17855112052982
16.58045361531807
16.10289321824733
16.08869949802098
15.95303966044851
15.93700579960926
15.96635925487887
16.71985477120811
17.06986489604967
17.5400230548827
17.5514889428937
17.4953645234271
17.08652753105919
16.1204411085528
16.11971580253435
16.70257577104841
16.71192976126369
16.17698071327918
16.05806974106092
15.8470320023406
16.74149276819449
16.17910106231331
16.35431693749318
16.28492414749899
16.46917771770158
17.22337714091353
18.06017027009553
18.46836839163666
19.31903818880937
20.0216675261416
20.39462093191426
20.89219395398602
21.34138595826166
19.83689637175555
19.70767027995596
19.45227234950442
18.90320170250887
18.59370459057268
18.86275655000708
18.2800292973232
18.39379067046013
18.29470626656797
18.7648298824005
18.18008571500519
18.63164153442372
18.95195981967617
19.77893460214111
19.88597270641578
19.73085907602156
19.57294390446459
19.09492331427447
20.30158160671956
20.60252473732902
20.75989874061437
20.58703800874047
20.60450787054558
20.06958395276143
20.00191520085271
19.86874133051194
19.5976040257009
18.99087719690281
17.69192026731842
17.201386984417
15.51022594290938
15.72108645769738
17.055399945741
17.71188970605093
17.72473940520539
18.12462649998902
17.31275575391059
17.48883178556511
16.9123328958457
16.86232342780126
16.78979276104693
16.95257523077705
17.42797664855354
16.93027642288149
16.96104047088992
16.6022114714292
16.78156113105553
16.63188505083624
16.50303022162843
16.52575946536885
16.75007084673756
16.91602386472277
17.73655021230464
18.02952307986314
17.6703635961237
18.43092942414866
18.27233431196468
18.01784797972759
17.46385780063198
17.05637242996038
17.0166369712302
16.88216284471433
16.56379014642278
15.98226264408203
16.9792203532754
17.05931635769173
17.75924365852526
18.4998063086783
18.13543155530453
18.42375731395676
18.30566231421685
18.84124603840014
19.11453541452845
19.20604686285434
19.35200789837608
19.87183743642286
20.2075807394376
20.57218612623315
20.50917849924666
19.83621850633984
19.81429250222785
19.58822263683201
20.03125463650771
19.75175190855772
16.95831375438422
16.87675804114703
16.25762607342404
16.09402766092736
16.61412619305092
16.73321117086454
17.86098782193565
18.50586706989268
16.88921375420865
17.39545266076162
17.63722749134909
17.63078277264207
17.72361662801892
17.38518712510301
16.7320258989704
17.21792684115406
17.062690861578
17.30884839069659
17.84615184790056
18.27811379076893
18.36638053552027
18.53266594687555
18.68899786049714
18.52748331842628
18.61633682104012
18.6159888290112
18.26042953511375
17.86723738081572
18.61156157155633
17.99046726228656
17.62402715080399
18.32641958402511
18.37305282940493
18.36694098795156
17.44261598045565
17.20656120760984
16.79581542828171
16.93576736580706
17.25933016293373
17.39030842585103
17.36370785222153
16.94750728475674
15.61224433326897
15.59656935248293
15.62183997435003
15.53601719779073
15.46335244322861
15.40486520901213
15.34613413041869
15.44287453165546
15.42993411840688
15.31425390623145
15.16093489750793
16.05961801327836
17.25645089302418
17.37221152611123
17.7255718908293
16.91736746157673
16.38744404732362
15.66348401217227
15.60541644224843
15.84840682385867
14.74453339867347
15.3214420569898
15.54238149671811
15.76083513534835
15.85881244240885
15.98306775838159
16.0451807903668
15.68115052951793
15.74123509867765
16.6568222492565
16.58676105925546
16.21388556015892
17.89107652968072
17.53413252078481
16.25682552469867
16.36768530697471
16.3669565442306
16.01438663533306
15.8012593730167
15.78399961550256
15.49254810097361
16.45710100130336
16.74400249138086
16.18207077137309
16.64456209501654
16.51110711907561
16.40748750191998
16.45813920818523
16.91525761586268
15.6731441146773
16.08114184716342
17.83396665599737
18.46910136889889
18.79798180922694
18.91056295059869
19.43704544043505
19.17762584858349
18.87315116540652
17.51260016566282
17.08462823519733
16.80314019014279
15.99502827521819
15.03076089970112
14.10558327583481
14.33297397505869
13.82359470201002
13.49845560689742
12.86977594896334
12.81000636818063
12.78180061614397
12.62399737875861
12.6977434160715

Last point and parameters for further simulation:
100
5
-0.00530189
contact

-0.4082103738763624
0.2498733967728851
-0.7020786115455876
0.7874599279222432
1.618728314696893
7.292511323862013
-2.337183396929989
0.7035093332064833
-0.1344824847371587
-0.359275569314524
0.5031949120693452
1.074743930929844
-0.5868706598677994
1.466953983001544
-0.4703870256859987
-2.958257195698511
3.291606851138461
3.277002125413253
-0.1166565360002684
0.674067482380349
-0.5857045863785322
-1.220937251898399

Final quantities:
55.83995980965129
16.97626125362739
