   batch        P accept         n0 mean            +/-     n0 std dev          E mean            +/-      E std dev          P mean            +/-      P std dev
    init        0.506256          51.086      0.0252186        25.2186         5446.98       0.148125        148.125         1.99287      0.0371595        37.1594
    init        0.506097         51.6797      0.0237674        23.7673         5446.93       0.146309        146.308         1.60843      0.0315455        31.5455
    init        0.506101         51.4486      0.0246883        24.6883         5448.82       0.149286        149.286       -0.721926      0.0329146        32.9145
    init        0.506379         52.0186      0.0240847        24.0847         5451.41       0.151131        151.131         4.92228      0.0302764        30.2764
    init        0.505991         50.5197      0.0249549        24.9549         5449.98       0.148215        148.215        -3.66076      0.0368784        36.8784
    init        0.505901          48.413      0.0247541         24.754          5458.7       0.149445        149.445           5.439      0.0372381        37.2381
    init        0.506294         45.6879      0.0261773        26.1773         5461.21       0.150039        150.039        -18.1637      0.0414737        41.4737
    init        0.506176         53.7783      0.0229154        22.9154         5441.93       0.145167        145.167       -0.707035      0.0257659        25.7659
    init        0.506235         51.0848      0.0247352        24.7352         5450.96       0.147799        147.799        -5.59441      0.0345741        34.5741
    init        0.506311         44.0256      0.0262391        26.2391          5467.2       0.149941        149.941         3.07706      0.0442088        44.2087
    init        0.506028         41.6348       0.026718        26.7179         5473.81       0.154712        154.712         6.71873      0.0511261        51.1261
    init        0.506185         51.8572      0.0237152        23.7152         5451.38       0.150419        150.419         6.22639      0.0308736        30.8736
    init        0.506193          53.412      0.0229834        22.9834         5448.15       0.147678        147.678        -1.17652      0.0245643        24.5643
    init        0.506088         47.1485       0.026021         26.021         5453.88       0.144828        144.828         1.16254       0.042677         42.677
    init        0.506126         49.5207      0.0256775        25.6775         5452.67       0.147565        147.565        -2.10523      0.0372742        37.2742
    init        0.506321         47.2086      0.0252879        25.2879          5457.4       0.151616        151.616         7.30212      0.0372866        37.2866
    init        0.506285         51.0523      0.0239674        23.9674         5450.58       0.154053        154.053       -0.403852      0.0325669        32.5669
    init        0.505993         49.8255      0.0257761        25.7761          5451.2       0.148041        148.041       -0.647973      0.0366042        36.6042
    init        0.506345         49.5284      0.0257032        25.7032         5453.78       0.149936        149.936        -11.2479      0.0359834        35.9834
    init        0.506241         47.1041      0.0258198        25.8198         5458.47       0.149022        149.022         0.49936      0.0417444        41.7443
    init        0.506121          50.089      0.0248982        24.8982          5456.4       0.150762        150.762         7.36206      0.0362709        36.2709
    init        0.506066         53.4835      0.0234185        23.4185         5444.19       0.145612        145.612        -4.22341      0.0301376        30.1375
    init        0.506314         51.4652      0.0250079        25.0079         5449.71       0.148564        148.564        -1.60824      0.0355888        35.5888
    init        0.506263         47.1606      0.0250002        25.0001         5457.77         0.1486          148.6        -12.9943      0.0358388        35.8388
    init        0.506143          48.891      0.0255867        25.5867          5452.6       0.148563        148.563        -6.10829      0.0386525        38.6524
    init        0.506226         51.5336      0.0243025        24.3025         5448.75       0.146978        146.978        -3.84144      0.0321193        32.1193
    init        0.506298         46.8805      0.0261419        26.1418         5457.75       0.149006        149.006         4.28903      0.0413585        41.3585
    init        0.506168         52.2824      0.0241238        24.1238         5445.57        0.14616         146.16       -0.363603      0.0303669        30.3669
    init        0.506367         53.8833      0.0243918        24.3918          5441.8       0.146429        146.429         4.63601      0.0325489        32.5489
    init        0.506307         48.1855      0.0255427        25.5427          5454.5       0.148129        148.129         7.53975      0.0378139        37.8139
    init        0.506321         50.6301      0.0243958        24.3958         5448.35       0.148488        148.488         2.53572      0.0337056        33.7056
    init        0.506155         45.3736      0.0264427        26.4426         5462.12       0.151425        151.425        -17.2679      0.0420326        42.0326
    init        0.506302          47.946      0.0263843        26.3843         5459.05       0.151877        151.876          10.444      0.0412905        41.2905
    init        0.506245         43.5976      0.0272173        27.2173          5469.7       0.155694        155.694        -7.12922      0.0479712        47.9712
    init        0.506518          47.135        0.02569          25.69         5459.63       0.150368        150.368        -10.4069      0.0398052        39.8052
    init        0.506145         50.7281      0.0244696        24.4696         5454.95       0.149257        149.257         -1.1472      0.0338562        33.8562
    init        0.506195         47.3772      0.0260889        26.0889         5458.52       0.148478        148.478         14.7218      0.0399404        39.9404
    init        0.506316         49.6002      0.0256886        25.6885         5452.45       0.148203        148.203         2.56251      0.0364036        36.4036
    init        0.506069          47.181       0.025757         25.757            5461        0.15437         154.37        -11.8241        0.03722          37.22
    init        0.506325         45.0622      0.0263585        26.3585         5463.79       0.154921        154.921        -3.74861      0.0438913        43.8913
    init        0.506209         48.0499      0.0246326        24.6326          5460.3       0.153374        153.374        -1.56645      0.0369329        36.9329
    init        0.506107         45.3246      0.0266961        26.6961         5463.01       0.152232        152.232        0.233563      0.0452575        45.2575
    init         0.50621         47.7004      0.0258371        25.8371         5460.21       0.150186        150.186      -0.0113903      0.0431125        43.1124
  accept        0.499891         53.3961       0.023189         23.189         5445.29       0.146435        146.435         1.29199      0.0306485        30.6485
  accept        0.500167         42.8609      0.0268052        26.8052         5467.05       0.149206        149.206        -7.43968      0.0464596        46.4595
  accept        0.499757         47.2739      0.0255036        25.5036         5457.08       0.147329        147.329         0.24848      0.0370868        37.0868
  accept        0.499969          52.857      0.0231408        23.1408         5446.34       0.145212        145.212        -2.10406      0.0280542        28.0542
  accept         0.50038         52.3303      0.0226899        22.6899         5447.55         0.1461          146.1         1.77198      0.0225519        22.5519
  accept        0.499706          53.246      0.0227144        22.7144          5444.7       0.143148        143.148         3.38597      0.0274324        27.4324
  accept        0.500596         44.0755      0.0268849        26.8849         5464.25       0.148026        148.026       -0.625523      0.0454733        45.4733
  accept        0.499656         49.8595      0.0247865        24.7865         5449.81       0.146837        146.837         3.48169      0.0364329        36.4329
  accept        0.500074         43.4653       0.026427         26.427         5469.59       0.151286        151.286         -1.1442      0.0467877        46.7876
  accept        0.499742         47.9832      0.0248142        24.8142         5458.36       0.147522        147.522         4.49637      0.0377678        37.7678
  accept        0.499995         50.1651      0.0249497        24.9497         5451.05       0.147735        147.735         1.44673      0.0379063        37.9062
  accept        0.500013         49.8926      0.0262295        26.2295         5452.83       0.147158        147.158       -0.719171      0.0395458        39.5458
  accept        0.500053         48.5089      0.0252726        25.2726         5452.55       0.146036        146.036         1.26829      0.0365056        36.5055
  accept        0.500144          49.582      0.0251034        25.1034         5453.19       0.146103        146.102          -4.649      0.0399331         39.933
  accept        0.499842         47.1214      0.0265544        26.5544         5458.21       0.150065        150.065        -2.05208      0.0431906        43.1906
  accept        0.499978         51.0168      0.0242415        24.2415         5450.64       0.149116        149.116        -1.01148       0.032668         32.668
  accept        0.500142         49.1628      0.0251556        25.1556         5456.61       0.149848        149.848         6.02732      0.0383662        38.3662
  accept        0.499953         52.2853      0.0237565        23.7565         5444.58       0.144813        144.813        -5.19432      0.0325088        32.5088
  accept        0.500206         52.1578      0.0239731        23.9731          5447.1       0.143769        143.769        -4.11534      0.0303604        30.3604
  accept        0.499816         46.6859      0.0265893        26.5893         5459.68        0.14751         147.51        -2.58634      0.0419219        41.9219
  accept        0.499715         49.2739      0.0257135        25.7135         5456.98       0.149921        149.921         1.68657      0.0388921        38.8921
  accept        0.499882         52.3676      0.0243308        24.3307         5446.34       0.146531        146.531         -5.5529      0.0320531         32.053
  accept        0.500182         51.3511      0.0248422        24.8422         5451.45       0.151053        151.053       0.0087175      0.0333791        33.3791
       1        0.499906         48.5759      0.0254109        25.4109         5460.53       0.148167        148.167        0.846905      0.0403632        40.3632
       2        0.500279         51.4689      0.0242738        24.2738         5450.58       0.146685        146.685        -6.33928      0.0276896        27.6896
       3        0.499823         47.4559      0.0256662        25.6662         5459.66       0.149391        149.391         6.43902      0.0389978        38.9977
       4        0.500272         49.3324      0.0246214        24.6214         5452.43       0.145015        145.014        -2.18764      0.0337974        33.7974
       5        0.499658         50.2985      0.0244287        24.4287         5449.46       0.145961        145.961         2.57202      0.0340684        34.0684
       6        0.500095         49.7256      0.0255683        25.5683         5449.65       0.146156        146.156        -3.88628      0.0393635        39.3635
       7        0.500366         49.7736      0.0245823        24.5823         5453.15       0.146647        146.647        -9.07745      0.0352756        35.2756
       8        0.499719         48.3338      0.0262999        26.2999         5458.36       0.150372        150.372         4.24515      0.0406926        40.6926
   total        0.500432         49.3704      0.0177789        25.1431         5454.24       0.104202        147.364       -0.921506      0.0260663        36.8633

    mode      occupation             +/-         std dev
      -5        0.956281     0.000691186        0.977484
      -4         1.44329      0.00104114          1.4724
      -3         2.48068      0.00181812         2.57121
      -2         5.17352      0.00389033         5.50175
      -1         15.6111       0.0116922         16.5353
       0         49.3704       0.0177789         25.1431
       1         15.0988       0.0114354         16.1721
       2         4.99844       0.0037239         5.26638
       3         2.48081      0.00183673         2.59753
       4         1.43835      0.00103582         1.46487
       5        0.948339     0.000682487        0.965182
