   batch        P accept         n0 mean            +/-     n0 std dev          E mean            +/-      E std dev          P mean            +/-      P std dev
    init        0.508559          30.414      0.0221591        22.1591         5831.37       0.233291        233.291        -3.20718      0.0515483        51.5483
    init        0.508377         34.1353      0.0223777        22.3777         5824.62       0.234646        234.646       -0.469594      0.0480186        48.0185
    init        0.508638          31.736      0.0219292        21.9292         5829.23       0.231271        231.271       -0.777489      0.0512013        51.2013
    init        0.508507         35.7126      0.0226121        22.6121         5807.61       0.231487        231.486        -1.24786      0.0468849        46.8849
    init        0.508775         30.8533      0.0219643        21.9642         5832.67       0.237249        237.249       -0.130042       0.050615         50.615
  accept        0.499986         32.1646      0.0221945        22.1945         5827.83       0.230704        230.704         1.34518      0.0474226        47.4226
  accept        0.499987         32.7016      0.0221619        22.1619         5832.49       0.234216        234.216          1.4186      0.0483619        48.3619
  accept        0.499716         32.4056       0.021937         21.937         5826.66       0.231229        231.228        0.638185      0.0482814        48.2814
  accept         0.50053         30.1238      0.0224257        22.4257         5831.52       0.232067        232.067        -1.34187      0.0529394        52.9394
  accept         0.49972         29.5742      0.0224984        22.4984         5830.65       0.229885        229.884        -6.26269      0.0538709        53.8709
  accept        0.499963         31.2833      0.0219997        21.9997         5823.71       0.228626        228.626        0.850525      0.0518682        51.8682
  accept        0.499938         32.8752      0.0225843        22.5842         5822.84       0.232533        232.533        -1.13302      0.0473716        47.3716
  accept        0.500171         31.5951      0.0216279        21.6279         5826.61       0.231898        231.898         3.19513      0.0506719        50.6719
  accept        0.500016         30.1021      0.0217396        21.7396          5836.2        0.23321         233.21        -2.68065      0.0507493        50.7493
  accept        0.499857         30.5608      0.0226026        22.6026         5824.87       0.230803        230.803       -0.167996      0.0507442        50.7442
  accept        0.499942         32.3151      0.0223443        22.3443         5819.67       0.231277        231.277        -0.26311       0.049548         49.548
  accept        0.500107         30.9956      0.0220757        22.0757         5829.88        0.23251         232.51          1.1755      0.0490008        49.0008
  accept        0.499721         33.0018      0.0221648        22.1648          5821.9       0.233199        233.199       0.0155964      0.0478674        47.8673
       1         0.50032         29.4712      0.0210678        21.0678         5833.61       0.227782        227.782        0.778721      0.0517429        51.7428
       2        0.499559         31.6005       0.021908         21.908         5825.37       0.230272        230.272         2.58305      0.0494211        49.4211
       3         0.50046         30.7937      0.0216093        21.6093         5829.72       0.231072        231.071        -2.61049      0.0513558        51.3558
       4         0.50008         33.0395      0.0222286        22.2286         5822.63       0.230846        230.846         0.39816      0.0476958        47.6958
       5        0.499941         31.1339      0.0223287        22.3287         5821.51       0.230046        230.046         2.53797      0.0502374        50.2373
       6        0.499915         32.3386      0.0222571        22.2571         5827.67       0.231184        231.184         2.07834      0.0495999        49.5999
       7         0.49998         31.2065      0.0217527        21.7527         5833.75       0.233408        233.408         2.30339       0.049566         49.566
       8        0.500092          29.037      0.0216407        21.6407         5837.28       0.230313        230.313         3.62195      0.0522025        52.2025
   total        0.499496         31.0773      0.0154775        21.8884         5828.93       0.163107        230.668         1.46116       0.035554        50.2809

    mode      occupation             +/-         std dev
      -6         1.15715     0.000829422         1.17298
      -5         1.60751      0.00116663         1.64986
      -4         2.40553      0.00175779         2.48589
      -3         3.89633      0.00284217         4.01943
      -2         7.48413      0.00540744         7.64727
      -1         17.4589       0.0115682         16.3599
       0         31.0773       0.0154775         21.8884
       1         18.0094       0.0117768         16.6548
       2         7.70856      0.00566744         8.01497
       3         3.98541      0.00292091         4.13079
       4         2.42181      0.00174622         2.46952
       5         1.61761      0.00116557         1.64837
       6         1.17031      0.00083772         1.18472
