   batch        P accept         n0 mean            +/-     n0 std dev          E mean            +/-      E std dev          P mean            +/-      P std dev
    init        0.511424         20.9813      0.0166485        16.6485         6305.25       0.313513        313.513         1.39608      0.0583329        58.3329
    init        0.511641         20.4113       0.016581         16.581         6313.03       0.314337        314.337        0.243251      0.0587233        58.7233
    init        0.511822         20.7308      0.0165841        16.5841         6314.83       0.315252        315.252       -0.204149      0.0591332        59.1332
    init        0.511448         20.2446      0.0165117        16.5117         6320.95       0.315672        315.672         2.06978      0.0588147        58.8146
    init        0.511555          20.387      0.0170486        17.0486         6322.43        0.31901         319.01         1.52391      0.0585912        58.5912
    init        0.511513         20.0897      0.0164193        16.4193         6316.86       0.313858        313.858        0.594564      0.0583816        58.3816
    init        0.511856         22.0831      0.0170092        17.0092          6311.7       0.311675        311.675       -0.238272      0.0582676        58.2675
    init        0.511314         21.7488      0.0174387        17.4387         6306.92       0.318137        318.137      -0.0675324      0.0581302        58.1302
  accept        0.500332         20.9597      0.0167247        16.7247         6315.04       0.315686        315.686       -0.206718      0.0591003        59.1003
  accept        0.500029         20.7857      0.0170151        17.0151         6311.85       0.313493        313.493        0.511105      0.0589693        58.9692
  accept        0.499753         21.2822      0.0172142        17.2142         6309.22       0.315955        315.955         -1.7888      0.0581255        58.1255
  accept        0.500256         20.9851      0.0170372        17.0372         6304.04       0.312743        312.743      -0.0685995      0.0589205        58.9205
       1        0.500062         21.2238       0.017179         17.179         6313.36       0.314365        314.365        -4.84592      0.0575565        57.5565
       2        0.499905         21.3504      0.0171803        17.1803         6314.87       0.313285        313.285        -1.93239      0.0591131        59.1131
       3        0.499817         20.5606      0.0165676        16.5676         6299.87       0.311179        311.179        -2.15169      0.0580526        58.0526
       4        0.500141         21.9299      0.0171867        17.1867          6319.6       0.314819        314.819        0.960738      0.0577462        57.7462
       5        0.500017         20.8038      0.0167684        16.7684         6311.31       0.314999        314.998         0.80934      0.0572196        57.2196
       6        0.499969         21.1504      0.0169257        16.9257         6311.58       0.317051        317.051       -0.921013      0.0589938        58.9938
       7        0.500236         21.7789       0.017097         17.097         6312.45       0.312194        312.194       -0.627356      0.0575052        57.5051
       8         0.49965         21.6988      0.0173216        17.3216          6300.8       0.312672        312.672       -0.680709      0.0575586        57.5585
   total        0.500335         21.3117      0.0120461        17.0358         6310.44       0.221966        313.907        -1.17575      0.0410107        57.9978

    mode      occupation             +/-         std dev
      -7         1.34021     0.000955618         1.35145
      -6         1.75097      0.00125194         1.77051
      -5         2.40992      0.00172678         2.44203
      -4         3.48317       0.0024845         3.51361
      -3         5.48917      0.00391211         5.53255
      -2          9.1185      0.00634159         8.96836
      -1           16.18        0.010203         14.4292
       0         21.3117       0.0120461         17.0358
       1         15.4332      0.00985019         13.9303
       2         9.17891      0.00641443         9.07137
       3         5.33493      0.00382615         5.41099
       4         3.48518      0.00250681         3.54517
       5          2.3962      0.00171065         2.41922
       6         1.75432      0.00125894         1.78041
       7         1.33356       0.0009508         1.34463
