   batch        P accept         n0 mean            +/-     n0 std dev          E mean            +/-      E std dev          P mean            +/-      P std dev
    init        0.514311         14.9692      0.0130358        13.0358         6857.25       0.391119        391.119       -0.226769      0.0649724        64.9724
    init        0.514555         15.0688      0.0130842        13.0842         6858.92       0.389283        389.283        0.288187      0.0653045        65.3045
    init        0.514459         15.5911      0.0134078        13.4077          6857.1       0.388974        388.974         1.34104      0.0653266        65.3266
    init        0.514631         15.8212      0.0136601        13.6601         6849.18       0.389029        389.029        -1.33071      0.0652516        65.2516
    init        0.514491         15.6701      0.0135954        13.5954         6848.36       0.389939        389.939         1.28295      0.0647934        64.7934
    init        0.514321         14.9479        0.01271          12.71         6864.36       0.392907        392.907        0.225615      0.0651072        65.1071
    init        0.514305         15.5782       0.013395         13.395         6849.52       0.388362        388.362        0.660566      0.0642663        64.2662
    init        0.514361         15.1378      0.0130177        13.0177         6849.88       0.388587        388.587       -0.229494      0.0654085        65.4085
    init        0.514496         15.1982      0.0130086        13.0086         6857.68       0.388829        388.829     -0.00626664      0.0653796        65.3796
  accept        0.499546         15.4302       0.013372         13.372         6859.51       0.391698        391.698       -0.646777      0.0652672        65.2672
  accept        0.500476         15.0127      0.0130912        13.0912         6863.85       0.387531        387.531         1.44516      0.0659665        65.9664
  accept        0.500097         15.6958      0.0133968        13.3968         6854.78       0.390966        390.965      -0.0352321      0.0646792        64.6791
       1        0.499937         15.6479       0.013241         13.241         6855.94       0.389176        389.176        -2.80345      0.0648791        64.8791
       2        0.500094         15.7604      0.0137545        13.7544         6862.48       0.393726        393.726        0.803146      0.0658636        65.8636
       3        0.499784         15.0045      0.0129637        12.9637         6857.14       0.392299        392.299        0.703654      0.0659423        65.9422
       4        0.500046          15.347      0.0128705        12.8705         6863.88       0.389908        389.908        0.575866      0.0646511        64.6511
       5          0.5001         14.9228      0.0127505        12.7505         6854.69       0.394047        394.047         2.23822      0.0657089        65.7089
       6        0.499647         15.5686      0.0130898        13.0898            6852       0.387096        387.096       -0.663567      0.0641633        64.1633
       7        0.500191         15.3982      0.0132232        13.2232         6850.68       0.391236        391.236       -0.859457      0.0646534        64.6534
       8        0.500046         15.4261      0.0132167        13.2167         6853.67       0.391296        391.296        -1.46931      0.0651093        65.1093
   total        0.500623         15.3848      0.0092946        13.1445         6856.33       0.276563        391.119       -0.181997      0.0460647        65.1454

    mode      occupation             +/-         std dev
      -8         1.43785      0.00102368          1.4477
      -7         1.81297       0.0012895         1.82362
      -6         2.36114      0.00167477         2.36848
      -5         3.14453      0.00223204         3.15658
      -4         4.41721      0.00311047         4.39887
      -3         6.43034      0.00442857         6.26294
      -2         9.45214      0.00628466         8.88784
      -1         13.2784      0.00831971         11.7658
       0         15.3848       0.0092946         13.1445
       1          13.292      0.00840519         11.8867
       2         9.44468      0.00632801         8.94915
       3         6.37631      0.00445423         6.29923
       4         4.40297      0.00310774         4.39501
       5         3.16246       0.0022464         3.17689
       6         2.34764      0.00167061          2.3626
       7         1.81371      0.00129224         1.82751
       8         1.44092      0.00102389         1.44799
