Number of particles: 100
Nmax: 4
Gamma: -0.00530189
Interaction type: contact
Step size: 0.001
Batch size: 200000
Batch count: 500
             Batch number               Average n0          Fluctuations n0                   Energy           Particle count                 Momentum
                        1        48.61503395261073        1.234389535563183       -38.23479744472749        100.0000169650992    -0.004671924866803678
                        2        48.65002683283503        1.734881334946007       -38.23479744362099        100.0000169651324    -0.004671924852841736
                        3        48.65620420660108        1.906577045470601       -38.23479744254112        100.0000169651588    -0.004671924949838313
                        4        48.75918683516673        2.888908014669771       -38.23479744141457        100.0000169651891    -0.004671924984595455
                        5        48.71815253577076        2.562887576437578       -38.23479744009587        100.0000169652354    -0.004671924990354737
                        6        48.79565308022489        3.341324000908765       -38.23479743859298        100.0000169652821    -0.004671925039376745
                        7         48.8475950624887        3.666968846741193       -38.23479743711945         100.000016965329    -0.004671925086497719
                        8        49.26016723120663         5.95561842774739       -38.23479743560644         100.000016965389     -0.00467192501324043
                        9         49.3703382343372        6.532641043977566       -38.23479743383866        100.0000169654713    -0.004671924926654691
                       10        49.44119702217859        6.775410549186311       -38.23479743238551        100.0000169655262    -0.004671924740084155
                       11        49.43221607343014        6.698130641177892       -38.23479743098197        100.0000169655761    -0.004671924631997726
                       12        49.46271571713591        6.785678011074892       -38.23479742893312        100.0000169656701    -0.004671924667810634
                       13        49.38594582714546        6.519638999703542       -38.23479742686112        100.0000169657652    -0.004671924606643785
                       14        49.35274043470736        6.549283642940225       -38.23479742486813        100.0000169658566      -0.0046719245864556
                       15        49.41855745950912        6.351648966421672       -38.23479742297003        100.0000169659348    -0.004671924675631656
                       16        49.47231166032474        6.903447746445222       -38.23479742124192        100.0000169660006    -0.004671924918992154
                       17        49.05040647358976        4.836908354878431       -38.23479741949615         100.000016966067    -0.004671925115320108
                       18        49.14650043016037        5.463996058981238        -38.2347974178781        100.0000169661273    -0.004671925252345499
                       19        49.27853817750928        5.857746853942251       -38.23479741568627        100.0000169662251    -0.004671925337746963
                       20        49.26147144341863        6.063145216776744       -38.23479741322075        100.0000169663372    -0.004671925395547616
                       21        49.31967197174051         6.10601057943468       -38.23479741045645        100.0000169664753        -0.00467192552258
                       22        49.09375408201073        5.230389565835264       -38.23479740742384        100.0000169666192    -0.004671925700498902
                       23        49.47559006590546        7.038950195642689       -38.23479740440489        100.0000169667641    -0.004671925981643232
                       24        49.77595722237136        7.967630212400468        -38.2347974012348        100.0000169669227    -0.004671926660948067
                       25        49.77248635477391        7.733772420516094       -38.23479739791189        100.0000169670822    -0.004671927409089172
                       26         49.5200095209368        7.024299864636482       -38.23479739401046        100.0000169672872    -0.004671928295579164
                       27        49.81340448872738        8.179346205016586       -38.23479738959283        100.0000169675219    -0.004671929180161682
                       28        50.02479363321341        8.761421865353055       -38.23479738511742        100.0000169677611    -0.004671929737351421
                       29        50.06614712069576        8.792733932702857       -38.23479738031955        100.0000169680184    -0.004671930429358984
                       30        49.71024456604651        7.671413775558132       -38.23479737598322        100.0000169682505    -0.004671930909273314
                       31         50.1639645911517        9.069750144644233       -38.23479737102969        100.0000169685194    -0.004671931147950836
                       32        50.31039797970608        9.507969436090288       -38.23479736664331        100.0000169687509     -0.00467193117508824
                       33        50.11186807857948        9.057286433269359       -38.23479736146655        100.0000169690327    -0.004671931502055138
                       34         49.7291974188605        7.979906233858421       -38.23479735617161        100.0000169693177    -0.004671932125041689
                       35         49.7328984631485        7.659704302932264       -38.23479735122713        100.0000169695814    -0.004671933005315321
                       36        49.86887541865504        8.332900252553937       -38.23479734614193        100.0000169698573    -0.004671933792976368
                       37        49.60567916446377        7.231526279223615       -38.23479734078123        100.0000169701464    -0.004671934434910874
                       38         49.4964303406002        6.982815074510389       -38.23479733516078        100.0000169704596    -0.004671935194324739
                       39         49.2102483872902        5.886765290914107       -38.23479732985896        100.0000169707444     -0.00467193587585224
                       40        48.98139218098291        4.844558096936201       -38.23479732455371        100.0000169710305    -0.004671935993696197
                       41        49.27294738173691         6.25820928007991       -38.23479731922032        100.0000169713205    -0.004671936306619884
                       42        48.98769372780753        4.966877264531319       -38.23479731389985        100.0000169716153    -0.004671936230937312
                       43        49.11223581108182        5.390373776943138       -38.23479730824695        100.0000169719283    -0.004671936618733774
                       44        49.15037755864886        5.633922741605653       -38.23479730246794        100.0000169722417    -0.004671936033385116
                       45        49.06653231250463        5.438236120587711       -38.23479729662162        100.0000169725593    -0.004671936651226005
                       46        49.51122364149705        7.150785145820624        -38.2347972908006        100.0000169728821    -0.004671936235469687
                       47        49.17771222423201        6.009484961879073       -38.23479728509528        100.0000169731948    -0.004671936577947733
                       48        48.84158843117944        3.991338426895204       -38.23479727927139         100.000016973518    -0.004671937844319185
                       49        48.89515389700595        4.385124903395023       -38.23479727326098        100.0000169738423    -0.004671938627951455
                       50        49.18390623554632        5.717408375659304       -38.23479726726711        100.0000169741684    -0.004671939955242177
                       51        49.41628146547686        6.750383027560762       -38.23479726176852        100.0000169744655    -0.004671940414055831
                       52        49.20671731813463         5.70328655002889        -38.2347972563212        100.0000169747597    -0.004671941488611386
                       53        49.25785832255207        6.202804495985607        -38.2347972507477         100.000016975071    -0.004671942660804618
                       54        50.88693440660417        10.79562731443709       -38.23479724508192        100.0000169753869    -0.004671942983834221
                       55        50.19330488394511        9.339205872197899        -38.2347972391396        100.0000169757181    -0.004671942071142965
                       56        50.09924450706266        8.725735895560314       -38.23479723300851        100.0000169760536    -0.004671941250939504
                       57        49.39088104438687        6.570239213144264       -38.23479722757466         100.000016976355     -0.00467194079747868
                       58        49.82727865450995        8.214029436353529       -38.23479722137702         100.000016976704    -0.004671940546920106
                       59        49.78874491688731        7.932347173066058       -38.23479721497972        100.0000169770543    -0.004671940337839686
                       60        49.85695405270096        8.408637725661979       -38.23479720863875        100.0000169774116    -0.004671940031846677
                       61        49.70505541317448        7.700440573083528       -38.23479720235626        100.0000169777672    -0.004671939696459404
                       62        49.54908909707823        7.440615436266413       -38.23479719601478        100.0000169781162    -0.004671939355300303
                       63        49.57121620353723        7.332278531401283       -38.23479718978376        100.0000169784652    -0.004671938916499752
                       64        49.20588581987462         6.20472307885562       -38.23479718270687         100.000016978856    -0.004671938684911559
                       65         49.1766867271573        5.922564920586043       -38.23479717503609        100.0000169792923    -0.004671938689305266
                       66        49.34392374567247        6.428064594590306       -38.23479716630717        100.0000169797978    -0.004671939071406506
                       67        50.07187685865519        9.006160960159113       -38.23479715775622         100.000016980294    -0.004671938623754368
                       68        49.45272070337748        7.077444703216825       -38.23479714904865        100.0000169807791    -0.004671937170122487
                       69        49.37214266694571        6.827983375596204        -38.2347971402427        100.0000169812872    -0.004671936566809531
                       70        49.56310333406576        7.532009191732993        -38.2347971309331        100.0000169818222    -0.004671935289358942
                       71        50.13559066442404        9.148346293645901       -38.23479712142507        100.0000169823753    -0.004671934171800451
                       72         49.5456923372572        7.429816107059128       -38.23479711097744        100.0000169829832    -0.004671933852548493
                       73        49.43075450849701        6.870099939419348       -38.23479710005111        100.0000169836238      -0.0046719353672251
                       74        49.27947288879326        6.598099834870324       -38.23479708919422        100.0000169842536     -0.00467193726512849
                       75        49.26452119867767        6.271175896128599       -38.23479707833374        100.0000169848811    -0.004671938935119968
                       76        49.11995741247009        5.967832197106717       -38.23479706760303        100.0000169854948    -0.004671940580984302
                       77        49.21721548732935        6.014823731488915       -38.23479705696012        100.0000169861143    -0.004671942269337315
                       78        49.28358287095941        6.570094355763223        -38.2347970464638        100.0000169867181    -0.004671944350010282
                       79        49.43097736511093         7.04760055734351       -38.23479703590813        100.0000169873235    -0.004671946448152831
                       80        49.52564461674113        7.371720667235962       -38.23479702542369        100.0000169879353     -0.00467194856733677
                       81        49.47149377025181        7.183860645087144       -38.23479701501279        100.0000169885296    -0.004671950739473907
                       82        49.34577791626619        6.864057322430091       -38.23479700460589        100.0000169891301    -0.004671952958236858
                       83        49.26742576155828        6.407419088663894        -38.2347969943434        100.0000169897213    -0.004671955167879105
                       84        49.32697019585087        6.541517692410704         -38.234796983827        100.0000169903322    -0.004671957499149393
                       85        49.49127569971282        7.222110345483338       -38.23479697358943        100.0000169909156    -0.004671959870125697
                       86        49.40933320866251        6.934787798995827       -38.23479696320121        100.0000169915117    -0.004671962388782092
                       87        49.60867493730921        7.621519304348041        -38.2347969529022        100.0000169920971    -0.004671964920645699
                       88        49.60449266726231        7.642587838926198        -38.2347969425831         100.000016992686    -0.004671967428945933
                       89        50.25251701866132         9.59797178915006       -38.23479693246446        100.0000169932731    -0.004671969579076674
                       90        50.00397619029566        8.864271803580216       -38.23479692198495        100.0000169938815    -0.004671971443483081
                       91        50.03714877861728         8.94270964046968       -38.23479691098707        100.0000169945225    -0.004671973397384122
                       92        50.00511326899467         8.86189222628753       -38.23479690027219         100.000016995141     -0.00467197554206944
                       93        50.36089066313831        9.844055114917303       -38.23479688954774        100.0000169957624    -0.004671977815172923
                       94        50.23527460489596        9.456803869509605       -38.23479687856931        100.0000169963985     -0.00467198016133441
                       95         50.2747966250237        9.581104864760235       -38.23479686793297        100.0000169970189    -0.004671981925512991
                       96        49.75414552769428        8.132337490714578       -38.23479685726925        100.0000169976324    -0.004671983717301487
                       97        50.07181390834096        9.006326800945017       -38.23479684691446        100.0000169982275    -0.004671985891003594
                       98        49.57385282251396        7.462744668795676       -38.23479683697028        100.0000169987951    -0.004671987784019116
                       99        50.16555449200504        9.415715524692564       -38.23479682720392        100.0000169993573      -0.0046719896011016
                      100        49.94363773293815        8.694010230212021       -38.23479681692544        100.0000169999565    -0.004671991376717699
                      101        50.10991799957686        9.312021954941509       -38.23479680630601        100.0000170005711    -0.004671993084837567
                      102        49.78871093952449         8.26309456511777       -38.23479679495617        100.0000170012306    -0.004671994593921092
                      103        49.58621488768888        7.607260396671766       -38.23479678384058        100.0000170018728    -0.004671995944531382
                      104        49.59674225233039        7.593748584513455       -38.23479677289959        100.0000170025112    -0.004671997004838335
                      105        49.62477949280596        7.714684520165626       -38.23479676203652        100.0000170031452    -0.004671998013821899
                      106        49.46952209459023        7.178728252696206        -38.2347967512664        100.0000170037744    -0.004671999065124499
                      107        49.14920970057209        5.884308777647224       -38.23479674026927        100.0000170044134    -0.004672000019852351
                      108        49.18771866254917        6.248995428271559       -38.23479672975401        100.0000170050346    -0.004672001055144648
                      109        49.57896164486117        7.505949111008701       -38.23479671935442        100.0000170056448    -0.004672002124731289
                      110        48.96139325971966        4.985873315591198        -38.2347967090062         100.000017006239    -0.004672003271620984
                      111        49.75014192718228        8.192224945539193       -38.23479669853262        100.0000170068455     -0.00467200442295912
                      112        49.14013901410893        5.810094859367928       -38.23479668762658        100.0000170074676    -0.004672005440312432
                      113        49.04638879569887        5.656422242110398       -38.23479667660413        100.0000170081121    -0.004672006371290394
                      114        49.41171054571871        7.109787398397244       -38.23479666596063         100.000017008726    -0.004672007368863973
                      115        49.73732774969692        8.104832033935665       -38.23479665559375        100.0000170093254    -0.004672008381692017
                      116        49.89156713777256         8.65503902060347       -38.23479664532539        100.0000170099248    -0.004672009443640768
                      117        50.05514855139623          9.1285885889168        -38.2347966353944        100.0000170105036    -0.004672010503079527
                      118        49.37534866092649        7.065196619506585       -38.23479662498245        100.0000170110954    -0.004672011467144799
                      119        49.99210945304032        8.895190607748702       -38.23479661508975        100.0000170116708     -0.00467201250769822
                      120        50.09373534477134        9.289749149194327       -38.23479660508214        100.0000170122545    -0.004672013686673804
                      121        50.05166619244409        9.166458074542959       -38.23479659477076        100.0000170128533    -0.004672015039015154
                      122        50.14105818884779        9.357719376266949       -38.23479658452976        100.0000170134419    -0.004672016360737885
                      123        50.15142733163638        9.311659230885002       -38.23479657407927        100.0000170140413     -0.00467201772407666
                      124        50.14674485912895        9.375704199148027       -38.23479656388645        100.0000170146296    -0.004672019004534178
                      125        50.07705893492837        9.269929072311477       -38.23479655400382        100.0000170151946    -0.004672020153475565
                      126        50.02652796655642        9.078387175531493        -38.2347965442241        100.0000170157617    -0.004672021154182637
                      127        50.15716226264782        9.418311567124475       -38.23479653443026        100.0000170163301    -0.004672022245732599
                      128        50.20225495734688        9.402711560579736       -38.23479652470928         100.000017016889    -0.004672023312573437
                      129        50.21385466249567         9.55448679547939       -38.23479651534953        100.0000170174298    -0.004672024288751242
                      130        50.08828701584066        9.262299968102873       -38.23479650548961        100.0000170179956    -0.004672025141171154
                      131         50.2124790879169         9.57522341464875       -38.23479649617289        100.0000170185315    -0.004672026110684735
                      132        50.39994956594869         10.0010301841791       -38.23479648762837        100.0000170190222    -0.004672027025111269
                      133        50.55881087983452        10.34832418328473       -38.23479648011764        100.0000170194583    -0.004672028033430919
                      134        50.48575817024532        10.19292243527569       -38.23479647222101        100.0000170199124    -0.004672028856918864
                      135          50.528001245836        10.26937088498238       -38.23479646442195        100.0000170203567    -0.004672029610412798
                      136        50.69284018568845        10.49802116573861       -38.23479645725753        100.0000170207646    -0.004672030559530582
                      137        50.60707443793828        10.59308545072322       -38.23479645008753        100.0000170211794    -0.004672031507875318
                      138        50.58728176682959        10.44562100885888        -38.2347964426164        100.0000170216043    -0.004672032236099799
                      139        50.75795796880458        10.67145234917701        -38.2347964355707        100.0000170220028    -0.004672032806477322
                      140        50.72177677473512         10.7159371626536       -38.23479642899417        100.0000170223646    -0.004672033284644161
                      141        50.75430317540159        10.72993454650188        -38.2347964229341        100.0000170227041    -0.004672033720170221
                      142        50.74015613305876         10.7674789213205       -38.23479641716064         100.000017023033    -0.004672034119421076
                      143        50.91560262606475        11.00201352440756       -38.23479641152534        100.0000170233515    -0.004672034404450187
                      144         50.6092192397111        10.38989181016713       -38.23479640684219         100.000017023616    -0.004672034650843981
                      145        49.65823248165646        7.525947280818376       -38.23479640254402        100.0000170238478    -0.004672034253479618
                      146        49.48777016838851         7.04165553669825        -38.2347963977185        100.0000170241138    -0.004672033602479253
                      147        49.03995434820984         5.06189918447059       -38.23479639210967        100.0000170244189    -0.004672032861504194
                      148        49.65083576874117        7.703790615378617       -38.23479638601233        100.0000170247584    -0.004672031877237526
                      149         49.8574049388007          8.3613247855598       -38.23479638011398        100.0000170250858     -0.00467203122319737
                      150        49.62016265017238        7.415346618333587       -38.23479637398233         100.000017025429    -0.004672032251752833
                      151        50.05646677603472        8.968636797490527       -38.23479636780658        100.0000170257733    -0.004672032717884189
                      152        49.77682993643669        7.999251224663701       -38.23479636162511        100.0000170261167    -0.004672032418867822
                      153        49.50449402275252        7.076023583853116       -38.23479635537451        100.0000170264628     -0.00467203177573583
                      154        49.45470789605985        6.879733993945954       -38.23479634903043        100.0000170268199    -0.004672031924579656
                      155        49.40020142105293        6.881855405695212       -38.23479634215937        100.0000170272037    -0.004672033283476873
                      156        49.08017601066211        5.386998487504949       -38.23479633541436        100.0000170275796    -0.004672034281411275
                      157        49.10668687113098        5.389656090741308       -38.23479632891664        100.0000170279422    -0.004672035155033782
                      158        49.10920666547014        5.530882562290246       -38.23479632174261        100.0000170283423    -0.004672035288886267
                      159        49.12893472398567        5.712053210424044       -38.23479631428749        100.0000170287688    -0.004672035163537425
                      160        49.15334690061324        5.761160368877412        -38.2347963059411        100.0000170292433    -0.004672034943884018
                      161        49.84643784245311         8.57761791627283       -38.23479629655583        100.0000170297822    -0.004672034270592373
                      162        50.46209805276811         10.2331937653003       -38.23479628734111        100.0000170303143    -0.004672033512195917
                      163        50.46662965706777        9.974721168434755       -38.23479627781833        100.0000170308661    -0.004672032618538768
                      164        50.55896372093306        10.36879068721044       -38.23479626792133        100.0000170314411    -0.004672031743443217
                      165        50.80417213554885        10.89695665592523        -38.2347962584802        100.0000170319841    -0.004672030744760747
                      166        50.82335108238485        10.97087405759039       -38.23479624866722        100.0000170325521     -0.00467202971247449
                      167        50.65382121348129        10.61855821482217       -38.23479623931368          100.00001703309    -0.004672028593597943
                      168        50.66783741639932        10.62236870975364       -38.23479622967396        100.0000170336435    -0.004672027488816788
                      169        50.85770214512836        11.09730148085552       -38.23479622047543        100.0000170341783    -0.004672026294498366
                      170        50.80199603102681        11.05371412500519       -38.23479621141564        100.0000170347092    -0.004672025053191753
                      171        50.86700136426593         11.0622294750019        -38.2347962018093        100.0000170352646    -0.004672023844596751
                      172        50.98282089087418        11.20415664298511        -38.2347961927627        100.0000170357944    -0.004672022490306738
                      173         50.8079290445125        11.05364676351249       -38.23479618335557        100.0000170363418    -0.004672021210611277
                      174        50.93997446304433        11.29064368455526       -38.23479617424027         100.000017036864    -0.004672019881768241
                      175        50.92230469246975        11.09464994414239       -38.23479616473523        100.0000170374159    -0.004672018652033372
                      176        50.92433226652359        11.25633699753785       -38.23479615517351        100.0000170379736    -0.004672017439688814
                      177        50.91849130053923         11.2876440548888       -38.23479614558147         100.000017038529    -0.004672016215198527
                      178        51.02977732998944        11.31331052613016       -38.23479613613682         100.000017039078    -0.004672014976306649
                      179        50.91736143878758        11.29893316785342       -38.23479612678159        100.0000170396118    -0.004672013687374132
                      180        50.99768583982269        11.39397868890794       -38.23479611742746        100.0000170401505    -0.004672012431884198
                      181        51.03863569425954        11.48680307575792       -38.23479610836371         100.000017040673    -0.004672011143058263
                      182        50.93809111903871        11.30884314793153       -38.23479609894216        100.0000170412171    -0.004672009975660529
                      183        51.02188324893344         11.3069704075571       -38.23479608952651         100.000017041759    -0.004672008825041818
                      184        51.00811544151355        11.55241299105613       -38.23479608064213        100.0000170422689    -0.004672007575371673
                      185        51.10614841024081        11.51434036077108       -38.23479607185772        100.0000170427786    -0.004672006298026776
                      186        50.98784470072867        11.43092190017357       -38.23479606274617        100.0000170433077    -0.004672005113511624
                      187        51.09400096316737        11.50884227321764       -38.23479605392032        100.0000170438155     -0.00467200384942279
                      188        51.11974255703874        11.64323914053039       -38.23479604489737        100.0000170443377    -0.004672002609520387
                      189        51.03824214387399        11.54159973975603       -38.23479603612225        100.0000170448364    -0.004672001265671355
                      190        51.15888989816285        11.63704403945093       -38.23479602756204        100.0000170453292    -0.004671999838123719
                      191        51.01669643849386        11.47790381558417       -38.23479601867149         100.000017045835    -0.004671998489619078
                      192        51.12278235872612        11.69205223267289       -38.23479601008825        100.0000170463301    -0.004671997071196365
                      193        51.14898012314143        11.57389566857617       -38.23479600116771        100.0000170468468    -0.004671995726746925
                      194        51.15170820065965        11.68469890348957       -38.23479599267932        100.0000170473361    -0.004671994245792455
                      195        51.12547143233544        11.75974180780513       -38.23479598407192        100.0000170478319    -0.004671992810593828
                      196        51.11222785699128        11.71595532632444       -38.23479597547242        100.0000170483318     -0.00467199135555818
                      197        51.14901155664464        11.66985399003938       -38.23479596698941        100.0000170488186     -0.00467198990394202
                      198        51.15390566598008        11.66068403523305       -38.23479595861785         100.000017049294     -0.00467198845361283
                      199        51.13894533404562         11.6372735271823       -38.23479595034084        100.0000170497741    -0.004671987047681458
                      200        51.12045557595484        11.60950559246866       -38.23479594207221        100.0000170502518    -0.004671985657623612
                      201        51.10839401108211        11.62885679513372       -38.23479593378215        100.0000170507258     -0.00467198427797566
                      202        51.11978402357634         11.6646894752651       -38.23479592556765        100.0000170512004    -0.004671982869539848
                      203        51.11618568084265        11.66680992240476       -38.23479591727892        100.0000170516856    -0.004671981479797971
                      204        51.12540831244777         11.7271086398215       -38.23479590885285        100.0000170521622    -0.004671980134679288
                      205        51.12140284113233        11.71618236833479       -38.23479590034555        100.0000170526522    -0.004671978803544086
                      206        51.12396100028946        11.66016417944301        -38.2347958919288        100.0000170531343    -0.004671977419482332
                      207        51.13258055190237        11.68771374938923       -38.23479588354624        100.0000170536148    -0.004671976025779845
                      208        51.16730732197551         11.7570155639499       -38.23479587520585        100.0000170540903    -0.004671974650094057
                      209        51.15754809480011        11.71239487461222       -38.23479586674246        100.0000170545746    -0.004671973299584131
                      210         51.1235120494312        11.58414469596799       -38.23479585816484        100.0000170550625     -0.00467197198056768
                      211        51.13625043109587          11.614896601024       -38.23479584951426        100.0000170555587    -0.004671970624937405
                      212        50.93782250099609        11.36871254808966       -38.23479584027095        100.0000170560956    -0.004671969404121512
                      213        51.11280617517425        11.50278341803031       -38.23479583125221        100.0000170566163    -0.004671968086637168
                      214        51.00591899905291        11.53642263374503       -38.23479582237835        100.0000170571391     -0.00467196671297998
                      215        50.96147419087161        11.17914537433532       -38.23479581282842        100.0000170576891    -0.004671965458245886
                      216        50.99206577402309        11.40042445345047       -38.23479580332653        100.0000170582411      -0.0046719641489541
                      217        50.92607039460196        11.32688615191405       -38.23479579409084         100.000017058776    -0.004671962738658664
                      218        51.04879607262308        11.37717859463875       -38.23479578510832        100.0000170592961    -0.004671961288716275
                      219        50.88776423603543        11.25890255936496        -38.2347957755931        100.0000170598495    -0.004671960006628506
                      220        51.03067577991066        11.35205079396366       -38.23479576607502        100.0000170604027    -0.004671958749669747
                      221        51.01666560607245        11.47986726727509       -38.23479575673916        100.0000170609467    -0.004671957479231548
                      222        50.99449014872729        11.39249699998785       -38.23479574730052        100.0000170614917    -0.004671956286218304
                      223        51.08060401097894        11.53997086208635       -38.23479573811404         100.000017062027    -0.004671955059026178
                      224        51.15232087909257        11.62492809883051        -38.2347957291164        100.0000170625542    -0.004671953763194181
                      225        51.02961143912676        11.62085579090727       -38.23479571991464        100.0000170630863    -0.004671952517645295
                      226        51.21867623230802        11.85097419269755       -38.23479571136841        100.0000170635749    -0.004671951127213525
                      227        51.18833347069298        11.66493736485923       -38.23479570237717        100.0000170640979    -0.004671949862901315
                      228        51.19896741687871         11.8195726039481       -38.23479569376201        100.0000170645918    -0.004671948472080523
                      229        51.18930010483189        11.85084882655372       -38.23479568515879        100.0000170650898    -0.004671947089712525
                      230         51.1069190800974        11.67564606305256       -38.23479567611321        100.0000170656064    -0.004671945815424294
                      231        51.21053968665248        11.80747012654052       -38.23479566766476        100.0000170661004    -0.004671944373525694
                      232        51.22157900777709        11.78619324185622       -38.23479565905602         100.000017066596    -0.004671942998366374
                      233        51.09142775264157        11.65540967570805       -38.23479565000034        100.0000170671241    -0.004671941733693785
                      234        51.06792219137267        11.55453463778355       -38.23479564105226        100.0000170676391    -0.004671940483819803
                      235        51.21855320426759        11.82089786267719       -38.23479563245895        100.0000170681352    -0.004671939150018289
                      236        51.07471387647912        11.58088156355977       -38.23479562312394        100.0000170686758    -0.004671938006995724
                      237        51.12488025472963        11.69041027095937       -38.23479561406671        100.0000170691923    -0.004671936793123166
                      238        51.18170272113237         11.6607570176096       -38.23479560494576        100.0000170697261    -0.004671935579974917
                      239        51.05568133554997         11.6330281780832       -38.23479559595549        100.0000170702515    -0.004671934295417124
                      240        51.16345699435859        11.77358961975728        -38.2347955872565        100.0000170707585    -0.004671932936319401
                      241        51.18178431111148        11.65883473989786       -38.23479557801323        100.0000170713013    -0.004671931684505859
                      242        51.16131562422814        11.71491804269487       -38.23479556914197        100.0000170718069    -0.004671930312924566
                      243        51.05322228910989        11.63020569760504        -38.2347955600263         100.000017072332    -0.004671928998438268
                      244        51.18610719561686        11.69087619601794       -38.23479555119233        100.0000170728453    -0.004671927608080662
                      245        51.21036557668523        11.79186841696182       -38.23479554274384        100.0000170733391    -0.004671926117814529
                      246        51.08519381136198        11.66628707565624       -38.23479553376833        100.0000170738555    -0.004671924761375124
                      247        51.08338508417246        11.60272746382168        -38.2347955248183        100.0000170743754    -0.004671923378606557
                      248        51.22710391924828        11.73276061966515       -38.23479551573968        100.0000170748981    -0.004671921995965445
                      249        51.02059308613434        11.57871543904122       -38.23479550644367        100.0000170754399    -0.004671920651050598
                      250        51.15133097474808        11.69336362241246       -38.23479549757225        100.0000170759575     -0.00467191916058729
                      251        51.16089527227866        11.59530550436105       -38.23479548835502         100.000017076491    -0.004671917739598186
                      252        51.09076904407013         11.7373258445931       -38.23479547939132        100.0000170770097    -0.004671916252559249
                      253        51.14849584481255         11.6534847777983       -38.23479547019069        100.0000170775424    -0.004671914842666602
                      254        51.14711465777376        11.62300448283148       -38.23479546119212        100.0000170780609    -0.004671913423242913
                      255        50.99381555091153        11.53648189588589       -38.23479545200459        100.0000170785919    -0.004671912053443528
                      256        51.15138858227147        11.55311703146335       -38.23479544282256        100.0000170791182    -0.004671910688683667
                      257        51.00235319763805        11.52310032300051       -38.23479543364562        100.0000170796499    -0.004671909293303855
                      258        51.11850999150086        11.53081207344005       -38.23479542431825        100.0000170801852    -0.004671907904330475
                      259        51.13582773379104         11.6743580042345       -38.23479541531967        100.0000170807082    -0.004671906390548486
                      260        51.04658530653994        11.56700980193974       -38.23479540590056        100.0000170812499    -0.004671904958628126
                      261        51.16797419618494        11.64687290214449       -38.23479539669145         100.000017081788    -0.004671903477297512
                      262        50.98214731704211        11.46981420876951       -38.23479538733929        100.0000170823178    -0.004671902041564202
                      263        51.14820725182344        11.62934137965296       -38.23479537808959        100.0000170828554    -0.004671900571374898
                      264        51.05858942050308        11.63041547887171       -38.23479536883342         100.000017083387    -0.004671899108936728
                      265        51.23019137240751        11.83205485317254        -38.2347953600266         100.000017083891    -0.004671897508371714
                      266        51.23153218473571        11.83677189488596       -38.23479535128286        100.0000170843968    -0.004671895871082965
                      267        51.12558706417153        11.70135310164098       -38.23479534215366        100.0000170849154    -0.004671894332495263
                      268        51.11805634680697        11.71179304719312         -38.234795332665        100.0000170854639    -0.004671892880092621
                      269        51.23618713350833        11.81968962735825       -38.23479532366692        100.0000170859771    -0.004671891259388161
                      270         51.1398686433474        11.72545724769832       -38.23479531429197        100.0000170865157      -0.0046718897120539
                      271        51.17203493018318        11.86113471049883       -38.23479530494919        100.0000170870506     -0.00467188814999453
                      272        51.24229040403938        11.79869132219587       -38.23479529534063         100.000017087609     -0.00467188669324603
                      273        51.03335184373118        11.57906298268987        -38.2347952856571        100.0000170881758    -0.004671885277269361
                      274        51.20951703986171        11.84640681986001       -38.23479527654109        100.0000170887073    -0.004671883731479642
                      275        51.22358272269247         11.7359603320409       -38.23479526701269        100.0000170892513    -0.004671882284067674
                      276        51.11361762310607        11.76016058887377       -38.23479525748387        100.0000170897979    -0.004671880811761397
                      277        51.19163080044617        11.81061788112604       -38.23479524807989        100.0000170903421    -0.004671879280731872
                      278         51.2052674219752        11.75180031580169       -38.23479523803564        100.0000170909269    -0.004671877889736997
                      279        51.14195760672693        11.81682938218334       -38.23479522829457        100.0000170914926    -0.004671876398364638
                      280        51.23945644845521        11.83430772602852       -38.23479521889941        100.0000170920365    -0.004671874805828757
                      281        51.19170561297708        11.75806453555091       -38.23479520940386        100.0000170925843    -0.004671873265749138
                      282        51.13218337346564        11.81363750659175       -38.23479519991184        100.0000170931348    -0.004671871753055612
                      283        51.12613785051992        11.54558510824289       -38.23479518995374         100.000017093714    -0.004671870340302142
                      284        50.98295513572945        11.41626161105128       -38.23479518001582         100.000017094289    -0.004671868926211076
                      285        50.95259530761298        11.40911365859889       -38.23479517000142        100.0000170948676    -0.004671867549475017
                      286        50.98708340652426         11.3602470030163       -38.23479515977101        100.0000170954617    -0.004671866144607684
                      287        51.02566591317545        11.33878657536953       -38.23479514973585        100.0000170960465      -0.0046718647396089
                      288        51.06517679278927        11.49818647510607        -38.2347951394493        100.0000170966473    -0.004671863356181527
                      289        50.97157909073235        11.40923442295716       -38.23479512947812        100.0000170972221    -0.004671862016611961
                      290        51.11709199442671        11.75347136913815       -38.23479511983297        100.0000170977834    -0.004671860740065537
                      291        51.24768859117766        11.75966171187782       -38.23479511039392        100.0000170983254    -0.004671859461360839
                      292        51.21761020183719        11.99902443798881       -38.23479510103124         100.000017098871    -0.004671858257933925
                      293        51.39732218202644         12.1267620508955       -38.23479509219621         100.000017099381    -0.004671857114742384
                      294        51.42365012860655        12.16310081110226       -38.23479508293676        100.0000170999116    -0.004671855988328755
                      295         51.3295684773143        12.23093853099711        -38.2347950734292        100.0000171004607    -0.004671854762232197
                      296        51.43461088386321        12.28418236856776       -38.23479506360374        100.0000171010224     -0.00467185343548171
                      297        51.38938037946041        12.18413986115073       -38.23479505351239        100.0000171016133    -0.004671852041518321
                      298        51.37426382547698        12.34036770811894       -38.23479504357591         100.000017102191    -0.004671850708878766
                      299        51.48381443527705        12.32956617899212       -38.23479503359502          100.00001710277    -0.004671849349323853
                      300        51.39293363971913        12.25031017677642       -38.23479502349031        100.0000171033615    -0.004671847978793053
                      301        51.39768068667333        12.34871601666668       -38.23479501353307        100.0000171039369     -0.00467184664476461
                      302        51.52558609510867        12.43232497800341       -38.23479500361631        100.0000171045222    -0.004671845288576559
                      303        51.55903711192005        12.50724918035133       -38.23479499359108        100.0000171051051    -0.004671843927257946
                      304        51.46250408797038        12.45308893296659       -38.23479498373419        100.0000171056863    -0.004671842549986316
                      305        51.47303486744443        12.49557142783748       -38.23479497370859        100.0000171062656    -0.004671841146429934
                      306         51.5045927975065        12.41457255249309       -38.23479496385323        100.0000171068425    -0.004671839750308493
                      307         51.4968837245661        12.35526074196767       -38.23479495395353        100.0000171074195    -0.004671838375974957
                      308        51.35131945741264         12.2680491178646       -38.23479494400439        100.0000171080042    -0.004671836951180453
                      309        51.39457255358885        12.22039210691446       -38.23479493410197        100.0000171085834    -0.004671835640171818
                      310        51.40073022232576        12.19827574105184       -38.23479492408904        100.0000171091677    -0.004671834244009077
                      311        51.31414338149727        12.23470560355518       -38.23479491402924        100.0000171097519    -0.004671832798084807
                      312        51.45750081435141        12.22206937939593       -38.23479490401876        100.0000171103412    -0.004671831382222269
                      313        51.30528089249235        12.17573912853097       -38.23479489398269        100.0000171109197    -0.004671829973733388
                      314        51.39215369084693        12.25084732596173       -38.23479488396586        100.0000171115043    -0.004671828523012067
                      315        51.48759494992625        12.34617336225798       -38.23479487409666        100.0000171120745    -0.004671827060310996
                      316        51.43814041771628        12.34256713887963        -38.2347948640689        100.0000171126484    -0.004671825621360925
                      317        51.33224708298025         12.2285765687193       -38.23479485406136         100.000017113224    -0.004671824224154797
                      318        51.41708896141688        12.15654599016479       -38.23479484383233         100.000017113812    -0.004671822786123769
                      319        51.21526898097442        12.01410125183379       -38.23479483324094        100.0000171144299     -0.00467182129967636
                      320         51.2923980801815        12.05341618779553       -38.23479482274021        100.0000171150405    -0.004671819848372394
                      321        51.24527273387261        11.90939921109399         -38.234794812378        100.0000171156483    -0.004671818495419089
                      322        51.26589277822917        12.12938668831999        -38.2347948017682        100.0000171162703    -0.004671817108638621
                      323        51.25601515835893        11.96014491268031       -38.23479479097838        100.0000171168978    -0.004671815616471786
                      324        51.29701663243086         11.9967826182087       -38.23479477982045        100.0000171175437    -0.004671814038278654
                      325        51.16744078033326        11.93370436397436       -38.23479476892189        100.0000171181842    -0.004671812437730072
                      326        51.19713677481609        11.92116023300587       -38.23479475787281        100.0000171188378    -0.004671810835329193
                      327        51.32484647436959        12.01542278722097       -38.23479474681253        100.0000171194762    -0.004671809336784793
                      328        51.13385689331656        11.78980564835408       -38.23479473607838         100.000017120102    -0.004671807914044201
                      329        51.22707325552862        12.03453093318609       -38.23479472542914         100.000017120729    -0.004671806584622296
                      330        51.07170026580213        11.67421075795195        -38.2347947147525         100.000017121349    -0.004671805178074973
                      331        51.25387296268273        11.94560950185525        -38.2347947039614        100.0000171219723    -0.004671803872279501
                      332        51.10806587073748        11.64962622161226       -38.23479469309984        100.0000171226054    -0.004671802475853859
                      333        51.05621452823966        11.59520104040693       -38.23479468256545        100.0000171232262    -0.004671801090818661
                      334        50.85369748740896        11.19870581806184       -38.23479467224367        100.0000171238337    -0.004671799652411046
                      335        50.55186201409759        10.57255641559086       -38.23479466230057        100.0000171244124    -0.004671798075679412
                      336        50.28064083317185        9.786000716883899       -38.23479465196172        100.0000171250112    -0.004671796607413459
                      337        50.56148328897955        10.44947080785513       -38.23479464175389         100.000017125602    -0.004671795413822455
                      338        51.25070173495236        12.17314689340111       -38.23479463093167        100.0000171262356    -0.004671794285292741
                      339        51.05717855211893        11.68951367977286       -38.23479462016991        100.0000171268628    -0.004671793047343442
                      340        50.77077273142621        10.92148333722856       -38.23479460959622        100.0000171274721    -0.004671791914210743
                      341         51.0819924789854        11.47585443031883       -38.23479459961115        100.0000171280494    -0.004671790567413847
                      342        50.67309491883829        10.39816832024659       -38.23479458998696        100.0000171286024    -0.004671789113814384
                      343        50.03087280564393        8.830644605690097       -38.23479458109759        100.0000171291145    -0.004671787400184257
                      344         49.8315326026877        8.146012110485801       -38.23479457167957         100.000017129654    -0.004671785747815793
                      345         50.3133688088698        9.656035170657853       -38.23479456172097        100.0000171302277    -0.004671783912114869
                      346        49.59006559841649        7.505245051201478       -38.23479455260124        100.0000171307589    -0.004671781727562774
                      347        49.59671425989965        7.511010333897977       -38.23479454336731        100.0000171312921    -0.004671779549481059
                      348        49.34220241307956        6.831142422580914       -38.23479453311975        100.0000171318839    -0.004671777643999508
                      349        50.38446715360836        9.871219948144164       -38.23479452181886        100.0000171325391    -0.004671776014760987
                      350        49.58882096476589        7.469884223602472       -38.23479451107136        100.0000171331645    -0.004671774257480443
                      351        49.49167090273661        7.368442060070989       -38.23479450038096        100.0000171337833    -0.004671772524557305
                      352        49.84542446841424        8.367687471052172       -38.23479448851967         100.000017134482     -0.00467177110283501
                      353        49.95617942685001         8.67094467735313       -38.23479447635285        100.0000171352011     -0.00467176972036798
                      354        50.03673916075188        9.096254307047278       -38.23479446415001        100.0000171359091    -0.004671768359162165
                      355        50.78089211868996        10.81203346796217       -38.23479445246114        100.0000171366024     -0.00467176710504158
                      356        51.00506674918076        11.04636999711926       -38.23479444037181        100.0000171373085    -0.004671766836188418
                      357        50.95185223003822        11.25653505162129       -38.23479442785565        100.0000171380477    -0.004671767614604638
                      358        50.68117140770226        10.48794682062041       -38.23479441643218        100.0000171387093    -0.004671768169596024
                      359        50.26288185997281        9.570258797824492       -38.23479440620298        100.0000171392952    -0.004671768884071614
                      360        50.21641173567172        9.408523543911112       -38.23479439661571        100.0000171398532    -0.004671769965232553
                      361        49.80665976369158        7.947021481288054        -38.2347943870752        100.0000171404014    -0.004671769511634505
                      362        50.11861442228565        9.332929778114135       -38.23479437638261        100.0000171410301    -0.004671769526399361
                      363        50.15848597687305        9.269539543268596       -38.23479436466118        100.0000171417085    -0.004671768835907475
                      364        49.60812221168959        7.685808158198757       -38.23479435233642        100.0000171424277    -0.004671767867169052
                      365        49.28590800080659        6.676859096530083        -38.2347943395209        100.0000171431832    -0.004671767077607747
                      366        49.16379568774717        6.158579670605494       -38.23479432650807        100.0000171439437    -0.004671766401062261
                      367        49.14734858281854        6.109499265658042       -38.23479431369763        100.0000171446868    -0.004671765629214342
                      368        49.00139149454937        5.284064678649634       -38.23479430006579        100.0000171454749    -0.004671764959418567
                      369        48.94139397201883        5.281228404501932       -38.23479428637484        100.0000171462769    -0.004671764269536638
                      370        49.16776801083673        6.079863615420283       -38.23479427365092        100.0000171470111    -0.004671763251281824
                      371        49.07560733191114        5.769084143722198       -38.23479426053456        100.0000171477818    -0.004671762168224625
                      372        49.03697783122388        5.629031788420736       -38.23479424706868        100.0000171485682    -0.004671761209166014
                      373        49.10829616214826        5.867883558012513       -38.23479423426454        100.0000171493067    -0.004671760150425364
                      374        49.32765775038116        6.659803296458674       -38.23479422120326        100.0000171500674    -0.004671759139251996
                      375        49.25183784780097        6.619234235780083       -38.23479420841758        100.0000171508192    -0.004671758079335842
                      376         50.2426591389063        9.682814606946918       -38.23479419623033        100.0000171515339    -0.004671756926050152
                      377         49.6058340886933        7.994208721913873       -38.23479418372295        100.0000171522629    -0.004671755783584253
                      378        49.13806898316768        6.019665154424394       -38.23479417109647        100.0000171530003    -0.004671754559697039
                      379        50.20890900638525        9.428252203968144        -38.2347941586969        100.0000171537246    -0.004671753146826774
                      380        48.97737688456932        5.208417250260299       -38.23479414597526         100.000017154462    -0.004671751832502125
                      381        49.96009290593314         8.81609564541257       -38.23479413364805         100.000017155179     -0.00467175033108802
                      382        50.15526266035688        9.450024754238839       -38.23479412095196        100.0000171559275     -0.00467174873816445
                      383        50.33884420351686        9.807303579354294       -38.23479410825399        100.0000171566766    -0.004671747035621454
                      384        50.26467227189448        9.697438007452226       -38.23479409555421        100.0000171574291    -0.004671745370732339
                      385        50.26789530122925         9.78565171915419       -38.23479408273502        100.0000171581865    -0.004671743746273993
                      386        50.34962667744561        10.02203279799304       -38.23479406992935        100.0000171589475    -0.004671742127839273
                      387        50.18838306663071        9.491319500319543       -38.23479405711109        100.0000171596964    -0.004671740472009578
                      388        50.13228895074561        9.469161394795984       -38.23479404511033        100.0000171603976    -0.004671738591101704
                      389        50.06322871515033        9.138005047838396       -38.23479403299419        100.0000171611038    -0.004671736746117539
                      390        50.04059971140041        9.277101682150986       -38.23479402111991        100.0000171617927    -0.004671734832357721
                      391        50.13955078133543        9.437823484944245       -38.23479400959114        100.0000171624746    -0.004671732820504593
                      392        50.18997555418829        9.831554103412296       -38.23479399845222        100.0000171631296    -0.004671730685303466
                      393        50.37567201225388        10.22986142012591       -38.23479398754876        100.0000171637668    -0.004671728482721349
                      394        50.36105004244646        10.12923044367936       -38.23479397637279        100.0000171644225    -0.004671726365500728
                      395        50.29132988106257        9.897917463697679       -38.23479396526221        100.0000171650702    -0.004671724212634842
                      396        50.28048436292845        9.988307774675723        -38.2347939545557        100.0000171656961    -0.004671721937379303
                      397        50.27170895676312        9.946709075996297       -38.23479394418092        100.0000171663034    -0.004671719583166478
                      398        50.36314669294556        10.12724186592939       -38.23479393386282        100.0000171669029    -0.004671717224841387
                      399        50.36164882388885        10.14199113785371       -38.23479392358672        100.0000171675024    -0.004671714873381916
                      400        50.26832015182738        10.03748827484855       -38.23479391356827        100.0000171680907    -0.004671712461905564
                      401        50.14163186064486        9.718519041999025       -38.23479390357534        100.0000171686749    -0.004671710038827825
                      402        50.30874662229644        9.837245650884856       -38.23479389332289         100.000017169264    -0.004671707694620331
                      403         50.2610331040626         9.98206938644133       -38.23479388327327        100.0000171698524    -0.004671705333223031
                      404        50.19620498870052        9.812475470981974       -38.23479387309841        100.0000171704501    -0.004671703033095387
                      405        50.18242625077708        9.718336896081563       -38.23479386265537        100.0000171710639    -0.004671700844470106
                      406        50.00632860979336        9.285935389177295       -38.23479385205025        100.0000171716918    -0.004671698729955764
                      407        49.98037988546103         9.25541133956345       -38.23479384160588        100.0000171722963    -0.004671696593026908
                      408         50.2151392114026        9.580586001546211       -38.23479383108807        100.0000171729081    -0.004671694494001066
                      409        50.08545497489518        9.556562754039428       -38.23479382061667        100.0000171735216    -0.004671692392892446
                      410        50.17437271136242        9.526327287897054       -38.23479381001468        100.0000171741393    -0.004671690329717926
                      411        50.23333772806148         9.50762126500724       -38.23479379895325         100.000017174792    -0.004671688383431682
                      412        50.15419182732269        9.406401966311954       -38.23479378844824        100.0000171754055    -0.004671686294222877
                      413        49.94573152798452        8.770493080893846       -38.23479377727548        100.0000171760544    -0.004671684373254159
                      414         50.0077850252457        9.063796216156716       -38.23479376573056        100.0000171767335    -0.004671682539301614
                      415        50.36792344189075        9.891166141248243       -38.23479375454617        100.0000171773933    -0.004671680634503961
                      416        50.22696017112243         9.75832910084425       -38.23479374337455        100.0000171780461    -0.004671678714426974
                      417        50.15714978928985        9.330998088282406       -38.23479373143336        100.0000171787385    -0.004671676973235783
                      418        49.92392145556113        8.859209897599078       -38.23479371922376        100.0000171794552    -0.004671675305711442
                      419        49.76278781598357        8.363464331335011       -38.23479370678703         100.000017180182    -0.004671673714594426
                      420        49.63446754128577        8.172909101457858       -38.23479369468026        100.0000171808959    -0.004671672061499876
                      421        49.86436334682316        8.578964190397281       -38.23479368286853        100.0000171815851    -0.004671670352653479
                      422        49.84069489529898        8.730923434624465       -38.23479367114575        100.0000171822701    -0.004671668589048217
                      423        49.98230403781287        8.903792712772452       -38.23479365911149        100.0000171829741    -0.004671666870954549
                      424        49.76558452774865        8.567926032037803       -38.23479364697708        100.0000171836792    -0.004671665164939665
                      425         49.7661975371623        8.360048021381038       -38.23479363473896         100.000017184399    -0.004671663497495704
                      426          49.825850795747         8.54995627140557       -38.23479362251578        100.0000171851105    -0.004671661827810869
                      427        50.07834462253174         9.35566960410806       -38.23479361056972        100.0000171858128    -0.004671660108766851
                      428        50.25092623420788         9.60635881457379       -38.23479359866212        100.0000171865043    -0.004671658358061936
                      429        50.19375966584155        9.495734355562421       -38.23479358772182        100.0000171871502    -0.004671656349063635
                      430        50.21773017988172        9.544021863052526        -38.2347935767632         100.000017187792    -0.004671654375034695
                      431        50.27679049991477        9.612356942820135       -38.23479356579267        100.0000171884336    -0.004671652323827491
                      432        50.20856068795378        9.680229135792384       -38.23479355479174        100.0000171890758    -0.004671650189435272
                      433        50.19029781548459        9.457612259981854       -38.23479354346713        100.0000171897364    -0.004671648078025115
                      434        50.48536708657362        10.06152904728781       -38.23479353168733        100.0000171904269    -0.004671646080888436
                      435        50.06524439570085        9.266646551386158       -38.23479351987042        100.0000171911113    -0.004671644172550948
                      436         49.8390619882729        8.305317170067532       -38.23479350861484         100.000017191763    -0.004671642229834294
                      437        50.31283069084313        9.782424329471491       -38.23479349734421        100.0000171924216    -0.004671640369433128
                      438        49.25552260046475        6.353808076387575       -38.23479348661158        100.0000171930371    -0.004671638413801915
                      439        50.24527152219966        9.545463413833785       -38.23479347563588        100.0000171936694    -0.004671636560866332
                      440        49.18228723760557        6.179813227060937       -38.23479346485536        100.0000171942848    -0.004671634579850981
                      441        49.81876468783353        8.290958524223676       -38.23479345308502        100.0000171949701    -0.004671632913199275
                      442        49.88317366547756        8.744305355491932        -38.2347934406084        100.0000171956967    -0.004671631376147456
                      443         50.3707323824438         10.0296037804275       -38.23479342840727        100.0000171964109    -0.004671629802090571
                      444        48.97273014908639        5.416544343509724       -38.23479341560491        100.0000171971628    -0.004671628337279188
                      445        48.64499873602909        3.208917126978764       -38.23479340272706        100.0000171979167    -0.004671626904507065
                      446        49.13919451597798        6.065264760704494       -38.23479338955421        100.0000171986945    -0.004671625641943233
                      447        49.00623394584714        5.536461372016487       -38.23479337682254        100.0000171994341    -0.004671624296384458
                      448        49.01514828756643        5.539906468175608       -38.23479336406206        100.0000172001779    -0.004671622907977735
                      449        49.05209045425251        5.632014773388526       -38.23479335042248        100.0000172009695    -0.004671621692605488
                      450        49.01014658684586        5.555506347297671       -38.23479333657926        100.0000172017847    -0.004671620662806575
                      451        48.96929609399761        5.243727807008399       -38.23479332243252        100.0000172026185     -0.00467161962723539
                      452        48.88896193719727        4.924003696099536       -38.23479330729791        100.0000172035018    -0.004671618984851911
                      453        48.73507547820372        3.804947038514372       -38.23479329200902        100.0000172043913    -0.004671619842246066
                      454        48.59444834690373         3.06701031666187       -38.23479327626379        100.0000172053037    -0.004671620226319728
                      455        48.60004708254975        3.123034219471639       -38.23479326064592        100.0000172062098    -0.004671621290445849
                      456        48.66030252997774        3.524921924675726       -38.23479324493283        100.0000172071298    -0.004671622597984815
                      457        48.69696728985256        3.631527005876236       -38.23479322956038        100.0000172080297    -0.004671624136371122
                      458        48.64937330892793        3.523576966920509       -38.23479321510837        100.0000172088663    -0.004671625919147715
                      459        48.73306467225089        3.928576362769378       -38.23479320083129        100.0000172096989    -0.004671627341954476
                      460        48.86337302492628        4.731405060627226       -38.23479318658741        100.0000172105327    -0.004671629126173471
                      461        48.95738944701574        5.240420885383845       -38.23479317216828        100.0000172113721    -0.004671630834876872
                      462        48.89614820321929        4.895683119249985       -38.23479315757787        100.0000172122211    -0.004671631893805372
                      463        48.96525069091921        5.128336067222273       -38.23479314332678        100.0000172130532     -0.00467163373273749
                      464        49.00764679493025        5.339109921803963       -38.23479312860589        100.0000172139072    -0.004671635522521811
                      465        49.05338901250752        5.732329778317288       -38.23479311441002        100.0000172147374    -0.004671637464644718
                      466         48.9895866050207        5.266369284223613       -38.23479310063732        100.0000172155372    -0.004671639397479943
                      467        49.02157331043543        5.417703410339221       -38.23479308652887        100.0000172163563    -0.004671640754926987
                      468        48.99061164491842        5.450673733312848       -38.23479307280169        100.0000172171601    -0.004671640904290619
                      469        49.16393741644087        5.993838259452925       -38.23479305888436        100.0000172179746    -0.004671641736809118
                      470         49.0525366096332        5.760934964764089       -38.23479304497513        100.0000172187837    -0.004671642036089274
                      471        48.93704926155668         4.98396946683757       -38.23479303041137        100.0000172196369    -0.004671642401828713
                      472        48.85916514223087        4.678975831118024       -38.23479301561048        100.0000172205031    -0.004671642642185336
                      473        48.79802090001766        4.334022792664061       -38.23479300073811        100.0000172213659    -0.004671642752711147
                      474        48.74803370187201        4.110640223547656       -38.23479298551229        100.0000172222567    -0.004671643112263979
                      475         48.6764317508396        3.465596679311393       -38.23479297050554        100.0000172231376    -0.004671643595481445
                      476        48.54740251551721        2.499492686227532       -38.23479295489585        100.0000172240515    -0.004671643725766117
                      477        48.54380376499217        2.564063334187321       -38.23479293943052        100.0000172249575    -0.004671644563241539
                      478        48.50736716112295        2.145285179349909       -38.23479292394015        100.0000172258601    -0.004671643694162952
                      479         48.5836396081159        2.925496407731365       -38.23479290896907        100.0000172267384    -0.004671644115978424
                      480        48.64570579143088        3.183664958448433       -38.23479289413915        100.0000172275992    -0.004671644580432233
                      481        48.67882435017757        3.609226597458298       -38.23479287941655        100.0000172284541    -0.004671645336494112
                      482        48.65280551000332        3.321655355250547       -38.23479286436091        100.0000172293308    -0.004671646557079079
                      483        48.57127538792533        2.817229968247084       -38.23479284888876        100.0000172302315     -0.00467164776950213
                      484        48.49452668156339        1.785813079841277        -38.2347928329535        100.0000172311594    -0.004671647148650315
                      485        48.46075186548234        1.455717904885046       -38.23479281700406        100.0000172320796    -0.004671645766190391
                      486        48.50403409991065        2.078904815586118        -38.2347928010791        100.0000172330078    -0.004671644535291009
                      487        48.61714113627289        3.112047052100946       -38.23479278580058        100.0000172338998    -0.004671643181933582
                      488        48.62392904368851        3.278561229176146       -38.23479277047221        100.0000172347928     -0.00467164198869563
                      489        48.73749767375701        3.834230180713646       -38.23479275523346        100.0000172356845    -0.004671641333030774
                      490        48.85497173140954        4.630947339336248       -38.23479274074231        100.0000172365324    -0.004671640338753669
                      491        48.87543029776074        4.768669554775174       -38.23479272666629        100.0000172373435     -0.00467163921082836
                      492        48.95802282780615        5.210448148501976       -38.23479271305843        100.0000172381388    -0.004671638010993462
                      493        49.04999098594133        5.515415933182972       -38.23479269978847        100.0000172389109    -0.004671636668234669
                      494        49.03078384702486        5.385934732010086       -38.23479268695941        100.0000172396551    -0.004671635042281519
                      495        49.15367478154072        5.955696013319177       -38.23479267533912        100.0000172403272    -0.004671633745029879
                      496        49.04167131996513         5.43972264265228       -38.23479266341067        100.0000172410146    -0.004671632304517725
                      497        49.19442353676152          6.1781623833273       -38.23479265120119        100.0000172417278    -0.004671630908948288
                      498        49.20214202225499        6.216403313623299       -38.23479263944935        100.0000172424092    -0.004671629571751268
                      499        50.04466150815873         8.95020366606245       -38.23479262759534        100.0000172431028    -0.004671628505489522
                      500         50.0310477577334        9.048658524712264       -38.23479261576858        100.0000172437851    -0.004671627603321404

Final average n0: 50.15522166690081
Final fluctuations n0: 9.348659781337945

Averages:
48.61503395261073
48.65002683283503
48.65620420660108
48.75918683516673
48.71815253577076
48.79565308022489
48.8475950624887
49.26016723120663
49.3703382343372
49.44119702217859
49.43221607343014
49.46271571713591
49.38594582714546
49.35274043470736
49.41855745950912
49.47231166032474
49.05040647358976
49.14650043016037
49.27853817750928
49.26147144341863
49.31967197174051
49.09375408201073
49.47559006590546
49.77595722237136
49.77248635477391
49.5200095209368
49.81340448872738
50.02479363321341
50.06614712069576
49.71024456604651
50.1639645911517
50.31039797970608
50.11186807857948
49.7291974188605
49.7328984631485
49.86887541865504
49.60567916446377
49.4964303406002
49.2102483872902
48.98139218098291
49.27294738173691
48.98769372780753
49.11223581108182
49.15037755864886
49.06653231250463
49.51122364149705
49.17771222423201
48.84158843117944
48.89515389700595
49.18390623554632
49.41628146547686
49.20671731813463
49.25785832255207
50.88693440660417
50.19330488394511
50.09924450706266
49.39088104438687
49.82727865450995
49.78874491688731
49.85695405270096
49.70505541317448
49.54908909707823
49.57121620353723
49.20588581987462
49.1766867271573
49.34392374567247
50.07187685865519
49.45272070337748
49.37214266694571
49.56310333406576
50.13559066442404
49.5456923372572
49.43075450849701
49.27947288879326
49.26452119867767
49.11995741247009
49.21721548732935
49.28358287095941
49.43097736511093
49.52564461674113
49.47149377025181
49.34577791626619
49.26742576155828
49.32697019585087
49.49127569971282
49.40933320866251
49.60867493730921
49.60449266726231
50.25251701866132
50.00397619029566
50.03714877861728
50.00511326899467
50.36089066313831
50.23527460489596
50.2747966250237
49.75414552769428
50.07181390834096
49.57385282251396
50.16555449200504
49.94363773293815
50.10991799957686
49.78871093952449
49.58621488768888
49.59674225233039
49.62477949280596
49.46952209459023
49.14920970057209
49.18771866254917
49.57896164486117
48.96139325971966
49.75014192718228
49.14013901410893
49.04638879569887
49.41171054571871
49.73732774969692
49.89156713777256
50.05514855139623
49.37534866092649
49.99210945304032
50.09373534477134
50.05166619244409
50.14105818884779
50.15142733163638
50.14674485912895
50.07705893492837
50.02652796655642
50.15716226264782
50.20225495734688
50.21385466249567
50.08828701584066
50.2124790879169
50.39994956594869
50.55881087983452
50.48575817024532
50.528001245836
50.69284018568845
50.60707443793828
50.58728176682959
50.75795796880458
50.72177677473512
50.75430317540159
50.74015613305876
50.91560262606475
50.6092192397111
49.65823248165646
49.48777016838851
49.03995434820984
49.65083576874117
49.8574049388007
49.62016265017238
50.05646677603472
49.77682993643669
49.50449402275252
49.45470789605985
49.40020142105293
49.08017601066211
49.10668687113098
49.10920666547014
49.12893472398567
49.15334690061324
49.84643784245311
50.46209805276811
50.46662965706777
50.55896372093306
50.80417213554885
50.82335108238485
50.65382121348129
50.66783741639932
50.85770214512836
50.80199603102681
50.86700136426593
50.98282089087418
50.8079290445125
50.93997446304433
50.92230469246975
50.92433226652359
50.91849130053923
51.02977732998944
50.91736143878758
50.99768583982269
51.03863569425954
50.93809111903871
51.02188324893344
51.00811544151355
51.10614841024081
50.98784470072867
51.09400096316737
51.11974255703874
51.03824214387399
51.15888989816285
51.01669643849386
51.12278235872612
51.14898012314143
51.15170820065965
51.12547143233544
51.11222785699128
51.14901155664464
51.15390566598008
51.13894533404562
51.12045557595484
51.10839401108211
51.11978402357634
51.11618568084265
51.12540831244777
51.12140284113233
51.12396100028946
51.13258055190237
51.16730732197551
51.15754809480011
51.1235120494312
51.13625043109587
50.93782250099609
51.11280617517425
51.00591899905291
50.96147419087161
50.99206577402309
50.92607039460196
51.04879607262308
50.88776423603543
51.03067577991066
51.01666560607245
50.99449014872729
51.08060401097894
51.15232087909257
51.02961143912676
51.21867623230802
51.18833347069298
51.19896741687871
51.18930010483189
51.1069190800974
51.21053968665248
51.22157900777709
51.09142775264157
51.06792219137267
51.21855320426759
51.07471387647912
51.12488025472963
51.18170272113237
51.05568133554997
51.16345699435859
51.18178431111148
51.16131562422814
51.05322228910989
51.18610719561686
51.21036557668523
51.08519381136198
51.08338508417246
51.22710391924828
51.02059308613434
51.15133097474808
51.16089527227866
51.09076904407013
51.14849584481255
51.14711465777376
50.99381555091153
51.15138858227147
51.00235319763805
51.11850999150086
51.13582773379104
51.04658530653994
51.16797419618494
50.98214731704211
51.14820725182344
51.05858942050308
51.23019137240751
51.23153218473571
51.12558706417153
51.11805634680697
51.23618713350833
51.1398686433474
51.17203493018318
51.24229040403938
51.03335184373118
51.20951703986171
51.22358272269247
51.11361762310607
51.19163080044617
51.2052674219752
51.14195760672693
51.23945644845521
51.19170561297708
51.13218337346564
51.12613785051992
50.98295513572945
50.95259530761298
50.98708340652426
51.02566591317545
51.06517679278927
50.97157909073235
51.11709199442671
51.24768859117766
51.21761020183719
51.39732218202644
51.42365012860655
51.3295684773143
51.43461088386321
51.38938037946041
51.37426382547698
51.48381443527705
51.39293363971913
51.39768068667333
51.52558609510867
51.55903711192005
51.46250408797038
51.47303486744443
51.5045927975065
51.4968837245661
51.35131945741264
51.39457255358885
51.40073022232576
51.31414338149727
51.45750081435141
51.30528089249235
51.39215369084693
51.48759494992625
51.43814041771628
51.33224708298025
51.41708896141688
51.21526898097442
51.2923980801815
51.24527273387261
51.26589277822917
51.25601515835893
51.29701663243086
51.16744078033326
51.19713677481609
51.32484647436959
51.13385689331656
51.22707325552862
51.07170026580213
51.25387296268273
51.10806587073748
51.05621452823966
50.85369748740896
50.55186201409759
50.28064083317185
50.56148328897955
51.25070173495236
51.05717855211893
50.77077273142621
51.0819924789854
50.67309491883829
50.03087280564393
49.8315326026877
50.3133688088698
49.59006559841649
49.59671425989965
49.34220241307956
50.38446715360836
49.58882096476589
49.49167090273661
49.84542446841424
49.95617942685001
50.03673916075188
50.78089211868996
51.00506674918076
50.95185223003822
50.68117140770226
50.26288185997281
50.21641173567172
49.80665976369158
50.11861442228565
50.15848597687305
49.60812221168959
49.28590800080659
49.16379568774717
49.14734858281854
49.00139149454937
48.94139397201883
49.16776801083673
49.07560733191114
49.03697783122388
49.10829616214826
49.32765775038116
49.25183784780097
50.2426591389063
49.6058340886933
49.13806898316768
50.20890900638525
48.97737688456932
49.96009290593314
50.15526266035688
50.33884420351686
50.26467227189448
50.26789530122925
50.34962667744561
50.18838306663071
50.13228895074561
50.06322871515033
50.04059971140041
50.13955078133543
50.18997555418829
50.37567201225388
50.36105004244646
50.29132988106257
50.28048436292845
50.27170895676312
50.36314669294556
50.36164882388885
50.26832015182738
50.14163186064486
50.30874662229644
50.2610331040626
50.19620498870052
50.18242625077708
50.00632860979336
49.98037988546103
50.2151392114026
50.08545497489518
50.17437271136242
50.23333772806148
50.15419182732269
49.94573152798452
50.0077850252457
50.36792344189075
50.22696017112243
50.15714978928985
49.92392145556113
49.76278781598357
49.63446754128577
49.86436334682316
49.84069489529898
49.98230403781287
49.76558452774865
49.7661975371623
49.825850795747
50.07834462253174
50.25092623420788
50.19375966584155
50.21773017988172
50.27679049991477
50.20856068795378
50.19029781548459
50.48536708657362
50.06524439570085
49.8390619882729
50.31283069084313
49.25552260046475
50.24527152219966
49.18228723760557
49.81876468783353
49.88317366547756
50.3707323824438
48.97273014908639
48.64499873602909
49.13919451597798
49.00623394584714
49.01514828756643
49.05209045425251
49.01014658684586
48.96929609399761
48.88896193719727
48.73507547820372
48.59444834690373
48.60004708254975
48.66030252997774
48.69696728985256
48.64937330892793
48.73306467225089
48.86337302492628
48.95738944701574
48.89614820321929
48.96525069091921
49.00764679493025
49.05338901250752
48.9895866050207
49.02157331043543
48.99061164491842
49.16393741644087
49.0525366096332
48.93704926155668
48.85916514223087
48.79802090001766
48.74803370187201
48.6764317508396
48.54740251551721
48.54380376499217
48.50736716112295
48.5836396081159
48.64570579143088
48.67882435017757
48.65280551000332
48.57127538792533
48.49452668156339
48.46075186548234
48.50403409991065
48.61714113627289
48.62392904368851
48.73749767375701
48.85497173140954
48.87543029776074
48.95802282780615
49.04999098594133
49.03078384702486
49.15367478154072
49.04167131996513
49.19442353676152
49.20214202225499
50.04466150815873
50.0310477577334

Fluctuations:
1.234389535563183
1.734881334946007
1.906577045470601
2.888908014669771
2.562887576437578
3.341324000908765
3.666968846741193
5.95561842774739
6.532641043977566
6.775410549186311
6.698130641177892
6.785678011074892
6.519638999703542
6.549283642940225
6.351648966421672
6.903447746445222
4.836908354878431
5.463996058981238
5.857746853942251
6.063145216776744
6.10601057943468
5.230389565835264
7.038950195642689
7.967630212400468
7.733772420516094
7.024299864636482
8.179346205016586
8.761421865353055
8.792733932702857
7.671413775558132
9.069750144644233
9.507969436090288
9.057286433269359
7.979906233858421
7.659704302932264
8.332900252553937
7.231526279223615
6.982815074510389
5.886765290914107
4.844558096936201
6.25820928007991
4.966877264531319
5.390373776943138
5.633922741605653
5.438236120587711
7.150785145820624
6.009484961879073
3.991338426895204
4.385124903395023
5.717408375659304
6.750383027560762
5.70328655002889
6.202804495985607
10.79562731443709
9.339205872197899
8.725735895560314
6.570239213144264
8.214029436353529
7.932347173066058
8.408637725661979
7.700440573083528
7.440615436266413
7.332278531401283
6.20472307885562
5.922564920586043
6.428064594590306
9.006160960159113
7.077444703216825
6.827983375596204
7.532009191732993
9.148346293645901
7.429816107059128
6.870099939419348
6.598099834870324
6.271175896128599
5.967832197106717
6.014823731488915
6.570094355763223
7.04760055734351
7.371720667235962
7.183860645087144
6.864057322430091
6.407419088663894
6.541517692410704
7.222110345483338
6.934787798995827
7.621519304348041
7.642587838926198
9.59797178915006
8.864271803580216
8.94270964046968
8.86189222628753
9.844055114917303
9.456803869509605
9.581104864760235
8.132337490714578
9.006326800945017
7.462744668795676
9.415715524692564
8.694010230212021
9.312021954941509
8.26309456511777
7.607260396671766
7.593748584513455
7.714684520165626
7.178728252696206
5.884308777647224
6.248995428271559
7.505949111008701
4.985873315591198
8.192224945539193
5.810094859367928
5.656422242110398
7.109787398397244
8.104832033935665
8.65503902060347
9.1285885889168
7.065196619506585
8.895190607748702
9.289749149194327
9.166458074542959
9.357719376266949
9.311659230885002
9.375704199148027
9.269929072311477
9.078387175531493
9.418311567124475
9.402711560579736
9.55448679547939
9.262299968102873
9.57522341464875
10.0010301841791
10.34832418328473
10.19292243527569
10.26937088498238
10.49802116573861
10.59308545072322
10.44562100885888
10.67145234917701
10.7159371626536
10.72993454650188
10.7674789213205
11.00201352440756
10.38989181016713
7.525947280818376
7.04165553669825
5.06189918447059
7.703790615378617
8.3613247855598
7.415346618333587
8.968636797490527
7.999251224663701
7.076023583853116
6.879733993945954
6.881855405695212
5.386998487504949
5.389656090741308
5.530882562290246
5.712053210424044
5.761160368877412
8.57761791627283
10.2331937653003
9.974721168434755
10.36879068721044
10.89695665592523
10.97087405759039
10.61855821482217
10.62236870975364
11.09730148085552
11.05371412500519
11.0622294750019
11.20415664298511
11.05364676351249
11.29064368455526
11.09464994414239
11.25633699753785
11.2876440548888
11.31331052613016
11.29893316785342
11.39397868890794
11.48680307575792
11.30884314793153
11.3069704075571
11.55241299105613
11.51434036077108
11.43092190017357
11.50884227321764
11.64323914053039
11.54159973975603
11.63704403945093
11.47790381558417
11.69205223267289
11.57389566857617
11.68469890348957
11.75974180780513
11.71595532632444
11.66985399003938
11.66068403523305
11.6372735271823
11.60950559246866
11.62885679513372
11.6646894752651
11.66680992240476
11.7271086398215
11.71618236833479
11.66016417944301
11.68771374938923
11.7570155639499
11.71239487461222
11.58414469596799
11.614896601024
11.36871254808966
11.50278341803031
11.53642263374503
11.17914537433532
11.40042445345047
11.32688615191405
11.37717859463875
11.25890255936496
11.35205079396366
11.47986726727509
11.39249699998785
11.53997086208635
11.62492809883051
11.62085579090727
11.85097419269755
11.66493736485923
11.8195726039481
11.85084882655372
11.67564606305256
11.80747012654052
11.78619324185622
11.65540967570805
11.55453463778355
11.82089786267719
11.58088156355977
11.69041027095937
11.6607570176096
11.6330281780832
11.77358961975728
11.65883473989786
11.71491804269487
11.63020569760504
11.69087619601794
11.79186841696182
11.66628707565624
11.60272746382168
11.73276061966515
11.57871543904122
11.69336362241246
11.59530550436105
11.7373258445931
11.6534847777983
11.62300448283148
11.53648189588589
11.55311703146335
11.52310032300051
11.53081207344005
11.6743580042345
11.56700980193974
11.64687290214449
11.46981420876951
11.62934137965296
11.63041547887171
11.83205485317254
11.83677189488596
11.70135310164098
11.71179304719312
11.81968962735825
11.72545724769832
11.86113471049883
11.79869132219587
11.57906298268987
11.84640681986001
11.7359603320409
11.76016058887377
11.81061788112604
11.75180031580169
11.81682938218334
11.83430772602852
11.75806453555091
11.81363750659175
11.54558510824289
11.41626161105128
11.40911365859889
11.3602470030163
11.33878657536953
11.49818647510607
11.40923442295716
11.75347136913815
11.75966171187782
11.99902443798881
12.1267620508955
12.16310081110226
12.23093853099711
12.28418236856776
12.18413986115073
12.34036770811894
12.32956617899212
12.25031017677642
12.34871601666668
12.43232497800341
12.50724918035133
12.45308893296659
12.49557142783748
12.41457255249309
12.35526074196767
12.2680491178646
12.22039210691446
12.19827574105184
12.23470560355518
12.22206937939593
12.17573912853097
12.25084732596173
12.34617336225798
12.34256713887963
12.2285765687193
12.15654599016479
12.01410125183379
12.05341618779553
11.90939921109399
12.12938668831999
11.96014491268031
11.9967826182087
11.93370436397436
11.92116023300587
12.01542278722097
11.78980564835408
12.03453093318609
11.67421075795195
11.94560950185525
11.64962622161226
11.59520104040693
11.19870581806184
10.57255641559086
9.786000716883899
10.44947080785513
12.17314689340111
11.68951367977286
10.92148333722856
11.47585443031883
10.39816832024659
8.830644605690097
8.146012110485801
9.656035170657853
7.505245051201478
7.511010333897977
6.831142422580914
9.871219948144164
7.469884223602472
7.368442060070989
8.367687471052172
8.67094467735313
9.096254307047278
10.81203346796217
11.04636999711926
11.25653505162129
10.48794682062041
9.570258797824492
9.408523543911112
7.947021481288054
9.332929778114135
9.269539543268596
7.685808158198757
6.676859096530083
6.158579670605494
6.109499265658042
5.284064678649634
5.281228404501932
6.079863615420283
5.769084143722198
5.629031788420736
5.867883558012513
6.659803296458674
6.619234235780083
9.682814606946918
7.994208721913873
6.019665154424394
9.428252203968144
5.208417250260299
8.81609564541257
9.450024754238839
9.807303579354294
9.697438007452226
9.78565171915419
10.02203279799304
9.491319500319543
9.469161394795984
9.138005047838396
9.277101682150986
9.437823484944245
9.831554103412296
10.22986142012591
10.12923044367936
9.897917463697679
9.988307774675723
9.946709075996297
10.12724186592939
10.14199113785371
10.03748827484855
9.718519041999025
9.837245650884856
9.98206938644133
9.812475470981974
9.718336896081563
9.285935389177295
9.25541133956345
9.580586001546211
9.556562754039428
9.526327287897054
9.50762126500724
9.406401966311954
8.770493080893846
9.063796216156716
9.891166141248243
9.75832910084425
9.330998088282406
8.859209897599078
8.363464331335011
8.172909101457858
8.578964190397281
8.730923434624465
8.903792712772452
8.567926032037803
8.360048021381038
8.54995627140557
9.35566960410806
9.60635881457379
9.495734355562421
9.544021863052526
9.612356942820135
9.680229135792384
9.457612259981854
10.06152904728781
9.266646551386158
8.305317170067532
9.782424329471491
6.353808076387575
9.545463413833785
6.179813227060937
8.290958524223676
8.744305355491932
10.0296037804275
5.416544343509724
3.208917126978764
6.065264760704494
5.536461372016487
5.539906468175608
5.632014773388526
5.555506347297671
5.243727807008399
4.924003696099536
3.804947038514372
3.06701031666187
3.123034219471639
3.524921924675726
3.631527005876236
3.523576966920509
3.928576362769378
4.731405060627226
5.240420885383845
4.895683119249985
5.128336067222273
5.339109921803963
5.732329778317288
5.266369284223613
5.417703410339221
5.450673733312848
5.993838259452925
5.760934964764089
4.98396946683757
4.678975831118024
4.334022792664061
4.110640223547656
3.465596679311393
2.499492686227532
2.564063334187321
2.145285179349909
2.925496407731365
3.183664958448433
3.609226597458298
3.321655355250547
2.817229968247084
1.785813079841277
1.455717904885046
2.078904815586118
3.112047052100946
3.278561229176146
3.834230180713646
4.630947339336248
4.768669554775174
5.210448148501976
5.515415933182972
5.385934732010086
5.955696013319177
5.43972264265228
6.1781623833273
6.216403313623299
8.95020366606245
9.048658524712264

Last point and parameters for further simulation:
100
4
-0.00530189
contact

-0.8620242248041532
0.2676514523643355
-0.1666931324001879
1.313535135222475
-2.965352234720568
1.613334548886492
-0.4426173667187885
-0.8450577215202569
-0.5348118934879933
0.5365945536430142
-1.224931840491518
0.8540078106807376
-3.473053359318687
7.441631188755047
-3.676739203488575
0.7262811486870073
-0.2498128089323054
0.8797255056006142

Final quantities:
50.15522166690081
9.348659781337945
