0.127354071560679 -104.37592901352151
0.12397215159296751 -104.6264931239527
0.12208206513111088 -104.70820921207947
0.12104995320684676 -104.73354179008821
0.12049305609656337 -104.74090839713745
0.12019489859398454 -104.74303568547336
0.1200358520169398 -104.74364343877306
0.11995117670299403 -104.7438160790027
0.11990614277117378 -104.74386497175266
0.11988220497362856 -104.74387879705178
0.11986948454622767 -104.74388270362786
0.11986272602225616 -104.74388380731723
0.1198591354289123 -104.7438841192305
0.11985722794187867 -104.74388420746122
0.11985621462128643 -104.74388423246644
0.11985567631834751 -104.74388423957883
0.11985539035933077 -104.74388424161548
0.11985523845172817 -104.743884242206
0.1198551577553438 -104.74388424238101
0.1198551148878451 -104.74388424243477
0.11985509211578223 -104.74388424245238
0.11985508001877236 -104.74388424245872
0.11985507359261446 -104.74388424246098
0.11985507017895401 -104.74388424246207
0.1198550683655169 -104.74388424246256
0.1198550674021521 -104.74388424246278
0.11985506689044927 -104.74388424246293
0.11985506661862011 -104.74388424246304
0.11985506647420698 -104.74388424246297
0.11985506639749632 -104.74388424246303
0.11985506635677327 -104.74388424246312
0.11985506633514609 -104.74388424246303
0.11985506632363668 -104.74388424246304
0.11985506631750587 -104.74388424246307
0.11985506631422606 -104.74388424246305
0.11985506631254479 -104.7438842424631
0.11985506631161201 -104.74388424246315
0.11985506631116442 -104.7438842424631
0.11985506631089739 -104.74388424246305
0.11985506631077326 -104.7438842424631
0.11985506631075821 -104.74388424246307
0.11985506631067921 -104.7438842424631
0.11985506631060773 -104.74388424246294
0.11985506631062279 -104.74388424246308
0.11985506631063786 -104.74388424246318
0.11985506631060022 -104.74388424246294
0.11985506631055887 -104.74388424246295
0.11985506631058143 -104.74388424246295
0.11985506631057394 -104.743884242463
0.11985506631060028 -104.74388424246297
0.11985506631056643 -104.74388424246305
-103.66883403729997
-104.74388424246305
-103.41494526950775
0.11985506631056643 -104.74388424246305
