0.1011814204791684 -165.06803819204515
0.09902139261890455 -165.22949966223834
0.09823422675509036 -165.25186389090857
0.09794989132679115 -165.25482919947748
0.09784742019736058 -165.2552166401864
0.09779011588129491 -165.2553249034331
retry 0.00025 -165.25532401850788
0.09779002716868045 -165.25532490465042
0.09778995654045054 -165.2553249054235
0.09778990031006694 -165.2553249059146
0.09778985554248634 -165.25532490622678
0.09778981990097187 -165.25532490642547
0.09778979152516797 -165.2553249065521
0.09778976893391741 -165.2553249066329
0.09778975094799018 -165.25532490668442
0.09778973662856759 -165.2553249067177
0.0977897252282673 -165.25532490673857
0.09778971615191971 -165.25532490675238
0.09778970892589547 -165.25532490676093
0.0977897031729156 -165.25532490676665
0.0977896985926917 -165.25532490677062
0.09778969494618486 -165.255324906773
0.09778969204303137 -165.25532490677446
0.09778968973170278 -165.25532490677543
0.09778968789157093 -165.25532490677634
0.09778968642655093 -165.25532490677682
0.09778968526020003 -165.2553249067769
0.09778968433159535 -165.25532490677736
0.09778968359227953 -165.25532490677728
0.09778968300362133 -165.25532490677745
0.09778968253505384 -165.2553249067777
0.0977896821619998 -165.2553249067776
0.09778968186497013 -165.25532490677767
0.0977896816285062 -165.2553249067776
0.09778968144021054 -165.2553249067777
0.09778968129036923 -165.25532490677782
0.09778968117100635 -165.25532490677793
0.09778968107598951 -165.2553249067779
0.09778968100032226 -165.25532490677782
0.09778968094011364 -165.25532490677807
0.09778968089217667 -165.25532490677793
0.09778968085400803 -165.25532490677782
0.09778968082366565 -165.255324906778
0.09778968079948631 -165.25532490677813
0.09778968078023194 -165.25532490677784
0.09778968076488215 -165.25532490677787
0.09778968075269552 -165.2553249067779
0.09778968074295438 -165.25532490677782
0.09778968073520637 -165.25532490677796
0.09778968072906376 -165.25532490677787
0.09778968072415915 -165.25532490677804
-163.24703674426215
-165.25532490677804
-162.7271939839575
0.09778968072415915 -165.25532490677804
