0.08467177909602076 -241.12428741117532
0.08328442897398887 -241.23178319764168
0.08297860987042634 -241.23696432916444
0.08290875472259794 -241.23723737494788
0.08289270647401266 -241.23725182746514
0.08288901467894717 -241.23725259471874
0.0828881651435828 -241.23725263581824
0.08288796963927675 -241.23725263810226
0.08288792464704926 -241.23725263824787
0.08288791429272985 -241.23725263826157
0.08288791190974971 -241.23725263826356
0.08288791136135934 -241.23725263826358
0.082887911235242 -241.23725263826418
0.08288791120613799 -241.23725263826364
0.08288791119948123 -241.23725263826375
0.08288791119794392 -241.23725263826384
0.08288791119759813 -241.23725263826358
0.08288791119747783 -241.23725263826375
0.08288791119752668 -241.23725263826378
0.08288791119747028 -241.2372526382639
0.08288791119747779 -241.23725263826395
0.08288791119747028 -241.2372526382639
0.08288791119747779 -241.23725263826395
0.08288791119747028 -241.2372526382639
0.08288791119747779 -241.23725263826395
0.08288791119747028 -241.2372526382639
0.08288791119747779 -241.23725263826395
0.08288791119747028 -241.2372526382639
0.08288791119747779 -241.23725263826395
0.08288791119747028 -241.2372526382639
0.08288791119747779 -241.23725263826395
0.08288791119747028 -241.2372526382639
0.08288791119747779 -241.23725263826395
0.08288791119747028 -241.2372526382639
0.08288791119747779 -241.23725263826395
0.08288791119747028 -241.2372526382639
0.08288791119747779 -241.23725263826395
0.08288791119747028 -241.2372526382639
0.08288791119747779 -241.23725263826395
0.08288791119747028 -241.2372526382639
0.08288791119747779 -241.23725263826395
0.08288791119747028 -241.2372526382639
0.08288791119747779 -241.23725263826395
0.08288791119747028 -241.2372526382639
0.08288791119747779 -241.23725263826395
0.08288791119747028 -241.2372526382639
0.08288791119747779 -241.23725263826395
0.08288791119747028 -241.2372526382639
0.08288791119747779 -241.23725263826395
0.08288791119747028 -241.2372526382639
0.08288791119747779 -241.23725263826395
-237.91485261297845
-241.23725263826395
-237.00720654223747
0.08288791119747779 -241.23725263826395
