0.07269931071372251 -335.2070432971521
0.07206268334402112 -335.2400303664472
0.071976764619567 -335.2406592927075
0.07196453008978514 -335.2406721076118
0.07196277721632031 -335.2406723724927
0.07196252585822187 -335.24067237818053
0.07196248980951925 -335.2406723783321
0.07196248463946979 -335.24067237834004
0.0719624838980102 -335.240672378341
0.07196248379162076 -335.2406723783414
0.07196248377639135 -335.2406723783414
0.07196248377421724 -335.2406723783413
0.0719624837739059 -335.2406723783413
0.0719624837738426 -335.2406723783416
0.07196248377386899 -335.2406723783414
0.0719624837738215 -335.2406723783413
0.07196248377376346 -335.24067237834134
0.07196248377381095 -335.2406723783415
0.07196248377384262 -335.24067237834146
0.07196248377387429 -335.2406723783415
0.07196248377382153 -335.24067237834123
0.07196248377377931 -335.24067237834134
0.07196248377382153 -335.24067237834123
0.07196248377377931 -335.24067237834134
0.07196248377382153 -335.24067237834123
0.07196248377377931 -335.24067237834134
0.07196248377382153 -335.24067237834123
0.07196248377377931 -335.24067237834134
0.07196248377382153 -335.24067237834123
0.07196248377377931 -335.24067237834134
0.07196248377382153 -335.24067237834123
0.07196248377377931 -335.24067237834134
0.07196248377382153 -335.24067237834123
0.07196248377377931 -335.24067237834134
0.07196248377382153 -335.24067237834123
0.07196248377377931 -335.24067237834134
0.07196248377382153 -335.24067237834123
0.07196248377377931 -335.24067237834134
0.07196248377382153 -335.24067237834123
0.07196248377377931 -335.24067237834134
0.07196248377382153 -335.24067237834123
0.07196248377377931 -335.24067237834134
0.07196248377382153 -335.24067237834123
0.07196248377377931 -335.24067237834134
0.07196248377382153 -335.24067237834123
0.07196248377377931 -335.24067237834134
0.07196248377382153 -335.24067237834123
0.07196248377377931 -335.24067237834134
0.07196248377382153 -335.24067237834123
0.07196248377377931 -335.24067237834134
0.07196248377382153 -335.24067237834123
-330.1757900985665
-335.24067237834123
-328.702940545517
0.07196248377382153 -335.24067237834123
