0.051087224895463634 -753.887710018724
0.051310658266520835 -753.9026375575855
0.05132008204574256 -753.9026636201359
0.051320429298720875 -753.9026636544024
0.05132044201687867 -753.9026636544079
0.05132044248256391 -753.9026636544063
0.05132044249961569 -753.9026636544068
0.05132044250026883 -753.9026636544065
0.05132044250026883 -753.9026636544065
0.05132044250026883 -753.9026636544065
0.05132044250026883 -753.9026636544065
0.05132044250026883 -753.9026636544065
0.05132044250026883 -753.9026636544065
0.05132044250026883 -753.9026636544065
0.05132044250026883 -753.9026636544065
0.05132044250026883 -753.9026636544065
0.05132044250026883 -753.9026636544065
0.05132044250026883 -753.9026636544065
0.05132044250026883 -753.9026636544065
0.05132044250026883 -753.9026636544065
0.05132044250026883 -753.9026636544065
0.05132044250026883 -753.9026636544065
0.05132044250026883 -753.9026636544065
0.05132044250026883 -753.9026636544065
0.05132044250026883 -753.9026636544065
0.05132044250026883 -753.9026636544065
0.05132044250026883 -753.9026636544065
0.05132044250026883 -753.9026636544065
0.05132044250026883 -753.9026636544065
0.05132044250026883 -753.9026636544065
0.05132044250026883 -753.9026636544065
0.05132044250026883 -753.9026636544065
0.05132044250026883 -753.9026636544065
0.05132044250026883 -753.9026636544065
0.05132044250026883 -753.9026636544065
0.05132044250026883 -753.9026636544065
0.05132044250026883 -753.9026636544065
0.05132044250026883 -753.9026636544065
0.05132044250026883 -753.9026636544065
0.05132044250026883 -753.9026636544065
0.05132044250026883 -753.9026636544065
0.05132044250026883 -753.9026636544065
0.05132044250026883 -753.9026636544065
0.05132044250026883 -753.9026636544065
0.05132044250026883 -753.9026636544065
0.05132044250026883 -753.9026636544065
0.05132044250026883 -753.9026636544065
0.05132044250026883 -753.9026636544065
0.05132044250026883 -753.9026636544065
0.05132044250026883 -753.9026636544065
0.05132044250026883 -753.9026636544065
-740.0956583786196
-753.9026636544065
-735.6816687119413
0.05132044250026883 -753.9026636544065
