0.046110770465030086 -967.6939445442115
0.046364466248639574 -967.717683984625
0.046373250521566094 -967.7177180935458
0.046373458608394195 -967.717718111754
0.046373463487856245 -967.7177181117431
0.04637346360217985 -967.7177181117441
0.04637346360490637 -967.7177181117429
0.04637346360497163 -967.7177181117429
0.046373463604977315 -967.7177181117437
0.04637346360496029 -967.717718111742
0.04637346360495178 -967.7177181117431
0.046373463604977315 -967.7177181117437
0.04637346360496029 -967.717718111742
0.04637346360495178 -967.7177181117431
0.046373463604977315 -967.7177181117437
0.04637346360496029 -967.717718111742
0.04637346360495178 -967.7177181117431
0.046373463604977315 -967.7177181117437
0.04637346360496029 -967.717718111742
0.04637346360495178 -967.7177181117431
0.046373463604977315 -967.7177181117437
0.04637346360496029 -967.717718111742
0.04637346360495178 -967.7177181117431
0.046373463604977315 -967.7177181117437
0.04637346360496029 -967.717718111742
0.04637346360495178 -967.7177181117431
0.046373463604977315 -967.7177181117437
0.04637346360496029 -967.717718111742
0.04637346360495178 -967.7177181117431
0.046373463604977315 -967.7177181117437
0.04637346360496029 -967.717718111742
0.04637346360495178 -967.7177181117431
0.046373463604977315 -967.7177181117437
0.04637346360496029 -967.717718111742
0.04637346360495178 -967.7177181117431
0.046373463604977315 -967.7177181117437
0.04637346360496029 -967.717718111742
0.04637346360495178 -967.7177181117431
0.046373463604977315 -967.7177181117437
0.04637346360496029 -967.717718111742
0.04637346360495178 -967.7177181117431
0.046373463604977315 -967.7177181117437
0.04637346360496029 -967.717718111742
0.04637346360495178 -967.7177181117431
0.046373463604977315 -967.7177181117437
0.04637346360496029 -967.717718111742
0.04637346360495178 -967.7177181117431
0.046373463604977315 -967.7177181117437
0.04637346360496029 -967.717718111742
0.04637346360495178 -967.7177181117431
0.046373463604977315 -967.7177181117437
-949.1273626970641
-967.7177181117437
-943.0635291599863
0.046373463604977315 -967.7177181117437
