Number of particles: 100
Nmax: 11
Gamma: 0.5
Interaction type: contact
Step size: 0.0001
Batch size: 200000
Batch count: 100
             Batch number               Average n0          Fluctuations n0                   Energy           Particle count                 Momentum
                        1        9.735419416995224        8.670243905448773        9107.026753502138         99.9999942923919       0.2131986106793065
                        2        8.980892645987621        8.057006318509247        9107.025572935558        99.99998880759492       0.2131978989643244
                        3        9.491353563435471        8.642221774407206        9107.024300940044        99.99998298219295       0.2131976240796289
                        4        9.466102244906384         8.38992012731514        9107.022976544133        99.99997699203759       0.2131975993647579
                        5        9.383793976971607        8.159922148961844        9107.021813372359        99.99997155395954       0.2131985486784425
                        6        9.030610281438905        7.944219537815043         9107.02060658914         99.9999659550264       0.2131983455333781
                        7        9.604982544490776        8.468715326042025        9107.019330855095        99.99996013776567        0.213197873557057
                        8        10.49312826691212        8.374727217473229        9107.017928111207        99.99995387885819       0.2131978547512645
                        9        9.816506144812568        7.993215487399372        9107.016582250757        99.99994780042114       0.2131972369454904
                       10        9.665834207403364        8.613604693583234         9107.01534331344        99.99994209393682       0.2131969150203048
                       11        10.04635244780311        8.841478122831198        9107.014001655341        99.99993602379973       0.2131964041647834
                       12        8.937098953347082        8.027570443444809        9107.012756732911        99.99993029754643       0.2131960558579067
                       13        10.40859730079838        8.599749755564718        9107.011440275846        99.99992431913449        0.213196309881734
                       14        9.727421727539477         8.48169696678047        9107.010219885255        99.99991868060222       0.2131970707931323
                       15        9.465316784942397        7.833065939987319         9107.00893284156        99.99991280773392       0.2131971239797466
                       16        10.21962316409852        8.477607796410878        9107.007609126296        99.99990680525381       0.2131975245731219
                       17        9.629759598745762        8.274331445536719        9107.006292869892        99.99990083238137       0.2131982116426876
                       18        8.960035036376425        7.824981236060355        9107.005055928788        99.99989513923538       0.2131985156560718
                       19        9.991068100987835        8.658624869648905        9107.003778880005        99.99988929203354       0.2131990045510932
                       20        9.586355210255322        8.154158326435377        9107.002522182331        99.99988353754721        0.213198576539039
                       21        10.00338295743045         8.52268004274533        9107.001234809693        99.99987768014171       0.2131986423921641
                       22        9.807945817057126        8.724356273087572         9106.99998218504        99.99987190835704       0.2131974281706093
                       23        9.989888168379695        8.409972188980696        9106.998726249603         99.9998661393396       0.2131972810686289
                       24        9.456622672451335        8.525258025099589        9106.997382539106        99.99986006522364        0.213196897727268
                       25        10.51104983047542        8.731244754962704        9106.996035344568        99.99985397825709       0.2131975482391599
                       26        9.447102617291018        8.527399906978486        9106.994763032659        99.99984815136908       0.2131977451952114
                       27        10.12167711056161        8.654992487079429        9106.993433609823         99.9998421236108        0.213198697848842
                       28         10.3013542186918        9.380619646953773        9106.992193231097        99.99983640611065       0.2131988055366421
                       29        9.605749920789137        8.455803029988983        9106.990957317204        99.99983070239065       0.2131979528557224
                       30        9.540200720581336        8.236039002925438        9106.989732209833         99.9998250375281       0.2131982268338071
                       31        9.626456206479169          8.6203339292687        9106.988434305462        99.99981912652198       0.2131975374226585
                       32        10.07542050791979        8.371551320772035        9106.987195929956        99.99981341778482       0.2131979341487629
                       33        9.341431086218201        8.282054263797319        9106.985952591738        99.99980770378502       0.2131985522558271
                       34        10.39670620026869        8.784372317350703         9106.98467912368        99.99980185997566       0.2131989268764585
                       35        10.05089188844215        8.400977836242953        9106.983452956927        99.99979619564283       0.2131981262024176
                       36        10.53847508347503        8.879946950714352        9106.982135193251        99.99979021205321       0.2131975070787928
                       37         10.1493047827791        9.055498311904971        9106.980944175692        99.99978468585047       0.2131966131333858
                       38        10.19815371216093        8.604269591766409        9106.979675571065        99.99977889298269        0.213196023776387
                       39        8.713776283430876        8.045818472163921        9106.978435372133        99.99977318033478       0.2131957115447034
                       40        9.600682306820168        8.122954295683185        9106.977164820451         99.9997673819484       0.2131956338415391
                       41        9.387572287574418        8.092252636934232        9106.975937836107        99.99976173182965       0.2131951073147818
                       42        9.754986557969719        8.358021537342209        9106.974659774223        99.99975587872521       0.2131951070727425
                       43        10.54493137002817        8.794955107216158        9106.973360486019        99.99974997778199       0.2131943264638743
                       44         9.31448212061156        8.037583321579403          9106.9720505798        99.99974403129517       0.2131939740822126
                       45        9.723150045047639        8.035544141758642        9106.970763447383        99.99973814599232       0.2131936770392535
                       46        10.34554132306523        8.420346685266738         9106.96949958959        99.99973237166023        0.213195116845128
                       47        9.609951708816201        8.371479508191529          9106.9682542029        99.99972665216804        0.213194308942569
                       48        9.481866748672632        8.479078568591053         9106.96701479317        99.99972095304844       0.2131945160985147
                       49        10.03700687580487        8.221265365207874        9106.965800702772        99.99971534527319       0.2131946246704004
                       50        9.676233440745044        8.389743697237382        9106.964536060954        99.99970955260723       0.2131950938251457
                       51        10.07247992073327        9.253492175967351        9106.963228512115        99.99970359023806       0.2131946955201904
                       52        10.86660499943717        9.045511152400408        9106.961901299359        99.99969756629289       0.2131943944091645
                       53        9.882351857046284        8.640677378023851        9106.960645974896        99.99969180490569         0.21319332792479
                       54        10.48980594862588        9.140474279447568        9106.959382308403        99.99968600559767       0.2131931562413882
                       55        9.754869283543165        8.526403446516872        9106.958072681289        99.99968002958583       0.2131931102021429
                       56        9.557304682970557        7.962711964710245        9106.956864073461        99.99967442385866       0.2131941375269655
                       57        8.789830901958554        7.708300456579417        9106.955585237556        99.99966858048175       0.2131943873435631
                       58        9.754283442950122        8.153037791824971        9106.954241826104         99.9996624908291       0.2131953681045928
                       59        9.562374377617873        8.318665645446863        9106.952923788467        99.99965651801168        0.213196338153848
                       60        9.107698559314901        7.812994991851417        9106.951716689793        99.99965092064087       0.2131961501289865
                       61        9.813543343341093        8.481653602540636        9106.950383309926        99.99964487569576       0.2131962941443426
                       62         9.36557620334157        8.072065230722902        9106.949109852601        99.99963904691435        0.213195655649983
                       63        9.559391785290453        8.223817861837391        9106.947741378655        99.99963290574735       0.2131948788298175
                       64        9.669936432964075         8.04200321991973        9106.946471815339        99.99962708174654       0.2131936042894207
                       65        8.672841765364508        8.223951666337769        9106.945155144829        99.99962111529682       0.2131945387646486
                       66        9.975826728545083         8.47230458709479        9106.943871730082        99.99961524610231       0.2131949906032808
                       67        9.992406991700019        8.064433375326495        9106.942598966885        99.99960941654471       0.2131957307530872
                       68        9.582984626718973        8.692586498919198        9106.941264124434        99.99960338165397       0.2131963966183239
                       69        9.436512438744359        8.034420449341223         9106.94006974293        99.99959781961533       0.2131967449015839
                       70         9.44108289464279         8.17531383619121        9106.938879166142         99.9995922881446       0.2131979962740536
                       71        10.23093315062082        9.195587334363085        9106.937584825235        99.99958638674886       0.2131983983016603
                       72        10.14355237112249        8.408790735944685        9106.936335402355        99.99958065281282        0.213197630140332
                       73        10.00949093542812        8.495816978929923        9106.935152829983        99.99957515062566        0.213197678263974
                       74        10.02864618803321        8.760113479214972        9106.933841904998        99.99956920073259       0.2131980035080367
                       75        9.180376653589997        8.191590512534509        9106.932564268936        99.99956334878385       0.2131983686852479
                       76        9.009984291516385        7.736833032892197        9106.931378194182        99.99955782388997       0.2131982147973197
                       77        9.686277538482686        8.587812615804529        9106.930044607127        99.99955178710867       0.2131973849024549
                       78        9.423945712565018        8.567699802647489        9106.928737981678        99.99954585504885       0.2131968628533727
                       79        10.22368828203973         8.80630131723607        9106.927399733349        99.99953980830283       0.2131966953154034
                       80        10.34804866496079        8.454886719442596        9106.926064828505        99.99953376972692       0.2131972749585351
                       81        9.076734868669382        8.134308419134351        9106.924760617705        99.99952783604894       0.2131972772673389
                       82        10.08156802235492          8.5664996456997        9106.923498359702        99.99952205466661        0.213197288097124
                       83        9.852255446560674        8.466168187593539        9106.922156025967        99.99951599149098       0.2131977775924199
                       84        9.672022284983978        8.073502337646195         9106.92088111414        99.99951016109627       0.2131965547519918
                       85        9.824555170932248        8.626158110516117         9106.91958017632         99.9995042450509       0.2131966741465448
                       86        9.677700549599058        8.567327581906977         9106.91836224747        99.99949861762352       0.2131957430664015
                       87         9.31482495469476        8.147191582382353        9106.917152934202        99.99949302316094       0.2131955335309392
                       88        9.595727469840249        8.375309556460516        9106.915926280033        99.99948737245425       0.2131953670061453
                       89        9.977290850431222        8.337998324572663        9106.914643464581        99.99948152520183       0.2131956727147717
                       90         9.43028802188867        8.162734543497765        9106.913356778519        99.99947565121572       0.2131963563471579
                       91        10.09174011017198        8.708813340555976        9106.912060119321        99.99946974345933       0.2131968157145563
                       92        8.623552514926395         8.03752381362793        9106.910805892829        99.99946398286181       0.2131963676277238
                       93        9.788650277628399         8.58317018789557        9106.909532462612        99.99945816130027       0.2131958300385719
                       94        9.241274048496036        7.840748346581286        9106.908267593124        99.99945236851418       0.2131958271629344
                       95        10.57910268262454        9.320681352938037        9106.907005188199        99.99944657363434       0.2131955953913689
                       96         10.2406153135163        8.485884472897158        9106.905697416378        99.99944062937345       0.2131955254750366
                       97        9.561723935805224        7.851266880160158        9106.904505186996        99.99943507158169       0.2131951813675892
                       98        10.41209949477897        8.390485861680435        9106.903274609722        99.99942939988743       0.2131962076214631
                       99        10.31935953935754        8.955120878389359        9106.901943215806         99.9994233781905        0.213196160573963
                      100        10.12706032971642        8.937106788697047        9106.900616272649        99.99941737141256        0.213195543668558

Final average n0: 9.751130430484737
Final fluctuations n0: 8.438673766370156

Averages:
9.735419416995224
8.980892645987621
9.491353563435471
9.466102244906384
9.383793976971607
9.030610281438905
9.604982544490776
10.49312826691212
9.816506144812568
9.665834207403364
10.04635244780311
8.937098953347082
10.40859730079838
9.727421727539477
9.465316784942397
10.21962316409852
9.629759598745762
8.960035036376425
9.991068100987835
9.586355210255322
10.00338295743045
9.807945817057126
9.989888168379695
9.456622672451335
10.51104983047542
9.447102617291018
10.12167711056161
10.3013542186918
9.605749920789137
9.540200720581336
9.626456206479169
10.07542050791979
9.341431086218201
10.39670620026869
10.05089188844215
10.53847508347503
10.1493047827791
10.19815371216093
8.713776283430876
9.600682306820168
9.387572287574418
9.754986557969719
10.54493137002817
9.31448212061156
9.723150045047639
10.34554132306523
9.609951708816201
9.481866748672632
10.03700687580487
9.676233440745044
10.07247992073327
10.86660499943717
9.882351857046284
10.48980594862588
9.754869283543165
9.557304682970557
8.789830901958554
9.754283442950122
9.562374377617873
9.107698559314901
9.813543343341093
9.36557620334157
9.559391785290453
9.669936432964075
8.672841765364508
9.975826728545083
9.992406991700019
9.582984626718973
9.436512438744359
9.44108289464279
10.23093315062082
10.14355237112249
10.00949093542812
10.02864618803321
9.180376653589997
9.009984291516385
9.686277538482686
9.423945712565018
10.22368828203973
10.34804866496079
9.076734868669382
10.08156802235492
9.852255446560674
9.672022284983978
9.824555170932248
9.677700549599058
9.31482495469476
9.595727469840249
9.977290850431222
9.43028802188867
10.09174011017198
8.623552514926395
9.788650277628399
9.241274048496036
10.57910268262454
10.2406153135163
9.561723935805224
10.41209949477897
10.31935953935754
10.12706032971642

Fluctuations:
8.670243905448773
8.057006318509247
8.642221774407206
8.38992012731514
8.159922148961844
7.944219537815043
8.468715326042025
8.374727217473229
7.993215487399372
8.613604693583234
8.841478122831198
8.027570443444809
8.599749755564718
8.48169696678047
7.833065939987319
8.477607796410878
8.274331445536719
7.824981236060355
8.658624869648905
8.154158326435377
8.52268004274533
8.724356273087572
8.409972188980696
8.525258025099589
8.731244754962704
8.527399906978486
8.654992487079429
9.380619646953773
8.455803029988983
8.236039002925438
8.6203339292687
8.371551320772035
8.282054263797319
8.784372317350703
8.400977836242953
8.879946950714352
9.055498311904971
8.604269591766409
8.045818472163921
8.122954295683185
8.092252636934232
8.358021537342209
8.794955107216158
8.037583321579403
8.035544141758642
8.420346685266738
8.371479508191529
8.479078568591053
8.221265365207874
8.389743697237382
9.253492175967351
9.045511152400408
8.640677378023851
9.140474279447568
8.526403446516872
7.962711964710245
7.708300456579417
8.153037791824971
8.318665645446863
7.812994991851417
8.481653602540636
8.072065230722902
8.223817861837391
8.04200321991973
8.223951666337769
8.47230458709479
8.064433375326495
8.692586498919198
8.034420449341223
8.17531383619121
9.195587334363085
8.408790735944685
8.495816978929923
8.760113479214972
8.191590512534509
7.736833032892197
8.587812615804529
8.567699802647489
8.80630131723607
8.454886719442596
8.134308419134351
8.5664996456997
8.466168187593539
8.073502337646195
8.626158110516117
8.567327581906977
8.147191582382353
8.375309556460516
8.337998324572663
8.162734543497765
8.708813340555976
8.03752381362793
8.58317018789557
7.840748346581286
9.320681352938037
8.485884472897158
7.851266880160158
8.390485861680435
8.955120878389359
8.937106788697047

Last point and parameters for further simulation:
100
11
0.5
contact

0.766759424737872
0.5990395277315774
-0.450538857631901
-1.081875143644829
0.02450866261055771
-1.46645832672717
1.406555362472139
2.775462157159426
1.501636134655913
-0.1399418955844883
-1.636620088456054
1.394220192278343
-3.157768642209039
-0.8579562864689282
-1.672057828962386
1.877062159737439
-1.183083171551852
-1.016999294731703
0.6561821142349756
-1.897873363877913
-1.691742797437886
0.559046831555161
-0.8438477747372621
1.235235683142528
-0.477603391157352
-1.298196431557448
2.506607041316204
-1.367009418438639
-0.2711159125099094
2.185462059725777
-1.112667109022235
-1.987318321591227
-0.2532463249421911
-0.4279752709280362
2.98760678825238
0.1736715200708097
0.1526501932614341
-1.702487761693299
2.618837398321006
2.335955102779094
1.210347007597242
0.3060309729017032
0.8182882782640021
-1.78159401285032
0.2411356900256531
-0.2029344658343731

Final quantities:
9.751130430484737
8.438673766370156
