Number of particles: 100
Nmax: 12
Gamma: 0.5
Interaction type: contact
Step size: 0.0001
Batch size: 200000
Batch count: 100
             Batch number               Average n0          Fluctuations n0                   Energy           Particle count                 Momentum
                        1        8.260761555263473        7.481159937244884        9944.358043043509        100.0000048491408      -0.2573170342727593
                        2        8.747374839050527        7.825700401955699        9944.355937269993        99.99999595845395      -0.2573177759842569
                        3        8.378569476639301        7.406037697124498        9944.353982202503        99.99998756565282      -0.2573170621611798
                        4        8.481191687681724          7.8099418413983        9944.352047474837        99.99997926276174      -0.2573149804806967
                        5        7.787173999224974        6.923670593554589        9944.349989603592        99.99997056436543      -0.2573154506757298
                        6        8.531470925703779        7.367533260606707        9944.347831244102        99.99996153894182      -0.2573131303519602
                        7        8.005276938827008        7.309651318846069        9944.345844507245         99.9999530586295      -0.2573141472139557
                        8         8.09890370389032        7.015956119735327        9944.343739865897        99.99994420292528      -0.2573138463822264
                        9        8.027809099421889        7.342240064759516        9944.341730896162        99.99993564705176      -0.2573143289958271
                       10        8.795809807527466        7.418046275542678        9944.339581293187        99.99992663635079      -0.2573132509050353
                       11        8.139870068006637        7.219929096782087          9944.3374282151        99.99991763379859      -0.2573140892344501
                       12        8.320633950267089        7.088690936480514         9944.33533999564        99.99990882039707      -0.2573163337248539
                       13        7.960180181443887        6.696154597442867        9944.333313662042        99.99990020908497      -0.2573144383616324
                       14        7.527910400175191        6.976343598338823        9944.331174824152        99.99989121864155      -0.2573138775917849
                       15        8.450881252223212        7.388496571716067        9944.329216565011        99.99988282175931      -0.2573143649526224
                       16        8.533743989253953        7.077014441803943        9944.327098165277        99.99987391537569      -0.2573144073361551
                       17        8.033062841435694         7.51985324043968         9944.32506901628        99.99986529139274      -0.2573130587830494
                       18        7.728975977624779        7.269533449930735        9944.323103901601        99.99985686953137      -0.2573131519244836
                       19        7.912142404920746        7.021475686255955        9944.321176146448        99.99984856327927      -0.2573136061698253
                       20        8.036389116006733        7.128810978290507        9944.318973990217        99.99983939484412      -0.2573125332540869
                       21        8.057362249133366        7.361476641215693         9944.31687367847        99.99983055103841      -0.2573119233415539
                       22         8.05499822753287        7.023207852484646        9944.314757049988        99.99982165023332       -0.257312137708837
                       23        8.155459840805701        7.203006847466261        9944.312597106253        99.99981260196914      -0.2573125675403158
                       24        8.292541058482181        7.707126290401353        9944.310557442983        99.99980391809129      -0.2573136514965473
                       25        8.785777987658863        7.009433703086176        9944.308510116047        99.99979522540667       -0.257313402561099
                       26        9.005980715490525        7.943115910685736        9944.306319225449        99.99978607633429      -0.2573115645352892
                       27        7.865925370624764        7.073834963100655        9944.304215968556        99.99977720825002      -0.2573108566302693
                       28        7.886113099006349         7.03278968336316        9944.302268555217        99.99976883346622      -0.2573111996868525
                       29        8.314645805151191        7.260810827619272        9944.300277258691        99.99976031486563      -0.2573124148186974
                       30        8.197716587949358        7.314492954846257        9944.298261704977        99.99975173017425      -0.2573107770552143
                       31        8.359079689805167        7.262159316469959        9944.296173127834        99.99974289485839      -0.2573107635151501
                       32        7.918920256892706        7.171559228729164        9944.294120029568        99.99973418837756      -0.2573121178131403
                       33        8.320181623475843        7.472753302187814        9944.292078497865        99.99972552897466      -0.2573104707375293
                       34        7.652760248069243        6.978723759807838        9944.290118659828         99.9997171299114      -0.2573122195161446
                       35        8.648078125868423        7.492498760928394        9944.288125372819        99.99970862255013      -0.2573111670981674
                       36        9.361068546846889        7.720339272818443        9944.285969187455        99.99969958975629      -0.2573122551534475
                       37        8.411269061605951        7.250086859894458        9944.283944845301        99.99969096660259      -0.2573125962721114
                       38        8.108849373712287        7.210139560809334        9944.281925645384        99.99968237101159       -0.257312980532733
                       39         8.24742257642902        7.352433059418345        9944.279633219961        99.99967289778697      -0.2573145617665542
                       40        7.797638119941447        7.016398468040425        9944.277545351655        99.99966410606771      -0.2573151254684873
                       41        8.009963689118651        7.127305291790109        9944.275593624652        99.99965572645613      -0.2573152576386377
                       42         8.02532719339532        7.364646851315821         9944.27356310902        99.99964708271712      -0.2573146267542334
                       43        8.250199721730084         7.31252849450423        9944.271534911271        99.99963842414522      -0.2573148140993844
                       44        8.731727770363459        7.637825803184946        9944.269351591058        99.99962927281744      -0.2573151487999965
                       45        7.486691508503105        7.006923352603458        9944.267358323239        99.99962075378342      -0.2573156588562142
                       46         8.02142613973627        7.547528859995105        9944.265202321058        99.99961171164873      -0.2573164266498513
                       47        8.117219536611792         7.13600315253891        9944.263139403618        99.99960298946255       -0.257317612911546
                       48        8.353203220486431        7.426890313334387        9944.260967385369        99.99959389598588      -0.2573166782427592
                       49        8.224893513894864        6.806524802265797        9944.258788693996        99.99958477162357      -0.2573169623516769
                       50        8.063006130488668        6.982831918977215        9944.256781108921        99.99957622025592      -0.2573172700390902
                       51        8.683308777904013        7.853938985571713        9944.254711138199         99.9995674636489       -0.257317622794341
                       52         8.39941800593799        7.342065855303546         9944.25248574006        99.99955820534092      -0.2573171153641027
                       53        8.236335645191899        7.226104347896401        9944.250421775127        99.99954945776078      -0.2573165846481658
                       54        7.559080530507704        7.209235137001349        9944.248397530308        99.99954084681852        -0.25731576245885
                       55        8.293132170809438        7.505444768067343        9944.246321956149         99.9995320943804      -0.2573160460585271
                       56        8.349764900139279        7.230174838963199        9944.244364095668        99.99952369087454      -0.2573167784537276
                       57        7.670837750896723        6.857588644232008        9944.242407857966        99.99951530732018      -0.2573154850736259
                       58        8.003612804385595        7.073355184526068        9944.240279140833        99.99950635644298      -0.2573150211928645
                       59        8.775471679271728         7.57848149301781          9944.2381185386        99.99949729388834      -0.2573155498657869
                       60        8.642844781716073        7.222197487433157        9944.236101553724         99.9994887070588      -0.2573151861996656
                       61        7.549615234310439        6.817837786352623        9944.234208198839        99.99948053096088      -0.2573151185423797
                       62        8.280980875371545        7.495205352659142        9944.232131357956        99.99947173136347      -0.2573163288803748
                       63        8.586069488304297        7.571601882758099        9944.230156784495        99.99946328561288      -0.2573196933750874
                       64        8.786177942777485        7.739776851426346        9944.227993416302        99.99945420265564      -0.2573184278477729
                       65          8.4976194732431        7.925271050277782        9944.225757086504        99.99944491971414      -0.2573169040077943
                       66        8.581811985305183        7.749915048225506         9944.22359697472        99.99943586343619      -0.2573144746779015
                       67        8.573234755692352        7.861455026174703        9944.221558851574        99.99942720366398      -0.2573146117942109
                       68        8.154082967855789        7.330388656702967        9944.219473187477        99.99941840400953       -0.257314746383031
                       69         8.94274513047481        7.812912745009953        9944.217475244082        99.99940986655875      -0.2573137740824709
                       70        8.456968882897188        7.509816267797991         9944.21541680532        99.99940112301999      -0.2573142186286219
                       71        8.320987576720972        7.329035366890561        9944.213302266724        99.99939221748927      -0.2573148523387401
                       72        7.514837753579627        6.823995681576628        9944.211215424668        99.99938341755563      -0.2573155590970764
                       73         8.01377720264837         7.20430323427752        9944.209087380385        99.99937445070576      -0.2573155831098095
                       74        8.183518326346157        6.827540788373976        9944.206953988818        99.99936551321993      -0.2573162830358946
                       75        8.698173176826062        8.010823491150548        9944.204904462782        99.99935681297352      -0.2573146136678446
                       76        8.095857528287878        7.343607387527652        9944.202874766703        99.99934818415981      -0.2573139348374163
                       77         7.83179268532694        6.700294079429355        9944.200847459188        99.99933955900262      -0.2573158818836774
                       78        8.192508430438975        7.394895250555723        9944.198694963216        99.99933053649011      -0.2573150372284569
                       79        8.789023532757854        7.593321218516913        9944.196626263791        99.99932179132077      -0.2573154425972284
                       80        7.784895030486312        6.919699016706666        9944.194691628925        99.99931348722272      -0.2573141048698764
                       81        8.906505478151161        7.847432880204801         9944.19258643865        99.99930460243014      -0.2573138250092999
                       82        8.429654026659593        7.181110179281994        9944.190473605808        99.99929569847234      -0.2573137423916378
                       83        7.450612424332939        6.790764274508451        9944.188381790424        99.99928689260278      -0.2573145675907216
                       84        7.844830521550175        7.036538892817803        9944.186402746262        99.99927842515504      -0.2573141887074577
                       85        8.429129140072266        7.372801105881658        9944.184381529099        99.99926982222917      -0.2573152559502887
                       86        8.093540892430267        6.700736082401657        9944.182361790359        99.99926122462651      -0.2573151126676692
                       87         8.12682839364971        6.986732903178835        9944.180259801564        99.99925237562204      -0.2573160480491623
                       88        8.429162549441015        7.174222629432086        9944.178320694346        99.99924404702384      -0.2573157112945896
                       89        8.854192839717497        7.253000953333713        9944.176150291094        99.99923497750511       -0.257316914621228
                       90        8.403179471877543        7.893455170833875        9944.174008299813        99.99922598071171      -0.2573177574183632
                       91        7.924028493427448        7.104133506162941        9944.172002740423        99.99921742410646      -0.2573177622309704
                       92        8.566280547619826        7.515287897493118        9944.169967572801        99.99920878359296      -0.2573181835451024
                       93        8.087814174873847        7.181909294532556        9944.167921182514        99.99920009755061      -0.2573188937318136
                       94        7.996737400024479        7.241663365918587        9944.165706782111        99.99919090031905      -0.2573185097353132
                       95         8.15877326045705        7.164427493675221        9944.163623093598        99.99918211115366      -0.2573167566699599
                       96        8.393755060367461        7.494414111856349        9944.161579348716        99.99917342926054      -0.2573171704825192
                       97        8.425150873851072        7.357406442401871        9944.159545188046        99.99916477673356      -0.2573173030778735
                       98        8.015361663356275        7.314092830126189        9944.157436753971        99.99915587112152      -0.2573168165133026
                       99        8.292254309268774        7.056666041975197        9944.155265699661        99.99914678901102      -0.2573152887300427
                      100        8.523283800807835        7.548407851655851        9944.153163822371        99.99913791242285      -0.2573155333695993

Final average n0: 8.242831395517472
Final fluctuations n0: 7.313410432968307

Averages:
8.260761555263473
8.747374839050527
8.378569476639301
8.481191687681724
7.787173999224974
8.531470925703779
8.005276938827008
8.09890370389032
8.027809099421889
8.795809807527466
8.139870068006637
8.320633950267089
7.960180181443887
7.527910400175191
8.450881252223212
8.533743989253953
8.033062841435694
7.728975977624779
7.912142404920746
8.036389116006733
8.057362249133366
8.05499822753287
8.155459840805701
8.292541058482181
8.785777987658863
9.005980715490525
7.865925370624764
7.886113099006349
8.314645805151191
8.197716587949358
8.359079689805167
7.918920256892706
8.320181623475843
7.652760248069243
8.648078125868423
9.361068546846889
8.411269061605951
8.108849373712287
8.24742257642902
7.797638119941447
8.009963689118651
8.02532719339532
8.250199721730084
8.731727770363459
7.486691508503105
8.02142613973627
8.117219536611792
8.353203220486431
8.224893513894864
8.063006130488668
8.683308777904013
8.39941800593799
8.236335645191899
7.559080530507704
8.293132170809438
8.349764900139279
7.670837750896723
8.003612804385595
8.775471679271728
8.642844781716073
7.549615234310439
8.280980875371545
8.586069488304297
8.786177942777485
8.4976194732431
8.581811985305183
8.573234755692352
8.154082967855789
8.94274513047481
8.456968882897188
8.320987576720972
7.514837753579627
8.01377720264837
8.183518326346157
8.698173176826062
8.095857528287878
7.83179268532694
8.192508430438975
8.789023532757854
7.784895030486312
8.906505478151161
8.429654026659593
7.450612424332939
7.844830521550175
8.429129140072266
8.093540892430267
8.12682839364971
8.429162549441015
8.854192839717497
8.403179471877543
7.924028493427448
8.566280547619826
8.087814174873847
7.996737400024479
8.15877326045705
8.393755060367461
8.425150873851072
8.015361663356275
8.292254309268774
8.523283800807835

Fluctuations:
7.481159937244884
7.825700401955699
7.406037697124498
7.8099418413983
6.923670593554589
7.367533260606707
7.309651318846069
7.015956119735327
7.342240064759516
7.418046275542678
7.219929096782087
7.088690936480514
6.696154597442867
6.976343598338823
7.388496571716067
7.077014441803943
7.51985324043968
7.269533449930735
7.021475686255955
7.128810978290507
7.361476641215693
7.023207852484646
7.203006847466261
7.707126290401353
7.009433703086176
7.943115910685736
7.073834963100655
7.03278968336316
7.260810827619272
7.314492954846257
7.262159316469959
7.171559228729164
7.472753302187814
6.978723759807838
7.492498760928394
7.720339272818443
7.250086859894458
7.210139560809334
7.352433059418345
7.016398468040425
7.127305291790109
7.364646851315821
7.31252849450423
7.637825803184946
7.006923352603458
7.547528859995105
7.13600315253891
7.426890313334387
6.806524802265797
6.982831918977215
7.853938985571713
7.342065855303546
7.226104347896401
7.209235137001349
7.505444768067343
7.230174838963199
6.857588644232008
7.073355184526068
7.57848149301781
7.222197487433157
6.817837786352623
7.495205352659142
7.571601882758099
7.739776851426346
7.925271050277782
7.749915048225506
7.861455026174703
7.330388656702967
7.812912745009953
7.509816267797991
7.329035366890561
6.823995681576628
7.20430323427752
6.827540788373976
8.010823491150548
7.343607387527652
6.700294079429355
7.394895250555723
7.593321218516913
6.919699016706666
7.847432880204801
7.181110179281994
6.790764274508451
7.036538892817803
7.372801105881658
6.700736082401657
6.986732903178835
7.174222629432086
7.253000953333713
7.893455170833875
7.104133506162941
7.515287897493118
7.181909294532556
7.241663365918587
7.164427493675221
7.494414111856349
7.357406442401871
7.314092830126189
7.056666041975197
7.548407851655851

Last point and parameters for further simulation:
100
12
0.5
contact

0.3546311881086885
-0.5303746367309597
1.380813608746366
-0.2286372055212745
-1.381952107700742
1.303993270063964
-0.2385897555864092
-1.981671365829667
-0.9369375783065669
-1.902580100320088
-2.140849954544782
-2.222815667395071
-3.502054307620647
2.977117655199522
0.405656721000383
0.8964905163432365
-0.821085906183576
-0.2925767922555452
-0.9442195119137922
0.1084282217256482
-0.6640726727549809
0.05327587055585394
0.009293854713381273
0.3016986090859627
1.408748278827404
-0.01049349489818316
-0.4098541892172614
-0.5001151642177537
1.420749052727511
-1.530051729554273
-1.177762742192195
0.5612538238227187
2.169140242135964
-0.1466247133923489
1.163177660745169
0.4728774721915422
1.365289688189617
0.6520319375886304
-2.577275648461538
-3.201034640000457
-0.4078872629359047
3.018867145461753
-1.134585458858243
1.127054835716104
0.9266573036544941
0.7276668412986116
1.143063196162165
1.508230949519699
0.8539830301235893
0.4910382962011998

Final quantities:
8.242831395517472
7.313410432968307
