Number of particles: 100
Nmax: 16
Gamma: 0.5
Interaction type: contact
Step size: 7e-05
Batch size: 200000
Batch count: 75
             Batch number               Average n0          Fluctuations n0                   Energy           Particle count                 Momentum
                        1         4.85910364974618        4.345555725872444        13758.73647711287        99.99994495294852      -0.3496638104107035
                        2        5.613987727479563        4.858788070891841        13758.73521920006        99.99994083485544       -0.349662726553901
                        3        5.333907002322344        4.798224676333628        13758.73388649825        99.99993652856929      -0.3496627998047197
                        4        5.342195615748637        5.068023236325573        13758.73264646478          99.999932439503      -0.3496622047362123
                        5        5.543370955093789        4.914703473838163        13758.73137997462        99.99992829455012      -0.3496610488728749
                        6        5.271109518532988        4.734777209947567        13758.73018132897        99.99992433392465      -0.3496612246709319
                        7        5.101954857141034        4.607127865082697        13758.72893712415         99.9999202505217       -0.349661025208853
                        8        5.040520293361436        4.518454917642935        13758.72769982041        99.99991618139559      -0.3496604745290948
                        9        5.555835551499218        5.069870899486527        13758.72643621482        99.99991204932319      -0.3496610139721099
                       10        5.186584385805046        4.869830844612594        13758.72507544454        99.99990769312413      -0.3496617418018566
                       11        4.916672492233073        4.355193112028656        13758.72387288386        99.99990370288445      -0.3496616475066254
                       12        5.182146357012569        4.953045447927265        13758.72259882511        99.99989957252883      -0.3496627015118854
                       13        5.247710393626085        4.926873882963556        13758.72142156898        99.99989565713366      -0.3496621868975041
                       14        5.426518821754446        5.103915432001741        13758.72002241235        99.99989121140891      -0.3496623781241652
                       15        5.150384843892382        4.688264477417312        13758.71879002054        99.99988715149128      -0.3496626937512239
                       16        5.274793601512174        4.650121932099228        13758.71743191494        99.99988278957568       -0.349663562585441
                       17        4.715595086021938        4.560310706024434        13758.71610123965        99.99987850855653      -0.3496616050912706
                       18        5.123689186737518        4.693746941927937        13758.71480402897        99.99987429394142      -0.3496620317638133
                       19        4.831860680178925        4.524801275140949        13758.71356235701        99.99987021364232      -0.3496621932910564
                       20         5.16495878576753        4.720248856100295        13758.71231384786        99.99986613340369      -0.3496621102496746
                       21        5.767822939944915        5.231232031842336         13758.7109760661        99.99986180753436      -0.3496616067763352
                       22        5.296819335778999        4.866215957341953        13758.70965289037        99.99985754515767      -0.3496607382104173
                       23        5.335585770101128         4.79219301886212        13758.70835399294        99.99985333850977      -0.3496600506515186
                       24        5.378225288504821        4.881821311989123        13758.70707202376        99.99984915455305      -0.3496603487198939
                       25        5.134754824087841        4.648749329527422        13758.70584914114        99.99984512059372      -0.3496598182115349
                       26        5.265522143653965        4.695560322935812        13758.70459579975         99.9998410087442      -0.3496601554456262
                       27        4.545847993668257        4.041286985936503        13758.70348188146         99.9998372529376      -0.3496596635929521
                       28        5.142625720827189         4.82613764347397        13758.70228922373        99.99983330204978      -0.3496605667844115
                       29        5.180425150305333        4.497627151202811        13758.70113666754        99.99982944364498      -0.3496608679700746
                       30        5.273779003126421        4.744370069034262        13758.69989980011        99.99982537323072      -0.3496604703919672
                       31        5.468070304391014        5.008900667145586        13758.69857720055           99.99982112044       -0.349660135494446
                       32        4.818492953764621        4.366758279107138        13758.69741869552        99.99981724384742      -0.3496607123760747
                       33        5.375145344371141        4.698236169458689        13758.69612707074         99.9998130315077      -0.3496607752311434
                       34        5.224205876788114        4.938994274610061        13758.69483885288         99.9998088451821       -0.349661239707018
                       35        5.156173100326495        4.574565621707363        13758.69361220164        99.99980480042881      -0.3496610621012834
                       36        4.752154343754167        4.686864770196207        13758.69239346584        99.99980079519226      -0.3496609896663188
                       37        4.977527606982935        4.663620441909247        13758.69111234321        99.99979662192776      -0.3496621572764713
                       38        4.936909442105353        4.383783161219048        13758.68994327718        99.99979273085869       -0.349661950832564
                       39        5.648191713083468        5.252137203644103        13758.68865355853        99.99978854779152      -0.3496623346833552
                       40        4.797762919798278        4.267544909739755        13758.68740284957        99.99978444093327      -0.3496610084576943
                       41         5.11861202030722        4.536294395244465        13758.68613801268         99.9997803144488       -0.349660441721257
                       42        5.516212358163977        4.890104508443793        13758.68494391091        99.99977636118219       -0.349659352189164
                       43        5.599333552715795        5.310760653512537        13758.68367371983        99.99977220580463      -0.3496598826983299
                       44        5.375070639878167        4.870444907207695        13758.68233482481        99.99976788704332       -0.349659830661146
                       45        4.642575696505684        4.596794545176874        13758.68113777955         99.9997639257716      -0.3496592386448754
                       46        4.993478958799409        4.571368967317008        13758.67985555643        99.99975976460972      -0.3496597630986713
                       47        5.051148075777252         4.64084326135924        13758.67865298939        99.99975580187241      -0.3496597989667869
                       48        5.138773686824097        4.750084321048011        13758.67740990149        99.99975172453478      -0.3496582387246789
                       49        4.810559996188834        4.406699661348861        13758.67616735191        99.99974763486337      -0.3496590122501502
                       50        5.381213506358743        4.719497980373628        13758.67503939886        99.99974384344041      -0.3496593830249406
                       51        5.446669195407496           5.077228290475        13758.67390877568        99.99974005296649      -0.3496600557609675
                       52        5.111544531381584        4.878834244972904        13758.67262981769        99.99973588212951      -0.3496594977366669
                       53        4.904478970876525         4.65059989436419        13758.67143808178        99.99973192128192      -0.3496594065834771
                       54        5.396759657544738        5.000290270498635        13758.67012624412        99.99972766158513       -0.349659577589474
                       55        4.701591997470763        4.391440764541906        13758.66896277044        99.99972377104253      -0.3496590150537315
                       56        4.825689364455706        4.433852554115525        13758.66779125341        99.99971986997531      -0.3496595861384364
                       57        4.918696562715169        4.438967778764744         13758.6665910874         99.9997158850511      -0.3496587191476976
                       58         5.27354788152297        4.771334852368832        13758.66532024569        99.99971172190632      -0.3496587972334044
                       59        4.643329665968052        4.341448038091003         13758.6641300884        99.99970777832425      -0.3496590295196689
                       60         5.10811943907776        4.543422171432829        13758.66283407779        99.99970357809241      -0.3496593375693564
                       61        4.937076982808196        4.664195220701056        13758.66152025303        99.99969933589502      -0.3496603468932058
                       62        4.898250119262928        4.580012108662221        13758.66021715328        99.99969512309561      -0.3496594472047185
                       63        5.755460951662039        5.112580892391677        13758.65902473601        99.99969116037282      -0.3496598647446056
                       64        5.492449446660008        5.024443888425878        13758.65778212796        99.99968709666619       -0.349659906475857
                       65        5.313686259057362        5.004341426438235        13758.65656394385        99.99968307617738       -0.349660068595476
                       66          5.3463300001906        4.618535742218536        13758.65532527792        99.99967900706667       -0.349660180109538
                       67        4.964547938245722        4.601017269396476        13758.65407337485        99.99967489567868      -0.3496580597467442
                       68        4.777014812818285        4.357747540152952        13758.65291232541        99.99967102657121        -0.34965713256355
                       69        5.155504366799997        4.959251211941525        13758.65161535953        99.99966680925883      -0.3496564703625999
                       70        5.412439724195738         4.72218371678314        13758.65042027696        99.99966285151233      -0.3496560643715512
                       71        5.204432948856274        4.808658978998109        13758.64921093626        99.99965885662711      -0.3496561293794302
                       72        5.007514007239656        4.611890374936729        13758.64796107128        99.99965476732245      -0.3496556091960716
                       73        5.184581164498467        4.658845294299231        13758.64666288212        99.99965054301286      -0.3496573162927294
                       74        5.223573783571463        4.517577671839502        13758.64544161604        99.99964654490904      -0.3496565653973835
                       75         5.35789134782695        4.599744166056096        13758.64426530661        99.99964263676817      -0.3496560443484835

Final average n0: 5.164628015899533
Final fluctuations n0: 4.730220932840298

Averages:
4.85910364974618
5.613987727479563
5.333907002322344
5.342195615748637
5.543370955093789
5.271109518532988
5.101954857141034
5.040520293361436
5.555835551499218
5.186584385805046
4.916672492233073
5.182146357012569
5.247710393626085
5.426518821754446
5.150384843892382
5.274793601512174
4.715595086021938
5.123689186737518
4.831860680178925
5.16495878576753
5.767822939944915
5.296819335778999
5.335585770101128
5.378225288504821
5.134754824087841
5.265522143653965
4.545847993668257
5.142625720827189
5.180425150305333
5.273779003126421
5.468070304391014
4.818492953764621
5.375145344371141
5.224205876788114
5.156173100326495
4.752154343754167
4.977527606982935
4.936909442105353
5.648191713083468
4.797762919798278
5.11861202030722
5.516212358163977
5.599333552715795
5.375070639878167
4.642575696505684
4.993478958799409
5.051148075777252
5.138773686824097
4.810559996188834
5.381213506358743
5.446669195407496
5.111544531381584
4.904478970876525
5.396759657544738
4.701591997470763
4.825689364455706
4.918696562715169
5.27354788152297
4.643329665968052
5.10811943907776
4.937076982808196
4.898250119262928
5.755460951662039
5.492449446660008
5.313686259057362
5.3463300001906
4.964547938245722
4.777014812818285
5.155504366799997
5.412439724195738
5.204432948856274
5.007514007239656
5.184581164498467
5.223573783571463
5.35789134782695

Fluctuations:
4.345555725872444
4.858788070891841
4.798224676333628
5.068023236325573
4.914703473838163
4.734777209947567
4.607127865082697
4.518454917642935
5.069870899486527
4.869830844612594
4.355193112028656
4.953045447927265
4.926873882963556
5.103915432001741
4.688264477417312
4.650121932099228
4.560310706024434
4.693746941927937
4.524801275140949
4.720248856100295
5.231232031842336
4.866215957341953
4.79219301886212
4.881821311989123
4.648749329527422
4.695560322935812
4.041286985936503
4.82613764347397
4.497627151202811
4.744370069034262
5.008900667145586
4.366758279107138
4.698236169458689
4.938994274610061
4.574565621707363
4.686864770196207
4.663620441909247
4.383783161219048
5.252137203644103
4.267544909739755
4.536294395244465
4.890104508443793
5.310760653512537
4.870444907207695
4.596794545176874
4.571368967317008
4.64084326135924
4.750084321048011
4.406699661348861
4.719497980373628
5.077228290475
4.878834244972904
4.65059989436419
5.000290270498635
4.391440764541906
4.433852554115525
4.438967778764744
4.771334852368832
4.341448038091003
4.543422171432829
4.664195220701056
4.580012108662221
5.112580892391677
5.024443888425878
5.004341426438235
4.618535742218536
4.601017269396476
4.357747540152952
4.959251211941525
4.72218371678314
4.808658978998109
4.611890374936729
4.658845294299231
4.517577671839502
4.599744166056096

Last point and parameters for further simulation:
100
16
0.5
contact

-0.6060713129231099
-0.8041842261320865
0.8235718719098001
-1.763300330463326
0.1108070476278356
1.631968167600811
-0.08433430698868556
1.199958215080221
0.1029503935081884
-0.6780375614646663
1.988032015937594
-1.487661688737637
-1.645128556210451
1.53132271545688
0.8905441789175051
-2.799571063535668
0.8949386241737004
1.026035102813062
-0.003165468453969456
-1.413282132870703
-0.7174173940245144
-2.141766140524503
1.903916031230739
-1.786066290235985
0.949448145845617
-0.8963083594383151
0.4929042326331489
-0.01402694787577099
-0.1506380340136181
-0.5898997211967819
0.05298803160590201
-0.7360439521144654
0.05929551935177021
1.045900791411881
-0.1052162136924562
0.7039016487618325
-1.361620949362716
-0.3451673009128378
-1.188555401854662
1.554869508981612
1.036198349561414
0.2751910564486605
-0.4973802596554432
-0.9989327407374438
0.8714743019048777
-0.4059695510274277
-1.07994863299311
0.09035707278293643
-2.715765771096579
1.582526555836348
0.2209168263532166
-0.2418514983090608
0.2587811700418602
3.944877869446616
2.247510930223324
-1.341292905892662
-0.2866301556799522
-0.2324050815135445
0.1033709653999235
1.823609768916441
0.4607728778381009
-0.3111978406591865
-1.824115369620808
-0.07507763680149174
-0.1084159493786431
0.7956176379713603

Final quantities:
5.164628015899533
4.730220932840298
