Number of particles: 100
Nmax: 17
Gamma: 0.5
Interaction type: contact
Step size: 7e-05
Batch size: 200000
Batch count: 75
             Batch number               Average n0          Fluctuations n0                   Energy           Particle count                 Momentum
                        1        4.963308913266816         4.53635210033254        14830.65946229172         99.9999894205417       0.3000328448984408
                        2        4.907439509770945        4.449565391440936         14830.6577547471        99.99998406268091       0.3000356053361308
                        3        5.239038160861225        4.789240646760658        14830.65586846752        99.99997829406011       0.3000348727069344
                        4        5.117108551190012        4.507574337971535        14830.65410646213        99.99997279725919       0.3000353974695855
                        5        4.282029731578553        4.009246341407864        14830.65233782645        99.99996728399215       0.3000343748849446
                        6        4.674224799951777        4.177331118799996        14830.65043721429        99.99996146920985       0.3000347413730253
                        7        4.844034124616024        4.521693677938179        14830.64866578078        99.99995596091223       0.3000348998756905
                        8        4.628745580257203        4.417165553906408         14830.6469963005        99.99995069792485       0.3000358159662682
                        9        4.645480395806267        4.163606564588544        14830.64517890916        99.99994507853253       0.3000347871519731
                       10        4.136883266318199        3.943631680037612         14830.6435048568        99.99993978456448       0.3000348925508476
                       11        4.647378960377372        4.416979639680643        14830.64179105032        99.99993439639663       0.3000353586502378
                       12        5.298122239448029        4.871780830034898        14830.63995480043         99.9999287075668        0.300034730153758
                       13        4.950560923966842        4.468964235617007        14830.63815642093        99.99992315549667       0.3000342343470317
                       14        4.474644740584775        4.094511071832707        14830.63641249937        99.99991772110891       0.3000343290753094
                       15        4.220783309643047         3.97069582509443        14830.63467514369        99.99991230738061       0.3000326378689682
                       16        5.004701905404912        4.701740299907383        14830.63303638292           99.99990711208       0.3000320440987991
                       17         4.97217160720845        4.544019611858774        14830.63130861887        99.99990169474043       0.3000328834957529
                       18        4.495971325198083        4.395832463991477        14830.62963863783        99.99989642216252       0.3000331438568828
                       19         4.12895902575411         3.96545206043762        14830.62815442473        99.99989161584483       0.3000352337970593
                       20        4.708479655331288        4.346255073921915        14830.62648978207        99.99988632443254       0.3000345376560558
                       21        4.675440905370428         4.08015245654679        14830.62480275355        99.99988101440188       0.3000336364921488
                       22        4.684972815308799        4.134186142301382        14830.62314037157        99.99987573944854       0.3000339536109005
                       23        4.524871093917725        3.985216378385859        14830.62147460174        99.99987048328788       0.3000350891819306
                       24        5.110965159911834         4.59997058786641         14830.6196763087         99.9998649160011       0.3000351307390332
                       25        5.173010537888288         4.62528089115722        14830.61784126925        99.99985925323983        0.300034700151949
                       26        4.538426500812998        4.210550520296492        14830.61618155942        99.99985400544629       0.3000347414317677
                       27        4.606038571984418        4.114567988124714        14830.61452778539        99.99984878885249       0.3000342922151162
                       28        4.990146156478653        4.384736092047854        14830.61274233692        99.99984323947903       0.3000322683214378
                       29        4.636878567616361        4.316137907737772         14830.6109964375        99.99983777070941       0.3000330743660165
                       30        4.507012699023659        4.051959848756111        14830.60931398123        99.99983247153227       0.3000317124374376
                       31        4.842690228373116        4.435110470523501         14830.6075157703        99.99982690062349       0.3000322384010374
                       32        4.300351369942483        4.033616256671849        14830.60578579271        99.99982149462784       0.3000343822805043
                       33        4.825704090934256        4.359025070583851        14830.60402572106        99.99981599888254       0.3000362263306791
                       34        4.890575331236112        4.320798943648823        14830.60226932739        99.99981052511797       0.3000369183932712
                       35        4.701218832460812        4.351762429422521        14830.60055264234          99.999805141783       0.3000367105528063
                       36        4.051873683384252        3.700418173864912        14830.59893424014        99.99979998899995       0.3000362317551009
                       37         4.69073818364885        4.169248930235049        14830.59720815834        99.99979456248909       0.3000384175088087
                       38        4.581470558441795        4.488073362439777        14830.59553396152        99.99978926815363        0.300039180615137
                       39        4.027631430529143         3.90301431134429         14830.5938022489        99.99978386032356       0.3000406640623456
                       40        4.620913298332051        4.136079783866525        14830.59206035594        99.99977841388854       0.3000389236079286
                       41        4.290111835647306        3.857342759883623        14830.59032014797        99.99977296433272       0.3000385551350071
                       42         4.40941048845839        4.176109837871563        14830.58871332518        99.99976784834254         0.30003911245052
                       43        4.452622602281538        4.074629781884065        14830.58710475806        99.99976272894085       0.3000397829179349
                       44        5.051548309232484        4.491463851878284         14830.5854856616        99.99975757604047       0.3000395432129732
                       45        4.571245298302657        4.216525209279996        14830.58379983475        99.99975225104434       0.3000403119037092
                       46        4.174003614278629         3.99785362168617        14830.58216779734        99.99974707191934       0.3000410201878463
                       47        4.449112305903651        4.054792320730225        14830.58039638861        99.99974156171358       0.3000410436510919
                       48        4.632675987048403        4.277406291259132        14830.57851170246        99.99973577228238       0.3000410097068178
                       49        4.505176845957726        4.159003830566534        14830.57664485417         99.9997300326028        0.300042044342149
                       50        4.349527538604508        3.804635469391591        14830.57488040206        99.99972451312703       0.3000420437096665
                       51        4.997321536077269        4.490044159935286        14830.57297564497        99.99971872419037       0.3000428797899843
                       52        4.861275022605561        4.503170358819839        14830.57121380397        99.99971321805798       0.3000419324265451
                       53        5.028422937352896         4.61338787293684        14830.56945756791        99.99970773607629       0.3000434284299942
                       54        4.987607916330803        4.562742536925175        14830.56770387508        99.99970226129651       0.3000424903449512
                       55        4.416077986579061        3.936047995740624        14830.56600055027        99.99969690586269       0.3000418288006941
                       56        5.129703881436259        4.678071761335215        14830.56431205036        99.99969159463923       0.3000436187452848
                       57        4.761409384816578        4.241489075491982        14830.56258178329        99.99968616883713        0.300044093714817
                       58        4.386274192742321        4.210166622750686        14830.56088439474        99.99968083677595       0.3000445060350652
                       59        4.499879668767893        4.107174219895259        14830.55914638526         99.9996753978138       0.3000441970770211
                       60        4.455327647789241        4.280272969965727         14830.5574462584        99.99967005936826       0.3000432281615417
                       61        3.853429806427766        3.544736316573152        14830.55592270778         99.9996651554748       0.3000438198752811
                       62        4.598676043761664        4.157069668910975        14830.55419989944        99.99965975334693       0.3000445419239721
                       63        5.074268820009222        4.557786602110504        14830.55259242039        99.99965461541085       0.3000449374035892
                       64        4.861983653023005        4.515599496478401        14830.55073717447        99.99964891969061       0.3000438558597622
                       65        4.222143172614759        3.842408287714271        14830.54907334543        99.99964366409279       0.3000415805728105
                       66          4.6759585700133        4.553558767894183        14830.54735306969        99.99963827543446       0.3000420712992025
                       67        4.557566043824182         4.17614927250308        14830.54567284723        99.99963297481882       0.3000422696272587
                       68        4.161664363086769        3.757349846529813        14830.54395746773        99.99962762593464       0.3000409199380698
                       69        4.784497653940939        4.776020835032512        14830.54222113306        99.99962217055167       0.3000423096573339
                       70        4.967578761383606        4.780181423736416        14830.54049320461        99.99961675278655       0.3000424261949064
                       71        4.690310646204157         4.42122445959512        14830.53867577602        99.99961113140051       0.3000444207329025
                       72        4.734049969067011        4.412267195868158        14830.53691228909        99.99960565070818       0.3000428024811068
                       73        4.928800303818779        4.344361817115391        14830.53508335885        99.99960001420288       0.3000423273755999
                       74        4.834785767255942        4.305418390681908        14830.53343987959        99.99959484859353       0.3000411804917285
                       75        4.400784138670059        3.912833061126492         14830.5317163109        99.99958944402609       0.3000396275578776

Final average n0: 4.654349726072592
Final fluctuations n0: 4.293562462660971

Averages:
4.963308913266816
4.907439509770945
5.239038160861225
5.117108551190012
4.282029731578553
4.674224799951777
4.844034124616024
4.628745580257203
4.645480395806267
4.136883266318199
4.647378960377372
5.298122239448029
4.950560923966842
4.474644740584775
4.220783309643047
5.004701905404912
4.97217160720845
4.495971325198083
4.12895902575411
4.708479655331288
4.675440905370428
4.684972815308799
4.524871093917725
5.110965159911834
5.173010537888288
4.538426500812998
4.606038571984418
4.990146156478653
4.636878567616361
4.507012699023659
4.842690228373116
4.300351369942483
4.825704090934256
4.890575331236112
4.701218832460812
4.051873683384252
4.69073818364885
4.581470558441795
4.027631430529143
4.620913298332051
4.290111835647306
4.40941048845839
4.452622602281538
5.051548309232484
4.571245298302657
4.174003614278629
4.449112305903651
4.632675987048403
4.505176845957726
4.349527538604508
4.997321536077269
4.861275022605561
5.028422937352896
4.987607916330803
4.416077986579061
5.129703881436259
4.761409384816578
4.386274192742321
4.499879668767893
4.455327647789241
3.853429806427766
4.598676043761664
5.074268820009222
4.861983653023005
4.222143172614759
4.6759585700133
4.557566043824182
4.161664363086769
4.784497653940939
4.967578761383606
4.690310646204157
4.734049969067011
4.928800303818779
4.834785767255942
4.400784138670059

Fluctuations:
4.53635210033254
4.449565391440936
4.789240646760658
4.507574337971535
4.009246341407864
4.177331118799996
4.521693677938179
4.417165553906408
4.163606564588544
3.943631680037612
4.416979639680643
4.871780830034898
4.468964235617007
4.094511071832707
3.97069582509443
4.701740299907383
4.544019611858774
4.395832463991477
3.96545206043762
4.346255073921915
4.08015245654679
4.134186142301382
3.985216378385859
4.59997058786641
4.62528089115722
4.210550520296492
4.114567988124714
4.384736092047854
4.316137907737772
4.051959848756111
4.435110470523501
4.033616256671849
4.359025070583851
4.320798943648823
4.351762429422521
3.700418173864912
4.169248930235049
4.488073362439777
3.90301431134429
4.136079783866525
3.857342759883623
4.176109837871563
4.074629781884065
4.491463851878284
4.216525209279996
3.99785362168617
4.054792320730225
4.277406291259132
4.159003830566534
3.804635469391591
4.490044159935286
4.503170358819839
4.61338787293684
4.562742536925175
3.936047995740624
4.678071761335215
4.241489075491982
4.210166622750686
4.107174219895259
4.280272969965727
3.544736316573152
4.157069668910975
4.557786602110504
4.515599496478401
3.842408287714271
4.553558767894183
4.17614927250308
3.757349846529813
4.776020835032512
4.780181423736416
4.42122445959512
4.412267195868158
4.344361817115391
4.305418390681908
3.912833061126492

Last point and parameters for further simulation:
100
17
0.5
contact

-0.2272609794423417
1.075777179589981
-1.479539830428982
-0.7561831877963421
-0.4058770966955945
0.7664940133974536
-0.2637673102258131
-1.255783401272678
1.28755004414105
-0.6893945469867143
0.4830592386285371
-0.5272564377611453
-2.038251264183647
-0.3952414040223708
1.29452278643742
-0.1696462555728531
2.410769094150464
1.24470530487448
-3.175811933453799
-1.131542024007274
0.57867274441462
0.2177416560983585
-2.490757003920157
-1.348285561963773
1.751348409236204
-2.091817585929349
-0.8551207747185923
-1.208982493999379
0.5799779308936287
-0.2416536652108905
-1.467709858693474
1.026501227735201
-0.6523927714934258
1.166614738513621
0.7749747109302896
-0.2318967216690705
-1.109174225988889
0.6755432832143748
0.07581853965532842
0.9617715151589894
1.283787492183242
2.870660672480004
0.2107965845783969
0.8581740951394797
0.5790191673822374
-0.0556130959210375
0.5081772007177979
2.924815194862024
1.323826941275805
-0.7884616614781668
-0.910816304760683
0.1665966917954731
-0.5115358931703797
0.4692843577915613
0.524404637183117
-1.334974350501866
0.2445109480717353
1.015793875810593
-0.1376498337994736
0.9517986957022464
-1.840104780324538
1.336062759762235
-1.421912272620949
1.980626665142454
0.3963277103886736
-0.5434062443661872
0.002042219029023052
0.320885130862702
0.08302703868833219
0.5072882939541211

Final quantities:
4.654349726072592
4.293562462660971
