Number of particles: 100
Nmax: 18
Gamma: 0.5
Interaction type: contact
Step size: 7e-05
Batch size: 200000
Batch count: 75
             Batch number               Average n0          Fluctuations n0                   Energy           Particle count                 Momentum
                        1        4.264705774204811        3.899746787067768        15961.40319617211         99.9999924065514       0.4103873399452631
                        2        4.180093902691532        3.802196416810185        15961.40075602599        99.99998517546354       0.4103878928214115
                        3        4.224910308206651        3.825010726830805        15961.39841319388        99.99997813244416       0.4103897909824994
                        4        4.169158244475388        3.824207483114365        15961.39612356804        99.99997117826688       0.4103895739876293
                        5        4.129500911240214        4.059825323978743        15961.39379746335         99.9999641663503       0.4103857990774173
                        6        4.218492309505089        3.890503874660708        15961.39147534932        99.99995716157534       0.4103864187010657
                        7        4.409261497875819        4.107730105932599        15961.38911283985        99.99995007764032         0.41038467199804
                        8        4.503015213308819         4.54768727420703        15961.38674739195        99.99994297325165       0.4103849364689189
                        9        3.816881446747133        3.404050335973411        15961.38453254521         99.9999362560835       0.4103850560420934
                       10        5.026175507722277        4.517656351741708        15961.38185720501        99.99992854041309       0.4103845282899918
                       11         4.44753351535793        4.192420523604244        15961.37947565216        99.99992140322965       0.4103848822604554
                       12        4.239854125704703        4.104645811340569        15961.37717883819        99.99991451675798       0.4103828845466122
                       13        4.136488587872527        3.781217674458057         15961.3750452451        99.99990800361624       0.4103836888428418
                       14        4.558799476262148        4.319377614353878        15961.37243433214        99.99990037034176       0.4103842954657111
                       15        4.196708861341726        3.581687483546692        15961.37006452829        99.99989324866851       0.4103858954467654
                       16        3.853409799986211        3.479761940308795        15961.36792384994        99.99988668144114        0.410387011657912
                       17        4.597400164732719         4.02746907296384        15961.36549640501        99.99987944475461       0.4103876106225641
                       18        4.379956435615714        4.136417715048402        15961.36294874544        99.99987198531748       0.4103897913377796
                       19        4.734458261474503        4.241285653465674        15961.36031722406        99.99986429156127       0.4103890530299221
                       20        4.406408338131966        3.809111168595177        15961.35813340372        99.99985760902869        0.410388473745229
                       21        4.068262358927312        3.820533185751426         15961.3556750543        99.99985029131523       0.4103858292586509
                       22        4.419652832269732        4.274492411704624        15961.35318049106         99.9998428909422        0.410384283481255
                       23        4.482494385787325        4.186493177700109        15961.35072491047        99.99983556540968       0.4103822456041648
                       24         4.33023975793582        4.102278076545161        15961.34843700828        99.99982864482044       0.4103829591553154
                       25        4.376451730881866         3.95356071739619         15961.3458300711        99.99982099550158        0.410383097596057
                       26        4.658163653186216        4.404232703557857         15961.3433146565        99.99981355636075       0.4103838133275808
                       27        3.676956084125744        3.677931868979107        15961.34105850369         99.9998067218843       0.4103836777419794
                       28        4.411440901037421        4.229542151431573        15961.33855505702        99.99979933895725       0.4103851064924058
                       29        3.984700298578677        3.655126784826359        15961.33620144071        99.99979227103766       0.4103869101356281
                       30         4.46897800271156        4.357423479758699         15961.3339726294        99.99978549055689        0.410388927781959
                       31        4.406070132972358        3.940852724002469        15961.33175101716        99.99977871994545       0.4103883476359798
                       32         4.59124323678185        4.338196492098601        15961.32942085613        99.99977171458666       0.4103902002452386
                       33        4.383808479085937        3.954760612737318        15961.32702640528        99.99976454682803       0.4103901025121441
                       34        4.361731991881959        4.213478913147699         15961.3245863789           99.99975727204       0.4103881313372995
                       35        4.447956433114592        4.261854355339856        15961.32203006274        99.99974977576787       0.4103875886422408
                       36        4.349384504527692        3.980039396281238        15961.31942688976        99.99974222111086       0.4103879067001728
                       37        4.435116607418708        3.806234617941755        15961.31704662379        99.99973507725943       0.4103874184125385
                       38        3.895380212184283        3.630933668549663        15961.31495775983        99.99972862909328       0.4103867828650323
                       39        4.571605296973165        4.128758091692354        15961.31258021803        99.99972151627134        0.410388050946878
                       40        4.171897331309919        3.901425060703898         15961.3102352732        99.99971446425346       0.4103903782954745
                       41        4.203217175071153        4.116031948375312         15961.3078614143        99.99970739642961       0.4103897359842605
                       42         4.29014069969503        3.920214910500777        15961.30569838982        99.99970081862928       0.4103891073888071
                       43        4.471658968968353        4.078600896414737        15961.30336620358        99.99969379815967       0.4103877307848229
                       44        4.479966081970708         4.18030895081638        15961.30108541592        99.99968685352312       0.4103880831833777
                       45        4.284421324167214        3.778933021980136        15961.29879466342        99.99967992157579        0.410389477402834
                       46        4.017262536083623        3.963669365681271        15961.29646545563        99.99967290112524       0.4103911597265579
                       47        4.891135470779052        4.746095374391493        15961.29408447363        99.99966576586726       0.4103898528608809
                       48          4.1838341811726         3.89209801231076        15961.29165590967        99.99965856679623       0.4103904493112225
                       49        4.470929480512512        4.152667916559789        15961.28926564535        99.99965140782574       0.4103908802221135
                       50        4.003702797896808        3.996263178073899        15961.28687060215        99.99964422957187       0.4103913211232353
                       51        4.146898956779744        3.972539829736784        15961.28467976787        99.99963757306543        0.410391241731606
                       52        4.346185608465714         3.78409613105031        15961.28243044833        99.99963075209554        0.410391612291285
                       53        4.039229830292002         3.79381224468783        15961.28022380907        99.99962400474585       0.4103897184184078
                       54        4.282311759531006        3.945910116683597        15961.27810450386        99.99961750445992       0.4103890842716673
                       55         4.03916544549274         3.65138180532178        15961.27584443817        99.99961063832983       0.4103926020251363
                       56        4.493220667016388        3.990539155721504        15961.27339095833        99.99960334928754       0.4103934562627263
                       57        4.318530032368805        4.089313184098372        15961.27086213502        99.99959589309763       0.4103940626205782
                       58        4.381392345601759         4.29096766655231        15961.26864526148        99.99958911440878       0.4103960808971792
                       59        4.095193693326752        3.853505741605642        15961.26645016485        99.99958243166013       0.4103952663186128
                       60        4.405659777182569        4.021431548514598        15961.26417018385        99.99957554673165       0.4103916576464215
                       61        4.577669753925786        4.428963310640183         15961.2617279071        99.99956824872365        0.410392983727025
                       62         4.67584445645803        4.310558392797234        15961.25938310591        99.99956122549062       0.4103932209821632
                       63        4.449396459237782         4.21688347034654        15961.25703926149        99.99955418710269        0.410392745123044
                       64        4.214388457452752        3.867994780666835         15961.2546025457        99.99954691928882       0.4103916720903058
                       65        4.785188591740407        4.092940430375859        15961.25195632481        99.99953918254467        0.410388491993416
                       66        4.221460434538189        3.786435810221581        15961.24939258619        99.99953164233112       0.4103880130736925
                       67        4.192963123581881        3.769996151627167        15961.24705692761        99.99952459776775       0.4103882677697825
                       68        4.433388669363416        4.059993113922173        15961.24453959775        99.99951715751619       0.4103867807285155
                       69        4.321636823437968        3.804678822924055        15961.24222377895         99.9995101788991       0.4103875145512301
                       70        4.708217080060899        4.670340668895209        15961.23952266772        99.99950237723706       0.4103896053901011
                       71        4.540601601070869        4.132113874745375        15961.23686195966        99.99949465438613       0.4103899992216462
                       72        4.654171308823797        4.348566872329551        15961.23438500815        99.99948732513639       0.4103868400720501
                       73        4.350991655215219         3.86271266027545        15961.23216561811         99.9994805613056       0.4103851600977162
                       74        4.606523156961468        4.215310791664614        15961.22964178649        99.99947309313229        0.410385922004755
                       75         4.15880570708726        3.880942779185758         15961.2271652998         99.9994657340583       0.4103856098416703

Final average n0: 4.34293401367307
Final fluctuations n0: 4.042902847276808

Averages:
4.264705774204811
4.180093902691532
4.224910308206651
4.169158244475388
4.129500911240214
4.218492309505089
4.409261497875819
4.503015213308819
3.816881446747133
5.026175507722277
4.44753351535793
4.239854125704703
4.136488587872527
4.558799476262148
4.196708861341726
3.853409799986211
4.597400164732719
4.379956435615714
4.734458261474503
4.406408338131966
4.068262358927312
4.419652832269732
4.482494385787325
4.33023975793582
4.376451730881866
4.658163653186216
3.676956084125744
4.411440901037421
3.984700298578677
4.46897800271156
4.406070132972358
4.59124323678185
4.383808479085937
4.361731991881959
4.447956433114592
4.349384504527692
4.435116607418708
3.895380212184283
4.571605296973165
4.171897331309919
4.203217175071153
4.29014069969503
4.471658968968353
4.479966081970708
4.284421324167214
4.017262536083623
4.891135470779052
4.1838341811726
4.470929480512512
4.003702797896808
4.146898956779744
4.346185608465714
4.039229830292002
4.282311759531006
4.03916544549274
4.493220667016388
4.318530032368805
4.381392345601759
4.095193693326752
4.405659777182569
4.577669753925786
4.67584445645803
4.449396459237782
4.214388457452752
4.785188591740407
4.221460434538189
4.192963123581881
4.433388669363416
4.321636823437968
4.708217080060899
4.540601601070869
4.654171308823797
4.350991655215219
4.606523156961468
4.15880570708726

Fluctuations:
3.899746787067768
3.802196416810185
3.825010726830805
3.824207483114365
4.059825323978743
3.890503874660708
4.107730105932599
4.54768727420703
3.404050335973411
4.517656351741708
4.192420523604244
4.104645811340569
3.781217674458057
4.319377614353878
3.581687483546692
3.479761940308795
4.02746907296384
4.136417715048402
4.241285653465674
3.809111168595177
3.820533185751426
4.274492411704624
4.186493177700109
4.102278076545161
3.95356071739619
4.404232703557857
3.677931868979107
4.229542151431573
3.655126784826359
4.357423479758699
3.940852724002469
4.338196492098601
3.954760612737318
4.213478913147699
4.261854355339856
3.980039396281238
3.806234617941755
3.630933668549663
4.128758091692354
3.901425060703898
4.116031948375312
3.920214910500777
4.078600896414737
4.18030895081638
3.778933021980136
3.963669365681271
4.746095374391493
3.89209801231076
4.152667916559789
3.996263178073899
3.972539829736784
3.78409613105031
3.79381224468783
3.945910116683597
3.65138180532178
3.990539155721504
4.089313184098372
4.29096766655231
3.853505741605642
4.021431548514598
4.428963310640183
4.310558392797234
4.21688347034654
3.867994780666835
4.092940430375859
3.786435810221581
3.769996151627167
4.059993113922173
3.804678822924055
4.670340668895209
4.132113874745375
4.348566872329551
3.86271266027545
4.215310791664614
3.880942779185758

Last point and parameters for further simulation:
100
18
0.5
contact

-0.597561316037893
0.0427511504965035
-1.856408067586668
0.4398417537248566
0.1875296147774156
0.9109741724250686
0.962001317488832
-0.7908641659242297
-0.4965311440650922
-0.7469084173066306
-1.117122610938808
-2.465945458092615
-1.069111764469919
1.705983030657855
-0.1247150117268001
0.1708162052131075
-0.7082109594882492
-0.138018137287847
-0.9289832977868571
0.8982077098098732
-3.20389834157602
1.864812401220702
1.157856600384848
-0.6940842943779754
1.466643490227833
-1.22986973633612
1.0542756580826
-0.5927860600592075
-1.016226502650539
0.7863022284790164
0.2073949705808754
-0.3561189901265311
-0.1007589316085094
0.4220253096736558
0.2145145289932315
-0.1884848704507543
1.279510407679139
1.354926389599479
-0.009406071251612346
-0.7302838302023579
0.9678238542314431
-0.165249069646631
-2.227893717524052
0.07038434899482879
1.526107169541052
-0.4023578391724232
0.271823255231123
-0.8852983537227515
-0.2348419332082063
0.1840551118619897
0.8026082426301919
1.15598047154578
-0.9774386879478609
-1.910854578088182
-1.074249168401572
-0.1735678693075688
3.439063485798137
-1.399389992812412
-0.4197622262751663
-0.8599905865405494
1.01282178873763
0.6019855113527327
1.879427103924827
-1.178108353814572
0.7984043413378865
2.07888744912802
2.29675062917681
0.6454134675856141
-1.453131056498205
-0.7603690643996462
0.6174270890231899
0.3391419942093638
-0.6099044878556901
-0.1221796590672745

Final quantities:
4.34293401367307
4.042902847276808
