Number of particles: 100
Nmax: 20
Gamma: 0.5
Interaction type: contact
Step size: 7e-05
Batch size: 200000
Batch count: 75
             Batch number               Average n0          Fluctuations n0                   Energy           Particle count                 Momentum
                        1        4.154863136074522        3.779154842580368        18328.36254494199        99.99997549958178        0.289774932697533
                        2        3.892188758463673        3.607952557552036         18328.3583798503        99.99996388555689       0.2897761849135279
                        3        3.653428854709726        3.345563544447498        18328.35439836609         99.9999526044555       0.2897730788294934
                        4        3.941926456314046        3.671034211051526        18328.34981115158          99.999940071398       0.2897734360215942
                        5        4.069870133989759        3.536157947597252        18328.34559688867        99.99992827867732       0.2897714313001529
                        6        3.487189012018155        3.366634480879899        18328.34202820768        99.99991791514022       0.2897710273675909
                        7        3.453578327285596        3.325929213093449        18328.33793280844        99.99990649122998       0.2897685749617027
                        8         3.77341347875036        3.584315381625335        18328.33357099696        99.99989443531091       0.2897678236144685
                        9        3.222833894237992        2.963677772668269        18328.32990657844        99.99988387932851       0.2897701650956703
                       10        4.119590467733881         3.72455042388478        18328.32512406163        99.99987102712238       0.2897728176963437
                       11        3.663236218440866        3.776466549412859        18328.32116365021        99.99985984634185       0.2897728896482015
                       12        3.700891333674002        3.347983339214464        18328.31697312089        99.99984812678082       0.2897776688088243
                       13        3.717797505254944        3.376455807938678        18328.31269842178        99.99983628604636       0.2897738450391678
                       14        4.011102266294248        3.648415103543211        18328.30837268939         99.9998242487126       0.2897747697342652
                       15         3.62464033716507        3.330241202585468        18328.30415621752        99.99981246682771       0.2897780863851871
                       16        3.858709844025863        3.496733093823438        18328.30017138323        99.99980120110044       0.2897767949838084
                       17        3.547145259362094        3.326122116415149        18328.29624306044        99.99979002664857       0.2897785455167963
                       18         3.79487579584098        3.586824075294068        18328.29252651363        99.99977939418883       0.2897780888419668
                       19        3.786215588614688        3.489537822685932        18328.28829550526        99.99976761264313       0.2897753405072354
                       20        3.729564016964398        3.449144162588785        18328.28417709119        99.99975605768039       0.2897750972923046
                       21        3.843026148005926        3.791508565996592        18328.28032376026        99.99974510405802       0.2897745007471517
                       22        3.563188521150117        3.558554457299264        18328.27603528964        99.99973321487232       0.2897795656595505
                       23        3.625822366653195        3.419486641653107        18328.27185363597        99.99972154006078        0.289778507511528
                       24        3.790183157908773        3.393317629836023        18328.26778882597        99.99971013356276       0.2897788071413565
                       25        4.047476736910477        3.736408025231453        18328.26369775571        99.99969871644961        0.289779755417797
                       26        3.874902814385108        3.470472654103028        18328.25962294215        99.99968722518061       0.2897777026141064
                       27        3.522029149223791         3.34276636244196        18328.25533757244        99.99967534298989       0.2897747276955798
                       28        3.807693668292981         3.56687877185934         18328.2510433609        99.99966340044379       0.2897746556546679
                       29        3.592847208113466        3.311183604288849        18328.24691366744        99.99965180711844       0.2897742899124189
                       30        3.756190843836769        3.571366342913767        18328.24267945391        99.99964004395956       0.2897691173016241
                       31        3.777561718378053        3.352481124777502        18328.23868001769        99.99962877412798       0.2897692015426863
                       32        3.768626315894747        3.540650225294201        18328.23441431228        99.99961693263178       0.2897711211726435
                       33        3.445563616254272        3.166037296186604        18328.23087085522        99.99960663388208       0.2897695727732383
                       34         3.54737039555555         3.45964131954393        18328.22677967134        99.99959520800924       0.2897724507095347
                       35        3.402446426027113        3.138547211817022        18328.22255160225        99.99958346837123       0.2897767606957888
                       36        3.706714312925879        3.436820800958268        18328.21817082033        99.99957134159365       0.2897768313069378
                       37        3.758300204895821        3.471780366481446        18328.21417076682        99.99956005182707       0.2897737835258809
                       38        3.451066344080213        3.226659550289719         18328.2102570806        99.99954897707531       0.2897703060221062
                       39        3.839412875023444        3.503381511674371        18328.20579849496        99.99953684648166       0.2897722978489128
                       40        3.928742250819338        3.692564583067768         18328.2015724798        99.99952505455767        0.289772130186158
                       41        3.518239070875378        3.333022626360324        18328.19754748143        99.99951377482758       0.2897725743484187
                       42        3.213220781973633        3.012314386937937        18328.19356765154        99.99950259179869       0.2897778267958575
                       43        3.521407239777527        3.360194866787324        18328.18937080431        99.99949085538962       0.2897756787542818
                       44        3.489305588940002         3.21193752230969        18328.18526390252        99.99947933533994       0.2897761381539254
                       45        3.530074840762609        3.124544243058866        18328.18143184292        99.99946846630257       0.2897786674590126
                       46        4.276870323485737        3.952796662993042         18328.1770805963        99.99945645022981       0.2897738900200295
                       47        3.649199847913105        3.400423359527087        18328.17303877508        99.99944502115959        0.289773390857512
                       48        3.704852079357412        3.282632062974311        18328.16902315602         99.9994337468015       0.2897694033488918
                       49        3.855747905990446        3.524896488175403        18328.16505534309        99.99942253670365       0.2897687435662633
                       50        4.005164082546672        3.563436423650098        18328.16051834917        99.99941011622181       0.2897691895493217
                       51        3.525072254870226        3.244752470854599        18328.15609656021        99.99939798519091       0.2897678351614044
                       52        3.596187458421863        3.401440635151848        18328.15208071131        99.99938669921859       0.2897692238213452
                       53        3.687589974949399        3.320403711985707        18328.14810241724        99.99937543636187       0.2897705749696478
                       54        3.737179295432215        3.570647843278384        18328.14398697626        99.99936397883111       0.2897674552290823
                       55        3.903871966884054        3.595941427619041        18328.13999253087        99.99935272527553       0.2897616963098013
                       56        4.312001671207674        3.974335138504775        18328.13590366647        99.99934126779277       0.2897614555636228
                       57         4.28129040322075        4.058229565056489         18328.1316952741        99.99932959795969       0.2897625034582711
                       58        3.730922788366768        3.589327778117015        18328.12729396667           99.99931746775       0.2897641586137363
                       59        3.792904525081834        3.497550584335647        18328.12333557534        99.99930629341738       0.2897595706810687
                       60         4.07497439990031        3.600753281300191        18328.11897292385        99.99929424614902        0.289759393315915
                       61        3.950658344138255        3.472004083890198        18328.11454124632        99.99928204614062       0.2897599953232963
                       62        3.850812751279875        3.550661212752681         18328.1105182074        99.99927068578241       0.2897568616859516
                       63        3.975599574911972        3.750463462300946        18328.10594917184        99.99925820049134       0.2897566788298498
                       64         3.74889203684207        3.500396436969794        18328.10202133498        99.99924708101317       0.2897579277448443
                       65        3.865543004277477          3.4402846761618        18328.09795926862        99.99923563790212       0.2897579896833609
                       66        3.900308550682402        3.607174485018649        18328.09372427814        99.99922387581628       0.2897605280717022
                       67        3.763778029351852        3.422618065806949        18328.08987460992        99.99921290076439       0.2897627377686547
                       68        3.720279684887568        3.379168091317861        18328.08603091323        99.99920195780383       0.2897645634298467
                       69        3.544902002709444        3.460830154934263        18328.08221903826         99.9991910658273       0.2897640961638146
                       70        3.972515149541787        3.673111819501948        18328.07827292824        99.99917991173213        0.289763512010379
                       71        4.082005861195886        3.764455212539731         18328.0741427063        99.99916838272057       0.2897609089565272
                       72        3.798056736590551        3.747197216352234        18328.06993997592        99.99915665998772       0.2897599283414536
                       73         3.56363178947344        3.353400255388197        18328.06611291488        99.99914580428513       0.2897598008519271
                       74        3.701742404829587        3.625675837076501        18328.06202321192        99.99913439774291       0.2897582003820913
                       75        4.020634579696496        3.638141677920114        18328.05798012745        99.99912305549954       0.2897571798212972

Final average n0: 3.761568836798882
Final fluctuations n0: 3.505077825233874

Averages:
4.154863136074522
3.892188758463673
3.653428854709726
3.941926456314046
4.069870133989759
3.487189012018155
3.453578327285596
3.77341347875036
3.222833894237992
4.119590467733881
3.663236218440866
3.700891333674002
3.717797505254944
4.011102266294248
3.62464033716507
3.858709844025863
3.547145259362094
3.79487579584098
3.786215588614688
3.729564016964398
3.843026148005926
3.563188521150117
3.625822366653195
3.790183157908773
4.047476736910477
3.874902814385108
3.522029149223791
3.807693668292981
3.592847208113466
3.756190843836769
3.777561718378053
3.768626315894747
3.445563616254272
3.54737039555555
3.402446426027113
3.706714312925879
3.758300204895821
3.451066344080213
3.839412875023444
3.928742250819338
3.518239070875378
3.213220781973633
3.521407239777527
3.489305588940002
3.530074840762609
4.276870323485737
3.649199847913105
3.704852079357412
3.855747905990446
4.005164082546672
3.525072254870226
3.596187458421863
3.687589974949399
3.737179295432215
3.903871966884054
4.312001671207674
4.28129040322075
3.730922788366768
3.792904525081834
4.07497439990031
3.950658344138255
3.850812751279875
3.975599574911972
3.74889203684207
3.865543004277477
3.900308550682402
3.763778029351852
3.720279684887568
3.544902002709444
3.972515149541787
4.082005861195886
3.798056736590551
3.56363178947344
3.701742404829587
4.020634579696496

Fluctuations:
3.779154842580368
3.607952557552036
3.345563544447498
3.671034211051526
3.536157947597252
3.366634480879899
3.325929213093449
3.584315381625335
2.963677772668269
3.72455042388478
3.776466549412859
3.347983339214464
3.376455807938678
3.648415103543211
3.330241202585468
3.496733093823438
3.326122116415149
3.586824075294068
3.489537822685932
3.449144162588785
3.791508565996592
3.558554457299264
3.419486641653107
3.393317629836023
3.736408025231453
3.470472654103028
3.34276636244196
3.56687877185934
3.311183604288849
3.571366342913767
3.352481124777502
3.540650225294201
3.166037296186604
3.45964131954393
3.138547211817022
3.436820800958268
3.471780366481446
3.226659550289719
3.503381511674371
3.692564583067768
3.333022626360324
3.012314386937937
3.360194866787324
3.21193752230969
3.124544243058866
3.952796662993042
3.400423359527087
3.282632062974311
3.524896488175403
3.563436423650098
3.244752470854599
3.401440635151848
3.320403711985707
3.570647843278384
3.595941427619041
3.974335138504775
4.058229565056489
3.589327778117015
3.497550584335647
3.600753281300191
3.472004083890198
3.550661212752681
3.750463462300946
3.500396436969794
3.4402846761618
3.607174485018649
3.422618065806949
3.379168091317861
3.460830154934263
3.673111819501948
3.764455212539731
3.747197216352234
3.353400255388197
3.625675837076501
3.638141677920114

Last point and parameters for further simulation:
100
20
0.5
contact

-0.4996623650241663
-0.5614201379264309
0.7595692635974431
-1.249339013145182
-1.417346572108703
-0.3093898060628882
2.620279513800331
-0.6339212390721302
-0.1276570261926518
-0.4883151666122438
1.289836592148764
-0.2402292149267247
-0.4456784193069035
0.1239901820526628
-1.796275359407907
0.8559340032034425
-1.676449997429615
1.067405926164533
0.162710976268641
-0.561064242539754
-0.07214005066333608
-2.098045681729379
0.8021027101651014
1.961818002772183
0.5305523538282045
-0.09373788616611423
1.705852230579602
-1.404380386780866
-3.069354149566709
0.1045621308393885
0.2584142813604637
-1.053316007833107
1.897280793223946
0.339542504610768
-1.293383149411596
-0.1233032289378197
-0.07992298811433748
1.10644068843485
-1.075205821372566
-0.2112764406928257
0.5065948211063007
-0.5075880795417521
1.335152866919981
-0.1273242528243006
-0.7725329532929114
0.4165852803793241
-0.5699793889383256
0.3583672475232377
0.5086239279981394
-1.350491688116972
0.2502394475125321
-1.879004215238846
-0.1900541810644874
0.5738663377862757
0.7848019234094183
-2.30849125126528
0.58796535049892
-0.4831243816753242
0.7578056563916687
-2.641449393640036
1.548828207024354
2.268303786819488
-0.1656055101633025
-0.3329712987842053
0.3560080667178723
0.8986099453116023
-0.94149805605545
-0.6565992150873896
-0.7731306132419049
-0.4572717348091838
1.096818938471175
0.0780999426958837
0.1659863052642908
-1.085847644947671
0.9261260042027101
1.431532484456727
0.7292921327193896
1.813941960916881
-0.2359376190516025
0.8654830148810337
0.7450920703493142
-0.2647885140904378

Final quantities:
3.761568836798882
3.505077825233874
