Number of particles: 100
Nmax: 23
Gamma: 0.5
Interaction type: contact
Step size: 5e-05
Batch size: 200000
Batch count: 50
             Batch number               Average n0          Fluctuations n0                   Energy           Particle count                 Momentum
                        1        2.801447680478666        2.637285245220037        22337.11841774326        100.0000487476122       0.5820884639920116
                        2        3.371578992598844        3.096085003804272        22337.11732652971        100.0000458479558       0.5820883251213651
                        3        2.883566013502479        2.793933117031349        22337.11638306575        100.0000432391219       0.5820885266067677
                        4        3.147800936173102        3.092329686037109        22337.11533668658        100.0000404013605       0.5820883340139957
                        5        2.400314462189173        2.297062666055029        22337.11442505175        100.0000378336053       0.5820889158515357
                        6        2.749207075971804         2.60277908113089         22337.1134499289        100.0000351611096       0.5820876442918994
                        7        2.830105443191339        2.709630293223826        22337.11234022509        100.0000322232091       0.5820874419963467
                        8        2.966079632265023        2.620000368596247         22337.1112468038        100.0000293209806        0.582087002051054
                        9         2.91658946172931         2.68014215181587        22337.11021190419        100.0000265311627        0.582086370293446
                       10        3.803423083094562        3.437625438182951        22337.10902261169        100.0000234403386       0.5820860230867595
                       11        3.277878659611184        2.973446416276301        22337.10783746553        100.0000203553126       0.5820858122169952
                       12        3.570390015430044        3.105664428183587        22337.10683653982        100.0000176077972       0.5820857621560833
                       13        3.522444817129895        3.237236546652737        22337.10564661309        100.0000144986131       0.5820859423863851
                       14        3.511052901649914         3.36121184453934        22337.10440463462        100.0000113036921       0.5820866641163995
                       15        3.092831850366896        2.813044014267385         22337.1032555297        100.0000082675521       0.5820872001129551
                       16        2.710598663901282        2.659534990462674        22337.10211755505        100.0000052713158       0.5820871162499373
                       17        2.797036196351727        2.682375981324381        22337.10101173146        100.0000023287345       0.5820865030685773
                       18        2.964538184344128        2.741606773611478        22337.09985496498        99.99999931334058         0.58208692690053
                       19        3.014056685318575         2.81552262587096        22337.09873540639        99.99999636678777       0.5820868212648165
                       20        3.038384017888245        2.847339913289955         22337.0976679937        99.99999349781739       0.5820871016243923
                       21        3.165900790056172        3.018238801250769        22337.09654834356        99.99999053250588        0.582087601718456
                       22        2.781851403541968        2.587578337331782        22337.09556279164         99.9999878457669       0.5820884429130597
                       23        3.238086889378874        3.034947434617933         22337.0943190746        99.99998468282404       0.5820886020237666
                       24        3.031054213843295        2.934479529456002         22337.0931133452        99.99998155547144       0.5820874161197089
                       25        2.961617706449079         2.73868846724888        22337.09203425648        99.99997866682267       0.5820872924447738
                       26        3.237318836056123        2.991507280185808        22337.09098096874        99.99997581197472       0.5820870415311781
                       27        3.308027509215404        3.039109917377433        22337.08995188636        99.99997302985226       0.5820872461916338
                       28        3.180939247541382        2.953698719818851        22337.08884133751        99.99997008414088       0.5820863753254812
                       29        3.380143798481106        3.220658893368167        22337.08772283789        99.99996710351192       0.5820862714174808
                       30        2.978456517089723        2.707690339911188        22337.08661063344         99.9999641776302       0.5820871640674525
                       31           3.531516271537        3.141438185409649        22337.08563015877        99.99996150490088       0.5820870703252385
                       32        3.076975156109601        2.748648283602876        22337.08460059097        99.99995871403895       0.5820870650141714
                       33        2.729727875851545        2.501007352223448         22337.0837051167        99.99995620029003       0.5820881148186103
                       34        2.862500245490152        2.658388593804179        22337.08277824939        99.99995361372417       0.5820878410064303
                       35        3.053808638536453        2.867072173519389        22337.08164525093        99.99995063343773       0.5820881381649556
                       36        2.936109156839583         2.77280574050598        22337.08051137415        99.99994764918752       0.5820884570137252
                       37        3.356381359327949        3.082051660021782        22337.07942938599        99.99994472688229       0.5820887309398444
                       38        2.773987686950089        2.695551578725872        22337.07829386883        99.99994173500284       0.5820877494897094
                       39        2.729417861679349        2.466175812839828        22337.07721662277        99.99993884368131       0.5820873595033547
                       40        3.053971701352561        2.825777481885743        22337.07618550769        99.99993604719435       0.5820874308081665
                       41        3.229986791523141        2.834193448611386        22337.07513593105        99.99993319525909       0.5820872292288932
                       42          3.1948084079813         3.05101894703775        22337.07405032424        99.99993028485348       0.5820865058540861
                       43        3.044260533445406         2.81767518601421        22337.07292081588        99.99992727228613       0.5820855885848593
                       44        3.522790050191884        3.436717448978297        22337.07165290793        99.99992405434169       0.5820864585219638
                       45        2.996588403337789        2.953971849091941        22337.07069686954        99.99992138517449       0.5820863483784144
                       46        3.085268305772894        2.739206329512119        22337.06962892742        99.99991850915923        0.582086085683458
                       47        3.095067017877596        2.855555143776483        22337.06843859218        99.99991539707688       0.5820861020001225
                       48        2.858921344645309        2.606376033390732        22337.06750618212        99.99991280422654       0.5820858768372261
                       49        2.887672757113389        2.626578827365954        22337.06638539744        99.99990981076921       0.5820860933466747
                       50        3.483167361454388        3.256457841214475        22337.06522494431        99.99990676927409       0.5820852756319939

Final average n0: 3.082712972237134
Final fluctuations n0: 2.891248100454787

Averages:
2.801447680478666
3.371578992598844
2.883566013502479
3.147800936173102
2.400314462189173
2.749207075971804
2.830105443191339
2.966079632265023
2.91658946172931
3.803423083094562
3.277878659611184
3.570390015430044
3.522444817129895
3.511052901649914
3.092831850366896
2.710598663901282
2.797036196351727
2.964538184344128
3.014056685318575
3.038384017888245
3.165900790056172
2.781851403541968
3.238086889378874
3.031054213843295
2.961617706449079
3.237318836056123
3.308027509215404
3.180939247541382
3.380143798481106
2.978456517089723
3.531516271537
3.076975156109601
2.729727875851545
2.862500245490152
3.053808638536453
2.936109156839583
3.356381359327949
2.773987686950089
2.729417861679349
3.053971701352561
3.229986791523141
3.1948084079813
3.044260533445406
3.522790050191884
2.996588403337789
3.085268305772894
3.095067017877596
2.858921344645309
2.887672757113389
3.483167361454388

Fluctuations:
2.637285245220037
3.096085003804272
2.793933117031349
3.092329686037109
2.297062666055029
2.60277908113089
2.709630293223826
2.620000368596247
2.68014215181587
3.437625438182951
2.973446416276301
3.105664428183587
3.237236546652737
3.36121184453934
2.813044014267385
2.659534990462674
2.682375981324381
2.741606773611478
2.81552262587096
2.847339913289955
3.018238801250769
2.587578337331782
3.034947434617933
2.934479529456002
2.73868846724888
2.991507280185808
3.039109917377433
2.953698719818851
3.220658893368167
2.707690339911188
3.141438185409649
2.748648283602876
2.501007352223448
2.658388593804179
2.867072173519389
2.77280574050598
3.082051660021782
2.695551578725872
2.466175812839828
2.825777481885743
2.834193448611386
3.05101894703775
2.81767518601421
3.436717448978297
2.953971849091941
2.739206329512119
2.855555143776483
2.606376033390732
2.626578827365954
3.256457841214475

Last point and parameters for further simulation:
100
23
0.5
contact

0.1587331377257697
-0.08350711020931315
0.2011027303199939
1.658832313655995
-1.89033685643766
-0.08068975296600581
-0.09447756359317862
0.7623486246758777
-0.320957007494521
-0.5440072153736876
1.254739203342447
-1.217463997787495
-0.3573401231975993
-1.227006012943398
0.1249132016095763
-0.8568707885602895
-2.364754667573634
-0.353964089509461
1.443694913541917
1.186465472502283
-1.660072434259769
0.9562835933120247
-1.447534691839822
0.4513158034699628
-0.1883783560584289
-0.1337764014582593
-0.338410930706667
2.182847089105528
0.5171883980439154
-0.3522299495644155
-1.488772642567579
1.308434283588429
0.4231904926596052
3.297320167864409
1.007991679259137
0.09793741548932015
-0.4427845579458721
-0.07778039886494291
-1.576989390939582
0.3448114465843716
-1.256508334248337
0.9706262013639261
0.3859781954530956
-0.9614373728530928
-1.067932673750962
-0.415392589295751
-0.228236633586599
-0.3203721102208871
-1.025838255795972
0.2864422758298943
0.548516695485232
-0.9231756209023607
0.05056899049970313
1.442407833243343
-0.07296954213105741
-0.6288927876888412
0.08239075569023384
0.1235679050670769
-0.5538740260645432
1.040800535267641
1.74818619549923
-2.124712777739991
-1.578089236774316
0.2483297949142989
0.2047919473311109
1.087326671269005
-0.4242482055651134
-0.9417826365261939
1.267529417470479
-1.094136783440102
1.373498332978708
-2.16958067992592
0.7880595542231115
-0.08409132990574306
-1.14556402536113
-1.625598410365517
-0.2506268386443177
0.49981422195786
0.3144978911320468
-0.06621650306104712
-0.7957233841124012
-0.7335837977712075
1.196288911783858
-1.770596510319723
0.5049361892955325
-0.6697573611829214
-0.1101095419679164
-1.079457148541958
0.5394613848249247
-0.3738929385671188
-0.4642208037953898
0.8935025309374421
0.6951442468870386
-0.4988247237777658

Final quantities:
3.082712972237134
2.891248100454787
