Number of particles: 100
Nmax: 25
Gamma: 0.5
Interaction type: contact
Step size: 5e-05
Batch size: 200000
Batch count: 50
             Batch number               Average n0          Fluctuations n0                   Energy           Particle count                 Momentum
                        1        2.694844140945917        2.559675746287592        25303.61693690663        100.0000006862825        1.036673559369419
                        2        2.570681651506269        2.278203194551668        25303.61542528669        99.99999653940307          1.0366724812725
                        3        2.779328716798828        2.576028500636021        25303.61394868721        99.99999239575904        1.036673997787984
                        4        2.956112164280205         2.69446442203727        25303.61251423755        99.99998831777226        1.036671362704869
                        5        3.296809548455633        3.135447773759767        25303.61099556898        99.99998409030611        1.036672992448118
                        6        2.634545441210654        2.514487215026711        25303.60914924452        99.99997931123914         1.03667400053061
                        7        2.723769077302852        2.657410408958674        25303.60767095816         99.9999751926584        1.036674024440146
                        8        3.030893678431722        2.829628707976685        25303.60607556079        99.99997080399031        1.036671641710626
                        9        2.651147208358817        2.553558509471872        25303.60459018581        99.99996667654305        1.036674587545257
                       10        2.727138610023973         2.53096295279358        25303.60331592667         99.9999629842801        1.036675393587242
                       11        2.886845698800656        2.540107709467187        25303.60191871065        99.99995899983428        1.036677271961288
                       12        2.760316075812806        2.606811219291066        25303.60050826043        99.99995493346171        1.036677586029732
                       13        2.811867912992219        2.649059685819796        25303.59924142041        99.99995124165707        1.036677024362078
                       14         2.21144754641005        2.125667583282461        25303.59803458278        99.99994766967998        1.036675033191599
                       15        2.340642481334102        2.153863512057251        25303.59667215434        99.99994367944062        1.036675020640937
                       16        2.753274999364073        2.417870249329913        25303.59524362665        99.99993960441796        1.036676496720617
                       17        2.363420425002051        2.293895121179399        25303.59370823018        99.99993534093907        1.036676352578002
                       18         2.20295195145851        2.076600924556302        25303.59213101603         99.9999310173731         1.03667581750824
                       19        2.432161594526973        2.415594298111673        25303.59072705297        99.99992707889093        1.036675996560888
                       20        2.273698632373296        2.054278386419018        25303.58939449672        99.99992326461243        1.036675204384254
                       21        2.426375451073702        2.314421444632802        25303.58814454755        99.99991959761576        1.036679237699477
                       22        2.651124418457515        2.540767039390281        25303.58666489955        99.99991554472663        1.036678955267611
                       23        3.047401594517013          2.8250215518227        25303.58530196111        99.99991161453126        1.036680326679578
                       24        2.667247135488663        2.597366840399534        25303.58403721497        99.99990787149622        1.036680441268391
                       25        2.176522327881672        2.358171611927554        25303.58268154485        99.99990399745435        1.036684254969611
                       26        2.464724799217792        2.448775957132103        25303.58142134868        99.99990033466239        1.036683960130187
                       27        2.770291996319017        2.563566461248557        25303.57990230979        99.99989611558202        1.036683808522206
                       28        2.873379931280446        2.858650646114063        25303.57843600717        99.99989195644288        1.036680822373704
                       29        2.525303665325831        2.290916533318765        25303.57698300075         99.9998878556231        1.036681322638238
                       30        2.687508690722277        2.619262494571028        25303.57557559473        99.99988386898622        1.036680848397936
                       31         2.40278439421717        2.387407408997093        25303.57421501446         99.9998799890252        1.036682266809073
                       32        2.674213366384512        2.361084981846754        25303.57292967601        99.99987625621911        1.036681317704968
                       33        3.059139351424842        2.955967203314655        25303.57157044435        99.99987240134593         1.03668035128112
                       34        2.737441139395612         2.49407968951913        25303.57007464618        99.99986824689218        1.036679304521655
                       35        2.168324614753887        1.974095650110213        25303.56868348324        99.99986431666932        1.036678604111497
                       36        2.806551111866445        2.563659723216139        25303.56712646345        99.99986007155039        1.036681131251079
                       37        2.891506220966829        2.724259453729152        25303.56547450457        99.99985560716064        1.036679838415949
                       38        2.505365380480178        2.349218054488968        25303.56398752124        99.99985148707557        1.036679239284947
                       39        3.103660833975042        2.979673397022636        25303.56264759711        99.99984766536772        1.036679469419113
                       40        3.151577105103889        2.870974270381934          25303.561098666        99.99984342113622        1.036678304721082
                       41        3.399733813491439          3.1206533628036        25303.55932553505        99.99983869585188        1.036678279838199
                       42        2.824693873209195        2.683915219769389        25303.55794846869        99.99983472892625        1.036678137526881
                       43        2.963880232716465        2.790503211479142        25303.55646950988        99.99983058657863        1.036677075542722
                       44        2.752451939252828        2.529435242878249        25303.55508643408        99.99982666803726        1.036678353182808
                       45        2.294835543014313         2.09463226508213        25303.55362623637        99.99982258770682        1.036678013146727
                       46        2.782254741454337        2.463351146413557        25303.55208272193        99.99981834681604        1.036676312290167
                       47        3.025915783087456        2.782311408333665        25303.55047524741        99.99981397080971        1.036675820497676
                       48        2.745403894490222        2.482204872160852        25303.54884720789        99.99980951757554        1.036673525567195
                       49        2.098868576555641        2.010265777790952        25303.54754260744        99.99980571596939        1.036672815860125
                       50        3.243877681718469         3.10104302081016        25303.54614143298          99.999801676619        1.036671522592599

Final average n0: 2.700485143264646
Final fluctuations n0: 2.569828791688557

Averages:
2.694844140945917
2.570681651506269
2.779328716798828
2.956112164280205
3.296809548455633
2.634545441210654
2.723769077302852
3.030893678431722
2.651147208358817
2.727138610023973
2.886845698800656
2.760316075812806
2.811867912992219
2.21144754641005
2.340642481334102
2.753274999364073
2.363420425002051
2.20295195145851
2.432161594526973
2.273698632373296
2.426375451073702
2.651124418457515
3.047401594517013
2.667247135488663
2.176522327881672
2.464724799217792
2.770291996319017
2.873379931280446
2.525303665325831
2.687508690722277
2.40278439421717
2.674213366384512
3.059139351424842
2.737441139395612
2.168324614753887
2.806551111866445
2.891506220966829
2.505365380480178
3.103660833975042
3.151577105103889
3.399733813491439
2.824693873209195
2.963880232716465
2.752451939252828
2.294835543014313
2.782254741454337
3.025915783087456
2.745403894490222
2.098868576555641
3.243877681718469

Fluctuations:
2.559675746287592
2.278203194551668
2.576028500636021
2.69446442203727
3.135447773759767
2.514487215026711
2.657410408958674
2.829628707976685
2.553558509471872
2.53096295279358
2.540107709467187
2.606811219291066
2.649059685819796
2.125667583282461
2.153863512057251
2.417870249329913
2.293895121179399
2.076600924556302
2.415594298111673
2.054278386419018
2.314421444632802
2.540767039390281
2.8250215518227
2.597366840399534
2.358171611927554
2.448775957132103
2.563566461248557
2.858650646114063
2.290916533318765
2.619262494571028
2.387407408997093
2.361084981846754
2.955967203314655
2.49407968951913
1.974095650110213
2.563659723216139
2.724259453729152
2.349218054488968
2.979673397022636
2.870974270381934
3.1206533628036
2.683915219769389
2.790503211479142
2.529435242878249
2.09463226508213
2.463351146413557
2.782311408333665
2.482204872160852
2.010265777790952
3.10104302081016

Last point and parameters for further simulation:
100
25
0.5
contact

-1.158852887404451
1.065914543374592
-1.457169355923807
-0.3519806994119882
1.247661777156372
-0.3262049989782764
0.5127659137877973
-0.9544951696475403
-0.2630764873736517
0.5255953414847689
0.6706217416959378
-0.6166512432354226
-0.2736142914285503
-0.3719285718914981
-0.09955126065760705
0.8925797245677222
-1.625479235788667
-0.7018988873590865
0.3028847865296839
-2.33722080408166
0.3577693415811817
0.8255445266410913
0.2800032027867254
1.103409853562022
0.9856670851321727
-0.6104263919992589
1.644534750496375
1.071430355157564
0.8019442330325425
-2.9865350195557
-0.2780152530470497
0.4734710455885727
-1.098098984484879
-1.085723546295331
-0.5622423582853618
-1.04631888050724
-2.215609476371792
-0.2436004529819319
-2.052425332579129
-1.380884693056877
-0.1595216639290379
-0.3554701719100659
-1.367885662691227
0.4312403176442323
-1.062830353292332
0.9948986458479809
0.2872310098432553
0.3674788972510134
0.3247192617343345
-0.5322052331174769
0.6191868718590278
-1.065204056575823
0.5713929033067903
-0.4351514073043227
0.4762107619226517
2.002158757973388
1.268097260993052
-0.291086492369337
-0.469205410301588
0.3272562980316264
-0.05683484884901157
0.193705576015163
0.7370566254262537
0.5803579046178757
0.3022191442158228
0.2789007896106089
-0.7508533032579643
-0.6408306973815485
0.06361475851959655
-1.551146882975218
-0.5621549315314379
0.01242466683751033
1.806428202019362
1.468451029703599
-1.628423521220162
0.6524693084754294
2.11273050363992
0.5365216781007043
1.759845031950451
-0.5482254002391653
0.5663465888686665
0.8275830491738045
0.9317003050165604
1.544578130937047
0.6472128222722586
0.2327780058927234
0.2139079150844067
0.884765681686844
-0.05683214474018001
-2.178090019826282
-0.4532651703140185
0.6967766589337107
-1.034026955654947
-0.6258986630362823
1.145589483136968
0.6205921664922976
-0.443128509221306
-0.1892634125327257
0.1328060087068614
0.3555524266508504
-0.546933525843914
0.09491136888962659

Final quantities:
2.700485143264646
2.569828791688557
