Number of particles: 100
Nmax: 5
Gamma: 0.5
Interaction type: contact
Step size: 0.0001
Batch size: 200000
Batch count: 500
             Batch number               Average n0          Fluctuations n0                   Energy           Particle count                 Momentum
                        1        61.25612496615243        19.00845329632149         5453.77227457791        100.0000251917414     -0.01198979908115128
                        2          58.197904112707        18.02704344380448        5453.772234132536        100.0000248661529     -0.01198979812374557
                        3        55.87461738197879         20.0080392525625        5453.772194509654        100.0000245457365     -0.01198979400246625
                        4        59.65748526955583        18.72372090594119        5453.772153399185        100.0000242162645     -0.01198979687593749
                        5        56.98403577927572        20.33480001350909        5453.772112415792        100.0000238875857     -0.01198979388649946
                        6        56.98273632027875        20.81151941508821        5453.772073285886        100.0000235703061     -0.01198978690644914
                        7          62.121078240282        14.92571305366431        5453.772032182042        100.0000232405109     -0.01198977936865475
                        8        60.12047624514687        18.47948267047934        5453.771992206099        100.0000229174519     -0.01198977932559986
                        9        59.59186169624725        17.33568479468422        5453.771952207469        100.0000225943588     -0.01198978361295033
                       10        56.08637492438398        20.21104447061273        5453.771911940904        100.0000222701043     -0.01198978675326412
                       11          58.732350890105        17.88493045573566        5453.771872193375        100.0000219486007     -0.01198979116432319
                       12        59.70141130957064        17.36482183320106        5453.771831583261        100.0000216221793     -0.01198979457395377
                       13        62.08197110452052        19.57585405677946        5453.771790612515        100.0000212932123      -0.0119898016485398
                       14        58.90624449167371        19.60026800108463        5453.771750640647        100.0000209701062     -0.01198980159573404
                       15        57.97289268847591        19.72407070013495        5453.771710542107         100.000020646448     -0.01198980665125138
                       16        57.30050625060657        21.50177966666575        5453.771670156581        100.0000203211988     -0.01198980766409896
                       17        54.89292411735619        21.44688808501305        5453.771630058716        100.0000199982668     -0.01198980541047145
                       18        56.19367063276085        20.35808438561661        5453.771590551636        100.0000196784789     -0.01198981779900166
                       19        55.81153794881867        19.91450526876843        5453.771550673276         100.000019356418       -0.011989815475554
                       20        57.96404438334163        19.29047579934413         5453.77151143086        100.0000190378817     -0.01198981854029668
                       21        59.27060657687187        16.65425686937231        5453.771470522262        100.0000187094913     -0.01198983049261493
                       22         56.4600610971732        19.15361203880326        5453.771431329555         100.000018391516     -0.01198983310464818
                       23        57.93755365190849        19.57579369446799        5453.771390460448        100.0000180630942     -0.01198983639687823
                       24        56.12267461594411        17.03196927068342         5453.77134982801        100.0000177364216     -0.01198983941760368
                       25        56.62891161558171        19.34601812813916        5453.771310448114        100.0000174171765     -0.01198983598026504
                       26        54.76233681167519        20.10570123010352        5453.771270907273        100.0000170973228     -0.01198985932102126
                       27        60.29018037221594        18.02063258621916        5453.771230672044        100.0000167729822     -0.01198985367807648
                       28        55.18111533091827        20.10047756359173        5453.771190240604        100.0000164477716     -0.01198985038094857
                       29        54.05501587297843        20.65756148130675        5453.771150782714        100.0000161282309      -0.0119898391031974
                       30        56.56981472845569        19.88333133241939        5453.771110436787        100.0000158034846     -0.01198983640737694
                       31        54.67543203428058        21.41149167063323        5453.771070818258         100.000015482712     -0.01198983876823845
                       32        62.08848601916894        18.52550250831057         5453.77103078901        100.0000151594109     -0.01198984017908167
                       33        55.79768643683233        19.34747747047576        5453.770990625263         100.000014835384     -0.01198983521697361
                       34        61.64979725429792        16.70308073836843        5453.770950612026        100.0000145124023     -0.01198983525818687
                       35        55.00042264901588        17.81659734639208        5453.770911408446        100.0000141943171     -0.01198983120142483
                       36        60.39754337101198        16.54728684043633        5453.770871071335        100.0000138695143      -0.0119898481355829
                       37        56.84000848674009        19.97535811148558         5453.77083146127        100.0000135489557     -0.01198984511398038
                       38        55.48187715210439        19.44726413261366        5453.770791050746        100.0000132238036      -0.0119898348198495
                       39        61.65768481482959        17.51629376000431         5453.77075030493        100.0000128961944      -0.0119898379665293
                       40        55.61998727613508        19.68395341536107        5453.770710094875         100.000012572122     -0.01198984105934431
                       41        59.25759682092226        18.34661306586789        5453.770670131034        100.0000122492127     -0.01198985469746416
                       42        59.00890774755415         19.7519152621346        5453.770629450469        100.0000119222512     -0.01198985295142285
                       43        56.77496441734735        21.43959215463394        5453.770589689291        100.0000116010688     -0.01198984731895525
                       44        61.08521608329715         16.8158880403268        5453.770548441937        100.0000112704783     -0.01198985277434894
                       45        54.54165680310805        20.96816476297851        5453.770508239761        100.0000109468836     -0.01198984754794641
                       46         60.1535542947193        20.21670121929681        5453.770467875639        100.0000106216182     -0.01198984023538863
                       47        57.70615010845852        19.70103588886453        5453.770427257999        100.0000102950589     -0.01198984433424144
                       48        56.89002156244889        19.61489041005459           5453.770387221        100.0000099716228     -0.01198984386163282
                       49        55.32527645320215        20.17046459828618        5453.770346683918        100.0000096455453     -0.01198985139171027
                       50        58.71022569625005        18.67475050703868        5453.770306394521        100.0000093209831     -0.01198985393240815
                       51        57.10564705689296        17.45100707083864        5453.770267269559         100.000009003403      -0.0119898418955402
                       52        55.20649240750264        18.38847749217301        5453.770227359651        100.0000086811584      -0.0119898517575765
                       53        55.56172153321366         20.7362662673727        5453.770187352403         100.000008358724     -0.01198985608489966
                       54        62.24564858199879        17.13126115521188        5453.770146849406        100.0000080325176     -0.01198985510713513
                       55        59.41919600741348        16.25273835754416        5453.770107645907        100.0000077145482     -0.01198986678406033
                       56        56.55063886223895        21.20195655808011        5453.770067469534        100.0000073911138     -0.01198987603730028
                       57        54.86683171831861        22.22836692360605        5453.770026975862        100.0000070655754     -0.01198988162445014
                       58        59.46230027035424        19.78060110526233        5453.769987476317        100.0000067454668     -0.01198987422963826
                       59        57.96240065110091        18.50521561279601        5453.769947197792        100.0000064209181     -0.01198988384253896
                       60        56.79348932816946        18.62233403516633        5453.769907176919        100.0000060979044     -0.01198989939406037
                       61        58.00003918202985        18.39258464559313        5453.769867400481        100.0000057766805     -0.01198989505059017
                       62         59.1024945199824        19.11660237549494        5453.769826730244        100.0000054498542     -0.01198989533530304
                       63        56.39333792481184        19.76506173022053        5453.769787016947        100.0000051287859     -0.01198988740372364
                       64        56.56913872988542        20.64581401096403        5453.769746583306        100.0000048036556     -0.01198987808231333
                       65          62.697281570523          17.614684583554        5453.769705310923        100.0000044725377     -0.01198987311040733
                       66        56.46119044627032        19.50590161817135        5453.769665755804         100.000004152524      -0.0119898586565661
                       67        55.20161876515984        20.39760423420574        5453.769626474641        100.0000038338311     -0.01198986237512356
                       68        56.46472367398359        20.33670236732814        5453.769586144142        100.0000035089404     -0.01198985976686284
                       69        58.23837638539748        19.87236915016834        5453.769546628819        100.0000031890328     -0.01198985852642487
                       70         62.4491071259796        15.97091975277149        5453.769505851802        100.0000028611732     -0.01198985683213039
                       71        60.13404043923054        17.69667807607473        5453.769465263444        100.0000025345517     -0.01198984900628997
                       72        61.57192496784263         16.4468256829745        5453.769424422348        100.0000022067089     -0.01198985976101508
                       73        57.90863871557507         21.1582212156214        5453.769384965893        100.0000018870987     -0.01198985197316382
                       74        59.76467694810397        19.04604890967322        5453.769344492648        100.0000015613272     -0.01198984744416665
                       75        62.54032323175051        17.12826437848382        5453.769303509951        100.0000012323695     -0.01198984873591513
                       76        56.36200245471898        20.94740626670229        5453.769263974737        100.0000009125624     -0.01198985379820794
                       77        54.22344814405744        20.64206271213872        5453.769224393145         100.000000592224     -0.01198983745098481
                       78        56.63174297511426        18.61353164702619          5453.7691851788        100.0000002740412     -0.01198983494729866
                       79        53.74514497492283        20.47400810407206        5453.769145997378        99.99999995615251     -0.01198984754971666
                       80        62.82087701088051        16.34930393715386        5453.769105875204         99.9999996321658     -0.01198984779384715
                       81         57.3995413597931        21.19340823406506        5453.769065277524        99.99999930564897     -0.01198984397136726
                       82        61.00371168533697        17.66895245366153        5453.769025529076        99.99999898426681     -0.01198984876891895
                       83        55.82888465885087        19.39893281451688        5453.768985550086        99.99999866173579     -0.01198985985893319
                       84        57.99984604911599        18.51562160356971        5453.768945765742           99.99999833999     -0.01198985424585608
                       85        60.18683172843725        16.93675559979333        5453.768904942865        99.99999801209955     -0.01198985558482368
                       86        57.60250878845914        21.24037311977327        5453.768863361226        99.99999767976307     -0.01198984516811308
                       87         60.5426847103445        17.68160386146728        5453.768822883771        99.99999735397117     -0.01198985710619027
                       88        50.94551261722941        23.21497517351293          5453.7687832958        99.99999703364202     -0.01198984901359501
                       89        52.53088319874266        19.03844866380965        5453.768744258439         99.9999967168265      -0.0119898493491889
                       90        58.56048320242027         20.6477216395491        5453.768703786307        99.99999639099212     -0.01198984464288788
                       91         58.8176863512028        19.84969709693719        5453.768664491738        99.99999607233819     -0.01198984694215355
                       92         56.1665363570969        21.58996086544864        5453.768624802522        99.99999575139846     -0.01198984652158508
                       93        53.78765558739859        20.95078301880643        5453.768585830796        99.99999543512402     -0.01198983636419193
                       94        56.46124208961468        19.55782398533845        5453.768545939465        99.99999511296544     -0.01198983927386266
                       95         59.3114668526235        18.96257585961352        5453.768506119291        99.99999479100394     -0.01198983725575431
                       96         60.7180420342774        18.12500174664468        5453.768466113917        99.99999446800295     -0.01198984298653372
                       97        59.16640916791279        19.53682756504962        5453.768424754423        99.99999413716289     -0.01198982101606205
                       98        58.21496864970521        17.69031959077132        5453.768385225357        99.99999381698123     -0.01198983113476604
                       99        58.03524800541883        16.61136532386688         5453.76834554194        99.99999349608045     -0.01198983256012021
                      100        55.87412377182831        18.83714873301263        5453.768305580989         99.9999931736016     -0.01198984009538151
                      101        63.07946596902413        17.20597930755696        5453.768264012297        99.99999284064856     -0.01198983792116515
                      102        56.05664389773514        18.75322877731718        5453.768223787009        99.99999251640472     -0.01198985953125487
                      103        54.54357477169825        20.07028846470208        5453.768182995275        99.99999218814685     -0.01198984243847079
                      104        53.17588296556283        20.56151889647984        5453.768143105454        99.99999186619475     -0.01198984827654481
                      105        59.63473947462813        19.40554726489372        5453.768102969607        99.99999154257452     -0.01198984731540964
                      106           55.15699024087         19.8746734750333        5453.768062390986        99.99999121675933     -0.01198983116184649
                      107        55.03083464718987        20.34750604605643        5453.768022924945        99.99999089714379     -0.01198983174549895
                      108        59.64324058121674        19.58282283628398        5453.767983499903        99.99999057772054      -0.0119898189253469
                      109        60.59580381571545        17.05552731599666        5453.767943502638        99.99999025479545      -0.0119898132050511
                      110        56.61296626503054        21.24518254820454        5453.767903677159        99.99998993307318     -0.01198980812223205
                      111        59.58683669614596        18.35703032457106        5453.767863366711        99.99998960832365     -0.01198980239595171
                      112        58.41756250177495         17.6683105625159        5453.767822628488         99.9999892807996     -0.01198980814949646
                      113        56.74976752182196        18.62079164516664        5453.767781965475        99.99998895393055     -0.01198980596570864
                      114        58.86686798897563        18.94084640754093        5453.767741176834        99.99998862599013     -0.01198980711869746
                      115        58.36254395039857        20.23090802952327         5453.76770124979        99.99998830326223     -0.01198982009717131
                      116        55.45364855619975        21.99492089573725        5453.767659641496        99.99998797117715     -0.01198980779981085
                      117        59.50951619376767        17.54466617639297        5453.767619824504        99.99998764942583     -0.01198981687338918
                      118        55.65707664267575        20.30471212674295        5453.767580193038        99.99998732923642     -0.01198981625367246
                      119        56.66433043509654        19.45490070978332        5453.767540727958        99.99998700948262      -0.0119898141567254
                      120        55.15762901999867        18.96494311685209         5453.76750141663        99.99998669061516     -0.01198982504082347
                      121        60.43910188173314        18.93894417493947         5453.76746132699        99.99998636673101     -0.01198982748826793
                      122        58.08422477480122        17.15940729974949        5453.767421622778        99.99998604596868     -0.01198982508187019
                      123        58.43268600569628        20.64718549909941        5453.767381686842         99.9999857230676     -0.01198981946684619
                      124        54.53854090488035         20.4167438745748        5453.767342387026        99.99998540458489     -0.01198982205492893
                      125         57.3314974243233        19.78950983323491        5453.767302007393        99.99998507903659     -0.01198982739985155
                      126        48.75957283296007        22.96740816521197         5453.76726218432        99.99998475780586     -0.01198980980562858
                      127        58.42783570896066        20.49020616233146        5453.767221590721        99.99998443126186     -0.01198979856728943
                      128        56.48784501269056         19.7296091261873        5453.767181701209         99.9999841091575     -0.01198980043599818
                      129        59.01138442928108        18.11317380046855        5453.767141690558        99.99998378578049     -0.01198979813066492
                      130        55.62729026498332        22.39056771286806        5453.767100169007        99.99998345409826     -0.01198979761260244
                      131        53.48510692694265        21.25017578208449        5453.767060813771        99.99998313522009      -0.0119898004534269
                      132        50.47551091016123        21.21145103393184        5453.767019434218        99.99998280474034     -0.01198982941556848
                      133        61.38608196045035        17.19423078868529        5453.766978689213        99.99998247695568     -0.01198983462328629
                      134        59.72517636487822        18.71866812030351        5453.766938824029         99.9999821546925     -0.01198984257251556
                      135        55.93273690281257        20.17497050751998        5453.766897986337        99.99998182713628      -0.0119898549302544
                      136        61.89084438576579        16.58116588315192        5453.766857037869        99.99998149830287     -0.01198985858703994
                      137        58.05695860040549        17.35200610505175        5453.766816620962        99.99998117279637     -0.01198985338259817
                      138        54.70198350446629        21.68246891032189        5453.766777370693        99.99998085452491     -0.01198986662199442
                      139        60.37683415448355        18.45101322204921        5453.766737130857        99.99998053008386     -0.01198988379781341
                      140        53.65967115656213         21.6302560962162        5453.766696778278        99.99998020562892     -0.01198988584946958
                      141        56.46098374339461        19.24188200222524        5453.766656726277        99.99997988292915     -0.01198987882728275
                      142        55.70544632099615        21.71395102578459        5453.766616618015        99.99997955975975     -0.01198990082259321
                      143        57.38750158601998        18.64737595988379        5453.766577476157        99.99997924209234     -0.01198990066994332
                      144        56.95863001439917        19.16430850154206        5453.766536973427        99.99997891610646     -0.01198989921760862
                      145        53.96698008937155        22.60635068551882        5453.766497991885        99.99997859962191     -0.01198990799686195
                      146        58.38968974597538        19.13218387073177        5453.766456755333         99.9999782696342     -0.01198991486504397
                      147        55.00349638517108        21.16723066776404        5453.766416782912        99.99997794709556     -0.01198992271928079
                      148        57.00967709760039        21.68135642207602        5453.766376281972        99.99997762144487     -0.01198992828069656
                      149        53.55374428345263        20.37125735755652        5453.766336746849        99.99997730131285     -0.01198992974891677
                      150        56.62784648151778        19.44874062516224        5453.766296958069        99.99997697995875     -0.01198993765018663
                      151        62.53966139636233        19.49283875009738        5453.766256827404        99.99997665624915     -0.01198994158758304
                      152        60.83161408988127        18.99705102629584        5453.766216464341        99.99997633085449     -0.01198994106346696
                      153        59.06420833746211        18.77080779309102        5453.766176354723        99.99997600696432     -0.01198994335077774
                      154        59.75548386714528        17.60940688106243        5453.766135929239        99.99997568166687     -0.01198994457763192
                      155        57.41046728342723        19.39366339782672        5453.766094140092           99.99997534852     -0.01198995629865873
                      156         59.3518264361561        18.18757347630437        5453.766053498577        99.99997502150453     -0.01198994170705081
                      157        60.39291475466874        18.88560743834543        5453.766012715464        99.99997469383544     -0.01198994065089698
                      158        56.87317552323946        18.52300893456126        5453.765973257148        99.99997437460105     -0.01198993629413092
                      159        57.06020600934279         19.3493438045132        5453.765932063471        99.99997404445092     -0.01198994740711257
                      160        59.42047960755539        16.77554514946371        5453.765891898326        99.99997372034886     -0.01198996254383866
                      161        59.81782613812458        17.88263486682051        5453.765851987242        99.99997339765859     -0.01198997266406154
                      162        54.63655795173794        22.19105986773268        5453.765812703104         99.9999730790484     -0.01198996303199396
                      163        55.86648841461929        21.17664185417209        5453.765772470502        99.99997275512476     -0.01198996796261476
                      164        54.67205567830732        20.10388997868434        5453.765732410819        99.99997243225373     -0.01198997297897009
                      165        59.24159477892709        17.62546423309257        5453.765692086849         99.9999721074591     -0.01198997711981953
                      166        59.78860259488637        18.03995826877521        5453.765651685805        99.99997178201639     -0.01198998120873185
                      167         52.2887208206887        21.78280758152279        5453.765611440685        99.99997145787717     -0.01198997377111222
                      168        58.11463452850847         18.7832105663987        5453.765571058125        99.99997113267932     -0.01198997700051407
                      169        55.97109432031727         20.4106372388757        5453.765530110125        99.99997080395225     -0.01198997158727089
                      170        60.39718720865005        19.33960079870225         5453.76549032305        99.99997048210335     -0.01198996720721279
                      171        55.32961308250646        19.02740703734412        5453.765450604415        99.99997016070543     -0.01198997613594965
                      172        58.10761857792842        17.23197193751678        5453.765410722735        99.99996983893188     -0.01198996906796879
                      173        61.08911864172305        17.60021896102905        5453.765370418242        99.99996951387695     -0.01198997689832804
                      174        57.88097885144983         19.7086668007073        5453.765330445045        99.99996919096175     -0.01198996880201975
                      175        59.52134550754921        18.71164802175059        5453.765289940966        99.99996886507529     -0.01198997650055755
                      176        61.14419934104677        17.44177623433126        5453.765250097158        99.99996854241287     -0.01198997536496638
                      177        57.03514381951167        18.62389371597778        5453.765210377732        99.99996822108955     -0.01198997411572944
                      178        56.90897144155106         21.4314515037896        5453.765169418088        99.99996789287344     -0.01198998511117244
                      179        57.67181090085058         19.9787399853443        5453.765129085078        99.99996756844924     -0.01198998423830933
                      180        56.70268949795554         18.8368353711454        5453.765089043905        99.99996724534624     -0.01198999679473012
                      181        55.22883480762928        20.82686479381142        5453.765049134348        99.99996692325213      -0.0119899999549995
                      182        58.94570897785176        17.31088411946766        5453.765009048315        99.99996659966065       -0.011990000728205
                      183        56.63670161420554        18.72734218005096        5453.764969279322        99.99996627818813     -0.01198999478918061
                      184        59.84559869357494        18.38236453072629        5453.764929610114        99.99996595735671     -0.01198998540353458
                      185        59.68009410118005        18.90837173054795        5453.764889326636        99.99996563265213     -0.01198999373309406
                      186        60.16033974215046        18.02622858811051        5453.764849026141        99.99996530835146     -0.01198999959893443
                      187        63.51109595998173        14.43120495730023        5453.764808519298        99.99996498184788     -0.01198999503626119
                      188        58.70393643192357        17.85478234570786        5453.764768158675        99.99996465692043      -0.0119899982557321
                      189        57.21224799958649        18.69282330062907        5453.764727999966        99.99996433313305     -0.01198999202022177
                      190        55.13861286392081        20.06191494826671        5453.764688234719        99.99996401179627      -0.0119899920541231
                      191        59.98215838895849        17.89512724290657        5453.764647335045        99.99996368322611     -0.01198998643109928
                      192         59.3771321487003        16.97577489167162         5453.76460695117        99.99996335777998     -0.01198998700275977
                      193        60.18050840444472        16.47876900341404        5453.764567259915        99.99996303690016     -0.01199000100744296
                      194        59.79075101506334        19.47341790183669        5453.764527168563        99.99996271348761     -0.01198999814732726
                      195        55.73233365547857        18.81113345073119         5453.76448769517        99.99996239425322     -0.01198997478477759
                      196        62.50683262726049        16.60773662411351        5453.764446783237        99.99996206567512     -0.01198998313688548
                      197        59.05689214355642        19.23403392590585        5453.764405974109        99.99996173752091     -0.01198998822247799
                      198        56.88332349946447          18.607683031125        5453.764365948789        99.99996141476258     -0.01198997588898365
                      199        61.45927960913576        20.14491119163788        5453.764324289265        99.99996108140995     -0.01198997311087346
                      200        60.10928521912643        17.16541967073837        5453.764283756503        99.99996075526637     -0.01198996386355944
                      201        60.53880322114465        18.67132142394534        5453.764243591555        99.99996043138273     -0.01198996211169145
                      202        62.00245912212004         16.7679013783071        5453.764202859121        99.99996010387095     -0.01198995884820242
                      203        56.57193668175621        19.46858704235914        5453.764162986142        99.99995978209917     -0.01198996559682897
                      204        59.98120182368174        18.55713618025082        5453.764122723976        99.99995945727835     -0.01198997381505862
                      205        64.40075406643763        15.46774369278529         5453.76408144611        99.99995912653276     -0.01198997166316462
                      206        62.30188418757206        16.12131950341418        5453.764040731041        99.99995879900627     -0.01198998052967748
                      207        57.75977035808638        19.40449514413295        5453.764001287418        99.99995847959983     -0.01198996695669319
                      208        58.95623380524992        18.95852368927804        5453.763960700778        99.99995815297336     -0.01198996870893687
                      209        60.77018695743706        17.98981078294553        5453.763920102797        99.99995782629532     -0.01198997998336937
                      210         59.9887852135504        18.82986591441549        5453.763878596062        99.99995749484813     -0.01198997676572766
                      211        55.16460042452811        18.53959475821534        5453.763838894537        99.99995717395939     -0.01198996247737405
                      212        59.39028332323688        19.97001288896561        5453.763798764532        99.99995685047075     -0.01198996580462719
                      213        60.84050105064049        17.49789287432515        5453.763758148618        99.99995652411728     -0.01198995828987637
                      214        59.28202626199229        17.98914147560237        5453.763717578121        99.99995619759842     -0.01198995342733289
                      215        54.93821325380839        20.63892451617606        5453.763677487354        99.99995587469711     -0.01198995317875928
                      216         58.2878688276943        18.74952503757523        5453.763636803249        99.99995554787185     -0.01198995421697102
                      217        59.28018378035553        19.65229223312243        5453.763594976465        99.99995521427707     -0.01198995211964426
                      218        60.79779754935397         17.1560514841715         5453.76355503268        99.99995489120077     -0.01198994738157477
                      219        58.87463969268717        18.05691839679908        5453.763514868017         99.9999545673511     -0.01198995506961698
                      220        58.51894633539919        19.40338382484823        5453.763474820942        99.99995424440348     -0.01198995134314096
                      221        56.53777117017465        20.81522623724085         5453.76343439289        99.99995391912019     -0.01198995882204557
                      222        56.35726761951213        18.52740137288226         5453.76339508133        99.99995360076856     -0.01198995589589846
                      223        57.47525150580457        19.75915708177529        5453.763354176015        99.99995327227015     -0.01198995353514398
                      224        60.43775103929156        17.85004982121664        5453.763313846078        99.99995294715406     -0.01198994674876941
                      225        58.21829887655842        18.86819698185884        5453.763273933159        99.99995262493616     -0.01198994826730848
                      226         59.3508444118339        17.43153367031831        5453.763233570488         99.9999523000559     -0.01198995750500176
                      227         58.8299691446807        19.55007681803005        5453.763193902157        99.99995197951118     -0.01198994984530444
                      228        57.48786941477053        19.94929183539244        5453.763154016029         99.9999516573095     -0.01198995508759637
                      229        56.51569434349047        19.58268226898759        5453.763114220421        99.99995133594518      -0.0119899509334499
                      230        60.24123930802529        18.33980678624295        5453.763072950974        99.99995100534794     -0.01198996200532676
                      231        53.37202828490464        21.25325044677642        5453.763032988907        99.99995068288541     -0.01198997171836869
                      232        62.81768916788603        17.02803465192792        5453.762991784886        99.99995035270545     -0.01198997564956228
                      233        54.48939164805847        19.76221036582537        5453.762951816487        99.99995003037449     -0.01198997737377683
                      234        55.95296946061375         20.8318842581865        5453.762911218168        99.99994970431138     -0.01198997773475696
                      235        55.87349198064999        21.23913682189417        5453.762871479672        99.99994938354179     -0.01198997154803161
                      236        57.77905208943234        19.41985109795231        5453.762830418073        99.99994905450286     -0.01198996262603347
                      237        59.34520926794887        18.70438488766478        5453.762790294442        99.99994873093682     -0.01198996461111701
                      238        57.97833766659555        20.03872716508536        5453.762749832184         99.9999484052607     -0.01198997295825954
                      239         60.6761295717112        17.87261196334474        5453.762709355442        99.99994807926247     -0.01198997816374936
                      240        55.43939953442535        19.23839534822378        5453.762669682775        99.99994775846741     -0.01198998394764494
                      241        59.13044280077436        18.03904351750482        5453.762630399172        99.99994743986576     -0.01198997948382718
                      242        53.54143177687871        22.08499692657943        5453.762590341044        99.99994711716573     -0.01198998006660457
                      243        58.85845243087054        18.39927736930882         5453.76255011421         99.9999467927227     -0.01198997945517455
                      244         55.5537316161598        20.34179528707995        5453.762510676047        99.99994647322569     -0.01198997633866661
                      245        59.19784899271339         18.1822358277466        5453.762470536377        99.99994614909676       -0.011989983673244
                      246        60.93327043908869        18.92862422089986        5453.762429747399        99.99994582110781     -0.01198998036521104
                      247          55.910337187412        20.43649829736851        5453.762390834912        99.99994550489205     -0.01198998400890861
                      248        58.35898497083048        20.59429470688027        5453.762350031298        99.99994517717784     -0.01198998657881667
                      249        56.34232789416615        19.24106560561758        5453.762310509503        99.99994485716854     -0.01198998712406496
                      250        54.60498825290464        22.09945284840327        5453.762270358735        99.99994453366574     -0.01198999020915892
                      251        57.99982129741129        17.87268557318156        5453.762230495915        99.99994421176117     -0.01198997849448613
                      252        57.40961657221307        21.35868466500661        5453.762189795161        99.99994388442389     -0.01198996965634525
                      253        57.61029194250412        19.75791482132578        5453.762149227332        99.99994355842028     -0.01198996651521078
                      254         58.9501953244559        18.80227742293769        5453.762109850144        99.99994323926306     -0.01198995606091335
                      255        56.47996668353626        20.16181952648869        5453.762069196465        99.99994291247299     -0.01198995612283849
                      256        58.59914865691584        19.96880811934088        5453.762029229201        99.99994258938611     -0.01198994550825505
                      257        55.50508771961807        20.15831148575538        5453.761989302316        99.99994226698632     -0.01198995296176264
                      258        53.91633017115554        20.90784181291537         5453.76194874763        99.99994194096473     -0.01198996521180029
                      259        58.53873299597048        19.13297162840394        5453.761908505602        99.99994161652513     -0.01198996084468718
                      260        60.72347857659694        20.38101234131848        5453.761867095888        99.99994128517378     -0.01198996202248859
                      261        55.49698090895693        19.39921682558824        5453.761827956424        99.99994096771874     -0.01198996580898326
                      262         60.3817675613691        16.67851155704144        5453.761787871362        99.99994064432029     -0.01198995568890515
                      263        58.42665453156995        19.58344423344553        5453.761747764194         99.9999403208484     -0.01198996303651967
                      264        58.59254094409321        19.17858815568517        5453.761707233991        99.99993999461525     -0.01198997302700144
                      265        56.49346485561891        19.93914940913035        5453.761666399367        99.99993966680378     -0.01198996784415129
                      266        58.35930230092167        19.25961710471835        5453.761626244617        99.99993934288899     -0.01198996356799853
                      267        55.15156583525358        20.65933377087111        5453.761586408679        99.99993902137672     -0.01198996356111692
                      268        62.77465896115803        16.12342801098119         5453.76154528549        99.99993869127832      -0.0119899600315172
                      269        57.81687746643018        20.32654616027393        5453.761504419272        99.99993836268064     -0.01198996302320232
                      270        59.09860310726248        17.92997622249629        5453.761463945138        99.99993803681966     -0.01198995926809054
                      271         56.7925325964268        19.56843819586268        5453.761424601184        99.99993771774751     -0.01198996332453284
                      272        53.40396581799023        20.22781264295907        5453.761384189187        99.99993739266408     -0.01198996621218895
                      273        54.11164156909118        20.72338563136734        5453.761344184553        99.99993707004887     -0.01198995663512736
                      274        56.28751703432228        20.74743302031878        5453.761303944789        99.99993674573535     -0.01198996133898822
                      275        57.24369528245941        19.56295842796089        5453.761264165809        99.99993642433503     -0.01198995989187512
                      276        59.08125151524573        17.73149950279515        5453.761222602548        99.99993609163337     -0.01198994770975004
                      277         56.4968283772653        20.28038859835723        5453.761182431103        99.99993576792508     -0.01198994421737276
                      278        54.69033089803247        18.52935949036624        5453.761142885532        99.99993544768883     -0.01198993581291363
                      279        60.09191285164132         19.1707247150929        5453.761102550242        99.99993512277099     -0.01198991622834633
                      280        61.13822982591316        17.94005246496152        5453.761062035202        99.99993479674096     -0.01198992091839912
                      281         55.4640451118816        18.88019723105875        5453.761022805126        99.99993447881461     -0.01198991600710553
                      282        60.50043839504346        17.21208707221953        5453.760982879746        99.99993415641219     -0.01198991294348595
                      283        57.65311203200901        19.58493923549005        5453.760941847853        99.99993382765172     -0.01198991349351264
                      284        59.34499159522844        18.99693049658054        5453.760901375033        99.99993350197651     -0.01198990835627556
                      285        60.44766661672607        20.18740626549605        5453.760860630826        99.99993317421233     -0.01198990576588588
                      286        55.69897792050828        20.78660614026738         5453.76082065957        99.99993285175898     -0.01198988759701392
                      287        60.38660512319582        17.40316662262058        5453.760780340979        99.99993252664328      -0.0119898897319537
                      288        59.21893080082945        18.96087950660615        5453.760740663381        99.99993220559189     -0.01198989513053506
                      289        58.54580953750722        17.88312614868988        5453.760700381888        99.99993188080869     -0.01198988594007178
                      290        57.09666097643025        18.93480460052042        5453.760659713227        99.99993155382012     -0.01198986906824961
                      291        58.75637241713893        19.24326013015903        5453.760619481008        99.99993122973925     -0.01198986407413383
                      292        60.28081443891296        17.98779673289213        5453.760579711056        99.99993090820173     -0.01198985916551898
                      293        55.37076131465858        21.38354281342886        5453.760538652546        99.99993057928985     -0.01198984148882243
                      294        55.71997932221733        21.08787607265868        5453.760499336244        99.99993026057375     -0.01198983932504039
                      295        58.56670988584466        17.99807852525898        5453.760459390442        99.99992993798945     -0.01198984732463648
                      296        58.36656132532177        18.01594599974309        5453.760418302703        99.99992960853695     -0.01198984722223484
                      297        54.93271235076894        20.32701541914349        5453.760378205334        99.99992928539992     -0.01198984867608921
                      298        60.30522646110811        16.53832235833735        5453.760338107892        99.99992896204147     -0.01198984641469547
                      299        54.69290929319667        19.23298645720994        5453.760298789218        99.99992864361479     -0.01198984861267816
                      300        58.03259197291188        18.90571631869826        5453.760258337022        99.99992831798419     -0.01198984757956589
                      301        57.54034152534783        18.99607293822638        5453.760218323881        99.99992799522934     -0.01198984856329588
                      302        55.13346340804626        19.25098063287727        5453.760178051643        99.99992767136915     -0.01198986061833285
                      303        55.25430243881325        18.56008853784375        5453.760138219661        99.99992734982918     -0.01198986356592258
                      304        59.86711791032835        19.35495643656608        5453.760096993105         99.9999270192542     -0.01198985196327396
                      305         57.2969663500289        21.77947395527739        5453.760056268305        99.99992669203229      -0.0119898454267986
                      306        56.40523469065467         18.2551273872049         5453.76001641218        99.99992637004797     -0.01198984643431245
                      307        58.72226420575938        20.15757059313744        5453.759976681281        99.99992604922517     -0.01198984171633199
                      308        57.43112946472633        17.83466076538573        5453.759936285228         99.9999257241606     -0.01198985502450856
                      309        57.39735256869958        18.44139974325479        5453.759896555461        99.99992540347191     -0.01198985231049488
                      310        59.76156689154788        19.38477698374514        5453.759855817984        99.99992507605758     -0.01198984618644561
                      311        54.39561088370441         22.0019707355701        5453.759815939445        99.99992475394826     -0.01198984064959152
                      312         64.9033740921857        15.12383670435392        5453.759775566162        99.99992442842483     -0.01198984377421652
                      313        60.79353651587247        17.88061920581599        5453.759734778814        99.99992410043338     -0.01198983895157646
                      314        58.87666313177058        18.84402444260467        5453.759694674523        99.99992377702939     -0.01198985193264601
                      315        62.03854977003272        17.80468979584626        5453.759654277221        99.99992345136835     -0.01198984713830331
                      316        57.23462314344838        17.75375112922491        5453.759613298087        99.99992312277318     -0.01198986266703772
                      317        54.90202305169005        19.21343273429487        5453.759573617131        99.99992280208811      -0.0119898751386831
                      318        56.44869714210247        20.04040558859438        5453.759532706772        99.99992247403006     -0.01198986646705258
                      319        56.77316489084841        16.88239733392871        5453.759492144855         99.9999221471332     -0.01198985228744509
                      320         56.7782421131469        19.61395408436423        5453.759453235589        99.99992183116954     -0.01198984911598799
                      321        54.64104125403865        20.54416963523908        5453.759413651273        99.99992151127022     -0.01198985288687915
                      322        52.49852190303535        23.98208535900725        5453.759372894216          99.999921184741     -0.01198984272231751
                      323        53.04145382139905        20.78008085088361        5453.759333539555        99.99992086595702     -0.01198984807350101
                      324        57.71195781225653        19.14599067999523         5453.75929285823         99.9999205393319     -0.01198985458007407
                      325         54.5488150608742        20.66651572714395        5453.759252517386        99.99992021453056     -0.01198985282377496
                      326        55.78516026448634        19.49229728424614        5453.759213156446        99.99991989567143     -0.01198986527136037
                      327        59.84150892766935        18.09431604193128        5453.759173270786        99.99991957317405     -0.01198987175363264
                      328        60.89137697924182        18.39255951903405        5453.759133237936         99.9999192498195     -0.01198987177289723
                      329        55.74883405962814        21.50878894863211        5453.759093369041        99.99991892801646     -0.01198987832103038
                      330        55.62467023781411        20.54548017472943        5453.759053296659        99.99991860496637     -0.01198989002546558
                      331        57.68994500862766        18.81360361572296        5453.759013905137        99.99991828544246     -0.01198989052574229
                      332        57.83257688360397         20.0529249853885        5453.758973580356         99.9999179605943     -0.01198987814412389
                      333        57.33722255419264        19.90942585920174        5453.758933495674        99.99991763738683     -0.01198987609763869
                      334        55.44950503542722        20.52396750920949        5453.758893598433        99.99991731512098     -0.01198986983756622
                      335        53.19190938205154        18.49451035839087        5453.758855057317        99.99991700142208     -0.01198986494748233
                      336        56.50286255543892        19.66535033177742        5453.758815555831        99.99991668122775     -0.01198986127980817
                      337        56.56356865717877        19.89445875146463        5453.758775637052        99.99991635901226     -0.01198986992190765
                      338        57.53296916636172        20.31739180374385        5453.758735413998         99.9999160346328     -0.01198987358087855
                      339        58.42758512227451        18.12802433824224        5453.758695749945        99.99991571366701     -0.01198987502033355
                      340        58.11078207374378        19.42668745718368        5453.758655619818        99.99991539028041     -0.01198987625743264
                      341         57.3208454217388        20.84932471806359        5453.758614872688        99.99991506310884     -0.01198987484823721
                      342        55.55511269974097        18.09569394034622        5453.758574983334          99.999914740585     -0.01198988389513467
                      343        56.16076851057777        19.97395846799162        5453.758534856106        99.99991441741311     -0.01198987878612678
                      344        56.77319576165048        19.11110460059472        5453.758494900501        99.99991409493002     -0.01198987380078231
                      345        59.35946110505412         19.4022374269809         5453.75845463756        99.99991377022454     -0.01198987858955913
                      346        60.34785572875243        19.60312696871582        5453.758414329011        99.99991344550486     -0.01198986361899523
                      347        56.11604251708106        20.03662743090168        5453.758373336559        99.99991311706333     -0.01198985533508257
                      348        58.34004317471118        19.83265317963063        5453.758333283235        99.99991279417191     -0.01198985696438903
                      349        57.97011288182737        19.70419208458275        5453.758293767007        99.99991247395357     -0.01198985998815116
                      350        56.00416623267613        20.56405186256708        5453.758254094478        99.99991215295704     -0.01198986024295667
                      351        59.56013440995545        18.83396755710699        5453.758213458841        99.99991182634305     -0.01198986544731362
                      352         58.0577735406641        19.52785553530644        5453.758172652432        99.99991149848645     -0.01198986266749369
                      353        55.42704807991738        19.79542909771713        5453.758132665136        99.99991117561903     -0.01198985487560478
                      354        56.70386191662084        19.65293490660121        5453.758092918296        99.99991085445129      -0.0119898503351008
                      355        59.38220430478727        17.45557109872802        5453.758052603272        99.99991052979428      -0.0119898608115756
                      356        55.76392928818088        19.53228076846625        5453.758012370222         99.9999102059142     -0.01198985667256514
                      357        55.11760109494924        20.53084518097699        5453.757972849614        99.99990988649799     -0.01198986560751791
                      358        55.42282770449613        21.75169225930864         5453.75793292977        99.99990956424651     -0.01198986510917877
                      359        59.03564297702589        18.44122225788912        5453.757892195136         99.9999092373925     -0.01198985952657816
                      360        56.67574328599014        20.21712393461828        5453.757853037733        99.99990891950401     -0.01198985280657427
                      361        57.63626833421774        19.21201032416613        5453.757812099743        99.99990859121137     -0.01198986312748218
                      362        56.82990635799839        18.84087048236744        5453.757771465482        99.99990826499854     -0.01198987176881661
                      363        57.71427765341492        18.67846648244342        5453.757731210309        99.99990794023418     -0.01198986496016108
                      364        54.11514525424754        21.28358161861099        5453.757692724676        99.99990762662893     -0.01198987401949347
                      365        57.28172699170516         19.7733608710631        5453.757652677548        99.99990730364344      -0.0119898670503602
                      366        58.93917918704057        17.49769121233621        5453.757611992831        99.99990697678248     -0.01198986652437317
                      367        57.06012894065532        19.64755186463349        5453.757571227769        99.99990664946395     -0.01198986058753704
                      368        56.55411955662411        18.81404556998096        5453.757531189617        99.99990632653585      -0.0119898491499244
                      369        58.34463080577039        19.22867114993158        5453.757490244092         99.9999059977452     -0.01198984122063429
                      370         59.0231427487811        19.02801667868092        5453.757448861032        99.99990566691659     -0.01198985323255641
                      371        59.49443376806563        19.77342587480096         5453.75740865855        99.99990534254771     -0.01198985066063507
                      372         56.9843253660724        19.82206797162215        5453.757368050287        99.99990501594387     -0.01198985638033179
                      373        57.27307510214218        19.50139785747204        5453.757327707238        99.99990469114951     -0.01198988266889289
                      374        53.48230678196219        20.13406345505864        5453.757288142406        99.99990437109112     -0.01198988340612583
                      375        60.77747566632495        20.16182194442577         5453.75724781476        99.99990404581118     -0.01198988421021241
                      376        58.33948647331972        17.98201737906452         5453.75720744608        99.99990372057835     -0.01198989049026267
                      377        62.75044749679088        16.37112836747782         5453.75716725144        99.99990339574343     -0.01198987959701192
                      378        55.72933217116945        20.83317878991438        5453.757127459398        99.99990307447912     -0.01198988514655459
                      379        58.44418678521824        19.20354947552628        5453.757087276572        99.99990275058967     -0.01198988018794989
                      380         59.1693073314168        18.96267921363519        5453.757047494689        99.99990242898234     -0.01198988077063845
                      381        60.04924341567287        18.70779297822431        5453.757006865161        99.99990210225415     -0.01198987360975234
                      382        58.86903335536537        18.96539342639961        5453.756966908129        99.99990177972994     -0.01198987745149527
                      383        61.34880524609991        17.12117437323376        5453.756926991142        99.99990145690693      -0.0119898683920816
                      384        58.01067081562127        19.86840038058593        5453.756887486694        99.99990113678541     -0.01198987065936974
                      385        58.67832891957823        19.13377260881379        5453.756846236841        99.99990080652613      -0.0119898704091721
                      386        56.05640618006393        19.95330035277795        5453.756806096286        99.99990048302381     -0.01198987422061748
                      387        55.70256073341164        20.30108820315863        5453.756765605059        99.99990015753311     -0.01198987141737851
                      388         58.9530455763524        19.01966731272601         5453.75672516209        99.99989983179945     -0.01198987379185468
                      389        58.76537114039118        19.22793796220876        5453.756685357938        99.99989950973642     -0.01198986950995773
                      390        54.39067593480299        22.95795153781393        5453.756644647893        99.99989918326374     -0.01198986311733474
                      391        56.77496836720737        20.46065721573039        5453.756604366639        99.99989885851038     -0.01198985937934482
                      392        53.55086340628041        22.38143741631652        5453.756564673483        99.99989853785878     -0.01198986815993974
                      393        59.66338553088809        18.82297797128853        5453.756524181584        99.99989821220599     -0.01198986574056704
                      394        59.09298487265085        19.10731244118166        5453.756483823874        99.99989788706601     -0.01198987158391951
                      395        57.79509580421769        17.97609402470234        5453.756443600271        99.99989756253606     -0.01198986946454417
                      396         56.0266784825702        18.88094983011484        5453.756404433218        99.99989724472394     -0.01198986776161703
                      397        59.02628929728967        20.92481454205785        5453.756364405865        99.99989692175875     -0.01198987482166913
                      398        56.14720315694636        20.85488668352704        5453.756324368083        99.99989659884493     -0.01198986998293092
                      399        56.90021707238964        22.11156491280968         5453.75628513528        99.99989628041264     -0.01198986779999789
                      400        61.63662925909164        18.03818534513929        5453.756244758559        99.99989595526873     -0.01198987269538687
                      401        59.17892219234637        17.90429786099088        5453.756204275953        99.99989562938343     -0.01198987744841418
                      402        56.34523347539833        18.71720741835797        5453.756164864656        99.99989531003357     -0.01198987527061979
                      403        53.63362757202283        20.97430335031556        5453.756124847646        99.99989498762896     -0.01198987954473196
                      404        54.10600492376653        20.78552726392832         5453.75608455413        99.99989466303306     -0.01198988744159224
                      405        57.26158161819414        21.72828318361882         5453.75604450535         99.9998943402102     -0.01198988378752863
                      406        54.25646513823255        20.48687951986541        5453.756005221031        99.99989402169355     -0.01198987681734687
                      407         56.0779591936758        20.77871629654774        5453.755965730742        99.99989370223744     -0.01198987916113436
                      408        64.01918639775606        18.24738262507344        5453.755925009791        99.99989337474339     -0.01198988417050306
                      409        57.05249019565581        18.09590787972119        5453.755885784723        99.99989305666288      -0.0119898726611698
                      410        56.00168906282375        19.43331669628251        5453.755845157121        99.99989273015873     -0.01198987422651598
                      411        58.70944808714403        19.26088962983247        5453.755804628561        99.99989240393369     -0.01198986275894942
                      412        61.31674388591762        19.66164317433697        5453.755763719305        99.99989207563229     -0.01198986675851765
                      413        57.45506857449196        18.04365858105275        5453.755723944239        99.99989175418246     -0.01198985703006983
                      414        55.21529061551281        20.89103851672771        5453.755683726727        99.99989142996567     -0.01198985529020113
                      415        56.58582872348721        20.93364040303967        5453.755643304407        99.99989110432578     -0.01198985932597907
                      416        59.05009397048014        20.41430224840033         5453.75560336228        99.99989078154894     -0.01198986647658984
                      417        55.58491184372753        20.43217204000585        5453.755563376996        99.99989045884962     -0.01198988087852104
                      418        58.72984403676762        17.22604137786669        5453.755523652508        99.99989013728316     -0.01198988823844616
                      419        61.58850256126568        15.96345190182367        5453.755483470486        99.99988981300467     -0.01198988991612882
                      420        56.10218118189234         20.8009852447928        5453.755443969605        99.99988949318353     -0.01198990489453955
                      421        59.94101681210065         18.7797809396219        5453.755404274433        99.99988917182752     -0.01198991229027779
                      422        60.92903698563669        18.35013499897583        5453.755363415553        99.99988884342814     -0.01198991425992668
                      423        56.43608884192027        20.05426485643792        5453.755323087405        99.99988851884652     -0.01198990040244396
                      424        53.21888844644526        21.19315451390013        5453.755283755694        99.99988820030875     -0.01198989468788314
                      425        59.86392187430842        19.01973377141562        5453.755243693575        99.99988787708921     -0.01198989284881335
                      426        56.09964128558143        19.52529162898792        5453.755203958837        99.99988755583402     -0.01198989679251961
                      427        57.71342824853999        19.02708180975638        5453.755163516814        99.99988723032266     -0.01198988896781361
                      428        57.99955698050644        21.34563875723393         5453.75512358294        99.99988690805888     -0.01198987458946332
                      429        58.70818019844307        18.13369487210558        5453.755083493375         99.9998865849448     -0.01198988335768192
                      430        58.42232901599363        19.94118216619628        5453.755043978928        99.99988626524429     -0.01198988754780039
                      431        61.02011347147536        16.32675952012656        5453.755003377018        99.99988593865875     -0.01198989282268492
                      432        60.84799453932892        17.60519014366256        5453.754963104815        99.99988561395429     -0.01198989367483172
                      433        60.19960320206403        18.07561263448097        5453.754922162932        99.99988528529263     -0.01198989559086217
                      434        58.95543872080344         18.2521813321383        5453.754882164239        99.99988496270505     -0.01198989299671815
                      435        60.33094063934871        17.21532436261928        5453.754842701765        99.99988464258837     -0.01198989285387264
                      436        61.85169342260919        16.91531397298991         5453.75480196454         99.9998843152414     -0.01198989162673958
                      437         60.6444335814762        17.59536795033528        5453.754762674353        99.99988399639977     -0.01198989911622839
                      438        53.55465847222744        23.26920710080639         5453.75472311565        99.99988367653253     -0.01198989924787508
                      439         57.4407035983842        19.77595979428994        5453.754683009855        99.99988335299746     -0.01198990023892543
                      440        55.18284807259899        18.71746738760533        5453.754643285217        99.99988303197489     -0.01198989431515596
                      441        60.80891462283771        16.94271389945511        5453.754602308853        99.99988270338497     -0.01198991081179623
                      442        57.35813770829495        19.88584249376756        5453.754562539732        99.99988238173781     -0.01198990911339448
                      443        55.80381461032228        19.85734822015065        5453.754522317195        99.99988205793052     -0.01198988978478699
                      444        56.47947801471859        19.70130151019466        5453.754482180246        99.99988173419872     -0.01198989110646326
                      445        60.90517527229775        21.26800784925136        5453.754442904815         99.9998814160091     -0.01198989448609034
                      446        62.31914896497246        17.75207124099869        5453.754402272301        99.99988108874868     -0.01198989481119739
                      447        56.92458441822767        19.63134187861859        5453.754361116398         99.9998807589859     -0.01198989491149405
                      448        56.84404600431889        20.62044312030176        5453.754321613909        99.99988043897898     -0.01198989250529792
                      449        58.61788831223036        18.70198855233258        5453.754281378404         99.9998801148368     -0.01198988624145114
                      450        58.88240973216877        19.71370272942671        5453.754241093901        99.99987979025722     -0.01198987992437317
                      451        60.17091352182233          18.259031468907        5453.754200034426        99.99987946080425     -0.01198988769882448
                      452        57.02797519701235        19.15126090423594        5453.754159101239        99.99987913265402     -0.01198988768580911
                      453        57.05331272438093        18.20628157831863        5453.754119567526        99.99987881258028     -0.01198989075270274
                      454        56.46680930450569        17.14619555929985        5453.754079040646        99.99987848647866      -0.0119898832880152
                      455        53.86978477626119        21.62406284375026        5453.754038064812        99.99987815815119     -0.01198988761772135
                      456        61.00873650676843        18.22355938897508        5453.753998101002        99.99987783520668     -0.01198989119493721
                      457        60.97061008468658        19.42105875604239        5453.753957689672        99.99987750966697     -0.01198988605279894
                      458        56.42568910981066        19.91415116011066        5453.753917951284        99.99987718831653     -0.01198990013071288
                      459        59.31413855259569        18.94576193441161        5453.753877304322        99.99987686184426     -0.01198990247676956
                      460        57.11625248884823        20.27497173966612        5453.753837051518        99.99987653764586      -0.0119898943260992
                      461        59.92215955137614        18.45440032021173        5453.753796931645          99.999876214357     -0.01198989944363116
                      462        53.25109359478207        20.78384374284547        5453.753758334209        99.99987589987956     -0.01198990851740755
                      463        60.50902135006754        18.45141393786724        5453.753718484164        99.99987557799309     -0.01198990310664882
                      464        60.55694223204252        17.93655869682161        5453.753678504379        99.99987525558416      -0.0119899080089878
                      465         54.1959010139002        19.55722898771454        5453.753639533988        99.99987493940294     -0.01198990661904809
                      466        54.14566411601001        18.68947120728989        5453.753600067699        99.99987461996898     -0.01198991157582097
                      467        63.12440075327148        17.65263008189832        5453.753559043558        99.99987429046698      -0.0119899211523482
                      468        58.67497260997264        19.83326797156081        5453.753518660418        99.99987396525049     -0.01198990189577298
                      469        58.74035918765041        17.79949527988247        5453.753479124913        99.99987364526895     -0.01198990712027737
                      470        58.33450229369308         18.3703226934818        5453.753438471743        99.99987331860868     -0.01198989126492744
                      471         55.7369706790425        19.70078267161944        5453.753397917309        99.99987299262041     -0.01198989717981558
                      472        57.04831587657225        19.17931702097062        5453.753358318655        99.99987267199036     -0.01198990090006147
                      473        55.34782423720676        22.01557801759949        5453.753317867414        99.99987234649082     -0.01198989073062151
                      474        57.78661277190341        18.34808996807717        5453.753278305927        99.99987202610193     -0.01198989670082451
                      475        56.25525312496578        21.17004994968763        5453.753237286036        99.99987169696558     -0.01198989135610851
                      476          53.870530588968        18.85104696957242        5453.753197801499        99.99987137780559     -0.01198988024688674
                      477        58.25227478954459        19.18038453554557        5453.753157918602        99.99987105522698     -0.01198987776104277
                      478        59.63282403694211        18.04231164858708        5453.753116880669        99.99987072608295     -0.01198987992899569
                      479        54.67119072801178        21.19028959938714        5453.753076928109        99.99987040378863     -0.01198986833304438
                      480        57.24083138939837        17.57307630000525        5453.753037026558        99.99987008168122     -0.01198987423408671
                      481        58.98494823163377        18.94833846365755         5453.75299721036         99.9998697598172     -0.01198987454574052
                      482        57.47709115605529        17.90242229363197        5453.752956850077        99.99986943472688     -0.01198987000343332
                      483        60.86428619140919        15.88999057870527         5453.75291638976        99.99986910874941     -0.01198987038885591
                      484        64.73905645734158        16.96672295298115         5453.75287491509        99.99986877654348       -0.011989867834024
                      485        58.67176943627236        17.24903505357693        5453.752833913515        99.99986844759951     -0.01198985960115762
                      486        58.91499476063188         18.0788658589523        5453.752794416854        99.99986812774165      -0.0119898632635993
                      487        58.88742925715169        18.92859711939504        5453.752753809997        99.99986780106819      -0.0119898519104551
                      488        59.89486066746036        19.08929543270751        5453.752713150941        99.99986747399211     -0.01198985182718282
                      489        63.70251774116871        16.07356144575105        5453.752673089522        99.99986715052137     -0.01198985484826576
                      490        60.41093945397449        17.29000138337245        5453.752632076033        99.99986682118403     -0.01198985019766852
                      491        54.37700657394681         20.0086436031319        5453.752592095362        99.99986649897956     -0.01198984556414118
                      492        55.34600780619728         21.6582123671447         5453.75255174202        99.99986617430625     -0.01198983797809205
                      493        55.13227409836747        20.21324334011929        5453.752512473963        99.99986585628923     -0.01198984194282637
                      494         54.8563326259769        19.78708009667032        5453.752472888485        99.99986553579522     -0.01198984259548053
                      495        58.73511277711091        21.81388309536266        5453.752432508897        99.99986521029867     -0.01198984117200297
                      496         57.9430570199619        18.47841124298515        5453.752392741614        99.99986488876961     -0.01198983371266493
                      497         60.5342870832163        18.63134464010447        5453.752351404481         99.9998645576887     -0.01198985089307758
                      498         54.7632942672171         21.0496586249671        5453.752311743948        99.99986423710408     -0.01198983034730272
                      499        59.34894739213163        16.59109045509063        5453.752271504092        99.99986391245905     -0.01198983285192501
                      500        57.10820506554106         19.4855801433461         5453.75223155142        99.99986358952722     -0.01198983239561757

Final average n0: 57.80709929210293
Final fluctuations n0: 19.43260707391105

Averages:
61.25612496615243
58.197904112707
55.87461738197879
59.65748526955583
56.98403577927572
56.98273632027875
62.121078240282
60.12047624514687
59.59186169624725
56.08637492438398
58.732350890105
59.70141130957064
62.08197110452052
58.90624449167371
57.97289268847591
57.30050625060657
54.89292411735619
56.19367063276085
55.81153794881867
57.96404438334163
59.27060657687187
56.4600610971732
57.93755365190849
56.12267461594411
56.62891161558171
54.76233681167519
60.29018037221594
55.18111533091827
54.05501587297843
56.56981472845569
54.67543203428058
62.08848601916894
55.79768643683233
61.64979725429792
55.00042264901588
60.39754337101198
56.84000848674009
55.48187715210439
61.65768481482959
55.61998727613508
59.25759682092226
59.00890774755415
56.77496441734735
61.08521608329715
54.54165680310805
60.1535542947193
57.70615010845852
56.89002156244889
55.32527645320215
58.71022569625005
57.10564705689296
55.20649240750264
55.56172153321366
62.24564858199879
59.41919600741348
56.55063886223895
54.86683171831861
59.46230027035424
57.96240065110091
56.79348932816946
58.00003918202985
59.1024945199824
56.39333792481184
56.56913872988542
62.697281570523
56.46119044627032
55.20161876515984
56.46472367398359
58.23837638539748
62.4491071259796
60.13404043923054
61.57192496784263
57.90863871557507
59.76467694810397
62.54032323175051
56.36200245471898
54.22344814405744
56.63174297511426
53.74514497492283
62.82087701088051
57.3995413597931
61.00371168533697
55.82888465885087
57.99984604911599
60.18683172843725
57.60250878845914
60.5426847103445
50.94551261722941
52.53088319874266
58.56048320242027
58.8176863512028
56.1665363570969
53.78765558739859
56.46124208961468
59.3114668526235
60.7180420342774
59.16640916791279
58.21496864970521
58.03524800541883
55.87412377182831
63.07946596902413
56.05664389773514
54.54357477169825
53.17588296556283
59.63473947462813
55.15699024087
55.03083464718987
59.64324058121674
60.59580381571545
56.61296626503054
59.58683669614596
58.41756250177495
56.74976752182196
58.86686798897563
58.36254395039857
55.45364855619975
59.50951619376767
55.65707664267575
56.66433043509654
55.15762901999867
60.43910188173314
58.08422477480122
58.43268600569628
54.53854090488035
57.3314974243233
48.75957283296007
58.42783570896066
56.48784501269056
59.01138442928108
55.62729026498332
53.48510692694265
50.47551091016123
61.38608196045035
59.72517636487822
55.93273690281257
61.89084438576579
58.05695860040549
54.70198350446629
60.37683415448355
53.65967115656213
56.46098374339461
55.70544632099615
57.38750158601998
56.95863001439917
53.96698008937155
58.38968974597538
55.00349638517108
57.00967709760039
53.55374428345263
56.62784648151778
62.53966139636233
60.83161408988127
59.06420833746211
59.75548386714528
57.41046728342723
59.3518264361561
60.39291475466874
56.87317552323946
57.06020600934279
59.42047960755539
59.81782613812458
54.63655795173794
55.86648841461929
54.67205567830732
59.24159477892709
59.78860259488637
52.2887208206887
58.11463452850847
55.97109432031727
60.39718720865005
55.32961308250646
58.10761857792842
61.08911864172305
57.88097885144983
59.52134550754921
61.14419934104677
57.03514381951167
56.90897144155106
57.67181090085058
56.70268949795554
55.22883480762928
58.94570897785176
56.63670161420554
59.84559869357494
59.68009410118005
60.16033974215046
63.51109595998173
58.70393643192357
57.21224799958649
55.13861286392081
59.98215838895849
59.3771321487003
60.18050840444472
59.79075101506334
55.73233365547857
62.50683262726049
59.05689214355642
56.88332349946447
61.45927960913576
60.10928521912643
60.53880322114465
62.00245912212004
56.57193668175621
59.98120182368174
64.40075406643763
62.30188418757206
57.75977035808638
58.95623380524992
60.77018695743706
59.9887852135504
55.16460042452811
59.39028332323688
60.84050105064049
59.28202626199229
54.93821325380839
58.2878688276943
59.28018378035553
60.79779754935397
58.87463969268717
58.51894633539919
56.53777117017465
56.35726761951213
57.47525150580457
60.43775103929156
58.21829887655842
59.3508444118339
58.8299691446807
57.48786941477053
56.51569434349047
60.24123930802529
53.37202828490464
62.81768916788603
54.48939164805847
55.95296946061375
55.87349198064999
57.77905208943234
59.34520926794887
57.97833766659555
60.6761295717112
55.43939953442535
59.13044280077436
53.54143177687871
58.85845243087054
55.5537316161598
59.19784899271339
60.93327043908869
55.910337187412
58.35898497083048
56.34232789416615
54.60498825290464
57.99982129741129
57.40961657221307
57.61029194250412
58.9501953244559
56.47996668353626
58.59914865691584
55.50508771961807
53.91633017115554
58.53873299597048
60.72347857659694
55.49698090895693
60.3817675613691
58.42665453156995
58.59254094409321
56.49346485561891
58.35930230092167
55.15156583525358
62.77465896115803
57.81687746643018
59.09860310726248
56.7925325964268
53.40396581799023
54.11164156909118
56.28751703432228
57.24369528245941
59.08125151524573
56.4968283772653
54.69033089803247
60.09191285164132
61.13822982591316
55.4640451118816
60.50043839504346
57.65311203200901
59.34499159522844
60.44766661672607
55.69897792050828
60.38660512319582
59.21893080082945
58.54580953750722
57.09666097643025
58.75637241713893
60.28081443891296
55.37076131465858
55.71997932221733
58.56670988584466
58.36656132532177
54.93271235076894
60.30522646110811
54.69290929319667
58.03259197291188
57.54034152534783
55.13346340804626
55.25430243881325
59.86711791032835
57.2969663500289
56.40523469065467
58.72226420575938
57.43112946472633
57.39735256869958
59.76156689154788
54.39561088370441
64.9033740921857
60.79353651587247
58.87666313177058
62.03854977003272
57.23462314344838
54.90202305169005
56.44869714210247
56.77316489084841
56.7782421131469
54.64104125403865
52.49852190303535
53.04145382139905
57.71195781225653
54.5488150608742
55.78516026448634
59.84150892766935
60.89137697924182
55.74883405962814
55.62467023781411
57.68994500862766
57.83257688360397
57.33722255419264
55.44950503542722
53.19190938205154
56.50286255543892
56.56356865717877
57.53296916636172
58.42758512227451
58.11078207374378
57.3208454217388
55.55511269974097
56.16076851057777
56.77319576165048
59.35946110505412
60.34785572875243
56.11604251708106
58.34004317471118
57.97011288182737
56.00416623267613
59.56013440995545
58.0577735406641
55.42704807991738
56.70386191662084
59.38220430478727
55.76392928818088
55.11760109494924
55.42282770449613
59.03564297702589
56.67574328599014
57.63626833421774
56.82990635799839
57.71427765341492
54.11514525424754
57.28172699170516
58.93917918704057
57.06012894065532
56.55411955662411
58.34463080577039
59.0231427487811
59.49443376806563
56.9843253660724
57.27307510214218
53.48230678196219
60.77747566632495
58.33948647331972
62.75044749679088
55.72933217116945
58.44418678521824
59.1693073314168
60.04924341567287
58.86903335536537
61.34880524609991
58.01067081562127
58.67832891957823
56.05640618006393
55.70256073341164
58.9530455763524
58.76537114039118
54.39067593480299
56.77496836720737
53.55086340628041
59.66338553088809
59.09298487265085
57.79509580421769
56.0266784825702
59.02628929728967
56.14720315694636
56.90021707238964
61.63662925909164
59.17892219234637
56.34523347539833
53.63362757202283
54.10600492376653
57.26158161819414
54.25646513823255
56.0779591936758
64.01918639775606
57.05249019565581
56.00168906282375
58.70944808714403
61.31674388591762
57.45506857449196
55.21529061551281
56.58582872348721
59.05009397048014
55.58491184372753
58.72984403676762
61.58850256126568
56.10218118189234
59.94101681210065
60.92903698563669
56.43608884192027
53.21888844644526
59.86392187430842
56.09964128558143
57.71342824853999
57.99955698050644
58.70818019844307
58.42232901599363
61.02011347147536
60.84799453932892
60.19960320206403
58.95543872080344
60.33094063934871
61.85169342260919
60.6444335814762
53.55465847222744
57.4407035983842
55.18284807259899
60.80891462283771
57.35813770829495
55.80381461032228
56.47947801471859
60.90517527229775
62.31914896497246
56.92458441822767
56.84404600431889
58.61788831223036
58.88240973216877
60.17091352182233
57.02797519701235
57.05331272438093
56.46680930450569
53.86978477626119
61.00873650676843
60.97061008468658
56.42568910981066
59.31413855259569
57.11625248884823
59.92215955137614
53.25109359478207
60.50902135006754
60.55694223204252
54.1959010139002
54.14566411601001
63.12440075327148
58.67497260997264
58.74035918765041
58.33450229369308
55.7369706790425
57.04831587657225
55.34782423720676
57.78661277190341
56.25525312496578
53.870530588968
58.25227478954459
59.63282403694211
54.67119072801178
57.24083138939837
58.98494823163377
57.47709115605529
60.86428619140919
64.73905645734158
58.67176943627236
58.91499476063188
58.88742925715169
59.89486066746036
63.70251774116871
60.41093945397449
54.37700657394681
55.34600780619728
55.13227409836747
54.8563326259769
58.73511277711091
57.9430570199619
60.5342870832163
54.7632942672171
59.34894739213163
57.10820506554106

Fluctuations:
19.00845329632149
18.02704344380448
20.0080392525625
18.72372090594119
20.33480001350909
20.81151941508821
14.92571305366431
18.47948267047934
17.33568479468422
20.21104447061273
17.88493045573566
17.36482183320106
19.57585405677946
19.60026800108463
19.72407070013495
21.50177966666575
21.44688808501305
20.35808438561661
19.91450526876843
19.29047579934413
16.65425686937231
19.15361203880326
19.57579369446799
17.03196927068342
19.34601812813916
20.10570123010352
18.02063258621916
20.10047756359173
20.65756148130675
19.88333133241939
21.41149167063323
18.52550250831057
19.34747747047576
16.70308073836843
17.81659734639208
16.54728684043633
19.97535811148558
19.44726413261366
17.51629376000431
19.68395341536107
18.34661306586789
19.7519152621346
21.43959215463394
16.8158880403268
20.96816476297851
20.21670121929681
19.70103588886453
19.61489041005459
20.17046459828618
18.67475050703868
17.45100707083864
18.38847749217301
20.7362662673727
17.13126115521188
16.25273835754416
21.20195655808011
22.22836692360605
19.78060110526233
18.50521561279601
18.62233403516633
18.39258464559313
19.11660237549494
19.76506173022053
20.64581401096403
17.614684583554
19.50590161817135
20.39760423420574
20.33670236732814
19.87236915016834
15.97091975277149
17.69667807607473
16.4468256829745
21.1582212156214
19.04604890967322
17.12826437848382
20.94740626670229
20.64206271213872
18.61353164702619
20.47400810407206
16.34930393715386
21.19340823406506
17.66895245366153
19.39893281451688
18.51562160356971
16.93675559979333
21.24037311977327
17.68160386146728
23.21497517351293
19.03844866380965
20.6477216395491
19.84969709693719
21.58996086544864
20.95078301880643
19.55782398533845
18.96257585961352
18.12500174664468
19.53682756504962
17.69031959077132
16.61136532386688
18.83714873301263
17.20597930755696
18.75322877731718
20.07028846470208
20.56151889647984
19.40554726489372
19.8746734750333
20.34750604605643
19.58282283628398
17.05552731599666
21.24518254820454
18.35703032457106
17.6683105625159
18.62079164516664
18.94084640754093
20.23090802952327
21.99492089573725
17.54466617639297
20.30471212674295
19.45490070978332
18.96494311685209
18.93894417493947
17.15940729974949
20.64718549909941
20.4167438745748
19.78950983323491
22.96740816521197
20.49020616233146
19.7296091261873
18.11317380046855
22.39056771286806
21.25017578208449
21.21145103393184
17.19423078868529
18.71866812030351
20.17497050751998
16.58116588315192
17.35200610505175
21.68246891032189
18.45101322204921
21.6302560962162
19.24188200222524
21.71395102578459
18.64737595988379
19.16430850154206
22.60635068551882
19.13218387073177
21.16723066776404
21.68135642207602
20.37125735755652
19.44874062516224
19.49283875009738
18.99705102629584
18.77080779309102
17.60940688106243
19.39366339782672
18.18757347630437
18.88560743834543
18.52300893456126
19.3493438045132
16.77554514946371
17.88263486682051
22.19105986773268
21.17664185417209
20.10388997868434
17.62546423309257
18.03995826877521
21.78280758152279
18.7832105663987
20.4106372388757
19.33960079870225
19.02740703734412
17.23197193751678
17.60021896102905
19.7086668007073
18.71164802175059
17.44177623433126
18.62389371597778
21.4314515037896
19.9787399853443
18.8368353711454
20.82686479381142
17.31088411946766
18.72734218005096
18.38236453072629
18.90837173054795
18.02622858811051
14.43120495730023
17.85478234570786
18.69282330062907
20.06191494826671
17.89512724290657
16.97577489167162
16.47876900341404
19.47341790183669
18.81113345073119
16.60773662411351
19.23403392590585
18.607683031125
20.14491119163788
17.16541967073837
18.67132142394534
16.7679013783071
19.46858704235914
18.55713618025082
15.46774369278529
16.12131950341418
19.40449514413295
18.95852368927804
17.98981078294553
18.82986591441549
18.53959475821534
19.97001288896561
17.49789287432515
17.98914147560237
20.63892451617606
18.74952503757523
19.65229223312243
17.1560514841715
18.05691839679908
19.40338382484823
20.81522623724085
18.52740137288226
19.75915708177529
17.85004982121664
18.86819698185884
17.43153367031831
19.55007681803005
19.94929183539244
19.58268226898759
18.33980678624295
21.25325044677642
17.02803465192792
19.76221036582537
20.8318842581865
21.23913682189417
19.41985109795231
18.70438488766478
20.03872716508536
17.87261196334474
19.23839534822378
18.03904351750482
22.08499692657943
18.39927736930882
20.34179528707995
18.1822358277466
18.92862422089986
20.43649829736851
20.59429470688027
19.24106560561758
22.09945284840327
17.87268557318156
21.35868466500661
19.75791482132578
18.80227742293769
20.16181952648869
19.96880811934088
20.15831148575538
20.90784181291537
19.13297162840394
20.38101234131848
19.39921682558824
16.67851155704144
19.58344423344553
19.17858815568517
19.93914940913035
19.25961710471835
20.65933377087111
16.12342801098119
20.32654616027393
17.92997622249629
19.56843819586268
20.22781264295907
20.72338563136734
20.74743302031878
19.56295842796089
17.73149950279515
20.28038859835723
18.52935949036624
19.1707247150929
17.94005246496152
18.88019723105875
17.21208707221953
19.58493923549005
18.99693049658054
20.18740626549605
20.78660614026738
17.40316662262058
18.96087950660615
17.88312614868988
18.93480460052042
19.24326013015903
17.98779673289213
21.38354281342886
21.08787607265868
17.99807852525898
18.01594599974309
20.32701541914349
16.53832235833735
19.23298645720994
18.90571631869826
18.99607293822638
19.25098063287727
18.56008853784375
19.35495643656608
21.77947395527739
18.2551273872049
20.15757059313744
17.83466076538573
18.44139974325479
19.38477698374514
22.0019707355701
15.12383670435392
17.88061920581599
18.84402444260467
17.80468979584626
17.75375112922491
19.21343273429487
20.04040558859438
16.88239733392871
19.61395408436423
20.54416963523908
23.98208535900725
20.78008085088361
19.14599067999523
20.66651572714395
19.49229728424614
18.09431604193128
18.39255951903405
21.50878894863211
20.54548017472943
18.81360361572296
20.0529249853885
19.90942585920174
20.52396750920949
18.49451035839087
19.66535033177742
19.89445875146463
20.31739180374385
18.12802433824224
19.42668745718368
20.84932471806359
18.09569394034622
19.97395846799162
19.11110460059472
19.4022374269809
19.60312696871582
20.03662743090168
19.83265317963063
19.70419208458275
20.56405186256708
18.83396755710699
19.52785553530644
19.79542909771713
19.65293490660121
17.45557109872802
19.53228076846625
20.53084518097699
21.75169225930864
18.44122225788912
20.21712393461828
19.21201032416613
18.84087048236744
18.67846648244342
21.28358161861099
19.7733608710631
17.49769121233621
19.64755186463349
18.81404556998096
19.22867114993158
19.02801667868092
19.77342587480096
19.82206797162215
19.50139785747204
20.13406345505864
20.16182194442577
17.98201737906452
16.37112836747782
20.83317878991438
19.20354947552628
18.96267921363519
18.70779297822431
18.96539342639961
17.12117437323376
19.86840038058593
19.13377260881379
19.95330035277795
20.30108820315863
19.01966731272601
19.22793796220876
22.95795153781393
20.46065721573039
22.38143741631652
18.82297797128853
19.10731244118166
17.97609402470234
18.88094983011484
20.92481454205785
20.85488668352704
22.11156491280968
18.03818534513929
17.90429786099088
18.71720741835797
20.97430335031556
20.78552726392832
21.72828318361882
20.48687951986541
20.77871629654774
18.24738262507344
18.09590787972119
19.43331669628251
19.26088962983247
19.66164317433697
18.04365858105275
20.89103851672771
20.93364040303967
20.41430224840033
20.43217204000585
17.22604137786669
15.96345190182367
20.8009852447928
18.7797809396219
18.35013499897583
20.05426485643792
21.19315451390013
19.01973377141562
19.52529162898792
19.02708180975638
21.34563875723393
18.13369487210558
19.94118216619628
16.32675952012656
17.60519014366256
18.07561263448097
18.2521813321383
17.21532436261928
16.91531397298991
17.59536795033528
23.26920710080639
19.77595979428994
18.71746738760533
16.94271389945511
19.88584249376756
19.85734822015065
19.70130151019466
21.26800784925136
17.75207124099869
19.63134187861859
20.62044312030176
18.70198855233258
19.71370272942671
18.259031468907
19.15126090423594
18.20628157831863
17.14619555929985
21.62406284375026
18.22355938897508
19.42105875604239
19.91415116011066
18.94576193441161
20.27497173966612
18.45440032021173
20.78384374284547
18.45141393786724
17.93655869682161
19.55722898771454
18.68947120728989
17.65263008189832
19.83326797156081
17.79949527988247
18.3703226934818
19.70078267161944
19.17931702097062
22.01557801759949
18.34808996807717
21.17004994968763
18.85104696957242
19.18038453554557
18.04231164858708
21.19028959938714
17.57307630000525
18.94833846365755
17.90242229363197
15.88999057870527
16.96672295298115
17.24903505357693
18.0788658589523
18.92859711939504
19.08929543270751
16.07356144575105
17.29000138337245
20.0086436031319
21.6582123671447
20.21324334011929
19.78708009667032
21.81388309536266
18.47841124298515
18.63134464010447
21.0496586249671
16.59109045509063
19.4855801433461

Last point and parameters for further simulation:
100
5
0.5
contact

0.4540887885759703
-0.8764277181973407
2.41297795370833
-1.31146913894213
1.602453433623154
-5.088206473700654
-3.707714387111398
-1.573272101361724
-0.5149962532546036
0.1511735867740861
-0.7657740368475744
-0.6371755991876382
-0.7662391787993014
-0.7548495188381343
-0.9638029900955181
3.802403368125059
-2.98446406467802
-3.79189951399749
2.215797030490481
0.3108104343266749
-0.6833616136499202
-0.4686564368949209

Final quantities:
57.80709929210293
19.43260707391105
