Number of particles: 100
Nmax: 8
Gamma: 0.5
Interaction type: contact
Step size: 0.0001
Batch size: 200000
Batch count: 500
             Batch number               Average n0          Fluctuations n0                   Energy           Particle count                 Momentum
                        1        20.59488096884792        14.91460712115177        6888.489807336113        99.99995386793717      -0.2538971375878569
                        2        21.44284010580387        15.79883849667586        6888.489573865747        99.99995246324967      -0.2538972367094736
                        3        19.51885260131298        14.44503547791247        6888.489344615112        99.99995107811075      -0.2538970998499717
                        4        21.73212038419824        16.04068292472244         6888.48911362722         99.9999496844524      -0.2538970095379511
                        5        19.15357853167129        15.48496606425017         6888.48886982083        99.99994823019473      -0.2538970780937788
                        6        20.55065150877231         15.8349121747217        6888.488643170598         99.9999468537364      -0.2538970862573144
                        7        20.24927266700187        15.78169955468122        6888.488419557836        99.99994549478653      -0.2538970350067142
                        8        20.13071101669297        15.62618120503456        6888.488181688607        99.99994406966887      -0.2538971113003532
                        9        20.38183493659811        15.16119640736586        6888.487946375742         99.9999426552955      -0.2538970266269764
                       10        19.83430802281833        15.46165873767341        6888.487708305109        99.99994122988953      -0.2538969695855506
                       11        20.18200656977379        15.54301651079165        6888.487474948084        99.99993982683256      -0.2538966983485871
                       12        20.27198869745925        15.34376566660416        6888.487241483058        99.99993842026639      -0.2538968200985525
                       13        21.35848959722795         16.1033966127696        6888.486990751244        99.99993693891734      -0.2538968676499289
                       14        20.74775357961298        15.47824291433863        6888.486760367803        99.99993554640803      -0.2538968017395886
                       15        21.01147876543124        15.60367014792979         6888.48652748682        99.99993414269153      -0.2538966647318139
                       16        20.79985351032669        15.99054240877161        6888.486283749823        99.99993269042344      -0.2538964288933565
                       17        19.41137671060551        15.07517319660909        6888.486052717116        99.99993129448021      -0.2538964941218396
                       18        19.55542834554791        15.19829089675698        6888.485818333071        99.99992988497843      -0.2538962442593995
                       19        21.44888711295903        16.01599307074908        6888.485570643708        99.99992841624361      -0.2538960000374031
                       20        19.84236824073367        15.42123571130469        6888.485344054065        99.99992704461474      -0.2538959196014368
                       21         19.2848969083147        15.02335997568422        6888.485116470432        99.99992566772646      -0.2538958173937331
                       22        20.78937776956825        15.12190855544577        6888.484885369235        99.99992427150818      -0.2538958938823086
                       23        21.02427283970206        15.68340417119297        6888.484645925125         99.9999228366683      -0.2538958051074451
                       24        19.86970026655845        15.17192376045015        6888.484418129608        99.99992145926508      -0.2538961195753231
                       25        21.64047194798721        15.82256823520296        6888.484190323103        99.99992008186153      -0.2538961095159298
                       26        18.78842907916752        14.42426912157012        6888.483960195835        99.99991869056178       -0.253895895126103
                       27        22.11185694097733        15.09309651731668        6888.483722856094        99.99991726706052      -0.2538958961944342
                       28        19.30710444223366        15.07710258537874        6888.483488487562        99.99991586028067      -0.2538961695547268
                       29        20.11753236902212        16.32234978232124        6888.483251778944        99.99991444123039      -0.2538961302910252
                       30        19.22626684834741        15.00622617612077        6888.483004688563        99.99991297428585      -0.2538960755799948
                       31        21.74866627298288        15.75436865341146        6888.482757506451        99.99991150359874      -0.2538962596471315
                       32        21.51767643257886        15.98303656959394        6888.482507000233         99.9999100202245      -0.2538961226308093
                       33        21.40589296540638        15.36429136144915        6888.482277949535         99.9999086353936      -0.2538959579473157
                       34        19.86097943510392        14.66808107605065        6888.482049520736        99.99990725044309       -0.253895842243911
                       35        21.28656250547189        15.82960756079629        6888.481806763662        99.99990580266301      -0.2538959661409059
                       36        19.54732384271223        14.87109872936344        6888.481563202175        99.99990435078237      -0.2538960976498257
                       37        23.66398112071167        16.32208243070643        6888.481338303479          99.999902981815      -0.2538962919656296
                       38        21.37297747597975        15.76071027123326        6888.481098904738        99.99990155160987      -0.2538963085682653
                       39        23.16794737203325        16.71709214922013        6888.480846177084        99.99990005507969      -0.2538961974006453
                       40        19.72947166856778         15.8398682035472        6888.480604343682        99.99989861094905      -0.2538960906713132
                       41        19.93766394179569        14.63052442678993        6888.480391730393        99.99989730197068      -0.2538961230234076
                       42        19.77105663456801        15.25526229909134        6888.480158078009        99.99989589494692      -0.2538959198101836
                       43        21.99236740652001        16.08718555447398        6888.479923990479          99.999894484584      -0.2538959659020135
                       44        20.73238587190568        15.51692217829118        6888.479693103434        99.99989308954846      -0.2538958830935503
                       45        21.89762582942415        16.17029513859849        6888.479443655639        99.99989161099795      -0.2538958381034835
                       46        19.85926558683711        14.76479203936002        6888.479212135063           99.99989021534      -0.2538959868421848
                       47        20.00184245550533        14.92710543048037         6888.47898835406        99.99988885647851      -0.2538958570665786
                       48        20.17371217453497        15.39877989359588        6888.478757938422        99.99988746539812      -0.2538961758986868
                       49        20.60628525580476        15.20342783514839        6888.478518263685        99.99988603513407      -0.2538962023584563
                       50        20.04949910327147        15.31363379213177        6888.478289599746        99.99988465606933       -0.253896288620501
                       51        19.51370571496507        15.19323983836324        6888.478064882127        99.99988329220342      -0.2538962175210102
                       52        21.07802103374836        15.96776160261411        6888.477828448184        99.99988187376107      -0.2538962334503108
                       53        19.38468425853195        15.12156207629649        6888.477599247367        99.99988048954066      -0.2538961538873963
                       54        20.35497450969044        15.81685419926768        6888.477364650496         99.9998790768074      -0.2538962844120078
                       55        21.57228897881926        15.74028340430105         6888.47712363962        99.99987764120692      -0.2538962094704207
                       56        20.49620150562903        15.20584756089783        6888.476889792034        99.99987623263634      -0.2538961749105177
                       57        21.87631386599998        15.07266232865699        6888.476654492033         99.9998748217871      -0.2538963325764438
                       58         22.3857175331998        15.97669757332912        6888.476410849882        99.99987336891263      -0.2538961664443047
                       59        20.35734411718587        16.10269576356712        6888.476170873454        99.99987193245205      -0.2538962347699893
                       60        21.44117450839077        15.82766461788091        6888.475936042076        99.99987052128922      -0.2538960894600031
                       61        22.17993292749894        15.90455098575024        6888.475692615293        99.99986907001782      -0.2538960933855874
                       62        19.66748050094404        14.41847402332553        6888.475463446764        99.99986768413905      -0.2538962377320679
                       63        20.00314813712362        15.22416498227003        6888.475222588405        99.99986624353326      -0.2538963102106813
                       64        21.57350783010107         15.6566865657826        6888.474985759095        99.99986482427788      -0.2538962336419637
                       65        19.05450614928652        14.20888313874645        6888.474760629113        99.99986345904649      -0.2538962235725784
                       66        21.02625685600221        15.49837330492861        6888.474532275534        99.99986207894963      -0.2538962827900901
                       67        20.11232608658826        14.93182958891682        6888.474286841631        99.99986061856418      -0.2538963837596171
                       68        21.41778247046298        16.21887300841874        6888.474036321666        99.99985913441044      -0.2538962818510653
                       69        20.73109376612891        15.21026472423347        6888.473796306776        99.99985769761373      -0.2538962825717186
                       70        19.84688755484568        15.14870733385438        6888.473564158164        99.99985629918879      -0.2538962266163285
                       71          21.224375352709        16.23437302805895        6888.473321860012        99.99985485182928      -0.2538962800092293
                       72        20.02432150828837        15.33371911666963        6888.473086854978        99.99985344233255      -0.2538962826737254
                       73        19.97980512199771        15.92458151043126        6888.472843107136        99.99985199062061       -0.253896243689633
                       74        22.18410858176939        16.70619530629948        6888.472608536108        99.99985057588647      -0.2538960969403981
                       75        20.61724147822425        15.76934734797364        6888.472377004429        99.99984918259238      -0.2538960523736691
                       76        20.63767652060363        15.79955724195763        6888.472149863742        99.99984780641475      -0.2538959800478633
                       77        20.30594938279181        15.31637810294144        6888.471911040369        99.99984637579584      -0.2538958575685193
                       78         20.4617074653591        15.47072337651691        6888.471670182704        99.99984493507269       -0.253896030695465
                       79        20.43274057371269        15.53546522355302        6888.471438901265        99.99984353957927       -0.253896302119621
                       80        21.23442115380904        15.76531620255142        6888.471193498895        99.99984207840852      -0.2538963180079588
                       81        19.64820057906075        15.00961460842033        6888.470959393535        99.99984067244228      -0.2538964337958296
                       82        20.25944618704071         15.9778695366647        6888.470722011394        99.99983924856818       -0.253896370190386
                       83        20.25446112591101        15.26663316820526         6888.47049670083          99.999837882649      -0.2538964046495682
                       84        19.09819985087266        15.94127665705634        6888.470260599339        99.99983646701037      -0.2538963471790083
                       85        21.74987899087894        15.77793421420548        6888.470006125072        99.99983496233435      -0.2538962941368155
                       86        19.31560771113289        15.28944116154388         6888.46977578501        99.99983357476698      -0.2538963829145725
                       87        20.52762107834608        15.28615118125728         6888.46955496864        99.99983222848871      -0.2538962902412134
                       88        21.70028677881749        15.26627698128121        6888.469320300781        99.99983081517975       -0.253896471725773
                       89        19.83100945255732        15.52040481266098        6888.469097278531        99.99982945904262      -0.2538965721525237
                       90        19.55427637428017        15.56929359232278        6888.468860833153        99.99982804264236      -0.2538965421676806
                       91         19.4017255306231        15.33778990942973        6888.468631505568        99.99982665784319      -0.2538964668766903
                       92        20.28775407261627        15.16389553074431        6888.468391497805        99.99982522474508      -0.2538965703713632
                       93        20.62989478670241        15.51038084534853        6888.468157555724        99.99982381764957      -0.2538966611239157
                       94        21.95661301238238         16.1013390933876        6888.467909915451        99.99982234499906        -0.25389679497968
                       95        20.58399192311879        15.65643853314649        6888.467664225726        99.99982088532039      -0.2538966482680118
                       96        19.59903724033746        15.43116124229053        6888.467418922493          99.999819425564      -0.2538967879857879
                       97        19.49885813678547        15.63544065953693        6888.467179983433        99.99981799439558      -0.2538969700365428
                       98        20.00490864810568        15.83548638331177        6888.466936296049        99.99981654411728       -0.253896973452358
                       99         20.0869570688669        15.86046288560806        6888.466690766416        99.99981508364993      -0.2538970330895793
                      100        19.62658402606714        15.91323087189141        6888.466454284159        99.99981366423062      -0.2538970285233155
                      101        20.39780153803221        15.36673506889817        6888.466215875728        99.99981223824905      -0.2538970472722324
                      102        19.26712345043779        14.78529955938539        6888.465971222406        99.99981078072717      -0.2538970293521299
                      103        19.12954380014008        15.24956170722241        6888.465745988174        99.99980941302134      -0.2538970140118657
                      104        20.91817084024038        15.51484793645172        6888.465501093141        99.99980795450115       -0.253896889871724
                      105        20.21077057797648        15.37078219730584        6888.465259584636        99.99980651188322      -0.2538968422985448
                      106        20.14856872312927        15.37429011988481        6888.465043822021        99.99980518915818       -0.253896852587161
                      107        22.71666014681466        15.92660069733703        6888.464803081747        99.99980375180628      -0.2538969152065711
                      108        23.17886055621023        14.93887129364626        6888.464578306207        99.99980238467013      -0.2538969402042142
                      109        19.47743674703684        15.25788723806745        6888.464355648534        99.99980103173957      -0.2538969609138402
                      110         22.1847542571632        15.76784362809834        6888.464121848127        99.99979962223628      -0.2538968767039651
                      111        21.42697314711696        15.78228224568967        6888.463883685708        99.99979819776659      -0.2538970968744767
                      112        19.83903182005389        15.72888810370346        6888.463652042996        99.99979680165714      -0.2538970015150532
                      113        18.52409529510188         14.6639666713516        6888.463424347588        99.99979542509691      -0.2538968840914091
                      114        19.15798953654214        15.83711488126396        6888.463197110477        99.99979405102323      -0.2538966792529731
                      115         20.9812855373907        15.72961774516835        6888.462967041773        99.99979266096214      -0.2538966796113664
                      116        19.04888217112608        14.92789704408128        6888.462743179147        99.99979129968213      -0.2538969692531392
                      117        21.89341409722539        16.24575070799152        6888.462510584514         99.9997898984431      -0.2538972071212022
                      118        17.57279077789428         13.8627429952146        6888.462287005509        99.99978854496167      -0.2538969145679184
                      119        19.51651051235592        15.12173674623985        6888.462030693054        99.99978703995876      -0.2538967638288256
                      120        19.82013826017795        15.36426609385399        6888.461797333797        99.99978563271721      -0.2538970010327084
                      121        19.11643766517375        15.33360394474033        6888.461575518454        99.99978428248666      -0.2538968973184215
                      122        19.45897706308708        15.73776790526678        6888.461339586993        99.99978286830803      -0.2538969271287712
                      123        20.10977713780482        14.75788625844698        6888.461110835187        99.99978148563719      -0.2538968692036754
                      124        19.92092093815601        15.34670372275688         6888.46087545615        99.99978007036155       -0.253896742303966
                      125        19.59575073436121        15.27252959380533        6888.460633540942        99.99977862528418      -0.2538966788719232
                      126        20.83662990577812        16.13380242962437        6888.460404826917        99.99977724119634      -0.2538966065412667
                      127        22.02333556192543        15.65100023827921        6888.460159736977        99.99977578398554      -0.2538967194270845
                      128        20.89396461769922        15.90946042114308        6888.459918479228        99.99977434235971      -0.2538967732070105
                      129        19.90620592554449        15.52910709596225        6888.459679549046        99.99977291309078      -0.2538968135897042
                      130        19.57219886896015        15.15058457114463        6888.459448596407        99.99977152215391      -0.2538965825384194
                      131        21.34212814100474        15.35298227163352        6888.459212836302        99.99977010537989      -0.2538965176117074
                      132        20.01277646276985        14.77439411326216        6888.458966569126        99.99976864275919      -0.2538962885832134
                      133         20.3191415315227         14.6949725524861        6888.458728526897        99.99976721759776      -0.2538962388674744
                      134        20.33996327424776         15.5970060764063        6888.458495463165        99.99976581679638      -0.2538962369351481
                      135        20.74463021466798        15.86593872989465        6888.458264510093        99.99976442337217       -0.253896173927469
                      136        21.30247260460044        15.73142891078135        6888.458029916096        99.99976301352386      -0.2538963462623567
                      137        19.73098649970486        14.82629057516097        6888.457800396995        99.99976162914584      -0.2538962655443608
                      138        19.69787229005348        14.48274322250733        6888.457563800609        99.99976020854291      -0.2538964019119092
                      139        20.60951850522563        15.31994112700821        6888.457335929018        99.99975882912706      -0.2538962019637681
                      140        19.37595735341003         15.2765505995342        6888.457093343279        99.99975738527543      -0.2538961170234018
                      141        20.24721692584144         15.7678000297439        6888.456857859972        99.99975597090928      -0.2538961334636101
                      142        20.98638790764586        16.03674792338657        6888.456607461472        99.99975448957586      -0.2538961716665549
                      143         20.3820030680896        15.31455711235325        6888.456359627697        99.99975301740403       -0.253896276811588
                      144        20.48570631548946        14.75482871469245        6888.456129700844        99.99975162710449      -0.2538964809326854
                      145        21.39333921631444        15.40063426048259        6888.455898618219        99.99975023285185      -0.2538964139888442
                      146        21.31340842019307        16.21050757155491        6888.455664459511        99.99974882414158      -0.2538963614482019
                      147        20.63632542634362        15.78376328658443        6888.455434764331        99.99974743844643      -0.2538963519673798
                      148         20.8645613852491        15.84001595715888        6888.455184601077        99.99974595943603      -0.2538962342297033
                      149        21.42469227743204        15.63468447069013        6888.454946491816        99.99974453240387      -0.2538963544565025
                      150         20.3468330343286        16.30583109428951        6888.454698804921         99.9997430634278      -0.2538962650195584
                      151         19.9497061746602        15.49380275805552        6888.454459963131        99.99974163490509      -0.2538963779890047
                      152        21.42977696329143        15.06881149340301         6888.45422428514        99.99974021675074      -0.2538962688659638
                      153        21.92337960099212        15.39265951724253        6888.453980913764        99.99973876345076      -0.2538962626862649
                      154        19.96712456110422        15.23124250736699        6888.453740608737        99.99973732633417      -0.2538962639164115
                      155        19.48933267445394        15.13881359325883        6888.453511677866        99.99973594293259      -0.2538963266772463
                      156        21.58304510959024        14.89200471778198         6888.45328048743        99.99973454435839       -0.253896178684891
                      157         21.7497634223272         15.0615670724813        6888.453046121297        99.99973313373521      -0.2538960595323045
                      158        20.74895358769506        15.71340941451948        6888.452826408622        99.99973179014113      -0.2538960524254747
                      159        19.12010361422207        15.23185698392251        6888.452612916925         99.9997304769943      -0.2538959955708355
                      160        20.30496569681704         15.2850268534168        6888.452363946326        99.99972900344241      -0.2538959307508533
                      161        20.96427995005614        15.22657578619177        6888.452139128402        99.99972763898086      -0.2538960475882984
                      162        20.60138865352474        14.83843030422503        6888.451909887479        99.99972625184355      -0.2538959166760191
                      163        19.57702542051981        15.85894585522283        6888.451676634562        99.99972484671348       -0.253895875215159
                      164        21.76513820782066        16.04238031977341        6888.451442282416        99.99972343387078      -0.2538959470994033
                      165        19.82455000896273        16.28793962921025        6888.451205318164        99.99972201178109      -0.2538959803175942
                      166         20.1609380539304        15.30421985337898        6888.450981541385        99.99972065012561      -0.2538959692886742
                      167        20.23541857829609        15.08229752469967        6888.450752766546        99.99971926806388      -0.2538960117644038
                      168        20.04361494427151          15.361234252986        6888.450523587346        99.99971788227484      -0.2538960173236151
                      169        19.24019027687834        14.71109891980008        6888.450293457225        99.99971649158553      -0.2538960171562614
                      170        20.62357758763905        15.48053045789423        6888.450056083092        99.99971506980141      -0.2538962247439578
                      171        21.04339294506825        15.07565478665388        6888.449815900395        99.99971363504767      -0.2538960969702941
                      172        18.95870423497881        15.19500749569545        6888.449589381853        99.99971226427246      -0.2538958954535371
                      173        21.47262476047786        15.80810258864966        6888.449360114737        99.99971087519212       -0.253895718388689
                      174        20.18119074044897        14.71859048770103        6888.449123431597        99.99970945512453      -0.2538956106140233
                      175        19.94594081549567        15.93982600859901         6888.44887853713        99.99970799489208      -0.2538953768218875
                      176        18.03724982005662        14.20774546102475        6888.448663610855        99.99970667772686      -0.2538954303913092
                      177        20.83035044780559        15.42221739772146        6888.448430532706        99.99970527483902      -0.2538953228446852
                      178        19.22303121182442        15.37855243519471        6888.448205171187        99.99970390871759       -0.253895317230711
                      179        18.97543944446883        14.45859050452265        6888.447979994016        99.99970254426809      -0.2538952154941931
                      180        19.21945114380226        15.51765408699251         6888.44775363809         99.9997011679223      -0.2538951205513449
                      181        17.53983106102061        13.61595308851125        6888.447535271398        99.99969983555029      -0.2538951660080038
                      182        22.06716386931845        15.78683223061354         6888.44729540391        99.99969839927071      -0.2538952189932155
                      183        21.45996736746001        16.20990449035249        6888.447051231096         99.9996969420007      -0.2538953800313415
                      184        20.51467460104356        14.87507202219653        6888.446815681607        99.99969552638289      -0.2538951382372723
                      185        21.09581402622339        16.41487324897901        6888.446570182426        99.99969406772205      -0.2538951370288949
                      186         17.9739735800084        14.08227721893864        6888.446345437667        99.99969270740073       -0.253895184536578
                      187        20.82161436052642        15.48344695261871        6888.446105452023        99.99969127160672      -0.2538953445375522
                      188        19.68893891297938        15.47156114848011         6888.44586691187        99.99968984346054      -0.2538952931912064
                      189        19.77563265730726        14.87272730689964        6888.445625085839        99.99968840218558      -0.2538954901937043
                      190        19.59817424298819        15.06217386327972         6888.44538219469        99.99968695438623      -0.2538957449756247
                      191        19.17197865882471        14.91966265494199         6888.44515776125        99.99968559310186      -0.2538959826111293
                      192        19.46193442503396        14.86903700463347         6888.44493015858        99.99968421840288      -0.2538960253317057
                      193        18.53802126666986        14.58641292143012        6888.444703890735        99.99968284761101      -0.2538959459533063
                      194        20.84001077268275        15.20898486070138        6888.444461092293        99.99968140180493      -0.2538957927059169
                      195        17.49478621741464        13.99561893040734        6888.444237676064        99.99968004475187      -0.2538958013939103
                      196        20.52120520735084        15.13432470357223        6888.444007467324        99.99967865576231       -0.253895977587133
                      197        22.60204514463281        15.48610106649053        6888.443768098361        99.99967722150387       -0.253895908615041
                      198        20.50472472395541        15.40977925008331        6888.443527590223        99.99967578256113      -0.2538958519119907
                      199        17.08343462701643        14.26630166605116        6888.443302416591         99.9996744168283      -0.2538958926515886
                      200        19.79861531247665        15.02754200270062        6888.443071851151        99.99967302458595      -0.2538955961789817
                      201        22.26943127974325        15.91265827795621        6888.442834400985        99.99967160230491      -0.2538957857082877
                      202        19.30078810250455        14.90527461171337        6888.442601015044        99.99967019855222      -0.2538958262939524
                      203        19.36735339275749        15.23833168753477        6888.442371134693        99.99966881028297      -0.2538959144270894
                      204        21.17853453493846        15.08878221190404        6888.442129571791         99.9996673645708      -0.2538955679821973
                      205        20.44851567630913        15.24996863858862        6888.441897398511         99.9996659643173      -0.2538956094782068
                      206        19.29790371390636        14.63232130091156        6888.441666291701        99.99966457220447      -0.2538956179234049
                      207         22.2054153479121        16.60095518833477          6888.4414178105         99.9996630956641       -0.253895685347282
                      208         22.0153079197825        16.72009949560942        6888.441168066346        99.99966161499093      -0.2538956502065943
                      209        20.77574990377346        15.93071901917561        6888.440929755076        99.99966018739555      -0.2538956135699837
                      210        21.65705932512925        16.54263124514026        6888.440695191039        99.99965877890276      -0.2538955261440536
                      211        20.08197810517611        15.59114443997763        6888.440448478425        99.99965731032763      -0.2538956081362684
                      212          22.646584755781        16.41458428296208         6888.44020042274        99.99965583702286      -0.2538953710153944
                      213        19.92143988639505        15.70701382199227        6888.439967332532        99.99965443539105       -0.253895388633028
                      214        22.66496505970962        16.76631559354454        6888.439727312942        99.99965299984787      -0.2538952635801692
                      215        21.36472498311762        16.19246499132586        6888.439490041839        99.99965157606296      -0.2538954371078788
                      216         20.4365040910901        15.02800006374599        6888.439250824493         99.9996501433623      -0.2538954011564285
                      217         19.1648902567385         15.4466861808738        6888.439032607524        99.99964881318472      -0.2538954013701833
                      218        20.19007354145458        15.90968563720265        6888.438790885721        99.99964736787724      -0.2538953669072885
                      219         20.6940956205383        15.95647605624148        6888.438544402081        99.99964590123378      -0.2538951787533303
                      220        20.66679608913157        16.16432905884507         6888.43831425319        99.99964451205003        -0.25389521270424
                      221        20.08712077192511        15.06999509034452        6888.438078535757         99.9996431003175      -0.2538952043619034
                      222        18.96015356192583        14.89784643232284        6888.437853809338        99.99964173657794      -0.2538950685386892
                      223        19.50216032584805        15.75559861800798        6888.437619814069        99.99964032751926      -0.2538950753944418
                      224        20.49265625696438         16.1911092238123        6888.437385695837        99.99963891786848      -0.2538951624977992
                      225        19.24004365465833        15.35420743839776        6888.437153282706        99.99963751712443      -0.2538951318483855
                      226        20.25320992617101        15.22811639064546        6888.436920733937        99.99963611607062      -0.2538948899896321
                      227         20.3449404944343        15.06964847827689        6888.436689405028        99.99963472163368      -0.2538949078134258
                      228        21.20229952319285          15.981499618605        6888.436449302401        99.99963328423084      -0.2538949104628365
                      229        20.26008805211364        15.90818507005829         6888.43620754279         99.9996318423361      -0.2538950690526915
                      230        20.12063971834413        15.73640125411974        6888.435970218349        99.99963041744918      -0.2538948211886902
                      231        21.14366318434769        15.56572138203104        6888.435733435518        99.99962899746448      -0.2538949408368545
                      232        20.79502475934354        15.43087437866149        6888.435496082177        99.99962757658388       -0.253894840117395
                      233        20.31665724442209        15.23268485200685        6888.435266114212        99.99962618696777      -0.2538949610788315
                      234        22.61957114688004        16.00970821262825        6888.435021762216        99.99962473118353      -0.2538951512705445
                      235        21.03420950670354        16.27257382989609        6888.434784661858        99.99962331522322      -0.2538954406708238
                      236        20.35522120463504        15.25466945071793        6888.434535471593        99.99962183957207      -0.2538954966441453
                      237        18.68556448900992        14.23686799943884        6888.434318140328        99.99962051020296      -0.2538955286340943
                      238        21.19941110577022        14.93569511985189        6888.434087053637        99.99961911251251      -0.2538956580968348
                      239        20.65759187772765        15.49478941737801        6888.433852480007        99.99961770040375      -0.2538957922781293
                      240        18.62128793868776        14.55364636549505        6888.433623004459        99.99961631826226      -0.2538956518399287
                      241        20.62924692424115        15.00749279865349        6888.433389372162        99.99961491505968      -0.2538956146572424
                      242        20.81551077025918        16.27608829134057           6888.433168335        99.99961356725134      -0.2538955518937067
                      243        19.71279035679363        14.76130643059219        6888.432936941771         99.9996121730905      -0.2538954209281314
                      244        21.66374562222985        16.24717643815857        6888.432689653398         99.9996107048452      -0.2538954542466598
                      245        23.80285681282655        16.46154373937863        6888.432438908147        99.99960921939517      -0.2538955016494704
                      246        19.59259811935097        16.27868808829542        6888.432211713229        99.99960784325843      -0.2538956703276734
                      247        20.96416880090255         15.6439743664742        6888.431982780531        99.99960645939721      -0.2538954986271182
                      248        20.92998645191965        15.65929950941639        6888.431743342785        99.99960502222213      -0.2538955832270973
                      249        21.81058810848286        15.36791916292222        6888.431502371228        99.99960358007624      -0.2538955320298228
                      250        21.43686092636658        16.09830272549842         6888.43127537298        99.99960220794426      -0.2538955641301204
                      251        21.63934748387049        15.76166902128229         6888.43104392621        99.99960081033061      -0.2538954600700354
                      252        19.29226642797159        14.71382056622689        6888.430819258821        99.99959944224419      -0.2538951026063696
                      253        19.33315094164545        15.32330391898314        6888.430579322214        99.99959800754603      -0.2538950370252806
                      254        21.56948666129817        15.45304292118781        6888.430338647648        99.99959656841375      -0.2538950039899737
                      255         18.3951474550808        14.69119310132369        6888.430109902423        99.99959518456488      -0.2538950517907264
                      256        21.13479912570467        15.71571170607235        6888.429881687825        99.99959380037456      -0.2538951525919977
                      257        19.94814194526455        15.76953786553355        6888.429661918573        99.99959245617013       -0.253895407601977
                      258        19.64938812346636        15.22131211832029        6888.429421834176        99.99959101892345      -0.2538954769260244
                      259        21.39022768658161        16.19751358591566        6888.429193524838        99.99958963626422      -0.2538953776191288
                      260        20.04059765712923        14.81409108986935        6888.428955862424        99.99958821245951      -0.2538953740571852
                      261        20.24453233562063        15.63665826891468         6888.42873570012        99.99958687216149      -0.2538953625942471
                      262        18.65810495343338        14.55415647999105        6888.428502184127        99.99958546687967      -0.2538952131594385
                      263        22.06652549996195        15.60234145969136        6888.428258702575        99.99958401301636      -0.2538954064414618
                      264        20.06833590887762        15.07221739557214        6888.428027199674        99.99958261892451      -0.2538952988403143
                      265        18.89640006030807        14.97103687030482        6888.427795349821        99.99958122053297      -0.2538955891634194
                      266        21.31043490946503        16.48513765504338        6888.427552891018        99.99957976906381       -0.253895472751311
                      267        19.33022220330931        15.32767219192874        6888.427311795944        99.99957832879039      -0.2538954740187123
                      268        21.67770440489857        15.95938345614715        6888.427060959603        99.99957684512749      -0.2538954233691539
                      269         21.4513955380457        15.99289604033323        6888.426830808905        99.99957545418464      -0.2538953978923062
                      270        21.11820917357541        15.69428651625641        6888.426584112274        99.99957398694991      -0.2538954104762752
                      271        19.23680350849018        15.16107707212856        6888.426348646733        99.99957257466757      -0.2538954829969189
                      272        19.63925322185024        16.06923464187618        6888.426125966471        99.99957122170328      -0.2538955016310211
                      273        19.45667661404882         15.7637554270242        6888.425888918845         99.9995697980369      -0.2538955540711356
                      274        20.37165637377013        15.01877587895994        6888.425659082512        99.99956840845068      -0.2538953993742217
                      275        21.31693202295811        16.24275112519312        6888.425415099719        99.99956695605091      -0.2538954054223639
                      276        20.55657219855167        15.94660076280847        6888.425192160225        99.99956559960333      -0.2538953224908642
                      277        19.11634985188672        15.63969260575304        6888.424956958135        99.99956418869351      -0.2538951387967989
                      278         20.7158106913515        15.00365127111537        6888.424730760556        99.99956281585703      -0.2538950821217751
                      279        21.44948875162062        15.82210359784665         6888.42449674837        99.99956140661955      -0.2538949227687981
                      280        19.74098315968334        15.49821784189237         6888.42425506668        99.99955996494083      -0.2538944722577092
                      281        19.65539301814996        15.16194902345226        6888.424024383699        99.99955857411841      -0.2538946671531588
                      282        20.06600782289076        14.59042288021523        6888.423803745968         99.9995572283499       -0.253894800586095
                      283         21.1531633785753        15.64536571838446        6888.423564507741        99.99955579707813      -0.2538949551813765
                      284        19.45299892527399        15.27920731254813        6888.423321655617        99.99955435019007      -0.2538946574598899
                      285        21.34021765311581        16.69357561511006        6888.423064331695        99.99955283555805      -0.2538945064930509
                      286        22.18504027356922        16.09786956632424        6888.422808548062        99.99955133180445       -0.253894601103724
                      287        22.89845252134696        16.41934717536746        6888.422568866199        99.99954989605469       -0.253894762746695
                      288        20.83558709462548        15.43892480618821         6888.42234034417        99.99954851250376      -0.2538948128962604
                      289        22.25533496037918        16.68184069571788        6888.422078965041         99.9995469818373      -0.2538947689006292
                      290        20.72369052219998        15.46921871722359        6888.421843813901        99.99954557080828      -0.2538949347430215
                      291        20.00100325874025        14.79319941490948        6888.421614832783        99.99954418821741      -0.2538951041863573
                      292        21.93639013161648        16.39504009031312        6888.421376538298        99.99954275965499      -0.2538948481785628
                      293        18.76872725105974        14.92248349426387        6888.421148254138         99.9995413793507      -0.2538947840803338
                      294        18.00760999721072        14.14857445826797        6888.420921589588        99.99954000767474      -0.2538947364496824
                      295         20.0273449193243        15.15912070646482        6888.420690251553        99.99953861440265      -0.2538948052302095
                      296        18.67917603743086        14.84460378744796        6888.420460743201        99.99953722923583      -0.2538950151618309
                      297        19.45420432497967         15.4604989450159        6888.420215362737        99.99953577206621      -0.2538949661184411
                      298        19.60549602779733        15.39835381069735        6888.419988227031        99.99953439753033      -0.2538948579925098
                      299        21.08863555451442        15.47601633036203        6888.419749625257        99.99953296696788      -0.2538949730143809
                      300        20.62331385059666        16.06779695904984        6888.419514949869        99.99953155389086      -0.2538948597070458
                      301        20.38832015415627        15.12688614530669        6888.419272810183        99.99953010977487      -0.2538949245457314
                      302        19.06643014262369         14.8224641292711         6888.41902788157        99.99952865351194      -0.2538951692278015
                      303        19.06870028007463        14.87862850457224          6888.4188037104        99.99952729258284      -0.2538953522666452
                      304        20.29970129014789        14.40309873830165        6888.418581406258        99.99952593797495      -0.2538953126480799
                      305        20.43744028757138        15.71464621543187        6888.418338956404        99.99952449347073      -0.2538953515455504
                      306         20.7630483328651        15.89832292780175        6888.418105921671        99.99952309281525      -0.2538954970348577
                      307        20.13996002671732        15.30169112656594        6888.417871926198        99.99952168463776      -0.2538953198450065
                      308        21.28612788247427        15.68006579227587        6888.417638829536        99.99952027697259      -0.2538952441623117
                      309        20.30805664963993        15.07991491474223          6888.4174154055        99.99951891730402      -0.2538953531658006
                      310         21.6908088115158        15.77027028845979        6888.417164487558        99.99951742986994      -0.2538955050724581
                      311        19.78354050014649        15.29397223535227        6888.416941759552         99.9995160762854      -0.2538953385953575
                      312        20.59745669049556        16.24314555681845        6888.416713144627         99.9995146936965      -0.2538952166816415
                      313        20.38953574376441        16.18538687151202        6888.416475102596        99.99951326675234      -0.2538953285776966
                      314        19.85199554717176         15.4644383491381        6888.416238431668        99.99951184559225      -0.2538954122000195
                      315        20.64331178966161        15.94711502415918        6888.416003642711        99.99951043331207      -0.2538953044746641
                      316        21.91001924072468        16.04246690983343        6888.415762606455        99.99950899288177      -0.2538955656783308
                      317        20.69482623474542        16.18443587049045        6888.415536684867        99.99950762279673      -0.2538954979850558
                      318        19.73938586791817        14.42114445646298        6888.415311797617        99.99950625804148      -0.2538955805834533
                      319        20.37150618916868        15.07833551108035        6888.415078220509         99.9995048563277      -0.2538956947434414
                      320         20.1133458343744        14.74212449105634        6888.414858625524        99.99950351588987      -0.2538956258772895
                      321        20.18307039357749        15.92193163919747        6888.414622239183        99.99950209692388       -0.253895679745705
                      322        20.12601213762139        15.04016033330879        6888.414399764662        99.99950074660798      -0.2538957675470028
                      323        20.46901697198312         14.9579574743933        6888.414178793615        99.99949939632975      -0.2538960839418927
                      324        20.26232612581757        15.61695150641791        6888.413950037689        99.99949801052566      -0.2538961308684784
                      325        20.01667417530156        14.90251885579693        6888.413709587367         99.9994965761657      -0.2538959977436068
                      326        20.44680531193077        15.26453443254683        6888.413477351873         99.9994951770154      -0.2538961107330433
                      327        20.02972488104182        15.08275389408667        6888.413250514167        99.99949380296843      -0.2538962517120495
                      328        20.84188795450638         15.9767855795001        6888.413014725093        99.99949238772906      -0.2538962550966256
                      329         20.4825981509395        15.95716667950825        6888.412781405088        99.99949098428311      -0.2538962722965872
                      330        21.69639959942738        15.71976777535548        6888.412547368822        99.99948957524853      -0.2538963649140058
                      331        19.39943569442906        15.51616652466984         6888.41232023572        99.99948819963528      -0.2538962912566234
                      332        22.81754932103503        16.74941664546829        6888.412081451012        99.99948676898499      -0.2538962415242381
                      333        20.25021942083081         15.5225253078341        6888.411839796596        99.99948532645853       -0.253896178747187
                      334        21.08934285980158        15.36344305405188         6888.41161074848        99.99948394229251       -0.253896248149891
                      335        21.24564601225751        15.50951639967818        6888.411380605206        99.99948255043375       -0.253896189354613
                      336        19.58762960580524        16.18682367804846        6888.411124871583        99.99948104361543      -0.2538962039579005
                      337        19.62552425025026        14.90386574539997        6888.410889612862        99.99947963096191      -0.2538960231586564
                      338        20.69870704026513        15.94094450062849        6888.410669792735        99.99947828816019      -0.2538960690739804
                      339        18.67554809791908         15.3446408678905        6888.410449332407        99.99947694353193      -0.2538961099562433
                      340         19.2255464274176        14.12072219835292        6888.410212396257        99.99947552264355      -0.2538962905620945
                      341        19.56930800836907        14.87576169255633        6888.409974594426        99.99947410146396      -0.2538962011899354
                      342        20.15913710873588        15.31451290198394        6888.409730871007        99.99947264986618      -0.2538962391403237
                      343        20.84592128447244        15.50098132238716           6888.409490542        99.99947121469741      -0.2538962899638531
                      344        17.75415852052664        14.26764144844326        6888.409265120041        99.99946985208156      -0.2538963645117116
                      345        20.44829487522691        15.53736453149332        6888.409034795417         99.9994684606644      -0.2538964164880575
                      346        20.18852353993221        15.45439845413708        6888.408803236532        99.99946706364993       -0.253896328758632
                      347         20.7753134256255        15.37272492332725        6888.408572778134         99.9994656728923       -0.253896472166128
                      348        17.87245441176274        14.80356206080796         6888.40833851366        99.99946426806432      -0.2538966886542591
                      349        19.73383849911265        15.20397571282413        6888.408115019733        99.99946291154569      -0.2538965743028001
                      350        20.31067054608637        16.28584555772522        6888.407886712347        99.99946153159023       -0.253896808127406
                      351        20.29114366897288        15.13107525408486        6888.407661341196        99.99946016095031      -0.2538969208653192
                      352          20.726147291836          15.798743712586        6888.407439584891         99.9994588101397      -0.2538968887433022
                      353        20.93611289644031        15.47294213056031        6888.407203246757        99.99945739290143      -0.2538969733074428
                      354        21.30455809786584        15.31821571194413        6888.406959058382        99.99945593706259      -0.2538969022823396
                      355        21.57906778784103        15.76537542474516        6888.406723342412        99.99945452070638      -0.2538970403197318
                      356        22.64153567399842        15.67335725273058        6888.406481935383        99.99945308198335      -0.2538969541741949
                      357        21.13768444853304        16.15081766988236        6888.406251056408        99.99945168770623      -0.2538972670943807
                      358        21.39365091383085        15.75731788874849        6888.406008119791        99.99945023843307      -0.2538973572108407
                      359        21.09560469549479        15.11482801929426        6888.405780467545        99.99944885648803      -0.2538973774586619
                      360        21.20487193268726        15.49365306535005        6888.405529028078        99.99944736969748      -0.2538974902452562
                      361        20.47611020494146         15.6058171680985        6888.405305492481        99.99944600794618      -0.2538976123489136
                      362        20.28356678875127        14.90740882137902        6888.405073638981        99.99944460864681      -0.2538975829468355
                      363        21.26481686320048        15.25594044870219        6888.404830036464        99.99944315529974      -0.2538976436664404
                      364        19.55437656591191        15.17511916181903        6888.404607485442        99.99944179914328      -0.2538975025702186
                      365        17.90363988554529        14.48259613170256        6888.404389664849        99.99944046563991      -0.2538973558659823
                      366        18.90289764525449        14.42852661283561        6888.404171286803        99.99943913040164      -0.2538974843574193
                      367        19.89344036091977        15.77392874704066        6888.403935898737        99.99943771660588      -0.2538975485012784
                      368        19.24749095538716        15.54519492229302        6888.403686050855        99.99943623638045      -0.2538974723370249
                      369        20.96227789407421        16.25007523171406        6888.403437989389        99.99943476415648      -0.2538973168044052
                      370        19.77688065582247        15.10684262488275        6888.403204122846        99.99943335879931      -0.2538974406364112
                      371        19.95539558242763        15.54206403597098        6888.402969474369        99.99943194958759      -0.2538973454234079
                      372        20.97513107204993        15.14495903408405        6888.402726885986        99.99943050411453      -0.2538973378621598
                      373         18.8923287125972        14.93334827383377        6888.402484989151         99.9994290616761      -0.2538972822078129
                      374        22.46548234057369        15.83256762939008        6888.402237156155        99.99942758619066      -0.2538969935691178
                      375        22.65067339408837         16.2117715676261        6888.401992577121        99.99942612639614      -0.2538971298356065
                      376        21.16580032594743        15.67110734980431        6888.401755542032        99.99942470534883      -0.2538971280873756
                      377        21.41897342241713        16.20252066869643        6888.401513748762        99.99942326179577      -0.2538968498409666
                      378        18.94361589428011        14.36654739030074        6888.401295569846        99.99942193160415      -0.2538968174133647
                      379        22.63477416137091         16.1938970023638        6888.401052924564        99.99942048544563      -0.2538965511358136
                      380        20.50014855179763        15.22940015614277        6888.400821064829        99.99941908515422      -0.2538966266023852
                      381        20.45535213234174        14.90934709400561        6888.400588980817        99.99941768505994       -0.253896489200244
                      382        19.42277540450631        16.00441808093148        6888.400349512409        99.99941625010115      -0.2538964383355253
                      383        19.71648736206662        15.24567719165605        6888.400110826406         99.9994148229889      -0.2538963296827017
                      384        20.67252592956648        15.00398507993695        6888.399871857226        99.99941339297401      -0.2538963128037846
                      385        19.09595495125865        14.60322478679374        6888.399643839805        99.99941201567144      -0.2538965095347763
                      386        19.60581803830507        15.16416909959392        6888.399395444775        99.99941054267573      -0.2538967171206181
                      387        18.81096416394535         14.8384409062629        6888.399170294118        99.99940917626775      -0.2538967715330989
                      388        19.54706590595939        14.77599653783523        6888.398941238134        99.99940779124617      -0.2538968308158047
                      389        19.49835907710252        15.39465630040949        6888.398716784057        99.99940642698932      -0.2538968411243339
                      390        20.87916525796833        16.38421568595264        6888.398470073424         99.9994049624929      -0.2538968841549849
                      391        20.41528592589485        14.36889092045535         6888.39824291414         99.9994035884925      -0.2538967728256232
                      392        21.80190510140262         15.7406002593823        6888.398003530895        99.99940215505322      -0.2538967889447603
                      393        20.44408288382998        14.44248629732861        6888.397778496454        99.99940079011121      -0.2538966429013731
                      394        20.00913913503904        14.97209746012404        6888.397548324733        99.99939940569519      -0.2538968125292995
                      395         20.3215147234686         16.1243178074178        6888.397292614064        99.99939789828242      -0.2538968297509445
                      396        19.75960486612137        15.62586998125411        6888.397059445789        99.99939649344689      -0.2538968166297995
                      397        19.75230784965819         15.3730364308036        6888.396834276934        99.99939512743114      -0.2538967437722066
                      398         21.1631224424423        15.93218757159417        6888.396599178351        99.99939371587266      -0.2538967064269073
                      399         21.8225117800933        15.70061567693993        6888.396367511874        99.99939231894463      -0.2538968468520562
                      400        20.14167664409494        15.26941502586733        6888.396116461869        99.99939083080349      -0.2538970006116816
                      401        21.45780940975698        15.93070747936682        6888.395878288414        99.99938940458163      -0.2538972553439152
                      402        20.60031490373107        15.26036502131634        6888.395660016232        99.99938806962243       -0.253897242315789
                      403        19.11472853481549         14.7661381866585        6888.395431510409         99.9993866868446      -0.2538971580836566
                      404        18.67966207407288        14.43057542268819        6888.395203476712        99.99938530930243      -0.2538972715561059
                      405        21.81615478922415        15.83953245169152        6888.394956049878        99.99938384064083      -0.2538970967754235
                      406        21.93064193842698        15.74240028378458        6888.394720922478        99.99938242548839      -0.2538969974616583
                      407        20.44591972557449        16.60525260609241        6888.394485986537        99.99938101448254      -0.2538968856031394
                      408        19.81391768199503        14.84877176609783          6888.3942581747        99.99937963665283      -0.2538969413715368
                      409        18.17180331821158        14.76729150944485        6888.394040329227        99.99937830387297      -0.2538969662571144
                      410        21.81189719199062        16.00168492054165        6888.393799846639        99.99937686583988      -0.2538970297779626
                      411        19.05706849615164        14.79423631503855        6888.393571546781        99.99937548463897      -0.2538969524779597
                      412        19.10416860393747        15.08838822148711        6888.393338466548        99.99937408161534      -0.2538967739149172
                      413        19.58973829244396        14.86759544628167        6888.393099093119        99.99937264894876      -0.2538966664197417
                      414        20.92281034712606        15.54022828314714        6888.392860156933        99.99937121716813      -0.2538966166574372
                      415          19.999597217318        15.63163025922052        6888.392622064051        99.99936979116094      -0.2538966457023921
                      416        20.63947826067247        14.88805890678914        6888.392383948473        99.99936836390776      -0.2538966018406708
                      417        18.11562199756624        14.91626446306406        6888.392146792813        99.99936694495328      -0.2538966792310973
                      418        20.91701312073113        15.98185254188828        6888.391904436363        99.99936549801612      -0.2538968001285085
                      419        20.41818199617831        15.09875808033535        6888.391654256475        99.99936402068154      -0.2538968892225384
                      420        21.90406274619512        15.51554935019233        6888.391423892323        99.99936262944738      -0.2538968273223208
                      421        19.46451598326172        15.09505633496988        6888.391180491555        99.99936117842526      -0.2538968161565238
                      422        23.37917815816503        15.75302972557332        6888.390939432385        99.99935973417972      -0.2538967533560168
                      423        17.86340201716521        13.85267375100023        6888.390709185517        99.99935834171744      -0.2538970386293107
                      424          22.265425347312         16.2388757924786        6888.390468165609        99.99935690098413      -0.2538972328329301
                      425          19.927555617458        15.15232273444306        6888.390230114027        99.99935547231151      -0.2538973638058017
                      426        22.39012038325814        16.01213928655464        6888.389986646239        99.99935402359411      -0.2538975301471371
                      427        19.26819923298176        15.15590196298197        6888.389765806996        99.99935267781261      -0.2538974267337686
                      428         20.0227712382979        15.29958803041992        6888.389519853848        99.99935121803172      -0.2538976227527296
                      429        21.39197537532074        15.68225303379535        6888.389283234055        99.99934979920948      -0.2538975647211661
                      430        21.50538116820427        15.93069852804643         6888.38904634649        99.99934837800897      -0.2538976432810145
                      431        20.70825008116757        15.55925023389488        6888.388796581526        99.99934689928942      -0.2538975017878933
                      432        20.57236560383025        14.83338225126212        6888.388575148489        99.99934555261474      -0.2538972616770456
                      433        20.77663101166607        17.14975654547033        6888.388333139729        99.99934410763959      -0.2538973775163775
                      434        20.46700249007845        14.88129750973821        6888.388111058774        99.99934275638559      -0.2538971541026198
                      435        19.97618404941463          15.130828415445        6888.387873348815         99.9993413292878       -0.253896953992518
                      436         20.4695655159564        15.41554222634086         6888.38764162102        99.99933993466351      -0.2538971985357312
                      437        20.14018251155865        14.84287298935844         6888.38741078971         99.9993385431285      -0.2538973806530116
                      438        19.50804024644603        15.10501780687281        6888.387170950521        99.99933711194106      -0.2538973667998103
                      439        20.10505752443928        14.93630749230248        6888.386933638855        99.99933568570722      -0.2538972759652811
                      440        19.81488686614058        14.96848096289052        6888.386705302188        99.99933430457578      -0.2538972805879709
                      441        20.39983595656981        15.83359963744256        6888.386465634618         99.9993328714672      -0.2538972592959601
                      442         19.9799981415418        15.54654499459332         6888.38623296434        99.99933146802991      -0.2538972475048502
                      443        21.02639060332221        16.08521501464967        6888.385980415557        99.99932997956553      -0.2538971547587288
                      444        20.79079012996042         15.6271209735478        6888.385754027696        99.99932860665899      -0.2538971867304358
                      445        18.92037073639866         14.5334027179309        6888.385537595512        99.99932728108044      -0.2538971474660148
                      446        21.25597728387894        16.50829609103181        6888.385306919277        99.99932588522378       -0.253897242544451
                      447        18.59912426806368        14.81123190029373        6888.385083502561        99.99932452728085      -0.2538970967467047
                      448        23.18680952802857        16.20537049626346        6888.384834588535        99.99932304971838      -0.2538969587541118
                      449        21.57381966638335        15.54417430044165        6888.384589594617        99.99932159090643      -0.2538969039613441
                      450         21.5647008060856        15.77664998998588        6888.384355369356        99.99932017777152      -0.2538969186274995
                      451        18.09968050108527        14.65768445124437        6888.384127927346         99.9993188044029      -0.2538966980077522
                      452        19.14298930307547        15.01081698146785        6888.383889091449        99.99931737507404      -0.2538967021587557
                      453        21.99244578777117        16.83866785838024        6888.383637926737        99.99931588638287      -0.2538966131068943
                      454        20.89569057512032        15.93632481709181        6888.383399153368        99.99931445687022      -0.2538965271204674
                      455        22.76704282524664        16.05594361197846        6888.383159618388        99.99931302161917      -0.2538964843450482
                      456        19.67973504957113        15.13144354966449        6888.382925408481        99.99931161157035       -0.253896313864181
                      457        20.42001686969499        15.94372796446015        6888.382688176438        99.99931018626994      -0.2538962799128104
                      458        19.65081754474329        14.60955815159993        6888.382461295417        99.99930881221074       -0.253896259096571
                      459        20.13137083485674        14.79685568203077        6888.382220562906        99.99930737339533      -0.2538961257750287
                      460        19.66877319525028        15.43390596340766        6888.381995229038        99.99930600492925       -0.253896158318847
                      461         18.2730974562363        15.30210128665972        6888.381761539045        99.99930459647159      -0.2538961043381143
                      462        20.54720827825565        15.42446618135142        6888.381531327203        99.99930320344237      -0.2538960961602741
                      463        18.90833706315362        15.14246984019653        6888.381310127743        99.99930185793046      -0.2538961413066634
                      464        20.33172640862373        15.02570574037508         6888.38107958418         99.9993004670625      -0.2538963146701265
                      465        20.20176955798178        15.57105588241998        6888.380851799553        99.99929908810711      -0.2538963080045566
                      466        21.28682024155348        16.04132785577895        6888.380598359189        99.99929759095073      -0.2538960853210881
                      467        19.81087741845947        14.79297739585785        6888.380378856102        99.99929625086008      -0.2538960851174146
                      468        19.35400575676707         14.9188645298473        6888.380153109095        99.99929488217703      -0.2538959239665548
                      469        21.77971203308969        15.59416646654595        6888.379897105156         99.9992933738983       -0.253895933865504
                      470        20.84032677801175         15.0144915849793        6888.379669318159        99.99929199418918      -0.2538958875845498
                      471         19.5091171680796        14.48953757628526        6888.379457804906        99.99929069115117      -0.2538958885281346
                      472        21.56797911763283        15.84201318451186        6888.379203908618        99.99928919406608       -0.253895933217235
                      473         20.1514659522902        15.24192221579976        6888.378958212666        99.99928773162573      -0.2538958122663146
                      474        20.02447623592769        15.06085500574494         6888.37873458003        99.99928636953076      -0.2538959822956661
                      475        19.34361557671646        15.57319007662307         6888.37849323944        99.99928492760876        -0.25389603815906
                      476        18.27811405245054           14.91436385082        6888.378257203625        99.99928350823309      -0.2538959186216623
                      477        19.27365389733034        14.87618041391578        6888.378033682897        99.99928215277794      -0.2538959165804764
                      478        19.94986060702354        15.63281646757796        6888.377803562409        99.99928076518286      -0.2538960794998699
                      479        20.54117300810183        15.56895740628906        6888.377572342821        99.99927937043408       -0.253896051246155
                      480        21.10963760098521        15.50485434332615        6888.377341498989        99.99927797971225      -0.2538962032631895
                      481        19.43711742386643        15.83451096554416        6888.377115568304        99.99927660873828       -0.253896044568716
                      482        19.67820842117585         15.2624077978399         6888.37688173777          99.999275197958      -0.2538960058146618
                      483        20.30863909990756         14.9596357116225        6888.376646736387        99.99927378580824      -0.2538961092560739
                      484        20.55092525841792        14.77866397323905        6888.376417459203        99.99927240040346      -0.2538961674065625
                      485        19.30185916183921        15.32088437137998        6888.376191097757        99.99927102711477      -0.2538962081274114
                      486        19.72039702007627        14.75842042618061        6888.375959444304          99.999269629384        -0.25389639373698
                      487        19.40266774510825        15.33213334764896        6888.375733374123        99.99926825875571      -0.2538964646859867
                      488        18.69551393858326        15.13250055661232        6888.375507215802        99.99926688804752      -0.2538965859546405
                      489        19.77371838045837        15.69517190461192        6888.375280316397        99.99926551448253      -0.2538967342712297
                      490        19.50945400013299        15.25036924368565        6888.375051379778        99.99926413111456      -0.2538965740056973
                      491        19.78118987922671        15.38187692426933           6888.374814212        99.99926270976245      -0.2538965495507508
                      492        22.14095594315745        16.06529621136007         6888.37456551381        99.99926123371246      -0.2538963654593061
                      493        19.02601367832079        14.62766232847535        6888.374337427731        99.99925985436808      -0.2538962690049176
                      494        19.21811121293639        14.86114637951785        6888.374109672434        99.99925847586667      -0.2538961414026559
                      495        21.32466657065122        15.02143024751194        6888.373883343569        99.99925710420743      -0.2538961812622187
                      496        19.11762958490387        15.15453023469671        6888.373658070846        99.99925573727751      -0.2538961251669436
                      497        20.23968101058887        15.52920516426896        6888.373420323516        99.99925431201198      -0.2538962933348969
                      498        19.65024342442648        14.93946124192173        6888.373177905035        99.99925286717506      -0.2538961878734174
                      499         21.4613040456302        15.35876735896911        6888.372947415155        99.99925147543928      -0.2538959133830172
                      500        21.13313750878078        15.24983895459071        6888.372708726694        99.99925004442549      -0.2538959944057773

Final average n0: 20.37503858728447
Final fluctuations n0: 15.47302555977356

Averages:
20.59488096884792
21.44284010580387
19.51885260131298
21.73212038419824
19.15357853167129
20.55065150877231
20.24927266700187
20.13071101669297
20.38183493659811
19.83430802281833
20.18200656977379
20.27198869745925
21.35848959722795
20.74775357961298
21.01147876543124
20.79985351032669
19.41137671060551
19.55542834554791
21.44888711295903
19.84236824073367
19.2848969083147
20.78937776956825
21.02427283970206
19.86970026655845
21.64047194798721
18.78842907916752
22.11185694097733
19.30710444223366
20.11753236902212
19.22626684834741
21.74866627298288
21.51767643257886
21.40589296540638
19.86097943510392
21.28656250547189
19.54732384271223
23.66398112071167
21.37297747597975
23.16794737203325
19.72947166856778
19.93766394179569
19.77105663456801
21.99236740652001
20.73238587190568
21.89762582942415
19.85926558683711
20.00184245550533
20.17371217453497
20.60628525580476
20.04949910327147
19.51370571496507
21.07802103374836
19.38468425853195
20.35497450969044
21.57228897881926
20.49620150562903
21.87631386599998
22.3857175331998
20.35734411718587
21.44117450839077
22.17993292749894
19.66748050094404
20.00314813712362
21.57350783010107
19.05450614928652
21.02625685600221
20.11232608658826
21.41778247046298
20.73109376612891
19.84688755484568
21.224375352709
20.02432150828837
19.97980512199771
22.18410858176939
20.61724147822425
20.63767652060363
20.30594938279181
20.4617074653591
20.43274057371269
21.23442115380904
19.64820057906075
20.25944618704071
20.25446112591101
19.09819985087266
21.74987899087894
19.31560771113289
20.52762107834608
21.70028677881749
19.83100945255732
19.55427637428017
19.4017255306231
20.28775407261627
20.62989478670241
21.95661301238238
20.58399192311879
19.59903724033746
19.49885813678547
20.00490864810568
20.0869570688669
19.62658402606714
20.39780153803221
19.26712345043779
19.12954380014008
20.91817084024038
20.21077057797648
20.14856872312927
22.71666014681466
23.17886055621023
19.47743674703684
22.1847542571632
21.42697314711696
19.83903182005389
18.52409529510188
19.15798953654214
20.9812855373907
19.04888217112608
21.89341409722539
17.57279077789428
19.51651051235592
19.82013826017795
19.11643766517375
19.45897706308708
20.10977713780482
19.92092093815601
19.59575073436121
20.83662990577812
22.02333556192543
20.89396461769922
19.90620592554449
19.57219886896015
21.34212814100474
20.01277646276985
20.3191415315227
20.33996327424776
20.74463021466798
21.30247260460044
19.73098649970486
19.69787229005348
20.60951850522563
19.37595735341003
20.24721692584144
20.98638790764586
20.3820030680896
20.48570631548946
21.39333921631444
21.31340842019307
20.63632542634362
20.8645613852491
21.42469227743204
20.3468330343286
19.9497061746602
21.42977696329143
21.92337960099212
19.96712456110422
19.48933267445394
21.58304510959024
21.7497634223272
20.74895358769506
19.12010361422207
20.30496569681704
20.96427995005614
20.60138865352474
19.57702542051981
21.76513820782066
19.82455000896273
20.1609380539304
20.23541857829609
20.04361494427151
19.24019027687834
20.62357758763905
21.04339294506825
18.95870423497881
21.47262476047786
20.18119074044897
19.94594081549567
18.03724982005662
20.83035044780559
19.22303121182442
18.97543944446883
19.21945114380226
17.53983106102061
22.06716386931845
21.45996736746001
20.51467460104356
21.09581402622339
17.9739735800084
20.82161436052642
19.68893891297938
19.77563265730726
19.59817424298819
19.17197865882471
19.46193442503396
18.53802126666986
20.84001077268275
17.49478621741464
20.52120520735084
22.60204514463281
20.50472472395541
17.08343462701643
19.79861531247665
22.26943127974325
19.30078810250455
19.36735339275749
21.17853453493846
20.44851567630913
19.29790371390636
22.2054153479121
22.0153079197825
20.77574990377346
21.65705932512925
20.08197810517611
22.646584755781
19.92143988639505
22.66496505970962
21.36472498311762
20.4365040910901
19.1648902567385
20.19007354145458
20.6940956205383
20.66679608913157
20.08712077192511
18.96015356192583
19.50216032584805
20.49265625696438
19.24004365465833
20.25320992617101
20.3449404944343
21.20229952319285
20.26008805211364
20.12063971834413
21.14366318434769
20.79502475934354
20.31665724442209
22.61957114688004
21.03420950670354
20.35522120463504
18.68556448900992
21.19941110577022
20.65759187772765
18.62128793868776
20.62924692424115
20.81551077025918
19.71279035679363
21.66374562222985
23.80285681282655
19.59259811935097
20.96416880090255
20.92998645191965
21.81058810848286
21.43686092636658
21.63934748387049
19.29226642797159
19.33315094164545
21.56948666129817
18.3951474550808
21.13479912570467
19.94814194526455
19.64938812346636
21.39022768658161
20.04059765712923
20.24453233562063
18.65810495343338
22.06652549996195
20.06833590887762
18.89640006030807
21.31043490946503
19.33022220330931
21.67770440489857
21.4513955380457
21.11820917357541
19.23680350849018
19.63925322185024
19.45667661404882
20.37165637377013
21.31693202295811
20.55657219855167
19.11634985188672
20.7158106913515
21.44948875162062
19.74098315968334
19.65539301814996
20.06600782289076
21.1531633785753
19.45299892527399
21.34021765311581
22.18504027356922
22.89845252134696
20.83558709462548
22.25533496037918
20.72369052219998
20.00100325874025
21.93639013161648
18.76872725105974
18.00760999721072
20.0273449193243
18.67917603743086
19.45420432497967
19.60549602779733
21.08863555451442
20.62331385059666
20.38832015415627
19.06643014262369
19.06870028007463
20.29970129014789
20.43744028757138
20.7630483328651
20.13996002671732
21.28612788247427
20.30805664963993
21.6908088115158
19.78354050014649
20.59745669049556
20.38953574376441
19.85199554717176
20.64331178966161
21.91001924072468
20.69482623474542
19.73938586791817
20.37150618916868
20.1133458343744
20.18307039357749
20.12601213762139
20.46901697198312
20.26232612581757
20.01667417530156
20.44680531193077
20.02972488104182
20.84188795450638
20.4825981509395
21.69639959942738
19.39943569442906
22.81754932103503
20.25021942083081
21.08934285980158
21.24564601225751
19.58762960580524
19.62552425025026
20.69870704026513
18.67554809791908
19.2255464274176
19.56930800836907
20.15913710873588
20.84592128447244
17.75415852052664
20.44829487522691
20.18852353993221
20.7753134256255
17.87245441176274
19.73383849911265
20.31067054608637
20.29114366897288
20.726147291836
20.93611289644031
21.30455809786584
21.57906778784103
22.64153567399842
21.13768444853304
21.39365091383085
21.09560469549479
21.20487193268726
20.47611020494146
20.28356678875127
21.26481686320048
19.55437656591191
17.90363988554529
18.90289764525449
19.89344036091977
19.24749095538716
20.96227789407421
19.77688065582247
19.95539558242763
20.97513107204993
18.8923287125972
22.46548234057369
22.65067339408837
21.16580032594743
21.41897342241713
18.94361589428011
22.63477416137091
20.50014855179763
20.45535213234174
19.42277540450631
19.71648736206662
20.67252592956648
19.09595495125865
19.60581803830507
18.81096416394535
19.54706590595939
19.49835907710252
20.87916525796833
20.41528592589485
21.80190510140262
20.44408288382998
20.00913913503904
20.3215147234686
19.75960486612137
19.75230784965819
21.1631224424423
21.8225117800933
20.14167664409494
21.45780940975698
20.60031490373107
19.11472853481549
18.67966207407288
21.81615478922415
21.93064193842698
20.44591972557449
19.81391768199503
18.17180331821158
21.81189719199062
19.05706849615164
19.10416860393747
19.58973829244396
20.92281034712606
19.999597217318
20.63947826067247
18.11562199756624
20.91701312073113
20.41818199617831
21.90406274619512
19.46451598326172
23.37917815816503
17.86340201716521
22.265425347312
19.927555617458
22.39012038325814
19.26819923298176
20.0227712382979
21.39197537532074
21.50538116820427
20.70825008116757
20.57236560383025
20.77663101166607
20.46700249007845
19.97618404941463
20.4695655159564
20.14018251155865
19.50804024644603
20.10505752443928
19.81488686614058
20.39983595656981
19.9799981415418
21.02639060332221
20.79079012996042
18.92037073639866
21.25597728387894
18.59912426806368
23.18680952802857
21.57381966638335
21.5647008060856
18.09968050108527
19.14298930307547
21.99244578777117
20.89569057512032
22.76704282524664
19.67973504957113
20.42001686969499
19.65081754474329
20.13137083485674
19.66877319525028
18.2730974562363
20.54720827825565
18.90833706315362
20.33172640862373
20.20176955798178
21.28682024155348
19.81087741845947
19.35400575676707
21.77971203308969
20.84032677801175
19.5091171680796
21.56797911763283
20.1514659522902
20.02447623592769
19.34361557671646
18.27811405245054
19.27365389733034
19.94986060702354
20.54117300810183
21.10963760098521
19.43711742386643
19.67820842117585
20.30863909990756
20.55092525841792
19.30185916183921
19.72039702007627
19.40266774510825
18.69551393858326
19.77371838045837
19.50945400013299
19.78118987922671
22.14095594315745
19.02601367832079
19.21811121293639
21.32466657065122
19.11762958490387
20.23968101058887
19.65024342442648
21.4613040456302
21.13313750878078

Fluctuations:
14.91460712115177
15.79883849667586
14.44503547791247
16.04068292472244
15.48496606425017
15.8349121747217
15.78169955468122
15.62618120503456
15.16119640736586
15.46165873767341
15.54301651079165
15.34376566660416
16.1033966127696
15.47824291433863
15.60367014792979
15.99054240877161
15.07517319660909
15.19829089675698
16.01599307074908
15.42123571130469
15.02335997568422
15.12190855544577
15.68340417119297
15.17192376045015
15.82256823520296
14.42426912157012
15.09309651731668
15.07710258537874
16.32234978232124
15.00622617612077
15.75436865341146
15.98303656959394
15.36429136144915
14.66808107605065
15.82960756079629
14.87109872936344
16.32208243070643
15.76071027123326
16.71709214922013
15.8398682035472
14.63052442678993
15.25526229909134
16.08718555447398
15.51692217829118
16.17029513859849
14.76479203936002
14.92710543048037
15.39877989359588
15.20342783514839
15.31363379213177
15.19323983836324
15.96776160261411
15.12156207629649
15.81685419926768
15.74028340430105
15.20584756089783
15.07266232865699
15.97669757332912
16.10269576356712
15.82766461788091
15.90455098575024
14.41847402332553
15.22416498227003
15.6566865657826
14.20888313874645
15.49837330492861
14.93182958891682
16.21887300841874
15.21026472423347
15.14870733385438
16.23437302805895
15.33371911666963
15.92458151043126
16.70619530629948
15.76934734797364
15.79955724195763
15.31637810294144
15.47072337651691
15.53546522355302
15.76531620255142
15.00961460842033
15.9778695366647
15.26663316820526
15.94127665705634
15.77793421420548
15.28944116154388
15.28615118125728
15.26627698128121
15.52040481266098
15.56929359232278
15.33778990942973
15.16389553074431
15.51038084534853
16.1013390933876
15.65643853314649
15.43116124229053
15.63544065953693
15.83548638331177
15.86046288560806
15.91323087189141
15.36673506889817
14.78529955938539
15.24956170722241
15.51484793645172
15.37078219730584
15.37429011988481
15.92660069733703
14.93887129364626
15.25788723806745
15.76784362809834
15.78228224568967
15.72888810370346
14.6639666713516
15.83711488126396
15.72961774516835
14.92789704408128
16.24575070799152
13.8627429952146
15.12173674623985
15.36426609385399
15.33360394474033
15.73776790526678
14.75788625844698
15.34670372275688
15.27252959380533
16.13380242962437
15.65100023827921
15.90946042114308
15.52910709596225
15.15058457114463
15.35298227163352
14.77439411326216
14.6949725524861
15.5970060764063
15.86593872989465
15.73142891078135
14.82629057516097
14.48274322250733
15.31994112700821
15.2765505995342
15.7678000297439
16.03674792338657
15.31455711235325
14.75482871469245
15.40063426048259
16.21050757155491
15.78376328658443
15.84001595715888
15.63468447069013
16.30583109428951
15.49380275805552
15.06881149340301
15.39265951724253
15.23124250736699
15.13881359325883
14.89200471778198
15.0615670724813
15.71340941451948
15.23185698392251
15.2850268534168
15.22657578619177
14.83843030422503
15.85894585522283
16.04238031977341
16.28793962921025
15.30421985337898
15.08229752469967
15.361234252986
14.71109891980008
15.48053045789423
15.07565478665388
15.19500749569545
15.80810258864966
14.71859048770103
15.93982600859901
14.20774546102475
15.42221739772146
15.37855243519471
14.45859050452265
15.51765408699251
13.61595308851125
15.78683223061354
16.20990449035249
14.87507202219653
16.41487324897901
14.08227721893864
15.48344695261871
15.47156114848011
14.87272730689964
15.06217386327972
14.91966265494199
14.86903700463347
14.58641292143012
15.20898486070138
13.99561893040734
15.13432470357223
15.48610106649053
15.40977925008331
14.26630166605116
15.02754200270062
15.91265827795621
14.90527461171337
15.23833168753477
15.08878221190404
15.24996863858862
14.63232130091156
16.60095518833477
16.72009949560942
15.93071901917561
16.54263124514026
15.59114443997763
16.41458428296208
15.70701382199227
16.76631559354454
16.19246499132586
15.02800006374599
15.4466861808738
15.90968563720265
15.95647605624148
16.16432905884507
15.06999509034452
14.89784643232284
15.75559861800798
16.1911092238123
15.35420743839776
15.22811639064546
15.06964847827689
15.981499618605
15.90818507005829
15.73640125411974
15.56572138203104
15.43087437866149
15.23268485200685
16.00970821262825
16.27257382989609
15.25466945071793
14.23686799943884
14.93569511985189
15.49478941737801
14.55364636549505
15.00749279865349
16.27608829134057
14.76130643059219
16.24717643815857
16.46154373937863
16.27868808829542
15.6439743664742
15.65929950941639
15.36791916292222
16.09830272549842
15.76166902128229
14.71382056622689
15.32330391898314
15.45304292118781
14.69119310132369
15.71571170607235
15.76953786553355
15.22131211832029
16.19751358591566
14.81409108986935
15.63665826891468
14.55415647999105
15.60234145969136
15.07221739557214
14.97103687030482
16.48513765504338
15.32767219192874
15.95938345614715
15.99289604033323
15.69428651625641
15.16107707212856
16.06923464187618
15.7637554270242
15.01877587895994
16.24275112519312
15.94660076280847
15.63969260575304
15.00365127111537
15.82210359784665
15.49821784189237
15.16194902345226
14.59042288021523
15.64536571838446
15.27920731254813
16.69357561511006
16.09786956632424
16.41934717536746
15.43892480618821
16.68184069571788
15.46921871722359
14.79319941490948
16.39504009031312
14.92248349426387
14.14857445826797
15.15912070646482
14.84460378744796
15.4604989450159
15.39835381069735
15.47601633036203
16.06779695904984
15.12688614530669
14.8224641292711
14.87862850457224
14.40309873830165
15.71464621543187
15.89832292780175
15.30169112656594
15.68006579227587
15.07991491474223
15.77027028845979
15.29397223535227
16.24314555681845
16.18538687151202
15.4644383491381
15.94711502415918
16.04246690983343
16.18443587049045
14.42114445646298
15.07833551108035
14.74212449105634
15.92193163919747
15.04016033330879
14.9579574743933
15.61695150641791
14.90251885579693
15.26453443254683
15.08275389408667
15.9767855795001
15.95716667950825
15.71976777535548
15.51616652466984
16.74941664546829
15.5225253078341
15.36344305405188
15.50951639967818
16.18682367804846
14.90386574539997
15.94094450062849
15.3446408678905
14.12072219835292
14.87576169255633
15.31451290198394
15.50098132238716
14.26764144844326
15.53736453149332
15.45439845413708
15.37272492332725
14.80356206080796
15.20397571282413
16.28584555772522
15.13107525408486
15.798743712586
15.47294213056031
15.31821571194413
15.76537542474516
15.67335725273058
16.15081766988236
15.75731788874849
15.11482801929426
15.49365306535005
15.6058171680985
14.90740882137902
15.25594044870219
15.17511916181903
14.48259613170256
14.42852661283561
15.77392874704066
15.54519492229302
16.25007523171406
15.10684262488275
15.54206403597098
15.14495903408405
14.93334827383377
15.83256762939008
16.2117715676261
15.67110734980431
16.20252066869643
14.36654739030074
16.1938970023638
15.22940015614277
14.90934709400561
16.00441808093148
15.24567719165605
15.00398507993695
14.60322478679374
15.16416909959392
14.8384409062629
14.77599653783523
15.39465630040949
16.38421568595264
14.36889092045535
15.7406002593823
14.44248629732861
14.97209746012404
16.1243178074178
15.62586998125411
15.3730364308036
15.93218757159417
15.70061567693993
15.26941502586733
15.93070747936682
15.26036502131634
14.7661381866585
14.43057542268819
15.83953245169152
15.74240028378458
16.60525260609241
14.84877176609783
14.76729150944485
16.00168492054165
14.79423631503855
15.08838822148711
14.86759544628167
15.54022828314714
15.63163025922052
14.88805890678914
14.91626446306406
15.98185254188828
15.09875808033535
15.51554935019233
15.09505633496988
15.75302972557332
13.85267375100023
16.2388757924786
15.15232273444306
16.01213928655464
15.15590196298197
15.29958803041992
15.68225303379535
15.93069852804643
15.55925023389488
14.83338225126212
17.14975654547033
14.88129750973821
15.130828415445
15.41554222634086
14.84287298935844
15.10501780687281
14.93630749230248
14.96848096289052
15.83359963744256
15.54654499459332
16.08521501464967
15.6271209735478
14.5334027179309
16.50829609103181
14.81123190029373
16.20537049626346
15.54417430044165
15.77664998998588
14.65768445124437
15.01081698146785
16.83866785838024
15.93632481709181
16.05594361197846
15.13144354966449
15.94372796446015
14.60955815159993
14.79685568203077
15.43390596340766
15.30210128665972
15.42446618135142
15.14246984019653
15.02570574037508
15.57105588241998
16.04132785577895
14.79297739585785
14.9188645298473
15.59416646654595
15.0144915849793
14.48953757628526
15.84201318451186
15.24192221579976
15.06085500574494
15.57319007662307
14.91436385082
14.87618041391578
15.63281646757796
15.56895740628906
15.50485434332615
15.83451096554416
15.2624077978399
14.9596357116225
14.77866397323905
15.32088437137998
14.75842042618061
15.33213334764896
15.13250055661232
15.69517190461192
15.25036924368565
15.38187692426933
16.06529621136007
14.62766232847535
14.86114637951785
15.02143024751194
15.15453023469671
15.52920516426896
14.93946124192173
15.35876735896911
15.24983895459071

Last point and parameters for further simulation:
100
8
0.5
contact

0.8291404944376063
0.9269056551918474
0.6625096723128678
-0.5920888497912927
2.393484935665567
0.2483609436336677
1.711719017852369
-0.5727619600584313
0.7177416284498924
-0.3752217170869885
1.089523675466807
0.9393067621903375
0.09401966128052618
-1.354868042050363
-0.7762766991476948
1.984933906299423
-0.122996499558668
-1.765822661697721
-0.8063678731914247
0.7140652042486889
0.6355284190163283
-1.567945593782778
-1.118541015948847
-0.5895230431960377
-0.05679388366728601
-7.406879549921031
2.072976383818463
1.991375779930362
0.1411067883591183
2.282488307578019
0.859078827454408
0.7758185668107344
0.8533231889089916
-0.567654930347946

Final quantities:
20.37503858728447
15.47302555977356
