Number of particles: 100
Nmax: 1
Gamma: 0.25
Interaction type: contact
Step size: 0.0003
Batch size: 200000
Batch count: 350
             Batch number               Average n0          Fluctuations n0                   Energy           Particle count                 Momentum
                        1        98.79685109685789       0.8481170080798902        2503.170372350868        100.0000359036348    6.981754853629951e-05
                        2        98.79686719536944       0.8480964572166767        2503.170294395799        100.0000343524424    6.981754130919171e-05
                        3        98.79688749911818       0.8480748653337319        2503.170216440585        100.0000328012472    6.981753391988033e-05
                        4         98.7969111085126       0.8480553215729262        2503.170138485384        100.0000312500523     6.98175265547718e-05
                        5        98.79693702365945       0.8480404995375551        2503.170060530446        100.0000296988629    6.981751918433421e-05
                        6        98.79696419706262         0.84803228265488        2503.169982575366        100.0000281476707    6.981751180812346e-05
                        7        98.79699158285597       0.8480315412161537        2503.169904620277        100.0000265964785    6.981750453349811e-05
                        8        98.79701817922405       0.8480380792311768        2503.169826665041        100.0000250452835    6.981749729167985e-05
                        9        98.79704306217828       0.8480507340414039        2503.169748710351        100.0000234940996    6.981748983453384e-05
                       10        98.79706540988505       0.8480675985205498        2503.169670755736        100.0000219429171    6.981748244341834e-05
                       11        98.79708451820959       0.8480863135442197        2503.169592800496        100.0000203917223    6.981747516834891e-05
                       12        98.79709980890152       0.8481043854638987        2503.169514845059        100.0000188405236    6.981746782620812e-05
                       13        98.79711083229972       0.8481194927807457        2503.169436890011        100.0000172893327    6.981746069246314e-05
                       14        98.79711726655117       0.8481297438589859        2503.169358934626         100.000015738135    6.981745346387735e-05
                       15         98.7971189153607       0.8481338777021258        2503.169280979221        100.0000141869369    6.981744606750911e-05
                       16        98.79711570574601       0.8481313878575223        2503.169203024211        100.0000126357468    6.981743864786782e-05
                       17        98.79710768678802        0.848122571220108        2503.169125069275         100.000011084558    6.981743134960861e-05
                       18        98.79709502982367       0.8481084981031444        2503.169047113866        100.0000095333596    6.981742397996205e-05
                       19         98.7970780298768       0.8480909029487308        2503.168969158464        100.0000079821614    6.981741664391361e-05
                       20        98.79705710730917       0.8480720057246158        2503.168891203625        100.0000064309743    6.981740936817804e-05
                       21        98.79703280853775       0.8480542657188741        2503.168813248109        100.0000048797735    6.981740214850873e-05
                       22        98.79700580385895        0.848040089466094        2503.168735293234        100.0000033285854    6.981739474659632e-05
                       23        98.79697688048458       0.8480315174028641        2503.168657337873        100.0000017773874    6.981738731726139e-05
                       24        98.79694692886815        0.848029926546197        2503.168579383174        100.0000002262025    6.981738002476146e-05
                       25        98.79691692082463        0.848035790220657        2503.168501428415        99.99999867501614    6.981737265399079e-05
                       26        98.79688787872655       0.8480485467338704        2503.168423474388         99.9999971238443    6.981736540012662e-05
                       27        98.79686083608016       0.8480666094225143        2503.168345519898          99.999995572663    6.981735812683354e-05
                       28        98.79683679114035       0.8480875403311068        2503.168267565071        99.99999402147481    6.981735089994778e-05
                       29        98.79681665641424       0.8481083792576805        2503.168189610751        99.99999247029663    6.981734358513236e-05
                       30        98.79680120790943       0.8481260834847345        2503.168111655033        99.99999091909035    6.981733627631215e-05
                       31        98.79679103899656       0.8481380104163146        2503.168033700936         99.9999893679164    6.981732903965643e-05
                       32        98.79678652323558       0.8481423525367994        2503.167955746496        99.99998781673554    6.981732168820365e-05
                       33         98.7967877902723       0.8481384437048972        2503.167877792366        99.99998626556085    6.981731441468852e-05
                       34        98.79679471758413       0.8481268720288055        2503.167799838072        99.99998471438298    6.981730715494017e-05
                       35        98.79680693877694       0.8481093761139217        2503.167721883554        99.99998316320068    6.981729975841233e-05
                       36        98.79682386773851       0.8480885491723793        2503.167643928708        99.99998161201188    6.981729249933011e-05
                       37         98.7968447357419       0.8480674091515854        2503.167565973473         99.9999800608154    6.981728508370644e-05
                       38        98.79686863763494       0.8480489191762877        2503.167488018814        99.99997850963058    6.981727773336388e-05
                       39        98.79689458247174       0.8480355467844761        2503.167410063562        99.99997695843403    6.981727042987274e-05
                       40        98.79692154395127        0.848028931410128        2503.167332109492        99.99997540726127    6.981726319765791e-05
                       41        98.79694850672026       0.8480297045761608          2503.1672541543        99.99997385606618    6.981725588572907e-05
                       42        98.79697450570715       0.8480374706647582        2503.167176198652        99.99997230486207    6.981724849802751e-05
                       43        98.79699865683303       0.8480509316730518        2503.167098243564        99.99997075366927    6.981724111698728e-05
                       44        98.79702017875266       0.8480681175087698        2503.167020288667        99.99996920248036    6.981723377288973e-05
                       45        98.79703840634818       0.8480866764717363        2503.166942333421        99.99996765128452    6.981722636306698e-05
                       46        98.79705279753306       0.8481041831787572         2503.16686437894        99.99996610010403    6.981721906318406e-05
                       47        98.79706293501594       0.8481184255783616        2503.166786423937        99.99996454891311    6.981721169749266e-05
                       48        98.79706852524737       0.8481276486100133        2503.166708468201        99.99996299770757    6.981720434580743e-05
                       49        98.79706939614722       0.8481307328329929        2503.166630512905        99.99996144651084    6.981719707955039e-05
                       50        98.79706549499627       0.8481273042217685        2503.166552557724        99.99995989531629     6.98171898128111e-05
                       51         98.7970568874718       0.8481177686017618        2503.166474602872        99.99995834412832    6.981718259531366e-05
                       52        98.79704375803077       0.8481032714864438        2503.166396647977        99.99995679293939    6.981717540777144e-05
                       53        98.79702641132629       0.8480855834730805        2503.166318692372        99.99995524173617    6.981716814272176e-05
                       54         98.7970052738431       0.8480669174445481        2503.166240737091        99.99995369053933    6.981716085624479e-05
                       55        98.79698089431572        0.848049684288196        2503.166162782748        99.99995213936111    6.981715344434036e-05
                       56        98.79695394110205       0.8480362074679592        2503.166084827541        99.99995058816546    6.981714600229338e-05
                       57         98.7969251948539       0.8480284207622089        2503.166006873237         99.9999490369877    6.981713864251393e-05
                       58        98.79689553449103       0.8480275836600392        2503.165928917974        99.99994748579059    6.981713126896771e-05
                       59        98.79686591515571       0.8480340607289792        2503.165850963186        99.99994593460281    6.981712401166185e-05
                       60        98.79683733770136       0.8480472064803327        2503.165773008694        99.99994438342071    6.981711668019308e-05
                       61        98.79681080988766       0.8480653882088203        2503.165695054093        99.99994283223633     6.98171094009048e-05
                       62        98.79678730120185       0.8480861695616125          2503.1656170997        99.99994128105594    6.981710197906388e-05
                       63         98.7967676939063        0.848106638359108        2503.165539145582        99.99993972988091     6.98170945618859e-05
                       64        98.79675273434238       0.8481238354410645        2503.165461190503        99.99993817868655    6.981708717579416e-05
                       65        98.79674298884551       0.8481352207976807        2503.165383235907        99.99993662750173    6.981707980191487e-05
                       66         98.7967388085959       0.8481390889533685        2503.165305281298        99.99993507631663    6.981707240827362e-05
                       67        98.79674030728565       0.8481348522074987        2503.165227326816        99.99993352513411    6.981706502751095e-05
                       68        98.79674735388286       0.8481231410282227        2503.165149373048        99.99993197396589     6.98170577344559e-05
                       69        98.79675958147817       0.8481056935006074        2503.165071418521        99.99993042278251     6.98170505382123e-05
                       70        98.79677641107318       0.8480850631625436         2503.16499346392        99.99992887159777    6.981704323227866e-05
                       71        98.79679708781384       0.8480642016888225        2503.164915509412        99.99992732041497    6.981703597652711e-05
                       72        98.79682072570668       0.8480459952629736        2503.164837554685         99.9999257692279     6.98170286796973e-05
                       73        98.79684635649866       0.8480328421077763        2503.164759600177        99.99992421804534     6.98170213958571e-05
                       74        98.79687297827125       0.8480263338502734        2503.164681645729        99.99992266686414     6.98170140288612e-05
                       75          98.796899600101       0.8480270822904322        2503.164603691504        99.99992111568751    6.981700673425184e-05
                       76         98.7969252798901       0.8480347030603822        2503.164525737118        99.99991956450776    6.981699941333019e-05
                       77        98.79694915401186       0.8480479351602876        2503.164447782125        99.99991801331598    6.981699208524761e-05
                       78        98.79697045835866       0.8480648625376581        2503.164369827347        99.99991646212855    6.981698482341758e-05
                       79        98.79698854146852       0.8480831936703668         2503.16429187324        99.99991491095459    6.981697745200854e-05
                       80        98.79700287110181        0.848100559324891        2503.164213918695        99.99991335977198    6.981697015290278e-05
                       81        98.79701303613136       0.8481147895292093        2503.164135963776        99.99991180858188     6.98169627896747e-05
                       82        98.79701874556078       0.8481241504244531         2503.16405801054        99.99991025742544    6.981695552978756e-05
                       83        98.79701982626177       0.8481275183155425        2503.163980056271        99.99990870624831    6.981694823612536e-05
                       84        98.79701622098071        0.848124490718636        2503.163902102393        99.99990715507899    6.981694092639268e-05
                       85        98.79700798734839       0.8481154206532431        2503.163824147937        99.99990560389803    6.981693355188889e-05
                       86        98.79699529811768        0.848101383486362         2503.16374619321        99.99990405271159    6.981692625346314e-05
                       87        98.79697844253079       0.8480840712258289        2503.163668238314        99.99990250152165     6.98169190022635e-05
                       88        98.79695782793803       0.8480656186342412        2503.163590284227        99.99990095034779    6.981691165386383e-05
                       89        98.79693398023531        0.848048373369205        2503.163512329515        99.99989939916134    6.981690454899159e-05
                       90        98.79690754177958       0.8480346230474244        2503.163434375339        99.99989784798547    6.981689731438978e-05
                       91        98.79687926470133       0.8480263026409874        2503.163356420657        99.99989629679922    6.981688999607716e-05
                       92        98.79684999806236       0.8480247175648901        2503.163278466168        99.99989474561677    6.981688270391029e-05
                       93        98.79682066745517       0.8480303240123647        2503.163200512379        99.99989319444809     6.98168754773576e-05
                       94        98.79679224638254       0.8480426021819888        2503.163122558495        99.99989164327735    6.981686820006772e-05
                       95        98.79676571970923       0.8480600661075854        2503.163044604141        99.99989009209705    6.981686076845683e-05
                       96        98.79674204070717       0.8480804199823225        2503.162966649926        99.99988854091939    6.981685346985067e-05
                       97        98.79672208412781       0.8481008587554763        2503.162888695198        99.99988698973131    6.981684618101447e-05
                       98        98.79670659898602       0.8481184735110462        2503.162810741231        99.99988543855825    6.981683882822942e-05
                       99        98.79669616517174       0.8481307007299899        2503.162732787564        99.99988388739121    6.981683149276385e-05
                      100         98.7966911581353       0.8481357331088463        2503.162654834297        99.99988233623209    6.981682429207936e-05
                      101        98.79669172529626       0.8481328184189123        2503.162576880766        99.99988078506766    6.981681705298115e-05
                      102        98.79669777678599       0.8481223831052137        2503.162498926499        99.99987923388855    6.981680972839577e-05
                      103        98.79670899152603        0.848105959433487        2503.162420973264        99.99987768273013    6.981680246287425e-05
                      104        98.79672483789473       0.8480859295598039        2503.162343018989        99.99987613155099    6.981679511142147e-05
                      105        98.79674460679684       0.8480651380634029        2503.162265064384        99.99987458036539    6.981678783091194e-05
                      106        98.79676745371162       0.8480464472614938        2503.162187110102         99.9998730291863    6.981678059503338e-05
                      107        98.79679244531982       0.8480323164797159        2503.162109155609        99.99987147800314    6.981677333994796e-05
                      108        98.79681860678849       0.8480244716084051        2503.162031201171        99.99986992682121    6.981676597483943e-05
                      109        98.79684496575862       0.8480237104558948        2503.161953247141        99.99986837564757    6.981675865758152e-05
                      110        98.79687059032193       0.8480298550858132        2503.161875293339        99.99986682447863    6.981675131700893e-05
                      111        98.79689461931241       0.8480418434502165        2503.161797339462        99.99986527330825    6.981674405132088e-05
                      112        98.79691628432838       0.8480579246367888        2503.161719384624         99.9998637221187    6.981673671235811e-05
                      113        98.79693492399534       0.8480759201572786        2503.161641430985        99.99986217095324    6.981672942324435e-05
                      114        98.79694999157931       0.8480935100557123        2503.161563477108        99.99986061978304     6.98167222358409e-05
                      115         98.7969610576821       0.8481085073642192        2503.161485523614        99.99985906862052    6.981671478531459e-05
                      116        98.79696780977167       0.8481190971858241        2503.161407569423         99.9998575174441    6.981670750077357e-05
                      117        98.79697005021919       0.8481240200962016        2503.161329614501        99.99985596625302    6.981670001791201e-05
                      118        98.79696769420335       0.8481226951712443        2503.161251660191        99.99985441507418    6.981669270520602e-05
                      119        98.79696076838724       0.8481152726574012        2503.161173705365        99.99985286388495    6.981668545714276e-05
                      120        98.79694941089377       0.8481026188434195        2503.161095751549        99.99985131271588    6.981667801266023e-05
                      121        98.79693387235776        0.848086232309296        2503.161017796929        99.99984976153061    6.981667080857568e-05
                      122        98.79691451750135       0.8480680946145083        2503.160939842988        99.99984821035883     6.98166634135744e-05
                      123        98.79689182608394       0.8480504629327051        2503.160861888655        99.99984665917908    6.981665612526555e-05
                      124        98.79686639174031       0.8480356153647922        2503.160783934237         99.9998451079975      6.9816648752552e-05
                      125        98.79683891702452        0.848025574337119        2503.160705980351        99.99984355682641    6.981664152838629e-05
                      126        98.79681020299574       0.8480218289560026        2503.160628026095        99.99984200564774    6.981663427174656e-05
                      127        98.79678113188824       0.8480251021529474        2503.160550072179         99.9998404544757    6.981662690652701e-05
                      128         98.7967526420278       0.8480351978394282        2503.160472117782        99.99983890329388    6.981661955118845e-05
                      129        98.79672569501291       0.8480509636375105        2503.160394164617        99.99983735213651    6.981661225546887e-05
                      130         98.7967012360549       0.8480703951726108        2503.160316210678         99.9998358009635    6.981660499705278e-05
                      131        98.79668014965412       0.8480908836186777        2503.160238256402        99.99983424978359    6.981659769800252e-05
                      132        98.79666321387103       0.8481095762026651        2503.160160302519        99.99983269861146    6.981659046090272e-05
                      133        98.79665105667165          0.8481238043233          2503.1600823491        99.99983114744843    6.981658313054417e-05
                      134        98.79664411876996       0.8481314999611081        2503.160004394886        99.99982959626951    6.981657584659295e-05
                      135        98.79664262651129        0.848131531731652        2503.159926440771        99.99982804509251    6.981656854532226e-05
                      136        98.79664657776146       0.8481238889733108        2503.159848487127        99.99982649392497    6.981656116500368e-05
                      137        98.79665574224985           0.848109682514        2503.159770533391        99.99982494275561    6.981655397342301e-05
                      138        98.79666967642905       0.8480909596530771        2503.159692579583         99.9998233915849    6.981654666193826e-05
                      139        98.79668775115395       0.8480703708102565        2503.159614625517        99.99982184040913    6.981653927640163e-05
                      140        98.79670918927738       0.8480507545274041        2503.159536672265        99.99982028924974    6.981653187909664e-05
                      141        98.79673310933653         0.84803471243809        2503.159458718451        99.99981873807923    6.981652449522535e-05
                      142        98.79675857135146        0.848024250245041        2503.159380764569        99.99981718690749    6.981651704474068e-05
                      143        98.79678462089936       0.8480205338314315        2503.159302811278        99.99981563574767    6.981650974946518e-05
                      144         98.7968103283404       0.8480237840939454        2503.159224857347        99.99981408457519    6.981650244197724e-05
                      145        98.79683482122381       0.8480333137020668        2503.159146903357        99.99981253340158    6.981649511583754e-05
                      146        98.79685730891453       0.8480476748471193        2503.159068949499        99.99981098223073    6.981648782578009e-05
                      147        98.79687709939243       0.8480648909679177         2503.15899099581         99.9998094310633     6.98164805180701e-05
                      148        98.79689360921682       0.8480827253253409        2503.158913041161        99.99980787987676    6.981647319743989e-05
                      149        98.79690636804094       0.8480989550512741        2503.158835086976        99.99980632869956    6.981646579547196e-05
                      150        98.79691501932713       0.8481116178195695        2503.158757134026        99.99980477754704    6.981645837090059e-05
                      151        98.79691931882539       0.8481192155579449        2503.158679179699        99.99980322636699    6.981645096424891e-05
                      152        98.79691913253117       0.8481208616690724        2503.158601225906        99.99980167519759    6.981644360620765e-05
                      153        98.79691443497117       0.8481163618194603        2503.158523271716        99.99980012402023    6.981643629999645e-05
                      154        98.79690530857803       0.8481062307903964         2503.15844531858         99.9997985728639    6.981642909979768e-05
                      155        98.79689194419015       0.8480916448717613        2503.158367364837         99.9997970216953    6.981642189657356e-05
                      156        98.79687464250195       0.8480743263114114        2503.158289412122        99.99979547054718    6.981641463579824e-05
                      157        98.79685381539078       0.8480563713009244        2503.158211458618        99.99979391938318    6.981640722980575e-05
                      158        98.79682998600326       0.8480400251298905        2503.158133505623        99.99979236822927    6.981640001130218e-05
                      159        98.79680378607641       0.8480274228284106        2503.158055552372        99.99979081707008    6.981639259767691e-05
                      160        98.79677594876536       0.8480203183324961        2503.157977599095         99.9997892659102    6.981638538827717e-05
                      161         98.7967472955673       0.8480198341088175        2503.157899645883        99.99978771475142    6.981637796232842e-05
                      162        98.79671871613995       0.8480262671246042        2503.157821692789        99.99978616359486    6.981637062186685e-05
                      163        98.79669114056621       0.8480389905377769        2503.157743739506        99.99978461243434    6.981636334657537e-05
                      164        98.79666550450867       0.8480564795975916        2503.157665786314        99.99978306127549    6.981635600222802e-05
                      165         98.7966427087033         0.84807647581183        2503.157587833297        99.99978151011993    6.981634863700847e-05
                      166         98.7966235751405       0.8480962798135117        2503.157509879694        99.99977995895254    6.981634131575376e-05
                      167         98.7966088034659       0.8481131351511592        2503.157431926153        99.99977840778628    6.981633406022425e-05
                      168        98.79659893121855       0.8481246440242671        2503.157353973028        99.99977685662829    6.981632669766924e-05
                      169        98.79659430178185       0.8481291456304195        2503.157276019422        99.99977530546062    6.981631934399601e-05
                      170        98.79659504330226       0.8481259826594946         2503.15719806574        99.99977375429143    6.981631195879245e-05
                      171        98.79660106092199       0.8481156066292288        2503.157120112502        99.99977220313109    6.981630460911603e-05
                      172        98.79661204290777       0.8480995041030326         2503.15704215906        99.99977065196677     6.98162972474492e-05
                      173         98.7966274802876       0.8480799527993365        2503.156964205553        99.99976910080122     6.98162899770427e-05
                      174        98.79664669774078       0.8480596613777666        2503.156886251931        99.99976754963346    6.981628271740536e-05
                      175        98.79666889261141       0.8480413555077226        2503.156808298592        99.99976599847146    6.981627544067059e-05
                      176        98.79669317820438       0.8480273875566003        2503.156730344909        99.99976444730272    6.981626819912989e-05
                      177        98.79671862770701       0.8480194270914752        2503.156652391918        99.99976289614793     6.98162607948305e-05
                      178        98.79674431514007       0.8480182753879004        2503.156574438763        99.99976134499001    6.981625340629627e-05
                      179        98.79676935091287       0.8480238154341675        2503.156496484817        99.99975979381632    6.981624608115578e-05
                      180        98.79679291035083       0.8480350912742319        2503.156418530757        99.99975824264048    6.981623870150333e-05
                      181        98.79681425467794       0.8480504815805268        2503.156340576822        99.99975669146724     6.98162312704198e-05
                      182         98.7968327447622       0.8480679408997103        2503.156262622976        99.99975514029582     6.98162240355682e-05
                      183        98.79684784869609       0.8480852630017898        2503.156184669082         99.9997535891235    6.981621670903992e-05
                      184        98.79685914471737       0.8481003389829992          2503.1561067151        99.99975203794945    6.981620943406763e-05
                      185        98.79686632102566       0.8481113834871101        2503.156028761945        99.99975048679192    6.981620226913926e-05
                      186         98.7968691740119       0.8481171127688711        2503.155950807753        99.99974893561365    6.981619500150485e-05
                      187        98.79686760626302       0.8481168675340766        2503.155872854018        99.99974738444448    6.981618768612044e-05
                      188        98.79686162521386       0.8481106708926385        2503.155794899766        99.99974583326498    6.981618034170023e-05
                      189        98.79685134286886       0.8480992272597589        2503.155716947035         99.9997442821158    6.981617299549325e-05
                      190        98.79683697662293       0.8480838528679039        2503.155638993467        99.99974273094981    6.981616560841619e-05
                      191        98.79681885070718       0.8480663528685951        2503.155561039942        99.99974117978461    6.981615825205068e-05
                      192        98.79679739728751       0.8480488354110767        2503.155483086178        99.99973962861448    6.981615096801619e-05
                      193        98.79677315597429       0.8480334873883359        2503.155405133524        99.99973807746639    6.981614357187693e-05
                      194        98.79674677013432       0.8480223163316603        2503.155327180098        99.99973652630278    6.981613609680082e-05
                      195        98.79671897868175       0.8480168941868873        2503.155249226585        99.99973497513724    6.981612876333365e-05
                      196        98.79669060173154       0.8480181245501544        2503.155171273342        99.99973342397691    6.981612137391124e-05
                      197        98.79666251933452       0.8480260769259598        2503.155093320043         99.9997318728153    6.981611409273558e-05
                      198        98.79663564302651       0.8480399203091321        2503.155015366386         99.9997303216464    6.981610663747695e-05
                      199        98.79661088075211       0.8480579788724292         2503.15493741332         99.9997287704891     6.98160992478325e-05
                      200         98.7965890968448       0.8480779218475502        2503.154859460426        99.99972721933513    6.981609180001236e-05
                      201        98.79657106964487       0.8480970698169403        2503.154781507074        99.99972566817182    6.981608454958987e-05
                      202        98.79655744995387       0.8481127761094548        2503.154703553609         99.9997241170062    6.981607728206995e-05
                      203        98.79654872413596       0.8481228266053046        2503.154625600574        99.99972256584908    6.981606990708045e-05
                      204        98.79654518518193        0.848125785140775        2503.154547647789        99.99972101469692     6.98160625089983e-05
                      205        98.79654691499441       0.8481212231941662        2503.154469694088        99.99971946352639     6.98160551191318e-05
                      206        98.79655377943307       0.8481097861744018        2503.154391740708        99.99971791236241    6.981604785671891e-05
                      207        98.79656543698377       0.8480930894992944        2503.154313787737        99.99971636120657     6.98160406360504e-05
                      208        98.79658135974613        0.848073458102769        2503.154235834216        99.99971481003989    6.981603329747621e-05
                      209        98.79660086486838       0.8480535653387968        2503.154157880731        99.99971325887398    6.981602593514324e-05
                      210        98.79662315310478       0.8480360331441265        2503.154079927165        99.99971170770655    6.981601876676624e-05
                      211        98.79664735086845       0.8480230663519225        2503.154001974303        99.99971015655338    6.981601140432225e-05
                      212        98.79667255222563       0.8480161703536855        2503.153924022249         99.9997086054164    6.981600399980081e-05
                      213        98.79669785763751       0.8480159939794093        2503.153846068762        99.99970705425099    6.981599664257487e-05
                      214        98.79672240733488       0.8480223002453959        2503.153768115535        99.99970550309081    6.981598933564204e-05
                      215        98.79674540769747       0.8480340573732074        2503.153690162079        99.99970395192618    6.981598197647321e-05
                      216         98.7967661504679       0.8480496171632661         2503.15361220876        99.99970240076438    6.981597459840283e-05
                      217        98.79678402514577       0.8480669520873412        2503.153534255954        99.99970084961284    6.981596728966588e-05
                      218         98.7967985256612       0.8480839096896143        2503.153456302271        99.99969929844383    6.981595996821688e-05
                      219        98.79680925275811       0.8480984586204052        2503.153378349929        99.99969774730167    6.981595264457519e-05
                      220        98.79681591353376        0.848108900988757        2503.153300396848        99.99969619614475     6.98159454629449e-05
                      221        98.79681831967359       0.8481140406892439        2503.153222443394        99.99969464498035     6.98159381964901e-05
                      222        98.79681638558577       0.8481132933091908        2503.153144490488        99.99969309382686    6.981593095403346e-05
                      223        98.79681012712526       0.8481067383051495        2503.153066537011        99.99969154266194    6.981592355592703e-05
                      224        98.79679966144941       0.8480951115867859        2503.152988584618        99.99968999151864    6.981591624952155e-05
                      225         98.7967852078787       0.8480797358881133        2503.152910631034        99.99968844035139    6.981590880844601e-05
                      226        98.79676708927774       0.8480623954438316        2503.152832677712        99.99968688918933    6.981590155052952e-05
                      227        98.79674573308587       0.8480451568740401        2503.152754724145        99.99968533802227    6.981589423649126e-05
                      228        98.79672167065857       0.8480301485901763        2503.152676771327        99.99968378687001    6.981588697352326e-05
                      229        98.79669553359848        0.848019314970929        2503.152598818652         99.9996822357205    6.981587967591629e-05
                      230        98.79666804553095       0.8480141660433969        2503.152520865995        99.99968068457116    6.981587240051379e-05
                      231        98.79664000811437       0.8480155579255677        2503.152442912957        99.99967913341408    6.981586514354099e-05
                      232        98.79661228031966       0.8480235363654403        2503.152364959892        99.99967758225625    6.981585775633903e-05
                      233         98.7965857508938       0.8480372729774222        2503.152287006822        99.99967603109818    6.981585039012028e-05
                      234        98.79656130447438       0.8480551243734252        2503.152209053946        99.99967447994376    6.981584297438559e-05
                      235        98.79653978305154       0.8480748147400465        2503.152131101886        99.99967292880558    6.981583580989437e-05
                      236        98.79652194511965       0.8480937311264647         2503.15205314907        99.99967137765211    6.981582853993196e-05
                      237        98.79650842577207       0.8481092926656717        2503.151975196739        99.99966982650827    6.981582125953345e-05
                      238        98.79649970109517       0.8481193334281816        2503.151897244676        99.99966827536964    6.981581398646242e-05
                      239        98.79649606027684       0.8481224369335238         2503.15181929263        99.99966672423136    6.981580658016462e-05
                      240        98.79649758828045       0.8481181595732527        2503.151741340611         99.9996651730936    6.981579925047221e-05
                      241        98.79650416083713       0.8481070986534263         2503.15166338734        99.99966362193084     6.98157919352127e-05
                      242        98.79651545230949       0.8480907971744603         2503.15158543457        99.99966207077817    6.981578463527427e-05
                      243        98.79653095557764        0.848071498182643        2503.151507481361        99.99966051961677    6.981577724052279e-05
                      244        98.79655001184841        0.848051799351371         2503.15142952831        99.99965896845866    6.981576983600135e-05
                      245        98.79657184748582       0.8480342703944538        2503.151351575627        99.99965741730801    6.981576240072673e-05
                      246        98.79659561443077       0.8480210951410525        2503.151273623177        99.99965586616212    6.981575512632343e-05
                      247        98.79662043066753       0.8480137945895762         2503.15119567104        99.99965431502267    6.981574777731314e-05
                      248        98.79664541787031       0.8480130679512841        2503.151117718411        99.99965276387343    6.981574057918216e-05
                      249         98.7966697338705        0.848018753324439        2503.151039765188        99.99965121271239    6.981573325237633e-05
                      250        98.79669259867757       0.8480299072737404        2503.150961812351        99.99964966155926    6.981572585973428e-05
                      251        98.79671331356671       0.8480449721234415        2503.150883860144        99.99964811041873    6.981571859349112e-05
                      252        98.79673127354748       0.8480619978243221        2503.150805907545        99.99964655927047    6.981571123454433e-05
                      253        98.79674597429491       0.8480788875504721        2503.150727954167        99.99964500810661    6.981570392912417e-05
                      254        98.79675701482476       0.8480936362320342        2503.150650002031        99.99964345696772     6.98156965179067e-05
                      255        98.79676409729339       0.8481045406369694        2503.150572049865        99.99964190582816    6.981568925474788e-05
                      256        98.79676702533578       0.8481103647835316        2503.150494096633        99.99964035466728    6.981568180742387e-05
                      257        98.79676570224443       0.8481104549329641        2503.150416143918        99.99963880351673    6.981567428589186e-05
                      258        98.79676012964761        0.848104796656013        2503.150338191421        99.99963725237046    6.981566690775209e-05
                      259        98.79675040719039       0.8480940157088872        2503.150260239259        99.99963570123087    6.981565951942603e-05
                      260        98.79673673322442       0.8480793200456446        2503.150182287074         99.9996341500907    6.981565220531838e-05
                      261        98.79671940613572       0.8480623867913982         2503.15010433442        99.99963259894112    6.981564490021741e-05
                      262        98.79669882542298       0.8480451982903081        2503.150026381556        99.99963104778718    6.981563767688437e-05
                      263         98.7966754914756       0.8480298350594018        2503.149948429088        99.99962949664105    6.981563038899186e-05
                      264         98.7966500026368       0.8480182425191692        2503.149870477109        99.99962794550453    6.981562296887178e-05
                      265        98.79662304813522        0.848011988509635        2503.149792524355        99.99962639435243    6.981561564756156e-05
                      266        98.79659539580139       0.8480120448353022        2503.149714571222        99.99962484319255    6.981560833418943e-05
                      267        98.79656787343625       0.8480186211353002        2503.149636618973        99.99962329205019     6.98156009083517e-05
                      268        98.79654134351314       0.8480310854506531        2503.149558666518        99.99962174090351    6.981559350105471e-05
                      269        98.79651667184665       0.8480479931394405        2503.149480714078        99.99962018975697    6.981558626772966e-05
                      270        98.79649469125047       0.8480672397062262        2503.149402761321        99.99961863860396    6.981557906282632e-05
                      271        98.79647616253578       0.8480863239455065        2503.149324808908        99.99961708745766    6.981557179663866e-05
                      272        98.79646173562558       0.8481026888735417        2503.149246856889         99.9996155363192    6.981556449825455e-05
                      273        98.79645191401147       0.8481140951078886        2503.149168903976        99.99961398516272    6.981555705865006e-05
                      274        98.79644702593423       0.8481189587336169         2503.14909095205        99.99961243402593    6.981554977136817e-05
                      275        98.79644720504055       0.8481165966020118        2503.149012999354        99.99961088287377    6.981554261265011e-05
                      276        98.79645238246468       0.8481073323243377        2503.148935047359         99.9996093317356    6.981553529028517e-05
                      277        98.79646229127766        0.848092443667829        2503.148857095545        99.99960778060107    6.981552793794421e-05
                      278        98.79647648263399       0.8480739627834145        2503.148779143124        99.99960622945453    6.981552064533325e-05
                      279        98.79649435220406        0.848054362059081        2503.148701190792        99.99960467830988    6.981551339280134e-05
                      280        98.79651517402871       0.8480361909840713        2503.148623238376        99.99960312716365     6.98155061077399e-05
                      281        98.79653813874418       0.8480217186697316         2503.14854528554        99.99960157600906     6.98154987044397e-05
                      282        98.79656239285157       0.8480126408491793        2503.148467333282        99.99960002486621     6.98154913478799e-05
                      283        98.79658707594936       0.8480098905758836        2503.148389380483        99.99959847371264    6.981548395956771e-05
                      284        98.79661135365355       0.8480135663572788        2503.148311427868        99.99959692256283    6.981547663253984e-05
                      285        98.79663444463829       0.8480229760505592        2503.148233475222        99.99959537141255    6.981546924833548e-05
                      286        98.79665564106685       0.8480367727803919        2503.148155522976        99.99959382027031    6.981546183487675e-05
                      287        98.79667432254995       0.8480531562313516        2503.148077571008         99.9995922691337    6.981545447645732e-05
                      288        98.79668996447654       0.8480701047986543        2503.147999618846        99.99959071799329    6.981544711913423e-05
                      289        98.79670214170733        0.848085609447901        2503.147921665998        99.99958916683913    6.981543982155503e-05
                      290        98.79671052924152       0.8480978873962337         2503.14784371242        99.99958761567039    6.981543269268808e-05
                      291        98.79671490094877       0.8481055571008994        2503.147765759794        99.99958606452078    6.981542543236727e-05
                      292        98.79671512776052       0.8481077668982925        2503.147687807678        99.99958451338127    6.981541813062819e-05
                      293        98.79671117609115       0.8481042707111538        2503.147609855659        99.99958296224366    6.981541076719194e-05
                      294        98.79670310718447        0.848095446824474        2503.147531903318         99.9995814110996    6.981540343015125e-05
                      295        98.79669107747824       0.8480822664601899        2503.147453951297        99.99957985996186    6.981539620493082e-05
                      296        98.79667533965532       0.8480662024190417         2503.14737599822         99.9995783088029    6.981538878489402e-05
                      297        98.79665624394302       0.8480490902350627        2503.147298045325        99.99957675764752    6.981538154132716e-05
                      298        98.79663423850265        0.848032944909938        2503.147220093433        99.99957520651201    6.981537423855766e-05
                      299        98.79660986778188       0.8480197445589273        2503.147142140955        99.99957365536469    6.981536685507495e-05
                      300        98.79658376760003       0.8480111958036022        2503.147064189231        99.99957210423233    6.981535953920481e-05
                      301        98.79655665547008       0.8480085143301366        2503.146986236793        99.99957055308543    6.981535213113066e-05
                      302        98.79652931532104       0.8480122368860872        2503.146908284134        99.99956900193402     6.98153448016603e-05
                      303        98.79650257599599       0.8480221065463289        2503.146830331083        99.99956745077456    6.981533756666991e-05
                      304        98.79647728350784        0.848037053923211        2503.146752378492         99.9995658996242    6.981533032546228e-05
                      305        98.79645426797951       0.8480552913653006        2503.146674425594        99.99956434846756    6.981532306715721e-05
                      306        98.79643430706396        0.848074518912187         2503.14659647299        99.99956279731659    6.981531576144562e-05
                      307        98.79641808806917       0.8480922268187826          2503.1465185209         99.9995612461758    6.981530838134908e-05
                      308         98.7964061719576       0.8481060438386308        2503.146440568943        99.99955969503755    6.981530115357515e-05
                      309        98.79639896219132       0.8481140881213781        2503.146362616023        99.99955814388001     6.98152938256591e-05
                      310        98.79639668160303       0.8481152502952366        2503.146284663605         99.9995565927325    6.981528653704494e-05
                      311        98.79639935933028        0.848109364990134        2503.146206712086        99.99955504160296    6.981527917271357e-05
                      312        98.79640682920255       0.8480972349538934        2503.146128760124        99.99955349046461    6.981527177063462e-05
                      313        98.79641873995914       0.8480805041390629         2503.14605080801         99.9995519393232    6.981526453131437e-05
                      314        98.79643457593946       0.8480614066174895         2503.14597285526        99.99955038816924    6.981525723248616e-05
                      315        98.79645368638849       0.8480424330319628         2503.14589490324        99.99954883702992    6.981525002081046e-05
                      316        98.79647532044717       0.8480259760416402        2503.145816951061        99.99954728588754    6.981524279237039e-05
                      317        98.79649866475769       0.8480140115251737        2503.145738998517        99.99954573473798    6.981523554527858e-05
                      318        98.79652288061742       0.8480078605835057        2503.145661046159        99.99954418359228    6.981522828819475e-05
                      319        98.79654713811232       0.8480080595990273        2503.145583093686        99.99954263244432    6.981522091104031e-05
                      320         98.7965706452308       0.8480143435409599        2503.145505141601        99.99954108130432    6.981521354276765e-05
                      321        98.79659267100952       0.8480257312985006        2503.145427188728        99.99953953014854    6.981520615967352e-05
                      322        98.79661256234974       0.8480406905448216        2503.145349236256        99.99953797900089    6.981519897775179e-05
                      323        98.79662975490822       0.8480573455049903        2503.145271283577        99.99953642784919    6.981519167273409e-05
                      324        98.79664377904463       0.8480737049437383        2503.145193331762        99.99953487671479    6.981518440582479e-05
                      325        98.79665426190874        0.848087881496832        2503.145115380263        99.99953332558674    6.981517704456736e-05
                      326        98.79666092709853       0.8480982825720913        2503.145037427523        99.99953177443385    6.981516966408224e-05
                      327        98.79666359319688       0.8481037605504199        2503.144959475794        99.99953022330116     6.98151622598002e-05
                      328        98.79666217198422       0.8481037159520248        2503.144881523797        99.99952867216317    6.981515487361478e-05
                      329        98.79665666722549       0.8480981500307346        2503.144803571716        99.99952712102342    6.981514761852242e-05
                      330        98.79664717441536       0.8480876617672077        2503.144725618979        99.99952556987047     6.98151403690922e-05
                      331        98.79663388147269       0.8480733955589734        2503.144647666761        99.99952401872783    6.981513314169296e-05
                      332        98.79661706989748       0.8480569370321114        2503.144569714763         99.9995224675895    6.981512575088278e-05
                      333        98.79659711580345       0.8480401602907152        2503.144491762695         99.9995209164497    6.981511836640086e-05
                      334        98.79657448972499       0.8480250406727087        2503.144413810582        99.99951936530881    6.981511109444005e-05
                      335        98.79654975409586       0.8480134367241723        2503.144335858765        99.99951781417374    6.981510390985379e-05
                      336        98.79652355698225       0.8480068682122098        2503.144257906887        99.99951626303726    6.981509655312745e-05
                      337         98.7964966210545       0.8480063107670756        2503.144179955213        99.99951471190478    6.981508933534553e-05
                      338        98.79646972687554       0.8480120373084825        2503.144102003099        99.99951316076324    6.981508194492392e-05
                      339        98.79644369018204       0.8480235358013118        2503.144024051447        99.99951160963087    6.981507457204383e-05
                      340        98.79641933346872       0.8480395242373797        2503.143946099603        99.99951005849447    6.981506716041697e-05
                      341        98.79639745287642       0.8480580787984665        2503.143868147748        99.99950850735766    6.981505978753688e-05
                      342        98.79637878242211        0.848076862574877        2503.143790196076        99.99950695622439    6.981505248582209e-05
                      343        98.79636395779137       0.8480934341405779        2503.143712244829        99.99950540509951    6.981504506020642e-05
                      344        98.79635348285967       0.8481055915791118        2503.143634293086         99.9995038539646    6.981503777869769e-05
                      345        98.79634770177388       0.8481116938446034        2503.143556341367        99.99950230283015    6.981503050762505e-05
                      346        98.79634677927639       0.8481109085775455        2503.143478389411        99.99950075169096    6.981502307934484e-05
                      347        98.79635069118675       0.8481033361545789        2503.143400437555        99.99949920055377    6.981501577074667e-05
                      348        98.79635922605061       0.8480899955274657        2503.143322485422        99.99949764941103    6.981500845704147e-05
                      349        98.79637199772461       0.8480726660611855        2503.143244533285        99.99949609826832    6.981500114755512e-05
                      350        98.79638846771726        0.848053618618091        2503.143166581191        99.99949454712652    6.981499370883881e-05

Final average n0: 98.7967376238189
Final fluctuations n0: 0.8480709614285117

Averages:
98.79685109685789
98.79686719536944
98.79688749911818
98.7969111085126
98.79693702365945
98.79696419706262
98.79699158285597
98.79701817922405
98.79704306217828
98.79706540988505
98.79708451820959
98.79709980890152
98.79711083229972
98.79711726655117
98.7971189153607
98.79711570574601
98.79710768678802
98.79709502982367
98.7970780298768
98.79705710730917
98.79703280853775
98.79700580385895
98.79697688048458
98.79694692886815
98.79691692082463
98.79688787872655
98.79686083608016
98.79683679114035
98.79681665641424
98.79680120790943
98.79679103899656
98.79678652323558
98.7967877902723
98.79679471758413
98.79680693877694
98.79682386773851
98.7968447357419
98.79686863763494
98.79689458247174
98.79692154395127
98.79694850672026
98.79697450570715
98.79699865683303
98.79702017875266
98.79703840634818
98.79705279753306
98.79706293501594
98.79706852524737
98.79706939614722
98.79706549499627
98.7970568874718
98.79704375803077
98.79702641132629
98.7970052738431
98.79698089431572
98.79695394110205
98.7969251948539
98.79689553449103
98.79686591515571
98.79683733770136
98.79681080988766
98.79678730120185
98.7967676939063
98.79675273434238
98.79674298884551
98.7967388085959
98.79674030728565
98.79674735388286
98.79675958147817
98.79677641107318
98.79679708781384
98.79682072570668
98.79684635649866
98.79687297827125
98.796899600101
98.7969252798901
98.79694915401186
98.79697045835866
98.79698854146852
98.79700287110181
98.79701303613136
98.79701874556078
98.79701982626177
98.79701622098071
98.79700798734839
98.79699529811768
98.79697844253079
98.79695782793803
98.79693398023531
98.79690754177958
98.79687926470133
98.79684999806236
98.79682066745517
98.79679224638254
98.79676571970923
98.79674204070717
98.79672208412781
98.79670659898602
98.79669616517174
98.7966911581353
98.79669172529626
98.79669777678599
98.79670899152603
98.79672483789473
98.79674460679684
98.79676745371162
98.79679244531982
98.79681860678849
98.79684496575862
98.79687059032193
98.79689461931241
98.79691628432838
98.79693492399534
98.79694999157931
98.7969610576821
98.79696780977167
98.79697005021919
98.79696769420335
98.79696076838724
98.79694941089377
98.79693387235776
98.79691451750135
98.79689182608394
98.79686639174031
98.79683891702452
98.79681020299574
98.79678113188824
98.7967526420278
98.79672569501291
98.7967012360549
98.79668014965412
98.79666321387103
98.79665105667165
98.79664411876996
98.79664262651129
98.79664657776146
98.79665574224985
98.79666967642905
98.79668775115395
98.79670918927738
98.79673310933653
98.79675857135146
98.79678462089936
98.7968103283404
98.79683482122381
98.79685730891453
98.79687709939243
98.79689360921682
98.79690636804094
98.79691501932713
98.79691931882539
98.79691913253117
98.79691443497117
98.79690530857803
98.79689194419015
98.79687464250195
98.79685381539078
98.79682998600326
98.79680378607641
98.79677594876536
98.7967472955673
98.79671871613995
98.79669114056621
98.79666550450867
98.7966427087033
98.7966235751405
98.7966088034659
98.79659893121855
98.79659430178185
98.79659504330226
98.79660106092199
98.79661204290777
98.7966274802876
98.79664669774078
98.79666889261141
98.79669317820438
98.79671862770701
98.79674431514007
98.79676935091287
98.79679291035083
98.79681425467794
98.7968327447622
98.79684784869609
98.79685914471737
98.79686632102566
98.7968691740119
98.79686760626302
98.79686162521386
98.79685134286886
98.79683697662293
98.79681885070718
98.79679739728751
98.79677315597429
98.79674677013432
98.79671897868175
98.79669060173154
98.79666251933452
98.79663564302651
98.79661088075211
98.7965890968448
98.79657106964487
98.79655744995387
98.79654872413596
98.79654518518193
98.79654691499441
98.79655377943307
98.79656543698377
98.79658135974613
98.79660086486838
98.79662315310478
98.79664735086845
98.79667255222563
98.79669785763751
98.79672240733488
98.79674540769747
98.7967661504679
98.79678402514577
98.7967985256612
98.79680925275811
98.79681591353376
98.79681831967359
98.79681638558577
98.79681012712526
98.79679966144941
98.7967852078787
98.79676708927774
98.79674573308587
98.79672167065857
98.79669553359848
98.79666804553095
98.79664000811437
98.79661228031966
98.7965857508938
98.79656130447438
98.79653978305154
98.79652194511965
98.79650842577207
98.79649970109517
98.79649606027684
98.79649758828045
98.79650416083713
98.79651545230949
98.79653095557764
98.79655001184841
98.79657184748582
98.79659561443077
98.79662043066753
98.79664541787031
98.7966697338705
98.79669259867757
98.79671331356671
98.79673127354748
98.79674597429491
98.79675701482476
98.79676409729339
98.79676702533578
98.79676570224443
98.79676012964761
98.79675040719039
98.79673673322442
98.79671940613572
98.79669882542298
98.7966754914756
98.7966500026368
98.79662304813522
98.79659539580139
98.79656787343625
98.79654134351314
98.79651667184665
98.79649469125047
98.79647616253578
98.79646173562558
98.79645191401147
98.79644702593423
98.79644720504055
98.79645238246468
98.79646229127766
98.79647648263399
98.79649435220406
98.79651517402871
98.79653813874418
98.79656239285157
98.79658707594936
98.79661135365355
98.79663444463829
98.79665564106685
98.79667432254995
98.79668996447654
98.79670214170733
98.79671052924152
98.79671490094877
98.79671512776052
98.79671117609115
98.79670310718447
98.79669107747824
98.79667533965532
98.79665624394302
98.79663423850265
98.79660986778188
98.79658376760003
98.79655665547008
98.79652931532104
98.79650257599599
98.79647728350784
98.79645426797951
98.79643430706396
98.79641808806917
98.7964061719576
98.79639896219132
98.79639668160303
98.79639935933028
98.79640682920255
98.79641873995914
98.79643457593946
98.79645368638849
98.79647532044717
98.79649866475769
98.79652288061742
98.79654713811232
98.7965706452308
98.79659267100952
98.79661256234974
98.79662975490822
98.79664377904463
98.79665426190874
98.79666092709853
98.79666359319688
98.79666217198422
98.79665666722549
98.79664717441536
98.79663388147269
98.79661706989748
98.79659711580345
98.79657448972499
98.79654975409586
98.79652355698225
98.7964966210545
98.79646972687554
98.79644369018204
98.79641933346872
98.79639745287642
98.79637878242211
98.79636395779137
98.79635348285967
98.79634770177388
98.79634677927639
98.79635069118675
98.79635922605061
98.79637199772461
98.79638846771726

Fluctuations:
0.8481170080798902
0.8480964572166767
0.8480748653337319
0.8480553215729262
0.8480404995375551
0.84803228265488
0.8480315412161537
0.8480380792311768
0.8480507340414039
0.8480675985205498
0.8480863135442197
0.8481043854638987
0.8481194927807457
0.8481297438589859
0.8481338777021258
0.8481313878575223
0.848122571220108
0.8481084981031444
0.8480909029487308
0.8480720057246158
0.8480542657188741
0.848040089466094
0.8480315174028641
0.848029926546197
0.848035790220657
0.8480485467338704
0.8480666094225143
0.8480875403311068
0.8481083792576805
0.8481260834847345
0.8481380104163146
0.8481423525367994
0.8481384437048972
0.8481268720288055
0.8481093761139217
0.8480885491723793
0.8480674091515854
0.8480489191762877
0.8480355467844761
0.848028931410128
0.8480297045761608
0.8480374706647582
0.8480509316730518
0.8480681175087698
0.8480866764717363
0.8481041831787572
0.8481184255783616
0.8481276486100133
0.8481307328329929
0.8481273042217685
0.8481177686017618
0.8481032714864438
0.8480855834730805
0.8480669174445481
0.848049684288196
0.8480362074679592
0.8480284207622089
0.8480275836600392
0.8480340607289792
0.8480472064803327
0.8480653882088203
0.8480861695616125
0.848106638359108
0.8481238354410645
0.8481352207976807
0.8481390889533685
0.8481348522074987
0.8481231410282227
0.8481056935006074
0.8480850631625436
0.8480642016888225
0.8480459952629736
0.8480328421077763
0.8480263338502734
0.8480270822904322
0.8480347030603822
0.8480479351602876
0.8480648625376581
0.8480831936703668
0.848100559324891
0.8481147895292093
0.8481241504244531
0.8481275183155425
0.848124490718636
0.8481154206532431
0.848101383486362
0.8480840712258289
0.8480656186342412
0.848048373369205
0.8480346230474244
0.8480263026409874
0.8480247175648901
0.8480303240123647
0.8480426021819888
0.8480600661075854
0.8480804199823225
0.8481008587554763
0.8481184735110462
0.8481307007299899
0.8481357331088463
0.8481328184189123
0.8481223831052137
0.848105959433487
0.8480859295598039
0.8480651380634029
0.8480464472614938
0.8480323164797159
0.8480244716084051
0.8480237104558948
0.8480298550858132
0.8480418434502165
0.8480579246367888
0.8480759201572786
0.8480935100557123
0.8481085073642192
0.8481190971858241
0.8481240200962016
0.8481226951712443
0.8481152726574012
0.8481026188434195
0.848086232309296
0.8480680946145083
0.8480504629327051
0.8480356153647922
0.848025574337119
0.8480218289560026
0.8480251021529474
0.8480351978394282
0.8480509636375105
0.8480703951726108
0.8480908836186777
0.8481095762026651
0.8481238043233
0.8481314999611081
0.848131531731652
0.8481238889733108
0.848109682514
0.8480909596530771
0.8480703708102565
0.8480507545274041
0.84803471243809
0.848024250245041
0.8480205338314315
0.8480237840939454
0.8480333137020668
0.8480476748471193
0.8480648909679177
0.8480827253253409
0.8480989550512741
0.8481116178195695
0.8481192155579449
0.8481208616690724
0.8481163618194603
0.8481062307903964
0.8480916448717613
0.8480743263114114
0.8480563713009244
0.8480400251298905
0.8480274228284106
0.8480203183324961
0.8480198341088175
0.8480262671246042
0.8480389905377769
0.8480564795975916
0.84807647581183
0.8480962798135117
0.8481131351511592
0.8481246440242671
0.8481291456304195
0.8481259826594946
0.8481156066292288
0.8480995041030326
0.8480799527993365
0.8480596613777666
0.8480413555077226
0.8480273875566003
0.8480194270914752
0.8480182753879004
0.8480238154341675
0.8480350912742319
0.8480504815805268
0.8480679408997103
0.8480852630017898
0.8481003389829992
0.8481113834871101
0.8481171127688711
0.8481168675340766
0.8481106708926385
0.8480992272597589
0.8480838528679039
0.8480663528685951
0.8480488354110767
0.8480334873883359
0.8480223163316603
0.8480168941868873
0.8480181245501544
0.8480260769259598
0.8480399203091321
0.8480579788724292
0.8480779218475502
0.8480970698169403
0.8481127761094548
0.8481228266053046
0.848125785140775
0.8481212231941662
0.8481097861744018
0.8480930894992944
0.848073458102769
0.8480535653387968
0.8480360331441265
0.8480230663519225
0.8480161703536855
0.8480159939794093
0.8480223002453959
0.8480340573732074
0.8480496171632661
0.8480669520873412
0.8480839096896143
0.8480984586204052
0.848108900988757
0.8481140406892439
0.8481132933091908
0.8481067383051495
0.8480951115867859
0.8480797358881133
0.8480623954438316
0.8480451568740401
0.8480301485901763
0.848019314970929
0.8480141660433969
0.8480155579255677
0.8480235363654403
0.8480372729774222
0.8480551243734252
0.8480748147400465
0.8480937311264647
0.8481092926656717
0.8481193334281816
0.8481224369335238
0.8481181595732527
0.8481070986534263
0.8480907971744603
0.848071498182643
0.848051799351371
0.8480342703944538
0.8480210951410525
0.8480137945895762
0.8480130679512841
0.848018753324439
0.8480299072737404
0.8480449721234415
0.8480619978243221
0.8480788875504721
0.8480936362320342
0.8481045406369694
0.8481103647835316
0.8481104549329641
0.848104796656013
0.8480940157088872
0.8480793200456446
0.8480623867913982
0.8480451982903081
0.8480298350594018
0.8480182425191692
0.848011988509635
0.8480120448353022
0.8480186211353002
0.8480310854506531
0.8480479931394405
0.8480672397062262
0.8480863239455065
0.8481026888735417
0.8481140951078886
0.8481189587336169
0.8481165966020118
0.8481073323243377
0.848092443667829
0.8480739627834145
0.848054362059081
0.8480361909840713
0.8480217186697316
0.8480126408491793
0.8480098905758836
0.8480135663572788
0.8480229760505592
0.8480367727803919
0.8480531562313516
0.8480701047986543
0.848085609447901
0.8480978873962337
0.8481055571008994
0.8481077668982925
0.8481042707111538
0.848095446824474
0.8480822664601899
0.8480662024190417
0.8480490902350627
0.848032944909938
0.8480197445589273
0.8480111958036022
0.8480085143301366
0.8480122368860872
0.8480221065463289
0.848037053923211
0.8480552913653006
0.848074518912187
0.8480922268187826
0.8481060438386308
0.8481140881213781
0.8481152502952366
0.848109364990134
0.8480972349538934
0.8480805041390629
0.8480614066174895
0.8480424330319628
0.8480259760416402
0.8480140115251737
0.8480078605835057
0.8480080595990273
0.8480143435409599
0.8480257312985006
0.8480406905448216
0.8480573455049903
0.8480737049437383
0.848087881496832
0.8480982825720913
0.8481037605504199
0.8481037159520248
0.8480981500307346
0.8480876617672077
0.8480733955589734
0.8480569370321114
0.8480401602907152
0.8480250406727087
0.8480134367241723
0.8480068682122098
0.8480063107670756
0.8480120373084825
0.8480235358013118
0.8480395242373797
0.8480580787984665
0.848076862574877
0.8480934341405779
0.8481055915791118
0.8481116938446034
0.8481109085775455
0.8481033361545789
0.8480899955274657
0.8480726660611855
0.848053618618091

Last point and parameters for further simulation:
100
1
0.25
contact

0.8658265595635144
-2.242665464935859
0.972983647232822
0.4737746158880833
9.644772693470067
-0.1658030612404879

Final quantities:
98.7967376238189
0.8480709614285117
