Number of particles: 100
Nmax: 11
Gamma: 0.25
Interaction type: contact
Step size: 0.0001
Batch size: 200000
Batch count: 125
             Batch number               Average n0          Fluctuations n0                   Energy           Particle count                 Momentum
                        1        8.972367477311355        8.268273877758153        6091.258353603198        100.0000767954578      -0.1171166618987698
                        2         9.05674962642391        8.163861506015197        6091.258318902783        100.0000765236195      -0.1171167046648911
                        3         8.67748844006635        7.588797937060795        6091.258279156906        100.0000762227006      -0.1171166365980039
                        4        9.479991304832989        7.973730954615379        6091.258240372934        100.0000759262675      -0.1171166999647566
                        5        8.475954475395227        7.435963856630404        6091.258202051366        100.0000756308157      -0.1171167323828595
                        6        8.487028368139768        7.867488063480234         6091.25816307231        100.0000753343831      -0.1171167995710904
                        7        8.506008253915942        7.508130157798368        6091.258125954124        100.0000750493804      -0.1171167936249367
                        8        11.12317008562835        8.349436671008705        6091.258084036808        100.0000747333376      -0.1171167816583569
                        9        9.863936049124712        8.094164540282376        6091.258047249639        100.0000744490314      -0.1171168131567502
                       10        8.922952139255324        7.937217903589533        6091.258009059606        100.0000741574388      -0.1171168684889121
                       11         9.09548936812128        7.885495514902525        6091.257969831851        100.0000738582894      -0.1171168423932691
                       12        8.328487471015915        7.503155452480105         6091.25793144984        100.0000735640315      -0.1171168996491589
                       13        9.597936664565546        8.273849975496974        6091.257891185236        100.0000732590134      -0.1171169364908167
                       14        8.869670565367114        7.589246693999571        6091.257854348881         100.000072974606       -0.117116919572382
                       15         9.24457494661838        8.336138145971479        6091.257814460434         100.000072670983      -0.1171169118604691
                       16          9.2258111562575        7.773211420731318        6091.257774906304        100.0000723696708      -0.1171169230445592
                       17        8.351661758764189         6.99610370012194        6091.257739029334        100.0000720908693      -0.1171168715400892
                       18        9.718565178455545        8.623222773593795        6091.257696622279        100.0000717749218      -0.1171169222692754
                       19        8.914864771176546        7.390033067627441         6091.25765957721         100.000071488712      -0.1171167893225071
                       20        9.333662664027198        8.180357684884715        6091.257623181134        100.0000712066034      -0.1171167393737278
                       21        8.686478990097436        7.730385376278371        6091.257586765383        100.0000709252396      -0.1171166851471028
                       22        8.645914810855535         6.54349885279096        6091.257547542315        100.0000706280223      -0.1171167060700089
                       23        8.323441113947506        7.331765311711149        6091.257508028573        100.0000703274877      -0.1171167578263521
                       24        7.603425029686949        6.811587922383801         6091.25747404954        100.0000700610423      -0.1171167488527018
                       25        8.772612453478784        7.423727553327766           6091.257429443        100.0000697307789      -0.1171166640295533
                       26        9.960595630710376         8.38411911745724        6091.257385076407        100.0000694034594      -0.1171166218974324
                       27        9.337880053915095        7.564978090018756        6091.257345441125        100.0000691009085      -0.1171166185273727
                       28         7.88923160101573        6.956924231554658        6091.257310361399        100.0000688268847      -0.1171166153828516
                       29        8.404091986478512        7.513649749703098        6091.257272944732        100.0000685385608      -0.1171165292262675
                       30        9.026291261960504         7.86844903409777         6091.25723284422        100.0000682329152      -0.1171165156061278
                       31        8.837874783331705        7.405853265963577        6091.257195961047         100.000067950415      -0.1171164770040107
                       32        8.930950588466903        7.732889500098447        6091.257155841247         100.000067646751      -0.1171164156689208
                       33        9.911246085109431        8.250342953606346        6091.257117195664        100.0000673509505      -0.1171164320883449
                       34        8.357714157486708        7.156598933463229        6091.257080093019        100.0000670638059      -0.1171163913501871
                       35        10.83092630684489        9.186690575751626        6091.257041834089        100.0000667700198      -0.1171164295082923
                       36        9.984981245814749        8.392836323224774         6091.25699911033        100.0000664536048      -0.1171164446892572
                       37        8.337042373382141        7.547505381482176        6091.256960429793        100.0000661571992       -0.117116457659737
                       38        9.220092937946614        7.824215744965809        6091.256918268939        100.0000658412143      -0.1171164614252067
                       39        10.67393739989059        9.166499674946042        6091.256874694001        100.0000655176224      -0.1171164369653184
                       40        10.62464274211758        9.279604186077934        6091.256833178306        100.0000652048043      -0.1171164505372815
                       41        9.594419984384439        8.917238110972313        6091.256794391583        100.0000649082443      -0.1171164086422003
                       42         9.34444305443377        8.068510331747277        6091.256752535281        100.0000645944042      -0.1171165251605579
                       43         9.11401868719685        7.525237322228126        6091.256711094991        100.0000642818957      -0.1171165755879144
                       44         8.62930534490518        7.662140675389483        6091.256671657388        100.0000639837458      -0.1171165924777693
                       45        8.380877544005955        7.385198753372808        6091.256634184158        100.0000636950202      -0.1171165820830229
                       46        9.482931797779566        7.888880931961024        6091.256596407648        100.0000634035709      -0.1171166426654349
                       47        9.577956600091429        8.118843058397923        6091.256555389487        100.0000630937108      -0.1171166844230651
                       48        9.890558823460452        8.345195569980911        6091.256514860004         100.000062787522      -0.1171167439771992
                       49        10.29195759033185        8.561205297467117        6091.256472249956        100.0000624685515      -0.1171167530594426
                       50        9.220513649884118         8.11848910506723        6091.256428728722        100.0000621420508      -0.1171167331092118
                       51        9.153563825676638        7.570515784060022        6091.256391320461         100.000061855265      -0.1171166968943034
                       52        9.047466029949391        7.474400570962508        6091.256351924263        100.0000615535462      -0.1171166309020046
                       53        10.00531728299489        8.763909656236295        6091.256311684256        100.0000612484264       -0.117116648554827
                       54         8.44288660027124        7.810764239443351        6091.256272589713        100.0000609495118      -0.1171166682782818
                       55        8.133869051669445        6.830053920349929        6091.256238720063        100.0000606832931      -0.1171166677874194
                       56        8.380598887683835        7.409636993917777        6091.256203652316        100.0000604091411      -0.1171167215587143
                       57        11.11891513719804        8.889258985490335        6091.256163840546         100.000060104956      -0.1171166671799897
                       58        10.20136438374336        9.364149168949503        6091.256123008242        100.0000597975642      -0.1171167136015185
                       59        8.346865723859523        7.236412125346942        6091.256087680233        100.0000595227452       -0.117116728463456
                       60        10.37918777385754        8.916549736383672        6091.256048862258        100.0000592265351      -0.1171167103572488
                       61        9.479427398718363        8.157743644872447         6091.25601107966        100.0000589360514      -0.1171166925339424
                       62        9.093433610521931        7.837960735396364        6091.255967987596        100.0000586142056      -0.1171166583351351
                       63        9.291008138255032         8.27984685360062        6091.255930388481        100.0000583237138      -0.1171166512108677
                       64        9.324307224619563        7.855504500583803        6091.255888039855        100.0000580075317      -0.1171165903788207
                       65        8.503853606439273         7.26049479027699        6091.255847851688        100.0000577025275       -0.117116705154098
                       66        10.12967036213722        8.319476844350401        6091.255809137074        100.0000574058174      -0.1171167516313041
                       67        9.067266440263769        7.878667123088183        6091.255767045266        100.0000570914022      -0.1171166846194502
                       68        9.129049630606088        7.348818856431255        6091.255728154456        100.0000567949932      -0.1171166362988068
                       69        8.882215132584628        7.614596879544594        6091.255688314136         100.000056492498      -0.1171166694236199
                       70        9.455176275217884        8.263676964352305        6091.255645430969        100.0000561738758      -0.1171167342885404
                       71        7.945642489640504        7.170020072947559        6091.255606168179        100.0000558741229       -0.117116716486251
                       72        8.448693319195035        7.824326773976248        6091.255565327719        100.0000555663602      -0.1171167284077974
                       73        9.384143011452672        7.986934033722118        6091.255526505095        100.0000552694974      -0.1171166893941482
                       74        9.600702469338529        8.128273254746237        6091.255485951382        100.0000549626464      -0.1171166806977695
                       75        8.819706555590427        7.903882872124245        6091.255446836192        100.0000546637744      -0.1171166177149505
                       76        8.452051668127801        7.575724065912588        6091.255406325326        100.0000543572795      -0.1171166013083926
                       77        8.216439449346517         7.01638739698492        6091.255366169076        100.0000540540727      -0.1171165916732275
                       78        8.569401188359357         7.48165692180869        6091.255327722347         100.000053761944      -0.1171166308852136
                       79         9.62077743881696        8.299784869429812         6091.25528754784        100.0000534578652      -0.1171165486128043
                       80        7.660657341109266         7.35315725514614         6091.25524981164        100.0000531681584      -0.1171165335922151
                       81        8.924964432887419        7.430003271036672        6091.255210224637        100.0000528675647      -0.1171165528485574
                       82        9.356192623038456        8.868499276000753        6091.255171502893        100.0000525720788      -0.1171165846764364
                       83        8.414253593918463        7.915209707844542        6091.255135071902        100.0000522895559      -0.1171166154873848
                       84        10.20532480014996        8.906123217355379        6091.255096450257        100.0000519946525      -0.1171166118012081
                       85        8.810268171612986        6.939701988873073        6091.255057139639        100.0000516957272      -0.1171166255824136
                       86        7.972959229057952        7.134375862063066        6091.255017953603        100.0000513963126      -0.1171166240548587
                       87        8.594842861348191        7.639407182663384        6091.254979477415        100.0000511025734      -0.1171167023605282
                       88        9.274492272061222        8.406035810633664        6091.254943548453         100.000050823867      -0.1171166697891799
                       89        9.163464825634367        7.999673839406922        6091.254902998109        100.0000505159012      -0.1171166566617892
                       90        9.104052033205088        8.161356773319024        6091.254865158674        100.0000502249672      -0.1171166339635903
                       91        9.303339483161619         8.17291437235267        6091.254823735254        100.0000499131226      -0.1171166741176997
                       92        9.263484530033873        8.166326341719914        6091.254781763693        100.0000495992045      -0.1171166069239842
                       93        8.911696832345905        7.840296361121229        6091.254740848579        100.0000492900806      -0.1171165871819628
                       94        7.961382301235915        6.925984392772125        6091.254704855382        100.0000490109012      -0.1171166131676387
                       95        10.12677195714625        8.269148499934133         6091.25466487256        100.0000487082919      -0.1171166134572452
                       96        9.342367903228409        8.102819702426402        6091.254631010779         100.000048441133      -0.1171165921733817
                       97        9.020496592155332        8.374585857289848        6091.254592261829        100.0000481456925        -0.11711666475078
                       98        7.979804568184779        7.436225483580989        6091.254555115881        100.0000478599315      -0.1171168234809805
                       99        8.774811385012338        7.296250690886059        6091.254515507247        100.0000475593247       -0.117116793762051
                      100         8.66372814873815        8.230509326193696        6091.254476494067        100.0000472620393      -0.1171167814688374
                      101        8.802128612194895        7.624133451529571        6091.254440171732        100.0000469806523      -0.1171167722772086
                      102        9.969406322729254        8.738878054370382         6091.25439988174        100.0000466754536      -0.1171167846142751
                      103        7.652292352126531        6.944959574184615         6091.25436122692        100.0000463798399      -0.1171168317705451
                      104         9.02795834773962        7.294657868734147        6091.254325794902        100.0000461035321      -0.1171168473085764
                      105          8.8035852478042        8.044130928867764        6091.254286839533        100.0000458053359      -0.1171168503324154
                      106        9.265880470941292         7.78173686032987           6091.254247654        100.0000455056211      -0.1171168790120518
                      107        9.620886983181343        8.344329195712788        6091.254204004023         100.000045180768      -0.1171168897486154
                      108        8.328220001029312        7.143413492932268         6091.25416399595        100.0000448782815      -0.1171168681568631
                      109         8.70781688419957        7.437296322357322        6091.254127051254        100.0000445928525        -0.11711682909388
                      110        9.321072848441352        7.877873005249918         6091.25408299331        100.0000442684501      -0.1171168128747375
                      111        9.390119494409177        8.931903166560668        6091.254041863882        100.0000439592553      -0.1171168388869006
                      112        8.508145176216191        7.181967074478856        6091.254004243636        100.0000436712751      -0.1171168418579898
                      113        9.832993969823875        8.300245049104953        6091.253960884349        100.0000433472164      -0.1171169078165004
                      114        9.549182707594419        7.556747853118879        6091.253924575571        100.0000430664548      -0.1171168802143026
                      115        9.782474592908022        8.912780116319148        6091.253881819215        100.0000427495112      -0.1171169000453203
                      116        9.173324794970911        8.481241578427534        6091.253842082401        100.0000424474363       -0.117116913209383
                      117        9.547019418649377        8.273102668111479        6091.253801129111        100.0000421399678      -0.1171168325791019
                      118        8.569039346255922         7.78414179607153        6091.253763742699        100.0000418536398      -0.1171168739320727
                      119        9.378011665947337        7.918724723295269        6091.253721545407        100.0000415382688      -0.1171168208606428
                      120        8.670739080786163        7.491493686601146        6091.253685725189        100.0000412603893        -0.11711678937282
                      121        10.67668418590381        8.394276946720543        6091.253638718568        100.0000409158284       -0.117116823646656
                      122        10.32755038772002        8.384547107229432        6091.253598629364        100.0000406114383       -0.117116802345258
                      123        8.965926316235823        7.494730177620244        6091.253557139449        100.0000402993699      -0.1171168663589377
                      124        8.967700451294041        8.251288036766622        6091.253520028982        100.0000400142457      -0.1171168216783194
                      125        9.596839444633288        7.995754664844686        6091.253480370167        100.0000397119101      -0.1171167406252795

Final average n0: 9.120160643908903
Final fluctuations n0: 7.949444409099005

Averages:
8.972367477311355
9.05674962642391
8.67748844006635
9.479991304832989
8.475954475395227
8.487028368139768
8.506008253915942
11.12317008562835
9.863936049124712
8.922952139255324
9.09548936812128
8.328487471015915
9.597936664565546
8.869670565367114
9.24457494661838
9.2258111562575
8.351661758764189
9.718565178455545
8.914864771176546
9.333662664027198
8.686478990097436
8.645914810855535
8.323441113947506
7.603425029686949
8.772612453478784
9.960595630710376
9.337880053915095
7.88923160101573
8.404091986478512
9.026291261960504
8.837874783331705
8.930950588466903
9.911246085109431
8.357714157486708
10.83092630684489
9.984981245814749
8.337042373382141
9.220092937946614
10.67393739989059
10.62464274211758
9.594419984384439
9.34444305443377
9.11401868719685
8.62930534490518
8.380877544005955
9.482931797779566
9.577956600091429
9.890558823460452
10.29195759033185
9.220513649884118
9.153563825676638
9.047466029949391
10.00531728299489
8.44288660027124
8.133869051669445
8.380598887683835
11.11891513719804
10.20136438374336
8.346865723859523
10.37918777385754
9.479427398718363
9.093433610521931
9.291008138255032
9.324307224619563
8.503853606439273
10.12967036213722
9.067266440263769
9.129049630606088
8.882215132584628
9.455176275217884
7.945642489640504
8.448693319195035
9.384143011452672
9.600702469338529
8.819706555590427
8.452051668127801
8.216439449346517
8.569401188359357
9.62077743881696
7.660657341109266
8.924964432887419
9.356192623038456
8.414253593918463
10.20532480014996
8.810268171612986
7.972959229057952
8.594842861348191
9.274492272061222
9.163464825634367
9.104052033205088
9.303339483161619
9.263484530033873
8.911696832345905
7.961382301235915
10.12677195714625
9.342367903228409
9.020496592155332
7.979804568184779
8.774811385012338
8.66372814873815
8.802128612194895
9.969406322729254
7.652292352126531
9.02795834773962
8.8035852478042
9.265880470941292
9.620886983181343
8.328220001029312
8.70781688419957
9.321072848441352
9.390119494409177
8.508145176216191
9.832993969823875
9.549182707594419
9.782474592908022
9.173324794970911
9.547019418649377
8.569039346255922
9.378011665947337
8.670739080786163
10.67668418590381
10.32755038772002
8.965926316235823
8.967700451294041
9.596839444633288

Fluctuations:
8.268273877758153
8.163861506015197
7.588797937060795
7.973730954615379
7.435963856630404
7.867488063480234
7.508130157798368
8.349436671008705
8.094164540282376
7.937217903589533
7.885495514902525
7.503155452480105
8.273849975496974
7.589246693999571
8.336138145971479
7.773211420731318
6.99610370012194
8.623222773593795
7.390033067627441
8.180357684884715
7.730385376278371
6.54349885279096
7.331765311711149
6.811587922383801
7.423727553327766
8.38411911745724
7.564978090018756
6.956924231554658
7.513649749703098
7.86844903409777
7.405853265963577
7.732889500098447
8.250342953606346
7.156598933463229
9.186690575751626
8.392836323224774
7.547505381482176
7.824215744965809
9.166499674946042
9.279604186077934
8.917238110972313
8.068510331747277
7.525237322228126
7.662140675389483
7.385198753372808
7.888880931961024
8.118843058397923
8.345195569980911
8.561205297467117
8.11848910506723
7.570515784060022
7.474400570962508
8.763909656236295
7.810764239443351
6.830053920349929
7.409636993917777
8.889258985490335
9.364149168949503
7.236412125346942
8.916549736383672
8.157743644872447
7.837960735396364
8.27984685360062
7.855504500583803
7.26049479027699
8.319476844350401
7.878667123088183
7.348818856431255
7.614596879544594
8.263676964352305
7.170020072947559
7.824326773976248
7.986934033722118
8.128273254746237
7.903882872124245
7.575724065912588
7.01638739698492
7.48165692180869
8.299784869429812
7.35315725514614
7.430003271036672
8.868499276000753
7.915209707844542
8.906123217355379
6.939701988873073
7.134375862063066
7.639407182663384
8.406035810633664
7.999673839406922
8.161356773319024
8.17291437235267
8.166326341719914
7.840296361121229
6.925984392772125
8.269148499934133
8.102819702426402
8.374585857289848
7.436225483580989
7.296250690886059
8.230509326193696
7.624133451529571
8.738878054370382
6.944959574184615
7.294657868734147
8.044130928867764
7.78173686032987
8.344329195712788
7.143413492932268
7.437296322357322
7.877873005249918
8.931903166560668
7.181967074478856
8.300245049104953
7.556747853118879
8.912780116319148
8.481241578427534
8.273102668111479
7.78414179607153
7.918724723295269
7.491493686601146
8.394276946720543
8.384547107229432
7.494730177620244
8.251288036766622
7.995754664844686

Last point and parameters for further simulation:
100
11
0.25
contact

0.449997590282334
0.278326863938954
-1.750900201256352
1.004727467142932
-1.126132555207121
2.148374305086773
-0.5574491077042463
-0.3167713066574769
-2.106582795262112
0.34853950609803
0.5543550962655721
-1.242379677905443
0.4829656934349425
-1.953638696654917
-0.7379770475349778
-0.2199496279771849
-0.7735561889035619
1.721001558976977
-2.943568316630083
0.6477262386460272
1.233015625055093
-1.69452084834954
-0.8609398534117716
0.1660874570723778
1.094210362169898
1.16692244512972
-0.5549775688299209
0.2679079387108125
-2.657138590166234
-2.154100210387445
-1.879425187821217
1.48791412520993
2.079063705168677
2.565193387951439
0.1859512109768438
4.25121606021568
1.687860051677299
-0.7115164058732344
-0.5455185301046103
1.575121031905487
1.628641197316344
0.5330449946625946
-1.033847752049231
-0.6335591985626078
0.2968112371348893
-0.6841594740643456

Final quantities:
9.120160643908903
7.949444409099005
