Number of particles: 100
Nmax: 16
Gamma: 0.25
Interaction type: contact
Step size: 8e-05
Batch size: 200000
Batch count: 75
             Batch number               Average n0          Fluctuations n0                   Energy           Particle count                 Momentum
                        1        5.880305256014843        4.936618231298958        10127.44224037604        100.0000230397416      0.08586236955639137
                        2        5.475528577454352        4.561789491012982        10127.44216948839         100.000022570853      0.08586238561742121
                        3         5.58087241412423        4.843272383063493        10127.44208912149        100.0000220555975      0.08586225335526976
                        4        5.963414401432158        5.392410583466245        10127.44201213568        100.0000215537699      0.08586232566991292
                        5        4.874338303597141        4.215251395922394        10127.44193703002        100.0000210731667      0.08586230356702629
                        6        4.602903548080802        4.213830046677131        10127.44186099904        100.0000205857009       0.0858624502460934
                        7        5.917898172479162        4.873075636477164        10127.44178360508        100.0000200904511      0.08586237984341238
                        8        5.018843518880943         4.28498780822723        10127.44170806205        100.0000195957668      0.08586243186507403
                        9        5.886616680379221        5.438630719193946         10127.4416265268        100.0000190751922         0.08586259530869
                       10        4.542611512507349        4.351773423211699        10127.44155459991        100.0000186025368      0.08586251077595364
                       11        4.995193343840591        4.325516143628952        10127.44147093006        100.0000180807668      0.08586258340136865
                       12        6.112402635082147        5.352897020429513        10127.44138313369        100.0000175262328      0.08586252266563754
                       13        4.060769592781406        3.948520952512542         10127.4413169923        100.0000170833138      0.08586232498918878
                       14        4.611519254420188        4.096232987077724        10127.44125013672        100.0000166379923      0.08586230424425345
                       15        4.994338076266408        4.602356402339748        10127.44118055848        100.0000161848833      0.08586233307313762
                       16        5.216421571392437        5.141857480540906        10127.44111798238        100.0000157674961      0.08586226502985284
                       17        5.055454521147337        4.458993288357652        10127.44103697907        100.0000152499959      0.08586228715566868
                       18        7.094079145712603        6.141652363552583        10127.44094821236        100.0000147011506      0.08586228000824292
                       19        6.419843752562019        5.890905932313889        10127.44086720881        100.0000141800818      0.08586218925665356
                       20        4.677456385769502         4.48284329056098        10127.44080398824        100.0000137511476      0.08586237214121084
                       21         5.20573809792123        4.725392742407243        10127.44072938323        100.0000132706815      0.08586224186127955
                       22        5.581378659438738        5.127672301212117         10127.4406524617        100.0000127772087      0.08586226223462745
                       23        5.744502157555366         4.38868510428329         10127.4405665894        100.0000122429653      0.08586223652563341
                       24        5.562207439253573         4.86959376109546        10127.44049383565        100.0000117666718      0.08586238334568819
                       25        4.951401495190789        4.536342566135685        10127.44042069081        100.0000112868035      0.08586229413768187
                       26        4.610713256570817        3.833136463794427        10127.44035431547        100.0000108417244      0.08586238820432612
                       27        4.925732171673114        4.548157669274811        10127.44028230076        100.0000103665069      0.08586243834280882
                       28        5.416894968814704        4.932159356855142        10127.44021407129        100.0000099070217      0.08586247012061987
                       29        4.947870886186947        4.197353043871767        10127.44014829046        100.0000094612641      0.08586235333999426
                       30         4.65841394475242         4.13570906656004         10127.4400836863        100.0000090178945      0.08586227373285293
                       31        5.182031516542933        4.586137723955058        10127.44001164715        100.0000085461281      0.08586217160280185
                       32        5.942966156903955        5.170060784521779        10127.43993040079        100.0000080333711      0.08586226907828376
                       33        4.244833189376498        4.288632709374071        10127.43987087696        100.0000076247979      0.08586218809342583
                       34        4.443916727065644          4.1287144743588        10127.43979864988        100.0000071496022      0.08586241685619633
                       35        4.745900422989627         4.15363540498133        10127.43972375753        100.0000066676312      0.08586239447724608
                       36        5.285056619626214          4.7080267732185        10127.43964903754        100.0000061777766      0.08586237429821075
                       37        4.745241641733154        4.244077557824406        10127.43958305879        100.0000057351271      0.08586238328788198
                       38        4.099059110365152        3.410977422525189        10127.43950612276         100.000005244377      0.08586238018149928
                       39        5.162415558776995        4.234247199908178        10127.43942849532        100.0000047454137      0.08586237316176693
                       40        5.315046638213197        5.006448325305779        10127.43935648413        100.0000042787634      0.08586234935836501
                       41        5.939498608097598        5.297517438982035        10127.43928351901        100.0000038007714      0.08586234985381935
                       42        4.923623767389959        4.543090002807745        10127.43920912133        100.0000033227657      0.08586216416990311
                       43        4.105001139899216        3.710475262588391        10127.43913709853         100.000002851196      0.08586221332088684
                       44        5.751665561960265        4.768193237825403        10127.43905968705        100.0000023597487      0.08586231043959813
                       45        5.355343000469354        4.908015140012006        10127.43898595949         100.000001881102      0.08586234897889966
                       46        5.408187986947404        4.896037442415119        10127.43891325812        100.0000014053491      0.08586233962475376
                       47         6.00186076341303         5.28878267186666        10127.43883587298        100.0000009128747      0.08586220785261034
                       48        5.442870585883252        4.466564128906726        10127.43876208263        100.0000004353655      0.08586221845155251
                       49        5.014755959432474        4.381721941484997        10127.43869109307        99.99999996483854      0.08586213171344426
                       50        4.476954213268454        4.237757673796649         10127.4386231954        99.99999951258981      0.08586200204160122
                       51        4.659485720289557        4.083128704949145        10127.43855154315        99.99999904427565      0.08586197113617189
                       52        4.838074082050067        4.465097042498534        10127.43847513377        99.99999854976483      0.08586192278864502
                       53        4.805100266889541        4.430403250550767        10127.43841257587        99.99999813496935      0.08586191756890571
                       54        4.514041991933886        4.146133052190788        10127.43834524253        99.99999768540785      0.08586186375091387
                       55        4.561175211378648        4.201891766516562        10127.43826493176        99.99999716997438      0.08586186907380977
                       56        5.887813443453107        4.953287245394605        10127.43819361091        99.99999670092309      0.08586186296463794
                       57        4.362443388976883         4.03637183199717        10127.43812706217        99.99999625269413      0.08586199315101872
                       58        4.562568488032997         4.18727073530873        10127.43805372269        99.99999577083224      0.08586207990219918
                       59        5.959808972097625        5.136333806953997        10127.43797373901        99.99999526339508      0.08586213677320131
                       60        6.364637992346772        5.656839383382692        10127.43788966838        99.99999472994237      0.08586224899189432
                       61        4.560587933868955        4.132839486989906        10127.43780641716         99.9999942057174      0.08586233910070717
                       62        4.792615821007581        4.291617126495582        10127.43774249835        99.99999377479104      0.08586246691135102
                       63        5.071743387529374        4.579661200542304        10127.43766750476         99.9999932873592      0.08586233382745689
                       64        4.856428300888644           4.542369935606        10127.43759058445         99.9999927943947      0.08586233055165948
                       65        5.176992128906718        4.286514622217809        10127.43751577465        99.99999231110168      0.08586238069229779
                       66        5.908238686647178        5.028037773686467        10127.43744295872        99.99999182815181      0.08586225282526883
                       67        4.623867365943751        4.360652375425627        10127.43737261746        99.99999136108973      0.08586224715115165
                       68        5.413784275963799        4.304101457977853        10127.43729779152        99.99999087301931      0.08586222840727231
                       69        5.407311891169777        4.560495169538383         10127.4372184846        99.99999036203633       0.0858622070905728
                       70        4.767552665612965        4.257080937800763        10127.43713590273        99.99998984290389      0.08586214550419413
                       71        5.880506816810693        5.427612469499758        10127.43706337264        99.99998937119115      0.08586200254372045
                       72        4.726558811768336         4.46439712843604        10127.43698602865        99.99998888062868      0.08586209257321897
                       73        5.207796985177421        4.710723860773061        10127.43691143467        99.99998839785124      0.08586201145852534
                       74        4.022483276706915        3.715390418493802        10127.43683823155        99.99998792425164      0.08586214197643827
                       75        5.550509170853552        4.799200499594571        10127.43675743613        99.99998741354729      0.08586209080161211

Final average n0: 5.155386933145888
Final fluctuations n0: 4.655948737861944

Averages:
5.880305256014843
5.475528577454352
5.58087241412423
5.963414401432158
4.874338303597141
4.602903548080802
5.917898172479162
5.018843518880943
5.886616680379221
4.542611512507349
4.995193343840591
6.112402635082147
4.060769592781406
4.611519254420188
4.994338076266408
5.216421571392437
5.055454521147337
7.094079145712603
6.419843752562019
4.677456385769502
5.20573809792123
5.581378659438738
5.744502157555366
5.562207439253573
4.951401495190789
4.610713256570817
4.925732171673114
5.416894968814704
4.947870886186947
4.65841394475242
5.182031516542933
5.942966156903955
4.244833189376498
4.443916727065644
4.745900422989627
5.285056619626214
4.745241641733154
4.099059110365152
5.162415558776995
5.315046638213197
5.939498608097598
4.923623767389959
4.105001139899216
5.751665561960265
5.355343000469354
5.408187986947404
6.00186076341303
5.442870585883252
5.014755959432474
4.476954213268454
4.659485720289557
4.838074082050067
4.805100266889541
4.514041991933886
4.561175211378648
5.887813443453107
4.362443388976883
4.562568488032997
5.959808972097625
6.364637992346772
4.560587933868955
4.792615821007581
5.071743387529374
4.856428300888644
5.176992128906718
5.908238686647178
4.623867365943751
5.413784275963799
5.407311891169777
4.767552665612965
5.880506816810693
4.726558811768336
5.207796985177421
4.022483276706915
5.550509170853552

Fluctuations:
4.936618231298958
4.561789491012982
4.843272383063493
5.392410583466245
4.215251395922394
4.213830046677131
4.873075636477164
4.28498780822723
5.438630719193946
4.351773423211699
4.325516143628952
5.352897020429513
3.948520952512542
4.096232987077724
4.602356402339748
5.141857480540906
4.458993288357652
6.141652363552583
5.890905932313889
4.48284329056098
4.725392742407243
5.127672301212117
4.38868510428329
4.86959376109546
4.536342566135685
3.833136463794427
4.548157669274811
4.932159356855142
4.197353043871767
4.13570906656004
4.586137723955058
5.170060784521779
4.288632709374071
4.1287144743588
4.15363540498133
4.7080267732185
4.244077557824406
3.410977422525189
4.234247199908178
5.006448325305779
5.297517438982035
4.543090002807745
3.710475262588391
4.768193237825403
4.908015140012006
4.896037442415119
5.28878267186666
4.466564128906726
4.381721941484997
4.237757673796649
4.083128704949145
4.465097042498534
4.430403250550767
4.146133052190788
4.201891766516562
4.953287245394605
4.03637183199717
4.18727073530873
5.136333806953997
5.656839383382692
4.132839486989906
4.291617126495582
4.579661200542304
4.542369935606
4.286514622217809
5.028037773686467
4.360652375425627
4.304101457977853
4.560495169538383
4.257080937800763
5.427612469499758
4.46439712843604
4.710723860773061
3.715390418493802
4.799200499594571

Last point and parameters for further simulation:
100
16
0.25
contact

1.220216496711501
-0.2759336197760542
0.5989039476114478
0.492050728014833
-0.2029697181286473
2.170311654191407
-0.1395690169007676
1.996404374716888
-2.19012299991721
-0.4319378357337514
2.055454864593981
-0.8682555525253766
-1.996944909782825
1.380121338756132
1.548380350386869
1.878120856710108
-1.629719394500564
-2.030690084413349
-0.6286859254212902
0.3451364476756247
-0.6835546265645711
0.5260879735677502
-1.424351470407625
0.4488571384386376
-0.8055344768434491
-1.013739081678523
2.309265620872738
-1.298489504788721
-1.309643367883231
-0.6344513093778605
-1.130084461446897
-1.417334331088889
1.036230498703382
0.7309489308788439
0.05949395439957016
-0.1135530329225935
1.200112277394752
-0.3558873827472908
0.6604153643192991
0.6231667332848607
0.9651954530209057
1.423710624197586
0.1371478327575086
0.1081876513244556
1.657905014858831
-0.9910091300699785
-1.051903446741114
-0.6518604550258837
1.383678468218198
-3.219076415985856
-0.465067609740887
0.3865695267249858
-1.057680866437351
1.766459932139566
-2.84726518729044
1.22774006221629
-0.7259960929322358
0.8627370123615068
-0.8841965945444678
-0.9219653567037919
-0.5789500947806935
-0.5480843278185555
-0.5275835014418188
0.4509722724731982
0.1077318779169283
-0.3682855035508218

Final quantities:
5.155386933145888
4.655948737861944
