Number of particles: 100
Nmax: 17
Gamma: 0.25
Interaction type: contact
Step size: 8e-05
Batch size: 200000
Batch count: 75
             Batch number               Average n0          Fluctuations n0                   Energy           Particle count                 Momentum
                        1        4.077580352667826        3.613342715119549        11090.99771659983        99.99998364947291      -0.2099719045527308
                        2        3.441590618972838        3.330480754039992        11090.99763283426        99.99998306300206      -0.2099716168239354
                        3        4.259186396827966        3.752795880406388        11090.99754088667        99.99998241879014      -0.2099718893144882
                        4         5.43180794070498        4.804724668947894        11090.99742733037        99.99998169193476      -0.2099718319118873
                        5         4.93060534284551         4.43661895008307        11090.99732593863        99.99998101095353      -0.2099715589242592
                        6        4.774077212708631        4.357801426491759          11090.997236699        99.99998038281323      -0.2099714824843524
                        7        4.579129095915889        4.248413627656328         11090.9971491525        99.99997976077184      -0.2099714697325155
                        8        4.116498991032376        3.773524541593989         11090.9970699369        99.99997919207685       -0.209971706217976
                        9          3.9565079569764        3.387966380631999        11090.99698193654        99.99997859066801      -0.2099718749184181
                       10        4.615270531184593        4.144970747208893        11090.99689164037        99.99997797563006      -0.2099716175946043
                       11         4.35149234768881        3.824176108945308        11090.99681557944        99.99997742290506       -0.209971805369829
                       12        4.406348542756609        4.128917673950597        11090.99673848542        99.99997686189407      -0.2099714644013417
                       13        5.131222518133068        4.700302567632069        11090.99664369609        99.99997621924824      -0.2099713675772215
                       14        3.187699511683098        2.921828149106179         11090.9965747688        99.99997570663022      -0.2099712270680101
                       15        4.953341417991018        4.843904853774054        11090.99648702172        99.99997509616566      -0.2099715111388036
                       16        4.123228610228148        3.752407328302144        11090.99640010311         99.9999744837047      -0.2099718260329588
                       17        4.122535838789122        3.631104564741491        11090.99632378283        99.99997392988732      -0.2099716261967401
                       18        5.368399784906805        4.968737496430922        11090.99622904369        99.99997327312683      -0.2099714531765127
                       19        4.296241432821807        3.743896707856984        11090.99613222662        99.99997261337606      -0.2099710327764317
                       20        5.415741938492594         4.74154412699308        11090.99602634179        99.99997191592992      -0.2099707787429246
                       21        4.704236002066753        3.949027999458103        11090.99593200834        99.99997127487114      -0.2099713065717026
                       22        4.733428924130134         4.28934190009041        11090.99583807966        99.99997063438397      -0.2099713936508891
                       23        3.888771188443351        3.535255589092764         11090.9957526593        99.99997001558299      -0.2099711406269158
                       24        4.733618430108444        4.359693273049518        11090.99566704024        99.99996942335511      -0.2099712323187282
                       25        4.111090252187355        3.671860757668227        11090.99558766681        99.99996885493422      -0.2099714644977126
                       26        4.682430464066146        3.871192896860824        11090.99550351527        99.99996825382807      -0.2099711036849712
                       27        5.150430618464791         4.61263978854859        11090.99539373627        99.99996754395053      -0.2099715641314255
                       28        5.165130844868365        4.316162642598953        11090.99530751359        99.99996694041124      -0.2099717492254669
                       29        5.891292436200865        4.923330281564522        11090.99520525382        99.99996624920736      -0.2099714551810887
                       30        5.028491876242703        4.533376259261935         11090.9951158806        99.99996564032593      -0.2099718233366143
                       31         5.04254063530555        4.657493391903409        11090.99502529177         99.9999650100429      -0.2099715894229135
                       32        4.199760406758142        3.829053900693062        11090.99494891065        99.99996445220503      -0.2099717167757866
                       33        3.813920956125461        3.467056497707762        11090.99486043345        99.99996383261151      -0.2099722818878096
                       34        4.152861639395757        3.606694967404695        11090.99478262301        99.99996327299272      -0.2099722036830904
                       35        4.028885873339156         3.86442738318729        11090.99470514577        99.99996272014297      -0.2099720402137617
                       36        4.438437411462365        3.801947797366265        11090.99462006662        99.99996211698378      -0.2099722666681227
                       37        4.420328003414145        3.947737564306637        11090.99453631967        99.99996151815556      -0.2099722257123275
                       38        4.056201894857921        3.544425086428071        11090.99444274419        99.99996087331782      -0.2099722946463025
                       39        5.272184302822202        4.575397713547844        11090.99433596192        99.99996016646544      -0.2099720880623757
                       40        4.705552649244062        4.255379070192351        11090.99424984393        99.99995956390062      -0.2099719717893223
                       41        5.146964144241117        4.509522512048984        11090.99414977866          99.999958867047      -0.2099722163229281
                       42         4.26496550019149        4.169054033333984        11090.99405679784        99.99995822413841      -0.2099720957780846
                       43        3.808850090503091        3.575767780773779        11090.99397790342        99.99995765272578      -0.2099716506871943
                       44        4.744853261872526        4.236673217122024        11090.99389797407        99.99995707954389      -0.2099719028219802
                       45        4.701564033012714        4.285964387265999        11090.99380976959        99.99995645642073      -0.2099720628529838
                       46        5.004123556069792        4.613079756449551         11090.9937115087        99.99995577329558      -0.2099720889524477
                       47        4.069827008605919        3.577066513439974         11090.9936236601        99.99995515362997      -0.2099722498053964
                       48        4.426558161282125        3.865550061265148         11090.9935220455        99.99995447137718      -0.2099721943899482
                       49        4.785414845171642        4.190560203375844          11090.993434693        99.99995385904455      -0.2099723650209313
                       50        4.912702719661038          4.1348544200295        11090.99334828219        99.99995325930577      -0.2099717961026393
                       51        3.944279423118469        3.490464724954514        11090.99326839595        99.99995269198054      -0.2099715598096472
                       52        3.807699277088847        3.491202723066097        11090.99318565574        99.99995211702129       -0.209971596822947
                       53        4.253100879122513        4.024817449538954        11090.99311683322        99.99995162170082      -0.2099719050407174
                       54        4.823199818217017        4.319857798111792        11090.99302453112        99.99995098871111      -0.2099719439250514
                       55         5.06111405621859        4.313566343174316        11090.99293057736        99.99995032227164      -0.2099718926345453
                       56        6.284359730546296        5.202582785641439        11090.99282616942        99.99994962749716      -0.2099717413193432
                       57        5.090776371967516        4.473964681517431        11090.99273777382        99.99994900482103      -0.2099717897455662
                       58        4.874975439861691        4.560710232006658        11090.99264058215        99.99994833013058      -0.2099718962472181
                       59         4.39285886790831        4.051050530385814         11090.9925440884        99.99994765519529       -0.209971451763451
                       60        4.940202722886397        4.382973265688666        11090.99244802319        99.99994699641961      -0.2099717485116344
                       61        4.391540964231359        3.762476609125794        11090.99236846855        99.99994643430095       -0.209972079461398
                       62        4.338450726291188        3.786884863847984        11090.99228583613        99.99994584524644      -0.2099719934592148
                       63        4.839000160678085        4.224860139573016         11090.9921883103        99.99994516490166      -0.2099711968511926
                       64        5.812843506892699        5.157589688128337        11090.99209516778         99.9999445277241      -0.2099712814976407
                       65        3.629869768852915        3.270870590169661         11090.9920204921        99.99994398545488      -0.2099710364184624
                       66        5.079885754687735         4.51276228186605        11090.99193658478        99.99994339590862      -0.2099711265704336
                       67        5.320379964012132        4.460460444530887        11090.99183723382        99.99994272371211      -0.2099713704788968
                       68        5.044122669922752        4.303628064617264        11090.99174470752        99.99994208176774      -0.2099712629179145
                       69        4.490964091131434          3.8536346295059        11090.99166115053        99.99994148372086      -0.2099712308438653
                       70        4.628953569317546        4.437809074217348        11090.99157082903        99.99994084791174      -0.2099712207768434
                       71        4.890962686898089        4.371398417542858        11090.99147959029        99.99994022008369      -0.2099714852370447
                       72        3.305359857207981        3.276027975561224         11090.9914026679        99.99993966749614      -0.2099717920075035
                       73         3.93374762361934        3.411939404099678        11090.99133501431        99.99993916462803       -0.209972100672104
                       74         4.24346397784628        3.532009076350657         11090.9912462445        99.99993854962884      -0.2099722561353303
                       75         2.77940112536833        2.595152329938301        11090.99117544104        99.99993802310371      -0.2099721790062929

Final average n0: 4.557672500631157
Final fluctuations n0: 4.14708391012573

Averages:
4.077580352667826
3.441590618972838
4.259186396827966
5.43180794070498
4.93060534284551
4.774077212708631
4.579129095915889
4.116498991032376
3.9565079569764
4.615270531184593
4.35149234768881
4.406348542756609
5.131222518133068
3.187699511683098
4.953341417991018
4.123228610228148
4.122535838789122
5.368399784906805
4.296241432821807
5.415741938492594
4.704236002066753
4.733428924130134
3.888771188443351
4.733618430108444
4.111090252187355
4.682430464066146
5.150430618464791
5.165130844868365
5.891292436200865
5.028491876242703
5.04254063530555
4.199760406758142
3.813920956125461
4.152861639395757
4.028885873339156
4.438437411462365
4.420328003414145
4.056201894857921
5.272184302822202
4.705552649244062
5.146964144241117
4.26496550019149
3.808850090503091
4.744853261872526
4.701564033012714
5.004123556069792
4.069827008605919
4.426558161282125
4.785414845171642
4.912702719661038
3.944279423118469
3.807699277088847
4.253100879122513
4.823199818217017
5.06111405621859
6.284359730546296
5.090776371967516
4.874975439861691
4.39285886790831
4.940202722886397
4.391540964231359
4.338450726291188
4.839000160678085
5.812843506892699
3.629869768852915
5.079885754687735
5.320379964012132
5.044122669922752
4.490964091131434
4.628953569317546
4.890962686898089
3.305359857207981
3.93374762361934
4.24346397784628
2.77940112536833

Fluctuations:
3.613342715119549
3.330480754039992
3.752795880406388
4.804724668947894
4.43661895008307
4.357801426491759
4.248413627656328
3.773524541593989
3.387966380631999
4.144970747208893
3.824176108945308
4.128917673950597
4.700302567632069
2.921828149106179
4.843904853774054
3.752407328302144
3.631104564741491
4.968737496430922
3.743896707856984
4.74154412699308
3.949027999458103
4.28934190009041
3.535255589092764
4.359693273049518
3.671860757668227
3.871192896860824
4.61263978854859
4.316162642598953
4.923330281564522
4.533376259261935
4.657493391903409
3.829053900693062
3.467056497707762
3.606694967404695
3.86442738318729
3.801947797366265
3.947737564306637
3.544425086428071
4.575397713547844
4.255379070192351
4.509522512048984
4.169054033333984
3.575767780773779
4.236673217122024
4.285964387265999
4.613079756449551
3.577066513439974
3.865550061265148
4.190560203375844
4.1348544200295
3.490464724954514
3.491202723066097
4.024817449538954
4.319857798111792
4.313566343174316
5.202582785641439
4.473964681517431
4.560710232006658
4.051050530385814
4.382973265688666
3.762476609125794
3.786884863847984
4.224860139573016
5.157589688128337
3.270870590169661
4.51276228186605
4.460460444530887
4.303628064617264
3.8536346295059
4.437809074217348
4.371398417542858
3.276027975561224
3.411939404099678
3.532009076350657
2.595152329938301

Last point and parameters for further simulation:
100
17
0.25
contact

0.3361248167590458
-0.2781486232599263
-0.6398451205425923
-0.2245890622136079
1.617875862222314
0.4562017412150801
2.817988060300531
0.4324429345513774
0.959112729383824
1.622400646728234
1.412388327920589
-2.236696756485197
-1.886812737277581
-1.698398771007028
-0.5308801431998467
1.244230704627757
-2.089783594497725
0.01547344792501783
-1.278080837653477
-0.1369208230690785
1.612500697636829
2.885239824419275
-0.6474356271998899
-0.530869842956801
2.152990567650943
-1.023804310472813
2.996226995301014
-0.2093841278239366
-1.324683141427049
-0.2336630697511627
1.102915133603655
-0.3923976470739969
1.231342234829574
-0.1231111826017261
0.4311165874465235
-1.231177973819657
0.4916541039551214
0.5635023828175535
-0.23248786432846
-0.6714393904732185
1.524013169835364
-0.2578574868710834
-0.04952489941079781
0.5529227322821199
1.464547554124635
-0.09771361452020978
0.9408101271670565
1.150395986439548
0.745694005628977
-1.768571518639077
0.4562949611891672
0.7555839358074045
1.358949754674846
-0.5046581280217461
0.5007480353832091
-1.362280817570909
1.048247121985447
-0.244272389427153
2.423654256064968
1.131006614034109
-0.6217631987914528
0.3249987839493651
-0.7864446080641965
-0.07823965977093003
-1.018898371667136
1.465197109057454
0.310417074389053
0.5846113656061139
-0.8640067361278324
0.4638432276125641

Final quantities:
4.557672500631157
4.14708391012573
