Number of particles: 100
Nmax: 19
Gamma: 0.25
Interaction type: contact
Step size: 8e-05
Batch size: 200000
Batch count: 75
             Batch number               Average n0          Fluctuations n0                   Energy           Particle count                 Momentum
                        1        3.083653269192178        3.050132314317147        13205.53197043552        100.0001953944383      0.03149388995379354
                        2        3.148089559346609        2.953884982482657        13205.53188194791        100.0001944430777      0.03149490970060498
                        3        4.159547527168599        3.783850440644751        13205.53180166843        100.0001934582497       0.0314945263083688
                        4        3.126155027006412        2.695791123200499         13205.5317394977         100.000192524609      0.03149585357481044
                        5        3.108126719306064        2.943431867745055        13205.53166828107        100.0001916335439      0.03149395282952128
                        6        3.301797728715903         3.17790817055146        13205.53160094701        100.0001907180009      0.03149408693959543
                        7        3.496014683892565          3.1416561476901        13205.53152531431        100.0001897815873      0.03149409052203112
                        8        4.546555712743035        3.995889804579153        13205.53144889724        100.0001888530885      0.03149376226570588
                        9        3.538100067610581        3.281830171012828        13205.53137764002        100.0001880567424      0.03149430214789817
                       10        4.040871395816859        3.730730697221441        13205.53130162371        100.0001871446332      0.03149543600834903
                       11        4.410303050111485        4.081728504111066        13205.53121352644        100.0001862134414      0.03149624035991838
                       12        4.024049705885125        3.520493645975539        13205.53113786071        100.0001852214848      0.03149730285534602
                       13        3.456624630839677        3.046524417329428        13205.53106789041        100.0001843662201      0.03149698225974618
                       14        3.638484024583742        3.053181463085471        13205.53097739842        100.0001833180401      0.03149705723656382
                       15        3.176749025149685        2.962219796123931         13205.5309015234        100.0001823512083      0.03149791285956427
                       16        5.050637566067152        5.023934280164029        13205.53083576305        100.0001814096273      0.03149940836551934
                       17        4.556157025308536        4.105488621236571        13205.53075080712        100.0001803899031      0.03149940416243169
                       18        4.275670164651342        3.714335562934395        13205.53068994657        100.0001794347008      0.03149781978132005
                       19        4.074672574355795        3.769376657752308        13205.53061367014        100.0001785341312      0.03149791873693175
                       20        5.002646600256836        4.513054833088521        13205.53053615231        100.0001775883846      0.03149844982755212
                       21        3.713662612011395        3.328881411398157        13205.53046368529        100.0001767027825      0.03149909541427576
                       22        4.127440521447344        3.638352379446069        13205.53038879735         100.000175780102      0.03150062146539057
                       23        3.487701997067832        3.181737707515895        13205.53033254637        100.0001748887583      0.03150067394629552
                       24        3.584581221883516        3.338093664149276        13205.53026863676        100.0001740486465      0.03150180554570525
                       25        3.013657828501792        2.732522654014703         13205.5302110373        100.0001731674441      0.03150422999207336
                       26         3.55470920523683        3.443900043688445        13205.53013375022        100.0001722166234      0.03150353528347338
                       27         5.07169210259297        4.388492388354795        13205.53005016164        100.0001711895904      0.03150563191834976
                       28        3.457020270541454        3.201879207965599        13205.52997339871        100.0001702481619      0.03150583446008426
                       29         2.84277075272191        2.558285794120436         13205.5299097982        100.0001694127979      0.03150538612383258
                       30        3.430049511661941        3.022016252823044        13205.52984390677          100.00016853309      0.03150560980370898
                       31        3.772262269960664        3.402176468229963        13205.52977766565        100.0001676649455      0.03150773044661292
                       32        3.970059918950829        3.774184268569707        13205.52970863198        100.0001667656537        0.031506661037767
                       33        4.977912402523732        4.076724164534498        13205.52962949035        100.0001658409962      0.03150691127118677
                       34        4.331482463219349        3.817962557986925        13205.52955642089        100.0001649265933      0.03150667935708995
                       35        3.798175932622706        3.375297818475493        13205.52947096698         100.000163869565      0.03150998048470655
                       36        2.972504443391359        2.773241431367385        13205.52939983232        100.0001630226276      0.03151039924544996
                       37        3.875260818994021        3.348311976258526         13205.5293173269        100.0001620802933      0.03151054995480962
                       38        3.652764076461027        3.199528054924101        13205.52923489068        100.0001611401074      0.03151123024349545
                       39        4.273331264712819        3.744070973423869        13205.52914174732        100.0001601255735      0.03151200448799685
                       40        3.384899740744776        2.945269426132493        13205.52906420875        100.0001591693424      0.03151210191152387
                       41        3.491535059153208         3.23505935009175        13205.52898091581        100.0001581770478      0.03151340719703732
                       42        3.755932317726886        3.528522028872879        13205.52889445709        100.0001571825742      0.03151462887221967
                       43        3.562425024759952         3.09820591213942        13205.52882832317        100.0001563140531      0.03151323613703916
                       44        4.163020329983493        3.824325928078937        13205.52875610309        100.0001554414495      0.03151295748478233
                       45        3.893967252405599        3.478806405509755        13205.52868486798         100.000154561577      0.03151413630735789
                       46        4.528677421612829        4.129740476617496        13205.52860875408        100.0001536732965      0.03151278558113191
                       47        3.127821411903529        3.055458944967079        13205.52853772797        100.0001527349694       0.0315129264469789
                       48        3.857818411967384        3.143717099328305        13205.52846363636        100.0001517929666      0.03151411117303127
                       49        4.961908973016828        4.254184996870133        13205.52839430985         100.000150765117      0.03151311761454068
                       50        3.806626160290932        3.830509787092877        13205.52832690626        100.0001498422007      0.03151221682996841
                       51        4.179868617310001        3.951269994792781        13205.52824685455        100.0001489056939      0.03151067367720461
                       52         4.18296932327983        3.587044349074049        13205.52816061323         100.000147938932      0.03150956984138276
                       53        3.778587195264428        3.488532901100498           13205.52809357        100.0001470836424      0.03150853143872645
                       54        3.792794396935542        3.575454495504518         13205.5280046148        100.0001460555748      0.03150786938092054
                       55        3.032556702526651        2.765040266958947        13205.52792037103         100.000145059773      0.03150785477307494
                       56        4.441744812052535        3.806459471307613        13205.52784141375         100.000144054297      0.03151064427961625
                       57        5.624666168987214        5.084092482229803        13205.52774887425         100.000143027517      0.03151022352491673
                       58         3.58799091957831        3.356742379879679        13205.52766165037        100.0001420522248      0.03151023295709976
                       59        4.647276913764188        4.220106114080998        13205.52759587717         100.000141182905        0.031510865192935
                       60        3.400516813108341        2.838898736655344        13205.52752960313        100.0001403008192      0.03151129519474694
                       61        3.894368812126044        3.529279023104435        13205.52745634593         100.000139390508      0.03150989384563374
                       62        3.060777155597039        2.769376025242451        13205.52739354484        100.0001385048277      0.03151002541688896
                       63        2.947314605616231        2.796345417610128        13205.52734211731        100.0001376580061      0.03151196967227321
                       64        4.778979112719131        4.441898695019384        13205.52727353035         100.000136718243       0.0315131797359669
                       65        3.547117451137883        3.190688386127624        13205.52719735297        100.0001358115512      0.03151320082895381
                       66         4.06106885937939        3.652075358869415        13205.52712470217        100.0001348662846      0.03151122659296135
                       67        4.826843601766042         4.08685189074495         13205.5270523117        100.0001339434405      0.03151221871969678
                       68        4.774294233295663        4.399338640172933        13205.52696682358        100.0001329212514       0.0315118581175966
                       69        4.083703407754365        3.559516170429638        13205.52688213549        100.0001319628674        0.031513284360706
                       70        4.204248596517423        3.911360044661601        13205.52680537879        100.0001309497215      0.03151591719377222
                       71         3.99818571920102        3.562878367833504        13205.52672008088        100.0001299183657      0.03151701112290084
                       72        4.233967567755788        3.924316350143731        13205.52662028763        100.0001287973212      0.03151644061154713
                       73         3.51212801855981        3.052139141643652        13205.52654172754        100.0001278652819      0.03151769062817067
                       74        5.070379814409161        4.420764271180656        13205.52646132673        100.0001268677842      0.03151798649309967
                       75        4.033211346813933        3.278600192619886        13205.52638398245        100.0001259133322      0.03151580036479373

Final average n0: 3.911361839220439
Final fluctuations n0: 3.622418157729199

Averages:
3.083653269192178
3.148089559346609
4.159547527168599
3.126155027006412
3.108126719306064
3.301797728715903
3.496014683892565
4.546555712743035
3.538100067610581
4.040871395816859
4.410303050111485
4.024049705885125
3.456624630839677
3.638484024583742
3.176749025149685
5.050637566067152
4.556157025308536
4.275670164651342
4.074672574355795
5.002646600256836
3.713662612011395
4.127440521447344
3.487701997067832
3.584581221883516
3.013657828501792
3.55470920523683
5.07169210259297
3.457020270541454
2.84277075272191
3.430049511661941
3.772262269960664
3.970059918950829
4.977912402523732
4.331482463219349
3.798175932622706
2.972504443391359
3.875260818994021
3.652764076461027
4.273331264712819
3.384899740744776
3.491535059153208
3.755932317726886
3.562425024759952
4.163020329983493
3.893967252405599
4.528677421612829
3.127821411903529
3.857818411967384
4.961908973016828
3.806626160290932
4.179868617310001
4.18296932327983
3.778587195264428
3.792794396935542
3.032556702526651
4.441744812052535
5.624666168987214
3.58799091957831
4.647276913764188
3.400516813108341
3.894368812126044
3.060777155597039
2.947314605616231
4.778979112719131
3.547117451137883
4.06106885937939
4.826843601766042
4.774294233295663
4.083703407754365
4.204248596517423
3.99818571920102
4.233967567755788
3.51212801855981
5.070379814409161
4.033211346813933

Fluctuations:
3.050132314317147
2.953884982482657
3.783850440644751
2.695791123200499
2.943431867745055
3.17790817055146
3.1416561476901
3.995889804579153
3.281830171012828
3.730730697221441
4.081728504111066
3.520493645975539
3.046524417329428
3.053181463085471
2.962219796123931
5.023934280164029
4.105488621236571
3.714335562934395
3.769376657752308
4.513054833088521
3.328881411398157
3.638352379446069
3.181737707515895
3.338093664149276
2.732522654014703
3.443900043688445
4.388492388354795
3.201879207965599
2.558285794120436
3.022016252823044
3.402176468229963
3.774184268569707
4.076724164534498
3.817962557986925
3.375297818475493
2.773241431367385
3.348311976258526
3.199528054924101
3.744070973423869
2.945269426132493
3.23505935009175
3.528522028872879
3.09820591213942
3.824325928078937
3.478806405509755
4.129740476617496
3.055458944967079
3.143717099328305
4.254184996870133
3.830509787092877
3.951269994792781
3.587044349074049
3.488532901100498
3.575454495504518
2.765040266958947
3.806459471307613
5.084092482229803
3.356742379879679
4.220106114080998
2.838898736655344
3.529279023104435
2.769376025242451
2.796345417610128
4.441898695019384
3.190688386127624
3.652075358869415
4.08685189074495
4.399338640172933
3.559516170429638
3.911360044661601
3.562878367833504
3.924316350143731
3.052139141643652
4.420764271180656
3.278600192619886

Last point and parameters for further simulation:
100
19
0.25
contact

-0.6846822937569333
0.9002238781526511
-0.03189431344322528
0.0005044113863477641
0.4912160397433289
-0.4066226509032772
-1.029867936362846
-0.2480684374853682
-1.073448365953771
-2.349478684137146
0.4616122626962311
0.2367150633990488
1.638242755768707
-0.8122549806928068
-0.5615249660298303
1.34740930854411
-1.244926478939337
0.3722961029827185
-0.1475941284546382
2.320501172828833
1.458088934416594
-1.968053935222454
-0.8951393571790978
0.1703522593891509
-0.149217050827465
0.9624541039169524
-0.06237385575679465
1.170057256252993
-0.8288251428099223
1.510522137304612
0.1442369710767242
0.9816804906516969
2.501572165377516
-0.8564485038772867
-1.509712593400651
0.5530654226448821
0.8159346437866943
-0.2149982256704802
0.4072106249434532
1.290668174115079
-1.23360736365812
-1.314383653654143
0.3631931238128999
-1.186580917559199
-0.2287152641280501
0.6483343819507807
0.9523716562270856
-0.4096356967373326
0.5593269964893085
-0.02475328000216426
0.4078941604779116
-0.944298088484502
-1.313921165884847
3.047891610933795
-0.600640330011587
-0.08331305108694656
-0.9417884094214821
2.185495330581757
2.512948726612308
-2.125609188520067
-0.4132326114393046
-0.6214098202753106
1.230017337069475
1.140683713906642
0.9957849963839426
2.558815663101364
0.1896904151555066
1.186732300829387
0.2474101483088614
1.24465584553904
0.7100936429541608
0.8089719340479929
1.037747363311823
0.541867985051961
0.594870573616418
-0.06497837865308732
-0.04564466703934628
0.115201295577876

Final quantities:
3.911361839220439
3.622418157729199
