Number of particles: 100
Nmax: 20
Gamma: 0.25
Interaction type: contact
Step size: 8e-05
Batch size: 200000
Batch count: 75
             Batch number               Average n0          Fluctuations n0                   Energy           Particle count                 Momentum
                        1        2.687712801989331        2.482344294093816        14345.88281305211        99.99991973290172     0.006591552633507192
                        2        3.256863462139744        3.088649121274107        14345.88283341507        99.99991873609385     0.006593576795765443
                        3        4.588332644439396        3.766541691609812        14345.88285323866        99.99991768161151     0.006596226240549896
                        4        4.980430386774155        4.984608292049535        14345.88286266477        99.99991650028859     0.006597576194515398
                        5        5.103378246015014         4.15352072846118        14345.88286627581        99.99991536306304     0.006598363572225985
                        6        4.290724302657535        3.674673970588537        14345.88287991232        99.99991426753772      0.00659761627954758
                        7        2.399974571124681        2.411502026656548        14345.88290433986          99.999913334403     0.006598523984420623
                        8        3.444398682667834        3.094173997175679        14345.88292467342        99.99991229520276     0.006596804071357099
                        9        2.797905612789365         2.61128738500553        14345.88295938916         99.9999112778445     0.006603277986234612
                       10        3.941158459143278        3.941927805557287        14345.88296238257        99.99991009659146     0.006601894311771161
                       11        4.347800493574369        4.485250782044028         14345.8829588496        99.99990903679077     0.006601432815141806
                       12        3.939934390625073        3.475502524187872        14345.88296552889         99.9999080211265     0.006603538478173743
                       13        3.634052777942798        3.137328485008018        14345.88297177118        99.99990698944956     0.006602277029491788
                       14         3.74822902731362        3.571026472067565        14345.88296771287        99.99990594090353     0.006602207687553041
                       15        4.835217552705197        4.272956348919251        14345.88296789266        99.99990483350383     0.006600027867339264
                       16        3.632092987098235        3.167958323902591        14345.88295177074        99.99990370903221     0.006602249738843824
                       17        4.230554399456068        3.673019811231391        14345.88294545063        99.99990268001966     0.006604294213875761
                       18         3.63730217843645        3.570516833317257        14345.88292540268        99.99990162376021     0.006607872739163412
                       19        3.151664677115769         3.11695716976386        14345.88291867769        99.99990053487592     0.006604315155811946
                       20         3.41186066848896        3.112316881526103        14345.88292368157        99.99989951271087     0.006605457764962352
                       21        3.083002083560152        2.958747532081737         14345.8829170311         99.9998985980546      0.00660676458950249
                       22         3.43334792842485        2.969895636924084         14345.8829338491        99.99989763203678     0.006608573311268628
                       23        3.901483465437448        4.070509684218274        14345.88296239431        99.99989651115607     0.006605919062714349
                       24        2.355015922879042        2.032567068664671        14345.88295251778         99.9998955464395     0.006605102484725123
                       25        3.717399287349814        3.297772035691532        14345.88298205724        99.99989442529525     0.006601610068456054
                       26        3.936904159660332        3.373469031212135        14345.88298743769        99.99989339730385      0.00660538037117675
                       27        3.782658435509918        3.571635230812837        14345.88298508486        99.99989227519889     0.006603176847088221
                       28        4.466646200389166        4.069111489666123        14345.88299116516        99.99989118385042     0.006606097131619748
                       29        3.628946314962783         3.26504857580191        14345.88297974046        99.99989017198385     0.006605737276601076
                       30        3.639818244183754        3.615607863673052        14345.88298100963        99.99988906639909     0.006603053262402625
                       31        4.118050209085064        3.850368219696168        14345.88300287579          99.999887932753     0.006605605601279763
                       32        3.201778396108466        2.886068160428593        14345.88300993071        99.99988689703378     0.006604691137692242
                       33         5.17961126918323        4.976576840905881        14345.88302621038        99.99988572444515     0.006605086993012321
                       34        4.256379126192412        3.800069680012099        14345.88303627461        99.99988458035895     0.006604524469643991
                       35         4.10402528910472        3.806835646603571        14345.88310915522         99.9998834291525     0.006601783793664495
                       36        3.540292720396498         3.31490578607966        14345.88313935715        99.99988239601392     0.006598756250006943
                       37        2.692922491812838        2.499949613629282        14345.88314138824         99.9998814264242      0.00660163066785735
                       38         3.02830306731422        2.620813471298913        14345.88312512227        99.99988043970481     0.006601567942738029
                       39        3.268435287398413        2.827838245283347        14345.88315460816        99.99987935837066      0.00660859492074195
                       40        5.627214764241103        5.137331351876782        14345.88315812779        99.99987815449607     0.006613113770022494
                       41         4.06740943409628        3.749459550526804        14345.88315406852        99.99987710419406     0.006612916434356464
                       42        3.563002878262153         3.15752615376543        14345.88314487058        99.99987614840897     0.006612317579993032
                       43        4.017098466592239        3.257039704941492        14345.88315872791        99.99987509904639     0.006613600526677033
                       44        4.169352200613703        3.803821648312624        14345.88315640099        99.99987395885238     0.006617401842060389
                       45        3.697640469066922        3.322842857818398        14345.88317701845        99.99987291470237     0.006616366915798366
                       46        2.956788364157332        2.738177755709862        14345.88318440122         99.9998718411978     0.006615795774081334
                       47        2.619420141443257        2.299009037035043         14345.8831877984        99.99987089525195     0.006618107875013379
                       48        3.071036438732805        3.002676041572152        14345.88319669657        99.99986981760732     0.006614592308601175
                       49        4.245124866339636        3.733349619923918        14345.88319374203        99.99986859379864     0.006611817381578788
                       50        3.395454897187792        3.000071144213783        14345.88320590905        99.99986760552795     0.006616585369080497
                       51        4.470491136783927        3.954892100520807         14345.8832168007        99.99986644429669     0.006619802865941438
                       52        3.828146305338349        3.499513652512394        14345.88318772191        99.99986547229499     0.006619889510464105
                       53         4.44928508859947        3.851733780292108         14345.8831779173        99.99986436525512     0.006617069465047365
                       54        2.744980479621222        2.391658479036246        14345.88319431326         99.9998633263662     0.006616697063776655
                       55         3.46183302677993        3.079881915837955        14345.88318616947        99.99986233762108     0.006615170536433901
                       56        2.740104593843428        2.377371640901643        14345.88318004212        99.99986135260956     0.006618002289052072
                       57        3.495278518433051        3.100437338192943        14345.88316662183        99.99986033944069      0.00661981879820317
                       58        1.878101686177234        1.784438004351836        14345.88318740079        99.99985943511483     0.006620385843596921
                       59        3.434897802132738        3.083646916710045        14345.88321182386        99.99985835981467     0.006620790163374579
                       60        3.442047005824331          3.3022694645145        14345.88321331989        99.99985734684017     0.006622996192021446
                       61        4.411308667713481        3.736679251599707        14345.88322636194        99.99985621550861     0.006618079690859702
                       62        2.922430820151828        2.701295281484732        14345.88320452164        99.99985510203759     0.006620451585476417
                       63        3.152491782827419        2.755761290768528        14345.88320629124        99.99985399594635     0.006618683058650987
                       64        4.058404521002459        3.494967802204888        14345.88321987622        99.99985293631293     0.006619180264253899
                       65        4.891839146907527         4.07429011400489        14345.88322132311        99.99985189868566     0.006621675846377073
                       66        5.442313259376825        4.571609174425255        14345.88321454623        99.99985076504693     0.006621697771759472
                       67        3.230940830790555        2.870259395900246        14345.88322727843        99.99984973565398     0.006621960335728261
                       68        3.833345661543541        3.357018484646313         14345.8832332631        99.99984856512076      0.00662020257233209
                       69        3.071289837157503        2.905341888631671        14345.88323477089        99.99984753056323     0.006621328222031764
                       70        3.703210894241582        3.269204811653681        14345.88322560642        99.99984650869239     0.006620496895799022
                       71        3.539157695028902        2.977051557411621        14345.88322598761        99.99984552027682     0.006623501460381931
                       72        3.381500324478935         3.04017229582856        14345.88323454813        99.99984434587347     0.006631967525613902
                       73        3.707491514411661        3.520826186102481        14345.88321620108         99.9998431425888     0.006632187752316554
                       74        3.273505671074897        2.962255066628472        14345.88322381972        99.99984208576591     0.006630506566089878
                       75        2.691899600727137         2.38531559660117        14345.88322862282        99.99984108812667     0.006634600189840967

Final average n0: 3.681072626842017
Final fluctuations n0: 3.473106161922754

Averages:
2.687712801989331
3.256863462139744
4.588332644439396
4.980430386774155
5.103378246015014
4.290724302657535
2.399974571124681
3.444398682667834
2.797905612789365
3.941158459143278
4.347800493574369
3.939934390625073
3.634052777942798
3.74822902731362
4.835217552705197
3.632092987098235
4.230554399456068
3.63730217843645
3.151664677115769
3.41186066848896
3.083002083560152
3.43334792842485
3.901483465437448
2.355015922879042
3.717399287349814
3.936904159660332
3.782658435509918
4.466646200389166
3.628946314962783
3.639818244183754
4.118050209085064
3.201778396108466
5.17961126918323
4.256379126192412
4.10402528910472
3.540292720396498
2.692922491812838
3.02830306731422
3.268435287398413
5.627214764241103
4.06740943409628
3.563002878262153
4.017098466592239
4.169352200613703
3.697640469066922
2.956788364157332
2.619420141443257
3.071036438732805
4.245124866339636
3.395454897187792
4.470491136783927
3.828146305338349
4.44928508859947
2.744980479621222
3.46183302677993
2.740104593843428
3.495278518433051
1.878101686177234
3.434897802132738
3.442047005824331
4.411308667713481
2.922430820151828
3.152491782827419
4.058404521002459
4.891839146907527
5.442313259376825
3.230940830790555
3.833345661543541
3.071289837157503
3.703210894241582
3.539157695028902
3.381500324478935
3.707491514411661
3.273505671074897
2.691899600727137

Fluctuations:
2.482344294093816
3.088649121274107
3.766541691609812
4.984608292049535
4.15352072846118
3.674673970588537
2.411502026656548
3.094173997175679
2.61128738500553
3.941927805557287
4.485250782044028
3.475502524187872
3.137328485008018
3.571026472067565
4.272956348919251
3.167958323902591
3.673019811231391
3.570516833317257
3.11695716976386
3.112316881526103
2.958747532081737
2.969895636924084
4.070509684218274
2.032567068664671
3.297772035691532
3.373469031212135
3.571635230812837
4.069111489666123
3.26504857580191
3.615607863673052
3.850368219696168
2.886068160428593
4.976576840905881
3.800069680012099
3.806835646603571
3.31490578607966
2.499949613629282
2.620813471298913
2.827838245283347
5.137331351876782
3.749459550526804
3.15752615376543
3.257039704941492
3.803821648312624
3.322842857818398
2.738177755709862
2.299009037035043
3.002676041572152
3.733349619923918
3.000071144213783
3.954892100520807
3.499513652512394
3.851733780292108
2.391658479036246
3.079881915837955
2.377371640901643
3.100437338192943
1.784438004351836
3.083646916710045
3.3022694645145
3.736679251599707
2.701295281484732
2.755761290768528
3.494967802204888
4.07429011400489
4.571609174425255
2.870259395900246
3.357018484646313
2.905341888631671
3.269204811653681
2.977051557411621
3.04017229582856
3.520826186102481
2.962255066628472
2.38531559660117

Last point and parameters for further simulation:
100
20
0.25
contact

1.041605178462724
-0.8729647558125323
-0.7587853170812712
-0.8259299953032715
-0.4873193111123372
-0.3251561391996279
-0.1273316860409777
0.3674334435981948
-1.811888461155222
1.475428957930291
0.2085592940958093
-0.3021398667173941
-0.9253516979748045
-1.098935641965517
0.1599703814887562
-2.674214994595701
1.001692682326004
0.502491677012447
-1.248909958849397
1.554457398573892
0.5577786600324808
2.533799435230606
0.6142792463681001
1.24528177043828
0.7402512082087679
-2.733928828690784
-1.693038898886012
0.3790530671557482
-1.742251904420427
-1.714294124912193
-0.7073104649218864
-1.095268453090414
-1.428782037708373
-1.078334116548432
-0.5528333975618174
0.3790280408401804
2.132920742258059
-1.229766020640387
-0.3617217807700095
0.1807270276702546
-0.05381878063692748
-1.309682864390535
0.2421107243180849
-0.4567395951538015
-0.6583460979067346
-0.7922783593288344
0.1044090551008773
-0.7864387750897033
-0.2991650672219651
0.05357836030564773
0.7627901940090337
-0.9814990363817323
0.2499086853877401
2.964056326599016
-0.06234720846539653
0.9111489375920128
-1.134708742715097
-1.36336194809167
-1.157622891560713
-1.122231976901165
-1.542919228767855
-2.289047776682457
-1.078505685461721
0.4214091043328306
1.577888453643971
0.8880355200067926
0.4364292136688132
-0.3662159585167167
0.7822786994281939
-1.335845153997448
0.07485476712677858
0.6201685124542432
0.3910824413026698
-0.01947897996001911
0.2722211725854908
-0.41379315964777
-0.7257644668960639
0.4321639969227721
-0.8885573653035689
0.3676980988532337
-0.7220218031557069
-0.6618415257756867

Final quantities:
3.681072626842017
3.473106161922754
