Number of particles: 100
Nmax: 21
Gamma: 0.25
Interaction type: contact
Step size: 6e-05
Batch size: 200000
Batch count: 45
             Batch number               Average n0          Fluctuations n0                   Energy           Particle count                 Momentum
                        1        3.873744750832799        3.625348839263083        15551.38625089252         100.000029975544      0.03680768425846637
                        2        4.709869519761432        4.140863701405403        15551.38627989615        100.0000297874826      0.03680695805232403
                        3        3.287633005674645        3.018711483361193        15551.38631637974        100.0000295862155      0.03680639046225487
                        4        3.662391190909781        3.479214313681528        15551.38635646982        100.0000293702388      0.03680773463442222
                        5        3.423980462448474        2.977282697539803        15551.38639236093        100.0000291763212      0.03680860572179867
                        6        3.531045144338296        2.945068145427166        15551.38643486861        100.0000289895155         0.03680662116777
                        7        3.285819132705476        2.797272734381074        15551.38649870118        100.0000288142629      0.03680276388823422
                        8        4.085261281417122        3.663660375025339        15551.38653645867        100.0000286205604      0.03680303442055788
                        9        4.175944689493915        3.841353557133331        15551.38657275075        100.0000284374131      0.03680254430862107
                       10          4.2822435864289        3.740771444860115        15551.38661428038        100.0000282241946      0.03680204981488444
                       11        3.620729656764551         2.96880935256442        15551.38664903311        100.0000280468363      0.03680350442070335
                       12        3.228801720958776        2.923375253570714        15551.38668650073        100.0000278408322      0.03680450641842015
                       13        3.215009148618512         2.81846855037795        15551.38672600807          100.00002761805      0.03680401248159626
                       14        2.942075906397587        2.680671709839284        15551.38674966394        100.0000274232699      0.03680379678236534
                       15        2.953250659757158        2.563689904794939        15551.38678067924        100.0000272358269      0.03680324529201862
                       16        3.313792754304022        2.779897263882309        15551.38680179192        100.0000270567873      0.03680393427710626
                       17        4.273568367717322        3.767817618643523        15551.38683124744        100.0000268586886      0.03680509624010142
                       18        5.527037044020771         4.60602812438793        15551.38687092625        100.0000266656846      0.03680654690781182
                       19        3.122233734513859        2.638083326189227        15551.38689516811        100.0000264591828      0.03680753032762851
                       20        2.823277594454441        2.504366311667545        15551.38692414576        100.0000262585441      0.03680790804573775
                       21        3.282354312152624        2.695341444667406        15551.38696017786        100.0000260561961      0.03680660130624602
                       22        4.376157177084959        3.635100279419927        15551.38702022644        100.0000258767999      0.03680373838390949
                       23        3.061978402065184        2.693526318494591        15551.38704759256        100.0000256836144      0.03680330229720319
                       24        3.295345743338348        2.759801426933383         15551.3870685138        100.0000255053255      0.03680318642132718
                       25        2.959508027772668        2.464528097241457        15551.38709819045        100.0000253172782      0.03680258198200193
                       26        3.447575572863007        3.010058074856809        15551.38713450897        100.0000251286279      0.03680158959683411
                       27        3.749677822168083        3.408286301704864        15551.38717807677        100.0000249493222      0.03680254828279317
                       28        3.303455020651748        2.906772970680367        15551.38721853135        100.0000247530585      0.03680289657394908
                       29        2.511721762932396        2.291611926810682        15551.38725539517        100.0000245544185      0.03680162088531347
                       30        2.801804456076267        2.535934186241485        15551.38729606166        100.0000243656002       0.0368001338095425
                       31        3.440456173358911        3.334833005844592        15551.38734035788         100.000024161737      0.03679968965452929
                       32        3.218182339495933        2.967664340068861        15551.38738102624        100.0000239578006      0.03679999282417867
                       33        2.728628660478044        2.576753251274992        15551.38739803507        100.0000237806565      0.03680019944973889
                       34        3.135390633562861         3.02922934476669        15551.38742641444        100.0000235796082      0.03679978132692696
                       35         2.57236233332133        2.402635688061557        15551.38747583929        100.0000233759279      0.03679949869982124
                       36        2.513589397929075        2.245499156360534         15551.3875052272        100.0000231813069      0.03679926866766081
                       37        4.315549885906664        3.542980224567568        15551.38754539433        100.0000229963461      0.03679749165355162
                       38        4.702240568374007        3.855545660934478        15551.38758983047         100.000022793764      0.03679623380801189
                       39        4.252569282864949        3.980542451322071        15551.38762755986        100.0000225943951      0.03679707959151601
                       40        4.077389604066989         3.37474422420871        15551.38765750367        100.0000223963573      0.03679778102726772
                       41         2.92654964694681        2.535633716032995        15551.38769310274        100.0000221849754      0.03679759419978268
                       42        2.333688674646761        2.563891356871165        15551.38773306647        100.0000219836952      0.03679603066316872
                       43         3.59028782254998        3.231633740352345        15551.38775935276        100.0000217883085      0.03679610943923306
                       44        4.055394255594555        3.686564582702917        15551.38778918805         100.000021597557      0.03679584560398297
                       45        4.397446111792307        3.878021895487935        15551.38782094918        100.0000213909594      0.03679657880883269

Final average n0: 3.519711400878051
Final fluctuations n0: 3.233892917023769

Averages:
3.873744750832799
4.709869519761432
3.287633005674645
3.662391190909781
3.423980462448474
3.531045144338296
3.285819132705476
4.085261281417122
4.175944689493915
4.2822435864289
3.620729656764551
3.228801720958776
3.215009148618512
2.942075906397587
2.953250659757158
3.313792754304022
4.273568367717322
5.527037044020771
3.122233734513859
2.823277594454441
3.282354312152624
4.376157177084959
3.061978402065184
3.295345743338348
2.959508027772668
3.447575572863007
3.749677822168083
3.303455020651748
2.511721762932396
2.801804456076267
3.440456173358911
3.218182339495933
2.728628660478044
3.135390633562861
2.57236233332133
2.513589397929075
4.315549885906664
4.702240568374007
4.252569282864949
4.077389604066989
2.92654964694681
2.333688674646761
3.59028782254998
4.055394255594555
4.397446111792307

Fluctuations:
3.625348839263083
4.140863701405403
3.018711483361193
3.479214313681528
2.977282697539803
2.945068145427166
2.797272734381074
3.663660375025339
3.841353557133331
3.740771444860115
2.96880935256442
2.923375253570714
2.81846855037795
2.680671709839284
2.563689904794939
2.779897263882309
3.767817618643523
4.60602812438793
2.638083326189227
2.504366311667545
2.695341444667406
3.635100279419927
2.693526318494591
2.759801426933383
2.464528097241457
3.010058074856809
3.408286301704864
2.906772970680367
2.291611926810682
2.535934186241485
3.334833005844592
2.967664340068861
2.576753251274992
3.02922934476669
2.402635688061557
2.245499156360534
3.542980224567568
3.855545660934478
3.980542451322071
3.37474422420871
2.535633716032995
2.563891356871165
3.231633740352345
3.686564582702917
3.878021895487935

Last point and parameters for further simulation:
100
21
0.25
contact

-0.1708277605556458
0.9588524500227412
0.7598789233561699
-0.8203695037051275
-0.1543214799944281
-0.4695518874168916
-1.912779040102037
0.4458361111007215
1.425707710196006
-0.1463107537600835
-0.3201188204760972
-0.03147901767996276
-1.48916229290955
-1.155890956568341
1.307848382351977
1.734663470843119
-1.168298550624816
-0.2518945882174812
-0.1998880258203085
-0.9951162597806912
-0.1871884785857535
-0.3788033246394469
-1.508667798811274
0.7258512944761282
2.53236937721268
-0.4752573999688271
0.8613291937686363
-0.3776606984056627
-0.06970777016749528
-2.410868740789199
-0.03610318565598099
-0.01976023385925983
-0.773895937365064
-1.896514906625401
0.1271884481525038
1.610107070979591
-1.501191125634243
0.5450727076475994
0.3413922337559969
-0.3797978961061309
-0.8600625600319487
0.2436230992018845
-1.813635409825753
-0.28815161915084
-0.113521533156707
0.51231870254195
0.493218460417979
1.36994337186446
0.5017961806228017
0.7314229797885594
-1.274451393055579
-1.043902482750682
0.1368330562007506
0.7486007954230098
-1.033854474449485
-2.332625431103769
0.430594050117582
2.452307641950991
1.509930296365161
-1.82417036728473
-1.193672788251193
-0.895535417795092
0.3124122129452523
0.51244170338246
-1.138699903304602
1.988196856808334
2.341764700254997
-0.9838302170414425
0.6910249633124933
0.01268467326883987
1.268098598979869
0.287009949438375
-1.545116751371098
-0.5085570396587029
-1.010197734398526
-0.05531972225704748
-1.196389926672774
0.4548162791944117
0.8402040951096245
-0.5739527179112508
0.9883872533105241
-0.4116029419962873
0.7002058553797702
-0.4407920907370595
0.5277232676870214
0.9990914772761922

Final quantities:
3.519711400878051
3.233892917023769
