Number of particles: 100
Nmax: 22
Gamma: 0.25
Interaction type: contact
Step size: 6e-05
Batch size: 200000
Batch count: 45
             Batch number               Average n0          Fluctuations n0                   Energy           Particle count                 Momentum
                        1        2.928685471060719        2.524376006835867        16815.33775704861        100.0000281679031     -0.08830525663552891
                        2        2.974966651719967        2.595765172228115        16815.33787653391        100.0000280086052     -0.08830796686909537
                        3        3.668963872547238        3.471338990866033         16815.3379755003        100.0000278340448     -0.08830982856821024
                        4        3.058669454913795        2.850974996309534        16815.33808969489        100.0000276650836     -0.08831192621478579
                        5        3.688453411483539        3.108675456980439        16815.33816479405        100.0000274820769     -0.08831227703302957
                        6        5.378048518091785        4.621782506843815        16815.33827153969        100.0000273249326     -0.08831145945840468
                        7        2.739263479613517        2.418893693494991         16815.3383475916        100.0000271398761      -0.0883130405681527
                        8        2.554340886619773        2.224524466567666        16815.33846649581        100.0000269918277      -0.0883098589588549
                        9        2.854691792445854        2.781120147788187        16815.33857859017        100.0000268337539     -0.08830549022498246
                       10        3.428168590590734        3.275874926847239        16815.33868040109        100.0000266708134     -0.08830267898498079
                       11        1.491965718700853        1.481605136561663        16815.33874202509        100.0000264992288     -0.08830171579492685
                       12        2.320746763958565        2.120837697839385         16815.3388347178        100.0000263427227     -0.08830126119281978
                       13        5.076660293824951        4.567042454295398        16815.33896150472        100.0000261864263     -0.08830130707617911
                       14        3.840366214064749        3.319224730219508         16815.3390561677        100.0000260002761     -0.08830026733506458
                       15        3.385045050142355        2.970062136712788        16815.33915759743        100.0000258173784     -0.08829866384147067
                       16        2.791295724022675        2.525955784216246        16815.33923792656        100.0000256466027     -0.08829894671702654
                       17        2.865575138017756        2.477028986265129        16815.33934918882        100.0000254821391     -0.08829789853606584
                       18        3.365599158660822        3.017635014386943        16815.33947818423         100.000025321314     -0.08829774782915933
                       19        4.300302647971503        3.924485400870563        16815.33959997716        100.0000251474305      -0.0882955789946287
                       20        3.278069860649141        2.866737094304318          16815.339724368         100.000024986524     -0.08829225043305655
                       21        2.485634226383544        2.600502648243791          16815.339841167        100.0000248498679     -0.08828924518810055
                       22        3.381622934333402        3.395242873576205        16815.33996532431        100.0000246924334     -0.08828622770273498
                       23         6.57799102831434        5.197898159529958        16815.34007275855        100.0000245375119     -0.08828481152968237
                       24        5.107927304542007        4.683539876668734        16815.34017369069        100.0000243620103     -0.08828452050389046
                       25        3.492198297076006        3.162065575274242        16815.34028161666        100.0000241664401     -0.08828375800267629
                       26        4.322119239436626        3.613536108529952        16815.34037706045        100.0000239861419     -0.08828246675582818
                       27        2.808528725557617        2.625974038610786        16815.34049272801        100.0000238120815     -0.08828013541179303
                       28        2.990669865061774        2.631560352001101        16815.34060650189        100.0000236606055     -0.08827869049822823
                       29        2.365015866767736        2.137908106008528        16815.34068480318        100.0000234876201     -0.08827709547261442
                       30        3.812214720120858        3.286737836506779        16815.34078463945        100.0000233218428     -0.08827710940301614
                       31        3.126923859183831        2.558667831853509        16815.34088905523        100.0000231567783       -0.088276138788558
                       32        3.017036198942058        2.657844908138809        16815.34098800815        100.0000229759171      -0.0882762902455525
                       33        3.350366574712841        2.966820796834802        16815.34112427348         100.000022796666     -0.08827516580067396
                       34        3.419956394451472         2.78486469019772        16815.34120681756        100.0000226265951     -0.08827708192389494
                       35        2.550729156074755        2.267472869423915        16815.34126864067        100.0000224509237     -0.08827952166046771
                       36        2.854902267157188        2.609770676756893        16815.34137213794        100.0000222643674     -0.08827950460128164
                       37        2.508073142487427        2.178723482761377        16815.34146690169        100.0000220907097     -0.08828145374179996
                       38        2.283543622976417        1.950403059030561        16815.34153932341        100.0000219158858     -0.08828048335341521
                       39        2.947725890319937        2.598400605196472         16815.3416177531         100.000021748629     -0.08828120218853641
                       40        3.995217789895945        3.385082224810402        16815.34173993638        100.0000216060054     -0.08828088043387083
                       41        4.203816599078733        3.623503602862509        16815.34185711197        100.0000214492325     -0.08827919699166564
                       42        3.759573062106564        3.453254505228843        16815.34195720001        100.0000212700747      -0.0882762904255614
                       43        3.730687723035618          3.5231969031052        16815.34204910083        100.0000211008993     -0.08827650833971123
                       44        3.036085597022023        2.817744917310466         16815.3421226816        100.0000209182162     -0.08827658345299483
                       45        3.912204023517282        3.500790677559124        16815.34222515967        100.0000207547645     -0.08827852012740856

Final average n0: 3.378458729059029
Final fluctuations n0: 3.228873721570764

Averages:
2.928685471060719
2.974966651719967
3.668963872547238
3.058669454913795
3.688453411483539
5.378048518091785
2.739263479613517
2.554340886619773
2.854691792445854
3.428168590590734
1.491965718700853
2.320746763958565
5.076660293824951
3.840366214064749
3.385045050142355
2.791295724022675
2.865575138017756
3.365599158660822
4.300302647971503
3.278069860649141
2.485634226383544
3.381622934333402
6.57799102831434
5.107927304542007
3.492198297076006
4.322119239436626
2.808528725557617
2.990669865061774
2.365015866767736
3.812214720120858
3.126923859183831
3.017036198942058
3.350366574712841
3.419956394451472
2.550729156074755
2.854902267157188
2.508073142487427
2.283543622976417
2.947725890319937
3.995217789895945
4.203816599078733
3.759573062106564
3.730687723035618
3.036085597022023
3.912204023517282

Fluctuations:
2.524376006835867
2.595765172228115
3.471338990866033
2.850974996309534
3.108675456980439
4.621782506843815
2.418893693494991
2.224524466567666
2.781120147788187
3.275874926847239
1.481605136561663
2.120837697839385
4.567042454295398
3.319224730219508
2.970062136712788
2.525955784216246
2.477028986265129
3.017635014386943
3.924485400870563
2.866737094304318
2.600502648243791
3.395242873576205
5.197898159529958
4.683539876668734
3.162065575274242
3.613536108529952
2.625974038610786
2.631560352001101
2.137908106008528
3.286737836506779
2.558667831853509
2.657844908138809
2.966820796834802
2.78486469019772
2.267472869423915
2.609770676756893
2.178723482761377
1.950403059030561
2.598400605196472
3.385082224810402
3.623503602862509
3.453254505228843
3.5231969031052
2.817744917310466
3.500790677559124

Last point and parameters for further simulation:
100
22
0.25
contact

-0.3552198127138673
0.1192110599998631
-0.2432094414995749
1.353907334319182
-2.188317789645855
-0.2710254047961783
1.581654848600119
-0.19417638064294
-0.5021800311890737
-1.066776873912105
-0.04103027465635311
1.143621263454948
-1.471217142578633
-2.003318454550142
-0.4225031871985707
0.1373381412560246
0.370010989645315
-0.9305122273994023
-1.409781508094632
0.844438911870524
-0.1190311733745553
0.3391405239297632
1.578060739418262
-0.2560926635202096
-1.678857740559631
1.119825645240335
0.3500119435043169
-1.96107401922832
-1.414177286575619
0.6439312837776405
-1.742791673894154
-2.276699522486927
0.6913743310204842
0.03371195002259217
0.1949876175997698
-0.3641917987485417
-1.938687273902806
0.8504014924333536
-0.202772734527201
-0.4407546037732917
-0.1091190233048035
-0.03850424357886198
-0.420859217938805
0.04971204670493212
0.395246572714812
-1.166720724144367
-0.7266082236727514
-0.3644565738652661
-0.3026945016645806
-0.1797273725864006
-0.4656639671717716
-1.498939670941889
0.56698209123456
0.8558747750351262
0.8782604546171893
0.516502140199012
-1.087121081170537
0.7012278313830443
-0.7774967127445629
0.66680280766306
-0.771586166813626
-0.09499988914422684
0.6357562706377838
2.591567287549034
1.184197667470611
-1.578491541783208
0.6601848679238783
-0.4109338848275334
-1.173517441208074
1.028327878246631
-0.7454831436379297
-2.385864573863015
2.004049471518327
1.148189015800012
0.504101736368908
-0.7473495763139201
0.74627544420252
0.7209843694357367
2.186809146455902
0.2125214396663689
-1.768417755987311
0.04496834266320929
-0.783761937788467
1.047463866031252
-0.7117918041483056
-1.009540566101712
-0.747374073915436
0.02443990443303652
-0.229398870553209
1.162006721410942

Final quantities:
3.378458729059029
3.228873721570764
