Number of particles: 100
Nmax: 25
Gamma: 0.25
Interaction type: contact
Step size: 6e-05
Batch size: 200000
Batch count: 45
             Batch number               Average n0          Fluctuations n0                   Energy           Particle count                 Momentum
                        1        1.590798530528168        1.509874950248271        20990.60478630479        100.0000735918668     -0.02811790726944707
                        2        2.906585331536432        2.854896808583683        20990.60585447955        100.0000741737718     -0.02810379577010025
                        3         3.50867619450113        2.955719195993504         20990.6068497689        100.0000747719839     -0.02809559476018819
                        4         4.89600895997198        4.079088604854262         20990.6078812947        100.0000753968471     -0.02807541825749382
                        5        3.719893078547348        3.692969607872136        20990.60870016789        100.0000758029907     -0.02806663752052074
                        6        2.026973879142219        1.689823184868541         20990.6093805125        100.0000760713201     -0.02806970890545024
                        7        2.385048903232704        2.011551590037127        20990.61025984415        100.0000765108746     -0.02807798158788799
                        8        2.494229359851845        2.129090677604046        20990.61112008438         100.000076941752     -0.02809037550167659
                        9        2.771533378847622        2.428185565361174        20990.61206849443         100.000077431245     -0.02810832998767321
                       10        1.661236382475046        1.585006894112665        20990.61287865429        100.0000778169744     -0.02810176327655078
                       11        2.338225043621276        2.102010419407533        20990.61363644802        100.0000781197806     -0.02809350810762012
                       12        2.600242160243372        2.361245325380901        20990.61450876294        100.0000785608348     -0.02808526622841079
                       13        3.049484762480272        2.501372543420191        20990.61528654096        100.0000788910414      -0.0280969383408145
                       14        2.844114192740722        2.431675639782418        20990.61604941852        100.0000792261746     -0.02809834597471195
                       15         3.03717731532979        2.718274907296069        20990.61688720622        100.0000795854438     -0.02809968781449257
                       16        3.951871489425708        3.296168261084945        20990.61768339531        100.0000799239174     -0.02809239555648091
                       17        2.745288293504282        2.572651658826366         20990.6186540357        100.0000804722933     -0.02810270776450352
                       18        2.787429875571726         2.42640477771817        20990.61970981331         100.000081067707     -0.02811056416535962
                       19        3.869259367895392        3.495803450082761        20990.62062642193        100.0000815499827     -0.02811837240890469
                       20        2.262577926915613        2.109610418835423        20990.62157700817        100.0000820543782     -0.02812187307995373
                       21        2.220024123229871        1.966478156244509        20990.62252184236        100.0000825316025     -0.02811807567317004
                       22        2.830775469089981        2.416447325222835         20990.6234982292        100.0000830475446     -0.02811344116644321
                       23        2.306138330260739        2.071195172662478        20990.62425381077        100.0000833557832      -0.0281045545034635
                       24        2.541959641788798        2.360363411131475        20990.62496622023        100.0000836531967     -0.02810271716683843
                       25        2.571676990867093        2.214255057001632        20990.62588336517         100.000084115248     -0.02810625319155236
                       26        1.987464911206859        1.862007940914354        20990.62692117005        100.0000846689778     -0.02811884151120125
                       27        1.888851169008854        1.807912074782856        20990.62783205942         100.000085112939     -0.02811622646312273
                       28        3.343803000148942         3.24265984083903        20990.62897300166        100.0000857788569      -0.0281201157765878
                       29        3.093488594184614        2.953921945172951        20990.62986783382        100.0000862654137     -0.02811914044543684
                       30        3.626682460034838         3.03357037264227        20990.63067655574        100.0000866430086     -0.02812024162171411
                       31        2.576224408256265        2.127967926177925        20990.63155476573        100.0000870907754     -0.02810306728102274
                       32        2.019528512089855        1.734024707957707        20990.63246391638        100.0000875797976     -0.02809726326876572
                       33        1.849581472380466        1.560931917829837        20990.63326259113        100.0000879715416     -0.02810052185873957
                       34         3.21402190109244        2.795663415265812        20990.63414391407        100.0000883821157     -0.02810319935664296
                       35        2.202825526086492        2.111127834505859        20990.63504512879        100.0000888556732     -0.02810377907019657
                       36         2.17353844697403        1.943667331541298        20990.63590025997        100.0000892897844     -0.02811410630350508
                       37        2.487199004534935        2.142920274491871         20990.6365440164        100.0000895273571     -0.02811946161081025
                       38        2.396761089461526        2.237119792621943        20990.63726013677        100.0000897997481     -0.02811330397383927
                       39        2.688311334387929        2.464194459210787          20990.638148568        100.0000902348038     -0.02811157605681558
                       40        3.065506385277217        2.511076054368031        20990.63917950321        100.0000908152491     -0.02810051627751875
                       41         2.72976906799434        2.334755373551469        20990.63989220401          100.00009111176     -0.02810438596531917
                       42        2.232224983362905        1.864929669432797        20990.64080311664        100.0000915608853     -0.02812013214985143
                       43        2.105614832544596        1.891814757893813        20990.64137052983        100.0000917142702     -0.02812980193999337
                       44        2.286128032624041        1.921178874910967        20990.64201423416        100.0000919231363     -0.02812632534239157
                       45        1.808311629179767        1.662066308762559        20990.64276955524        100.0000921930269     -0.02811905273464532

Final average n0: 2.659845905387334
Final fluctuations n0: 2.517737396866183

Averages:
1.590798530528168
2.906585331536432
3.50867619450113
4.89600895997198
3.719893078547348
2.026973879142219
2.385048903232704
2.494229359851845
2.771533378847622
1.661236382475046
2.338225043621276
2.600242160243372
3.049484762480272
2.844114192740722
3.03717731532979
3.951871489425708
2.745288293504282
2.787429875571726
3.869259367895392
2.262577926915613
2.220024123229871
2.830775469089981
2.306138330260739
2.541959641788798
2.571676990867093
1.987464911206859
1.888851169008854
3.343803000148942
3.093488594184614
3.626682460034838
2.576224408256265
2.019528512089855
1.849581472380466
3.21402190109244
2.202825526086492
2.17353844697403
2.487199004534935
2.396761089461526
2.688311334387929
3.065506385277217
2.72976906799434
2.232224983362905
2.105614832544596
2.286128032624041
1.808311629179767

Fluctuations:
1.509874950248271
2.854896808583683
2.955719195993504
4.079088604854262
3.692969607872136
1.689823184868541
2.011551590037127
2.129090677604046
2.428185565361174
1.585006894112665
2.102010419407533
2.361245325380901
2.501372543420191
2.431675639782418
2.718274907296069
3.296168261084945
2.572651658826366
2.42640477771817
3.495803450082761
2.109610418835423
1.966478156244509
2.416447325222835
2.071195172662478
2.360363411131475
2.214255057001632
1.862007940914354
1.807912074782856
3.24265984083903
2.953921945172951
3.03357037264227
2.127967926177925
1.734024707957707
1.560931917829837
2.795663415265812
2.111127834505859
1.943667331541298
2.142920274491871
2.237119792621943
2.464194459210787
2.511076054368031
2.334755373551469
1.864929669432797
1.891814757893813
1.921178874910967
1.662066308762559

Last point and parameters for further simulation:
100
25
0.25
contact

-0.7508816418533591
1.114429474178155
0.176011882149255
0.7083325912153059
-0.5310148185184767
0.3842912415951437
-0.8021734231494253
-0.9604388884418199
0.1338377741044352
-0.4291006646165623
-0.6657692074959604
1.382549131406663
-1.437436250996583
2.141751989299324
-1.90906751714888
-0.9765014862349745
0.917193821597386
-0.08887388439737902
0.585654049466959
-0.4025250985827755
0.8844062927146971
-1.294195809663938
-1.197315377020183
0.7343371034114822
0.5802604092321535
0.4647932417680721
0.2669657061156939
-0.685731869732265
0.3466467269947602
0.7378692301967589
0.1553076401332231
0.2229387139231845
-1.369400530622781
-1.701072401736974
2.262558451321755
0.7136697228389051
-0.05208616220120713
-1.431766240668794
1.280741143079856
-0.04682472298862777
0.9066473950342536
-1.719443273199342
-1.30069582417126
0.8358698122584767
0.04537503614683046
0.7896898613177834
-0.1585798692720493
-0.1117410621528571
0.2877915310651613
-0.1555586304510546
0.9816529508751279
1.527751036923531
0.643689986807872
-0.08673476545645885
-0.718698609629039
-0.8038095372671759
0.7617130778704821
0.2622078820543269
1.906389262372325
0.06966088074108534
0.5895555951821919
-0.4849397113972492
1.006194884688434
-0.1395787911339649
-1.389277040737266
-0.5124689717174961
-0.7530452623810195
1.253933623573023
0.5722771190212274
-1.235029005392285
-0.8496737342964165
-0.5704278274592668
-0.03735798764956488
0.6900474766317195
-1.968841061989637
1.817176406945202
-0.6609003697781783
-1.024594958454277
0.4789404280628499
2.319090684285365
0.3600021785062235
0.8944378387925541
1.88621351049489
1.528037871025883
1.211857112837047
0.4477758427427728
0.362274660665147
0.768653781434395
0.6361119380569137
-0.159693761106724
-1.129335768994063
-0.33224019916879
1.242698077225032
1.24969406912654
-1.365390289212495
1.201192838553345
0.8831346542435475
0.802234655199203
0.2105182878359722
1.207163031331082
-0.2523733747182942
0.1023578849015707

Final quantities:
2.659845905387334
2.517737396866183
