Number of particles: 100
Nmax: 4
Gamma: 0.25
Interaction type: contact
Step size: 0.0003
Batch size: 200000
Batch count: 350
             Batch number               Average n0          Fluctuations n0                   Energy           Particle count                 Momentum
                        1        70.71856929533308         13.9964969218064        2721.654454802863        100.0001089641881     0.008571301492824368
                        2        71.52055408470608        13.80740400341818         2721.65422835168        100.0001053064923      0.00857136970281358
                        3        71.27062215275024        14.20131877759723        2721.653998569327        100.0001016051262     0.008571426227696577
                        4        70.51602968038105        13.80848004393125        2721.653780354283          100.00009804725     0.008571330924489473
                        5         69.5336336882355        15.34916354906892        2721.653556600979        100.0000944248609     0.008571475068564816
                        6        70.23277699044966        14.07146548112991        2721.653336290868        100.0000908479607      0.00857146475248094
                        7        70.89224960259537        13.85510703541371        2721.653116051464        100.0000872662905       0.0085713927728166
                        8        68.67622223193897        16.31359434935225        2721.652901592638        100.0000837564783     0.008571369134388718
                        9         72.8749573960561        14.75646714669675           2721.652679463        100.0000801470435     0.008571382989508658
                       10        65.33176137223931        17.41509477910067        2721.652467362317        100.0000766709744     0.008571232620655733
                       11        70.41767906386973        14.44656983848509        2721.652247344798        100.0000730947715     0.008571053458221067
                       12         67.5952744981286        17.00015288913517        2721.652031757388        100.0000695763228     0.008571242879067409
                       13        67.56921071385457        15.85505402041973         2721.65181849406         100.000066087961     0.008571247015457306
                       14        66.68697373543908        15.84582577117179        2721.651605649861        100.0000626050568     0.008571411084329128
                       15        72.70456732932477        12.83085955494007        2721.651386897845        100.0000590401003     0.008571434441611459
                       16        71.59114069693975        14.71199090356654        2721.651168080208        100.0000554726391     0.008571478021920598
                       17        69.06822697590631         15.4947344774547        2721.650952947482        100.0000519535253      0.00857145211744692
                       18        70.50650967359228         15.2928011447053        2721.650736413107        100.0000484160954     0.008571478593904835
                       19        70.87397255584855        14.68868199077963        2721.650517083962        100.0000448426791     0.008571540869566796
                       20        69.00672574743042        15.32398838906936        2721.650297174452        100.0000412680899     0.008571529707285919
                       21        71.89626093335504         14.7181020939155        2721.650073408548        100.0000376443056     0.008571616981481789
                       22        68.52635234281055        15.95449411201405        2721.649854253908        100.0000340816333     0.008571638512420598
                       23        70.50605701353446        15.40058206643608        2721.649634793518        100.0000305103946     0.008571672741394476
                       24        68.30669251185249        16.87914640659615        2721.649409170593        100.0000268663849     0.008571609392430624
                       25        69.25966020816981        15.53923082514538        2721.649190788617        100.0000233092673     0.008571552426990259
                       26        69.35386997870897        15.74519495858218        2721.648974357894        100.0000197716778     0.008571589032560389
                       27        66.55808039064432        16.54360323254697        2721.648764078735        100.0000163185986     0.008571686318374017
                       28        68.66121686063263         15.2910031903946        2721.648548913995        100.0000128030572     0.008571754160436651
                       29        69.09341080932109          15.413753740163        2721.648329938898        100.0000092372943     0.008571740575346709
                       30         70.5045312602776        15.98233038104462        2721.648105912479        100.0000056084392     0.008571700510102254
                       31        69.30186285626962        16.61305721611038        2721.647885286373        100.0000020187672     0.008571698359435276
                       32        72.49799616677095        13.32759055963494        2721.647658645567        99.99999835698087     0.008571744176731677
                       33        69.62228088504318        14.51663820311835        2721.647438789087        99.99999478109221     0.008571824945950546
                       34        70.85498037265094        14.53597544918882        2721.647207705083        99.99999106657644     0.008571838322088965
                       35        71.35234601314369        14.18071902049262        2721.646985817597         99.9999874627424     0.008571742358715717
                       36        75.28553029207268        12.07156732072803        2721.646753146497        99.99998371808158     0.008571681992828317
                       37        73.78978898207338        12.29569567793133        2721.646525167593        99.99998003693437       0.0085717158882197
                       38        73.64623763385896        13.03991750385597        2721.646302737615        99.99997642380141     0.008571740153251461
                       39        70.64466030401643        14.59399947516564        2721.646079466644        99.99997279995766     0.008571819700688099
                       40        67.98381617013541        15.86213159575095        2721.645857883811        99.99996920785681     0.008571770509147925
                       41        71.04118564657657         15.4311976198582        2721.645633996909        99.99996558146779     0.008571801037457583
                       42        66.49048578747369        16.73084782466687        2721.645415548754         99.9999620246525     0.008571750707598191
                       43        66.90532959417256        15.70077703562136        2721.645203024944        99.99995854314678     0.008571884154190634
                       44        70.92283806796375        15.11685346988302        2721.644979589664        99.99995492387775     0.008571911082639438
                       45        71.12943859963971        15.30523610032519        2721.644757891457        99.99995131974768     0.008571895541590102
                       46        72.54649728213596        12.55549047254439        2721.644530248158        99.99994764503217     0.008571881302837925
                       47        71.96633811968667        13.36456582000833         2721.64430957183        99.99994405944712     0.008571930707049091
                       48        66.89617088286728        16.59889947052373        2721.644091066791        99.99994050619188     0.008571896816839342
                       49        73.00179386019138        12.72060867990815        2721.643868885355        99.99993689486227     0.008571825212445816
                       50        71.73193116518114        14.23543931054884        2721.643645638325        99.99993327154819     0.008571801338042917
                       51         66.5388560240594        16.92341569257236        2721.643427383542        99.99992971784883     0.008571745625934379
                       52        67.12207256767692        16.39891363256418         2721.64320953798        99.99992616952574     0.008571757841499661
                       53        66.11929508460902        16.72809128602184        2721.642998079187        99.99992269851307     0.008571769031785081
                       54        71.78228436489694        14.40423663040694          2721.6427775924        99.99991911352861     0.008571801836708914
                       55        72.81579403474377        13.51543128053629        2721.642552859529         99.9999154745672     0.008571698653365711
                       56        65.36748481593492        17.70137317932192        2721.642336405931          99.999911947773     0.008571581856946953
                       57        71.60455885673503        14.45575484575103        2721.642111404879        99.99990830412406     0.008571569486813146
                       58        67.76441422505506        16.04461281318707        2721.641894175453        99.99990476283661      0.00857148565304422
                       59        71.35466116628218        15.66637032096276        2721.641675067459        99.99990119347493       0.0085714719080352
                       60        67.54470866193201        15.95944205558273        2721.641456398255         99.9998976365019     0.008571622999057338
                       61        66.56302006151725         17.0978316943267        2721.641242629189        99.99989414224866     0.008571602833804093
                       62        70.50148318233479        15.40894370557735        2721.641019388886        99.99989052541268     0.008571604926967069
                       63         70.9275315182477        13.64420561747122        2721.640798443402        99.99988693688975     0.008571647237284097
                       64        71.15227656048643        14.69819549495618        2721.640573990061        99.99988330132405     0.008571665132314221
                       65        71.75498781925516        14.35436861613927        2721.640355669724        99.99987973958531     0.008571672561657806
                       66        70.87089655104026        14.18888085831651        2721.640136315911        99.99987616790733     0.008571672999103441
                       67        68.12610214658615        15.55977794927859        2721.639921389166        99.99987265131512     0.008571791123490935
                       68        67.37980488620083        15.95918104565291        2721.639710308274        99.99986918336366     0.008571593446078829
                       69         70.5778524127837         15.4513074773884        2721.639493362696        99.99986564327115     0.008571484971950927
                       70        69.86865132039222        15.59301369883454         2721.63927061773        99.99986203329094     0.008571477028609831
                       71        70.26428290161699        14.93999620698172        2721.639049555424        99.99985844254098      0.00857143643078162
                       72        75.83831481570701        11.28882350600465        2721.638818749679        99.99985472415824     0.008571378189421441
                       73         69.9775818193264         14.5264897652411        2721.638594935057        99.99985110432607     0.008571478620342798
                       74        70.63092350335953        12.96838330123734        2721.638377403738        99.99984755526771     0.008571456947330747
                       75        70.91722000383102        15.18454828827315        2721.638151978515        99.99984391097486     0.008571408325781293
                       76        70.53955205164331        15.18664076702641        2721.637929521498         99.9998403026857     0.008571453186624112
                       77        70.48210598196297        15.43827775501189        2721.637706870265        99.99983669331722     0.008571518110951803
                       78        71.03911653436285        15.53017204200396        2721.637487527982        99.99983312340621     0.008571490718315644
                       79        70.64629916132029        14.95757868600357        2721.637271377122        99.99982959529659     0.008571537334428392
                       80        72.55785880661008        13.74035687157359        2721.637045349495        99.99982593862734     0.008571490232813783
                       81        70.87573877265454        15.99295679618884        2721.636823624911        99.99982233839106     0.008571482210064651
                       82        71.01920243644122        13.75082501178786        2721.636598511735        99.99981869600001      0.00857152998212074
                       83        71.14753147235155        14.36315078929204        2721.636381613258        99.99981515422368     0.008571425912558439
                       84        73.80603015274694         13.2600173738178        2721.636151936688        99.99981145149698     0.008571392201101924
                       85        68.53407318484375         16.1917183862146        2721.635936007416        99.99980792201849     0.008571508199859856
                       86        72.38458373558144        15.28431105548794        2721.635713456165        99.99980431043709     0.008571537843228616
                       87        68.25206355206946        16.09811561773115         2721.63549630591        99.99980077186089     0.008571546437226019
                       88        72.47575425523378        14.85800141607465        2721.635276105907         99.9997971918627     0.008571518705029035
                       89        68.25542723575522        16.55155774966191        2721.635057216945        99.99979362687743     0.008571503858453733
                       90        70.15671128577978        14.77450833023523        2721.634837198215        99.99979004869728     0.008571569164546045
                       91         70.9353690109258        14.39369305903214        2721.634610574116         99.9997863930474     0.008571700497248536
                       92        70.06893129801597        15.12475151214941        2721.634386781126        99.99978276751162     0.008571802457578048
                       93        67.59259069196061         16.8527780205139        2721.634171876332        99.99977925197595     0.008571800890099901
                       94        74.94254834288641        12.34730020083956        2721.633938380057        99.99977550335349     0.008571717841170834
                       95        66.01908620855899        16.90390422684228        2721.633726018861          99.999772023858     0.008571597704565281
                       96         69.0480484178922        16.87519465222962        2721.633501897999        99.99976839699821      0.00857156655072977
                       97        76.04461712289134        11.27386224543449        2721.633272964631        99.99976470295421     0.008571622787980182
                       98        71.88256039097362        14.11924862287811        2721.633050872418         99.9997610963504     0.008571608400109287
                       99        67.88529256037449        15.17141856465381        2721.632833072297        99.99975754366915     0.008571569077812313
                      100        72.45587557144704        14.08598177629141        2721.632607958577        99.99975390066965     0.008571581901702707
                      101        71.93927224918112        14.54464258394412         2721.63238667914        99.99975030580312     0.008571587612441256
                      102        69.80500400398189        15.91502256251958        2721.632169377937        99.99974675931171     0.008571563884489208
                      103         69.2465206645923        16.70773383445114         2721.63195350742        99.99974323112004     0.008571506122174277
                      104        71.32449883818607         14.4267626447064        2721.631717539611        99.99973945894874     0.008571537686270503
                      105        68.00772081818917        17.05722287927591        2721.631496452575        99.99973587095729     0.008571458423181078
                      106        72.12409133497867        14.42023302420572         2721.63126690353        99.99973217456115     0.008571405515124253
                      107        69.28443884529847        15.11350937399214        2721.631050775789        99.99972864719267     0.008571397966350869
                      108        71.03188725484466        14.08087193416667        2721.630826065713        99.99972501034276     0.008571416696750767
                      109        72.83760247513227        13.12371813038303        2721.630599803811        99.99972135372516     0.008571383104515107
                      110        71.85961745802965        13.36561879716141        2721.630379384413        99.99971776630673     0.008571360677311235
                      111        70.05436624323697        14.00564265395089        2721.630165033607         99.9997142604112     0.008571325167135768
                      112        68.25026848408211        16.89699050626126        2721.629947612979        99.99971071400176     0.008571250737893887
                      113        69.37834353757046        14.67821098658662        2721.629725624321        99.99970711280289     0.008571089283192723
                      114        69.73959881600339         16.2106956650834        2721.629509766637        99.99970358458792      0.00857105100630795
                      115        70.84484154740736        15.94821482061114        2721.629290935036         99.9997000180829     0.008571035062594712
                      116        70.39762058567504        15.24213043413404        2721.629071435932         99.9996964440795     0.008571105722178674
                      117        68.01096505784713        16.16009130524901        2721.628855942045        99.99969292079061     0.008571025038788704
                      118        69.09065308185011        15.41819191129368        2721.628639703924        99.99968939078281     0.008571111779300145
                      119        68.07686165693275        15.06385761264062        2721.628426682342        99.99968590645008     0.008571108092241708
                      120        70.84241907722513        14.90986039192807        2721.628207057496        99.99968232881251     0.008571192388308724
                      121         72.7019763410037        13.18294331773637        2721.627986356744        99.99967873503972     0.008571118400963584
                      122        66.91156741326213        16.85619722150706        2721.627774815221         99.9996752629044     0.008571040897777493
                      123        69.60879130657277        15.11472394051721        2721.627548013128         99.9996716048209     0.008570990480391227
                      124        67.84957795502554        15.16430592401883        2721.627331806783        99.99966807919505     0.008570899354125805
                      125        76.23213690295235        11.06832008675689        2721.627099039214        99.99966433742516     0.008570924141608316
                      126        64.92290238013142         16.5047756077593        2721.626887013896        99.99966086049447     0.008571089752847705
                      127        74.02687577557847        12.66142051171479        2721.626661388011        99.99965720798026     0.008571112632913547
                      128        70.33362240137296        14.11939341912722        2721.626445520297        99.99965368119994     0.008571044147394291
                      129        70.60401553601746        14.95588436484149        2721.626219042476        99.99965001660966     0.008571026861038167
                      130        66.03776977179162        17.75254746799008        2721.626003329245        99.99964649605712     0.008570902994200491
                      131        69.46777303250488        13.93637564663139        2721.625785735518        99.99964295033936     0.008570929665278726
                      132        69.33021628881924        15.99249930429503        2721.625572056771        99.99963944706295     0.008571015619663669
                      133        69.73054880567565        14.86133569605043        2721.625351767372        99.99963586271295     0.008570934665267149
                      134        67.39934073310141        16.65009698067495        2721.625132989819        99.99963230403219     0.008570967585824096
                      135        71.15182212689145        15.81031362117517        2721.624909445053        99.99962868036093     0.008570902970245875
                      136         70.6617675860159        13.94191651003028         2721.62468976385        99.99962510165453        0.008570951965716
                      137        68.32167424677731        16.37074472250081        2721.624470718638        99.99962153833907     0.008570901069856696
                      138        71.27173892497653        15.62447168607818        2721.624245749548        99.99961789610785     0.008570853467312567
                      139        68.94112915848224        16.82884071010666        2721.624029150729         99.9996143614523     0.008570917137939782
                      140        70.00596590534286        15.52530202037057        2721.623803086469        99.99961070764391     0.008570936262576101
                      141        70.01367897579119        16.59895307280197        2721.623570219813        99.99960697310561     0.008571026529042181
                      142        69.70269813160884        16.12038071735287        2721.623353843378        99.99960343906837      0.00857112035779295
                      143        72.06888562832461        14.18919887703839        2721.623121988008        99.99959971164074     0.008571072896952359
                      144        70.20992451979993         16.6023082893801        2721.622897801495         99.9995960848447     0.008571187573446659
                      145        68.23871523416784        15.94706355116406        2721.622682867016        99.99959256477418     0.008571130843933461
                      146        69.12188749315187        15.95471209470227        2721.622465340195        99.99958901922818     0.008571154638771006
                      147        71.26715148157454        15.94165697813725        2721.622249491153        99.99958549009584     0.008571210302185328
                      148        73.63791405235025        12.58703494919249        2721.622023858894        99.99958183960375     0.008571181889347024
                      149        72.55392157594433        13.57307023518117        2721.621803357034        99.99957824995292     0.008571154897359268
                      150         67.9183819089871        17.52689999814086        2721.621588166637        99.99957473540988     0.008571141100634172
                      151        70.38092173292627         14.8468069671674        2721.621370401312        99.99957118843901     0.008571133341777726
                      152        70.35304888013791        14.69977069470796        2721.621145054776        99.99956754280892       0.0085711700551101
                      153        72.40385981362847        13.60347195208749        2721.620921948781        99.99956392247736     0.008571165307292183
                      154        69.81540091009894        14.82824381010363        2721.620701755684        99.99956034864041     0.008571288593884674
                      155        70.37635407282147        14.18841566482435        2721.620484757095        99.99955681002766     0.008571276327228983
                      156         73.9091931175013        12.32208303815332         2721.62025633177        99.99955312235907     0.008571301934289899
                      157          71.924163876881         13.3392910535996        2721.620033035882        99.99954950000169     0.008571387415520881
                      158         68.4213021298465        15.49508031839317        2721.619818143466        99.99954598510229     0.008571349806807405
                      159        67.55847259857333        15.05299114696288        2721.619605672393        99.99954250286025     0.008571410602666862
                      160        65.56268516019992        16.21779465579387        2721.619396221627        99.99953906252945     0.008571434032605518
                      161        73.59987577673819        13.12614678386102        2721.619165584096        99.99953534998902     0.008571438014096433
                      162        69.63804658589711         15.4188528533255        2721.618945296407        99.99953176681046     0.008571587557558935
                      163        67.92372788704483        15.24429028673939        2721.618730868371        99.99952826154843     0.008571535496859461
                      164        69.95403016044709        16.72792127633134        2721.618507113936        99.99952463809892       0.0085716184259641
                      165        71.48621770247716        14.86684425113819        2721.618288289017        99.99952107205792     0.008571590169135668
                      166        68.27765700834506        16.23272040915028        2721.618068143437        99.99951749512009     0.008571667423368456
                      167        70.69487387614187        13.83958107407563        2721.617846959721        99.99951390187293     0.008571726625979048
                      168        68.41719370706524        15.22397760081664         2721.61762857154        99.99951034824871      0.00857172369696757
                      169        67.71470918388448        17.03698177816121        2721.617410599042        99.99950679888633     0.008571781711230519
                      170        67.30036603150634        17.66022331874194        2721.617195447252        99.99950327963562     0.008571795690912154
                      171        71.17626743881965         14.2269126839627        2721.616980203471        99.99949975643895     0.008571876946840362
                      172        67.06975448507455        16.90853282710443        2721.616763357278        99.99949621931816     0.008571909478270356
                      173        67.79763636140717        16.47265657255925        2721.616545360956        99.99949266903774     0.008571822690378372
                      174        69.22583807370984        15.61114520694639        2721.616325916554        99.99948910248703     0.008571779377168021
                      175        69.16630030009922        15.23226750662317        2721.616109178809         99.9994855679232     0.008571870465318376
                      176        69.04287562296948        16.24638158291625        2721.615884497421        99.99948193462748     0.008571928147666164
                      177        68.55755115836538        13.65120423694338        2721.615664510984        99.99947836143099     0.008571955089849537
                      178        72.29516283369527        13.48598478591503        2721.615440064666        99.99947472260429     0.008572060031355022
                      179        72.62364497934119        13.42139200695707        2721.615209833046         99.9994710177084     0.008572155708462148
                      180        66.81695210185499        17.05872538235116         2721.61499449623        99.99946750400805     0.008572098951668217
                      181        67.72790791278474        16.05954552213663        2721.614779556634        99.99946398756775     0.008572015936888278
                      182        71.68054774250692         14.3373688862865        2721.614556121138        99.99946036558967     0.008572058761155077
                      183        68.44666653843436        15.07686026294622        2721.614339419007        99.99945682776851      0.00857201086500492
                      184        71.71327051395996        14.03034117352442        2721.614113233543        99.99945317197194      0.00857199372455808
                      185        73.02764373889789        12.55846483762937        2721.613886692403        99.99944951087716     0.008571973917892883
                      186        69.56936809189902        15.68450332143492         2721.61366602097        99.99944592321975     0.008572022005523205
                      187        70.37463625939827        15.12165964169819        2721.613446187138        99.99944234351626     0.008572062800490166
                      188        71.96495954890196        13.06820710183222         2721.61321927872        99.99943867882546     0.008572109592153154
                      189         70.4951017445085        15.67375688803635        2721.612997735253        99.99943508168866     0.008572144758366207
                      190        69.44810319923407        14.85795307078017        2721.612778935101        99.99943151911988     0.008572157010256376
                      191        65.56830529894467        18.04759138844853        2721.612560730358        99.99942796576457     0.008572158425059762
                      192        67.53483496491641        15.84577984104902        2721.612348120954        99.99942448086036     0.008572197807303006
                      193        75.28213615484006        10.80230819536269        2721.612105016324        99.99942060792944     0.008572210496496702
                      194        72.21031154447689         13.3974374064922        2721.611880099474        99.99941696805659     0.008572237860330567
                      195        72.24490779243777        14.17056594729437        2721.611658922447        99.99941337353926     0.008572347433364769
                      196        68.81439126768002        15.01415544999268        2721.611445254791        99.99940987357391     0.008572224253886263
                      197        71.77849435773231        15.08547444096758        2721.611222628469        99.99940626125418     0.008572179932847979
                      198        64.62310223921041        16.57633062977248         2721.61100907498        99.99940277063506      0.00857216497393587
                      199        69.70898129931086        16.09164943100872        2721.610790766265        99.99939920942452     0.008572082432212413
                      200        68.34080179455482        16.06490421917255        2721.610576777293        99.99939570348046     0.008572028503984974
                      201        69.75793295395678        15.92744176029551        2721.610348680508        99.99939203058128      0.00857208584616953
                      202        72.06317298937959        13.45120312687202        2721.610122093243        99.99938837416532     0.008571986507577289
                      203        71.79330206366612        12.94288928918507         2721.60990191913        99.99938478904657     0.008571948048790468
                      204        71.42002392765843        14.97818573465775         2721.60967633895        99.99938113926748     0.008571899251909043
                      205        71.14497142368144        15.43727705257054        2721.609444119127        99.99937740890236     0.008571974251964321
                      206        69.77881211836453        14.97514786882613        2721.609223694748        99.99937382424829     0.008571921064804755
                      207        70.58207004519555        14.34878354520207        2721.609002981405        99.99937023724436     0.008571895074445113
                      208         69.8995686922021        16.35765277821971        2721.608785508944        99.99936668937002     0.008571881623702815
                      209        70.26057320333399        15.09715431548392        2721.608567108022        99.99936313047323     0.008571881387622327
                      210        69.28250447713465        15.93250231267898        2721.608340400415        99.99935947168564     0.008571848608170729
                      211        67.36260599968891        17.02981602785376        2721.608122128914        99.99935591872702     0.008571846711751263
                      212        70.49165394507098        15.91545989255334        2721.607896602328        99.99935227489858       0.0085718470858267
                      213        70.94558862545144        16.36889454915731        2721.607668016307        99.99934858800843     0.008571877097022451
                      214        71.99946673785512        13.68000368877271        2721.607437113434        99.99934487252402     0.008571983097855007
                      215        73.44435466119741        14.56720988672707        2721.607206248271        99.99934115833317     0.008572029618632904
                      216        71.68063190926826        15.35448632364933        2721.606973818711        99.99933742859153     0.008572064980348237
                      217         70.9783975040739        14.30730425071426        2721.606749160528        99.99933379115011     0.008572098102747727
                      218        69.82572949475912        16.10749330007956        2721.606525269297        99.99933016403128     0.008572184197058519
                      219         70.0523259368057        16.19321429415625        2721.606301382666         99.9993265438998     0.008572145137866638
                      220        70.22469139558065          14.930561574687         2721.60608380852        99.99932299377031     0.008572187809019027
                      221        64.91696283930953        18.26327247430958        2721.605866846951        99.99931946311007     0.008572324155375011
                      222        69.91164709417242        15.21876595186954        2721.605647654022        99.99931589749086     0.008572332604951605
                      223        70.68969501915898         14.7306867099178        2721.605422255596        99.99931225196896     0.008572262463234281
                      224        73.29134738512145        14.29056428246432        2721.605194205362        99.99930857448588     0.008572212543441982
                      225        68.88069467088982        15.19170411549758        2721.604967879929        99.99930491715553     0.008572096402473139
                      226        69.71108709458223        14.22734518073163        2721.604747065026        99.99930132961131     0.008572025510339643
                      227         70.8011976561029        15.13430170784747        2721.604525646604        99.99929773154551     0.008571925152689452
                      228        70.87182711287799        15.07425013773987         2721.60430472362        99.99929413956932     0.008571887376909615
                      229        74.02274984395774        12.56301278407154        2721.604067051168        99.99929034456724     0.008571885312937511
                      230        71.86918927008304        13.65612638996327         2721.60384569886        99.99928674683082     0.008571937066031321
                      231        67.32462179978857        15.94545289169898        2721.603627899106        99.99928319342216     0.008571983001718131
                      232        75.19449677044533        11.76437621702045        2721.603388410882        99.99927937377817     0.008571914961897242
                      233        72.31582260225822        13.92252423142648        2721.603166542469        99.99927576608791     0.008571865435918813
                      234        69.94879346645914        14.41614913481116        2721.602942539618        99.99927213690877     0.008571863365579802
                      235        67.25876502578492        16.87333347776461        2721.602730266061        99.99926865638919     0.008571894252684675
                      236        73.89741702674236        12.98017477810393         2721.60249742414        99.99926491705304     0.008571823089686514
                      237        72.34353639520971        14.30237722921582         2721.60227010373         99.9992612450267      0.00857184830824842
                      238        70.57991510338468        13.96808437364697        2721.602052075626        99.99925769079351     0.008571853656638595
                      239        71.76115092729626        14.22715140408748        2721.601833509855        99.99925412447058     0.008571821855011486
                      240        68.21747328931663        16.55735772804795        2721.601615345883        99.99925057373514     0.008571784129908444
                      241        69.22453380786587        16.16082170984272        2721.601392702333          99.999246963532     0.008571824546751206
                      242        73.22641856889268        14.09836925826292        2721.601168212355        99.99924332238835     0.008571757725788665
                      243        71.01311810600625        15.62633490082767        2721.600946058585        99.99923971635911     0.008571759364778053
                      244        72.06594551794919        13.33302330633413        2721.600718762576        99.99923604525881     0.008571732728574422
                      245        70.94701054519363        13.24210735790152        2721.600495667799        99.99923242441398     0.008571760274550755
                      246        71.34250482062808        13.81040873029463        2721.600269831021        99.99922877242881     0.008571903984714746
                      247         72.1590357209941        13.83646120202363        2721.600047500259        99.99922515808468     0.008571905940594426
                      248        70.52229466372083        14.66891263817227        2721.599824585793        99.99922153985362     0.008571837510974678
                      249        67.73733716730997        15.00270005479494        2721.599612977941        99.99921806856129     0.008571803819006352
                      250        71.49599651214652        14.51097644716092        2721.599392042052        99.99921447738838     0.008571837111583047
                      251         72.4105517490981        13.99054260459527         2721.59916674035        99.99921083300269      0.00857182228830311
                      252        68.65697409152898        16.63204816128502        2721.598945219644         99.9992072371098     0.008571904115496798
                      253        68.53887487312794        16.50202398390961        2721.598727856104        99.99920369053953     0.008571892398473224
                      254        65.55950455243439        17.76893358937988        2721.598514250175        99.99920019658808     0.008571872458914873
                      255        70.84671598455698        15.09326197836604        2721.598288406633        99.99919654575993     0.008571854263804468
                      256        71.15343268382571        13.50449759836677        2721.598059365998        99.99919285758783     0.008571800554586728
                      257        75.46997997914464        11.80529615592313        2721.597827192792         99.9991891243023     0.008571800498675008
                      258        66.20890533741807        16.91158342391577        2721.597612533751        99.99918561778173     0.008571756637091088
                      259        72.59232253587167        13.56565544086719         2721.59738585418        99.99918195711601      0.00857183082939228
                      260        72.97641520130031        12.95534988295983        2721.597165762522        99.99917837309468      0.00857185328889809
                      261        72.97308843220522        13.21123956048731        2721.596939717372        99.99917471850503     0.008571870701561402
                      262        72.60047623248781        13.47373381276291        2721.596711283277        99.99917103359348     0.008571915866238289
                      263        72.15297019260926        14.69383142886093        2721.596486969168        99.99916740001896     0.008571973597918614
                      264        73.42830669908102        13.58108745396631        2721.596265589007        99.99916380048465     0.008571929316160798
                      265        66.72177708157602        18.23757853781995        2721.596051150263        99.99916029338777     0.008571859724579411
                      266        68.90472062419269        16.19733298795234        2721.595831006122        99.99915671368458     0.008571761593793248
                      267        66.08855119343841        17.23342901005656        2721.595615121441        99.99915318981201     0.008571718649935889
                      268        71.73796031396763         13.8942703348231        2721.595392466925        99.99914957582102     0.008571728989734684
                      269        71.11943094512048        14.50345596507712        2721.595168468333        99.99914594371111     0.008571714522799256
                      270        72.03922071982235        13.71869080875272        2721.594944567874        99.99914231634594     0.008571787524697339
                      271        68.69478644618442        15.84264167501737        2721.594728511867        99.99913878561809     0.008571730945362344
                      272        69.16194858179269        14.29727536477442         2721.59451492709        99.99913529078079     0.008571644348400298
                      273        72.34188870137969        13.85116555566779        2721.594292109593        99.99913167861942     0.008571560094579489
                      274        70.40465283020137        15.06253365242434        2721.594070353176        99.99912807933164     0.008571515238386063
                      275        68.59687963704023        16.93960893504656        2721.593851891615        99.99912452262458     0.008571573974292424
                      276         70.3525530749246         15.3980363384346        2721.593632695471        99.99912095535001     0.008571616062773124
                      277        69.86535301164315        14.20254255205351        2721.593415704242         99.9991174180155     0.008571547054680995
                      278        75.27571713110981        11.49088962981469         2721.59318502511        99.99911370420466      0.00857162550582935
                      279        66.42621126835704        16.19946545064603        2721.592970550881        99.99911020261798     0.008571537251131911
                      280        67.78025561643977        16.31011111995319         2721.59275368643        99.99910666649534     0.008571535278576237
                      281        72.85985636149736        12.79771331725839        2721.592534787877        99.99910310033404     0.008571631128810875
                      282        70.63989613994171        15.23517426211763        2721.592317690101        99.99909955432285     0.008571747445935252
                      283        64.93946479890997        18.24457043082644         2721.59210547638        99.99909608053187     0.008571606953395872
                      284        72.32514982324977        14.39287553458244        2721.591882991451        99.99909247037488     0.008571499841766084
                      285        70.26143742432026        15.89564797548823        2721.591668292802        99.99908895105777     0.008571642929092071
                      286        69.42830186353348        15.73951665481777        2721.591447052514        99.99908535992282      0.00857159556756093
                      287        72.65144076142691        14.10179826023191        2721.591225519041        99.99908175860915     0.008571572519003645
                      288        66.90931776248765        16.59980354030433        2721.591012377703        99.99907826877032     0.008571753072792454
                      289         75.3750150083908        11.72880354675116        2721.590780703684        99.99907453698506     0.008571756211981807
                      290        68.47727865754864          16.398702740283        2721.590562883992        99.99907099185911     0.008571689934003146
                      291        71.03670237648693        14.22832061971458        2721.590341614275        99.99906739284019     0.008571734016744159
                      292         72.8145685935341        13.95996442448204        2721.590116333735        99.99906374642589     0.008571798004376685
                      293        67.86820749395594         15.2418753322468         2721.58990013979         99.9990602157816     0.008571847767703922
                      294        66.40203409741312        15.53262150412709        2721.589686500017         99.9990567205915     0.008571871967875566
                      295        72.19194491252566        13.51441865062487        2721.589468462953        99.99905316370341     0.008571796227128115
                      296        71.82586426234083        14.46145980174944        2721.589248384876        99.99904958024202     0.008571812997342221
                      297        74.01205582388756        12.59008840519584         2721.58902017923        99.99904589293872     0.008571821896019127
                      298        74.04743186643915        12.44332777942197        2721.588798342959        99.99904228897954     0.008571831753604542
                      299        67.61003837971175        16.24309171169505        2721.588583332463        99.99903877395994     0.008571818136538401
                      300        72.77643060800004        14.36149641716382        2721.588360612669        99.99903516108562     0.008571742281171524
                      301        66.24689979679964        17.39335521293606        2721.588144554745        99.99903163184551     0.008571704520279333
                      302        68.29135319316016        14.69958055432522        2721.587928397395        99.99902810608896     0.008571633075967755
                      303        64.77763755919327        18.49548030998389        2721.587714271439        99.99902460832978     0.008571636331891064
                      304        71.33472987904501        16.66375396479651        2721.587489521421        99.99902097303422     0.008571628824085131
                      305        70.61212803384893        15.80000342820588        2721.587265765698        99.99901734785327     0.008571573901289264
                      306         69.3566417330688        15.78108787549168        2721.587043061148        99.99901373822114     0.008571544758715577
                      307        70.11397111271377        14.02330477394155        2721.586826790673        99.99901020566499     0.008571511433688173
                      308        67.76817712686825        16.68108081781558        2721.586610286057         99.9990066721037     0.008571408429358884
                      309        71.98893237844045        14.04764045663934        2721.586387206195        99.99900305698522     0.008571393720544496
                      310         74.0215036926181         13.6870880903282        2721.586154733875        99.99899932213445     0.008571412000421219
                      311        73.13395822799204        12.70738331967119        2721.585930168783        99.99899568563416     0.008571387184509671
                      312        68.63573635664262        15.70268866485757        2721.585718161368        99.99899220689869     0.008571407022217814
                      313        67.31018849407008        17.20894535753662        2721.585500311294        99.99898866219247     0.008571325776770111
                      314        69.61010841603098        15.35803438858238        2721.585279050079        99.99898506847818     0.008571301942633447
                      315        72.27271781274888        13.39149066208834        2721.585048300654        99.99898135200969     0.008571294557595976
                      316        70.80403672902915        14.27101267323362        2721.584817893171        99.99897764585673     0.008571339967075708
                      317        65.82200743712941        17.70407124355713        2721.584604946474        99.99897415629066     0.008571297047613946
                      318        69.90557167725953        15.94846023794865        2721.584388840982        99.99897062481548     0.008571285046118149
                      319        68.28575171642011        15.94963806325334        2721.584172905842         99.9989670990626     0.008571241655651818
                      320        67.37685369867071        16.18679504019865        2721.583956969857        99.99896357398796     0.008571023413389556
                      321        71.92441917466898        14.57140560310087        2721.583739448246        99.99896002066232      0.00857099916846904
                      322        74.36464929528533        13.86479672680656        2721.583513802068        99.99895637081941     0.008571019843163885
                      323        67.91963286175692        17.25929812007623        2721.583296337383        99.99895282713163     0.008570978922520567
                      324        69.73797298102301        16.47879802401687        2721.583081947732        99.99894931656644     0.008571036805930632
                      325        64.61409011805084        17.37652481115676        2721.582870224097        99.99894584784253     0.008571201287845831
                      326        70.60007423368943        14.10186416402765        2721.582649615265         99.9989422648963     0.008571196482341836
                      327        74.51339905658311        12.33780289488759        2721.582416058325        99.99893851555659     0.008571168611739344
                      328        72.32880974236053        13.53442812086143        2721.582186270698         99.9989348139537     0.008571295997894524
                      329        73.93371093597315        12.15691961348762        2721.581952638084        99.99893106370396     0.008571287245429993
                      330        76.28650591257301         11.9772109987701        2721.581718958277         99.9989273112634     0.008571293396562929
                      331        73.20162775861344        13.51068008423747        2721.581488614775        99.99892360119668     0.008571248760647299
                      332        72.69931921859394        13.32999098088777        2721.581256226821        99.99891986954223     0.008571206768266393
                      333        70.87495251930386         14.7643652213509        2721.581037679778        99.99891630620392     0.008571174170739049
                      334        66.96741201030616         16.4405204841444        2721.580817563992        99.99891272967002     0.008571118878899942
                      335        69.71175557619476        15.02246473153499        2721.580601976031        99.99890920676874      0.00857107126297052
                      336        66.70641793859269        14.89126057856696        2721.580391313097        99.99890575041273     0.008570943766852857
                      337        68.64904966791559        15.93340807540847         2721.58017398656        99.99890220445042     0.008571043110848109
                      338        69.93190287926407        15.98750388731228        2721.579954748304        99.99889863931151        0.008570962055372
                      339        70.84458808446198        13.37505394606105        2721.579729765439        99.99889499824995     0.008570982628755441
                      340        71.07055572367436        15.38692306762362        2721.579506296935        99.99889137365062     0.008570998770343952
                      341        69.73969810602668        16.12769969648088        2721.579284480521        99.99888777800045      0.00857120363189523
                      342        69.32619806076401        17.19963384223345        2721.579066660494        99.99888422496481     0.008571197698036492
                      343         70.8607436989687        14.33471508982957        2721.578839896802        99.99888056133355     0.008571280224934252
                      344        70.02406704453961         13.4263685870688        2721.578621146435        99.99887699734728     0.008571252537213914
                      345        72.61322583012301        14.14614043341498        2721.578388821287        99.99887326460514     0.008571298532090932
                      346        68.53607043364043        16.19868068916394        2721.578172100343        99.99886972991092     0.008571289011569672
                      347        68.53618673933642        14.49131914850356        2721.577953680383        99.99886617296008     0.008571266482771733
                      348        71.85075112449557        14.34173581491028        2721.577726739366        99.99886250482804     0.008571326572266003
                      349        68.54470165111812        15.98443449964429         2721.57750762945        99.99885894172614     0.008571414042288783
                      350          71.070055265604         15.6040130521582        2721.577289087209        99.99885537873513     0.008571324370613809

Final average n0: 70.22977748740924
Final fluctuations n0: 15.23489440649029

Averages:
70.71856929533308
71.52055408470608
71.27062215275024
70.51602968038105
69.5336336882355
70.23277699044966
70.89224960259537
68.67622223193897
72.8749573960561
65.33176137223931
70.41767906386973
67.5952744981286
67.56921071385457
66.68697373543908
72.70456732932477
71.59114069693975
69.06822697590631
70.50650967359228
70.87397255584855
69.00672574743042
71.89626093335504
68.52635234281055
70.50605701353446
68.30669251185249
69.25966020816981
69.35386997870897
66.55808039064432
68.66121686063263
69.09341080932109
70.5045312602776
69.30186285626962
72.49799616677095
69.62228088504318
70.85498037265094
71.35234601314369
75.28553029207268
73.78978898207338
73.64623763385896
70.64466030401643
67.98381617013541
71.04118564657657
66.49048578747369
66.90532959417256
70.92283806796375
71.12943859963971
72.54649728213596
71.96633811968667
66.89617088286728
73.00179386019138
71.73193116518114
66.5388560240594
67.12207256767692
66.11929508460902
71.78228436489694
72.81579403474377
65.36748481593492
71.60455885673503
67.76441422505506
71.35466116628218
67.54470866193201
66.56302006151725
70.50148318233479
70.9275315182477
71.15227656048643
71.75498781925516
70.87089655104026
68.12610214658615
67.37980488620083
70.5778524127837
69.86865132039222
70.26428290161699
75.83831481570701
69.9775818193264
70.63092350335953
70.91722000383102
70.53955205164331
70.48210598196297
71.03911653436285
70.64629916132029
72.55785880661008
70.87573877265454
71.01920243644122
71.14753147235155
73.80603015274694
68.53407318484375
72.38458373558144
68.25206355206946
72.47575425523378
68.25542723575522
70.15671128577978
70.9353690109258
70.06893129801597
67.59259069196061
74.94254834288641
66.01908620855899
69.0480484178922
76.04461712289134
71.88256039097362
67.88529256037449
72.45587557144704
71.93927224918112
69.80500400398189
69.2465206645923
71.32449883818607
68.00772081818917
72.12409133497867
69.28443884529847
71.03188725484466
72.83760247513227
71.85961745802965
70.05436624323697
68.25026848408211
69.37834353757046
69.73959881600339
70.84484154740736
70.39762058567504
68.01096505784713
69.09065308185011
68.07686165693275
70.84241907722513
72.7019763410037
66.91156741326213
69.60879130657277
67.84957795502554
76.23213690295235
64.92290238013142
74.02687577557847
70.33362240137296
70.60401553601746
66.03776977179162
69.46777303250488
69.33021628881924
69.73054880567565
67.39934073310141
71.15182212689145
70.6617675860159
68.32167424677731
71.27173892497653
68.94112915848224
70.00596590534286
70.01367897579119
69.70269813160884
72.06888562832461
70.20992451979993
68.23871523416784
69.12188749315187
71.26715148157454
73.63791405235025
72.55392157594433
67.9183819089871
70.38092173292627
70.35304888013791
72.40385981362847
69.81540091009894
70.37635407282147
73.9091931175013
71.924163876881
68.4213021298465
67.55847259857333
65.56268516019992
73.59987577673819
69.63804658589711
67.92372788704483
69.95403016044709
71.48621770247716
68.27765700834506
70.69487387614187
68.41719370706524
67.71470918388448
67.30036603150634
71.17626743881965
67.06975448507455
67.79763636140717
69.22583807370984
69.16630030009922
69.04287562296948
68.55755115836538
72.29516283369527
72.62364497934119
66.81695210185499
67.72790791278474
71.68054774250692
68.44666653843436
71.71327051395996
73.02764373889789
69.56936809189902
70.37463625939827
71.96495954890196
70.4951017445085
69.44810319923407
65.56830529894467
67.53483496491641
75.28213615484006
72.21031154447689
72.24490779243777
68.81439126768002
71.77849435773231
64.62310223921041
69.70898129931086
68.34080179455482
69.75793295395678
72.06317298937959
71.79330206366612
71.42002392765843
71.14497142368144
69.77881211836453
70.58207004519555
69.8995686922021
70.26057320333399
69.28250447713465
67.36260599968891
70.49165394507098
70.94558862545144
71.99946673785512
73.44435466119741
71.68063190926826
70.9783975040739
69.82572949475912
70.0523259368057
70.22469139558065
64.91696283930953
69.91164709417242
70.68969501915898
73.29134738512145
68.88069467088982
69.71108709458223
70.8011976561029
70.87182711287799
74.02274984395774
71.86918927008304
67.32462179978857
75.19449677044533
72.31582260225822
69.94879346645914
67.25876502578492
73.89741702674236
72.34353639520971
70.57991510338468
71.76115092729626
68.21747328931663
69.22453380786587
73.22641856889268
71.01311810600625
72.06594551794919
70.94701054519363
71.34250482062808
72.1590357209941
70.52229466372083
67.73733716730997
71.49599651214652
72.4105517490981
68.65697409152898
68.53887487312794
65.55950455243439
70.84671598455698
71.15343268382571
75.46997997914464
66.20890533741807
72.59232253587167
72.97641520130031
72.97308843220522
72.60047623248781
72.15297019260926
73.42830669908102
66.72177708157602
68.90472062419269
66.08855119343841
71.73796031396763
71.11943094512048
72.03922071982235
68.69478644618442
69.16194858179269
72.34188870137969
70.40465283020137
68.59687963704023
70.3525530749246
69.86535301164315
75.27571713110981
66.42621126835704
67.78025561643977
72.85985636149736
70.63989613994171
64.93946479890997
72.32514982324977
70.26143742432026
69.42830186353348
72.65144076142691
66.90931776248765
75.3750150083908
68.47727865754864
71.03670237648693
72.8145685935341
67.86820749395594
66.40203409741312
72.19194491252566
71.82586426234083
74.01205582388756
74.04743186643915
67.61003837971175
72.77643060800004
66.24689979679964
68.29135319316016
64.77763755919327
71.33472987904501
70.61212803384893
69.3566417330688
70.11397111271377
67.76817712686825
71.98893237844045
74.0215036926181
73.13395822799204
68.63573635664262
67.31018849407008
69.61010841603098
72.27271781274888
70.80403672902915
65.82200743712941
69.90557167725953
68.28575171642011
67.37685369867071
71.92441917466898
74.36464929528533
67.91963286175692
69.73797298102301
64.61409011805084
70.60007423368943
74.51339905658311
72.32880974236053
73.93371093597315
76.28650591257301
73.20162775861344
72.69931921859394
70.87495251930386
66.96741201030616
69.71175557619476
66.70641793859269
68.64904966791559
69.93190287926407
70.84458808446198
71.07055572367436
69.73969810602668
69.32619806076401
70.8607436989687
70.02406704453961
72.61322583012301
68.53607043364043
68.53618673933642
71.85075112449557
68.54470165111812
71.070055265604

Fluctuations:
13.9964969218064
13.80740400341818
14.20131877759723
13.80848004393125
15.34916354906892
14.07146548112991
13.85510703541371
16.31359434935225
14.75646714669675
17.41509477910067
14.44656983848509
17.00015288913517
15.85505402041973
15.84582577117179
12.83085955494007
14.71199090356654
15.4947344774547
15.2928011447053
14.68868199077963
15.32398838906936
14.7181020939155
15.95449411201405
15.40058206643608
16.87914640659615
15.53923082514538
15.74519495858218
16.54360323254697
15.2910031903946
15.413753740163
15.98233038104462
16.61305721611038
13.32759055963494
14.51663820311835
14.53597544918882
14.18071902049262
12.07156732072803
12.29569567793133
13.03991750385597
14.59399947516564
15.86213159575095
15.4311976198582
16.73084782466687
15.70077703562136
15.11685346988302
15.30523610032519
12.55549047254439
13.36456582000833
16.59889947052373
12.72060867990815
14.23543931054884
16.92341569257236
16.39891363256418
16.72809128602184
14.40423663040694
13.51543128053629
17.70137317932192
14.45575484575103
16.04461281318707
15.66637032096276
15.95944205558273
17.0978316943267
15.40894370557735
13.64420561747122
14.69819549495618
14.35436861613927
14.18888085831651
15.55977794927859
15.95918104565291
15.4513074773884
15.59301369883454
14.93999620698172
11.28882350600465
14.5264897652411
12.96838330123734
15.18454828827315
15.18664076702641
15.43827775501189
15.53017204200396
14.95757868600357
13.74035687157359
15.99295679618884
13.75082501178786
14.36315078929204
13.2600173738178
16.1917183862146
15.28431105548794
16.09811561773115
14.85800141607465
16.55155774966191
14.77450833023523
14.39369305903214
15.12475151214941
16.8527780205139
12.34730020083956
16.90390422684228
16.87519465222962
11.27386224543449
14.11924862287811
15.17141856465381
14.08598177629141
14.54464258394412
15.91502256251958
16.70773383445114
14.4267626447064
17.05722287927591
14.42023302420572
15.11350937399214
14.08087193416667
13.12371813038303
13.36561879716141
14.00564265395089
16.89699050626126
14.67821098658662
16.2106956650834
15.94821482061114
15.24213043413404
16.16009130524901
15.41819191129368
15.06385761264062
14.90986039192807
13.18294331773637
16.85619722150706
15.11472394051721
15.16430592401883
11.06832008675689
16.5047756077593
12.66142051171479
14.11939341912722
14.95588436484149
17.75254746799008
13.93637564663139
15.99249930429503
14.86133569605043
16.65009698067495
15.81031362117517
13.94191651003028
16.37074472250081
15.62447168607818
16.82884071010666
15.52530202037057
16.59895307280197
16.12038071735287
14.18919887703839
16.6023082893801
15.94706355116406
15.95471209470227
15.94165697813725
12.58703494919249
13.57307023518117
17.52689999814086
14.8468069671674
14.69977069470796
13.60347195208749
14.82824381010363
14.18841566482435
12.32208303815332
13.3392910535996
15.49508031839317
15.05299114696288
16.21779465579387
13.12614678386102
15.4188528533255
15.24429028673939
16.72792127633134
14.86684425113819
16.23272040915028
13.83958107407563
15.22397760081664
17.03698177816121
17.66022331874194
14.2269126839627
16.90853282710443
16.47265657255925
15.61114520694639
15.23226750662317
16.24638158291625
13.65120423694338
13.48598478591503
13.42139200695707
17.05872538235116
16.05954552213663
14.3373688862865
15.07686026294622
14.03034117352442
12.55846483762937
15.68450332143492
15.12165964169819
13.06820710183222
15.67375688803635
14.85795307078017
18.04759138844853
15.84577984104902
10.80230819536269
13.3974374064922
14.17056594729437
15.01415544999268
15.08547444096758
16.57633062977248
16.09164943100872
16.06490421917255
15.92744176029551
13.45120312687202
12.94288928918507
14.97818573465775
15.43727705257054
14.97514786882613
14.34878354520207
16.35765277821971
15.09715431548392
15.93250231267898
17.02981602785376
15.91545989255334
16.36889454915731
13.68000368877271
14.56720988672707
15.35448632364933
14.30730425071426
16.10749330007956
16.19321429415625
14.930561574687
18.26327247430958
15.21876595186954
14.7306867099178
14.29056428246432
15.19170411549758
14.22734518073163
15.13430170784747
15.07425013773987
12.56301278407154
13.65612638996327
15.94545289169898
11.76437621702045
13.92252423142648
14.41614913481116
16.87333347776461
12.98017477810393
14.30237722921582
13.96808437364697
14.22715140408748
16.55735772804795
16.16082170984272
14.09836925826292
15.62633490082767
13.33302330633413
13.24210735790152
13.81040873029463
13.83646120202363
14.66891263817227
15.00270005479494
14.51097644716092
13.99054260459527
16.63204816128502
16.50202398390961
17.76893358937988
15.09326197836604
13.50449759836677
11.80529615592313
16.91158342391577
13.56565544086719
12.95534988295983
13.21123956048731
13.47373381276291
14.69383142886093
13.58108745396631
18.23757853781995
16.19733298795234
17.23342901005656
13.8942703348231
14.50345596507712
13.71869080875272
15.84264167501737
14.29727536477442
13.85116555566779
15.06253365242434
16.93960893504656
15.3980363384346
14.20254255205351
11.49088962981469
16.19946545064603
16.31011111995319
12.79771331725839
15.23517426211763
18.24457043082644
14.39287553458244
15.89564797548823
15.73951665481777
14.10179826023191
16.59980354030433
11.72880354675116
16.398702740283
14.22832061971458
13.95996442448204
15.2418753322468
15.53262150412709
13.51441865062487
14.46145980174944
12.59008840519584
12.44332777942197
16.24309171169505
14.36149641716382
17.39335521293606
14.69958055432522
18.49548030998389
16.66375396479651
15.80000342820588
15.78108787549168
14.02330477394155
16.68108081781558
14.04764045663934
13.6870880903282
12.70738331967119
15.70268866485757
17.20894535753662
15.35803438858238
13.39149066208834
14.27101267323362
17.70407124355713
15.94846023794865
15.94963806325334
16.18679504019865
14.57140560310087
13.86479672680656
17.25929812007623
16.47879802401687
17.37652481115676
14.10186416402765
12.33780289488759
13.53442812086143
12.15691961348762
11.9772109987701
13.51068008423747
13.32999098088777
14.7643652213509
16.4405204841444
15.02246473153499
14.89126057856696
15.93340807540847
15.98750388731228
13.37505394606105
15.38692306762362
16.12769969648088
17.19963384223345
14.33471508982957
13.4263685870688
14.14614043341498
16.19868068916394
14.49131914850356
14.34173581491028
15.98443449964429
15.6040130521582

Last point and parameters for further simulation:
100
4
0.25
contact

-0.1099287268792394
1.133016962214664
-2.174440012555715
0.7267086617733617
0.4475752696949634
2.200302488897455
-1.72187795362552
0.2323181335856105
-0.2319353676123057
0.127888699699659
1.10513654489634
-1.923979694968203
-0.1014365960217931
8.54506397572697
1.458162983143276
2.107737323939177
-0.554403251914143
-0.6989405616983949

Final quantities:
70.22977748740924
15.23489440649029
