Number of particles: 100
Nmax: 6
Gamma: 0.25
Interaction type: contact
Step size: 0.0002
Batch size: 200000
Batch count: 300
             Batch number               Average n0          Fluctuations n0                   Energy           Particle count                 Momentum
                        1        37.77577619712249        18.84322026987007        3320.744369064498        99.99993306861265       0.0285501651164779
                        2        34.94923303844956        20.47777358589016        3320.744280394008        99.99993194626676        0.028550177211915
                        3        35.40203504607989        20.12267299685569        3320.744186448413        99.99993077057933      0.02855015906503922
                        4        36.15016037238558        20.04267214931301        3320.744100602626        99.99992967330171      0.02855015350546175
                        5        33.26350506910026        19.69872368742604        3320.744014462535        99.99992857449678      0.02855009821602206
                        6        37.10123319508244        19.99401578691208        3320.743920173178         99.9999273944571      0.02855016465093208
                        7        34.91147859936103        20.26920351644228        3320.743830788241        99.99992626329364      0.02855010842908712
                        8        36.03846758895413        20.52608733437368        3320.743737390057        99.99992509016718       0.0285501859898929
                        9        37.48064758733594        20.32612349347261        3320.743642795007        99.99992390521821      0.02855016020221424
                       10        38.09638836813816        20.14978325000422        3320.743548857724        99.99992272882142      0.02855010912265499
                       11        35.73467980636707        19.56566040183766        3320.743458417794        99.99992158670476      0.02855008444434048
                       12        35.77602664808995        20.03228882045711        3320.743369666283        99.99992045927193      0.02855011695917797
                       13        39.61699553145547        19.41057837800532         3320.74327247506        99.99991925218814      0.02855010049728612
                       14        36.97961868183921        20.07007495626989        3320.743179014748         99.9999180799043      0.02855012698107018
                       15        35.12089688661263        20.16970629338858        3320.743088517399        99.99991693675753      0.02855007450442315
                       16        37.15228738736377        20.57380893719254        3320.742998391323        99.99991579353441      0.02855015891391588
                       17         37.7759676499904        20.16028375386974        3320.742903861801        99.99991461019042      0.02855013195845046
                       18        37.04071253306554        19.71252337925201        3320.742812540373        99.99991345879066       0.0285501282753815
                       19        37.76345034975837        19.21666957286629        3320.742718967897        99.99991228422317      0.02855012979579286
                       20        38.30261839979158        19.79730725838145         3320.74262016374        99.99991105721169      0.02855012898479092
                       21        36.05865854410005        19.52751576524382           3320.742528923        99.99990990582496      0.02855004662051908
                       22        37.17010188240457        20.44465143693208        3320.742436305688        99.99990874168387      0.02854997446903607
                       23         36.0108155940698         19.7159088075284        3320.742341646979        99.99990755632551       0.0285499498949342
                       24        33.88793172431639        19.97423076587484        3320.742251073879        99.99990641171613      0.02854989632464466
                       25        35.63123320554933        19.78134827596617        3320.742155626436        99.99990521948671      0.02854998075920712
                       26        35.50651786068558        18.87771214518475        3320.742066049401        99.99990408544977       0.0285499055201317
                       27        36.53624171721016        20.16809391709579        3320.741969758958        99.99990288632289      0.02854992943018786
                       28        36.59979322203363        20.21085610006991         3320.74187883585        99.99990173941417      0.02854989924991713
                       29        36.17157611100917        19.41711464616952        3320.741789567849        99.99990060850487      0.02854995439352948
                       30        37.64346779104982        20.11767631799226        3320.741697820647        99.99989945151734      0.02854985968058177
                       31        39.51493118593172        18.97829515333507        3320.741604533989        99.99989827758786      0.02854992830926051
                       32        34.41134877649059         19.9187759401156        3320.741512467723        99.99989711847992      0.02854988100660449
                       33        34.97402175203864        19.99544709759587        3320.741421983189        99.99989597703618      0.02854984594930787
                       34        36.78811805552736        19.24973816720498        3320.741331283136        99.99989483247478      0.02854980198979051
                       35        39.23560923225952        19.51071647228344        3320.741234927249        99.99989362901302      0.02854974755409501
                       36        35.36898812145814        20.16840882665757        3320.741144873897        99.99989248900194      0.02854970375539345
                       37        37.62866397942224        19.51777193925187        3320.741049952768        99.99989130099394      0.02854981031394921
                       38        37.03653228947677        20.11971214234825        3320.740956572808        99.99989012837074      0.02854972960710001
                       39        36.72935748218429        20.60425241916654        3320.740861230611        99.99988893919479       0.0285497780256847
                       40        35.75367846831491        20.67017001286483        3320.740768268313        99.99988777252979      0.02854983254567323
                       41         38.7982854651269        19.78062551705517        3320.740669585302        99.99988654793871      0.02854987786720287
                       42        34.53982878869881        20.57369408717421        3320.740578817811        99.99988540358592      0.02854985066081106
                       43        37.61951150231042        20.20215337843518        3320.740482795763        99.99988420448369      0.02854979279384651
                       44        37.72984643142924          19.064138990593         3320.74038847431        99.99988302466552       0.0285496648216208
                       45        35.80578933035294        19.37039700167136        3320.740299521135        99.99988189688536      0.02854968484552511
                       46        37.91734440365425        20.04024670740007        3320.740206049303        99.99988072503116      0.02854971528289507
                       47        37.61143866097616        19.55767617839252        3320.740108841367        99.99987951760399      0.02854972416601953
                       48        34.35126264678162        19.47955009798562        3320.740017987344        99.99987837079688      0.02854979469557151
                       49        37.20032028215267        19.15639979519015        3320.739926877357        99.99987722044197      0.02854973638531533
                       50        34.61238817363962        20.76558800371498        3320.739836613371        99.99987608167669      0.02854961770111331
                       51        34.41027650508195        20.41077176160514        3320.739747219288        99.99987494883801      0.02854957763477906
                       52        35.77226185224161        20.66966694353861        3320.739655477811        99.99987379596487      0.02854955143534887
                       53        36.56525517336433        20.27682754791185        3320.739567617657         99.9998726791801      0.02854955892217159
                       54        37.37894834074782        20.02857775142092        3320.739476846001        99.99987153378913      0.02854955842088702
                       55        35.02647652284196        20.43758781530052        3320.739388915185        99.99987041586662      0.02854947925456131
                       56        33.31925691613045        19.31267141644063        3320.739300535239        99.99986929640289      0.02854944330259546
                       57        34.96428887398179           19.42017938358        3320.739212343989        99.99986817842365      0.02854937152203441
                       58        37.25665744756095        20.13944142874978        3320.739118544776        99.99986700197137      0.02854936000878538
                       59        35.81936630312723        19.74892919803196        3320.739025336185        99.99986583029934      0.02854929355271274
                       60        31.94565786374627        19.74221696933904        3320.738943601656         99.9998647756784      0.02854918511718552
                       61        33.26841021773901        19.86407805949706        3320.738851817158        99.99986362312588      0.02854915832113925
                       62        33.38822307361824        20.17406365844277        3320.738763033168        99.99986249875232      0.02854913912835855
                       63        36.67019344618141        20.23107817325577        3320.738666798597        99.99986129964134      0.02854924993480346
                       64        40.16672296669262        19.54733257696815        3320.738567333001        99.99986006667437      0.02854915307782124
                       65        38.16297702918438        19.78807229780766        3320.738474785881        99.99985890407882      0.02854923385000063
                       66        36.60805449413256        20.47920129508183        3320.738382107485         99.9998577408811      0.02854927787868178
                       67        35.64435118984571        20.18459837268339        3320.738291959856        99.99985660280332      0.02854911611128497
                       68        35.64826174779684        19.68777524478222        3320.738199834385        99.99985544249998      0.02854921793487719
                       69        32.86297541428439         20.9019525025904        3320.738107851959        99.99985428681308      0.02854924134722836
                       70        36.00512800788628        20.45337603139414        3320.738019899952        99.99985316895554      0.02854918590009259
                       71        37.53490269826346        19.89894621192417        3320.737921075519        99.99985194308834      0.02854928342030938
                       72        39.31135098124155        20.10271659410819        3320.737828717393        99.99985078118638      0.02854927001381835
                       73        39.37796592934658        19.40085182140317        3320.737729044343        99.99984954701225      0.02854925358859273
                       74        35.71786975914115        20.33270180140002        3320.737639049238         99.9998484070276       0.0285492490696595
                       75        37.50721940638833        19.86883824900369        3320.737541519051        99.99984719405487      0.02854910952952494
                       76        35.52512085786243        20.13733926782364        3320.737449641485        99.99984603622582      0.02854915923885137
                       77        34.97584113310742        19.92394425208023        3320.737360481999        99.99984490617783      0.02854912877844651
                       78        38.39716647032488        19.39122078128315         3320.73727002232        99.99984376222676      0.02854894451745382
                       79        35.21590506410052        20.09880224512418        3320.737178535182        99.99984260873354      0.02854890676013433
                       80        36.48255215781625        19.53778930950523        3320.737089856276        99.99984148697148      0.02854902686421923
                       81        35.52980515172271        19.84952129953739        3320.736997767038         99.9998403259912       0.0285490027809483
                       82        37.75077647297674        19.39318625870794        3320.736903310072        99.99983914108779      0.02854893149466253
                       83        38.06252531307607        19.59998008739339         3320.73680630499        99.99983793443208      0.02854905802042218
                       84        38.19202757162261        19.01044013447538        3320.736711299388         99.9998367477952      0.02854897986595795
                       85          36.783982592887        19.98846115691817        3320.736618748786        99.99983558136488      0.02854901835992862
                       86        33.74648443861285         20.0092323012945        3320.736535992498        99.99983451626991      0.02854892984792734
                       87        33.64095537594384        20.11264429607326        3320.736440656447        99.99983332946431      0.02854887213537038
                       88        36.70288015465085         20.2493456351248        3320.736350024842        99.99983218351441       0.0285488420924942
                       89        31.88087495563507        20.51655672276723        3320.736265461374        99.99983109922563      0.02854891376115276
                       90        37.51868740714673         20.7321367889088        3320.736167760095        99.99982988396256      0.02854892341096971
                       91        39.09459405792169        20.52735722884677        3320.736067206794        99.99982864106636      0.02854889242883019
                       92        35.61514261422547        20.32341626322159        3320.735980303162        99.99982753375554      0.02854882212445986
                       93        35.25987178893546        19.97221118257232        3320.735888251659        99.99982637554955      0.02854892910572104
                       94        35.67634023292057        19.62423667999163        3320.735794504676        99.99982519814138      0.02854898591280186
                       95         35.2440806978843        20.49048191872302         3320.73570006101        99.99982401421096      0.02854899398339228
                       96        35.07995564722983        19.63953003594329        3320.735609099385        99.99982286767211      0.02854897195209816
                       97        36.49657226810552        19.32512763095579        3320.735514586439        99.99982168605219      0.02854897021854397
                       98        38.69033194787632        19.29234423656256        3320.735418076484        99.99982048236797      0.02854896143509045
                       99         36.0571350617476        19.34873483705147        3320.735325954887        99.99981932230128      0.02854900657561377
                      100        36.11176335407983         19.9708356755469        3320.735234692741        99.99981817115312      0.02854901808254429
                      101        35.79873552458308        19.95664000176538        3320.735140317478        99.99981698941667      0.02854903500041939
                      102        37.51045733699015        20.01556191333042        3320.735040511503        99.99981575485127       0.0285489931981644
                      103        30.32927727606869         20.0080749915512        3320.734957975295        99.99981469470588      0.02854909079844958
                      104        36.04530070670266        20.02159088505604        3320.734868508262         99.9998135593919      0.02854903886310645
                      105        35.54531559346323         19.5600926295978        3320.734779003383        99.99981242836223      0.02854899399895583
                      106        35.20271811726303        20.41178171848519        3320.734688406729        99.99981128375367      0.02854901092097428
                      107        33.51079074414572         18.8261313033501        3320.734603908718        99.99981020174523      0.02854900986593556
                      108        36.75094794582061        19.91829056651005        3320.734511755483        99.99980903869162      0.02854901583286235
                      109        34.56236992350203        19.90383974167885        3320.734418234183        99.99980786523312      0.02854906472744556
                      110        38.59813056450604        19.61135732992398        3320.734323126287        99.99980667235609      0.02854908254936994
                      111        36.88979998842292        20.16872692564372        3320.734227590239        99.99980547926864      0.02854910170483738
                      112        35.00437225485519        20.33896945972456        3320.734139463058        99.99980435946567      0.02854922484532807
                      113        37.85539356279765        20.43294085617867        3320.734044168032        99.99980316865808      0.02854923138546717
                      114        37.66389307562652        18.95247449089829         3320.73395014055        99.99980199009971      0.02854923879548821
                      115        36.95033010762198        20.16652608359076        3320.733857614858        99.99980082789136       0.0285492423992304
                      116        34.15958666629274         20.2776442144815        3320.733771845295        99.99979973243461      0.02854930991283355
                      117        35.00016480601086        20.92306548178924        3320.733681547023        99.99979859324941      0.02854936489521265
                      118        37.66468596293252        19.59723635832568        3320.733585579434         99.9997973960464      0.02854917945328883
                      119        37.23754247254881        20.05282238527796        3320.733494424806        99.99979624632527      0.02854915210002318
                      120        36.26018939121914        20.12517875013042        3320.733404109236        99.99979510501744        0.028549245289474
                      121        36.48566801809869        19.32905736684497        3320.733312503082        99.99979394624975      0.02854916348718906
                      122        35.52448807856008        19.61786881437424        3320.733221512916        99.99979279877967      0.02854911126079474
                      123        37.80338545340204        20.47538509665248        3320.733122326268        99.99979157093178      0.02854912375530638
                      124        36.08313266373737         20.1763435216492        3320.733038517327        99.99979049455764      0.02854916630336657
                      125         34.2279540028613        20.12287380331357        3320.732951490251        99.99978938464155      0.02854922216054945
                      126        37.60066108167054        20.84715502549432        3320.732854221369        99.99978817441567      0.02854925321885027
                      127        37.89063817828362        19.49009095810624        3320.732758732039        99.99978698113141      0.02854922761475365
                      128        36.03848391623549        20.73831645867271         3320.73266567683        99.99978581310734      0.02854926368316946
                      129        35.67188869535753        19.86877449797855        3320.732572958835        99.99978464787019       0.0285492616625147
                      130        35.58607743004629        19.87952031501015        3320.732483732874        99.99978351503162      0.02854911888063327
                      131        37.63397287064057         20.8431570608502        3320.732390070357         99.9997823421005      0.02854917714029148
                      132        36.23831390994786         18.9277475996581        3320.732297747168        99.99978118092669      0.02854922208830146
                      133        36.68232641849968        20.34746058662314        3320.732205901124        99.99978002509047      0.02854921059882898
                      134        35.23192391278963        19.27353241060133        3320.732115898321        99.99977888875836      0.02854927444819833
                      135        36.12979665350982        20.33807546542172        3320.732025875819        99.99977774912352      0.02854932478190264
                      136         35.2606206203804        19.93098296840292        3320.731935239464        99.99977660419849       0.0285492506253302
                      137        37.13502851677602        19.73690694080224        3320.731843035696        99.99977544660933      0.02854914681623821
                      138        35.18521787638748        20.13716034825682        3320.731746949984        99.99977424941369      0.02854928509148813
                      139        35.08927834328195         19.2933288283275        3320.731656274242        99.99977310583516      0.02854931509374459
                      140        38.92605401818142        19.48335336704649        3320.731555480285        99.99977186116305      0.02854926106372169
                      141        39.57755081059058        19.95032714496371        3320.731463002081        99.99977069952179       0.0285491966473348
                      142        35.88599505895579        20.01042278011349        3320.731375148745        99.99976958269106      0.02854918131676421
                      143        37.35368353632293        18.79552741275423        3320.731281467147        99.99976840610537      0.02854921025343282
                      144        36.44232649397491        20.23779898463128        3320.731186420244        99.99976721664993      0.02854927456518874
                      145        34.26389612101623        20.73208030813627        3320.731092419716        99.99976604277822      0.02854925802900254
                      146        33.41739385329753        19.48450850627964        3320.731006907542        99.99976495093297      0.02854925582946422
                      147        36.37430090503534        19.95413263069782        3320.730912656967        99.99976376935557      0.02854923972760015
                      148         36.0364891701458        19.85578721845829        3320.730814379338        99.99976255136436      0.02854939141351664
                      149         35.3066237991443        20.29424611394014        3320.730722642727        99.99976139507611      0.02854935059684571
                      150        40.21047602025644        20.21114414469954         3320.73062244414        99.99976015535502      0.02854927199960411
                      151        32.96124930942924        20.11750187402545        3320.730538209166         99.9997590759605      0.02854919243157639
                      152        37.11118456042602        20.25732013795054        3320.730442684749        99.99975788533878      0.02854923838629642
                      153        36.41595519835086        20.18104636943567        3320.730348665579        99.99975670704809      0.02854922295578888
                      154        32.85423986405641        20.39060954652111        3320.730261416037        99.99975559818127      0.02854924690466598
                      155        35.48774789947966        20.81115124254022        3320.730166760004        99.99975441410261      0.02854930055288385
                      156        33.68191402599238        19.83381310545535        3320.730080839446        99.99975331993353      0.02854922635605028
                      157         37.5105142141467        20.72406481499184        3320.729986269886        99.99975213309186      0.02854920627562763
                      158        33.47721569932193        20.46214285657566        3320.729900329629         99.9997510372355      0.02854920009167206
                      159        36.46922815130105        19.57814160127387        3320.729809525133        99.99974989070193      0.02854919954425306
                      160        33.28269400205194        20.35954041641029        3320.729721440366        99.99974877429457      0.02854919641137421
                      161        34.29818580479164        19.88343502053532        3320.729633546118        99.99974766029567      0.02854910076121975
                      162        35.06333182176528        19.50069311809575         3320.72954415569        99.99974652982257      0.02854904151159277
                      163        35.85525843902755        20.39643884172234        3320.729450710111        99.99974535861111      0.02854898085711532
                      164        37.56400314520705        19.70317683203225        3320.729358457142        99.99974419893429      0.02854902011866223
                      165        35.91870463963223        20.55934095759624        3320.729267898614        99.99974305476972      0.02854899373473607
                      166        34.89512244162451        19.56868148696451        3320.729178779644        99.99974192409746      0.02854902900290668
                      167         38.0775803639152         20.5219543104951        3320.729081999328        99.99974071843033      0.02854900649129011
                      168        33.61589436056208        19.86917176326739        3320.728995829112        99.99973961954808      0.02854904497583988
                      169        33.35930523963184        19.73141926463316        3320.728912577567        99.99973855097026      0.02854904382305889
                      170         38.2158647612406        20.39920675116582        3320.728813912815        99.99973732741796      0.02854909615485823
                      171        38.39565551572276        19.55022200485703        3320.728713992718        99.99973608777442      0.02854915576116568
                      172        37.21819820842132        19.93902502143575        3320.728619664122        99.99973490675401      0.02854921499680074
                      173        36.98249885701755        19.43581936438127        3320.728526351387        99.99973373391082      0.02854928418296598
                      174        36.85909483094177         19.7277452705687        3320.728435977567        99.99973259369625      0.02854925375448403
                      175        39.16657387010153        19.78837938490027        3320.728335643473         99.9997313520261       0.0285492276605579
                      176        35.69052740872836        19.96900830947339        3320.728245881458        99.99973021370741      0.02854915064849806
                      177        37.57195435074816        19.81029007648666         3320.72814887676         99.9997290037483      0.02854921781327047
                      178        37.41116306424833        19.72919430772914        3320.728054102744        99.99972781936282      0.02854912491726846
                      179        35.98796086579867        20.05056496381703        3320.727962977538        99.99972667215808      0.02854918460587541
                      180        38.52011461899143        19.55015980161388        3320.727862425571        99.99972543059869      0.02854922611324895
                      181        35.35628065853899        20.89031264488422        3320.727769896699        99.99972427093772      0.02854926824623405
                      182         35.1708840324872        20.18653807497988        3320.727680575978        99.99972314225221      0.02854934901827377
                      183        35.69718157047203        19.05501153962285        3320.727588715303        99.99972198424062      0.02854924076052345
                      184        36.67439028408617        19.16495219910903        3320.727493621909        99.99972079600388      0.02854928730056105
                      185        34.41597482575312        19.66979826362906        3320.727401325692        99.99971963645119      0.02854940240289405
                      186        37.05009625192383        19.73095569463093        3320.727307346889        99.99971845969452      0.02854945887472216
                      187        36.89011891639235        20.06773734795559        3320.727217446321         99.9997173212702      0.02854934815778698
                      188        38.05457081396035        19.21858294633791        3320.727123209896        99.99971614071984      0.02854929609113177
                      189        36.51497195440562        19.94961656819004        3320.727031342022         99.9997149836429      0.02854933616889532
                      190        31.84006852890768        19.61973660598378        3320.726949048572        99.99971392272323      0.02854921127999854
                      191         38.0697309481024        20.55437278402404        3320.726848997797        99.99971268517838      0.02854934755928795
                      192           38.76323135555        19.68569479771301        3320.726750865504        99.99971146795329       0.0285492878290281
                      193        37.38818946549755         20.1276134513219        3320.726651864733        99.99971024078766      0.02854921580967495
                      194        32.80686082531788        19.68741287881636         3320.72656925851        99.99970917747022      0.02854923300544787
                      195        36.27995970805913          19.618259579524        3320.726478169547        99.99970803005031      0.02854910448617209
                      196        35.96953363529119        19.96103270795458        3320.726387444355        99.99970688355691      0.02854903139643783
                      197        35.78201197936021        19.99391604341661        3320.726292896389        99.99970570004726        0.028548996729163
                      198        32.23605700845424        19.82602651005356        3320.726210114497        99.99970463530707      0.02854902243837865
                      199        37.37697846265953         20.3043221166489        3320.726115002493        99.99970344415414      0.02854903224727678
                      200        36.30722509591254        20.30067007325275        3320.726024912841        99.99970230769939       0.0285491376984055
                      201        36.87626616341757        19.77841062641937        3320.725934338454        99.99970116427235      0.02854918498941306
                      202        37.36352260939345         20.0116905858823        3320.725839338488        99.99969997741042      0.02854919285030277
                      203        37.47623112131716        20.08946092437417        3320.725743710144        99.99969878642386      0.02854921396153554
                      204        35.61657952884584        20.35246650324482        3320.725653265059        99.99969764321533      0.02854911545307637
                      205        35.77192669874935        19.93641722868746        3320.725558903605         99.9996964635699      0.02854888449112813
                      206        36.59518391796548        20.46592198786424        3320.725468437662        99.99969531918426      0.02854887028342823
                      207        39.97435352911346        20.21114284244703        3320.725372778439        99.99969412142998      0.02854884801619306
                      208        33.57885740693583        20.67639731044115        3320.725286232932        99.99969301897136      0.02854880394406933
                      209        36.84937771701233        20.36283157734472        3320.725195474207        99.99969187264136      0.02854886771888987
                      210        37.17939157799553        19.94729141498221        3320.725108474712        99.99969076117529      0.02854882893216093
                      211        35.32929463982355         19.9118927387071        3320.725017014476        99.99968961047909      0.02854874556667752
                      212        37.17422853091823        19.06381436689857        3320.724923772249        99.99968843873256      0.02854881003146925
                      213        33.17772748151123        19.45610833875831        3320.724832816971         99.9996872943908      0.02854889014299289
                      214        39.02422675524677        19.53459281079066        3320.724729745539        99.99968602751527      0.02854877797253597
                      215        34.09451116710373         19.5702543092079        3320.724643229565        99.99968492505992      0.02854878340349032
                      216        39.59715357055988        19.75176252786801         3320.72454641216        99.99968372067096      0.02854884140708425
                      217        38.74434482367865        19.68745091836336        3320.724448304572        99.99968250108734      0.02854895357956977
                      218        38.73348119367208        19.98942158002315        3320.724357234937        99.99968135253262      0.02854889650737036
                      219        33.90353776055921        19.60602965090158        3320.724271649557        99.99968025646281      0.02854888865798211
                      220        34.47492908752259        19.60750879419955        3320.724180730359         99.9996791081211      0.02854896889858516
                      221        36.59954218149112        19.64924281946847        3320.724092510505        99.99967798599458      0.02854899492851981
                      222        35.22166622936108        20.25033621304616        3320.724000441005        99.99967682984453      0.02854906446314054
                      223        35.56229400473165        20.69497172207148        3320.723908166799        99.99967567167184      0.02854917042833005
                      224        37.75790604283163        19.51552385575098        3320.723819224132        99.99967454266626      0.02854920569855857
                      225        38.54006700184308        20.04187944222447        3320.723719860301        99.99967331112158      0.02854927266611362
                      226        34.85837165756438        19.78939207278272        3320.723630446326        99.99967217813986      0.02854922095905366
                      227        33.14541605932617        19.71683613830373        3320.723540088512        99.99967103905644       0.0285491610179669
                      228        36.47443772115821        19.58758309122501         3320.72344830016        99.99966988205726      0.02854927146976571
                      229        33.49660545588834         19.4728356904223        3320.723365468617        99.99966881359077      0.02854915546243664
                      230        36.28782368937301        19.64165960728022        3320.723276304495        99.99966768349589      0.02854921679344535
                      231          36.248598911926        20.07095518088247        3320.723183354066        99.99966651270847      0.02854915664267921
                      232        36.26224805692817        19.80168369437001        3320.723088040779        99.99966532368512      0.02854926798621449
                      233        35.90323207071319        19.59342536432035        3320.722994323138        99.99966414747927      0.02854931328270816
                      234        36.12034079517056        20.75314825541765        3320.722901929907        99.99966298397749      0.02854929552346874
                      235        34.63403748615447        19.53063696472654         3320.72281465679        99.99966187369347      0.02854931439892283
                      236        38.06865944033355        19.44437529123075        3320.722724177218        99.99966073112707      0.02854932244273911
                      237        38.46576124894126        20.00294936757173        3320.722630662404         99.9996595574022      0.02854932939890542
                      238        35.86539579116968        20.06768240335709        3320.722537395638        99.99965838741055      0.02854928509079535
                      239        37.31492226537537        20.18496015530932          3320.7224450299        99.99965722371762      0.02854931799963545
                      240         37.7735594255721        19.97537769799636        3320.722350061399        99.99965603257186      0.02854927514949424
                      241        37.72528271379709        20.36081017070923        3320.722254642493        99.99965483975896      0.02854926658049495
                      242        37.74604252348932        19.86363829025961        3320.722163462161        99.99965368864551      0.02854939074905527
                      243        35.97923011287997        20.09289055277747        3320.722069597398        99.99965251389999       0.0285493131378447
                      244        39.19509575436734        18.90137537728047        3320.721972064323        99.99965129940838      0.02854923679301002
                      245        36.23341746910169        20.28700072003815         3320.72187931613        99.99965013384937       0.0285491764133905
                      246        36.78767205733745        20.22050554460667        3320.721786633063        99.99964896684391      0.02854919374969001
                      247        35.85938748389007        20.34888256151829        3320.721691717408        99.99964778041279      0.02854911165577789
                      248        38.15303116461308        19.89773057302019        3320.721596527147        99.99964659218412      0.02854917023661985
                      249        35.08313255336657        19.65006843245676        3320.721509278344        99.99964548043521      0.02854915850209316
                      250        37.05499874496536        19.81034637617628        3320.721421497429        99.99964436209183      0.02854906839191873
                      251        34.79104452178317        18.51015438592716        3320.721332968206        99.99964324070531      0.02854908344597629
                      252        37.16630748783931        18.90314561098184        3320.721244371465        99.99964211719282      0.02854899091666141
                      253        35.19279269124115        20.47979515426461        3320.721157593571        99.99964101270578       0.0285490848393124
                      254        35.18262475556544        20.25911403246562        3320.721067128954        99.99963986845371      0.02854907215147762
                      255        35.47470617736671        20.16086845469531        3320.720979954008        99.99963875820696      0.02854907596836753
                      256        38.41035213360193        19.88788326623906        3320.720890468967        99.99963762370341      0.02854907174907595
                      257        38.34587742485876        19.42390786912185        3320.720798738315        99.99963646609069      0.02854905500585131
                      258        34.71887255746483        19.87583507972619        3320.720711476624        99.99963535324297      0.02854901439460944
                      259         37.5463592209104        19.40345003352538        3320.720616183886        99.99963415905933      0.02854907338352186
                      260        35.58218651161368        19.57058757755439        3320.720526519939        99.99963302417832      0.02854904623055976
                      261         33.7321531179297        19.63434812049802        3320.720443292251         99.9996319529063      0.02854902931067116
                      262        35.92311722442707        19.95611378801836        3320.720346914662         99.9996307536273      0.02854894970160604
                      263        30.49235743428412        19.95803681387714        3320.720268444425        99.99962973428178      0.02854895947186797
                      264        32.80981132268066        20.31523204804652        3320.720177414686        99.99962858765801      0.02854892929055275
                      265        36.13058604501262        19.41013193173437         3320.72008417914        99.99962741853588      0.02854886337899654
                      266        34.82499920095619         19.7371089448638        3320.719996408709        99.99962630122464      0.02854899078725204
                      267        36.38330334017278         20.1811477676915        3320.719902169005        99.99962512406432      0.02854906968729409
                      268        37.35325031618741        20.13702224179159        3320.719805232147        99.99962392246043      0.02854910357048457
                      269        37.58194323119692         19.2690563202671        3320.719711925117        99.99962275047555      0.02854905185147061
                      270        36.38514338906712        19.15518230839966         3320.71962005388        99.99962159491211      0.02854908347028129
                      271         34.6516960980918        21.09285462204069        3320.719529862906        99.99962045379871      0.02854910176264269
                      272        36.66445196512927        20.42604077514466        3320.719436192923        99.99961928013801      0.02854904464687635
                      273        35.22563858567469        19.40679371745201        3320.719346353362        99.99961814664897      0.02854894903360972
                      274         36.7609620537188        20.49787580681704          3320.7192521626        99.99961696557489      0.02854900919493808
                      275        36.27386862252082        19.13176828524843        3320.719161491775        99.99961582041874      0.02854898311157328
                      276        35.55598156566371        19.14708648486145         3320.71906974473        99.99961466852021      0.02854898988970156
                      277        36.67148783380421         19.9111897773531        3320.718982352651        99.99961355644707      0.02854903244125939
                      278        38.56527455419349        19.86777965114057        3320.718886270507        99.99961235900032      0.02854906619763753
                      279        33.76992728183961        20.11778636531949        3320.718798849861         99.9996112471551      0.02854907314388655
                      280        37.05317380732442        20.82267229698354        3320.718706255991        99.99961008101786       0.0285491591919218
                      281        34.78605223857566        19.61343250833372        3320.718616585195        99.99960894528412      0.02854911805766136
                      282        37.48443259124195        20.19939553807454        3320.718525487164        99.99960779504812      0.02854926693449666
                      283        37.66944801077269        19.90368337847964        3320.718430985234        99.99960661059194      0.02854921459272619
                      284        35.76581189657929        20.39111416663143        3320.718338609078        99.99960545141111      0.02854927311033961
                      285        34.48360804589949        20.23967593657042        3320.718247803101         99.9996043071141      0.02854921420960421
                      286        36.65411732658529        20.02941197274519        3320.718155186014         99.9996031447705      0.02854915181527318
                      287        35.30212243720756         19.4307692301447        3320.718067283499        99.99960202763413      0.02854910620987194
                      288        36.22880522598924        19.79960790691873        3320.717979026356        99.99960090641379      0.02854905940302044
                      289        35.89607627248021        19.85190705449809        3320.717892599211        99.99959980161178      0.02854907259830686
                      290        35.99696947465385        19.65750485313945        3320.717803657035        99.99959867400315      0.02854911355492451
                      291        38.38181028496094        19.96577751666177        3320.717706855213        99.99959746789673      0.02854913081824506
                      292        36.60911851920956        20.95603790875457        3320.717616212752        99.99959632113311      0.02854916271783559
                      293        37.48506883444029        19.62117952652923        3320.717522895051        99.99959514826072      0.02854921356236062
                      294        34.52104078870673        20.47729988543562        3320.717432542437        99.99959400915822      0.02854916442673838
                      295        36.51980513888675        19.58225367748164        3320.717339950615        99.99959284598174      0.02854923187468472
                      296        38.12700688103848         19.6157867992293        3320.717243537452        99.99959164305109      0.02854925074818482
                      297        35.96262374249951        20.28738589254187        3320.717150068302          99.999590468195      0.02854925127189922
                      298        33.11135306952148        19.94036922113634        3320.717062300905        99.99958935652299      0.02854920865550259
                      299        33.49993997843557        19.85889542282395        3320.716972596783        99.99958822417092      0.02854927337909352
                      300        37.50672803457323        19.73535952526255        3320.716877689039        99.99958703810537      0.02854916966834509

Final average n0: 36.20967532509309
Final fluctuations n0: 20.00180023474818

Averages:
37.77577619712249
34.94923303844956
35.40203504607989
36.15016037238558
33.26350506910026
37.10123319508244
34.91147859936103
36.03846758895413
37.48064758733594
38.09638836813816
35.73467980636707
35.77602664808995
39.61699553145547
36.97961868183921
35.12089688661263
37.15228738736377
37.7759676499904
37.04071253306554
37.76345034975837
38.30261839979158
36.05865854410005
37.17010188240457
36.0108155940698
33.88793172431639
35.63123320554933
35.50651786068558
36.53624171721016
36.59979322203363
36.17157611100917
37.64346779104982
39.51493118593172
34.41134877649059
34.97402175203864
36.78811805552736
39.23560923225952
35.36898812145814
37.62866397942224
37.03653228947677
36.72935748218429
35.75367846831491
38.7982854651269
34.53982878869881
37.61951150231042
37.72984643142924
35.80578933035294
37.91734440365425
37.61143866097616
34.35126264678162
37.20032028215267
34.61238817363962
34.41027650508195
35.77226185224161
36.56525517336433
37.37894834074782
35.02647652284196
33.31925691613045
34.96428887398179
37.25665744756095
35.81936630312723
31.94565786374627
33.26841021773901
33.38822307361824
36.67019344618141
40.16672296669262
38.16297702918438
36.60805449413256
35.64435118984571
35.64826174779684
32.86297541428439
36.00512800788628
37.53490269826346
39.31135098124155
39.37796592934658
35.71786975914115
37.50721940638833
35.52512085786243
34.97584113310742
38.39716647032488
35.21590506410052
36.48255215781625
35.52980515172271
37.75077647297674
38.06252531307607
38.19202757162261
36.783982592887
33.74648443861285
33.64095537594384
36.70288015465085
31.88087495563507
37.51868740714673
39.09459405792169
35.61514261422547
35.25987178893546
35.67634023292057
35.2440806978843
35.07995564722983
36.49657226810552
38.69033194787632
36.0571350617476
36.11176335407983
35.79873552458308
37.51045733699015
30.32927727606869
36.04530070670266
35.54531559346323
35.20271811726303
33.51079074414572
36.75094794582061
34.56236992350203
38.59813056450604
36.88979998842292
35.00437225485519
37.85539356279765
37.66389307562652
36.95033010762198
34.15958666629274
35.00016480601086
37.66468596293252
37.23754247254881
36.26018939121914
36.48566801809869
35.52448807856008
37.80338545340204
36.08313266373737
34.2279540028613
37.60066108167054
37.89063817828362
36.03848391623549
35.67188869535753
35.58607743004629
37.63397287064057
36.23831390994786
36.68232641849968
35.23192391278963
36.12979665350982
35.2606206203804
37.13502851677602
35.18521787638748
35.08927834328195
38.92605401818142
39.57755081059058
35.88599505895579
37.35368353632293
36.44232649397491
34.26389612101623
33.41739385329753
36.37430090503534
36.0364891701458
35.3066237991443
40.21047602025644
32.96124930942924
37.11118456042602
36.41595519835086
32.85423986405641
35.48774789947966
33.68191402599238
37.5105142141467
33.47721569932193
36.46922815130105
33.28269400205194
34.29818580479164
35.06333182176528
35.85525843902755
37.56400314520705
35.91870463963223
34.89512244162451
38.0775803639152
33.61589436056208
33.35930523963184
38.2158647612406
38.39565551572276
37.21819820842132
36.98249885701755
36.85909483094177
39.16657387010153
35.69052740872836
37.57195435074816
37.41116306424833
35.98796086579867
38.52011461899143
35.35628065853899
35.1708840324872
35.69718157047203
36.67439028408617
34.41597482575312
37.05009625192383
36.89011891639235
38.05457081396035
36.51497195440562
31.84006852890768
38.0697309481024
38.76323135555
37.38818946549755
32.80686082531788
36.27995970805913
35.96953363529119
35.78201197936021
32.23605700845424
37.37697846265953
36.30722509591254
36.87626616341757
37.36352260939345
37.47623112131716
35.61657952884584
35.77192669874935
36.59518391796548
39.97435352911346
33.57885740693583
36.84937771701233
37.17939157799553
35.32929463982355
37.17422853091823
33.17772748151123
39.02422675524677
34.09451116710373
39.59715357055988
38.74434482367865
38.73348119367208
33.90353776055921
34.47492908752259
36.59954218149112
35.22166622936108
35.56229400473165
37.75790604283163
38.54006700184308
34.85837165756438
33.14541605932617
36.47443772115821
33.49660545588834
36.28782368937301
36.248598911926
36.26224805692817
35.90323207071319
36.12034079517056
34.63403748615447
38.06865944033355
38.46576124894126
35.86539579116968
37.31492226537537
37.7735594255721
37.72528271379709
37.74604252348932
35.97923011287997
39.19509575436734
36.23341746910169
36.78767205733745
35.85938748389007
38.15303116461308
35.08313255336657
37.05499874496536
34.79104452178317
37.16630748783931
35.19279269124115
35.18262475556544
35.47470617736671
38.41035213360193
38.34587742485876
34.71887255746483
37.5463592209104
35.58218651161368
33.7321531179297
35.92311722442707
30.49235743428412
32.80981132268066
36.13058604501262
34.82499920095619
36.38330334017278
37.35325031618741
37.58194323119692
36.38514338906712
34.6516960980918
36.66445196512927
35.22563858567469
36.7609620537188
36.27386862252082
35.55598156566371
36.67148783380421
38.56527455419349
33.76992728183961
37.05317380732442
34.78605223857566
37.48443259124195
37.66944801077269
35.76581189657929
34.48360804589949
36.65411732658529
35.30212243720756
36.22880522598924
35.89607627248021
35.99696947465385
38.38181028496094
36.60911851920956
37.48506883444029
34.52104078870673
36.51980513888675
38.12700688103848
35.96262374249951
33.11135306952148
33.49993997843557
37.50672803457323

Fluctuations:
18.84322026987007
20.47777358589016
20.12267299685569
20.04267214931301
19.69872368742604
19.99401578691208
20.26920351644228
20.52608733437368
20.32612349347261
20.14978325000422
19.56566040183766
20.03228882045711
19.41057837800532
20.07007495626989
20.16970629338858
20.57380893719254
20.16028375386974
19.71252337925201
19.21666957286629
19.79730725838145
19.52751576524382
20.44465143693208
19.7159088075284
19.97423076587484
19.78134827596617
18.87771214518475
20.16809391709579
20.21085610006991
19.41711464616952
20.11767631799226
18.97829515333507
19.9187759401156
19.99544709759587
19.24973816720498
19.51071647228344
20.16840882665757
19.51777193925187
20.11971214234825
20.60425241916654
20.67017001286483
19.78062551705517
20.57369408717421
20.20215337843518
19.064138990593
19.37039700167136
20.04024670740007
19.55767617839252
19.47955009798562
19.15639979519015
20.76558800371498
20.41077176160514
20.66966694353861
20.27682754791185
20.02857775142092
20.43758781530052
19.31267141644063
19.42017938358
20.13944142874978
19.74892919803196
19.74221696933904
19.86407805949706
20.17406365844277
20.23107817325577
19.54733257696815
19.78807229780766
20.47920129508183
20.18459837268339
19.68777524478222
20.9019525025904
20.45337603139414
19.89894621192417
20.10271659410819
19.40085182140317
20.33270180140002
19.86883824900369
20.13733926782364
19.92394425208023
19.39122078128315
20.09880224512418
19.53778930950523
19.84952129953739
19.39318625870794
19.59998008739339
19.01044013447538
19.98846115691817
20.0092323012945
20.11264429607326
20.2493456351248
20.51655672276723
20.7321367889088
20.52735722884677
20.32341626322159
19.97221118257232
19.62423667999163
20.49048191872302
19.63953003594329
19.32512763095579
19.29234423656256
19.34873483705147
19.9708356755469
19.95664000176538
20.01556191333042
20.0080749915512
20.02159088505604
19.5600926295978
20.41178171848519
18.8261313033501
19.91829056651005
19.90383974167885
19.61135732992398
20.16872692564372
20.33896945972456
20.43294085617867
18.95247449089829
20.16652608359076
20.2776442144815
20.92306548178924
19.59723635832568
20.05282238527796
20.12517875013042
19.32905736684497
19.61786881437424
20.47538509665248
20.1763435216492
20.12287380331357
20.84715502549432
19.49009095810624
20.73831645867271
19.86877449797855
19.87952031501015
20.8431570608502
18.9277475996581
20.34746058662314
19.27353241060133
20.33807546542172
19.93098296840292
19.73690694080224
20.13716034825682
19.2933288283275
19.48335336704649
19.95032714496371
20.01042278011349
18.79552741275423
20.23779898463128
20.73208030813627
19.48450850627964
19.95413263069782
19.85578721845829
20.29424611394014
20.21114414469954
20.11750187402545
20.25732013795054
20.18104636943567
20.39060954652111
20.81115124254022
19.83381310545535
20.72406481499184
20.46214285657566
19.57814160127387
20.35954041641029
19.88343502053532
19.50069311809575
20.39643884172234
19.70317683203225
20.55934095759624
19.56868148696451
20.5219543104951
19.86917176326739
19.73141926463316
20.39920675116582
19.55022200485703
19.93902502143575
19.43581936438127
19.7277452705687
19.78837938490027
19.96900830947339
19.81029007648666
19.72919430772914
20.05056496381703
19.55015980161388
20.89031264488422
20.18653807497988
19.05501153962285
19.16495219910903
19.66979826362906
19.73095569463093
20.06773734795559
19.21858294633791
19.94961656819004
19.61973660598378
20.55437278402404
19.68569479771301
20.1276134513219
19.68741287881636
19.618259579524
19.96103270795458
19.99391604341661
19.82602651005356
20.3043221166489
20.30067007325275
19.77841062641937
20.0116905858823
20.08946092437417
20.35246650324482
19.93641722868746
20.46592198786424
20.21114284244703
20.67639731044115
20.36283157734472
19.94729141498221
19.9118927387071
19.06381436689857
19.45610833875831
19.53459281079066
19.5702543092079
19.75176252786801
19.68745091836336
19.98942158002315
19.60602965090158
19.60750879419955
19.64924281946847
20.25033621304616
20.69497172207148
19.51552385575098
20.04187944222447
19.78939207278272
19.71683613830373
19.58758309122501
19.4728356904223
19.64165960728022
20.07095518088247
19.80168369437001
19.59342536432035
20.75314825541765
19.53063696472654
19.44437529123075
20.00294936757173
20.06768240335709
20.18496015530932
19.97537769799636
20.36081017070923
19.86363829025961
20.09289055277747
18.90137537728047
20.28700072003815
20.22050554460667
20.34888256151829
19.89773057302019
19.65006843245676
19.81034637617628
18.51015438592716
18.90314561098184
20.47979515426461
20.25911403246562
20.16086845469531
19.88788326623906
19.42390786912185
19.87583507972619
19.40345003352538
19.57058757755439
19.63434812049802
19.95611378801836
19.95803681387714
20.31523204804652
19.41013193173437
19.7371089448638
20.1811477676915
20.13702224179159
19.2690563202671
19.15518230839966
21.09285462204069
20.42604077514466
19.40679371745201
20.49787580681704
19.13176828524843
19.14708648486145
19.9111897773531
19.86777965114057
20.11778636531949
20.82267229698354
19.61343250833372
20.19939553807454
19.90368337847964
20.39111416663143
20.23967593657042
20.02941197274519
19.4307692301447
19.79960790691873
19.85190705449809
19.65750485313945
19.96577751666177
20.95603790875457
19.62117952652923
20.47729988543562
19.58225367748164
19.6157867992293
20.28738589254187
19.94036922113634
19.85889542282395
19.73535952526255

Last point and parameters for further simulation:
100
6
0.25
contact

-1.094818625551175
0.08373357210298545
0.1477613070407589
-0.7778663887094839
4.581149007225293
-4.194858337630726
-0.1406117697501949
3.946007280927526
2.914251386765635
0.3233574179087969
0.1615794466596261
1.721618090291305
0.8971257227328179
0.1193496010188625
-1.118332299546863
-0.3982365003141503
-1.164037046130739
1.194495998649615
-2.216230210939552
1.003037022128332
3.261079475876837
3.15447914946246
-0.3556066621699964
-0.09076026898295229
-0.7631486928786405
0.4179285015949911

Final quantities:
36.20967532509309
20.00180023474818
