-0.0018314580946437785 1 [-15.0076, -11.5094, -8.12716]
find opposite
-0.003662916189287557 1 [-35.2239, -32.2815, -28.9179]
-0.007325832378575114 -1 [-93.3824, -103.985, -104.149]
find 0
-0.005494374283931336 0 [-62.2567, -64.3938, -61.8697]
find lower bound
-0.006410103331253225 0 [-77.5323, -83.6116, -82.1639]
-0.00686796785491417 0 [-85.3993, -93.686, -92.9561]
-0.0070969001167446415 0 [-89.3806, -98.8033, -98.5689]
-0.007211366247659877 0 [-91.3704, -101.409, -101.285]
-0.007268599313117496 0 [-92.3727, -102.71, -102.676]
-0.0072972158458463054 -1 [-92.8681, -103.359, -103.385]
-0.007282907579481901 -1 [-92.6123, -103.017, -103.078]
-0.007275753446299698 -1 [-92.502, -102.875, -102.95]
-0.007272176379708597 -1 [-92.4254, -102.775, -102.848]
-0.007270387846413047 -1 [-92.4014, -102.754, -102.766]
-0.0072694935797652715 -1 [-92.3758, -102.725, -102.854]
-0.007269046446441383 0 [-92.3867, -102.713, -102.706]
find upper bound
-0.0045786452366094466 1 [-47.9016, -46.8894, -43.7274]
-0.0050365097602703916 0 [-54.9201, -55.4036, -52.3927]
-0.004807577498439919 1 [-51.3577, -51.1065, -47.9771]
-0.004922043629355156 0 [-53.1268, -53.2358, -50.1837]
-0.004864810563897537 1 [-52.2499, -52.1568, -49.0224]
-0.004893427096626346 1 [-52.6874, -52.6816, -49.667]
-0.004907735362990751 0 [-52.9102, -52.9507, -49.9482]
-0.004900581229808548 0 [-52.7671, -52.7884, -49.7832]
-0.004897004163217447 1 [-52.7463, -52.7254, -49.7519]
-0.004898792696512997 0 [-52.739, -52.7728, -49.8317]
-0.004897898429865223 1 [-52.7417, -52.7338, -49.7311]
-0.00489834556318911 1 [-52.756, -52.7538, -49.7484]
(-0.007269046446441383, -0.004898792696512997)
-0.00608391957147719
