-0.0012561012385195434 1 [24.8144, 28.0523, 31.7691]
find opposite
-0.002512202477039087 1 [11.8735, 15.6735, 18.4779]
-0.005024404954078174 1 [-24.2481, -20.6614, -17.7164]
-0.010048809908156348 1 [-152.102, -148.925, -145.091]
-0.020097619816312695 1 [-502.74, -499.058, -495.597]
-0.04019523963262539 1 [-1390.11, -1386.61, -1383.67]
-0.08039047926525078 -1 [-3500.53, -3505.66, -3506.16]
find 0
-0.060292859448938085 1 [-2408.52, -2407.88, -2405.52]
-0.07034166935709443 0 [-2947.45, -2948.92, -2947.9]
find lower bound
-0.0753660743111726 -1 [-3222.46, -3225.47, -3225.75]
-0.07285387183413353 0 [-3084.65, -3086.44, -3086.27]
-0.07410997307265307 0 [-3153.37, -3156.3, -3155.57]
-0.07473802369191285 0 [-3188.1, -3190.88, -3190.47]
-0.07505204900154272 0 [-3205.17, -3207.89, -3207.7]
-0.07520906165635766 0 [-3213.96, -3216.89, -3216.6]
-0.07528756798376512 0 [-3218.24, -3221.15, -3220.83]
-0.07532682114746886 -1 [-3220.23, -3223.04, -3223.64]
-0.07530719456561699 -1 [-3219.15, -3222.03, -3222.17]
-0.07529738127469106 0 [-3218.69, -3221.59, -3221.51]
-0.07530228792015403 -1 [-3218.96, -3221.64, -3221.98]
-0.07529983459742254 0 [-3218.87, -3221.7, -3221.69]
find upper bound
-0.06531726440301626 0 [-2676.21, -2676.29, -2674.5]
-0.06280506192597718 1 [-2541.62, -2541.21, -2539.52]
-0.06406116316449673 0 [-2608.62, -2608.73, -2606.91]
-0.06343311254523695 1 [-2575.1, -2574.87, -2573.02]
-0.06374713785486684 1 [-2592.11, -2591.66, -2589.77]
-0.06390415050968179 1 [-2600.27, -2600.08, -2598.29]
-0.06398265683708926 1 [-2604.49, -2604.46, -2602.75]
-0.06402191000079299 1 [-2606.67, -2606.49, -2604.72]
-0.06404153658264486 0 [-2607.77, -2607.93, -2605.79]
-0.06403172329171893 0 [-2607.05, -2607.37, -2605.37]
-0.06402681664625595 1 [-2606.73, -2606.7, -2605.06]
-0.06402926996898745 0 [-2606.9, -2606.91, -2605.13]
(-0.07529983459742254, -0.06402926996898745)
-0.06966455228320499
