-0.0018255380098888636 1 [13.0261, 15.9673, 19.6218]
find opposite
-0.0036510760197777273 1 [-8.0948, -4.46288, -1.01296]
-0.0073021520395554545 1 [-83.3154, -80.5691, -76.5301]
-0.014604304079110909 1 [-306.318, -302.81, -299.255]
-0.029208608158221818 1 [-889.0, -885.879, -882.171]
-0.058417216316443636 -1 [-2303.09, -2308.55, -2309.75]
find 0
-0.043812912237332725 1 [-1568.79, -1568.29, -1566.0]
-0.05111506427688818 0 [-1930.64, -1932.93, -1931.95]
find lower bound
-0.054766140296665905 0 [-2115.66, -2119.44, -2119.43]
-0.056591678306554774 -1 [-2208.95, -2213.7, -2214.59]
-0.05567890930161034 -1 [-2162.41, -2166.52, -2167.29]
-0.055222524799138126 -1 [-2138.9, -2143.07, -2143.3]
-0.054994332547902015 -1 [-2127.28, -2131.35, -2131.51]
-0.05488023642228396 0 [-2121.45, -2125.33, -2125.27]
-0.05493728448509298 -1 [-2124.36, -2128.26, -2128.35]
-0.05490876045368847 0 [-2123.09, -2126.95, -2126.91]
-0.05492302246939072 0 [-2123.98, -2127.54, -2127.46]
-0.05493015347724185 -1 [-2123.97, -2127.65, -2128.17]
-0.05492658797331629 -1 [-2123.85, -2127.76, -2127.93]
-0.054924805221353505 0 [-2123.87, -2127.64, -2127.61]
find upper bound
-0.04746398825711046 0 [-1748.41, -1749.01, -1747.48]
-0.04563845024722159 1 [-1658.21, -1658.16, -1656.38]
-0.04655121925216602 0 [-1702.97, -1703.54, -1701.84]
-0.04609483474969381 0 [-1680.7, -1680.88, -1679.02]
-0.0458666424984577 1 [-1669.5, -1669.47, -1667.86]
-0.045980738624075757 0 [-1675.09, -1675.16, -1673.2]
-0.04592369056126673 0 [-1672.15, -1672.48, -1670.41]
-0.04589516652986221 0 [-1670.87, -1670.94, -1668.85]
-0.04588090451415995 1 [-1670.29, -1670.22, -1668.23]
-0.04588803552201108 0 [-1670.34, -1670.39, -1668.56]
-0.045884470018085516 0 [-1670.18, -1670.48, -1668.49]
-0.04588268726612273 0 [-1670.38, -1670.56, -1668.32]
(-0.054924805221353505, -0.04588268726612273)
-0.05040374624373812
